[2024-02-09T18:11:37.644+0000] {processor.py:153} INFO - Started process (PID=69) to work on /home/airflow/.local/lib/python3.7/site-packages/airflow/example_dags/example_skip_dag.py
[2024-02-09T18:11:37.644+0000] {processor.py:743} INFO - Processing file /home/airflow/.local/lib/python3.7/site-packages/airflow/example_dags/example_skip_dag.py for tasks to queue
[2024-02-09T18:11:37.645+0000] {logging_mixin.py:137} INFO - [2024-02-09T18:11:37.645+0000] {dagbag.py:538} INFO - Filling up the DagBag from /home/airflow/.local/lib/python3.7/site-packages/airflow/example_dags/example_skip_dag.py
[2024-02-09T18:11:37.655+0000] {processor.py:753} INFO - DAG(s) dict_keys(['example_skip_dag']) retrieved from /home/airflow/.local/lib/python3.7/site-packages/airflow/example_dags/example_skip_dag.py
[2024-02-09T18:11:37.663+0000] {logging_mixin.py:137} INFO - [2024-02-09T18:11:37.663+0000] {dag.py:2690} INFO - Sync 1 DAGs
[2024-02-09T18:11:37.680+0000] {logging_mixin.py:137} INFO - [2024-02-09T18:11:37.680+0000] {dag.py:3441} INFO - Setting next_dagrun for example_skip_dag to 2024-02-08T18:11:37.679960+00:00, run_after=2024-02-09T18:11:37.679960+00:00
[2024-02-09T18:11:37.693+0000] {processor.py:175} INFO - Processing /home/airflow/.local/lib/python3.7/site-packages/airflow/example_dags/example_skip_dag.py took 0.052 seconds
[2024-02-09T18:12:08.196+0000] {processor.py:153} INFO - Started process (PID=204) to work on /home/airflow/.local/lib/python3.7/site-packages/airflow/example_dags/example_skip_dag.py
[2024-02-09T18:12:08.197+0000] {processor.py:743} INFO - Processing file /home/airflow/.local/lib/python3.7/site-packages/airflow/example_dags/example_skip_dag.py for tasks to queue
[2024-02-09T18:12:08.197+0000] {logging_mixin.py:137} INFO - [2024-02-09T18:12:08.197+0000] {dagbag.py:538} INFO - Filling up the DagBag from /home/airflow/.local/lib/python3.7/site-packages/airflow/example_dags/example_skip_dag.py
[2024-02-09T18:12:08.205+0000] {processor.py:753} INFO - DAG(s) dict_keys(['example_skip_dag']) retrieved from /home/airflow/.local/lib/python3.7/site-packages/airflow/example_dags/example_skip_dag.py
[2024-02-09T18:12:08.220+0000] {logging_mixin.py:137} INFO - [2024-02-09T18:12:08.220+0000] {dag.py:2690} INFO - Sync 1 DAGs
[2024-02-09T18:12:08.235+0000] {logging_mixin.py:137} INFO - [2024-02-09T18:12:08.235+0000] {dag.py:3441} INFO - Setting next_dagrun for example_skip_dag to 2024-02-08T18:12:08.234940+00:00, run_after=2024-02-09T18:12:08.234940+00:00
[2024-02-09T18:12:08.247+0000] {processor.py:175} INFO - Processing /home/airflow/.local/lib/python3.7/site-packages/airflow/example_dags/example_skip_dag.py took 0.052 seconds
[2024-02-09T18:12:38.873+0000] {processor.py:153} INFO - Started process (PID=307) to work on /home/airflow/.local/lib/python3.7/site-packages/airflow/example_dags/example_skip_dag.py
[2024-02-09T18:12:38.873+0000] {processor.py:743} INFO - Processing file /home/airflow/.local/lib/python3.7/site-packages/airflow/example_dags/example_skip_dag.py for tasks to queue
[2024-02-09T18:12:38.874+0000] {logging_mixin.py:137} INFO - [2024-02-09T18:12:38.874+0000] {dagbag.py:538} INFO - Filling up the DagBag from /home/airflow/.local/lib/python3.7/site-packages/airflow/example_dags/example_skip_dag.py
[2024-02-09T18:12:38.882+0000] {processor.py:753} INFO - DAG(s) dict_keys(['example_skip_dag']) retrieved from /home/airflow/.local/lib/python3.7/site-packages/airflow/example_dags/example_skip_dag.py
[2024-02-09T18:12:38.903+0000] {logging_mixin.py:137} INFO - [2024-02-09T18:12:38.903+0000] {dag.py:2690} INFO - Sync 1 DAGs
[2024-02-09T18:12:38.920+0000] {logging_mixin.py:137} INFO - [2024-02-09T18:12:38.919+0000] {dag.py:3441} INFO - Setting next_dagrun for example_skip_dag to 2024-02-08T18:12:38.919769+00:00, run_after=2024-02-09T18:12:38.919769+00:00
[2024-02-09T18:12:38.932+0000] {processor.py:175} INFO - Processing /home/airflow/.local/lib/python3.7/site-packages/airflow/example_dags/example_skip_dag.py took 0.061 seconds
[2024-02-09T18:13:09.562+0000] {processor.py:153} INFO - Started process (PID=441) to work on /home/airflow/.local/lib/python3.7/site-packages/airflow/example_dags/example_skip_dag.py
[2024-02-09T18:13:09.563+0000] {processor.py:743} INFO - Processing file /home/airflow/.local/lib/python3.7/site-packages/airflow/example_dags/example_skip_dag.py for tasks to queue
[2024-02-09T18:13:09.563+0000] {logging_mixin.py:137} INFO - [2024-02-09T18:13:09.563+0000] {dagbag.py:538} INFO - Filling up the DagBag from /home/airflow/.local/lib/python3.7/site-packages/airflow/example_dags/example_skip_dag.py
[2024-02-09T18:13:09.571+0000] {processor.py:753} INFO - DAG(s) dict_keys(['example_skip_dag']) retrieved from /home/airflow/.local/lib/python3.7/site-packages/airflow/example_dags/example_skip_dag.py
[2024-02-09T18:13:09.585+0000] {logging_mixin.py:137} INFO - [2024-02-09T18:13:09.584+0000] {dag.py:2690} INFO - Sync 1 DAGs
[2024-02-09T18:13:09.599+0000] {logging_mixin.py:137} INFO - [2024-02-09T18:13:09.599+0000] {dag.py:3441} INFO - Setting next_dagrun for example_skip_dag to 2024-02-08T18:13:09.598995+00:00, run_after=2024-02-09T18:13:09.598995+00:00
[2024-02-09T18:13:09.610+0000] {processor.py:175} INFO - Processing /home/airflow/.local/lib/python3.7/site-packages/airflow/example_dags/example_skip_dag.py took 0.049 seconds
[2024-02-09T18:13:40.082+0000] {processor.py:153} INFO - Started process (PID=576) to work on /home/airflow/.local/lib/python3.7/site-packages/airflow/example_dags/example_skip_dag.py
[2024-02-09T18:13:40.083+0000] {processor.py:743} INFO - Processing file /home/airflow/.local/lib/python3.7/site-packages/airflow/example_dags/example_skip_dag.py for tasks to queue
[2024-02-09T18:13:40.083+0000] {logging_mixin.py:137} INFO - [2024-02-09T18:13:40.083+0000] {dagbag.py:538} INFO - Filling up the DagBag from /home/airflow/.local/lib/python3.7/site-packages/airflow/example_dags/example_skip_dag.py
[2024-02-09T18:13:40.091+0000] {processor.py:753} INFO - DAG(s) dict_keys(['example_skip_dag']) retrieved from /home/airflow/.local/lib/python3.7/site-packages/airflow/example_dags/example_skip_dag.py
[2024-02-09T18:13:40.105+0000] {logging_mixin.py:137} INFO - [2024-02-09T18:13:40.105+0000] {dag.py:2690} INFO - Sync 1 DAGs
[2024-02-09T18:13:40.119+0000] {logging_mixin.py:137} INFO - [2024-02-09T18:13:40.119+0000] {dag.py:3441} INFO - Setting next_dagrun for example_skip_dag to 2024-02-08T18:13:40.119173+00:00, run_after=2024-02-09T18:13:40.119173+00:00
[2024-02-09T18:13:40.129+0000] {processor.py:175} INFO - Processing /home/airflow/.local/lib/python3.7/site-packages/airflow/example_dags/example_skip_dag.py took 0.049 seconds
[2024-02-09T18:14:10.610+0000] {processor.py:153} INFO - Started process (PID=688) to work on /home/airflow/.local/lib/python3.7/site-packages/airflow/example_dags/example_skip_dag.py
[2024-02-09T18:14:10.611+0000] {processor.py:743} INFO - Processing file /home/airflow/.local/lib/python3.7/site-packages/airflow/example_dags/example_skip_dag.py for tasks to queue
[2024-02-09T18:14:10.611+0000] {logging_mixin.py:137} INFO - [2024-02-09T18:14:10.611+0000] {dagbag.py:538} INFO - Filling up the DagBag from /home/airflow/.local/lib/python3.7/site-packages/airflow/example_dags/example_skip_dag.py
[2024-02-09T18:14:10.619+0000] {processor.py:753} INFO - DAG(s) dict_keys(['example_skip_dag']) retrieved from /home/airflow/.local/lib/python3.7/site-packages/airflow/example_dags/example_skip_dag.py
[2024-02-09T18:14:10.633+0000] {logging_mixin.py:137} INFO - [2024-02-09T18:14:10.633+0000] {dag.py:2690} INFO - Sync 1 DAGs
[2024-02-09T18:14:10.649+0000] {logging_mixin.py:137} INFO - [2024-02-09T18:14:10.649+0000] {dag.py:3441} INFO - Setting next_dagrun for example_skip_dag to 2024-02-08T18:14:10.649147+00:00, run_after=2024-02-09T18:14:10.649147+00:00
[2024-02-09T18:14:10.659+0000] {processor.py:175} INFO - Processing /home/airflow/.local/lib/python3.7/site-packages/airflow/example_dags/example_skip_dag.py took 0.051 seconds
[2024-02-09T18:14:41.215+0000] {processor.py:153} INFO - Started process (PID=814) to work on /home/airflow/.local/lib/python3.7/site-packages/airflow/example_dags/example_skip_dag.py
[2024-02-09T18:14:41.216+0000] {processor.py:743} INFO - Processing file /home/airflow/.local/lib/python3.7/site-packages/airflow/example_dags/example_skip_dag.py for tasks to queue
[2024-02-09T18:14:41.216+0000] {logging_mixin.py:137} INFO - [2024-02-09T18:14:41.216+0000] {dagbag.py:538} INFO - Filling up the DagBag from /home/airflow/.local/lib/python3.7/site-packages/airflow/example_dags/example_skip_dag.py
[2024-02-09T18:14:41.223+0000] {processor.py:753} INFO - DAG(s) dict_keys(['example_skip_dag']) retrieved from /home/airflow/.local/lib/python3.7/site-packages/airflow/example_dags/example_skip_dag.py
[2024-02-09T18:14:41.237+0000] {logging_mixin.py:137} INFO - [2024-02-09T18:14:41.237+0000] {dag.py:2690} INFO - Sync 1 DAGs
[2024-02-09T18:14:41.252+0000] {logging_mixin.py:137} INFO - [2024-02-09T18:14:41.252+0000] {dag.py:3441} INFO - Setting next_dagrun for example_skip_dag to 2024-02-08T18:14:41.251995+00:00, run_after=2024-02-09T18:14:41.251995+00:00
[2024-02-09T18:14:41.264+0000] {processor.py:175} INFO - Processing /home/airflow/.local/lib/python3.7/site-packages/airflow/example_dags/example_skip_dag.py took 0.051 seconds
[2024-02-09T18:15:11.801+0000] {processor.py:153} INFO - Started process (PID=950) to work on /home/airflow/.local/lib/python3.7/site-packages/airflow/example_dags/example_skip_dag.py
[2024-02-09T18:15:11.801+0000] {processor.py:743} INFO - Processing file /home/airflow/.local/lib/python3.7/site-packages/airflow/example_dags/example_skip_dag.py for tasks to queue
[2024-02-09T18:15:11.802+0000] {logging_mixin.py:137} INFO - [2024-02-09T18:15:11.802+0000] {dagbag.py:538} INFO - Filling up the DagBag from /home/airflow/.local/lib/python3.7/site-packages/airflow/example_dags/example_skip_dag.py
[2024-02-09T18:15:11.809+0000] {processor.py:753} INFO - DAG(s) dict_keys(['example_skip_dag']) retrieved from /home/airflow/.local/lib/python3.7/site-packages/airflow/example_dags/example_skip_dag.py
[2024-02-09T18:15:11.828+0000] {logging_mixin.py:137} INFO - [2024-02-09T18:15:11.828+0000] {dag.py:2690} INFO - Sync 1 DAGs
[2024-02-09T18:15:11.846+0000] {logging_mixin.py:137} INFO - [2024-02-09T18:15:11.846+0000] {dag.py:3441} INFO - Setting next_dagrun for example_skip_dag to 2024-02-08T18:15:11.845873+00:00, run_after=2024-02-09T18:15:11.845873+00:00
[2024-02-09T18:15:11.857+0000] {processor.py:175} INFO - Processing /home/airflow/.local/lib/python3.7/site-packages/airflow/example_dags/example_skip_dag.py took 0.058 seconds
[2024-02-09T18:15:42.294+0000] {processor.py:153} INFO - Started process (PID=1062) to work on /home/airflow/.local/lib/python3.7/site-packages/airflow/example_dags/example_skip_dag.py
[2024-02-09T18:15:42.294+0000] {processor.py:743} INFO - Processing file /home/airflow/.local/lib/python3.7/site-packages/airflow/example_dags/example_skip_dag.py for tasks to queue
[2024-02-09T18:15:42.295+0000] {logging_mixin.py:137} INFO - [2024-02-09T18:15:42.295+0000] {dagbag.py:538} INFO - Filling up the DagBag from /home/airflow/.local/lib/python3.7/site-packages/airflow/example_dags/example_skip_dag.py
[2024-02-09T18:15:42.303+0000] {processor.py:753} INFO - DAG(s) dict_keys(['example_skip_dag']) retrieved from /home/airflow/.local/lib/python3.7/site-packages/airflow/example_dags/example_skip_dag.py
[2024-02-09T18:15:42.318+0000] {logging_mixin.py:137} INFO - [2024-02-09T18:15:42.318+0000] {dag.py:2690} INFO - Sync 1 DAGs
[2024-02-09T18:15:42.333+0000] {logging_mixin.py:137} INFO - [2024-02-09T18:15:42.333+0000] {dag.py:3441} INFO - Setting next_dagrun for example_skip_dag to 2024-02-08T18:15:42.333440+00:00, run_after=2024-02-09T18:15:42.333440+00:00
[2024-02-09T18:15:42.346+0000] {processor.py:175} INFO - Processing /home/airflow/.local/lib/python3.7/site-packages/airflow/example_dags/example_skip_dag.py took 0.054 seconds
[2024-02-09T18:16:12.957+0000] {processor.py:153} INFO - Started process (PID=1188) to work on /home/airflow/.local/lib/python3.7/site-packages/airflow/example_dags/example_skip_dag.py
[2024-02-09T18:16:12.957+0000] {processor.py:743} INFO - Processing file /home/airflow/.local/lib/python3.7/site-packages/airflow/example_dags/example_skip_dag.py for tasks to queue
[2024-02-09T18:16:12.958+0000] {logging_mixin.py:137} INFO - [2024-02-09T18:16:12.958+0000] {dagbag.py:538} INFO - Filling up the DagBag from /home/airflow/.local/lib/python3.7/site-packages/airflow/example_dags/example_skip_dag.py
[2024-02-09T18:16:12.965+0000] {processor.py:753} INFO - DAG(s) dict_keys(['example_skip_dag']) retrieved from /home/airflow/.local/lib/python3.7/site-packages/airflow/example_dags/example_skip_dag.py
[2024-02-09T18:16:12.978+0000] {logging_mixin.py:137} INFO - [2024-02-09T18:16:12.978+0000] {dag.py:2690} INFO - Sync 1 DAGs
[2024-02-09T18:16:12.993+0000] {logging_mixin.py:137} INFO - [2024-02-09T18:16:12.993+0000] {dag.py:3441} INFO - Setting next_dagrun for example_skip_dag to 2024-02-08T18:16:12.993349+00:00, run_after=2024-02-09T18:16:12.993349+00:00
[2024-02-09T18:16:13.006+0000] {processor.py:175} INFO - Processing /home/airflow/.local/lib/python3.7/site-packages/airflow/example_dags/example_skip_dag.py took 0.051 seconds
[2024-02-09T18:16:43.536+0000] {processor.py:153} INFO - Started process (PID=1323) to work on /home/airflow/.local/lib/python3.7/site-packages/airflow/example_dags/example_skip_dag.py
[2024-02-09T18:16:43.536+0000] {processor.py:743} INFO - Processing file /home/airflow/.local/lib/python3.7/site-packages/airflow/example_dags/example_skip_dag.py for tasks to queue
[2024-02-09T18:16:43.537+0000] {logging_mixin.py:137} INFO - [2024-02-09T18:16:43.537+0000] {dagbag.py:538} INFO - Filling up the DagBag from /home/airflow/.local/lib/python3.7/site-packages/airflow/example_dags/example_skip_dag.py
[2024-02-09T18:16:43.544+0000] {processor.py:753} INFO - DAG(s) dict_keys(['example_skip_dag']) retrieved from /home/airflow/.local/lib/python3.7/site-packages/airflow/example_dags/example_skip_dag.py
[2024-02-09T18:16:43.560+0000] {logging_mixin.py:137} INFO - [2024-02-09T18:16:43.560+0000] {dag.py:2690} INFO - Sync 1 DAGs
[2024-02-09T18:16:43.575+0000] {logging_mixin.py:137} INFO - [2024-02-09T18:16:43.575+0000] {dag.py:3441} INFO - Setting next_dagrun for example_skip_dag to 2024-02-08T18:16:43.575252+00:00, run_after=2024-02-09T18:16:43.575252+00:00
[2024-02-09T18:16:43.587+0000] {processor.py:175} INFO - Processing /home/airflow/.local/lib/python3.7/site-packages/airflow/example_dags/example_skip_dag.py took 0.054 seconds
[2024-02-09T18:17:14.089+0000] {processor.py:153} INFO - Started process (PID=1435) to work on /home/airflow/.local/lib/python3.7/site-packages/airflow/example_dags/example_skip_dag.py
[2024-02-09T18:17:14.089+0000] {processor.py:743} INFO - Processing file /home/airflow/.local/lib/python3.7/site-packages/airflow/example_dags/example_skip_dag.py for tasks to queue
[2024-02-09T18:17:14.089+0000] {logging_mixin.py:137} INFO - [2024-02-09T18:17:14.089+0000] {dagbag.py:538} INFO - Filling up the DagBag from /home/airflow/.local/lib/python3.7/site-packages/airflow/example_dags/example_skip_dag.py
[2024-02-09T18:17:14.097+0000] {processor.py:753} INFO - DAG(s) dict_keys(['example_skip_dag']) retrieved from /home/airflow/.local/lib/python3.7/site-packages/airflow/example_dags/example_skip_dag.py
[2024-02-09T18:17:14.112+0000] {logging_mixin.py:137} INFO - [2024-02-09T18:17:14.112+0000] {dag.py:2690} INFO - Sync 1 DAGs
[2024-02-09T18:17:14.131+0000] {logging_mixin.py:137} INFO - [2024-02-09T18:17:14.131+0000] {dag.py:3441} INFO - Setting next_dagrun for example_skip_dag to 2024-02-08T18:17:14.131244+00:00, run_after=2024-02-09T18:17:14.131244+00:00
[2024-02-09T18:17:14.148+0000] {processor.py:175} INFO - Processing /home/airflow/.local/lib/python3.7/site-packages/airflow/example_dags/example_skip_dag.py took 0.061 seconds
[2024-02-09T18:17:44.742+0000] {processor.py:153} INFO - Started process (PID=1561) to work on /home/airflow/.local/lib/python3.7/site-packages/airflow/example_dags/example_skip_dag.py
[2024-02-09T18:17:44.742+0000] {processor.py:743} INFO - Processing file /home/airflow/.local/lib/python3.7/site-packages/airflow/example_dags/example_skip_dag.py for tasks to queue
[2024-02-09T18:17:44.743+0000] {logging_mixin.py:137} INFO - [2024-02-09T18:17:44.743+0000] {dagbag.py:538} INFO - Filling up the DagBag from /home/airflow/.local/lib/python3.7/site-packages/airflow/example_dags/example_skip_dag.py
[2024-02-09T18:17:44.751+0000] {processor.py:753} INFO - DAG(s) dict_keys(['example_skip_dag']) retrieved from /home/airflow/.local/lib/python3.7/site-packages/airflow/example_dags/example_skip_dag.py
[2024-02-09T18:17:44.772+0000] {logging_mixin.py:137} INFO - [2024-02-09T18:17:44.772+0000] {dag.py:2690} INFO - Sync 1 DAGs
[2024-02-09T18:17:44.787+0000] {logging_mixin.py:137} INFO - [2024-02-09T18:17:44.787+0000] {dag.py:3441} INFO - Setting next_dagrun for example_skip_dag to 2024-02-08T18:17:44.787142+00:00, run_after=2024-02-09T18:17:44.787142+00:00
[2024-02-09T18:17:44.798+0000] {processor.py:175} INFO - Processing /home/airflow/.local/lib/python3.7/site-packages/airflow/example_dags/example_skip_dag.py took 0.058 seconds
[2024-02-09T18:18:15.214+0000] {processor.py:153} INFO - Started process (PID=1697) to work on /home/airflow/.local/lib/python3.7/site-packages/airflow/example_dags/example_skip_dag.py
[2024-02-09T18:18:15.215+0000] {processor.py:743} INFO - Processing file /home/airflow/.local/lib/python3.7/site-packages/airflow/example_dags/example_skip_dag.py for tasks to queue
[2024-02-09T18:18:15.215+0000] {logging_mixin.py:137} INFO - [2024-02-09T18:18:15.215+0000] {dagbag.py:538} INFO - Filling up the DagBag from /home/airflow/.local/lib/python3.7/site-packages/airflow/example_dags/example_skip_dag.py
[2024-02-09T18:18:15.224+0000] {processor.py:753} INFO - DAG(s) dict_keys(['example_skip_dag']) retrieved from /home/airflow/.local/lib/python3.7/site-packages/airflow/example_dags/example_skip_dag.py
[2024-02-09T18:18:15.238+0000] {logging_mixin.py:137} INFO - [2024-02-09T18:18:15.238+0000] {dag.py:2690} INFO - Sync 1 DAGs
[2024-02-09T18:18:15.253+0000] {logging_mixin.py:137} INFO - [2024-02-09T18:18:15.253+0000] {dag.py:3441} INFO - Setting next_dagrun for example_skip_dag to 2024-02-08T18:18:15.253080+00:00, run_after=2024-02-09T18:18:15.253080+00:00
[2024-02-09T18:18:15.263+0000] {processor.py:175} INFO - Processing /home/airflow/.local/lib/python3.7/site-packages/airflow/example_dags/example_skip_dag.py took 0.051 seconds
[2024-02-09T18:18:45.672+0000] {processor.py:153} INFO - Started process (PID=1809) to work on /home/airflow/.local/lib/python3.7/site-packages/airflow/example_dags/example_skip_dag.py
[2024-02-09T18:18:45.673+0000] {processor.py:743} INFO - Processing file /home/airflow/.local/lib/python3.7/site-packages/airflow/example_dags/example_skip_dag.py for tasks to queue
[2024-02-09T18:18:45.673+0000] {logging_mixin.py:137} INFO - [2024-02-09T18:18:45.673+0000] {dagbag.py:538} INFO - Filling up the DagBag from /home/airflow/.local/lib/python3.7/site-packages/airflow/example_dags/example_skip_dag.py
[2024-02-09T18:18:45.681+0000] {processor.py:753} INFO - DAG(s) dict_keys(['example_skip_dag']) retrieved from /home/airflow/.local/lib/python3.7/site-packages/airflow/example_dags/example_skip_dag.py
[2024-02-09T18:18:45.701+0000] {logging_mixin.py:137} INFO - [2024-02-09T18:18:45.701+0000] {dag.py:2690} INFO - Sync 1 DAGs
[2024-02-09T18:18:45.737+0000] {logging_mixin.py:137} INFO - [2024-02-09T18:18:45.737+0000] {dag.py:3441} INFO - Setting next_dagrun for example_skip_dag to 2024-02-08T18:18:45.737023+00:00, run_after=2024-02-09T18:18:45.737023+00:00
[2024-02-09T18:18:45.763+0000] {processor.py:175} INFO - Processing /home/airflow/.local/lib/python3.7/site-packages/airflow/example_dags/example_skip_dag.py took 0.093 seconds
[2024-02-09T18:19:16.301+0000] {processor.py:153} INFO - Started process (PID=1935) to work on /home/airflow/.local/lib/python3.7/site-packages/airflow/example_dags/example_skip_dag.py
[2024-02-09T18:19:16.302+0000] {processor.py:743} INFO - Processing file /home/airflow/.local/lib/python3.7/site-packages/airflow/example_dags/example_skip_dag.py for tasks to queue
[2024-02-09T18:19:16.302+0000] {logging_mixin.py:137} INFO - [2024-02-09T18:19:16.302+0000] {dagbag.py:538} INFO - Filling up the DagBag from /home/airflow/.local/lib/python3.7/site-packages/airflow/example_dags/example_skip_dag.py
[2024-02-09T18:19:16.310+0000] {processor.py:753} INFO - DAG(s) dict_keys(['example_skip_dag']) retrieved from /home/airflow/.local/lib/python3.7/site-packages/airflow/example_dags/example_skip_dag.py
[2024-02-09T18:19:16.323+0000] {logging_mixin.py:137} INFO - [2024-02-09T18:19:16.323+0000] {dag.py:2690} INFO - Sync 1 DAGs
[2024-02-09T18:19:16.337+0000] {logging_mixin.py:137} INFO - [2024-02-09T18:19:16.337+0000] {dag.py:3441} INFO - Setting next_dagrun for example_skip_dag to 2024-02-08T18:19:16.337180+00:00, run_after=2024-02-09T18:19:16.337180+00:00
[2024-02-09T18:19:16.348+0000] {processor.py:175} INFO - Processing /home/airflow/.local/lib/python3.7/site-packages/airflow/example_dags/example_skip_dag.py took 0.049 seconds
[2024-02-09T18:19:46.792+0000] {processor.py:153} INFO - Started process (PID=2070) to work on /home/airflow/.local/lib/python3.7/site-packages/airflow/example_dags/example_skip_dag.py
[2024-02-09T18:19:46.793+0000] {processor.py:743} INFO - Processing file /home/airflow/.local/lib/python3.7/site-packages/airflow/example_dags/example_skip_dag.py for tasks to queue
[2024-02-09T18:19:46.793+0000] {logging_mixin.py:137} INFO - [2024-02-09T18:19:46.793+0000] {dagbag.py:538} INFO - Filling up the DagBag from /home/airflow/.local/lib/python3.7/site-packages/airflow/example_dags/example_skip_dag.py
[2024-02-09T18:19:46.801+0000] {processor.py:753} INFO - DAG(s) dict_keys(['example_skip_dag']) retrieved from /home/airflow/.local/lib/python3.7/site-packages/airflow/example_dags/example_skip_dag.py
[2024-02-09T18:19:46.814+0000] {logging_mixin.py:137} INFO - [2024-02-09T18:19:46.814+0000] {dag.py:2690} INFO - Sync 1 DAGs
[2024-02-09T18:19:46.829+0000] {logging_mixin.py:137} INFO - [2024-02-09T18:19:46.829+0000] {dag.py:3441} INFO - Setting next_dagrun for example_skip_dag to 2024-02-08T18:19:46.829467+00:00, run_after=2024-02-09T18:19:46.829467+00:00
[2024-02-09T18:19:46.840+0000] {processor.py:175} INFO - Processing /home/airflow/.local/lib/python3.7/site-packages/airflow/example_dags/example_skip_dag.py took 0.049 seconds
[2024-02-09T18:20:17.292+0000] {processor.py:153} INFO - Started process (PID=2182) to work on /home/airflow/.local/lib/python3.7/site-packages/airflow/example_dags/example_skip_dag.py
[2024-02-09T18:20:17.292+0000] {processor.py:743} INFO - Processing file /home/airflow/.local/lib/python3.7/site-packages/airflow/example_dags/example_skip_dag.py for tasks to queue
[2024-02-09T18:20:17.293+0000] {logging_mixin.py:137} INFO - [2024-02-09T18:20:17.293+0000] {dagbag.py:538} INFO - Filling up the DagBag from /home/airflow/.local/lib/python3.7/site-packages/airflow/example_dags/example_skip_dag.py
[2024-02-09T18:20:17.301+0000] {processor.py:753} INFO - DAG(s) dict_keys(['example_skip_dag']) retrieved from /home/airflow/.local/lib/python3.7/site-packages/airflow/example_dags/example_skip_dag.py
[2024-02-09T18:20:17.316+0000] {logging_mixin.py:137} INFO - [2024-02-09T18:20:17.316+0000] {dag.py:2690} INFO - Sync 1 DAGs
[2024-02-09T18:20:17.332+0000] {logging_mixin.py:137} INFO - [2024-02-09T18:20:17.332+0000] {dag.py:3441} INFO - Setting next_dagrun for example_skip_dag to 2024-02-08T18:20:17.331982+00:00, run_after=2024-02-09T18:20:17.331982+00:00
[2024-02-09T18:20:17.343+0000] {processor.py:175} INFO - Processing /home/airflow/.local/lib/python3.7/site-packages/airflow/example_dags/example_skip_dag.py took 0.054 seconds
[2024-02-09T18:20:48.074+0000] {processor.py:153} INFO - Started process (PID=2308) to work on /home/airflow/.local/lib/python3.7/site-packages/airflow/example_dags/example_skip_dag.py
[2024-02-09T18:20:48.074+0000] {processor.py:743} INFO - Processing file /home/airflow/.local/lib/python3.7/site-packages/airflow/example_dags/example_skip_dag.py for tasks to queue
[2024-02-09T18:20:48.075+0000] {logging_mixin.py:137} INFO - [2024-02-09T18:20:48.074+0000] {dagbag.py:538} INFO - Filling up the DagBag from /home/airflow/.local/lib/python3.7/site-packages/airflow/example_dags/example_skip_dag.py
[2024-02-09T18:20:48.082+0000] {processor.py:753} INFO - DAG(s) dict_keys(['example_skip_dag']) retrieved from /home/airflow/.local/lib/python3.7/site-packages/airflow/example_dags/example_skip_dag.py
[2024-02-09T18:20:48.097+0000] {logging_mixin.py:137} INFO - [2024-02-09T18:20:48.097+0000] {dag.py:2690} INFO - Sync 1 DAGs
[2024-02-09T18:20:48.112+0000] {logging_mixin.py:137} INFO - [2024-02-09T18:20:48.112+0000] {dag.py:3441} INFO - Setting next_dagrun for example_skip_dag to 2024-02-08T18:20:48.111988+00:00, run_after=2024-02-09T18:20:48.111988+00:00
[2024-02-09T18:20:48.124+0000] {processor.py:175} INFO - Processing /home/airflow/.local/lib/python3.7/site-packages/airflow/example_dags/example_skip_dag.py took 0.052 seconds
[2024-02-09T18:21:18.615+0000] {processor.py:153} INFO - Started process (PID=2443) to work on /home/airflow/.local/lib/python3.7/site-packages/airflow/example_dags/example_skip_dag.py
[2024-02-09T18:21:18.615+0000] {processor.py:743} INFO - Processing file /home/airflow/.local/lib/python3.7/site-packages/airflow/example_dags/example_skip_dag.py for tasks to queue
[2024-02-09T18:21:18.616+0000] {logging_mixin.py:137} INFO - [2024-02-09T18:21:18.616+0000] {dagbag.py:538} INFO - Filling up the DagBag from /home/airflow/.local/lib/python3.7/site-packages/airflow/example_dags/example_skip_dag.py
[2024-02-09T18:21:18.624+0000] {processor.py:753} INFO - DAG(s) dict_keys(['example_skip_dag']) retrieved from /home/airflow/.local/lib/python3.7/site-packages/airflow/example_dags/example_skip_dag.py
[2024-02-09T18:21:18.638+0000] {logging_mixin.py:137} INFO - [2024-02-09T18:21:18.638+0000] {dag.py:2690} INFO - Sync 1 DAGs
[2024-02-09T18:21:18.652+0000] {logging_mixin.py:137} INFO - [2024-02-09T18:21:18.652+0000] {dag.py:3441} INFO - Setting next_dagrun for example_skip_dag to 2024-02-08T18:21:18.652223+00:00, run_after=2024-02-09T18:21:18.652223+00:00
[2024-02-09T18:21:18.664+0000] {processor.py:175} INFO - Processing /home/airflow/.local/lib/python3.7/site-packages/airflow/example_dags/example_skip_dag.py took 0.051 seconds
[2024-02-09T18:21:49.239+0000] {processor.py:153} INFO - Started process (PID=2555) to work on /home/airflow/.local/lib/python3.7/site-packages/airflow/example_dags/example_skip_dag.py
[2024-02-09T18:21:49.240+0000] {processor.py:743} INFO - Processing file /home/airflow/.local/lib/python3.7/site-packages/airflow/example_dags/example_skip_dag.py for tasks to queue
[2024-02-09T18:21:49.240+0000] {logging_mixin.py:137} INFO - [2024-02-09T18:21:49.240+0000] {dagbag.py:538} INFO - Filling up the DagBag from /home/airflow/.local/lib/python3.7/site-packages/airflow/example_dags/example_skip_dag.py
[2024-02-09T18:21:49.249+0000] {processor.py:753} INFO - DAG(s) dict_keys(['example_skip_dag']) retrieved from /home/airflow/.local/lib/python3.7/site-packages/airflow/example_dags/example_skip_dag.py
[2024-02-09T18:21:49.264+0000] {logging_mixin.py:137} INFO - [2024-02-09T18:21:49.264+0000] {dag.py:2690} INFO - Sync 1 DAGs
[2024-02-09T18:21:49.279+0000] {logging_mixin.py:137} INFO - [2024-02-09T18:21:49.279+0000] {dag.py:3441} INFO - Setting next_dagrun for example_skip_dag to 2024-02-08T18:21:49.279310+00:00, run_after=2024-02-09T18:21:49.279310+00:00
[2024-02-09T18:21:49.291+0000] {processor.py:175} INFO - Processing /home/airflow/.local/lib/python3.7/site-packages/airflow/example_dags/example_skip_dag.py took 0.054 seconds
[2024-02-09T18:22:19.953+0000] {processor.py:153} INFO - Started process (PID=2681) to work on /home/airflow/.local/lib/python3.7/site-packages/airflow/example_dags/example_skip_dag.py
[2024-02-09T18:22:19.953+0000] {processor.py:743} INFO - Processing file /home/airflow/.local/lib/python3.7/site-packages/airflow/example_dags/example_skip_dag.py for tasks to queue
[2024-02-09T18:22:19.954+0000] {logging_mixin.py:137} INFO - [2024-02-09T18:22:19.954+0000] {dagbag.py:538} INFO - Filling up the DagBag from /home/airflow/.local/lib/python3.7/site-packages/airflow/example_dags/example_skip_dag.py
[2024-02-09T18:22:19.962+0000] {processor.py:753} INFO - DAG(s) dict_keys(['example_skip_dag']) retrieved from /home/airflow/.local/lib/python3.7/site-packages/airflow/example_dags/example_skip_dag.py
[2024-02-09T18:22:19.976+0000] {logging_mixin.py:137} INFO - [2024-02-09T18:22:19.976+0000] {dag.py:2690} INFO - Sync 1 DAGs
[2024-02-09T18:22:19.992+0000] {logging_mixin.py:137} INFO - [2024-02-09T18:22:19.992+0000] {dag.py:3441} INFO - Setting next_dagrun for example_skip_dag to 2024-02-08T18:22:19.992528+00:00, run_after=2024-02-09T18:22:19.992528+00:00
[2024-02-09T18:22:20.005+0000] {processor.py:175} INFO - Processing /home/airflow/.local/lib/python3.7/site-packages/airflow/example_dags/example_skip_dag.py took 0.054 seconds
[2024-02-09T18:22:50.458+0000] {processor.py:153} INFO - Started process (PID=2817) to work on /home/airflow/.local/lib/python3.7/site-packages/airflow/example_dags/example_skip_dag.py
[2024-02-09T18:22:50.459+0000] {processor.py:743} INFO - Processing file /home/airflow/.local/lib/python3.7/site-packages/airflow/example_dags/example_skip_dag.py for tasks to queue
[2024-02-09T18:22:50.460+0000] {logging_mixin.py:137} INFO - [2024-02-09T18:22:50.459+0000] {dagbag.py:538} INFO - Filling up the DagBag from /home/airflow/.local/lib/python3.7/site-packages/airflow/example_dags/example_skip_dag.py
[2024-02-09T18:22:50.468+0000] {processor.py:753} INFO - DAG(s) dict_keys(['example_skip_dag']) retrieved from /home/airflow/.local/lib/python3.7/site-packages/airflow/example_dags/example_skip_dag.py
[2024-02-09T18:22:50.483+0000] {logging_mixin.py:137} INFO - [2024-02-09T18:22:50.483+0000] {dag.py:2690} INFO - Sync 1 DAGs
[2024-02-09T18:22:50.498+0000] {logging_mixin.py:137} INFO - [2024-02-09T18:22:50.498+0000] {dag.py:3441} INFO - Setting next_dagrun for example_skip_dag to 2024-02-08T18:22:50.498583+00:00, run_after=2024-02-09T18:22:50.498583+00:00
[2024-02-09T18:22:50.510+0000] {processor.py:175} INFO - Processing /home/airflow/.local/lib/python3.7/site-packages/airflow/example_dags/example_skip_dag.py took 0.054 seconds
[2024-02-09T18:23:21.035+0000] {processor.py:153} INFO - Started process (PID=2929) to work on /home/airflow/.local/lib/python3.7/site-packages/airflow/example_dags/example_skip_dag.py
[2024-02-09T18:23:21.035+0000] {processor.py:743} INFO - Processing file /home/airflow/.local/lib/python3.7/site-packages/airflow/example_dags/example_skip_dag.py for tasks to queue
[2024-02-09T18:23:21.036+0000] {logging_mixin.py:137} INFO - [2024-02-09T18:23:21.036+0000] {dagbag.py:538} INFO - Filling up the DagBag from /home/airflow/.local/lib/python3.7/site-packages/airflow/example_dags/example_skip_dag.py
[2024-02-09T18:23:21.043+0000] {processor.py:753} INFO - DAG(s) dict_keys(['example_skip_dag']) retrieved from /home/airflow/.local/lib/python3.7/site-packages/airflow/example_dags/example_skip_dag.py
[2024-02-09T18:23:21.057+0000] {logging_mixin.py:137} INFO - [2024-02-09T18:23:21.057+0000] {dag.py:2690} INFO - Sync 1 DAGs
[2024-02-09T18:23:21.073+0000] {logging_mixin.py:137} INFO - [2024-02-09T18:23:21.073+0000] {dag.py:3441} INFO - Setting next_dagrun for example_skip_dag to 2024-02-08T18:23:21.072287+00:00, run_after=2024-02-09T18:23:21.072287+00:00
[2024-02-09T18:23:21.085+0000] {processor.py:175} INFO - Processing /home/airflow/.local/lib/python3.7/site-packages/airflow/example_dags/example_skip_dag.py took 0.052 seconds
[2024-02-09T18:23:51.744+0000] {processor.py:153} INFO - Started process (PID=3055) to work on /home/airflow/.local/lib/python3.7/site-packages/airflow/example_dags/example_skip_dag.py
[2024-02-09T18:23:51.744+0000] {processor.py:743} INFO - Processing file /home/airflow/.local/lib/python3.7/site-packages/airflow/example_dags/example_skip_dag.py for tasks to queue
[2024-02-09T18:23:51.745+0000] {logging_mixin.py:137} INFO - [2024-02-09T18:23:51.745+0000] {dagbag.py:538} INFO - Filling up the DagBag from /home/airflow/.local/lib/python3.7/site-packages/airflow/example_dags/example_skip_dag.py
[2024-02-09T18:23:51.752+0000] {processor.py:753} INFO - DAG(s) dict_keys(['example_skip_dag']) retrieved from /home/airflow/.local/lib/python3.7/site-packages/airflow/example_dags/example_skip_dag.py
[2024-02-09T18:23:51.766+0000] {logging_mixin.py:137} INFO - [2024-02-09T18:23:51.766+0000] {dag.py:2690} INFO - Sync 1 DAGs
[2024-02-09T18:23:51.781+0000] {logging_mixin.py:137} INFO - [2024-02-09T18:23:51.781+0000] {dag.py:3441} INFO - Setting next_dagrun for example_skip_dag to 2024-02-08T18:23:51.780886+00:00, run_after=2024-02-09T18:23:51.780886+00:00
[2024-02-09T18:23:51.792+0000] {processor.py:175} INFO - Processing /home/airflow/.local/lib/python3.7/site-packages/airflow/example_dags/example_skip_dag.py took 0.050 seconds
[2024-02-09T18:24:22.280+0000] {processor.py:153} INFO - Started process (PID=3190) to work on /home/airflow/.local/lib/python3.7/site-packages/airflow/example_dags/example_skip_dag.py
[2024-02-09T18:24:22.281+0000] {processor.py:743} INFO - Processing file /home/airflow/.local/lib/python3.7/site-packages/airflow/example_dags/example_skip_dag.py for tasks to queue
[2024-02-09T18:24:22.281+0000] {logging_mixin.py:137} INFO - [2024-02-09T18:24:22.281+0000] {dagbag.py:538} INFO - Filling up the DagBag from /home/airflow/.local/lib/python3.7/site-packages/airflow/example_dags/example_skip_dag.py
[2024-02-09T18:24:22.289+0000] {processor.py:753} INFO - DAG(s) dict_keys(['example_skip_dag']) retrieved from /home/airflow/.local/lib/python3.7/site-packages/airflow/example_dags/example_skip_dag.py
[2024-02-09T18:24:22.303+0000] {logging_mixin.py:137} INFO - [2024-02-09T18:24:22.303+0000] {dag.py:2690} INFO - Sync 1 DAGs
[2024-02-09T18:24:22.318+0000] {logging_mixin.py:137} INFO - [2024-02-09T18:24:22.318+0000] {dag.py:3441} INFO - Setting next_dagrun for example_skip_dag to 2024-02-08T18:24:22.318539+00:00, run_after=2024-02-09T18:24:22.318539+00:00
[2024-02-09T18:24:22.332+0000] {processor.py:175} INFO - Processing /home/airflow/.local/lib/python3.7/site-packages/airflow/example_dags/example_skip_dag.py took 0.054 seconds
[2024-02-09T18:24:52.908+0000] {processor.py:153} INFO - Started process (PID=3302) to work on /home/airflow/.local/lib/python3.7/site-packages/airflow/example_dags/example_skip_dag.py
[2024-02-09T18:24:52.908+0000] {processor.py:743} INFO - Processing file /home/airflow/.local/lib/python3.7/site-packages/airflow/example_dags/example_skip_dag.py for tasks to queue
[2024-02-09T18:24:52.909+0000] {logging_mixin.py:137} INFO - [2024-02-09T18:24:52.909+0000] {dagbag.py:538} INFO - Filling up the DagBag from /home/airflow/.local/lib/python3.7/site-packages/airflow/example_dags/example_skip_dag.py
[2024-02-09T18:24:52.917+0000] {processor.py:753} INFO - DAG(s) dict_keys(['example_skip_dag']) retrieved from /home/airflow/.local/lib/python3.7/site-packages/airflow/example_dags/example_skip_dag.py
[2024-02-09T18:24:52.931+0000] {logging_mixin.py:137} INFO - [2024-02-09T18:24:52.931+0000] {dag.py:2690} INFO - Sync 1 DAGs
[2024-02-09T18:24:52.950+0000] {logging_mixin.py:137} INFO - [2024-02-09T18:24:52.950+0000] {dag.py:3441} INFO - Setting next_dagrun for example_skip_dag to 2024-02-08T18:24:52.950547+00:00, run_after=2024-02-09T18:24:52.950547+00:00
[2024-02-09T18:24:52.972+0000] {processor.py:175} INFO - Processing /home/airflow/.local/lib/python3.7/site-packages/airflow/example_dags/example_skip_dag.py took 0.066 seconds
[2024-02-09T18:25:23.543+0000] {processor.py:153} INFO - Started process (PID=3428) to work on /home/airflow/.local/lib/python3.7/site-packages/airflow/example_dags/example_skip_dag.py
[2024-02-09T18:25:23.544+0000] {processor.py:743} INFO - Processing file /home/airflow/.local/lib/python3.7/site-packages/airflow/example_dags/example_skip_dag.py for tasks to queue
[2024-02-09T18:25:23.544+0000] {logging_mixin.py:137} INFO - [2024-02-09T18:25:23.544+0000] {dagbag.py:538} INFO - Filling up the DagBag from /home/airflow/.local/lib/python3.7/site-packages/airflow/example_dags/example_skip_dag.py
[2024-02-09T18:25:23.552+0000] {processor.py:753} INFO - DAG(s) dict_keys(['example_skip_dag']) retrieved from /home/airflow/.local/lib/python3.7/site-packages/airflow/example_dags/example_skip_dag.py
[2024-02-09T18:25:23.566+0000] {logging_mixin.py:137} INFO - [2024-02-09T18:25:23.566+0000] {dag.py:2690} INFO - Sync 1 DAGs
[2024-02-09T18:25:23.581+0000] {logging_mixin.py:137} INFO - [2024-02-09T18:25:23.581+0000] {dag.py:3441} INFO - Setting next_dagrun for example_skip_dag to 2024-02-08T18:25:23.581257+00:00, run_after=2024-02-09T18:25:23.581257+00:00
[2024-02-09T18:25:23.592+0000] {processor.py:175} INFO - Processing /home/airflow/.local/lib/python3.7/site-packages/airflow/example_dags/example_skip_dag.py took 0.051 seconds
[2024-02-09T18:25:54.090+0000] {processor.py:153} INFO - Started process (PID=3563) to work on /home/airflow/.local/lib/python3.7/site-packages/airflow/example_dags/example_skip_dag.py
[2024-02-09T18:25:54.091+0000] {processor.py:743} INFO - Processing file /home/airflow/.local/lib/python3.7/site-packages/airflow/example_dags/example_skip_dag.py for tasks to queue
[2024-02-09T18:25:54.091+0000] {logging_mixin.py:137} INFO - [2024-02-09T18:25:54.091+0000] {dagbag.py:538} INFO - Filling up the DagBag from /home/airflow/.local/lib/python3.7/site-packages/airflow/example_dags/example_skip_dag.py
[2024-02-09T18:25:54.099+0000] {processor.py:753} INFO - DAG(s) dict_keys(['example_skip_dag']) retrieved from /home/airflow/.local/lib/python3.7/site-packages/airflow/example_dags/example_skip_dag.py
[2024-02-09T18:25:54.113+0000] {logging_mixin.py:137} INFO - [2024-02-09T18:25:54.113+0000] {dag.py:2690} INFO - Sync 1 DAGs
[2024-02-09T18:25:54.128+0000] {logging_mixin.py:137} INFO - [2024-02-09T18:25:54.127+0000] {dag.py:3441} INFO - Setting next_dagrun for example_skip_dag to 2024-02-08T18:25:54.127820+00:00, run_after=2024-02-09T18:25:54.127820+00:00
[2024-02-09T18:25:54.139+0000] {processor.py:175} INFO - Processing /home/airflow/.local/lib/python3.7/site-packages/airflow/example_dags/example_skip_dag.py took 0.050 seconds
[2024-02-09T18:26:24.619+0000] {processor.py:153} INFO - Started process (PID=3675) to work on /home/airflow/.local/lib/python3.7/site-packages/airflow/example_dags/example_skip_dag.py
[2024-02-09T18:26:24.620+0000] {processor.py:743} INFO - Processing file /home/airflow/.local/lib/python3.7/site-packages/airflow/example_dags/example_skip_dag.py for tasks to queue
[2024-02-09T18:26:24.620+0000] {logging_mixin.py:137} INFO - [2024-02-09T18:26:24.620+0000] {dagbag.py:538} INFO - Filling up the DagBag from /home/airflow/.local/lib/python3.7/site-packages/airflow/example_dags/example_skip_dag.py
[2024-02-09T18:26:24.629+0000] {processor.py:753} INFO - DAG(s) dict_keys(['example_skip_dag']) retrieved from /home/airflow/.local/lib/python3.7/site-packages/airflow/example_dags/example_skip_dag.py
[2024-02-09T18:26:24.644+0000] {logging_mixin.py:137} INFO - [2024-02-09T18:26:24.643+0000] {dag.py:2690} INFO - Sync 1 DAGs
[2024-02-09T18:26:24.660+0000] {logging_mixin.py:137} INFO - [2024-02-09T18:26:24.660+0000] {dag.py:3441} INFO - Setting next_dagrun for example_skip_dag to 2024-02-08T18:26:24.660046+00:00, run_after=2024-02-09T18:26:24.660046+00:00
[2024-02-09T18:26:24.680+0000] {processor.py:175} INFO - Processing /home/airflow/.local/lib/python3.7/site-packages/airflow/example_dags/example_skip_dag.py took 0.063 seconds
[2024-02-09T18:26:55.350+0000] {processor.py:153} INFO - Started process (PID=3801) to work on /home/airflow/.local/lib/python3.7/site-packages/airflow/example_dags/example_skip_dag.py
[2024-02-09T18:26:55.350+0000] {processor.py:743} INFO - Processing file /home/airflow/.local/lib/python3.7/site-packages/airflow/example_dags/example_skip_dag.py for tasks to queue
[2024-02-09T18:26:55.350+0000] {logging_mixin.py:137} INFO - [2024-02-09T18:26:55.350+0000] {dagbag.py:538} INFO - Filling up the DagBag from /home/airflow/.local/lib/python3.7/site-packages/airflow/example_dags/example_skip_dag.py
[2024-02-09T18:26:55.358+0000] {processor.py:753} INFO - DAG(s) dict_keys(['example_skip_dag']) retrieved from /home/airflow/.local/lib/python3.7/site-packages/airflow/example_dags/example_skip_dag.py
[2024-02-09T18:26:55.373+0000] {logging_mixin.py:137} INFO - [2024-02-09T18:26:55.373+0000] {dag.py:2690} INFO - Sync 1 DAGs
[2024-02-09T18:26:55.387+0000] {logging_mixin.py:137} INFO - [2024-02-09T18:26:55.387+0000] {dag.py:3441} INFO - Setting next_dagrun for example_skip_dag to 2024-02-08T18:26:55.387391+00:00, run_after=2024-02-09T18:26:55.387391+00:00
[2024-02-09T18:26:55.401+0000] {processor.py:175} INFO - Processing /home/airflow/.local/lib/python3.7/site-packages/airflow/example_dags/example_skip_dag.py took 0.054 seconds
[2024-02-09T18:27:25.816+0000] {processor.py:153} INFO - Started process (PID=3936) to work on /home/airflow/.local/lib/python3.7/site-packages/airflow/example_dags/example_skip_dag.py
[2024-02-09T18:27:25.817+0000] {processor.py:743} INFO - Processing file /home/airflow/.local/lib/python3.7/site-packages/airflow/example_dags/example_skip_dag.py for tasks to queue
[2024-02-09T18:27:25.817+0000] {logging_mixin.py:137} INFO - [2024-02-09T18:27:25.817+0000] {dagbag.py:538} INFO - Filling up the DagBag from /home/airflow/.local/lib/python3.7/site-packages/airflow/example_dags/example_skip_dag.py
[2024-02-09T18:27:25.825+0000] {processor.py:753} INFO - DAG(s) dict_keys(['example_skip_dag']) retrieved from /home/airflow/.local/lib/python3.7/site-packages/airflow/example_dags/example_skip_dag.py
[2024-02-09T18:27:25.838+0000] {logging_mixin.py:137} INFO - [2024-02-09T18:27:25.838+0000] {dag.py:2690} INFO - Sync 1 DAGs
[2024-02-09T18:27:25.858+0000] {logging_mixin.py:137} INFO - [2024-02-09T18:27:25.858+0000] {dag.py:3441} INFO - Setting next_dagrun for example_skip_dag to 2024-02-08T18:27:25.858525+00:00, run_after=2024-02-09T18:27:25.858525+00:00
[2024-02-09T18:27:25.870+0000] {processor.py:175} INFO - Processing /home/airflow/.local/lib/python3.7/site-packages/airflow/example_dags/example_skip_dag.py took 0.056 seconds
[2024-02-09T18:27:56.412+0000] {processor.py:153} INFO - Started process (PID=4071) to work on /home/airflow/.local/lib/python3.7/site-packages/airflow/example_dags/example_skip_dag.py
[2024-02-09T18:27:56.413+0000] {processor.py:743} INFO - Processing file /home/airflow/.local/lib/python3.7/site-packages/airflow/example_dags/example_skip_dag.py for tasks to queue
[2024-02-09T18:27:56.414+0000] {logging_mixin.py:137} INFO - [2024-02-09T18:27:56.414+0000] {dagbag.py:538} INFO - Filling up the DagBag from /home/airflow/.local/lib/python3.7/site-packages/airflow/example_dags/example_skip_dag.py
[2024-02-09T18:27:56.435+0000] {processor.py:753} INFO - DAG(s) dict_keys(['example_skip_dag']) retrieved from /home/airflow/.local/lib/python3.7/site-packages/airflow/example_dags/example_skip_dag.py
[2024-02-09T18:27:56.473+0000] {logging_mixin.py:137} INFO - [2024-02-09T18:27:56.473+0000] {dag.py:2690} INFO - Sync 1 DAGs
[2024-02-09T18:27:56.508+0000] {logging_mixin.py:137} INFO - [2024-02-09T18:27:56.508+0000] {dag.py:3441} INFO - Setting next_dagrun for example_skip_dag to 2024-02-08T18:27:56.507755+00:00, run_after=2024-02-09T18:27:56.507755+00:00
[2024-02-09T18:27:56.526+0000] {processor.py:175} INFO - Processing /home/airflow/.local/lib/python3.7/site-packages/airflow/example_dags/example_skip_dag.py took 0.117 seconds
[2024-02-09T18:28:27.005+0000] {processor.py:153} INFO - Started process (PID=4174) to work on /home/airflow/.local/lib/python3.7/site-packages/airflow/example_dags/example_skip_dag.py
[2024-02-09T18:28:27.006+0000] {processor.py:743} INFO - Processing file /home/airflow/.local/lib/python3.7/site-packages/airflow/example_dags/example_skip_dag.py for tasks to queue
[2024-02-09T18:28:27.006+0000] {logging_mixin.py:137} INFO - [2024-02-09T18:28:27.006+0000] {dagbag.py:538} INFO - Filling up the DagBag from /home/airflow/.local/lib/python3.7/site-packages/airflow/example_dags/example_skip_dag.py
[2024-02-09T18:28:27.014+0000] {processor.py:753} INFO - DAG(s) dict_keys(['example_skip_dag']) retrieved from /home/airflow/.local/lib/python3.7/site-packages/airflow/example_dags/example_skip_dag.py
[2024-02-09T18:28:27.029+0000] {logging_mixin.py:137} INFO - [2024-02-09T18:28:27.029+0000] {dag.py:2690} INFO - Sync 1 DAGs
[2024-02-09T18:28:27.044+0000] {logging_mixin.py:137} INFO - [2024-02-09T18:28:27.044+0000] {dag.py:3441} INFO - Setting next_dagrun for example_skip_dag to 2024-02-08T18:28:27.043995+00:00, run_after=2024-02-09T18:28:27.043995+00:00
[2024-02-09T18:28:27.055+0000] {processor.py:175} INFO - Processing /home/airflow/.local/lib/python3.7/site-packages/airflow/example_dags/example_skip_dag.py took 0.052 seconds
[2024-02-09T18:28:57.556+0000] {processor.py:153} INFO - Started process (PID=4309) to work on /home/airflow/.local/lib/python3.7/site-packages/airflow/example_dags/example_skip_dag.py
[2024-02-09T18:28:57.557+0000] {processor.py:743} INFO - Processing file /home/airflow/.local/lib/python3.7/site-packages/airflow/example_dags/example_skip_dag.py for tasks to queue
[2024-02-09T18:28:57.557+0000] {logging_mixin.py:137} INFO - [2024-02-09T18:28:57.557+0000] {dagbag.py:538} INFO - Filling up the DagBag from /home/airflow/.local/lib/python3.7/site-packages/airflow/example_dags/example_skip_dag.py
[2024-02-09T18:28:57.565+0000] {processor.py:753} INFO - DAG(s) dict_keys(['example_skip_dag']) retrieved from /home/airflow/.local/lib/python3.7/site-packages/airflow/example_dags/example_skip_dag.py
[2024-02-09T18:28:57.579+0000] {logging_mixin.py:137} INFO - [2024-02-09T18:28:57.579+0000] {dag.py:2690} INFO - Sync 1 DAGs
[2024-02-09T18:28:57.594+0000] {logging_mixin.py:137} INFO - [2024-02-09T18:28:57.594+0000] {dag.py:3441} INFO - Setting next_dagrun for example_skip_dag to 2024-02-08T18:28:57.594634+00:00, run_after=2024-02-09T18:28:57.594634+00:00
[2024-02-09T18:28:57.605+0000] {processor.py:175} INFO - Processing /home/airflow/.local/lib/python3.7/site-packages/airflow/example_dags/example_skip_dag.py took 0.051 seconds
[2024-02-09T18:29:28.073+0000] {processor.py:153} INFO - Started process (PID=4421) to work on /home/airflow/.local/lib/python3.7/site-packages/airflow/example_dags/example_skip_dag.py
[2024-02-09T18:29:28.074+0000] {processor.py:743} INFO - Processing file /home/airflow/.local/lib/python3.7/site-packages/airflow/example_dags/example_skip_dag.py for tasks to queue
[2024-02-09T18:29:28.074+0000] {logging_mixin.py:137} INFO - [2024-02-09T18:29:28.074+0000] {dagbag.py:538} INFO - Filling up the DagBag from /home/airflow/.local/lib/python3.7/site-packages/airflow/example_dags/example_skip_dag.py
[2024-02-09T18:29:28.083+0000] {processor.py:753} INFO - DAG(s) dict_keys(['example_skip_dag']) retrieved from /home/airflow/.local/lib/python3.7/site-packages/airflow/example_dags/example_skip_dag.py
[2024-02-09T18:29:28.099+0000] {logging_mixin.py:137} INFO - [2024-02-09T18:29:28.098+0000] {dag.py:2690} INFO - Sync 1 DAGs
[2024-02-09T18:29:28.115+0000] {logging_mixin.py:137} INFO - [2024-02-09T18:29:28.115+0000] {dag.py:3441} INFO - Setting next_dagrun for example_skip_dag to 2024-02-08T18:29:28.114955+00:00, run_after=2024-02-09T18:29:28.114955+00:00
[2024-02-09T18:29:28.127+0000] {processor.py:175} INFO - Processing /home/airflow/.local/lib/python3.7/site-packages/airflow/example_dags/example_skip_dag.py took 0.055 seconds
[2024-02-09T18:29:58.900+0000] {processor.py:153} INFO - Started process (PID=4554) to work on /home/airflow/.local/lib/python3.7/site-packages/airflow/example_dags/example_skip_dag.py
[2024-02-09T18:29:58.901+0000] {processor.py:743} INFO - Processing file /home/airflow/.local/lib/python3.7/site-packages/airflow/example_dags/example_skip_dag.py for tasks to queue
[2024-02-09T18:29:58.901+0000] {logging_mixin.py:137} INFO - [2024-02-09T18:29:58.901+0000] {dagbag.py:538} INFO - Filling up the DagBag from /home/airflow/.local/lib/python3.7/site-packages/airflow/example_dags/example_skip_dag.py
[2024-02-09T18:29:58.909+0000] {processor.py:753} INFO - DAG(s) dict_keys(['example_skip_dag']) retrieved from /home/airflow/.local/lib/python3.7/site-packages/airflow/example_dags/example_skip_dag.py
[2024-02-09T18:29:58.922+0000] {logging_mixin.py:137} INFO - [2024-02-09T18:29:58.922+0000] {dag.py:2690} INFO - Sync 1 DAGs
[2024-02-09T18:29:58.936+0000] {logging_mixin.py:137} INFO - [2024-02-09T18:29:58.936+0000] {dag.py:3441} INFO - Setting next_dagrun for example_skip_dag to 2024-02-08T18:29:58.936587+00:00, run_after=2024-02-09T18:29:58.936587+00:00
[2024-02-09T18:29:58.947+0000] {processor.py:175} INFO - Processing /home/airflow/.local/lib/python3.7/site-packages/airflow/example_dags/example_skip_dag.py took 0.048 seconds
[2024-02-09T18:30:29.348+0000] {processor.py:153} INFO - Started process (PID=4688) to work on /home/airflow/.local/lib/python3.7/site-packages/airflow/example_dags/example_skip_dag.py
[2024-02-09T18:30:29.348+0000] {processor.py:743} INFO - Processing file /home/airflow/.local/lib/python3.7/site-packages/airflow/example_dags/example_skip_dag.py for tasks to queue
[2024-02-09T18:30:29.349+0000] {logging_mixin.py:137} INFO - [2024-02-09T18:30:29.349+0000] {dagbag.py:538} INFO - Filling up the DagBag from /home/airflow/.local/lib/python3.7/site-packages/airflow/example_dags/example_skip_dag.py
[2024-02-09T18:30:29.357+0000] {processor.py:753} INFO - DAG(s) dict_keys(['example_skip_dag']) retrieved from /home/airflow/.local/lib/python3.7/site-packages/airflow/example_dags/example_skip_dag.py
[2024-02-09T18:30:29.371+0000] {logging_mixin.py:137} INFO - [2024-02-09T18:30:29.371+0000] {dag.py:2690} INFO - Sync 1 DAGs
[2024-02-09T18:30:29.386+0000] {logging_mixin.py:137} INFO - [2024-02-09T18:30:29.386+0000] {dag.py:3441} INFO - Setting next_dagrun for example_skip_dag to 2024-02-08T18:30:29.386397+00:00, run_after=2024-02-09T18:30:29.386397+00:00
[2024-02-09T18:30:29.400+0000] {processor.py:175} INFO - Processing /home/airflow/.local/lib/python3.7/site-packages/airflow/example_dags/example_skip_dag.py took 0.054 seconds
[2024-02-09T18:30:59.930+0000] {processor.py:153} INFO - Started process (PID=4799) to work on /home/airflow/.local/lib/python3.7/site-packages/airflow/example_dags/example_skip_dag.py
[2024-02-09T18:30:59.931+0000] {processor.py:743} INFO - Processing file /home/airflow/.local/lib/python3.7/site-packages/airflow/example_dags/example_skip_dag.py for tasks to queue
[2024-02-09T18:30:59.931+0000] {logging_mixin.py:137} INFO - [2024-02-09T18:30:59.931+0000] {dagbag.py:538} INFO - Filling up the DagBag from /home/airflow/.local/lib/python3.7/site-packages/airflow/example_dags/example_skip_dag.py
[2024-02-09T18:30:59.939+0000] {processor.py:753} INFO - DAG(s) dict_keys(['example_skip_dag']) retrieved from /home/airflow/.local/lib/python3.7/site-packages/airflow/example_dags/example_skip_dag.py
[2024-02-09T18:30:59.955+0000] {logging_mixin.py:137} INFO - [2024-02-09T18:30:59.954+0000] {dag.py:2690} INFO - Sync 1 DAGs
[2024-02-09T18:30:59.971+0000] {logging_mixin.py:137} INFO - [2024-02-09T18:30:59.971+0000] {dag.py:3441} INFO - Setting next_dagrun for example_skip_dag to 2024-02-08T18:30:59.971058+00:00, run_after=2024-02-09T18:30:59.971058+00:00
[2024-02-09T18:30:59.982+0000] {processor.py:175} INFO - Processing /home/airflow/.local/lib/python3.7/site-packages/airflow/example_dags/example_skip_dag.py took 0.054 seconds
[2024-02-09T18:31:30.566+0000] {processor.py:153} INFO - Started process (PID=4927) to work on /home/airflow/.local/lib/python3.7/site-packages/airflow/example_dags/example_skip_dag.py
[2024-02-09T18:31:30.567+0000] {processor.py:743} INFO - Processing file /home/airflow/.local/lib/python3.7/site-packages/airflow/example_dags/example_skip_dag.py for tasks to queue
[2024-02-09T18:31:30.567+0000] {logging_mixin.py:137} INFO - [2024-02-09T18:31:30.567+0000] {dagbag.py:538} INFO - Filling up the DagBag from /home/airflow/.local/lib/python3.7/site-packages/airflow/example_dags/example_skip_dag.py
[2024-02-09T18:31:30.575+0000] {processor.py:753} INFO - DAG(s) dict_keys(['example_skip_dag']) retrieved from /home/airflow/.local/lib/python3.7/site-packages/airflow/example_dags/example_skip_dag.py
[2024-02-09T18:31:30.589+0000] {logging_mixin.py:137} INFO - [2024-02-09T18:31:30.589+0000] {dag.py:2690} INFO - Sync 1 DAGs
[2024-02-09T18:31:30.604+0000] {logging_mixin.py:137} INFO - [2024-02-09T18:31:30.603+0000] {dag.py:3441} INFO - Setting next_dagrun for example_skip_dag to 2024-02-08T18:31:30.603830+00:00, run_after=2024-02-09T18:31:30.603830+00:00
[2024-02-09T18:31:30.614+0000] {processor.py:175} INFO - Processing /home/airflow/.local/lib/python3.7/site-packages/airflow/example_dags/example_skip_dag.py took 0.050 seconds
[2024-02-09T18:32:01.063+0000] {processor.py:153} INFO - Started process (PID=5062) to work on /home/airflow/.local/lib/python3.7/site-packages/airflow/example_dags/example_skip_dag.py
[2024-02-09T18:32:01.064+0000] {processor.py:743} INFO - Processing file /home/airflow/.local/lib/python3.7/site-packages/airflow/example_dags/example_skip_dag.py for tasks to queue
[2024-02-09T18:32:01.064+0000] {logging_mixin.py:137} INFO - [2024-02-09T18:32:01.064+0000] {dagbag.py:538} INFO - Filling up the DagBag from /home/airflow/.local/lib/python3.7/site-packages/airflow/example_dags/example_skip_dag.py
[2024-02-09T18:32:01.072+0000] {processor.py:753} INFO - DAG(s) dict_keys(['example_skip_dag']) retrieved from /home/airflow/.local/lib/python3.7/site-packages/airflow/example_dags/example_skip_dag.py
[2024-02-09T18:32:01.086+0000] {logging_mixin.py:137} INFO - [2024-02-09T18:32:01.086+0000] {dag.py:2690} INFO - Sync 1 DAGs
[2024-02-09T18:32:01.100+0000] {logging_mixin.py:137} INFO - [2024-02-09T18:32:01.100+0000] {dag.py:3441} INFO - Setting next_dagrun for example_skip_dag to 2024-02-08T18:32:01.100665+00:00, run_after=2024-02-09T18:32:01.100665+00:00
[2024-02-09T18:32:01.111+0000] {processor.py:175} INFO - Processing /home/airflow/.local/lib/python3.7/site-packages/airflow/example_dags/example_skip_dag.py took 0.050 seconds
[2024-02-09T18:32:31.556+0000] {processor.py:153} INFO - Started process (PID=5172) to work on /home/airflow/.local/lib/python3.7/site-packages/airflow/example_dags/example_skip_dag.py
[2024-02-09T18:32:31.557+0000] {processor.py:743} INFO - Processing file /home/airflow/.local/lib/python3.7/site-packages/airflow/example_dags/example_skip_dag.py for tasks to queue
[2024-02-09T18:32:31.557+0000] {logging_mixin.py:137} INFO - [2024-02-09T18:32:31.557+0000] {dagbag.py:538} INFO - Filling up the DagBag from /home/airflow/.local/lib/python3.7/site-packages/airflow/example_dags/example_skip_dag.py
[2024-02-09T18:32:31.566+0000] {processor.py:753} INFO - DAG(s) dict_keys(['example_skip_dag']) retrieved from /home/airflow/.local/lib/python3.7/site-packages/airflow/example_dags/example_skip_dag.py
[2024-02-09T18:32:31.580+0000] {logging_mixin.py:137} INFO - [2024-02-09T18:32:31.580+0000] {dag.py:2690} INFO - Sync 1 DAGs
[2024-02-09T18:32:31.596+0000] {logging_mixin.py:137} INFO - [2024-02-09T18:32:31.596+0000] {dag.py:3441} INFO - Setting next_dagrun for example_skip_dag to 2024-02-08T18:32:31.596137+00:00, run_after=2024-02-09T18:32:31.596137+00:00
[2024-02-09T18:32:31.607+0000] {processor.py:175} INFO - Processing /home/airflow/.local/lib/python3.7/site-packages/airflow/example_dags/example_skip_dag.py took 0.052 seconds
[2024-02-09T18:33:02.353+0000] {processor.py:153} INFO - Started process (PID=5300) to work on /home/airflow/.local/lib/python3.7/site-packages/airflow/example_dags/example_skip_dag.py
[2024-02-09T18:33:02.354+0000] {processor.py:743} INFO - Processing file /home/airflow/.local/lib/python3.7/site-packages/airflow/example_dags/example_skip_dag.py for tasks to queue
[2024-02-09T18:33:02.354+0000] {logging_mixin.py:137} INFO - [2024-02-09T18:33:02.354+0000] {dagbag.py:538} INFO - Filling up the DagBag from /home/airflow/.local/lib/python3.7/site-packages/airflow/example_dags/example_skip_dag.py
[2024-02-09T18:33:02.362+0000] {processor.py:753} INFO - DAG(s) dict_keys(['example_skip_dag']) retrieved from /home/airflow/.local/lib/python3.7/site-packages/airflow/example_dags/example_skip_dag.py
[2024-02-09T18:33:02.377+0000] {logging_mixin.py:137} INFO - [2024-02-09T18:33:02.377+0000] {dag.py:2690} INFO - Sync 1 DAGs
[2024-02-09T18:33:02.392+0000] {logging_mixin.py:137} INFO - [2024-02-09T18:33:02.392+0000] {dag.py:3441} INFO - Setting next_dagrun for example_skip_dag to 2024-02-08T18:33:02.392277+00:00, run_after=2024-02-09T18:33:02.392277+00:00
[2024-02-09T18:33:02.404+0000] {processor.py:175} INFO - Processing /home/airflow/.local/lib/python3.7/site-packages/airflow/example_dags/example_skip_dag.py took 0.053 seconds
[2024-02-09T18:33:32.912+0000] {processor.py:153} INFO - Started process (PID=5435) to work on /home/airflow/.local/lib/python3.7/site-packages/airflow/example_dags/example_skip_dag.py
[2024-02-09T18:33:32.912+0000] {processor.py:743} INFO - Processing file /home/airflow/.local/lib/python3.7/site-packages/airflow/example_dags/example_skip_dag.py for tasks to queue
[2024-02-09T18:33:32.912+0000] {logging_mixin.py:137} INFO - [2024-02-09T18:33:32.912+0000] {dagbag.py:538} INFO - Filling up the DagBag from /home/airflow/.local/lib/python3.7/site-packages/airflow/example_dags/example_skip_dag.py
[2024-02-09T18:33:32.921+0000] {processor.py:753} INFO - DAG(s) dict_keys(['example_skip_dag']) retrieved from /home/airflow/.local/lib/python3.7/site-packages/airflow/example_dags/example_skip_dag.py
[2024-02-09T18:33:32.935+0000] {logging_mixin.py:137} INFO - [2024-02-09T18:33:32.935+0000] {dag.py:2690} INFO - Sync 1 DAGs
[2024-02-09T18:33:32.950+0000] {logging_mixin.py:137} INFO - [2024-02-09T18:33:32.950+0000] {dag.py:3441} INFO - Setting next_dagrun for example_skip_dag to 2024-02-08T18:33:32.950017+00:00, run_after=2024-02-09T18:33:32.950017+00:00
[2024-02-09T18:33:32.960+0000] {processor.py:175} INFO - Processing /home/airflow/.local/lib/python3.7/site-packages/airflow/example_dags/example_skip_dag.py took 0.051 seconds
[2024-02-09T18:34:03.426+0000] {processor.py:153} INFO - Started process (PID=5547) to work on /home/airflow/.local/lib/python3.7/site-packages/airflow/example_dags/example_skip_dag.py
[2024-02-09T18:34:03.427+0000] {processor.py:743} INFO - Processing file /home/airflow/.local/lib/python3.7/site-packages/airflow/example_dags/example_skip_dag.py for tasks to queue
[2024-02-09T18:34:03.427+0000] {logging_mixin.py:137} INFO - [2024-02-09T18:34:03.427+0000] {dagbag.py:538} INFO - Filling up the DagBag from /home/airflow/.local/lib/python3.7/site-packages/airflow/example_dags/example_skip_dag.py
[2024-02-09T18:34:03.435+0000] {processor.py:753} INFO - DAG(s) dict_keys(['example_skip_dag']) retrieved from /home/airflow/.local/lib/python3.7/site-packages/airflow/example_dags/example_skip_dag.py
[2024-02-09T18:34:03.451+0000] {logging_mixin.py:137} INFO - [2024-02-09T18:34:03.451+0000] {dag.py:2690} INFO - Sync 1 DAGs
[2024-02-09T18:34:03.466+0000] {logging_mixin.py:137} INFO - [2024-02-09T18:34:03.466+0000] {dag.py:3441} INFO - Setting next_dagrun for example_skip_dag to 2024-02-08T18:34:03.466034+00:00, run_after=2024-02-09T18:34:03.466034+00:00
[2024-02-09T18:34:03.478+0000] {processor.py:175} INFO - Processing /home/airflow/.local/lib/python3.7/site-packages/airflow/example_dags/example_skip_dag.py took 0.054 seconds
[2024-02-09T18:34:34.108+0000] {processor.py:153} INFO - Started process (PID=5673) to work on /home/airflow/.local/lib/python3.7/site-packages/airflow/example_dags/example_skip_dag.py
[2024-02-09T18:34:34.108+0000] {processor.py:743} INFO - Processing file /home/airflow/.local/lib/python3.7/site-packages/airflow/example_dags/example_skip_dag.py for tasks to queue
[2024-02-09T18:34:34.109+0000] {logging_mixin.py:137} INFO - [2024-02-09T18:34:34.109+0000] {dagbag.py:538} INFO - Filling up the DagBag from /home/airflow/.local/lib/python3.7/site-packages/airflow/example_dags/example_skip_dag.py
[2024-02-09T18:34:34.116+0000] {processor.py:753} INFO - DAG(s) dict_keys(['example_skip_dag']) retrieved from /home/airflow/.local/lib/python3.7/site-packages/airflow/example_dags/example_skip_dag.py
[2024-02-09T18:34:34.130+0000] {logging_mixin.py:137} INFO - [2024-02-09T18:34:34.130+0000] {dag.py:2690} INFO - Sync 1 DAGs
[2024-02-09T18:34:34.145+0000] {logging_mixin.py:137} INFO - [2024-02-09T18:34:34.145+0000] {dag.py:3441} INFO - Setting next_dagrun for example_skip_dag to 2024-02-08T18:34:34.144879+00:00, run_after=2024-02-09T18:34:34.144879+00:00
[2024-02-09T18:34:34.156+0000] {processor.py:175} INFO - Processing /home/airflow/.local/lib/python3.7/site-packages/airflow/example_dags/example_skip_dag.py took 0.050 seconds
[2024-02-09T18:35:04.750+0000] {processor.py:153} INFO - Started process (PID=5808) to work on /home/airflow/.local/lib/python3.7/site-packages/airflow/example_dags/example_skip_dag.py
[2024-02-09T18:35:04.751+0000] {processor.py:743} INFO - Processing file /home/airflow/.local/lib/python3.7/site-packages/airflow/example_dags/example_skip_dag.py for tasks to queue
[2024-02-09T18:35:04.751+0000] {logging_mixin.py:137} INFO - [2024-02-09T18:35:04.751+0000] {dagbag.py:538} INFO - Filling up the DagBag from /home/airflow/.local/lib/python3.7/site-packages/airflow/example_dags/example_skip_dag.py
[2024-02-09T18:35:04.759+0000] {processor.py:753} INFO - DAG(s) dict_keys(['example_skip_dag']) retrieved from /home/airflow/.local/lib/python3.7/site-packages/airflow/example_dags/example_skip_dag.py
[2024-02-09T18:35:04.776+0000] {logging_mixin.py:137} INFO - [2024-02-09T18:35:04.776+0000] {dag.py:2690} INFO - Sync 1 DAGs
[2024-02-09T18:35:04.790+0000] {logging_mixin.py:137} INFO - [2024-02-09T18:35:04.790+0000] {dag.py:3441} INFO - Setting next_dagrun for example_skip_dag to 2024-02-08T18:35:04.790443+00:00, run_after=2024-02-09T18:35:04.790443+00:00
[2024-02-09T18:35:04.803+0000] {processor.py:175} INFO - Processing /home/airflow/.local/lib/python3.7/site-packages/airflow/example_dags/example_skip_dag.py took 0.054 seconds
[2024-02-09T18:35:35.425+0000] {processor.py:153} INFO - Started process (PID=5920) to work on /home/airflow/.local/lib/python3.7/site-packages/airflow/example_dags/example_skip_dag.py
[2024-02-09T18:35:35.426+0000] {processor.py:743} INFO - Processing file /home/airflow/.local/lib/python3.7/site-packages/airflow/example_dags/example_skip_dag.py for tasks to queue
[2024-02-09T18:35:35.426+0000] {logging_mixin.py:137} INFO - [2024-02-09T18:35:35.426+0000] {dagbag.py:538} INFO - Filling up the DagBag from /home/airflow/.local/lib/python3.7/site-packages/airflow/example_dags/example_skip_dag.py
[2024-02-09T18:35:35.434+0000] {processor.py:753} INFO - DAG(s) dict_keys(['example_skip_dag']) retrieved from /home/airflow/.local/lib/python3.7/site-packages/airflow/example_dags/example_skip_dag.py
[2024-02-09T18:35:35.453+0000] {logging_mixin.py:137} INFO - [2024-02-09T18:35:35.453+0000] {dag.py:2690} INFO - Sync 1 DAGs
[2024-02-09T18:35:35.477+0000] {logging_mixin.py:137} INFO - [2024-02-09T18:35:35.477+0000] {dag.py:3441} INFO - Setting next_dagrun for example_skip_dag to 2024-02-08T18:35:35.477420+00:00, run_after=2024-02-09T18:35:35.477420+00:00
[2024-02-09T18:35:35.507+0000] {processor.py:175} INFO - Processing /home/airflow/.local/lib/python3.7/site-packages/airflow/example_dags/example_skip_dag.py took 0.084 seconds
[2024-02-09T18:36:06.102+0000] {processor.py:153} INFO - Started process (PID=6046) to work on /home/airflow/.local/lib/python3.7/site-packages/airflow/example_dags/example_skip_dag.py
[2024-02-09T18:36:06.103+0000] {processor.py:743} INFO - Processing file /home/airflow/.local/lib/python3.7/site-packages/airflow/example_dags/example_skip_dag.py for tasks to queue
[2024-02-09T18:36:06.103+0000] {logging_mixin.py:137} INFO - [2024-02-09T18:36:06.103+0000] {dagbag.py:538} INFO - Filling up the DagBag from /home/airflow/.local/lib/python3.7/site-packages/airflow/example_dags/example_skip_dag.py
[2024-02-09T18:36:06.111+0000] {processor.py:753} INFO - DAG(s) dict_keys(['example_skip_dag']) retrieved from /home/airflow/.local/lib/python3.7/site-packages/airflow/example_dags/example_skip_dag.py
[2024-02-09T18:36:06.126+0000] {logging_mixin.py:137} INFO - [2024-02-09T18:36:06.126+0000] {dag.py:2690} INFO - Sync 1 DAGs
[2024-02-09T18:36:06.141+0000] {logging_mixin.py:137} INFO - [2024-02-09T18:36:06.140+0000] {dag.py:3441} INFO - Setting next_dagrun for example_skip_dag to 2024-02-08T18:36:06.140863+00:00, run_after=2024-02-09T18:36:06.140863+00:00
[2024-02-09T18:36:06.153+0000] {processor.py:175} INFO - Processing /home/airflow/.local/lib/python3.7/site-packages/airflow/example_dags/example_skip_dag.py took 0.053 seconds
[2024-02-09T18:36:36.574+0000] {processor.py:153} INFO - Started process (PID=6181) to work on /home/airflow/.local/lib/python3.7/site-packages/airflow/example_dags/example_skip_dag.py
[2024-02-09T18:36:36.574+0000] {processor.py:743} INFO - Processing file /home/airflow/.local/lib/python3.7/site-packages/airflow/example_dags/example_skip_dag.py for tasks to queue
[2024-02-09T18:36:36.575+0000] {logging_mixin.py:137} INFO - [2024-02-09T18:36:36.574+0000] {dagbag.py:538} INFO - Filling up the DagBag from /home/airflow/.local/lib/python3.7/site-packages/airflow/example_dags/example_skip_dag.py
[2024-02-09T18:36:36.582+0000] {processor.py:753} INFO - DAG(s) dict_keys(['example_skip_dag']) retrieved from /home/airflow/.local/lib/python3.7/site-packages/airflow/example_dags/example_skip_dag.py
[2024-02-09T18:36:36.595+0000] {logging_mixin.py:137} INFO - [2024-02-09T18:36:36.595+0000] {dag.py:2690} INFO - Sync 1 DAGs
[2024-02-09T18:36:36.610+0000] {logging_mixin.py:137} INFO - [2024-02-09T18:36:36.610+0000] {dag.py:3441} INFO - Setting next_dagrun for example_skip_dag to 2024-02-08T18:36:36.610192+00:00, run_after=2024-02-09T18:36:36.610192+00:00
[2024-02-09T18:36:36.621+0000] {processor.py:175} INFO - Processing /home/airflow/.local/lib/python3.7/site-packages/airflow/example_dags/example_skip_dag.py took 0.049 seconds
[2024-02-09T18:37:07.096+0000] {processor.py:153} INFO - Started process (PID=6316) to work on /home/airflow/.local/lib/python3.7/site-packages/airflow/example_dags/example_skip_dag.py
[2024-02-09T18:37:07.099+0000] {processor.py:743} INFO - Processing file /home/airflow/.local/lib/python3.7/site-packages/airflow/example_dags/example_skip_dag.py for tasks to queue
[2024-02-09T18:37:07.099+0000] {logging_mixin.py:137} INFO - [2024-02-09T18:37:07.099+0000] {dagbag.py:538} INFO - Filling up the DagBag from /home/airflow/.local/lib/python3.7/site-packages/airflow/example_dags/example_skip_dag.py
[2024-02-09T18:37:07.128+0000] {processor.py:753} INFO - DAG(s) dict_keys(['example_skip_dag']) retrieved from /home/airflow/.local/lib/python3.7/site-packages/airflow/example_dags/example_skip_dag.py
[2024-02-09T18:37:07.151+0000] {logging_mixin.py:137} INFO - [2024-02-09T18:37:07.151+0000] {dag.py:2690} INFO - Sync 1 DAGs
[2024-02-09T18:37:07.179+0000] {logging_mixin.py:137} INFO - [2024-02-09T18:37:07.178+0000] {dag.py:3441} INFO - Setting next_dagrun for example_skip_dag to 2024-02-08T18:37:07.178798+00:00, run_after=2024-02-09T18:37:07.178798+00:00
[2024-02-09T18:37:07.198+0000] {processor.py:175} INFO - Processing /home/airflow/.local/lib/python3.7/site-packages/airflow/example_dags/example_skip_dag.py took 0.110 seconds
[2024-02-09T18:37:37.757+0000] {processor.py:153} INFO - Started process (PID=6419) to work on /home/airflow/.local/lib/python3.7/site-packages/airflow/example_dags/example_skip_dag.py
[2024-02-09T18:37:37.758+0000] {processor.py:743} INFO - Processing file /home/airflow/.local/lib/python3.7/site-packages/airflow/example_dags/example_skip_dag.py for tasks to queue
[2024-02-09T18:37:37.758+0000] {logging_mixin.py:137} INFO - [2024-02-09T18:37:37.758+0000] {dagbag.py:538} INFO - Filling up the DagBag from /home/airflow/.local/lib/python3.7/site-packages/airflow/example_dags/example_skip_dag.py
[2024-02-09T18:37:37.766+0000] {processor.py:753} INFO - DAG(s) dict_keys(['example_skip_dag']) retrieved from /home/airflow/.local/lib/python3.7/site-packages/airflow/example_dags/example_skip_dag.py
[2024-02-09T18:37:37.780+0000] {logging_mixin.py:137} INFO - [2024-02-09T18:37:37.780+0000] {dag.py:2690} INFO - Sync 1 DAGs
[2024-02-09T18:37:37.795+0000] {logging_mixin.py:137} INFO - [2024-02-09T18:37:37.795+0000] {dag.py:3441} INFO - Setting next_dagrun for example_skip_dag to 2024-02-08T18:37:37.795373+00:00, run_after=2024-02-09T18:37:37.795373+00:00
[2024-02-09T18:37:37.806+0000] {processor.py:175} INFO - Processing /home/airflow/.local/lib/python3.7/site-packages/airflow/example_dags/example_skip_dag.py took 0.051 seconds
[2024-02-09T18:38:08.260+0000] {processor.py:153} INFO - Started process (PID=6555) to work on /home/airflow/.local/lib/python3.7/site-packages/airflow/example_dags/example_skip_dag.py
[2024-02-09T18:38:08.260+0000] {processor.py:743} INFO - Processing file /home/airflow/.local/lib/python3.7/site-packages/airflow/example_dags/example_skip_dag.py for tasks to queue
[2024-02-09T18:38:08.261+0000] {logging_mixin.py:137} INFO - [2024-02-09T18:38:08.261+0000] {dagbag.py:538} INFO - Filling up the DagBag from /home/airflow/.local/lib/python3.7/site-packages/airflow/example_dags/example_skip_dag.py
[2024-02-09T18:38:08.269+0000] {processor.py:753} INFO - DAG(s) dict_keys(['example_skip_dag']) retrieved from /home/airflow/.local/lib/python3.7/site-packages/airflow/example_dags/example_skip_dag.py
[2024-02-09T18:38:08.282+0000] {logging_mixin.py:137} INFO - [2024-02-09T18:38:08.282+0000] {dag.py:2690} INFO - Sync 1 DAGs
[2024-02-09T18:38:08.297+0000] {logging_mixin.py:137} INFO - [2024-02-09T18:38:08.297+0000] {dag.py:3441} INFO - Setting next_dagrun for example_skip_dag to 2024-02-08T18:38:08.297222+00:00, run_after=2024-02-09T18:38:08.297222+00:00
[2024-02-09T18:38:08.308+0000] {processor.py:175} INFO - Processing /home/airflow/.local/lib/python3.7/site-packages/airflow/example_dags/example_skip_dag.py took 0.050 seconds
[2024-02-09T18:38:38.809+0000] {processor.py:153} INFO - Started process (PID=6667) to work on /home/airflow/.local/lib/python3.7/site-packages/airflow/example_dags/example_skip_dag.py
[2024-02-09T18:38:38.810+0000] {processor.py:743} INFO - Processing file /home/airflow/.local/lib/python3.7/site-packages/airflow/example_dags/example_skip_dag.py for tasks to queue
[2024-02-09T18:38:38.810+0000] {logging_mixin.py:137} INFO - [2024-02-09T18:38:38.810+0000] {dagbag.py:538} INFO - Filling up the DagBag from /home/airflow/.local/lib/python3.7/site-packages/airflow/example_dags/example_skip_dag.py
[2024-02-09T18:38:38.818+0000] {processor.py:753} INFO - DAG(s) dict_keys(['example_skip_dag']) retrieved from /home/airflow/.local/lib/python3.7/site-packages/airflow/example_dags/example_skip_dag.py
[2024-02-09T18:38:38.835+0000] {logging_mixin.py:137} INFO - [2024-02-09T18:38:38.834+0000] {dag.py:2690} INFO - Sync 1 DAGs
[2024-02-09T18:38:38.851+0000] {logging_mixin.py:137} INFO - [2024-02-09T18:38:38.851+0000] {dag.py:3441} INFO - Setting next_dagrun for example_skip_dag to 2024-02-08T18:38:38.851479+00:00, run_after=2024-02-09T18:38:38.851479+00:00
[2024-02-09T18:38:38.864+0000] {processor.py:175} INFO - Processing /home/airflow/.local/lib/python3.7/site-packages/airflow/example_dags/example_skip_dag.py took 0.057 seconds
[2024-02-09T18:39:09.568+0000] {processor.py:153} INFO - Started process (PID=6793) to work on /home/airflow/.local/lib/python3.7/site-packages/airflow/example_dags/example_skip_dag.py
[2024-02-09T18:39:09.569+0000] {processor.py:743} INFO - Processing file /home/airflow/.local/lib/python3.7/site-packages/airflow/example_dags/example_skip_dag.py for tasks to queue
[2024-02-09T18:39:09.569+0000] {logging_mixin.py:137} INFO - [2024-02-09T18:39:09.569+0000] {dagbag.py:538} INFO - Filling up the DagBag from /home/airflow/.local/lib/python3.7/site-packages/airflow/example_dags/example_skip_dag.py
[2024-02-09T18:39:09.577+0000] {processor.py:753} INFO - DAG(s) dict_keys(['example_skip_dag']) retrieved from /home/airflow/.local/lib/python3.7/site-packages/airflow/example_dags/example_skip_dag.py
[2024-02-09T18:39:09.592+0000] {logging_mixin.py:137} INFO - [2024-02-09T18:39:09.592+0000] {dag.py:2690} INFO - Sync 1 DAGs
[2024-02-09T18:39:09.607+0000] {logging_mixin.py:137} INFO - [2024-02-09T18:39:09.607+0000] {dag.py:3441} INFO - Setting next_dagrun for example_skip_dag to 2024-02-08T18:39:09.607215+00:00, run_after=2024-02-09T18:39:09.607215+00:00
[2024-02-09T18:39:09.620+0000] {processor.py:175} INFO - Processing /home/airflow/.local/lib/python3.7/site-packages/airflow/example_dags/example_skip_dag.py took 0.054 seconds
[2024-02-09T18:39:40.056+0000] {processor.py:153} INFO - Started process (PID=6928) to work on /home/airflow/.local/lib/python3.7/site-packages/airflow/example_dags/example_skip_dag.py
[2024-02-09T18:39:40.057+0000] {processor.py:743} INFO - Processing file /home/airflow/.local/lib/python3.7/site-packages/airflow/example_dags/example_skip_dag.py for tasks to queue
[2024-02-09T18:39:40.057+0000] {logging_mixin.py:137} INFO - [2024-02-09T18:39:40.057+0000] {dagbag.py:538} INFO - Filling up the DagBag from /home/airflow/.local/lib/python3.7/site-packages/airflow/example_dags/example_skip_dag.py
[2024-02-09T18:39:40.065+0000] {processor.py:753} INFO - DAG(s) dict_keys(['example_skip_dag']) retrieved from /home/airflow/.local/lib/python3.7/site-packages/airflow/example_dags/example_skip_dag.py
[2024-02-09T18:39:40.080+0000] {logging_mixin.py:137} INFO - [2024-02-09T18:39:40.079+0000] {dag.py:2690} INFO - Sync 1 DAGs
[2024-02-09T18:39:40.093+0000] {logging_mixin.py:137} INFO - [2024-02-09T18:39:40.093+0000] {dag.py:3441} INFO - Setting next_dagrun for example_skip_dag to 2024-02-08T18:39:40.093614+00:00, run_after=2024-02-09T18:39:40.093614+00:00
[2024-02-09T18:39:40.106+0000] {processor.py:175} INFO - Processing /home/airflow/.local/lib/python3.7/site-packages/airflow/example_dags/example_skip_dag.py took 0.051 seconds
[2024-02-09T18:40:10.676+0000] {processor.py:153} INFO - Started process (PID=7031) to work on /home/airflow/.local/lib/python3.7/site-packages/airflow/example_dags/example_skip_dag.py
[2024-02-09T18:40:10.677+0000] {processor.py:743} INFO - Processing file /home/airflow/.local/lib/python3.7/site-packages/airflow/example_dags/example_skip_dag.py for tasks to queue
[2024-02-09T18:40:10.677+0000] {logging_mixin.py:137} INFO - [2024-02-09T18:40:10.677+0000] {dagbag.py:538} INFO - Filling up the DagBag from /home/airflow/.local/lib/python3.7/site-packages/airflow/example_dags/example_skip_dag.py
[2024-02-09T18:40:10.684+0000] {processor.py:753} INFO - DAG(s) dict_keys(['example_skip_dag']) retrieved from /home/airflow/.local/lib/python3.7/site-packages/airflow/example_dags/example_skip_dag.py
[2024-02-09T18:40:10.699+0000] {logging_mixin.py:137} INFO - [2024-02-09T18:40:10.699+0000] {dag.py:2690} INFO - Sync 1 DAGs
[2024-02-09T18:40:10.713+0000] {logging_mixin.py:137} INFO - [2024-02-09T18:40:10.713+0000] {dag.py:3441} INFO - Setting next_dagrun for example_skip_dag to 2024-02-08T18:40:10.713255+00:00, run_after=2024-02-09T18:40:10.713255+00:00
[2024-02-09T18:40:10.723+0000] {processor.py:175} INFO - Processing /home/airflow/.local/lib/python3.7/site-packages/airflow/example_dags/example_skip_dag.py took 0.049 seconds
[2024-02-09T18:40:41.306+0000] {processor.py:153} INFO - Started process (PID=7166) to work on /home/airflow/.local/lib/python3.7/site-packages/airflow/example_dags/example_skip_dag.py
[2024-02-09T18:40:41.307+0000] {processor.py:743} INFO - Processing file /home/airflow/.local/lib/python3.7/site-packages/airflow/example_dags/example_skip_dag.py for tasks to queue
[2024-02-09T18:40:41.307+0000] {logging_mixin.py:137} INFO - [2024-02-09T18:40:41.307+0000] {dagbag.py:538} INFO - Filling up the DagBag from /home/airflow/.local/lib/python3.7/site-packages/airflow/example_dags/example_skip_dag.py
[2024-02-09T18:40:41.315+0000] {processor.py:753} INFO - DAG(s) dict_keys(['example_skip_dag']) retrieved from /home/airflow/.local/lib/python3.7/site-packages/airflow/example_dags/example_skip_dag.py
[2024-02-09T18:40:41.332+0000] {logging_mixin.py:137} INFO - [2024-02-09T18:40:41.331+0000] {dag.py:2690} INFO - Sync 1 DAGs
[2024-02-09T18:40:41.347+0000] {logging_mixin.py:137} INFO - [2024-02-09T18:40:41.347+0000] {dag.py:3441} INFO - Setting next_dagrun for example_skip_dag to 2024-02-08T18:40:41.347022+00:00, run_after=2024-02-09T18:40:41.347022+00:00
[2024-02-09T18:40:41.359+0000] {processor.py:175} INFO - Processing /home/airflow/.local/lib/python3.7/site-packages/airflow/example_dags/example_skip_dag.py took 0.056 seconds
[2024-02-09T18:41:11.822+0000] {processor.py:153} INFO - Started process (PID=7301) to work on /home/airflow/.local/lib/python3.7/site-packages/airflow/example_dags/example_skip_dag.py
[2024-02-09T18:41:11.822+0000] {processor.py:743} INFO - Processing file /home/airflow/.local/lib/python3.7/site-packages/airflow/example_dags/example_skip_dag.py for tasks to queue
[2024-02-09T18:41:11.823+0000] {logging_mixin.py:137} INFO - [2024-02-09T18:41:11.823+0000] {dagbag.py:538} INFO - Filling up the DagBag from /home/airflow/.local/lib/python3.7/site-packages/airflow/example_dags/example_skip_dag.py
[2024-02-09T18:41:11.831+0000] {processor.py:753} INFO - DAG(s) dict_keys(['example_skip_dag']) retrieved from /home/airflow/.local/lib/python3.7/site-packages/airflow/example_dags/example_skip_dag.py
[2024-02-09T18:41:11.845+0000] {logging_mixin.py:137} INFO - [2024-02-09T18:41:11.844+0000] {dag.py:2690} INFO - Sync 1 DAGs
[2024-02-09T18:41:11.859+0000] {logging_mixin.py:137} INFO - [2024-02-09T18:41:11.859+0000] {dag.py:3441} INFO - Setting next_dagrun for example_skip_dag to 2024-02-08T18:41:11.858979+00:00, run_after=2024-02-09T18:41:11.858979+00:00
[2024-02-09T18:41:11.870+0000] {processor.py:175} INFO - Processing /home/airflow/.local/lib/python3.7/site-packages/airflow/example_dags/example_skip_dag.py took 0.050 seconds
[2024-02-09T18:41:42.323+0000] {processor.py:153} INFO - Started process (PID=7404) to work on /home/airflow/.local/lib/python3.7/site-packages/airflow/example_dags/example_skip_dag.py
[2024-02-09T18:41:42.323+0000] {processor.py:743} INFO - Processing file /home/airflow/.local/lib/python3.7/site-packages/airflow/example_dags/example_skip_dag.py for tasks to queue
[2024-02-09T18:41:42.324+0000] {logging_mixin.py:137} INFO - [2024-02-09T18:41:42.324+0000] {dagbag.py:538} INFO - Filling up the DagBag from /home/airflow/.local/lib/python3.7/site-packages/airflow/example_dags/example_skip_dag.py
[2024-02-09T18:41:42.331+0000] {processor.py:753} INFO - DAG(s) dict_keys(['example_skip_dag']) retrieved from /home/airflow/.local/lib/python3.7/site-packages/airflow/example_dags/example_skip_dag.py
[2024-02-09T18:41:42.345+0000] {logging_mixin.py:137} INFO - [2024-02-09T18:41:42.345+0000] {dag.py:2690} INFO - Sync 1 DAGs
[2024-02-09T18:41:42.360+0000] {logging_mixin.py:137} INFO - [2024-02-09T18:41:42.360+0000] {dag.py:3441} INFO - Setting next_dagrun for example_skip_dag to 2024-02-08T18:41:42.359966+00:00, run_after=2024-02-09T18:41:42.359966+00:00
[2024-02-09T18:41:42.371+0000] {processor.py:175} INFO - Processing /home/airflow/.local/lib/python3.7/site-packages/airflow/example_dags/example_skip_dag.py took 0.050 seconds
[2024-02-09T18:42:12.913+0000] {processor.py:153} INFO - Started process (PID=7539) to work on /home/airflow/.local/lib/python3.7/site-packages/airflow/example_dags/example_skip_dag.py
[2024-02-09T18:42:12.914+0000] {processor.py:743} INFO - Processing file /home/airflow/.local/lib/python3.7/site-packages/airflow/example_dags/example_skip_dag.py for tasks to queue
[2024-02-09T18:42:12.914+0000] {logging_mixin.py:137} INFO - [2024-02-09T18:42:12.914+0000] {dagbag.py:538} INFO - Filling up the DagBag from /home/airflow/.local/lib/python3.7/site-packages/airflow/example_dags/example_skip_dag.py
[2024-02-09T18:42:12.922+0000] {processor.py:753} INFO - DAG(s) dict_keys(['example_skip_dag']) retrieved from /home/airflow/.local/lib/python3.7/site-packages/airflow/example_dags/example_skip_dag.py
[2024-02-09T18:42:12.935+0000] {logging_mixin.py:137} INFO - [2024-02-09T18:42:12.935+0000] {dag.py:2690} INFO - Sync 1 DAGs
[2024-02-09T18:42:12.950+0000] {logging_mixin.py:137} INFO - [2024-02-09T18:42:12.949+0000] {dag.py:3441} INFO - Setting next_dagrun for example_skip_dag to 2024-02-08T18:42:12.949864+00:00, run_after=2024-02-09T18:42:12.949864+00:00
[2024-02-09T18:42:12.962+0000] {processor.py:175} INFO - Processing /home/airflow/.local/lib/python3.7/site-packages/airflow/example_dags/example_skip_dag.py took 0.050 seconds
[2024-02-09T18:42:43.518+0000] {processor.py:153} INFO - Started process (PID=7674) to work on /home/airflow/.local/lib/python3.7/site-packages/airflow/example_dags/example_skip_dag.py
[2024-02-09T18:42:43.519+0000] {processor.py:743} INFO - Processing file /home/airflow/.local/lib/python3.7/site-packages/airflow/example_dags/example_skip_dag.py for tasks to queue
[2024-02-09T18:42:43.519+0000] {logging_mixin.py:137} INFO - [2024-02-09T18:42:43.519+0000] {dagbag.py:538} INFO - Filling up the DagBag from /home/airflow/.local/lib/python3.7/site-packages/airflow/example_dags/example_skip_dag.py
[2024-02-09T18:42:43.527+0000] {processor.py:753} INFO - DAG(s) dict_keys(['example_skip_dag']) retrieved from /home/airflow/.local/lib/python3.7/site-packages/airflow/example_dags/example_skip_dag.py
[2024-02-09T18:42:43.543+0000] {logging_mixin.py:137} INFO - [2024-02-09T18:42:43.543+0000] {dag.py:2690} INFO - Sync 1 DAGs
[2024-02-09T18:42:43.557+0000] {logging_mixin.py:137} INFO - [2024-02-09T18:42:43.557+0000] {dag.py:3441} INFO - Setting next_dagrun for example_skip_dag to 2024-02-08T18:42:43.557686+00:00, run_after=2024-02-09T18:42:43.557686+00:00
[2024-02-09T18:42:43.568+0000] {processor.py:175} INFO - Processing /home/airflow/.local/lib/python3.7/site-packages/airflow/example_dags/example_skip_dag.py took 0.052 seconds
[2024-02-09T18:43:14.088+0000] {processor.py:153} INFO - Started process (PID=7777) to work on /home/airflow/.local/lib/python3.7/site-packages/airflow/example_dags/example_skip_dag.py
[2024-02-09T18:43:14.089+0000] {processor.py:743} INFO - Processing file /home/airflow/.local/lib/python3.7/site-packages/airflow/example_dags/example_skip_dag.py for tasks to queue
[2024-02-09T18:43:14.089+0000] {logging_mixin.py:137} INFO - [2024-02-09T18:43:14.089+0000] {dagbag.py:538} INFO - Filling up the DagBag from /home/airflow/.local/lib/python3.7/site-packages/airflow/example_dags/example_skip_dag.py
[2024-02-09T18:43:14.098+0000] {processor.py:753} INFO - DAG(s) dict_keys(['example_skip_dag']) retrieved from /home/airflow/.local/lib/python3.7/site-packages/airflow/example_dags/example_skip_dag.py
[2024-02-09T18:43:14.112+0000] {logging_mixin.py:137} INFO - [2024-02-09T18:43:14.112+0000] {dag.py:2690} INFO - Sync 1 DAGs
[2024-02-09T18:43:14.127+0000] {logging_mixin.py:137} INFO - [2024-02-09T18:43:14.127+0000] {dag.py:3441} INFO - Setting next_dagrun for example_skip_dag to 2024-02-08T18:43:14.127537+00:00, run_after=2024-02-09T18:43:14.127537+00:00
[2024-02-09T18:43:14.139+0000] {processor.py:175} INFO - Processing /home/airflow/.local/lib/python3.7/site-packages/airflow/example_dags/example_skip_dag.py took 0.052 seconds
[2024-02-09T18:43:44.698+0000] {processor.py:153} INFO - Started process (PID=7913) to work on /home/airflow/.local/lib/python3.7/site-packages/airflow/example_dags/example_skip_dag.py
[2024-02-09T18:43:44.698+0000] {processor.py:743} INFO - Processing file /home/airflow/.local/lib/python3.7/site-packages/airflow/example_dags/example_skip_dag.py for tasks to queue
[2024-02-09T18:43:44.698+0000] {logging_mixin.py:137} INFO - [2024-02-09T18:43:44.698+0000] {dagbag.py:538} INFO - Filling up the DagBag from /home/airflow/.local/lib/python3.7/site-packages/airflow/example_dags/example_skip_dag.py
[2024-02-09T18:43:44.706+0000] {processor.py:753} INFO - DAG(s) dict_keys(['example_skip_dag']) retrieved from /home/airflow/.local/lib/python3.7/site-packages/airflow/example_dags/example_skip_dag.py
[2024-02-09T18:43:44.721+0000] {logging_mixin.py:137} INFO - [2024-02-09T18:43:44.721+0000] {dag.py:2690} INFO - Sync 1 DAGs
[2024-02-09T18:43:44.735+0000] {logging_mixin.py:137} INFO - [2024-02-09T18:43:44.735+0000] {dag.py:3441} INFO - Setting next_dagrun for example_skip_dag to 2024-02-08T18:43:44.735421+00:00, run_after=2024-02-09T18:43:44.735421+00:00
[2024-02-09T18:43:44.746+0000] {processor.py:175} INFO - Processing /home/airflow/.local/lib/python3.7/site-packages/airflow/example_dags/example_skip_dag.py took 0.050 seconds
[2024-02-09T18:44:15.167+0000] {processor.py:153} INFO - Started process (PID=8048) to work on /home/airflow/.local/lib/python3.7/site-packages/airflow/example_dags/example_skip_dag.py
[2024-02-09T18:44:15.168+0000] {processor.py:743} INFO - Processing file /home/airflow/.local/lib/python3.7/site-packages/airflow/example_dags/example_skip_dag.py for tasks to queue
[2024-02-09T18:44:15.168+0000] {logging_mixin.py:137} INFO - [2024-02-09T18:44:15.168+0000] {dagbag.py:538} INFO - Filling up the DagBag from /home/airflow/.local/lib/python3.7/site-packages/airflow/example_dags/example_skip_dag.py
[2024-02-09T18:44:15.176+0000] {processor.py:753} INFO - DAG(s) dict_keys(['example_skip_dag']) retrieved from /home/airflow/.local/lib/python3.7/site-packages/airflow/example_dags/example_skip_dag.py
[2024-02-09T18:44:15.190+0000] {logging_mixin.py:137} INFO - [2024-02-09T18:44:15.190+0000] {dag.py:2690} INFO - Sync 1 DAGs
[2024-02-09T18:44:15.205+0000] {logging_mixin.py:137} INFO - [2024-02-09T18:44:15.205+0000] {dag.py:3441} INFO - Setting next_dagrun for example_skip_dag to 2024-02-08T18:44:15.205701+00:00, run_after=2024-02-09T18:44:15.205701+00:00
[2024-02-09T18:44:15.216+0000] {processor.py:175} INFO - Processing /home/airflow/.local/lib/python3.7/site-packages/airflow/example_dags/example_skip_dag.py took 0.051 seconds
[2024-02-09T18:44:45.602+0000] {processor.py:153} INFO - Started process (PID=8151) to work on /home/airflow/.local/lib/python3.7/site-packages/airflow/example_dags/example_skip_dag.py
[2024-02-09T18:44:45.602+0000] {processor.py:743} INFO - Processing file /home/airflow/.local/lib/python3.7/site-packages/airflow/example_dags/example_skip_dag.py for tasks to queue
[2024-02-09T18:44:45.602+0000] {logging_mixin.py:137} INFO - [2024-02-09T18:44:45.602+0000] {dagbag.py:538} INFO - Filling up the DagBag from /home/airflow/.local/lib/python3.7/site-packages/airflow/example_dags/example_skip_dag.py
[2024-02-09T18:44:45.610+0000] {processor.py:753} INFO - DAG(s) dict_keys(['example_skip_dag']) retrieved from /home/airflow/.local/lib/python3.7/site-packages/airflow/example_dags/example_skip_dag.py
[2024-02-09T18:44:45.624+0000] {logging_mixin.py:137} INFO - [2024-02-09T18:44:45.624+0000] {dag.py:2690} INFO - Sync 1 DAGs
[2024-02-09T18:44:45.638+0000] {logging_mixin.py:137} INFO - [2024-02-09T18:44:45.638+0000] {dag.py:3441} INFO - Setting next_dagrun for example_skip_dag to 2024-02-08T18:44:45.637901+00:00, run_after=2024-02-09T18:44:45.637901+00:00
[2024-02-09T18:44:45.649+0000] {processor.py:175} INFO - Processing /home/airflow/.local/lib/python3.7/site-packages/airflow/example_dags/example_skip_dag.py took 0.050 seconds
[2024-02-09T18:45:16.256+0000] {processor.py:153} INFO - Started process (PID=8286) to work on /home/airflow/.local/lib/python3.7/site-packages/airflow/example_dags/example_skip_dag.py
[2024-02-09T18:45:16.257+0000] {processor.py:743} INFO - Processing file /home/airflow/.local/lib/python3.7/site-packages/airflow/example_dags/example_skip_dag.py for tasks to queue
[2024-02-09T18:45:16.257+0000] {logging_mixin.py:137} INFO - [2024-02-09T18:45:16.257+0000] {dagbag.py:538} INFO - Filling up the DagBag from /home/airflow/.local/lib/python3.7/site-packages/airflow/example_dags/example_skip_dag.py
[2024-02-09T18:45:16.265+0000] {processor.py:753} INFO - DAG(s) dict_keys(['example_skip_dag']) retrieved from /home/airflow/.local/lib/python3.7/site-packages/airflow/example_dags/example_skip_dag.py
[2024-02-09T18:45:16.279+0000] {logging_mixin.py:137} INFO - [2024-02-09T18:45:16.279+0000] {dag.py:2690} INFO - Sync 1 DAGs
[2024-02-09T18:45:16.293+0000] {logging_mixin.py:137} INFO - [2024-02-09T18:45:16.293+0000] {dag.py:3441} INFO - Setting next_dagrun for example_skip_dag to 2024-02-08T18:45:16.293222+00:00, run_after=2024-02-09T18:45:16.293222+00:00
[2024-02-09T18:45:16.304+0000] {processor.py:175} INFO - Processing /home/airflow/.local/lib/python3.7/site-packages/airflow/example_dags/example_skip_dag.py took 0.050 seconds
[2024-02-09T18:45:46.735+0000] {processor.py:153} INFO - Started process (PID=8421) to work on /home/airflow/.local/lib/python3.7/site-packages/airflow/example_dags/example_skip_dag.py
[2024-02-09T18:45:46.736+0000] {processor.py:743} INFO - Processing file /home/airflow/.local/lib/python3.7/site-packages/airflow/example_dags/example_skip_dag.py for tasks to queue
[2024-02-09T18:45:46.736+0000] {logging_mixin.py:137} INFO - [2024-02-09T18:45:46.736+0000] {dagbag.py:538} INFO - Filling up the DagBag from /home/airflow/.local/lib/python3.7/site-packages/airflow/example_dags/example_skip_dag.py
[2024-02-09T18:45:46.744+0000] {processor.py:753} INFO - DAG(s) dict_keys(['example_skip_dag']) retrieved from /home/airflow/.local/lib/python3.7/site-packages/airflow/example_dags/example_skip_dag.py
[2024-02-09T18:45:46.758+0000] {logging_mixin.py:137} INFO - [2024-02-09T18:45:46.758+0000] {dag.py:2690} INFO - Sync 1 DAGs
[2024-02-09T18:45:46.773+0000] {logging_mixin.py:137} INFO - [2024-02-09T18:45:46.773+0000] {dag.py:3441} INFO - Setting next_dagrun for example_skip_dag to 2024-02-08T18:45:46.773114+00:00, run_after=2024-02-09T18:45:46.773114+00:00
[2024-02-09T18:45:46.784+0000] {processor.py:175} INFO - Processing /home/airflow/.local/lib/python3.7/site-packages/airflow/example_dags/example_skip_dag.py took 0.050 seconds
[2024-02-09T18:46:17.246+0000] {processor.py:153} INFO - Started process (PID=8524) to work on /home/airflow/.local/lib/python3.7/site-packages/airflow/example_dags/example_skip_dag.py
[2024-02-09T18:46:17.247+0000] {processor.py:743} INFO - Processing file /home/airflow/.local/lib/python3.7/site-packages/airflow/example_dags/example_skip_dag.py for tasks to queue
[2024-02-09T18:46:17.247+0000] {logging_mixin.py:137} INFO - [2024-02-09T18:46:17.247+0000] {dagbag.py:538} INFO - Filling up the DagBag from /home/airflow/.local/lib/python3.7/site-packages/airflow/example_dags/example_skip_dag.py
[2024-02-09T18:46:17.254+0000] {processor.py:753} INFO - DAG(s) dict_keys(['example_skip_dag']) retrieved from /home/airflow/.local/lib/python3.7/site-packages/airflow/example_dags/example_skip_dag.py
[2024-02-09T18:46:17.269+0000] {logging_mixin.py:137} INFO - [2024-02-09T18:46:17.268+0000] {dag.py:2690} INFO - Sync 1 DAGs
[2024-02-09T18:46:17.283+0000] {logging_mixin.py:137} INFO - [2024-02-09T18:46:17.283+0000] {dag.py:3441} INFO - Setting next_dagrun for example_skip_dag to 2024-02-08T18:46:17.283354+00:00, run_after=2024-02-09T18:46:17.283354+00:00
[2024-02-09T18:46:17.295+0000] {processor.py:175} INFO - Processing /home/airflow/.local/lib/python3.7/site-packages/airflow/example_dags/example_skip_dag.py took 0.051 seconds
[2024-02-09T18:46:47.888+0000] {processor.py:153} INFO - Started process (PID=8659) to work on /home/airflow/.local/lib/python3.7/site-packages/airflow/example_dags/example_skip_dag.py
[2024-02-09T18:46:47.889+0000] {processor.py:743} INFO - Processing file /home/airflow/.local/lib/python3.7/site-packages/airflow/example_dags/example_skip_dag.py for tasks to queue
[2024-02-09T18:46:47.889+0000] {logging_mixin.py:137} INFO - [2024-02-09T18:46:47.889+0000] {dagbag.py:538} INFO - Filling up the DagBag from /home/airflow/.local/lib/python3.7/site-packages/airflow/example_dags/example_skip_dag.py
[2024-02-09T18:46:47.897+0000] {processor.py:753} INFO - DAG(s) dict_keys(['example_skip_dag']) retrieved from /home/airflow/.local/lib/python3.7/site-packages/airflow/example_dags/example_skip_dag.py
[2024-02-09T18:46:47.912+0000] {logging_mixin.py:137} INFO - [2024-02-09T18:46:47.912+0000] {dag.py:2690} INFO - Sync 1 DAGs
[2024-02-09T18:46:47.927+0000] {logging_mixin.py:137} INFO - [2024-02-09T18:46:47.927+0000] {dag.py:3441} INFO - Setting next_dagrun for example_skip_dag to 2024-02-08T18:46:47.927466+00:00, run_after=2024-02-09T18:46:47.927466+00:00
[2024-02-09T18:46:47.939+0000] {processor.py:175} INFO - Processing /home/airflow/.local/lib/python3.7/site-packages/airflow/example_dags/example_skip_dag.py took 0.053 seconds
[2024-02-09T18:47:18.390+0000] {processor.py:153} INFO - Started process (PID=8794) to work on /home/airflow/.local/lib/python3.7/site-packages/airflow/example_dags/example_skip_dag.py
[2024-02-09T18:47:18.390+0000] {processor.py:743} INFO - Processing file /home/airflow/.local/lib/python3.7/site-packages/airflow/example_dags/example_skip_dag.py for tasks to queue
[2024-02-09T18:47:18.391+0000] {logging_mixin.py:137} INFO - [2024-02-09T18:47:18.391+0000] {dagbag.py:538} INFO - Filling up the DagBag from /home/airflow/.local/lib/python3.7/site-packages/airflow/example_dags/example_skip_dag.py
[2024-02-09T18:47:18.398+0000] {processor.py:753} INFO - DAG(s) dict_keys(['example_skip_dag']) retrieved from /home/airflow/.local/lib/python3.7/site-packages/airflow/example_dags/example_skip_dag.py
[2024-02-09T18:47:18.413+0000] {logging_mixin.py:137} INFO - [2024-02-09T18:47:18.413+0000] {dag.py:2690} INFO - Sync 1 DAGs
[2024-02-09T18:47:18.427+0000] {logging_mixin.py:137} INFO - [2024-02-09T18:47:18.427+0000] {dag.py:3441} INFO - Setting next_dagrun for example_skip_dag to 2024-02-08T18:47:18.427584+00:00, run_after=2024-02-09T18:47:18.427584+00:00
[2024-02-09T18:47:18.441+0000] {processor.py:175} INFO - Processing /home/airflow/.local/lib/python3.7/site-packages/airflow/example_dags/example_skip_dag.py took 0.053 seconds
[2024-02-09T18:47:48.874+0000] {processor.py:153} INFO - Started process (PID=8897) to work on /home/airflow/.local/lib/python3.7/site-packages/airflow/example_dags/example_skip_dag.py
[2024-02-09T18:47:48.875+0000] {processor.py:743} INFO - Processing file /home/airflow/.local/lib/python3.7/site-packages/airflow/example_dags/example_skip_dag.py for tasks to queue
[2024-02-09T18:47:48.875+0000] {logging_mixin.py:137} INFO - [2024-02-09T18:47:48.875+0000] {dagbag.py:538} INFO - Filling up the DagBag from /home/airflow/.local/lib/python3.7/site-packages/airflow/example_dags/example_skip_dag.py
[2024-02-09T18:47:48.882+0000] {processor.py:753} INFO - DAG(s) dict_keys(['example_skip_dag']) retrieved from /home/airflow/.local/lib/python3.7/site-packages/airflow/example_dags/example_skip_dag.py
[2024-02-09T18:47:48.896+0000] {logging_mixin.py:137} INFO - [2024-02-09T18:47:48.896+0000] {dag.py:2690} INFO - Sync 1 DAGs
[2024-02-09T18:47:48.911+0000] {logging_mixin.py:137} INFO - [2024-02-09T18:47:48.910+0000] {dag.py:3441} INFO - Setting next_dagrun for example_skip_dag to 2024-02-08T18:47:48.910821+00:00, run_after=2024-02-09T18:47:48.910821+00:00
[2024-02-09T18:47:48.922+0000] {processor.py:175} INFO - Processing /home/airflow/.local/lib/python3.7/site-packages/airflow/example_dags/example_skip_dag.py took 0.050 seconds
[2024-02-09T18:48:19.424+0000] {processor.py:153} INFO - Started process (PID=9032) to work on /home/airflow/.local/lib/python3.7/site-packages/airflow/example_dags/example_skip_dag.py
[2024-02-09T18:48:19.425+0000] {processor.py:743} INFO - Processing file /home/airflow/.local/lib/python3.7/site-packages/airflow/example_dags/example_skip_dag.py for tasks to queue
[2024-02-09T18:48:19.425+0000] {logging_mixin.py:137} INFO - [2024-02-09T18:48:19.425+0000] {dagbag.py:538} INFO - Filling up the DagBag from /home/airflow/.local/lib/python3.7/site-packages/airflow/example_dags/example_skip_dag.py
[2024-02-09T18:48:19.433+0000] {processor.py:753} INFO - DAG(s) dict_keys(['example_skip_dag']) retrieved from /home/airflow/.local/lib/python3.7/site-packages/airflow/example_dags/example_skip_dag.py
[2024-02-09T18:48:19.447+0000] {logging_mixin.py:137} INFO - [2024-02-09T18:48:19.447+0000] {dag.py:2690} INFO - Sync 1 DAGs
[2024-02-09T18:48:19.460+0000] {logging_mixin.py:137} INFO - [2024-02-09T18:48:19.460+0000] {dag.py:3441} INFO - Setting next_dagrun for example_skip_dag to 2024-02-08T18:48:19.460736+00:00, run_after=2024-02-09T18:48:19.460736+00:00
[2024-02-09T18:48:19.471+0000] {processor.py:175} INFO - Processing /home/airflow/.local/lib/python3.7/site-packages/airflow/example_dags/example_skip_dag.py took 0.049 seconds
[2024-02-09T18:48:49.962+0000] {processor.py:153} INFO - Started process (PID=9167) to work on /home/airflow/.local/lib/python3.7/site-packages/airflow/example_dags/example_skip_dag.py
[2024-02-09T18:48:49.963+0000] {processor.py:743} INFO - Processing file /home/airflow/.local/lib/python3.7/site-packages/airflow/example_dags/example_skip_dag.py for tasks to queue
[2024-02-09T18:48:49.963+0000] {logging_mixin.py:137} INFO - [2024-02-09T18:48:49.963+0000] {dagbag.py:538} INFO - Filling up the DagBag from /home/airflow/.local/lib/python3.7/site-packages/airflow/example_dags/example_skip_dag.py
[2024-02-09T18:48:49.973+0000] {processor.py:753} INFO - DAG(s) dict_keys(['example_skip_dag']) retrieved from /home/airflow/.local/lib/python3.7/site-packages/airflow/example_dags/example_skip_dag.py
[2024-02-09T18:48:49.988+0000] {logging_mixin.py:137} INFO - [2024-02-09T18:48:49.988+0000] {dag.py:2690} INFO - Sync 1 DAGs
[2024-02-09T18:48:50.003+0000] {logging_mixin.py:137} INFO - [2024-02-09T18:48:50.003+0000] {dag.py:3441} INFO - Setting next_dagrun for example_skip_dag to 2024-02-08T18:48:50.003239+00:00, run_after=2024-02-09T18:48:50.003239+00:00
[2024-02-09T18:48:50.015+0000] {processor.py:175} INFO - Processing /home/airflow/.local/lib/python3.7/site-packages/airflow/example_dags/example_skip_dag.py took 0.054 seconds
