[2024-02-09T18:11:37.377+0000] {processor.py:153} INFO - Started process (PID=62) to work on /home/airflow/.local/lib/python3.7/site-packages/airflow/example_dags/example_sla_dag.py
[2024-02-09T18:11:37.378+0000] {processor.py:743} INFO - Processing file /home/airflow/.local/lib/python3.7/site-packages/airflow/example_dags/example_sla_dag.py for tasks to queue
[2024-02-09T18:11:37.378+0000] {logging_mixin.py:137} INFO - [2024-02-09T18:11:37.378+0000] {dagbag.py:538} INFO - Filling up the DagBag from /home/airflow/.local/lib/python3.7/site-packages/airflow/example_dags/example_sla_dag.py
[2024-02-09T18:11:37.396+0000] {processor.py:753} INFO - DAG(s) dict_keys(['example_sla_dag']) retrieved from /home/airflow/.local/lib/python3.7/site-packages/airflow/example_dags/example_sla_dag.py
[2024-02-09T18:11:37.406+0000] {logging_mixin.py:137} INFO - [2024-02-09T18:11:37.406+0000] {dag.py:2690} INFO - Sync 1 DAGs
[2024-02-09T18:11:37.428+0000] {logging_mixin.py:137} INFO - [2024-02-09T18:11:37.427+0000] {dag.py:3441} INFO - Setting next_dagrun for example_sla_dag to 2024-02-09T18:08:00+00:00, run_after=2024-02-09T18:10:00+00:00
[2024-02-09T18:11:37.440+0000] {processor.py:175} INFO - Processing /home/airflow/.local/lib/python3.7/site-packages/airflow/example_dags/example_sla_dag.py took 0.065 seconds
[2024-02-09T18:12:07.893+0000] {processor.py:153} INFO - Started process (PID=197) to work on /home/airflow/.local/lib/python3.7/site-packages/airflow/example_dags/example_sla_dag.py
[2024-02-09T18:12:07.894+0000] {processor.py:743} INFO - Processing file /home/airflow/.local/lib/python3.7/site-packages/airflow/example_dags/example_sla_dag.py for tasks to queue
[2024-02-09T18:12:07.894+0000] {logging_mixin.py:137} INFO - [2024-02-09T18:12:07.894+0000] {dagbag.py:538} INFO - Filling up the DagBag from /home/airflow/.local/lib/python3.7/site-packages/airflow/example_dags/example_sla_dag.py
[2024-02-09T18:12:07.908+0000] {processor.py:753} INFO - DAG(s) dict_keys(['example_sla_dag']) retrieved from /home/airflow/.local/lib/python3.7/site-packages/airflow/example_dags/example_sla_dag.py
[2024-02-09T18:12:07.922+0000] {logging_mixin.py:137} INFO - [2024-02-09T18:12:07.922+0000] {dag.py:2690} INFO - Sync 1 DAGs
[2024-02-09T18:12:07.939+0000] {logging_mixin.py:137} INFO - [2024-02-09T18:12:07.938+0000] {dag.py:3441} INFO - Setting next_dagrun for example_sla_dag to 2024-02-09T18:10:00+00:00, run_after=2024-02-09T18:12:00+00:00
[2024-02-09T18:12:07.949+0000] {processor.py:175} INFO - Processing /home/airflow/.local/lib/python3.7/site-packages/airflow/example_dags/example_sla_dag.py took 0.057 seconds
[2024-02-09T18:12:38.606+0000] {processor.py:153} INFO - Started process (PID=300) to work on /home/airflow/.local/lib/python3.7/site-packages/airflow/example_dags/example_sla_dag.py
[2024-02-09T18:12:38.606+0000] {processor.py:743} INFO - Processing file /home/airflow/.local/lib/python3.7/site-packages/airflow/example_dags/example_sla_dag.py for tasks to queue
[2024-02-09T18:12:38.607+0000] {logging_mixin.py:137} INFO - [2024-02-09T18:12:38.607+0000] {dagbag.py:538} INFO - Filling up the DagBag from /home/airflow/.local/lib/python3.7/site-packages/airflow/example_dags/example_sla_dag.py
[2024-02-09T18:12:38.621+0000] {processor.py:753} INFO - DAG(s) dict_keys(['example_sla_dag']) retrieved from /home/airflow/.local/lib/python3.7/site-packages/airflow/example_dags/example_sla_dag.py
[2024-02-09T18:12:38.635+0000] {logging_mixin.py:137} INFO - [2024-02-09T18:12:38.635+0000] {dag.py:2690} INFO - Sync 1 DAGs
[2024-02-09T18:12:38.650+0000] {logging_mixin.py:137} INFO - [2024-02-09T18:12:38.650+0000] {dag.py:3441} INFO - Setting next_dagrun for example_sla_dag to 2024-02-09T18:10:00+00:00, run_after=2024-02-09T18:12:00+00:00
[2024-02-09T18:12:38.662+0000] {processor.py:175} INFO - Processing /home/airflow/.local/lib/python3.7/site-packages/airflow/example_dags/example_sla_dag.py took 0.058 seconds
[2024-02-09T18:13:09.317+0000] {processor.py:153} INFO - Started process (PID=434) to work on /home/airflow/.local/lib/python3.7/site-packages/airflow/example_dags/example_sla_dag.py
[2024-02-09T18:13:09.318+0000] {processor.py:743} INFO - Processing file /home/airflow/.local/lib/python3.7/site-packages/airflow/example_dags/example_sla_dag.py for tasks to queue
[2024-02-09T18:13:09.318+0000] {logging_mixin.py:137} INFO - [2024-02-09T18:13:09.318+0000] {dagbag.py:538} INFO - Filling up the DagBag from /home/airflow/.local/lib/python3.7/site-packages/airflow/example_dags/example_sla_dag.py
[2024-02-09T18:13:09.331+0000] {processor.py:753} INFO - DAG(s) dict_keys(['example_sla_dag']) retrieved from /home/airflow/.local/lib/python3.7/site-packages/airflow/example_dags/example_sla_dag.py
[2024-02-09T18:13:09.344+0000] {logging_mixin.py:137} INFO - [2024-02-09T18:13:09.344+0000] {dag.py:2690} INFO - Sync 1 DAGs
[2024-02-09T18:13:09.360+0000] {logging_mixin.py:137} INFO - [2024-02-09T18:13:09.359+0000] {dag.py:3441} INFO - Setting next_dagrun for example_sla_dag to 2024-02-09T18:10:00+00:00, run_after=2024-02-09T18:12:00+00:00
[2024-02-09T18:13:09.370+0000] {processor.py:175} INFO - Processing /home/airflow/.local/lib/python3.7/site-packages/airflow/example_dags/example_sla_dag.py took 0.054 seconds
[2024-02-09T18:13:39.842+0000] {processor.py:153} INFO - Started process (PID=569) to work on /home/airflow/.local/lib/python3.7/site-packages/airflow/example_dags/example_sla_dag.py
[2024-02-09T18:13:39.842+0000] {processor.py:743} INFO - Processing file /home/airflow/.local/lib/python3.7/site-packages/airflow/example_dags/example_sla_dag.py for tasks to queue
[2024-02-09T18:13:39.843+0000] {logging_mixin.py:137} INFO - [2024-02-09T18:13:39.843+0000] {dagbag.py:538} INFO - Filling up the DagBag from /home/airflow/.local/lib/python3.7/site-packages/airflow/example_dags/example_sla_dag.py
[2024-02-09T18:13:39.856+0000] {processor.py:753} INFO - DAG(s) dict_keys(['example_sla_dag']) retrieved from /home/airflow/.local/lib/python3.7/site-packages/airflow/example_dags/example_sla_dag.py
[2024-02-09T18:13:39.870+0000] {logging_mixin.py:137} INFO - [2024-02-09T18:13:39.869+0000] {dag.py:2690} INFO - Sync 1 DAGs
[2024-02-09T18:13:39.885+0000] {logging_mixin.py:137} INFO - [2024-02-09T18:13:39.885+0000] {dag.py:3441} INFO - Setting next_dagrun for example_sla_dag to 2024-02-09T18:10:00+00:00, run_after=2024-02-09T18:12:00+00:00
[2024-02-09T18:13:39.896+0000] {processor.py:175} INFO - Processing /home/airflow/.local/lib/python3.7/site-packages/airflow/example_dags/example_sla_dag.py took 0.056 seconds
[2024-02-09T18:14:10.297+0000] {processor.py:153} INFO - Started process (PID=672) to work on /home/airflow/.local/lib/python3.7/site-packages/airflow/example_dags/example_sla_dag.py
[2024-02-09T18:14:10.297+0000] {processor.py:743} INFO - Processing file /home/airflow/.local/lib/python3.7/site-packages/airflow/example_dags/example_sla_dag.py for tasks to queue
[2024-02-09T18:14:10.297+0000] {logging_mixin.py:137} INFO - [2024-02-09T18:14:10.297+0000] {dagbag.py:538} INFO - Filling up the DagBag from /home/airflow/.local/lib/python3.7/site-packages/airflow/example_dags/example_sla_dag.py
[2024-02-09T18:14:10.310+0000] {processor.py:753} INFO - DAG(s) dict_keys(['example_sla_dag']) retrieved from /home/airflow/.local/lib/python3.7/site-packages/airflow/example_dags/example_sla_dag.py
[2024-02-09T18:14:10.324+0000] {logging_mixin.py:137} INFO - [2024-02-09T18:14:10.324+0000] {dag.py:2690} INFO - Sync 1 DAGs
[2024-02-09T18:14:10.339+0000] {logging_mixin.py:137} INFO - [2024-02-09T18:14:10.339+0000] {dag.py:3441} INFO - Setting next_dagrun for example_sla_dag to 2024-02-09T18:12:00+00:00, run_after=2024-02-09T18:14:00+00:00
[2024-02-09T18:14:10.349+0000] {processor.py:175} INFO - Processing /home/airflow/.local/lib/python3.7/site-packages/airflow/example_dags/example_sla_dag.py took 0.054 seconds
[2024-02-09T18:14:40.957+0000] {processor.py:153} INFO - Started process (PID=807) to work on /home/airflow/.local/lib/python3.7/site-packages/airflow/example_dags/example_sla_dag.py
[2024-02-09T18:14:40.957+0000] {processor.py:743} INFO - Processing file /home/airflow/.local/lib/python3.7/site-packages/airflow/example_dags/example_sla_dag.py for tasks to queue
[2024-02-09T18:14:40.958+0000] {logging_mixin.py:137} INFO - [2024-02-09T18:14:40.958+0000] {dagbag.py:538} INFO - Filling up the DagBag from /home/airflow/.local/lib/python3.7/site-packages/airflow/example_dags/example_sla_dag.py
[2024-02-09T18:14:40.971+0000] {processor.py:753} INFO - DAG(s) dict_keys(['example_sla_dag']) retrieved from /home/airflow/.local/lib/python3.7/site-packages/airflow/example_dags/example_sla_dag.py
[2024-02-09T18:14:40.986+0000] {logging_mixin.py:137} INFO - [2024-02-09T18:14:40.986+0000] {dag.py:2690} INFO - Sync 1 DAGs
[2024-02-09T18:14:41.002+0000] {logging_mixin.py:137} INFO - [2024-02-09T18:14:41.002+0000] {dag.py:3441} INFO - Setting next_dagrun for example_sla_dag to 2024-02-09T18:12:00+00:00, run_after=2024-02-09T18:14:00+00:00
[2024-02-09T18:14:41.013+0000] {processor.py:175} INFO - Processing /home/airflow/.local/lib/python3.7/site-packages/airflow/example_dags/example_sla_dag.py took 0.059 seconds
[2024-02-09T18:15:11.554+0000] {processor.py:153} INFO - Started process (PID=943) to work on /home/airflow/.local/lib/python3.7/site-packages/airflow/example_dags/example_sla_dag.py
[2024-02-09T18:15:11.555+0000] {processor.py:743} INFO - Processing file /home/airflow/.local/lib/python3.7/site-packages/airflow/example_dags/example_sla_dag.py for tasks to queue
[2024-02-09T18:15:11.555+0000] {logging_mixin.py:137} INFO - [2024-02-09T18:15:11.555+0000] {dagbag.py:538} INFO - Filling up the DagBag from /home/airflow/.local/lib/python3.7/site-packages/airflow/example_dags/example_sla_dag.py
[2024-02-09T18:15:11.570+0000] {processor.py:753} INFO - DAG(s) dict_keys(['example_sla_dag']) retrieved from /home/airflow/.local/lib/python3.7/site-packages/airflow/example_dags/example_sla_dag.py
[2024-02-09T18:15:11.585+0000] {logging_mixin.py:137} INFO - [2024-02-09T18:15:11.585+0000] {dag.py:2690} INFO - Sync 1 DAGs
[2024-02-09T18:15:11.602+0000] {logging_mixin.py:137} INFO - [2024-02-09T18:15:11.601+0000] {dag.py:3441} INFO - Setting next_dagrun for example_sla_dag to 2024-02-09T18:12:00+00:00, run_after=2024-02-09T18:14:00+00:00
[2024-02-09T18:15:11.613+0000] {processor.py:175} INFO - Processing /home/airflow/.local/lib/python3.7/site-packages/airflow/example_dags/example_sla_dag.py took 0.061 seconds
[2024-02-09T18:15:42.009+0000] {processor.py:153} INFO - Started process (PID=1046) to work on /home/airflow/.local/lib/python3.7/site-packages/airflow/example_dags/example_sla_dag.py
[2024-02-09T18:15:42.010+0000] {processor.py:743} INFO - Processing file /home/airflow/.local/lib/python3.7/site-packages/airflow/example_dags/example_sla_dag.py for tasks to queue
[2024-02-09T18:15:42.010+0000] {logging_mixin.py:137} INFO - [2024-02-09T18:15:42.010+0000] {dagbag.py:538} INFO - Filling up the DagBag from /home/airflow/.local/lib/python3.7/site-packages/airflow/example_dags/example_sla_dag.py
[2024-02-09T18:15:42.023+0000] {processor.py:753} INFO - DAG(s) dict_keys(['example_sla_dag']) retrieved from /home/airflow/.local/lib/python3.7/site-packages/airflow/example_dags/example_sla_dag.py
[2024-02-09T18:15:42.041+0000] {logging_mixin.py:137} INFO - [2024-02-09T18:15:42.041+0000] {dag.py:2690} INFO - Sync 1 DAGs
[2024-02-09T18:15:42.060+0000] {logging_mixin.py:137} INFO - [2024-02-09T18:15:42.059+0000] {dag.py:3441} INFO - Setting next_dagrun for example_sla_dag to 2024-02-09T18:12:00+00:00, run_after=2024-02-09T18:14:00+00:00
[2024-02-09T18:15:42.072+0000] {processor.py:175} INFO - Processing /home/airflow/.local/lib/python3.7/site-packages/airflow/example_dags/example_sla_dag.py took 0.065 seconds
[2024-02-09T18:16:12.680+0000] {processor.py:153} INFO - Started process (PID=1181) to work on /home/airflow/.local/lib/python3.7/site-packages/airflow/example_dags/example_sla_dag.py
[2024-02-09T18:16:12.680+0000] {processor.py:743} INFO - Processing file /home/airflow/.local/lib/python3.7/site-packages/airflow/example_dags/example_sla_dag.py for tasks to queue
[2024-02-09T18:16:12.681+0000] {logging_mixin.py:137} INFO - [2024-02-09T18:16:12.681+0000] {dagbag.py:538} INFO - Filling up the DagBag from /home/airflow/.local/lib/python3.7/site-packages/airflow/example_dags/example_sla_dag.py
[2024-02-09T18:16:12.694+0000] {processor.py:753} INFO - DAG(s) dict_keys(['example_sla_dag']) retrieved from /home/airflow/.local/lib/python3.7/site-packages/airflow/example_dags/example_sla_dag.py
[2024-02-09T18:16:12.707+0000] {logging_mixin.py:137} INFO - [2024-02-09T18:16:12.707+0000] {dag.py:2690} INFO - Sync 1 DAGs
[2024-02-09T18:16:12.722+0000] {logging_mixin.py:137} INFO - [2024-02-09T18:16:12.722+0000] {dag.py:3441} INFO - Setting next_dagrun for example_sla_dag to 2024-02-09T18:14:00+00:00, run_after=2024-02-09T18:16:00+00:00
[2024-02-09T18:16:12.733+0000] {processor.py:175} INFO - Processing /home/airflow/.local/lib/python3.7/site-packages/airflow/example_dags/example_sla_dag.py took 0.055 seconds
[2024-02-09T18:16:43.182+0000] {processor.py:153} INFO - Started process (PID=1316) to work on /home/airflow/.local/lib/python3.7/site-packages/airflow/example_dags/example_sla_dag.py
[2024-02-09T18:16:43.183+0000] {processor.py:743} INFO - Processing file /home/airflow/.local/lib/python3.7/site-packages/airflow/example_dags/example_sla_dag.py for tasks to queue
[2024-02-09T18:16:43.183+0000] {logging_mixin.py:137} INFO - [2024-02-09T18:16:43.183+0000] {dagbag.py:538} INFO - Filling up the DagBag from /home/airflow/.local/lib/python3.7/site-packages/airflow/example_dags/example_sla_dag.py
[2024-02-09T18:16:43.197+0000] {processor.py:753} INFO - DAG(s) dict_keys(['example_sla_dag']) retrieved from /home/airflow/.local/lib/python3.7/site-packages/airflow/example_dags/example_sla_dag.py
[2024-02-09T18:16:43.212+0000] {logging_mixin.py:137} INFO - [2024-02-09T18:16:43.212+0000] {dag.py:2690} INFO - Sync 1 DAGs
[2024-02-09T18:16:43.228+0000] {logging_mixin.py:137} INFO - [2024-02-09T18:16:43.228+0000] {dag.py:3441} INFO - Setting next_dagrun for example_sla_dag to 2024-02-09T18:14:00+00:00, run_after=2024-02-09T18:16:00+00:00
[2024-02-09T18:16:43.239+0000] {processor.py:175} INFO - Processing /home/airflow/.local/lib/python3.7/site-packages/airflow/example_dags/example_sla_dag.py took 0.059 seconds
[2024-02-09T18:17:13.824+0000] {processor.py:153} INFO - Started process (PID=1428) to work on /home/airflow/.local/lib/python3.7/site-packages/airflow/example_dags/example_sla_dag.py
[2024-02-09T18:17:13.825+0000] {processor.py:743} INFO - Processing file /home/airflow/.local/lib/python3.7/site-packages/airflow/example_dags/example_sla_dag.py for tasks to queue
[2024-02-09T18:17:13.825+0000] {logging_mixin.py:137} INFO - [2024-02-09T18:17:13.825+0000] {dagbag.py:538} INFO - Filling up the DagBag from /home/airflow/.local/lib/python3.7/site-packages/airflow/example_dags/example_sla_dag.py
[2024-02-09T18:17:13.838+0000] {processor.py:753} INFO - DAG(s) dict_keys(['example_sla_dag']) retrieved from /home/airflow/.local/lib/python3.7/site-packages/airflow/example_dags/example_sla_dag.py
[2024-02-09T18:17:13.854+0000] {logging_mixin.py:137} INFO - [2024-02-09T18:17:13.854+0000] {dag.py:2690} INFO - Sync 1 DAGs
[2024-02-09T18:17:13.870+0000] {logging_mixin.py:137} INFO - [2024-02-09T18:17:13.870+0000] {dag.py:3441} INFO - Setting next_dagrun for example_sla_dag to 2024-02-09T18:14:00+00:00, run_after=2024-02-09T18:16:00+00:00
[2024-02-09T18:17:13.882+0000] {processor.py:175} INFO - Processing /home/airflow/.local/lib/python3.7/site-packages/airflow/example_dags/example_sla_dag.py took 0.060 seconds
[2024-02-09T18:17:44.487+0000] {processor.py:153} INFO - Started process (PID=1554) to work on /home/airflow/.local/lib/python3.7/site-packages/airflow/example_dags/example_sla_dag.py
[2024-02-09T18:17:44.488+0000] {processor.py:743} INFO - Processing file /home/airflow/.local/lib/python3.7/site-packages/airflow/example_dags/example_sla_dag.py for tasks to queue
[2024-02-09T18:17:44.488+0000] {logging_mixin.py:137} INFO - [2024-02-09T18:17:44.488+0000] {dagbag.py:538} INFO - Filling up the DagBag from /home/airflow/.local/lib/python3.7/site-packages/airflow/example_dags/example_sla_dag.py
[2024-02-09T18:17:44.502+0000] {processor.py:753} INFO - DAG(s) dict_keys(['example_sla_dag']) retrieved from /home/airflow/.local/lib/python3.7/site-packages/airflow/example_dags/example_sla_dag.py
[2024-02-09T18:17:44.515+0000] {logging_mixin.py:137} INFO - [2024-02-09T18:17:44.515+0000] {dag.py:2690} INFO - Sync 1 DAGs
[2024-02-09T18:17:44.531+0000] {logging_mixin.py:137} INFO - [2024-02-09T18:17:44.531+0000] {dag.py:3441} INFO - Setting next_dagrun for example_sla_dag to 2024-02-09T18:14:00+00:00, run_after=2024-02-09T18:16:00+00:00
[2024-02-09T18:17:44.542+0000] {processor.py:175} INFO - Processing /home/airflow/.local/lib/python3.7/site-packages/airflow/example_dags/example_sla_dag.py took 0.056 seconds
[2024-02-09T18:18:14.963+0000] {processor.py:153} INFO - Started process (PID=1690) to work on /home/airflow/.local/lib/python3.7/site-packages/airflow/example_dags/example_sla_dag.py
[2024-02-09T18:18:14.964+0000] {processor.py:743} INFO - Processing file /home/airflow/.local/lib/python3.7/site-packages/airflow/example_dags/example_sla_dag.py for tasks to queue
[2024-02-09T18:18:14.964+0000] {logging_mixin.py:137} INFO - [2024-02-09T18:18:14.964+0000] {dagbag.py:538} INFO - Filling up the DagBag from /home/airflow/.local/lib/python3.7/site-packages/airflow/example_dags/example_sla_dag.py
[2024-02-09T18:18:14.977+0000] {processor.py:753} INFO - DAG(s) dict_keys(['example_sla_dag']) retrieved from /home/airflow/.local/lib/python3.7/site-packages/airflow/example_dags/example_sla_dag.py
[2024-02-09T18:18:14.991+0000] {logging_mixin.py:137} INFO - [2024-02-09T18:18:14.991+0000] {dag.py:2690} INFO - Sync 1 DAGs
[2024-02-09T18:18:15.006+0000] {logging_mixin.py:137} INFO - [2024-02-09T18:18:15.006+0000] {dag.py:3441} INFO - Setting next_dagrun for example_sla_dag to 2024-02-09T18:16:00+00:00, run_after=2024-02-09T18:18:00+00:00
[2024-02-09T18:18:15.016+0000] {processor.py:175} INFO - Processing /home/airflow/.local/lib/python3.7/site-packages/airflow/example_dags/example_sla_dag.py took 0.054 seconds
[2024-02-09T18:18:45.423+0000] {processor.py:153} INFO - Started process (PID=1802) to work on /home/airflow/.local/lib/python3.7/site-packages/airflow/example_dags/example_sla_dag.py
[2024-02-09T18:18:45.424+0000] {processor.py:743} INFO - Processing file /home/airflow/.local/lib/python3.7/site-packages/airflow/example_dags/example_sla_dag.py for tasks to queue
[2024-02-09T18:18:45.424+0000] {logging_mixin.py:137} INFO - [2024-02-09T18:18:45.424+0000] {dagbag.py:538} INFO - Filling up the DagBag from /home/airflow/.local/lib/python3.7/site-packages/airflow/example_dags/example_sla_dag.py
[2024-02-09T18:18:45.437+0000] {processor.py:753} INFO - DAG(s) dict_keys(['example_sla_dag']) retrieved from /home/airflow/.local/lib/python3.7/site-packages/airflow/example_dags/example_sla_dag.py
[2024-02-09T18:18:45.452+0000] {logging_mixin.py:137} INFO - [2024-02-09T18:18:45.451+0000] {dag.py:2690} INFO - Sync 1 DAGs
[2024-02-09T18:18:45.467+0000] {logging_mixin.py:137} INFO - [2024-02-09T18:18:45.467+0000] {dag.py:3441} INFO - Setting next_dagrun for example_sla_dag to 2024-02-09T18:16:00+00:00, run_after=2024-02-09T18:18:00+00:00
[2024-02-09T18:18:45.478+0000] {processor.py:175} INFO - Processing /home/airflow/.local/lib/python3.7/site-packages/airflow/example_dags/example_sla_dag.py took 0.057 seconds
[2024-02-09T18:19:16.055+0000] {processor.py:153} INFO - Started process (PID=1928) to work on /home/airflow/.local/lib/python3.7/site-packages/airflow/example_dags/example_sla_dag.py
[2024-02-09T18:19:16.056+0000] {processor.py:743} INFO - Processing file /home/airflow/.local/lib/python3.7/site-packages/airflow/example_dags/example_sla_dag.py for tasks to queue
[2024-02-09T18:19:16.056+0000] {logging_mixin.py:137} INFO - [2024-02-09T18:19:16.056+0000] {dagbag.py:538} INFO - Filling up the DagBag from /home/airflow/.local/lib/python3.7/site-packages/airflow/example_dags/example_sla_dag.py
[2024-02-09T18:19:16.069+0000] {processor.py:753} INFO - DAG(s) dict_keys(['example_sla_dag']) retrieved from /home/airflow/.local/lib/python3.7/site-packages/airflow/example_dags/example_sla_dag.py
[2024-02-09T18:19:16.082+0000] {logging_mixin.py:137} INFO - [2024-02-09T18:19:16.082+0000] {dag.py:2690} INFO - Sync 1 DAGs
[2024-02-09T18:19:16.097+0000] {logging_mixin.py:137} INFO - [2024-02-09T18:19:16.097+0000] {dag.py:3441} INFO - Setting next_dagrun for example_sla_dag to 2024-02-09T18:16:00+00:00, run_after=2024-02-09T18:18:00+00:00
[2024-02-09T18:19:16.108+0000] {processor.py:175} INFO - Processing /home/airflow/.local/lib/python3.7/site-packages/airflow/example_dags/example_sla_dag.py took 0.054 seconds
[2024-02-09T18:19:46.544+0000] {processor.py:153} INFO - Started process (PID=2063) to work on /home/airflow/.local/lib/python3.7/site-packages/airflow/example_dags/example_sla_dag.py
[2024-02-09T18:19:46.545+0000] {processor.py:743} INFO - Processing file /home/airflow/.local/lib/python3.7/site-packages/airflow/example_dags/example_sla_dag.py for tasks to queue
[2024-02-09T18:19:46.545+0000] {logging_mixin.py:137} INFO - [2024-02-09T18:19:46.545+0000] {dagbag.py:538} INFO - Filling up the DagBag from /home/airflow/.local/lib/python3.7/site-packages/airflow/example_dags/example_sla_dag.py
[2024-02-09T18:19:46.558+0000] {processor.py:753} INFO - DAG(s) dict_keys(['example_sla_dag']) retrieved from /home/airflow/.local/lib/python3.7/site-packages/airflow/example_dags/example_sla_dag.py
[2024-02-09T18:19:46.572+0000] {logging_mixin.py:137} INFO - [2024-02-09T18:19:46.572+0000] {dag.py:2690} INFO - Sync 1 DAGs
[2024-02-09T18:19:46.587+0000] {logging_mixin.py:137} INFO - [2024-02-09T18:19:46.587+0000] {dag.py:3441} INFO - Setting next_dagrun for example_sla_dag to 2024-02-09T18:16:00+00:00, run_after=2024-02-09T18:18:00+00:00
[2024-02-09T18:19:46.597+0000] {processor.py:175} INFO - Processing /home/airflow/.local/lib/python3.7/site-packages/airflow/example_dags/example_sla_dag.py took 0.055 seconds
[2024-02-09T18:20:17.016+0000] {processor.py:153} INFO - Started process (PID=2175) to work on /home/airflow/.local/lib/python3.7/site-packages/airflow/example_dags/example_sla_dag.py
[2024-02-09T18:20:17.017+0000] {processor.py:743} INFO - Processing file /home/airflow/.local/lib/python3.7/site-packages/airflow/example_dags/example_sla_dag.py for tasks to queue
[2024-02-09T18:20:17.017+0000] {logging_mixin.py:137} INFO - [2024-02-09T18:20:17.017+0000] {dagbag.py:538} INFO - Filling up the DagBag from /home/airflow/.local/lib/python3.7/site-packages/airflow/example_dags/example_sla_dag.py
[2024-02-09T18:20:17.031+0000] {processor.py:753} INFO - DAG(s) dict_keys(['example_sla_dag']) retrieved from /home/airflow/.local/lib/python3.7/site-packages/airflow/example_dags/example_sla_dag.py
[2024-02-09T18:20:17.045+0000] {logging_mixin.py:137} INFO - [2024-02-09T18:20:17.045+0000] {dag.py:2690} INFO - Sync 1 DAGs
[2024-02-09T18:20:17.061+0000] {logging_mixin.py:137} INFO - [2024-02-09T18:20:17.061+0000] {dag.py:3441} INFO - Setting next_dagrun for example_sla_dag to 2024-02-09T18:18:00+00:00, run_after=2024-02-09T18:20:00+00:00
[2024-02-09T18:20:17.072+0000] {processor.py:175} INFO - Processing /home/airflow/.local/lib/python3.7/site-packages/airflow/example_dags/example_sla_dag.py took 0.058 seconds
[2024-02-09T18:20:47.785+0000] {processor.py:153} INFO - Started process (PID=2301) to work on /home/airflow/.local/lib/python3.7/site-packages/airflow/example_dags/example_sla_dag.py
[2024-02-09T18:20:47.786+0000] {processor.py:743} INFO - Processing file /home/airflow/.local/lib/python3.7/site-packages/airflow/example_dags/example_sla_dag.py for tasks to queue
[2024-02-09T18:20:47.786+0000] {logging_mixin.py:137} INFO - [2024-02-09T18:20:47.786+0000] {dagbag.py:538} INFO - Filling up the DagBag from /home/airflow/.local/lib/python3.7/site-packages/airflow/example_dags/example_sla_dag.py
[2024-02-09T18:20:47.800+0000] {processor.py:753} INFO - DAG(s) dict_keys(['example_sla_dag']) retrieved from /home/airflow/.local/lib/python3.7/site-packages/airflow/example_dags/example_sla_dag.py
[2024-02-09T18:20:47.815+0000] {logging_mixin.py:137} INFO - [2024-02-09T18:20:47.815+0000] {dag.py:2690} INFO - Sync 1 DAGs
[2024-02-09T18:20:47.831+0000] {logging_mixin.py:137} INFO - [2024-02-09T18:20:47.831+0000] {dag.py:3441} INFO - Setting next_dagrun for example_sla_dag to 2024-02-09T18:18:00+00:00, run_after=2024-02-09T18:20:00+00:00
[2024-02-09T18:20:47.843+0000] {processor.py:175} INFO - Processing /home/airflow/.local/lib/python3.7/site-packages/airflow/example_dags/example_sla_dag.py took 0.059 seconds
[2024-02-09T18:21:18.300+0000] {processor.py:153} INFO - Started process (PID=2436) to work on /home/airflow/.local/lib/python3.7/site-packages/airflow/example_dags/example_sla_dag.py
[2024-02-09T18:21:18.301+0000] {processor.py:743} INFO - Processing file /home/airflow/.local/lib/python3.7/site-packages/airflow/example_dags/example_sla_dag.py for tasks to queue
[2024-02-09T18:21:18.301+0000] {logging_mixin.py:137} INFO - [2024-02-09T18:21:18.301+0000] {dagbag.py:538} INFO - Filling up the DagBag from /home/airflow/.local/lib/python3.7/site-packages/airflow/example_dags/example_sla_dag.py
[2024-02-09T18:21:18.314+0000] {processor.py:753} INFO - DAG(s) dict_keys(['example_sla_dag']) retrieved from /home/airflow/.local/lib/python3.7/site-packages/airflow/example_dags/example_sla_dag.py
[2024-02-09T18:21:18.327+0000] {logging_mixin.py:137} INFO - [2024-02-09T18:21:18.327+0000] {dag.py:2690} INFO - Sync 1 DAGs
[2024-02-09T18:21:18.343+0000] {logging_mixin.py:137} INFO - [2024-02-09T18:21:18.343+0000] {dag.py:3441} INFO - Setting next_dagrun for example_sla_dag to 2024-02-09T18:18:00+00:00, run_after=2024-02-09T18:20:00+00:00
[2024-02-09T18:21:18.355+0000] {processor.py:175} INFO - Processing /home/airflow/.local/lib/python3.7/site-packages/airflow/example_dags/example_sla_dag.py took 0.057 seconds
[2024-02-09T18:21:48.878+0000] {processor.py:153} INFO - Started process (PID=2539) to work on /home/airflow/.local/lib/python3.7/site-packages/airflow/example_dags/example_sla_dag.py
[2024-02-09T18:21:48.879+0000] {processor.py:743} INFO - Processing file /home/airflow/.local/lib/python3.7/site-packages/airflow/example_dags/example_sla_dag.py for tasks to queue
[2024-02-09T18:21:48.879+0000] {logging_mixin.py:137} INFO - [2024-02-09T18:21:48.879+0000] {dagbag.py:538} INFO - Filling up the DagBag from /home/airflow/.local/lib/python3.7/site-packages/airflow/example_dags/example_sla_dag.py
[2024-02-09T18:21:48.892+0000] {processor.py:753} INFO - DAG(s) dict_keys(['example_sla_dag']) retrieved from /home/airflow/.local/lib/python3.7/site-packages/airflow/example_dags/example_sla_dag.py
[2024-02-09T18:21:48.906+0000] {logging_mixin.py:137} INFO - [2024-02-09T18:21:48.906+0000] {dag.py:2690} INFO - Sync 1 DAGs
[2024-02-09T18:21:48.923+0000] {logging_mixin.py:137} INFO - [2024-02-09T18:21:48.923+0000] {dag.py:3441} INFO - Setting next_dagrun for example_sla_dag to 2024-02-09T18:18:00+00:00, run_after=2024-02-09T18:20:00+00:00
[2024-02-09T18:21:48.933+0000] {processor.py:175} INFO - Processing /home/airflow/.local/lib/python3.7/site-packages/airflow/example_dags/example_sla_dag.py took 0.057 seconds
[2024-02-09T18:22:19.702+0000] {processor.py:153} INFO - Started process (PID=2674) to work on /home/airflow/.local/lib/python3.7/site-packages/airflow/example_dags/example_sla_dag.py
[2024-02-09T18:22:19.702+0000] {processor.py:743} INFO - Processing file /home/airflow/.local/lib/python3.7/site-packages/airflow/example_dags/example_sla_dag.py for tasks to queue
[2024-02-09T18:22:19.703+0000] {logging_mixin.py:137} INFO - [2024-02-09T18:22:19.702+0000] {dagbag.py:538} INFO - Filling up the DagBag from /home/airflow/.local/lib/python3.7/site-packages/airflow/example_dags/example_sla_dag.py
[2024-02-09T18:22:19.716+0000] {processor.py:753} INFO - DAG(s) dict_keys(['example_sla_dag']) retrieved from /home/airflow/.local/lib/python3.7/site-packages/airflow/example_dags/example_sla_dag.py
[2024-02-09T18:22:19.730+0000] {logging_mixin.py:137} INFO - [2024-02-09T18:22:19.730+0000] {dag.py:2690} INFO - Sync 1 DAGs
[2024-02-09T18:22:19.746+0000] {logging_mixin.py:137} INFO - [2024-02-09T18:22:19.746+0000] {dag.py:3441} INFO - Setting next_dagrun for example_sla_dag to 2024-02-09T18:20:00+00:00, run_after=2024-02-09T18:22:00+00:00
[2024-02-09T18:22:19.757+0000] {processor.py:175} INFO - Processing /home/airflow/.local/lib/python3.7/site-packages/airflow/example_dags/example_sla_dag.py took 0.057 seconds
[2024-02-09T18:22:50.180+0000] {processor.py:153} INFO - Started process (PID=2810) to work on /home/airflow/.local/lib/python3.7/site-packages/airflow/example_dags/example_sla_dag.py
[2024-02-09T18:22:50.181+0000] {processor.py:743} INFO - Processing file /home/airflow/.local/lib/python3.7/site-packages/airflow/example_dags/example_sla_dag.py for tasks to queue
[2024-02-09T18:22:50.181+0000] {logging_mixin.py:137} INFO - [2024-02-09T18:22:50.181+0000] {dagbag.py:538} INFO - Filling up the DagBag from /home/airflow/.local/lib/python3.7/site-packages/airflow/example_dags/example_sla_dag.py
[2024-02-09T18:22:50.195+0000] {processor.py:753} INFO - DAG(s) dict_keys(['example_sla_dag']) retrieved from /home/airflow/.local/lib/python3.7/site-packages/airflow/example_dags/example_sla_dag.py
[2024-02-09T18:22:50.216+0000] {logging_mixin.py:137} INFO - [2024-02-09T18:22:50.216+0000] {dag.py:2690} INFO - Sync 1 DAGs
[2024-02-09T18:22:50.234+0000] {logging_mixin.py:137} INFO - [2024-02-09T18:22:50.233+0000] {dag.py:3441} INFO - Setting next_dagrun for example_sla_dag to 2024-02-09T18:20:00+00:00, run_after=2024-02-09T18:22:00+00:00
[2024-02-09T18:22:50.246+0000] {processor.py:175} INFO - Processing /home/airflow/.local/lib/python3.7/site-packages/airflow/example_dags/example_sla_dag.py took 0.068 seconds
[2024-02-09T18:23:20.733+0000] {processor.py:153} INFO - Started process (PID=2920) to work on /home/airflow/.local/lib/python3.7/site-packages/airflow/example_dags/example_sla_dag.py
[2024-02-09T18:23:20.734+0000] {processor.py:743} INFO - Processing file /home/airflow/.local/lib/python3.7/site-packages/airflow/example_dags/example_sla_dag.py for tasks to queue
[2024-02-09T18:23:20.734+0000] {logging_mixin.py:137} INFO - [2024-02-09T18:23:20.734+0000] {dagbag.py:538} INFO - Filling up the DagBag from /home/airflow/.local/lib/python3.7/site-packages/airflow/example_dags/example_sla_dag.py
[2024-02-09T18:23:20.748+0000] {processor.py:753} INFO - DAG(s) dict_keys(['example_sla_dag']) retrieved from /home/airflow/.local/lib/python3.7/site-packages/airflow/example_dags/example_sla_dag.py
[2024-02-09T18:23:20.763+0000] {logging_mixin.py:137} INFO - [2024-02-09T18:23:20.763+0000] {dag.py:2690} INFO - Sync 1 DAGs
[2024-02-09T18:23:20.780+0000] {logging_mixin.py:137} INFO - [2024-02-09T18:23:20.780+0000] {dag.py:3441} INFO - Setting next_dagrun for example_sla_dag to 2024-02-09T18:20:00+00:00, run_after=2024-02-09T18:22:00+00:00
[2024-02-09T18:23:20.792+0000] {processor.py:175} INFO - Processing /home/airflow/.local/lib/python3.7/site-packages/airflow/example_dags/example_sla_dag.py took 0.060 seconds
[2024-02-09T18:23:51.443+0000] {processor.py:153} INFO - Started process (PID=3048) to work on /home/airflow/.local/lib/python3.7/site-packages/airflow/example_dags/example_sla_dag.py
[2024-02-09T18:23:51.444+0000] {processor.py:743} INFO - Processing file /home/airflow/.local/lib/python3.7/site-packages/airflow/example_dags/example_sla_dag.py for tasks to queue
[2024-02-09T18:23:51.444+0000] {logging_mixin.py:137} INFO - [2024-02-09T18:23:51.444+0000] {dagbag.py:538} INFO - Filling up the DagBag from /home/airflow/.local/lib/python3.7/site-packages/airflow/example_dags/example_sla_dag.py
[2024-02-09T18:23:51.457+0000] {processor.py:753} INFO - DAG(s) dict_keys(['example_sla_dag']) retrieved from /home/airflow/.local/lib/python3.7/site-packages/airflow/example_dags/example_sla_dag.py
[2024-02-09T18:23:51.475+0000] {logging_mixin.py:137} INFO - [2024-02-09T18:23:51.475+0000] {dag.py:2690} INFO - Sync 1 DAGs
[2024-02-09T18:23:51.501+0000] {logging_mixin.py:137} INFO - [2024-02-09T18:23:51.501+0000] {dag.py:3441} INFO - Setting next_dagrun for example_sla_dag to 2024-02-09T18:20:00+00:00, run_after=2024-02-09T18:22:00+00:00
[2024-02-09T18:23:51.519+0000] {processor.py:175} INFO - Processing /home/airflow/.local/lib/python3.7/site-packages/airflow/example_dags/example_sla_dag.py took 0.077 seconds
[2024-02-09T18:24:22.034+0000] {processor.py:153} INFO - Started process (PID=3183) to work on /home/airflow/.local/lib/python3.7/site-packages/airflow/example_dags/example_sla_dag.py
[2024-02-09T18:24:22.034+0000] {processor.py:743} INFO - Processing file /home/airflow/.local/lib/python3.7/site-packages/airflow/example_dags/example_sla_dag.py for tasks to queue
[2024-02-09T18:24:22.035+0000] {logging_mixin.py:137} INFO - [2024-02-09T18:24:22.034+0000] {dagbag.py:538} INFO - Filling up the DagBag from /home/airflow/.local/lib/python3.7/site-packages/airflow/example_dags/example_sla_dag.py
[2024-02-09T18:24:22.048+0000] {processor.py:753} INFO - DAG(s) dict_keys(['example_sla_dag']) retrieved from /home/airflow/.local/lib/python3.7/site-packages/airflow/example_dags/example_sla_dag.py
[2024-02-09T18:24:22.062+0000] {logging_mixin.py:137} INFO - [2024-02-09T18:24:22.062+0000] {dag.py:2690} INFO - Sync 1 DAGs
[2024-02-09T18:24:22.078+0000] {logging_mixin.py:137} INFO - [2024-02-09T18:24:22.078+0000] {dag.py:3441} INFO - Setting next_dagrun for example_sla_dag to 2024-02-09T18:22:00+00:00, run_after=2024-02-09T18:24:00+00:00
[2024-02-09T18:24:22.088+0000] {processor.py:175} INFO - Processing /home/airflow/.local/lib/python3.7/site-packages/airflow/example_dags/example_sla_dag.py took 0.056 seconds
[2024-02-09T18:24:52.640+0000] {processor.py:153} INFO - Started process (PID=3295) to work on /home/airflow/.local/lib/python3.7/site-packages/airflow/example_dags/example_sla_dag.py
[2024-02-09T18:24:52.641+0000] {processor.py:743} INFO - Processing file /home/airflow/.local/lib/python3.7/site-packages/airflow/example_dags/example_sla_dag.py for tasks to queue
[2024-02-09T18:24:52.641+0000] {logging_mixin.py:137} INFO - [2024-02-09T18:24:52.641+0000] {dagbag.py:538} INFO - Filling up the DagBag from /home/airflow/.local/lib/python3.7/site-packages/airflow/example_dags/example_sla_dag.py
[2024-02-09T18:24:52.655+0000] {processor.py:753} INFO - DAG(s) dict_keys(['example_sla_dag']) retrieved from /home/airflow/.local/lib/python3.7/site-packages/airflow/example_dags/example_sla_dag.py
[2024-02-09T18:24:52.669+0000] {logging_mixin.py:137} INFO - [2024-02-09T18:24:52.669+0000] {dag.py:2690} INFO - Sync 1 DAGs
[2024-02-09T18:24:52.684+0000] {logging_mixin.py:137} INFO - [2024-02-09T18:24:52.684+0000] {dag.py:3441} INFO - Setting next_dagrun for example_sla_dag to 2024-02-09T18:22:00+00:00, run_after=2024-02-09T18:24:00+00:00
[2024-02-09T18:24:52.697+0000] {processor.py:175} INFO - Processing /home/airflow/.local/lib/python3.7/site-packages/airflow/example_dags/example_sla_dag.py took 0.059 seconds
[2024-02-09T18:25:23.288+0000] {processor.py:153} INFO - Started process (PID=3421) to work on /home/airflow/.local/lib/python3.7/site-packages/airflow/example_dags/example_sla_dag.py
[2024-02-09T18:25:23.289+0000] {processor.py:743} INFO - Processing file /home/airflow/.local/lib/python3.7/site-packages/airflow/example_dags/example_sla_dag.py for tasks to queue
[2024-02-09T18:25:23.289+0000] {logging_mixin.py:137} INFO - [2024-02-09T18:25:23.289+0000] {dagbag.py:538} INFO - Filling up the DagBag from /home/airflow/.local/lib/python3.7/site-packages/airflow/example_dags/example_sla_dag.py
[2024-02-09T18:25:23.303+0000] {processor.py:753} INFO - DAG(s) dict_keys(['example_sla_dag']) retrieved from /home/airflow/.local/lib/python3.7/site-packages/airflow/example_dags/example_sla_dag.py
[2024-02-09T18:25:23.317+0000] {logging_mixin.py:137} INFO - [2024-02-09T18:25:23.317+0000] {dag.py:2690} INFO - Sync 1 DAGs
[2024-02-09T18:25:23.333+0000] {logging_mixin.py:137} INFO - [2024-02-09T18:25:23.333+0000] {dag.py:3441} INFO - Setting next_dagrun for example_sla_dag to 2024-02-09T18:22:00+00:00, run_after=2024-02-09T18:24:00+00:00
[2024-02-09T18:25:23.343+0000] {processor.py:175} INFO - Processing /home/airflow/.local/lib/python3.7/site-packages/airflow/example_dags/example_sla_dag.py took 0.057 seconds
[2024-02-09T18:25:53.805+0000] {processor.py:153} INFO - Started process (PID=3556) to work on /home/airflow/.local/lib/python3.7/site-packages/airflow/example_dags/example_sla_dag.py
[2024-02-09T18:25:53.806+0000] {processor.py:743} INFO - Processing file /home/airflow/.local/lib/python3.7/site-packages/airflow/example_dags/example_sla_dag.py for tasks to queue
[2024-02-09T18:25:53.806+0000] {logging_mixin.py:137} INFO - [2024-02-09T18:25:53.806+0000] {dagbag.py:538} INFO - Filling up the DagBag from /home/airflow/.local/lib/python3.7/site-packages/airflow/example_dags/example_sla_dag.py
[2024-02-09T18:25:53.820+0000] {processor.py:753} INFO - DAG(s) dict_keys(['example_sla_dag']) retrieved from /home/airflow/.local/lib/python3.7/site-packages/airflow/example_dags/example_sla_dag.py
[2024-02-09T18:25:53.834+0000] {logging_mixin.py:137} INFO - [2024-02-09T18:25:53.834+0000] {dag.py:2690} INFO - Sync 1 DAGs
[2024-02-09T18:25:53.851+0000] {logging_mixin.py:137} INFO - [2024-02-09T18:25:53.851+0000] {dag.py:3441} INFO - Setting next_dagrun for example_sla_dag to 2024-02-09T18:22:00+00:00, run_after=2024-02-09T18:24:00+00:00
[2024-02-09T18:25:53.861+0000] {processor.py:175} INFO - Processing /home/airflow/.local/lib/python3.7/site-packages/airflow/example_dags/example_sla_dag.py took 0.058 seconds
[2024-02-09T18:26:24.363+0000] {processor.py:153} INFO - Started process (PID=3668) to work on /home/airflow/.local/lib/python3.7/site-packages/airflow/example_dags/example_sla_dag.py
[2024-02-09T18:26:24.364+0000] {processor.py:743} INFO - Processing file /home/airflow/.local/lib/python3.7/site-packages/airflow/example_dags/example_sla_dag.py for tasks to queue
[2024-02-09T18:26:24.364+0000] {logging_mixin.py:137} INFO - [2024-02-09T18:26:24.364+0000] {dagbag.py:538} INFO - Filling up the DagBag from /home/airflow/.local/lib/python3.7/site-packages/airflow/example_dags/example_sla_dag.py
[2024-02-09T18:26:24.378+0000] {processor.py:753} INFO - DAG(s) dict_keys(['example_sla_dag']) retrieved from /home/airflow/.local/lib/python3.7/site-packages/airflow/example_dags/example_sla_dag.py
[2024-02-09T18:26:24.393+0000] {logging_mixin.py:137} INFO - [2024-02-09T18:26:24.393+0000] {dag.py:2690} INFO - Sync 1 DAGs
[2024-02-09T18:26:24.409+0000] {logging_mixin.py:137} INFO - [2024-02-09T18:26:24.409+0000] {dag.py:3441} INFO - Setting next_dagrun for example_sla_dag to 2024-02-09T18:24:00+00:00, run_after=2024-02-09T18:26:00+00:00
[2024-02-09T18:26:24.422+0000] {processor.py:175} INFO - Processing /home/airflow/.local/lib/python3.7/site-packages/airflow/example_dags/example_sla_dag.py took 0.060 seconds
[2024-02-09T18:26:55.089+0000] {processor.py:153} INFO - Started process (PID=3794) to work on /home/airflow/.local/lib/python3.7/site-packages/airflow/example_dags/example_sla_dag.py
[2024-02-09T18:26:55.090+0000] {processor.py:743} INFO - Processing file /home/airflow/.local/lib/python3.7/site-packages/airflow/example_dags/example_sla_dag.py for tasks to queue
[2024-02-09T18:26:55.090+0000] {logging_mixin.py:137} INFO - [2024-02-09T18:26:55.090+0000] {dagbag.py:538} INFO - Filling up the DagBag from /home/airflow/.local/lib/python3.7/site-packages/airflow/example_dags/example_sla_dag.py
[2024-02-09T18:26:55.103+0000] {processor.py:753} INFO - DAG(s) dict_keys(['example_sla_dag']) retrieved from /home/airflow/.local/lib/python3.7/site-packages/airflow/example_dags/example_sla_dag.py
[2024-02-09T18:26:55.117+0000] {logging_mixin.py:137} INFO - [2024-02-09T18:26:55.117+0000] {dag.py:2690} INFO - Sync 1 DAGs
[2024-02-09T18:26:55.133+0000] {logging_mixin.py:137} INFO - [2024-02-09T18:26:55.133+0000] {dag.py:3441} INFO - Setting next_dagrun for example_sla_dag to 2024-02-09T18:24:00+00:00, run_after=2024-02-09T18:26:00+00:00
[2024-02-09T18:26:55.143+0000] {processor.py:175} INFO - Processing /home/airflow/.local/lib/python3.7/site-packages/airflow/example_dags/example_sla_dag.py took 0.056 seconds
[2024-02-09T18:27:25.563+0000] {processor.py:153} INFO - Started process (PID=3929) to work on /home/airflow/.local/lib/python3.7/site-packages/airflow/example_dags/example_sla_dag.py
[2024-02-09T18:27:25.564+0000] {processor.py:743} INFO - Processing file /home/airflow/.local/lib/python3.7/site-packages/airflow/example_dags/example_sla_dag.py for tasks to queue
[2024-02-09T18:27:25.564+0000] {logging_mixin.py:137} INFO - [2024-02-09T18:27:25.564+0000] {dagbag.py:538} INFO - Filling up the DagBag from /home/airflow/.local/lib/python3.7/site-packages/airflow/example_dags/example_sla_dag.py
[2024-02-09T18:27:25.578+0000] {processor.py:753} INFO - DAG(s) dict_keys(['example_sla_dag']) retrieved from /home/airflow/.local/lib/python3.7/site-packages/airflow/example_dags/example_sla_dag.py
[2024-02-09T18:27:25.593+0000] {logging_mixin.py:137} INFO - [2024-02-09T18:27:25.593+0000] {dag.py:2690} INFO - Sync 1 DAGs
[2024-02-09T18:27:25.609+0000] {logging_mixin.py:137} INFO - [2024-02-09T18:27:25.609+0000] {dag.py:3441} INFO - Setting next_dagrun for example_sla_dag to 2024-02-09T18:24:00+00:00, run_after=2024-02-09T18:26:00+00:00
[2024-02-09T18:27:25.619+0000] {processor.py:175} INFO - Processing /home/airflow/.local/lib/python3.7/site-packages/airflow/example_dags/example_sla_dag.py took 0.058 seconds
[2024-02-09T18:27:56.057+0000] {processor.py:153} INFO - Started process (PID=4041) to work on /home/airflow/.local/lib/python3.7/site-packages/airflow/example_dags/example_sla_dag.py
[2024-02-09T18:27:56.058+0000] {processor.py:743} INFO - Processing file /home/airflow/.local/lib/python3.7/site-packages/airflow/example_dags/example_sla_dag.py for tasks to queue
[2024-02-09T18:27:56.058+0000] {logging_mixin.py:137} INFO - [2024-02-09T18:27:56.058+0000] {dagbag.py:538} INFO - Filling up the DagBag from /home/airflow/.local/lib/python3.7/site-packages/airflow/example_dags/example_sla_dag.py
[2024-02-09T18:27:56.071+0000] {processor.py:753} INFO - DAG(s) dict_keys(['example_sla_dag']) retrieved from /home/airflow/.local/lib/python3.7/site-packages/airflow/example_dags/example_sla_dag.py
[2024-02-09T18:27:56.085+0000] {logging_mixin.py:137} INFO - [2024-02-09T18:27:56.085+0000] {dag.py:2690} INFO - Sync 1 DAGs
[2024-02-09T18:27:56.103+0000] {logging_mixin.py:137} INFO - [2024-02-09T18:27:56.103+0000] {dag.py:3441} INFO - Setting next_dagrun for example_sla_dag to 2024-02-09T18:24:00+00:00, run_after=2024-02-09T18:26:00+00:00
[2024-02-09T18:27:56.116+0000] {processor.py:175} INFO - Processing /home/airflow/.local/lib/python3.7/site-packages/airflow/example_dags/example_sla_dag.py took 0.060 seconds
[2024-02-09T18:28:26.785+0000] {processor.py:153} INFO - Started process (PID=4167) to work on /home/airflow/.local/lib/python3.7/site-packages/airflow/example_dags/example_sla_dag.py
[2024-02-09T18:28:26.786+0000] {processor.py:743} INFO - Processing file /home/airflow/.local/lib/python3.7/site-packages/airflow/example_dags/example_sla_dag.py for tasks to queue
[2024-02-09T18:28:26.786+0000] {logging_mixin.py:137} INFO - [2024-02-09T18:28:26.786+0000] {dagbag.py:538} INFO - Filling up the DagBag from /home/airflow/.local/lib/python3.7/site-packages/airflow/example_dags/example_sla_dag.py
[2024-02-09T18:28:26.799+0000] {processor.py:753} INFO - DAG(s) dict_keys(['example_sla_dag']) retrieved from /home/airflow/.local/lib/python3.7/site-packages/airflow/example_dags/example_sla_dag.py
[2024-02-09T18:28:26.813+0000] {logging_mixin.py:137} INFO - [2024-02-09T18:28:26.813+0000] {dag.py:2690} INFO - Sync 1 DAGs
[2024-02-09T18:28:26.828+0000] {logging_mixin.py:137} INFO - [2024-02-09T18:28:26.828+0000] {dag.py:3441} INFO - Setting next_dagrun for example_sla_dag to 2024-02-09T18:26:00+00:00, run_after=2024-02-09T18:28:00+00:00
[2024-02-09T18:28:26.839+0000] {processor.py:175} INFO - Processing /home/airflow/.local/lib/python3.7/site-packages/airflow/example_dags/example_sla_dag.py took 0.057 seconds
[2024-02-09T18:28:57.271+0000] {processor.py:153} INFO - Started process (PID=4302) to work on /home/airflow/.local/lib/python3.7/site-packages/airflow/example_dags/example_sla_dag.py
[2024-02-09T18:28:57.271+0000] {processor.py:743} INFO - Processing file /home/airflow/.local/lib/python3.7/site-packages/airflow/example_dags/example_sla_dag.py for tasks to queue
[2024-02-09T18:28:57.271+0000] {logging_mixin.py:137} INFO - [2024-02-09T18:28:57.271+0000] {dagbag.py:538} INFO - Filling up the DagBag from /home/airflow/.local/lib/python3.7/site-packages/airflow/example_dags/example_sla_dag.py
[2024-02-09T18:28:57.285+0000] {processor.py:753} INFO - DAG(s) dict_keys(['example_sla_dag']) retrieved from /home/airflow/.local/lib/python3.7/site-packages/airflow/example_dags/example_sla_dag.py
[2024-02-09T18:28:57.299+0000] {logging_mixin.py:137} INFO - [2024-02-09T18:28:57.299+0000] {dag.py:2690} INFO - Sync 1 DAGs
[2024-02-09T18:28:57.315+0000] {logging_mixin.py:137} INFO - [2024-02-09T18:28:57.315+0000] {dag.py:3441} INFO - Setting next_dagrun for example_sla_dag to 2024-02-09T18:26:00+00:00, run_after=2024-02-09T18:28:00+00:00
[2024-02-09T18:28:57.326+0000] {processor.py:175} INFO - Processing /home/airflow/.local/lib/python3.7/site-packages/airflow/example_dags/example_sla_dag.py took 0.057 seconds
[2024-02-09T18:29:27.801+0000] {processor.py:153} INFO - Started process (PID=4412) to work on /home/airflow/.local/lib/python3.7/site-packages/airflow/example_dags/example_sla_dag.py
[2024-02-09T18:29:27.801+0000] {processor.py:743} INFO - Processing file /home/airflow/.local/lib/python3.7/site-packages/airflow/example_dags/example_sla_dag.py for tasks to queue
[2024-02-09T18:29:27.802+0000] {logging_mixin.py:137} INFO - [2024-02-09T18:29:27.802+0000] {dagbag.py:538} INFO - Filling up the DagBag from /home/airflow/.local/lib/python3.7/site-packages/airflow/example_dags/example_sla_dag.py
[2024-02-09T18:29:27.815+0000] {processor.py:753} INFO - DAG(s) dict_keys(['example_sla_dag']) retrieved from /home/airflow/.local/lib/python3.7/site-packages/airflow/example_dags/example_sla_dag.py
[2024-02-09T18:29:27.832+0000] {logging_mixin.py:137} INFO - [2024-02-09T18:29:27.831+0000] {dag.py:2690} INFO - Sync 1 DAGs
[2024-02-09T18:29:27.849+0000] {logging_mixin.py:137} INFO - [2024-02-09T18:29:27.849+0000] {dag.py:3441} INFO - Setting next_dagrun for example_sla_dag to 2024-02-09T18:26:00+00:00, run_after=2024-02-09T18:28:00+00:00
[2024-02-09T18:29:27.862+0000] {processor.py:175} INFO - Processing /home/airflow/.local/lib/python3.7/site-packages/airflow/example_dags/example_sla_dag.py took 0.063 seconds
[2024-02-09T18:29:58.654+0000] {processor.py:153} INFO - Started process (PID=4547) to work on /home/airflow/.local/lib/python3.7/site-packages/airflow/example_dags/example_sla_dag.py
[2024-02-09T18:29:58.654+0000] {processor.py:743} INFO - Processing file /home/airflow/.local/lib/python3.7/site-packages/airflow/example_dags/example_sla_dag.py for tasks to queue
[2024-02-09T18:29:58.654+0000] {logging_mixin.py:137} INFO - [2024-02-09T18:29:58.654+0000] {dagbag.py:538} INFO - Filling up the DagBag from /home/airflow/.local/lib/python3.7/site-packages/airflow/example_dags/example_sla_dag.py
[2024-02-09T18:29:58.667+0000] {processor.py:753} INFO - DAG(s) dict_keys(['example_sla_dag']) retrieved from /home/airflow/.local/lib/python3.7/site-packages/airflow/example_dags/example_sla_dag.py
[2024-02-09T18:29:58.681+0000] {logging_mixin.py:137} INFO - [2024-02-09T18:29:58.681+0000] {dag.py:2690} INFO - Sync 1 DAGs
[2024-02-09T18:29:58.696+0000] {logging_mixin.py:137} INFO - [2024-02-09T18:29:58.696+0000] {dag.py:3441} INFO - Setting next_dagrun for example_sla_dag to 2024-02-09T18:26:00+00:00, run_after=2024-02-09T18:28:00+00:00
[2024-02-09T18:29:58.706+0000] {processor.py:175} INFO - Processing /home/airflow/.local/lib/python3.7/site-packages/airflow/example_dags/example_sla_dag.py took 0.054 seconds
[2024-02-09T18:30:29.082+0000] {processor.py:153} INFO - Started process (PID=4681) to work on /home/airflow/.local/lib/python3.7/site-packages/airflow/example_dags/example_sla_dag.py
[2024-02-09T18:30:29.082+0000] {processor.py:743} INFO - Processing file /home/airflow/.local/lib/python3.7/site-packages/airflow/example_dags/example_sla_dag.py for tasks to queue
[2024-02-09T18:30:29.083+0000] {logging_mixin.py:137} INFO - [2024-02-09T18:30:29.083+0000] {dagbag.py:538} INFO - Filling up the DagBag from /home/airflow/.local/lib/python3.7/site-packages/airflow/example_dags/example_sla_dag.py
[2024-02-09T18:30:29.096+0000] {processor.py:753} INFO - DAG(s) dict_keys(['example_sla_dag']) retrieved from /home/airflow/.local/lib/python3.7/site-packages/airflow/example_dags/example_sla_dag.py
[2024-02-09T18:30:29.112+0000] {logging_mixin.py:137} INFO - [2024-02-09T18:30:29.112+0000] {dag.py:2690} INFO - Sync 1 DAGs
[2024-02-09T18:30:29.129+0000] {logging_mixin.py:137} INFO - [2024-02-09T18:30:29.129+0000] {dag.py:3441} INFO - Setting next_dagrun for example_sla_dag to 2024-02-09T18:28:00+00:00, run_after=2024-02-09T18:30:00+00:00
[2024-02-09T18:30:29.141+0000] {processor.py:175} INFO - Processing /home/airflow/.local/lib/python3.7/site-packages/airflow/example_dags/example_sla_dag.py took 0.061 seconds
[2024-02-09T18:30:59.603+0000] {processor.py:153} INFO - Started process (PID=4785) to work on /home/airflow/.local/lib/python3.7/site-packages/airflow/example_dags/example_sla_dag.py
[2024-02-09T18:30:59.603+0000] {processor.py:743} INFO - Processing file /home/airflow/.local/lib/python3.7/site-packages/airflow/example_dags/example_sla_dag.py for tasks to queue
[2024-02-09T18:30:59.604+0000] {logging_mixin.py:137} INFO - [2024-02-09T18:30:59.604+0000] {dagbag.py:538} INFO - Filling up the DagBag from /home/airflow/.local/lib/python3.7/site-packages/airflow/example_dags/example_sla_dag.py
[2024-02-09T18:30:59.617+0000] {processor.py:753} INFO - DAG(s) dict_keys(['example_sla_dag']) retrieved from /home/airflow/.local/lib/python3.7/site-packages/airflow/example_dags/example_sla_dag.py
[2024-02-09T18:30:59.631+0000] {logging_mixin.py:137} INFO - [2024-02-09T18:30:59.631+0000] {dag.py:2690} INFO - Sync 1 DAGs
[2024-02-09T18:30:59.648+0000] {logging_mixin.py:137} INFO - [2024-02-09T18:30:59.648+0000] {dag.py:3441} INFO - Setting next_dagrun for example_sla_dag to 2024-02-09T18:28:00+00:00, run_after=2024-02-09T18:30:00+00:00
[2024-02-09T18:30:59.658+0000] {processor.py:175} INFO - Processing /home/airflow/.local/lib/python3.7/site-packages/airflow/example_dags/example_sla_dag.py took 0.057 seconds
[2024-02-09T18:31:30.279+0000] {processor.py:153} INFO - Started process (PID=4920) to work on /home/airflow/.local/lib/python3.7/site-packages/airflow/example_dags/example_sla_dag.py
[2024-02-09T18:31:30.279+0000] {processor.py:743} INFO - Processing file /home/airflow/.local/lib/python3.7/site-packages/airflow/example_dags/example_sla_dag.py for tasks to queue
[2024-02-09T18:31:30.280+0000] {logging_mixin.py:137} INFO - [2024-02-09T18:31:30.280+0000] {dagbag.py:538} INFO - Filling up the DagBag from /home/airflow/.local/lib/python3.7/site-packages/airflow/example_dags/example_sla_dag.py
[2024-02-09T18:31:30.293+0000] {processor.py:753} INFO - DAG(s) dict_keys(['example_sla_dag']) retrieved from /home/airflow/.local/lib/python3.7/site-packages/airflow/example_dags/example_sla_dag.py
[2024-02-09T18:31:30.308+0000] {logging_mixin.py:137} INFO - [2024-02-09T18:31:30.307+0000] {dag.py:2690} INFO - Sync 1 DAGs
[2024-02-09T18:31:30.324+0000] {logging_mixin.py:137} INFO - [2024-02-09T18:31:30.323+0000] {dag.py:3441} INFO - Setting next_dagrun for example_sla_dag to 2024-02-09T18:28:00+00:00, run_after=2024-02-09T18:30:00+00:00
[2024-02-09T18:31:30.334+0000] {processor.py:175} INFO - Processing /home/airflow/.local/lib/python3.7/site-packages/airflow/example_dags/example_sla_dag.py took 0.057 seconds
[2024-02-09T18:32:00.811+0000] {processor.py:153} INFO - Started process (PID=5055) to work on /home/airflow/.local/lib/python3.7/site-packages/airflow/example_dags/example_sla_dag.py
[2024-02-09T18:32:00.811+0000] {processor.py:743} INFO - Processing file /home/airflow/.local/lib/python3.7/site-packages/airflow/example_dags/example_sla_dag.py for tasks to queue
[2024-02-09T18:32:00.811+0000] {logging_mixin.py:137} INFO - [2024-02-09T18:32:00.811+0000] {dagbag.py:538} INFO - Filling up the DagBag from /home/airflow/.local/lib/python3.7/site-packages/airflow/example_dags/example_sla_dag.py
[2024-02-09T18:32:00.825+0000] {processor.py:753} INFO - DAG(s) dict_keys(['example_sla_dag']) retrieved from /home/airflow/.local/lib/python3.7/site-packages/airflow/example_dags/example_sla_dag.py
[2024-02-09T18:32:00.839+0000] {logging_mixin.py:137} INFO - [2024-02-09T18:32:00.839+0000] {dag.py:2690} INFO - Sync 1 DAGs
[2024-02-09T18:32:00.854+0000] {logging_mixin.py:137} INFO - [2024-02-09T18:32:00.854+0000] {dag.py:3441} INFO - Setting next_dagrun for example_sla_dag to 2024-02-09T18:30:00+00:00, run_after=2024-02-09T18:32:00+00:00
[2024-02-09T18:32:00.867+0000] {processor.py:175} INFO - Processing /home/airflow/.local/lib/python3.7/site-packages/airflow/example_dags/example_sla_dag.py took 0.058 seconds
[2024-02-09T18:32:31.325+0000] {processor.py:153} INFO - Started process (PID=5158) to work on /home/airflow/.local/lib/python3.7/site-packages/airflow/example_dags/example_sla_dag.py
[2024-02-09T18:32:31.325+0000] {processor.py:743} INFO - Processing file /home/airflow/.local/lib/python3.7/site-packages/airflow/example_dags/example_sla_dag.py for tasks to queue
[2024-02-09T18:32:31.326+0000] {logging_mixin.py:137} INFO - [2024-02-09T18:32:31.326+0000] {dagbag.py:538} INFO - Filling up the DagBag from /home/airflow/.local/lib/python3.7/site-packages/airflow/example_dags/example_sla_dag.py
[2024-02-09T18:32:31.339+0000] {processor.py:753} INFO - DAG(s) dict_keys(['example_sla_dag']) retrieved from /home/airflow/.local/lib/python3.7/site-packages/airflow/example_dags/example_sla_dag.py
[2024-02-09T18:32:31.355+0000] {logging_mixin.py:137} INFO - [2024-02-09T18:32:31.355+0000] {dag.py:2690} INFO - Sync 1 DAGs
[2024-02-09T18:32:31.372+0000] {logging_mixin.py:137} INFO - [2024-02-09T18:32:31.372+0000] {dag.py:3441} INFO - Setting next_dagrun for example_sla_dag to 2024-02-09T18:30:00+00:00, run_after=2024-02-09T18:32:00+00:00
[2024-02-09T18:32:31.384+0000] {processor.py:175} INFO - Processing /home/airflow/.local/lib/python3.7/site-packages/airflow/example_dags/example_sla_dag.py took 0.060 seconds
[2024-02-09T18:33:01.973+0000] {processor.py:153} INFO - Started process (PID=5293) to work on /home/airflow/.local/lib/python3.7/site-packages/airflow/example_dags/example_sla_dag.py
[2024-02-09T18:33:01.974+0000] {processor.py:743} INFO - Processing file /home/airflow/.local/lib/python3.7/site-packages/airflow/example_dags/example_sla_dag.py for tasks to queue
[2024-02-09T18:33:01.974+0000] {logging_mixin.py:137} INFO - [2024-02-09T18:33:01.974+0000] {dagbag.py:538} INFO - Filling up the DagBag from /home/airflow/.local/lib/python3.7/site-packages/airflow/example_dags/example_sla_dag.py
[2024-02-09T18:33:01.988+0000] {processor.py:753} INFO - DAG(s) dict_keys(['example_sla_dag']) retrieved from /home/airflow/.local/lib/python3.7/site-packages/airflow/example_dags/example_sla_dag.py
[2024-02-09T18:33:02.003+0000] {logging_mixin.py:137} INFO - [2024-02-09T18:33:02.003+0000] {dag.py:2690} INFO - Sync 1 DAGs
[2024-02-09T18:33:02.020+0000] {logging_mixin.py:137} INFO - [2024-02-09T18:33:02.019+0000] {dag.py:3441} INFO - Setting next_dagrun for example_sla_dag to 2024-02-09T18:30:00+00:00, run_after=2024-02-09T18:32:00+00:00
[2024-02-09T18:33:02.030+0000] {processor.py:175} INFO - Processing /home/airflow/.local/lib/python3.7/site-packages/airflow/example_dags/example_sla_dag.py took 0.059 seconds
[2024-02-09T18:33:32.619+0000] {processor.py:153} INFO - Started process (PID=5428) to work on /home/airflow/.local/lib/python3.7/site-packages/airflow/example_dags/example_sla_dag.py
[2024-02-09T18:33:32.619+0000] {processor.py:743} INFO - Processing file /home/airflow/.local/lib/python3.7/site-packages/airflow/example_dags/example_sla_dag.py for tasks to queue
[2024-02-09T18:33:32.619+0000] {logging_mixin.py:137} INFO - [2024-02-09T18:33:32.619+0000] {dagbag.py:538} INFO - Filling up the DagBag from /home/airflow/.local/lib/python3.7/site-packages/airflow/example_dags/example_sla_dag.py
[2024-02-09T18:33:32.633+0000] {processor.py:753} INFO - DAG(s) dict_keys(['example_sla_dag']) retrieved from /home/airflow/.local/lib/python3.7/site-packages/airflow/example_dags/example_sla_dag.py
[2024-02-09T18:33:32.647+0000] {logging_mixin.py:137} INFO - [2024-02-09T18:33:32.647+0000] {dag.py:2690} INFO - Sync 1 DAGs
[2024-02-09T18:33:32.662+0000] {logging_mixin.py:137} INFO - [2024-02-09T18:33:32.662+0000] {dag.py:3441} INFO - Setting next_dagrun for example_sla_dag to 2024-02-09T18:30:00+00:00, run_after=2024-02-09T18:32:00+00:00
[2024-02-09T18:33:32.673+0000] {processor.py:175} INFO - Processing /home/airflow/.local/lib/python3.7/site-packages/airflow/example_dags/example_sla_dag.py took 0.056 seconds
[2024-02-09T18:34:03.149+0000] {processor.py:153} INFO - Started process (PID=5531) to work on /home/airflow/.local/lib/python3.7/site-packages/airflow/example_dags/example_sla_dag.py
[2024-02-09T18:34:03.149+0000] {processor.py:743} INFO - Processing file /home/airflow/.local/lib/python3.7/site-packages/airflow/example_dags/example_sla_dag.py for tasks to queue
[2024-02-09T18:34:03.150+0000] {logging_mixin.py:137} INFO - [2024-02-09T18:34:03.150+0000] {dagbag.py:538} INFO - Filling up the DagBag from /home/airflow/.local/lib/python3.7/site-packages/airflow/example_dags/example_sla_dag.py
[2024-02-09T18:34:03.167+0000] {processor.py:753} INFO - DAG(s) dict_keys(['example_sla_dag']) retrieved from /home/airflow/.local/lib/python3.7/site-packages/airflow/example_dags/example_sla_dag.py
[2024-02-09T18:34:03.182+0000] {logging_mixin.py:137} INFO - [2024-02-09T18:34:03.182+0000] {dag.py:2690} INFO - Sync 1 DAGs
[2024-02-09T18:34:03.199+0000] {logging_mixin.py:137} INFO - [2024-02-09T18:34:03.198+0000] {dag.py:3441} INFO - Setting next_dagrun for example_sla_dag to 2024-02-09T18:32:00+00:00, run_after=2024-02-09T18:34:00+00:00
[2024-02-09T18:34:03.211+0000] {processor.py:175} INFO - Processing /home/airflow/.local/lib/python3.7/site-packages/airflow/example_dags/example_sla_dag.py took 0.064 seconds
[2024-02-09T18:34:33.772+0000] {processor.py:153} INFO - Started process (PID=5666) to work on /home/airflow/.local/lib/python3.7/site-packages/airflow/example_dags/example_sla_dag.py
[2024-02-09T18:34:33.773+0000] {processor.py:743} INFO - Processing file /home/airflow/.local/lib/python3.7/site-packages/airflow/example_dags/example_sla_dag.py for tasks to queue
[2024-02-09T18:34:33.773+0000] {logging_mixin.py:137} INFO - [2024-02-09T18:34:33.773+0000] {dagbag.py:538} INFO - Filling up the DagBag from /home/airflow/.local/lib/python3.7/site-packages/airflow/example_dags/example_sla_dag.py
[2024-02-09T18:34:33.786+0000] {processor.py:753} INFO - DAG(s) dict_keys(['example_sla_dag']) retrieved from /home/airflow/.local/lib/python3.7/site-packages/airflow/example_dags/example_sla_dag.py
[2024-02-09T18:34:33.800+0000] {logging_mixin.py:137} INFO - [2024-02-09T18:34:33.800+0000] {dag.py:2690} INFO - Sync 1 DAGs
[2024-02-09T18:34:33.816+0000] {logging_mixin.py:137} INFO - [2024-02-09T18:34:33.816+0000] {dag.py:3441} INFO - Setting next_dagrun for example_sla_dag to 2024-02-09T18:32:00+00:00, run_after=2024-02-09T18:34:00+00:00
[2024-02-09T18:34:33.826+0000] {processor.py:175} INFO - Processing /home/airflow/.local/lib/python3.7/site-packages/airflow/example_dags/example_sla_dag.py took 0.055 seconds
[2024-02-09T18:35:04.396+0000] {processor.py:153} INFO - Started process (PID=5801) to work on /home/airflow/.local/lib/python3.7/site-packages/airflow/example_dags/example_sla_dag.py
[2024-02-09T18:35:04.396+0000] {processor.py:743} INFO - Processing file /home/airflow/.local/lib/python3.7/site-packages/airflow/example_dags/example_sla_dag.py for tasks to queue
[2024-02-09T18:35:04.397+0000] {logging_mixin.py:137} INFO - [2024-02-09T18:35:04.397+0000] {dagbag.py:538} INFO - Filling up the DagBag from /home/airflow/.local/lib/python3.7/site-packages/airflow/example_dags/example_sla_dag.py
[2024-02-09T18:35:04.410+0000] {processor.py:753} INFO - DAG(s) dict_keys(['example_sla_dag']) retrieved from /home/airflow/.local/lib/python3.7/site-packages/airflow/example_dags/example_sla_dag.py
[2024-02-09T18:35:04.424+0000] {logging_mixin.py:137} INFO - [2024-02-09T18:35:04.424+0000] {dag.py:2690} INFO - Sync 1 DAGs
[2024-02-09T18:35:04.439+0000] {logging_mixin.py:137} INFO - [2024-02-09T18:35:04.439+0000] {dag.py:3441} INFO - Setting next_dagrun for example_sla_dag to 2024-02-09T18:32:00+00:00, run_after=2024-02-09T18:34:00+00:00
[2024-02-09T18:35:04.449+0000] {processor.py:175} INFO - Processing /home/airflow/.local/lib/python3.7/site-packages/airflow/example_dags/example_sla_dag.py took 0.056 seconds
[2024-02-09T18:35:35.140+0000] {processor.py:153} INFO - Started process (PID=5913) to work on /home/airflow/.local/lib/python3.7/site-packages/airflow/example_dags/example_sla_dag.py
[2024-02-09T18:35:35.141+0000] {processor.py:743} INFO - Processing file /home/airflow/.local/lib/python3.7/site-packages/airflow/example_dags/example_sla_dag.py for tasks to queue
[2024-02-09T18:35:35.141+0000] {logging_mixin.py:137} INFO - [2024-02-09T18:35:35.141+0000] {dagbag.py:538} INFO - Filling up the DagBag from /home/airflow/.local/lib/python3.7/site-packages/airflow/example_dags/example_sla_dag.py
[2024-02-09T18:35:35.155+0000] {processor.py:753} INFO - DAG(s) dict_keys(['example_sla_dag']) retrieved from /home/airflow/.local/lib/python3.7/site-packages/airflow/example_dags/example_sla_dag.py
[2024-02-09T18:35:35.175+0000] {logging_mixin.py:137} INFO - [2024-02-09T18:35:35.175+0000] {dag.py:2690} INFO - Sync 1 DAGs
[2024-02-09T18:35:35.196+0000] {logging_mixin.py:137} INFO - [2024-02-09T18:35:35.195+0000] {dag.py:3441} INFO - Setting next_dagrun for example_sla_dag to 2024-02-09T18:32:00+00:00, run_after=2024-02-09T18:34:00+00:00
[2024-02-09T18:35:35.207+0000] {processor.py:175} INFO - Processing /home/airflow/.local/lib/python3.7/site-packages/airflow/example_dags/example_sla_dag.py took 0.068 seconds
[2024-02-09T18:36:05.845+0000] {processor.py:153} INFO - Started process (PID=6039) to work on /home/airflow/.local/lib/python3.7/site-packages/airflow/example_dags/example_sla_dag.py
[2024-02-09T18:36:05.845+0000] {processor.py:743} INFO - Processing file /home/airflow/.local/lib/python3.7/site-packages/airflow/example_dags/example_sla_dag.py for tasks to queue
[2024-02-09T18:36:05.846+0000] {logging_mixin.py:137} INFO - [2024-02-09T18:36:05.846+0000] {dagbag.py:538} INFO - Filling up the DagBag from /home/airflow/.local/lib/python3.7/site-packages/airflow/example_dags/example_sla_dag.py
[2024-02-09T18:36:05.859+0000] {processor.py:753} INFO - DAG(s) dict_keys(['example_sla_dag']) retrieved from /home/airflow/.local/lib/python3.7/site-packages/airflow/example_dags/example_sla_dag.py
[2024-02-09T18:36:05.873+0000] {logging_mixin.py:137} INFO - [2024-02-09T18:36:05.873+0000] {dag.py:2690} INFO - Sync 1 DAGs
[2024-02-09T18:36:05.889+0000] {logging_mixin.py:137} INFO - [2024-02-09T18:36:05.889+0000] {dag.py:3441} INFO - Setting next_dagrun for example_sla_dag to 2024-02-09T18:34:00+00:00, run_after=2024-02-09T18:36:00+00:00
[2024-02-09T18:36:05.900+0000] {processor.py:175} INFO - Processing /home/airflow/.local/lib/python3.7/site-packages/airflow/example_dags/example_sla_dag.py took 0.058 seconds
[2024-02-09T18:36:36.323+0000] {processor.py:153} INFO - Started process (PID=6174) to work on /home/airflow/.local/lib/python3.7/site-packages/airflow/example_dags/example_sla_dag.py
[2024-02-09T18:36:36.324+0000] {processor.py:743} INFO - Processing file /home/airflow/.local/lib/python3.7/site-packages/airflow/example_dags/example_sla_dag.py for tasks to queue
[2024-02-09T18:36:36.324+0000] {logging_mixin.py:137} INFO - [2024-02-09T18:36:36.324+0000] {dagbag.py:538} INFO - Filling up the DagBag from /home/airflow/.local/lib/python3.7/site-packages/airflow/example_dags/example_sla_dag.py
[2024-02-09T18:36:36.337+0000] {processor.py:753} INFO - DAG(s) dict_keys(['example_sla_dag']) retrieved from /home/airflow/.local/lib/python3.7/site-packages/airflow/example_dags/example_sla_dag.py
[2024-02-09T18:36:36.351+0000] {logging_mixin.py:137} INFO - [2024-02-09T18:36:36.351+0000] {dag.py:2690} INFO - Sync 1 DAGs
[2024-02-09T18:36:36.367+0000] {logging_mixin.py:137} INFO - [2024-02-09T18:36:36.367+0000] {dag.py:3441} INFO - Setting next_dagrun for example_sla_dag to 2024-02-09T18:34:00+00:00, run_after=2024-02-09T18:36:00+00:00
[2024-02-09T18:36:36.376+0000] {processor.py:175} INFO - Processing /home/airflow/.local/lib/python3.7/site-packages/airflow/example_dags/example_sla_dag.py took 0.055 seconds
[2024-02-09T18:37:06.780+0000] {processor.py:153} INFO - Started process (PID=6286) to work on /home/airflow/.local/lib/python3.7/site-packages/airflow/example_dags/example_sla_dag.py
[2024-02-09T18:37:06.780+0000] {processor.py:743} INFO - Processing file /home/airflow/.local/lib/python3.7/site-packages/airflow/example_dags/example_sla_dag.py for tasks to queue
[2024-02-09T18:37:06.781+0000] {logging_mixin.py:137} INFO - [2024-02-09T18:37:06.780+0000] {dagbag.py:538} INFO - Filling up the DagBag from /home/airflow/.local/lib/python3.7/site-packages/airflow/example_dags/example_sla_dag.py
[2024-02-09T18:37:06.795+0000] {processor.py:753} INFO - DAG(s) dict_keys(['example_sla_dag']) retrieved from /home/airflow/.local/lib/python3.7/site-packages/airflow/example_dags/example_sla_dag.py
[2024-02-09T18:37:06.809+0000] {logging_mixin.py:137} INFO - [2024-02-09T18:37:06.809+0000] {dag.py:2690} INFO - Sync 1 DAGs
[2024-02-09T18:37:06.824+0000] {logging_mixin.py:137} INFO - [2024-02-09T18:37:06.824+0000] {dag.py:3441} INFO - Setting next_dagrun for example_sla_dag to 2024-02-09T18:34:00+00:00, run_after=2024-02-09T18:36:00+00:00
[2024-02-09T18:37:06.835+0000] {processor.py:175} INFO - Processing /home/airflow/.local/lib/python3.7/site-packages/airflow/example_dags/example_sla_dag.py took 0.058 seconds
[2024-02-09T18:37:37.500+0000] {processor.py:153} INFO - Started process (PID=6412) to work on /home/airflow/.local/lib/python3.7/site-packages/airflow/example_dags/example_sla_dag.py
[2024-02-09T18:37:37.500+0000] {processor.py:743} INFO - Processing file /home/airflow/.local/lib/python3.7/site-packages/airflow/example_dags/example_sla_dag.py for tasks to queue
[2024-02-09T18:37:37.501+0000] {logging_mixin.py:137} INFO - [2024-02-09T18:37:37.500+0000] {dagbag.py:538} INFO - Filling up the DagBag from /home/airflow/.local/lib/python3.7/site-packages/airflow/example_dags/example_sla_dag.py
[2024-02-09T18:37:37.514+0000] {processor.py:753} INFO - DAG(s) dict_keys(['example_sla_dag']) retrieved from /home/airflow/.local/lib/python3.7/site-packages/airflow/example_dags/example_sla_dag.py
[2024-02-09T18:37:37.528+0000] {logging_mixin.py:137} INFO - [2024-02-09T18:37:37.528+0000] {dag.py:2690} INFO - Sync 1 DAGs
[2024-02-09T18:37:37.544+0000] {logging_mixin.py:137} INFO - [2024-02-09T18:37:37.544+0000] {dag.py:3441} INFO - Setting next_dagrun for example_sla_dag to 2024-02-09T18:34:00+00:00, run_after=2024-02-09T18:36:00+00:00
[2024-02-09T18:37:37.555+0000] {processor.py:175} INFO - Processing /home/airflow/.local/lib/python3.7/site-packages/airflow/example_dags/example_sla_dag.py took 0.057 seconds
[2024-02-09T18:38:07.998+0000] {processor.py:153} INFO - Started process (PID=6548) to work on /home/airflow/.local/lib/python3.7/site-packages/airflow/example_dags/example_sla_dag.py
[2024-02-09T18:38:07.999+0000] {processor.py:743} INFO - Processing file /home/airflow/.local/lib/python3.7/site-packages/airflow/example_dags/example_sla_dag.py for tasks to queue
[2024-02-09T18:38:08.000+0000] {logging_mixin.py:137} INFO - [2024-02-09T18:38:07.999+0000] {dagbag.py:538} INFO - Filling up the DagBag from /home/airflow/.local/lib/python3.7/site-packages/airflow/example_dags/example_sla_dag.py
[2024-02-09T18:38:08.013+0000] {processor.py:753} INFO - DAG(s) dict_keys(['example_sla_dag']) retrieved from /home/airflow/.local/lib/python3.7/site-packages/airflow/example_dags/example_sla_dag.py
[2024-02-09T18:38:08.027+0000] {logging_mixin.py:137} INFO - [2024-02-09T18:38:08.027+0000] {dag.py:2690} INFO - Sync 1 DAGs
[2024-02-09T18:38:08.044+0000] {logging_mixin.py:137} INFO - [2024-02-09T18:38:08.044+0000] {dag.py:3441} INFO - Setting next_dagrun for example_sla_dag to 2024-02-09T18:36:00+00:00, run_after=2024-02-09T18:38:00+00:00
[2024-02-09T18:38:08.054+0000] {processor.py:175} INFO - Processing /home/airflow/.local/lib/python3.7/site-packages/airflow/example_dags/example_sla_dag.py took 0.058 seconds
[2024-02-09T18:38:38.539+0000] {processor.py:153} INFO - Started process (PID=6651) to work on /home/airflow/.local/lib/python3.7/site-packages/airflow/example_dags/example_sla_dag.py
[2024-02-09T18:38:38.539+0000] {processor.py:743} INFO - Processing file /home/airflow/.local/lib/python3.7/site-packages/airflow/example_dags/example_sla_dag.py for tasks to queue
[2024-02-09T18:38:38.540+0000] {logging_mixin.py:137} INFO - [2024-02-09T18:38:38.540+0000] {dagbag.py:538} INFO - Filling up the DagBag from /home/airflow/.local/lib/python3.7/site-packages/airflow/example_dags/example_sla_dag.py
[2024-02-09T18:38:38.553+0000] {processor.py:753} INFO - DAG(s) dict_keys(['example_sla_dag']) retrieved from /home/airflow/.local/lib/python3.7/site-packages/airflow/example_dags/example_sla_dag.py
[2024-02-09T18:38:38.567+0000] {logging_mixin.py:137} INFO - [2024-02-09T18:38:38.567+0000] {dag.py:2690} INFO - Sync 1 DAGs
[2024-02-09T18:38:38.583+0000] {logging_mixin.py:137} INFO - [2024-02-09T18:38:38.583+0000] {dag.py:3441} INFO - Setting next_dagrun for example_sla_dag to 2024-02-09T18:36:00+00:00, run_after=2024-02-09T18:38:00+00:00
[2024-02-09T18:38:38.595+0000] {processor.py:175} INFO - Processing /home/airflow/.local/lib/python3.7/site-packages/airflow/example_dags/example_sla_dag.py took 0.058 seconds
[2024-02-09T18:39:09.295+0000] {processor.py:153} INFO - Started process (PID=6786) to work on /home/airflow/.local/lib/python3.7/site-packages/airflow/example_dags/example_sla_dag.py
[2024-02-09T18:39:09.296+0000] {processor.py:743} INFO - Processing file /home/airflow/.local/lib/python3.7/site-packages/airflow/example_dags/example_sla_dag.py for tasks to queue
[2024-02-09T18:39:09.296+0000] {logging_mixin.py:137} INFO - [2024-02-09T18:39:09.296+0000] {dagbag.py:538} INFO - Filling up the DagBag from /home/airflow/.local/lib/python3.7/site-packages/airflow/example_dags/example_sla_dag.py
[2024-02-09T18:39:09.310+0000] {processor.py:753} INFO - DAG(s) dict_keys(['example_sla_dag']) retrieved from /home/airflow/.local/lib/python3.7/site-packages/airflow/example_dags/example_sla_dag.py
[2024-02-09T18:39:09.324+0000] {logging_mixin.py:137} INFO - [2024-02-09T18:39:09.324+0000] {dag.py:2690} INFO - Sync 1 DAGs
[2024-02-09T18:39:09.340+0000] {logging_mixin.py:137} INFO - [2024-02-09T18:39:09.340+0000] {dag.py:3441} INFO - Setting next_dagrun for example_sla_dag to 2024-02-09T18:36:00+00:00, run_after=2024-02-09T18:38:00+00:00
[2024-02-09T18:39:09.351+0000] {processor.py:175} INFO - Processing /home/airflow/.local/lib/python3.7/site-packages/airflow/example_dags/example_sla_dag.py took 0.058 seconds
[2024-02-09T18:39:39.805+0000] {processor.py:153} INFO - Started process (PID=6921) to work on /home/airflow/.local/lib/python3.7/site-packages/airflow/example_dags/example_sla_dag.py
[2024-02-09T18:39:39.805+0000] {processor.py:743} INFO - Processing file /home/airflow/.local/lib/python3.7/site-packages/airflow/example_dags/example_sla_dag.py for tasks to queue
[2024-02-09T18:39:39.806+0000] {logging_mixin.py:137} INFO - [2024-02-09T18:39:39.806+0000] {dagbag.py:538} INFO - Filling up the DagBag from /home/airflow/.local/lib/python3.7/site-packages/airflow/example_dags/example_sla_dag.py
[2024-02-09T18:39:39.819+0000] {processor.py:753} INFO - DAG(s) dict_keys(['example_sla_dag']) retrieved from /home/airflow/.local/lib/python3.7/site-packages/airflow/example_dags/example_sla_dag.py
[2024-02-09T18:39:39.833+0000] {logging_mixin.py:137} INFO - [2024-02-09T18:39:39.833+0000] {dag.py:2690} INFO - Sync 1 DAGs
[2024-02-09T18:39:39.850+0000] {logging_mixin.py:137} INFO - [2024-02-09T18:39:39.850+0000] {dag.py:3441} INFO - Setting next_dagrun for example_sla_dag to 2024-02-09T18:36:00+00:00, run_after=2024-02-09T18:38:00+00:00
[2024-02-09T18:39:39.860+0000] {processor.py:175} INFO - Processing /home/airflow/.local/lib/python3.7/site-packages/airflow/example_dags/example_sla_dag.py took 0.057 seconds
[2024-02-09T18:40:10.338+0000] {processor.py:153} INFO - Started process (PID=7024) to work on /home/airflow/.local/lib/python3.7/site-packages/airflow/example_dags/example_sla_dag.py
[2024-02-09T18:40:10.339+0000] {processor.py:743} INFO - Processing file /home/airflow/.local/lib/python3.7/site-packages/airflow/example_dags/example_sla_dag.py for tasks to queue
[2024-02-09T18:40:10.339+0000] {logging_mixin.py:137} INFO - [2024-02-09T18:40:10.339+0000] {dagbag.py:538} INFO - Filling up the DagBag from /home/airflow/.local/lib/python3.7/site-packages/airflow/example_dags/example_sla_dag.py
[2024-02-09T18:40:10.352+0000] {processor.py:753} INFO - DAG(s) dict_keys(['example_sla_dag']) retrieved from /home/airflow/.local/lib/python3.7/site-packages/airflow/example_dags/example_sla_dag.py
[2024-02-09T18:40:10.366+0000] {logging_mixin.py:137} INFO - [2024-02-09T18:40:10.366+0000] {dag.py:2690} INFO - Sync 1 DAGs
[2024-02-09T18:40:10.382+0000] {logging_mixin.py:137} INFO - [2024-02-09T18:40:10.382+0000] {dag.py:3441} INFO - Setting next_dagrun for example_sla_dag to 2024-02-09T18:38:00+00:00, run_after=2024-02-09T18:40:00+00:00
[2024-02-09T18:40:10.393+0000] {processor.py:175} INFO - Processing /home/airflow/.local/lib/python3.7/site-packages/airflow/example_dags/example_sla_dag.py took 0.057 seconds
[2024-02-09T18:40:41.027+0000] {processor.py:153} INFO - Started process (PID=7159) to work on /home/airflow/.local/lib/python3.7/site-packages/airflow/example_dags/example_sla_dag.py
[2024-02-09T18:40:41.028+0000] {processor.py:743} INFO - Processing file /home/airflow/.local/lib/python3.7/site-packages/airflow/example_dags/example_sla_dag.py for tasks to queue
[2024-02-09T18:40:41.029+0000] {logging_mixin.py:137} INFO - [2024-02-09T18:40:41.029+0000] {dagbag.py:538} INFO - Filling up the DagBag from /home/airflow/.local/lib/python3.7/site-packages/airflow/example_dags/example_sla_dag.py
[2024-02-09T18:40:41.045+0000] {processor.py:753} INFO - DAG(s) dict_keys(['example_sla_dag']) retrieved from /home/airflow/.local/lib/python3.7/site-packages/airflow/example_dags/example_sla_dag.py
[2024-02-09T18:40:41.062+0000] {logging_mixin.py:137} INFO - [2024-02-09T18:40:41.062+0000] {dag.py:2690} INFO - Sync 1 DAGs
[2024-02-09T18:40:41.080+0000] {logging_mixin.py:137} INFO - [2024-02-09T18:40:41.080+0000] {dag.py:3441} INFO - Setting next_dagrun for example_sla_dag to 2024-02-09T18:38:00+00:00, run_after=2024-02-09T18:40:00+00:00
[2024-02-09T18:40:41.091+0000] {processor.py:175} INFO - Processing /home/airflow/.local/lib/python3.7/site-packages/airflow/example_dags/example_sla_dag.py took 0.067 seconds
[2024-02-09T18:41:11.565+0000] {processor.py:153} INFO - Started process (PID=7294) to work on /home/airflow/.local/lib/python3.7/site-packages/airflow/example_dags/example_sla_dag.py
[2024-02-09T18:41:11.565+0000] {processor.py:743} INFO - Processing file /home/airflow/.local/lib/python3.7/site-packages/airflow/example_dags/example_sla_dag.py for tasks to queue
[2024-02-09T18:41:11.566+0000] {logging_mixin.py:137} INFO - [2024-02-09T18:41:11.566+0000] {dagbag.py:538} INFO - Filling up the DagBag from /home/airflow/.local/lib/python3.7/site-packages/airflow/example_dags/example_sla_dag.py
[2024-02-09T18:41:11.579+0000] {processor.py:753} INFO - DAG(s) dict_keys(['example_sla_dag']) retrieved from /home/airflow/.local/lib/python3.7/site-packages/airflow/example_dags/example_sla_dag.py
[2024-02-09T18:41:11.593+0000] {logging_mixin.py:137} INFO - [2024-02-09T18:41:11.592+0000] {dag.py:2690} INFO - Sync 1 DAGs
[2024-02-09T18:41:11.608+0000] {logging_mixin.py:137} INFO - [2024-02-09T18:41:11.607+0000] {dag.py:3441} INFO - Setting next_dagrun for example_sla_dag to 2024-02-09T18:38:00+00:00, run_after=2024-02-09T18:40:00+00:00
[2024-02-09T18:41:11.618+0000] {processor.py:175} INFO - Processing /home/airflow/.local/lib/python3.7/site-packages/airflow/example_dags/example_sla_dag.py took 0.055 seconds
[2024-02-09T18:41:42.056+0000] {processor.py:153} INFO - Started process (PID=7397) to work on /home/airflow/.local/lib/python3.7/site-packages/airflow/example_dags/example_sla_dag.py
[2024-02-09T18:41:42.057+0000] {processor.py:743} INFO - Processing file /home/airflow/.local/lib/python3.7/site-packages/airflow/example_dags/example_sla_dag.py for tasks to queue
[2024-02-09T18:41:42.057+0000] {logging_mixin.py:137} INFO - [2024-02-09T18:41:42.057+0000] {dagbag.py:538} INFO - Filling up the DagBag from /home/airflow/.local/lib/python3.7/site-packages/airflow/example_dags/example_sla_dag.py
[2024-02-09T18:41:42.070+0000] {processor.py:753} INFO - DAG(s) dict_keys(['example_sla_dag']) retrieved from /home/airflow/.local/lib/python3.7/site-packages/airflow/example_dags/example_sla_dag.py
[2024-02-09T18:41:42.084+0000] {logging_mixin.py:137} INFO - [2024-02-09T18:41:42.084+0000] {dag.py:2690} INFO - Sync 1 DAGs
[2024-02-09T18:41:42.108+0000] {logging_mixin.py:137} INFO - [2024-02-09T18:41:42.108+0000] {dag.py:3441} INFO - Setting next_dagrun for example_sla_dag to 2024-02-09T18:38:00+00:00, run_after=2024-02-09T18:40:00+00:00
[2024-02-09T18:41:42.119+0000] {processor.py:175} INFO - Processing /home/airflow/.local/lib/python3.7/site-packages/airflow/example_dags/example_sla_dag.py took 0.065 seconds
[2024-02-09T18:42:12.603+0000] {processor.py:153} INFO - Started process (PID=7532) to work on /home/airflow/.local/lib/python3.7/site-packages/airflow/example_dags/example_sla_dag.py
[2024-02-09T18:42:12.603+0000] {processor.py:743} INFO - Processing file /home/airflow/.local/lib/python3.7/site-packages/airflow/example_dags/example_sla_dag.py for tasks to queue
[2024-02-09T18:42:12.604+0000] {logging_mixin.py:137} INFO - [2024-02-09T18:42:12.603+0000] {dagbag.py:538} INFO - Filling up the DagBag from /home/airflow/.local/lib/python3.7/site-packages/airflow/example_dags/example_sla_dag.py
[2024-02-09T18:42:12.654+0000] {processor.py:753} INFO - DAG(s) dict_keys(['example_sla_dag']) retrieved from /home/airflow/.local/lib/python3.7/site-packages/airflow/example_dags/example_sla_dag.py
[2024-02-09T18:42:12.674+0000] {logging_mixin.py:137} INFO - [2024-02-09T18:42:12.674+0000] {dag.py:2690} INFO - Sync 1 DAGs
[2024-02-09T18:42:12.699+0000] {logging_mixin.py:137} INFO - [2024-02-09T18:42:12.699+0000] {dag.py:3441} INFO - Setting next_dagrun for example_sla_dag to 2024-02-09T18:40:00+00:00, run_after=2024-02-09T18:42:00+00:00
[2024-02-09T18:42:12.720+0000] {processor.py:175} INFO - Processing /home/airflow/.local/lib/python3.7/site-packages/airflow/example_dags/example_sla_dag.py took 0.120 seconds
[2024-02-09T18:42:43.296+0000] {processor.py:153} INFO - Started process (PID=7667) to work on /home/airflow/.local/lib/python3.7/site-packages/airflow/example_dags/example_sla_dag.py
[2024-02-09T18:42:43.296+0000] {processor.py:743} INFO - Processing file /home/airflow/.local/lib/python3.7/site-packages/airflow/example_dags/example_sla_dag.py for tasks to queue
[2024-02-09T18:42:43.297+0000] {logging_mixin.py:137} INFO - [2024-02-09T18:42:43.296+0000] {dagbag.py:538} INFO - Filling up the DagBag from /home/airflow/.local/lib/python3.7/site-packages/airflow/example_dags/example_sla_dag.py
[2024-02-09T18:42:43.310+0000] {processor.py:753} INFO - DAG(s) dict_keys(['example_sla_dag']) retrieved from /home/airflow/.local/lib/python3.7/site-packages/airflow/example_dags/example_sla_dag.py
[2024-02-09T18:42:43.324+0000] {logging_mixin.py:137} INFO - [2024-02-09T18:42:43.324+0000] {dag.py:2690} INFO - Sync 1 DAGs
[2024-02-09T18:42:43.341+0000] {logging_mixin.py:137} INFO - [2024-02-09T18:42:43.341+0000] {dag.py:3441} INFO - Setting next_dagrun for example_sla_dag to 2024-02-09T18:40:00+00:00, run_after=2024-02-09T18:42:00+00:00
[2024-02-09T18:42:43.353+0000] {processor.py:175} INFO - Processing /home/airflow/.local/lib/python3.7/site-packages/airflow/example_dags/example_sla_dag.py took 0.059 seconds
[2024-02-09T18:43:13.780+0000] {processor.py:153} INFO - Started process (PID=7770) to work on /home/airflow/.local/lib/python3.7/site-packages/airflow/example_dags/example_sla_dag.py
[2024-02-09T18:43:13.780+0000] {processor.py:743} INFO - Processing file /home/airflow/.local/lib/python3.7/site-packages/airflow/example_dags/example_sla_dag.py for tasks to queue
[2024-02-09T18:43:13.780+0000] {logging_mixin.py:137} INFO - [2024-02-09T18:43:13.780+0000] {dagbag.py:538} INFO - Filling up the DagBag from /home/airflow/.local/lib/python3.7/site-packages/airflow/example_dags/example_sla_dag.py
[2024-02-09T18:43:13.794+0000] {processor.py:753} INFO - DAG(s) dict_keys(['example_sla_dag']) retrieved from /home/airflow/.local/lib/python3.7/site-packages/airflow/example_dags/example_sla_dag.py
[2024-02-09T18:43:13.808+0000] {logging_mixin.py:137} INFO - [2024-02-09T18:43:13.808+0000] {dag.py:2690} INFO - Sync 1 DAGs
[2024-02-09T18:43:13.824+0000] {logging_mixin.py:137} INFO - [2024-02-09T18:43:13.824+0000] {dag.py:3441} INFO - Setting next_dagrun for example_sla_dag to 2024-02-09T18:40:00+00:00, run_after=2024-02-09T18:42:00+00:00
[2024-02-09T18:43:13.835+0000] {processor.py:175} INFO - Processing /home/airflow/.local/lib/python3.7/site-packages/airflow/example_dags/example_sla_dag.py took 0.057 seconds
[2024-02-09T18:43:44.435+0000] {processor.py:153} INFO - Started process (PID=7906) to work on /home/airflow/.local/lib/python3.7/site-packages/airflow/example_dags/example_sla_dag.py
[2024-02-09T18:43:44.436+0000] {processor.py:743} INFO - Processing file /home/airflow/.local/lib/python3.7/site-packages/airflow/example_dags/example_sla_dag.py for tasks to queue
[2024-02-09T18:43:44.436+0000] {logging_mixin.py:137} INFO - [2024-02-09T18:43:44.436+0000] {dagbag.py:538} INFO - Filling up the DagBag from /home/airflow/.local/lib/python3.7/site-packages/airflow/example_dags/example_sla_dag.py
[2024-02-09T18:43:44.450+0000] {processor.py:753} INFO - DAG(s) dict_keys(['example_sla_dag']) retrieved from /home/airflow/.local/lib/python3.7/site-packages/airflow/example_dags/example_sla_dag.py
[2024-02-09T18:43:44.463+0000] {logging_mixin.py:137} INFO - [2024-02-09T18:43:44.463+0000] {dag.py:2690} INFO - Sync 1 DAGs
[2024-02-09T18:43:44.480+0000] {logging_mixin.py:137} INFO - [2024-02-09T18:43:44.480+0000] {dag.py:3441} INFO - Setting next_dagrun for example_sla_dag to 2024-02-09T18:40:00+00:00, run_after=2024-02-09T18:42:00+00:00
[2024-02-09T18:43:44.490+0000] {processor.py:175} INFO - Processing /home/airflow/.local/lib/python3.7/site-packages/airflow/example_dags/example_sla_dag.py took 0.057 seconds
[2024-02-09T18:44:14.908+0000] {processor.py:153} INFO - Started process (PID=8041) to work on /home/airflow/.local/lib/python3.7/site-packages/airflow/example_dags/example_sla_dag.py
[2024-02-09T18:44:14.909+0000] {processor.py:743} INFO - Processing file /home/airflow/.local/lib/python3.7/site-packages/airflow/example_dags/example_sla_dag.py for tasks to queue
[2024-02-09T18:44:14.909+0000] {logging_mixin.py:137} INFO - [2024-02-09T18:44:14.909+0000] {dagbag.py:538} INFO - Filling up the DagBag from /home/airflow/.local/lib/python3.7/site-packages/airflow/example_dags/example_sla_dag.py
[2024-02-09T18:44:14.922+0000] {processor.py:753} INFO - DAG(s) dict_keys(['example_sla_dag']) retrieved from /home/airflow/.local/lib/python3.7/site-packages/airflow/example_dags/example_sla_dag.py
[2024-02-09T18:44:14.937+0000] {logging_mixin.py:137} INFO - [2024-02-09T18:44:14.937+0000] {dag.py:2690} INFO - Sync 1 DAGs
[2024-02-09T18:44:14.953+0000] {logging_mixin.py:137} INFO - [2024-02-09T18:44:14.953+0000] {dag.py:3441} INFO - Setting next_dagrun for example_sla_dag to 2024-02-09T18:42:00+00:00, run_after=2024-02-09T18:44:00+00:00
[2024-02-09T18:44:14.964+0000] {processor.py:175} INFO - Processing /home/airflow/.local/lib/python3.7/site-packages/airflow/example_dags/example_sla_dag.py took 0.058 seconds
[2024-02-09T18:44:45.350+0000] {processor.py:153} INFO - Started process (PID=8144) to work on /home/airflow/.local/lib/python3.7/site-packages/airflow/example_dags/example_sla_dag.py
[2024-02-09T18:44:45.350+0000] {processor.py:743} INFO - Processing file /home/airflow/.local/lib/python3.7/site-packages/airflow/example_dags/example_sla_dag.py for tasks to queue
[2024-02-09T18:44:45.351+0000] {logging_mixin.py:137} INFO - [2024-02-09T18:44:45.351+0000] {dagbag.py:538} INFO - Filling up the DagBag from /home/airflow/.local/lib/python3.7/site-packages/airflow/example_dags/example_sla_dag.py
[2024-02-09T18:44:45.364+0000] {processor.py:753} INFO - DAG(s) dict_keys(['example_sla_dag']) retrieved from /home/airflow/.local/lib/python3.7/site-packages/airflow/example_dags/example_sla_dag.py
[2024-02-09T18:44:45.381+0000] {logging_mixin.py:137} INFO - [2024-02-09T18:44:45.381+0000] {dag.py:2690} INFO - Sync 1 DAGs
[2024-02-09T18:44:45.399+0000] {logging_mixin.py:137} INFO - [2024-02-09T18:44:45.398+0000] {dag.py:3441} INFO - Setting next_dagrun for example_sla_dag to 2024-02-09T18:42:00+00:00, run_after=2024-02-09T18:44:00+00:00
[2024-02-09T18:44:45.410+0000] {processor.py:175} INFO - Processing /home/airflow/.local/lib/python3.7/site-packages/airflow/example_dags/example_sla_dag.py took 0.062 seconds
[2024-02-09T18:45:15.966+0000] {processor.py:153} INFO - Started process (PID=8279) to work on /home/airflow/.local/lib/python3.7/site-packages/airflow/example_dags/example_sla_dag.py
[2024-02-09T18:45:15.966+0000] {processor.py:743} INFO - Processing file /home/airflow/.local/lib/python3.7/site-packages/airflow/example_dags/example_sla_dag.py for tasks to queue
[2024-02-09T18:45:15.966+0000] {logging_mixin.py:137} INFO - [2024-02-09T18:45:15.966+0000] {dagbag.py:538} INFO - Filling up the DagBag from /home/airflow/.local/lib/python3.7/site-packages/airflow/example_dags/example_sla_dag.py
[2024-02-09T18:45:15.979+0000] {processor.py:753} INFO - DAG(s) dict_keys(['example_sla_dag']) retrieved from /home/airflow/.local/lib/python3.7/site-packages/airflow/example_dags/example_sla_dag.py
[2024-02-09T18:45:15.994+0000] {logging_mixin.py:137} INFO - [2024-02-09T18:45:15.994+0000] {dag.py:2690} INFO - Sync 1 DAGs
[2024-02-09T18:45:16.011+0000] {logging_mixin.py:137} INFO - [2024-02-09T18:45:16.011+0000] {dag.py:3441} INFO - Setting next_dagrun for example_sla_dag to 2024-02-09T18:42:00+00:00, run_after=2024-02-09T18:44:00+00:00
[2024-02-09T18:45:16.021+0000] {processor.py:175} INFO - Processing /home/airflow/.local/lib/python3.7/site-packages/airflow/example_dags/example_sla_dag.py took 0.057 seconds
[2024-02-09T18:45:46.486+0000] {processor.py:153} INFO - Started process (PID=8414) to work on /home/airflow/.local/lib/python3.7/site-packages/airflow/example_dags/example_sla_dag.py
[2024-02-09T18:45:46.487+0000] {processor.py:743} INFO - Processing file /home/airflow/.local/lib/python3.7/site-packages/airflow/example_dags/example_sla_dag.py for tasks to queue
[2024-02-09T18:45:46.487+0000] {logging_mixin.py:137} INFO - [2024-02-09T18:45:46.487+0000] {dagbag.py:538} INFO - Filling up the DagBag from /home/airflow/.local/lib/python3.7/site-packages/airflow/example_dags/example_sla_dag.py
[2024-02-09T18:45:46.500+0000] {processor.py:753} INFO - DAG(s) dict_keys(['example_sla_dag']) retrieved from /home/airflow/.local/lib/python3.7/site-packages/airflow/example_dags/example_sla_dag.py
[2024-02-09T18:45:46.514+0000] {logging_mixin.py:137} INFO - [2024-02-09T18:45:46.514+0000] {dag.py:2690} INFO - Sync 1 DAGs
[2024-02-09T18:45:46.530+0000] {logging_mixin.py:137} INFO - [2024-02-09T18:45:46.530+0000] {dag.py:3441} INFO - Setting next_dagrun for example_sla_dag to 2024-02-09T18:42:00+00:00, run_after=2024-02-09T18:44:00+00:00
[2024-02-09T18:45:46.539+0000] {processor.py:175} INFO - Processing /home/airflow/.local/lib/python3.7/site-packages/airflow/example_dags/example_sla_dag.py took 0.055 seconds
[2024-02-09T18:46:16.988+0000] {processor.py:153} INFO - Started process (PID=8517) to work on /home/airflow/.local/lib/python3.7/site-packages/airflow/example_dags/example_sla_dag.py
[2024-02-09T18:46:16.988+0000] {processor.py:743} INFO - Processing file /home/airflow/.local/lib/python3.7/site-packages/airflow/example_dags/example_sla_dag.py for tasks to queue
[2024-02-09T18:46:16.989+0000] {logging_mixin.py:137} INFO - [2024-02-09T18:46:16.989+0000] {dagbag.py:538} INFO - Filling up the DagBag from /home/airflow/.local/lib/python3.7/site-packages/airflow/example_dags/example_sla_dag.py
[2024-02-09T18:46:17.002+0000] {processor.py:753} INFO - DAG(s) dict_keys(['example_sla_dag']) retrieved from /home/airflow/.local/lib/python3.7/site-packages/airflow/example_dags/example_sla_dag.py
[2024-02-09T18:46:17.015+0000] {logging_mixin.py:137} INFO - [2024-02-09T18:46:17.015+0000] {dag.py:2690} INFO - Sync 1 DAGs
[2024-02-09T18:46:17.034+0000] {logging_mixin.py:137} INFO - [2024-02-09T18:46:17.034+0000] {dag.py:3441} INFO - Setting next_dagrun for example_sla_dag to 2024-02-09T18:44:00+00:00, run_after=2024-02-09T18:46:00+00:00
[2024-02-09T18:46:17.047+0000] {processor.py:175} INFO - Processing /home/airflow/.local/lib/python3.7/site-packages/airflow/example_dags/example_sla_dag.py took 0.060 seconds
[2024-02-09T18:46:47.589+0000] {processor.py:153} INFO - Started process (PID=8652) to work on /home/airflow/.local/lib/python3.7/site-packages/airflow/example_dags/example_sla_dag.py
[2024-02-09T18:46:47.590+0000] {processor.py:743} INFO - Processing file /home/airflow/.local/lib/python3.7/site-packages/airflow/example_dags/example_sla_dag.py for tasks to queue
[2024-02-09T18:46:47.590+0000] {logging_mixin.py:137} INFO - [2024-02-09T18:46:47.590+0000] {dagbag.py:538} INFO - Filling up the DagBag from /home/airflow/.local/lib/python3.7/site-packages/airflow/example_dags/example_sla_dag.py
[2024-02-09T18:46:47.605+0000] {processor.py:753} INFO - DAG(s) dict_keys(['example_sla_dag']) retrieved from /home/airflow/.local/lib/python3.7/site-packages/airflow/example_dags/example_sla_dag.py
[2024-02-09T18:46:47.622+0000] {logging_mixin.py:137} INFO - [2024-02-09T18:46:47.622+0000] {dag.py:2690} INFO - Sync 1 DAGs
[2024-02-09T18:46:47.643+0000] {logging_mixin.py:137} INFO - [2024-02-09T18:46:47.642+0000] {dag.py:3441} INFO - Setting next_dagrun for example_sla_dag to 2024-02-09T18:44:00+00:00, run_after=2024-02-09T18:46:00+00:00
[2024-02-09T18:46:47.658+0000] {processor.py:175} INFO - Processing /home/airflow/.local/lib/python3.7/site-packages/airflow/example_dags/example_sla_dag.py took 0.071 seconds
[2024-02-09T18:47:18.130+0000] {processor.py:153} INFO - Started process (PID=8787) to work on /home/airflow/.local/lib/python3.7/site-packages/airflow/example_dags/example_sla_dag.py
[2024-02-09T18:47:18.131+0000] {processor.py:743} INFO - Processing file /home/airflow/.local/lib/python3.7/site-packages/airflow/example_dags/example_sla_dag.py for tasks to queue
[2024-02-09T18:47:18.131+0000] {logging_mixin.py:137} INFO - [2024-02-09T18:47:18.131+0000] {dagbag.py:538} INFO - Filling up the DagBag from /home/airflow/.local/lib/python3.7/site-packages/airflow/example_dags/example_sla_dag.py
[2024-02-09T18:47:18.144+0000] {processor.py:753} INFO - DAG(s) dict_keys(['example_sla_dag']) retrieved from /home/airflow/.local/lib/python3.7/site-packages/airflow/example_dags/example_sla_dag.py
[2024-02-09T18:47:18.158+0000] {logging_mixin.py:137} INFO - [2024-02-09T18:47:18.158+0000] {dag.py:2690} INFO - Sync 1 DAGs
[2024-02-09T18:47:18.174+0000] {logging_mixin.py:137} INFO - [2024-02-09T18:47:18.174+0000] {dag.py:3441} INFO - Setting next_dagrun for example_sla_dag to 2024-02-09T18:44:00+00:00, run_after=2024-02-09T18:46:00+00:00
[2024-02-09T18:47:18.185+0000] {processor.py:175} INFO - Processing /home/airflow/.local/lib/python3.7/site-packages/airflow/example_dags/example_sla_dag.py took 0.057 seconds
[2024-02-09T18:47:48.620+0000] {processor.py:153} INFO - Started process (PID=8890) to work on /home/airflow/.local/lib/python3.7/site-packages/airflow/example_dags/example_sla_dag.py
[2024-02-09T18:47:48.621+0000] {processor.py:743} INFO - Processing file /home/airflow/.local/lib/python3.7/site-packages/airflow/example_dags/example_sla_dag.py for tasks to queue
[2024-02-09T18:47:48.621+0000] {logging_mixin.py:137} INFO - [2024-02-09T18:47:48.621+0000] {dagbag.py:538} INFO - Filling up the DagBag from /home/airflow/.local/lib/python3.7/site-packages/airflow/example_dags/example_sla_dag.py
[2024-02-09T18:47:48.635+0000] {processor.py:753} INFO - DAG(s) dict_keys(['example_sla_dag']) retrieved from /home/airflow/.local/lib/python3.7/site-packages/airflow/example_dags/example_sla_dag.py
[2024-02-09T18:47:48.648+0000] {logging_mixin.py:137} INFO - [2024-02-09T18:47:48.648+0000] {dag.py:2690} INFO - Sync 1 DAGs
[2024-02-09T18:47:48.663+0000] {logging_mixin.py:137} INFO - [2024-02-09T18:47:48.663+0000] {dag.py:3441} INFO - Setting next_dagrun for example_sla_dag to 2024-02-09T18:44:00+00:00, run_after=2024-02-09T18:46:00+00:00
[2024-02-09T18:47:48.673+0000] {processor.py:175} INFO - Processing /home/airflow/.local/lib/python3.7/site-packages/airflow/example_dags/example_sla_dag.py took 0.055 seconds
[2024-02-09T18:48:19.203+0000] {processor.py:153} INFO - Started process (PID=9025) to work on /home/airflow/.local/lib/python3.7/site-packages/airflow/example_dags/example_sla_dag.py
[2024-02-09T18:48:19.204+0000] {processor.py:743} INFO - Processing file /home/airflow/.local/lib/python3.7/site-packages/airflow/example_dags/example_sla_dag.py for tasks to queue
[2024-02-09T18:48:19.204+0000] {logging_mixin.py:137} INFO - [2024-02-09T18:48:19.204+0000] {dagbag.py:538} INFO - Filling up the DagBag from /home/airflow/.local/lib/python3.7/site-packages/airflow/example_dags/example_sla_dag.py
[2024-02-09T18:48:19.218+0000] {processor.py:753} INFO - DAG(s) dict_keys(['example_sla_dag']) retrieved from /home/airflow/.local/lib/python3.7/site-packages/airflow/example_dags/example_sla_dag.py
[2024-02-09T18:48:19.232+0000] {logging_mixin.py:137} INFO - [2024-02-09T18:48:19.232+0000] {dag.py:2690} INFO - Sync 1 DAGs
[2024-02-09T18:48:19.247+0000] {logging_mixin.py:137} INFO - [2024-02-09T18:48:19.247+0000] {dag.py:3441} INFO - Setting next_dagrun for example_sla_dag to 2024-02-09T18:46:00+00:00, run_after=2024-02-09T18:48:00+00:00
[2024-02-09T18:48:19.258+0000] {processor.py:175} INFO - Processing /home/airflow/.local/lib/python3.7/site-packages/airflow/example_dags/example_sla_dag.py took 0.057 seconds
[2024-02-09T18:48:49.614+0000] {processor.py:153} INFO - Started process (PID=9160) to work on /home/airflow/.local/lib/python3.7/site-packages/airflow/example_dags/example_sla_dag.py
[2024-02-09T18:48:49.615+0000] {processor.py:743} INFO - Processing file /home/airflow/.local/lib/python3.7/site-packages/airflow/example_dags/example_sla_dag.py for tasks to queue
[2024-02-09T18:48:49.615+0000] {logging_mixin.py:137} INFO - [2024-02-09T18:48:49.615+0000] {dagbag.py:538} INFO - Filling up the DagBag from /home/airflow/.local/lib/python3.7/site-packages/airflow/example_dags/example_sla_dag.py
[2024-02-09T18:48:49.628+0000] {processor.py:753} INFO - DAG(s) dict_keys(['example_sla_dag']) retrieved from /home/airflow/.local/lib/python3.7/site-packages/airflow/example_dags/example_sla_dag.py
[2024-02-09T18:48:49.642+0000] {logging_mixin.py:137} INFO - [2024-02-09T18:48:49.642+0000] {dag.py:2690} INFO - Sync 1 DAGs
[2024-02-09T18:48:49.660+0000] {logging_mixin.py:137} INFO - [2024-02-09T18:48:49.660+0000] {dag.py:3441} INFO - Setting next_dagrun for example_sla_dag to 2024-02-09T18:46:00+00:00, run_after=2024-02-09T18:48:00+00:00
[2024-02-09T18:48:49.672+0000] {processor.py:175} INFO - Processing /home/airflow/.local/lib/python3.7/site-packages/airflow/example_dags/example_sla_dag.py took 0.059 seconds
