[2024-02-09T18:11:38.277+0000] {processor.py:153} INFO - Started process (PID=86) to work on /home/airflow/.local/lib/python3.7/site-packages/airflow/example_dags/example_task_group.py
[2024-02-09T18:11:38.278+0000] {processor.py:743} INFO - Processing file /home/airflow/.local/lib/python3.7/site-packages/airflow/example_dags/example_task_group.py for tasks to queue
[2024-02-09T18:11:38.278+0000] {logging_mixin.py:137} INFO - [2024-02-09T18:11:38.278+0000] {dagbag.py:538} INFO - Filling up the DagBag from /home/airflow/.local/lib/python3.7/site-packages/airflow/example_dags/example_task_group.py
[2024-02-09T18:11:38.290+0000] {processor.py:753} INFO - DAG(s) dict_keys(['example_task_group']) retrieved from /home/airflow/.local/lib/python3.7/site-packages/airflow/example_dags/example_task_group.py
[2024-02-09T18:11:38.298+0000] {logging_mixin.py:137} INFO - [2024-02-09T18:11:38.297+0000] {dag.py:2690} INFO - Sync 1 DAGs
[2024-02-09T18:11:38.316+0000] {logging_mixin.py:137} INFO - [2024-02-09T18:11:38.316+0000] {dag.py:3441} INFO - Setting next_dagrun for example_task_group to 2024-02-08T18:11:38.316285+00:00, run_after=2024-02-09T18:11:38.316285+00:00
[2024-02-09T18:11:38.330+0000] {processor.py:175} INFO - Processing /home/airflow/.local/lib/python3.7/site-packages/airflow/example_dags/example_task_group.py took 0.055 seconds
[2024-02-09T18:12:08.832+0000] {processor.py:153} INFO - Started process (PID=221) to work on /home/airflow/.local/lib/python3.7/site-packages/airflow/example_dags/example_task_group.py
[2024-02-09T18:12:08.833+0000] {processor.py:743} INFO - Processing file /home/airflow/.local/lib/python3.7/site-packages/airflow/example_dags/example_task_group.py for tasks to queue
[2024-02-09T18:12:08.833+0000] {logging_mixin.py:137} INFO - [2024-02-09T18:12:08.833+0000] {dagbag.py:538} INFO - Filling up the DagBag from /home/airflow/.local/lib/python3.7/site-packages/airflow/example_dags/example_task_group.py
[2024-02-09T18:12:08.843+0000] {processor.py:753} INFO - DAG(s) dict_keys(['example_task_group']) retrieved from /home/airflow/.local/lib/python3.7/site-packages/airflow/example_dags/example_task_group.py
[2024-02-09T18:12:08.858+0000] {logging_mixin.py:137} INFO - [2024-02-09T18:12:08.858+0000] {dag.py:2690} INFO - Sync 1 DAGs
[2024-02-09T18:12:08.873+0000] {logging_mixin.py:137} INFO - [2024-02-09T18:12:08.873+0000] {dag.py:3441} INFO - Setting next_dagrun for example_task_group to 2024-02-08T18:12:08.873605+00:00, run_after=2024-02-09T18:12:08.873605+00:00
[2024-02-09T18:12:08.884+0000] {processor.py:175} INFO - Processing /home/airflow/.local/lib/python3.7/site-packages/airflow/example_dags/example_task_group.py took 0.054 seconds
[2024-02-09T18:12:39.618+0000] {processor.py:153} INFO - Started process (PID=355) to work on /home/airflow/.local/lib/python3.7/site-packages/airflow/example_dags/example_task_group.py
[2024-02-09T18:12:39.626+0000] {processor.py:743} INFO - Processing file /home/airflow/.local/lib/python3.7/site-packages/airflow/example_dags/example_task_group.py for tasks to queue
[2024-02-09T18:12:39.626+0000] {logging_mixin.py:137} INFO - [2024-02-09T18:12:39.626+0000] {dagbag.py:538} INFO - Filling up the DagBag from /home/airflow/.local/lib/python3.7/site-packages/airflow/example_dags/example_task_group.py
[2024-02-09T18:12:39.639+0000] {processor.py:753} INFO - DAG(s) dict_keys(['example_task_group']) retrieved from /home/airflow/.local/lib/python3.7/site-packages/airflow/example_dags/example_task_group.py
[2024-02-09T18:12:39.681+0000] {logging_mixin.py:137} INFO - [2024-02-09T18:12:39.681+0000] {dag.py:2690} INFO - Sync 1 DAGs
[2024-02-09T18:12:39.707+0000] {logging_mixin.py:137} INFO - [2024-02-09T18:12:39.706+0000] {dag.py:3441} INFO - Setting next_dagrun for example_task_group to 2024-02-08T18:12:39.706851+00:00, run_after=2024-02-09T18:12:39.706851+00:00
[2024-02-09T18:12:39.719+0000] {processor.py:175} INFO - Processing /home/airflow/.local/lib/python3.7/site-packages/airflow/example_dags/example_task_group.py took 0.104 seconds
[2024-02-09T18:13:10.203+0000] {processor.py:153} INFO - Started process (PID=458) to work on /home/airflow/.local/lib/python3.7/site-packages/airflow/example_dags/example_task_group.py
[2024-02-09T18:13:10.203+0000] {processor.py:743} INFO - Processing file /home/airflow/.local/lib/python3.7/site-packages/airflow/example_dags/example_task_group.py for tasks to queue
[2024-02-09T18:13:10.204+0000] {logging_mixin.py:137} INFO - [2024-02-09T18:13:10.203+0000] {dagbag.py:538} INFO - Filling up the DagBag from /home/airflow/.local/lib/python3.7/site-packages/airflow/example_dags/example_task_group.py
[2024-02-09T18:13:10.212+0000] {processor.py:753} INFO - DAG(s) dict_keys(['example_task_group']) retrieved from /home/airflow/.local/lib/python3.7/site-packages/airflow/example_dags/example_task_group.py
[2024-02-09T18:13:10.227+0000] {logging_mixin.py:137} INFO - [2024-02-09T18:13:10.227+0000] {dag.py:2690} INFO - Sync 1 DAGs
[2024-02-09T18:13:10.242+0000] {logging_mixin.py:137} INFO - [2024-02-09T18:13:10.242+0000] {dag.py:3441} INFO - Setting next_dagrun for example_task_group to 2024-02-08T18:13:10.241894+00:00, run_after=2024-02-09T18:13:10.241894+00:00
[2024-02-09T18:13:10.253+0000] {processor.py:175} INFO - Processing /home/airflow/.local/lib/python3.7/site-packages/airflow/example_dags/example_task_group.py took 0.052 seconds
[2024-02-09T18:13:40.675+0000] {processor.py:153} INFO - Started process (PID=593) to work on /home/airflow/.local/lib/python3.7/site-packages/airflow/example_dags/example_task_group.py
[2024-02-09T18:13:40.675+0000] {processor.py:743} INFO - Processing file /home/airflow/.local/lib/python3.7/site-packages/airflow/example_dags/example_task_group.py for tasks to queue
[2024-02-09T18:13:40.676+0000] {logging_mixin.py:137} INFO - [2024-02-09T18:13:40.675+0000] {dagbag.py:538} INFO - Filling up the DagBag from /home/airflow/.local/lib/python3.7/site-packages/airflow/example_dags/example_task_group.py
[2024-02-09T18:13:40.684+0000] {processor.py:753} INFO - DAG(s) dict_keys(['example_task_group']) retrieved from /home/airflow/.local/lib/python3.7/site-packages/airflow/example_dags/example_task_group.py
[2024-02-09T18:13:40.698+0000] {logging_mixin.py:137} INFO - [2024-02-09T18:13:40.698+0000] {dag.py:2690} INFO - Sync 1 DAGs
[2024-02-09T18:13:40.712+0000] {logging_mixin.py:137} INFO - [2024-02-09T18:13:40.712+0000] {dag.py:3441} INFO - Setting next_dagrun for example_task_group to 2024-02-08T18:13:40.712638+00:00, run_after=2024-02-09T18:13:40.712638+00:00
[2024-02-09T18:13:40.725+0000] {processor.py:175} INFO - Processing /home/airflow/.local/lib/python3.7/site-packages/airflow/example_dags/example_task_group.py took 0.052 seconds
[2024-02-09T18:14:11.300+0000] {processor.py:153} INFO - Started process (PID=728) to work on /home/airflow/.local/lib/python3.7/site-packages/airflow/example_dags/example_task_group.py
[2024-02-09T18:14:11.300+0000] {processor.py:743} INFO - Processing file /home/airflow/.local/lib/python3.7/site-packages/airflow/example_dags/example_task_group.py for tasks to queue
[2024-02-09T18:14:11.300+0000] {logging_mixin.py:137} INFO - [2024-02-09T18:14:11.300+0000] {dagbag.py:538} INFO - Filling up the DagBag from /home/airflow/.local/lib/python3.7/site-packages/airflow/example_dags/example_task_group.py
[2024-02-09T18:14:11.309+0000] {processor.py:753} INFO - DAG(s) dict_keys(['example_task_group']) retrieved from /home/airflow/.local/lib/python3.7/site-packages/airflow/example_dags/example_task_group.py
[2024-02-09T18:14:11.325+0000] {logging_mixin.py:137} INFO - [2024-02-09T18:14:11.325+0000] {dag.py:2690} INFO - Sync 1 DAGs
[2024-02-09T18:14:11.341+0000] {logging_mixin.py:137} INFO - [2024-02-09T18:14:11.341+0000] {dag.py:3441} INFO - Setting next_dagrun for example_task_group to 2024-02-08T18:14:11.340973+00:00, run_after=2024-02-09T18:14:11.340973+00:00
[2024-02-09T18:14:11.353+0000] {processor.py:175} INFO - Processing /home/airflow/.local/lib/python3.7/site-packages/airflow/example_dags/example_task_group.py took 0.055 seconds
[2024-02-09T18:14:41.893+0000] {processor.py:153} INFO - Started process (PID=831) to work on /home/airflow/.local/lib/python3.7/site-packages/airflow/example_dags/example_task_group.py
[2024-02-09T18:14:41.894+0000] {processor.py:743} INFO - Processing file /home/airflow/.local/lib/python3.7/site-packages/airflow/example_dags/example_task_group.py for tasks to queue
[2024-02-09T18:14:41.894+0000] {logging_mixin.py:137} INFO - [2024-02-09T18:14:41.894+0000] {dagbag.py:538} INFO - Filling up the DagBag from /home/airflow/.local/lib/python3.7/site-packages/airflow/example_dags/example_task_group.py
[2024-02-09T18:14:41.903+0000] {processor.py:753} INFO - DAG(s) dict_keys(['example_task_group']) retrieved from /home/airflow/.local/lib/python3.7/site-packages/airflow/example_dags/example_task_group.py
[2024-02-09T18:14:41.918+0000] {logging_mixin.py:137} INFO - [2024-02-09T18:14:41.918+0000] {dag.py:2690} INFO - Sync 1 DAGs
[2024-02-09T18:14:41.933+0000] {logging_mixin.py:137} INFO - [2024-02-09T18:14:41.933+0000] {dag.py:3441} INFO - Setting next_dagrun for example_task_group to 2024-02-08T18:14:41.933209+00:00, run_after=2024-02-09T18:14:41.933209+00:00
[2024-02-09T18:14:41.944+0000] {processor.py:175} INFO - Processing /home/airflow/.local/lib/python3.7/site-packages/airflow/example_dags/example_task_group.py took 0.053 seconds
[2024-02-09T18:15:12.388+0000] {processor.py:153} INFO - Started process (PID=967) to work on /home/airflow/.local/lib/python3.7/site-packages/airflow/example_dags/example_task_group.py
[2024-02-09T18:15:12.388+0000] {processor.py:743} INFO - Processing file /home/airflow/.local/lib/python3.7/site-packages/airflow/example_dags/example_task_group.py for tasks to queue
[2024-02-09T18:15:12.389+0000] {logging_mixin.py:137} INFO - [2024-02-09T18:15:12.389+0000] {dagbag.py:538} INFO - Filling up the DagBag from /home/airflow/.local/lib/python3.7/site-packages/airflow/example_dags/example_task_group.py
[2024-02-09T18:15:12.397+0000] {processor.py:753} INFO - DAG(s) dict_keys(['example_task_group']) retrieved from /home/airflow/.local/lib/python3.7/site-packages/airflow/example_dags/example_task_group.py
[2024-02-09T18:15:12.411+0000] {logging_mixin.py:137} INFO - [2024-02-09T18:15:12.411+0000] {dag.py:2690} INFO - Sync 1 DAGs
[2024-02-09T18:15:12.425+0000] {logging_mixin.py:137} INFO - [2024-02-09T18:15:12.425+0000] {dag.py:3441} INFO - Setting next_dagrun for example_task_group to 2024-02-08T18:15:12.425438+00:00, run_after=2024-02-09T18:15:12.425438+00:00
[2024-02-09T18:15:12.436+0000] {processor.py:175} INFO - Processing /home/airflow/.local/lib/python3.7/site-packages/airflow/example_dags/example_task_group.py took 0.050 seconds
[2024-02-09T18:15:43.052+0000] {processor.py:153} INFO - Started process (PID=1102) to work on /home/airflow/.local/lib/python3.7/site-packages/airflow/example_dags/example_task_group.py
[2024-02-09T18:15:43.052+0000] {processor.py:743} INFO - Processing file /home/airflow/.local/lib/python3.7/site-packages/airflow/example_dags/example_task_group.py for tasks to queue
[2024-02-09T18:15:43.053+0000] {logging_mixin.py:137} INFO - [2024-02-09T18:15:43.053+0000] {dagbag.py:538} INFO - Filling up the DagBag from /home/airflow/.local/lib/python3.7/site-packages/airflow/example_dags/example_task_group.py
[2024-02-09T18:15:43.062+0000] {processor.py:753} INFO - DAG(s) dict_keys(['example_task_group']) retrieved from /home/airflow/.local/lib/python3.7/site-packages/airflow/example_dags/example_task_group.py
[2024-02-09T18:15:43.077+0000] {logging_mixin.py:137} INFO - [2024-02-09T18:15:43.077+0000] {dag.py:2690} INFO - Sync 1 DAGs
[2024-02-09T18:15:43.092+0000] {logging_mixin.py:137} INFO - [2024-02-09T18:15:43.092+0000] {dag.py:3441} INFO - Setting next_dagrun for example_task_group to 2024-02-08T18:15:43.092111+00:00, run_after=2024-02-09T18:15:43.092111+00:00
[2024-02-09T18:15:43.106+0000] {processor.py:175} INFO - Processing /home/airflow/.local/lib/python3.7/site-packages/airflow/example_dags/example_task_group.py took 0.056 seconds
[2024-02-09T18:16:13.533+0000] {processor.py:153} INFO - Started process (PID=1205) to work on /home/airflow/.local/lib/python3.7/site-packages/airflow/example_dags/example_task_group.py
[2024-02-09T18:16:13.534+0000] {processor.py:743} INFO - Processing file /home/airflow/.local/lib/python3.7/site-packages/airflow/example_dags/example_task_group.py for tasks to queue
[2024-02-09T18:16:13.534+0000] {logging_mixin.py:137} INFO - [2024-02-09T18:16:13.534+0000] {dagbag.py:538} INFO - Filling up the DagBag from /home/airflow/.local/lib/python3.7/site-packages/airflow/example_dags/example_task_group.py
[2024-02-09T18:16:13.543+0000] {processor.py:753} INFO - DAG(s) dict_keys(['example_task_group']) retrieved from /home/airflow/.local/lib/python3.7/site-packages/airflow/example_dags/example_task_group.py
[2024-02-09T18:16:13.556+0000] {logging_mixin.py:137} INFO - [2024-02-09T18:16:13.556+0000] {dag.py:2690} INFO - Sync 1 DAGs
[2024-02-09T18:16:13.570+0000] {logging_mixin.py:137} INFO - [2024-02-09T18:16:13.570+0000] {dag.py:3441} INFO - Setting next_dagrun for example_task_group to 2024-02-08T18:16:13.570528+00:00, run_after=2024-02-09T18:16:13.570528+00:00
[2024-02-09T18:16:13.581+0000] {processor.py:175} INFO - Processing /home/airflow/.local/lib/python3.7/site-packages/airflow/example_dags/example_task_group.py took 0.049 seconds
[2024-02-09T18:16:44.172+0000] {processor.py:153} INFO - Started process (PID=1340) to work on /home/airflow/.local/lib/python3.7/site-packages/airflow/example_dags/example_task_group.py
[2024-02-09T18:16:44.173+0000] {processor.py:743} INFO - Processing file /home/airflow/.local/lib/python3.7/site-packages/airflow/example_dags/example_task_group.py for tasks to queue
[2024-02-09T18:16:44.173+0000] {logging_mixin.py:137} INFO - [2024-02-09T18:16:44.173+0000] {dagbag.py:538} INFO - Filling up the DagBag from /home/airflow/.local/lib/python3.7/site-packages/airflow/example_dags/example_task_group.py
[2024-02-09T18:16:44.183+0000] {processor.py:753} INFO - DAG(s) dict_keys(['example_task_group']) retrieved from /home/airflow/.local/lib/python3.7/site-packages/airflow/example_dags/example_task_group.py
[2024-02-09T18:16:44.197+0000] {logging_mixin.py:137} INFO - [2024-02-09T18:16:44.197+0000] {dag.py:2690} INFO - Sync 1 DAGs
[2024-02-09T18:16:44.212+0000] {logging_mixin.py:137} INFO - [2024-02-09T18:16:44.212+0000] {dag.py:3441} INFO - Setting next_dagrun for example_task_group to 2024-02-08T18:16:44.212241+00:00, run_after=2024-02-09T18:16:44.212241+00:00
[2024-02-09T18:16:44.224+0000] {processor.py:175} INFO - Processing /home/airflow/.local/lib/python3.7/site-packages/airflow/example_dags/example_task_group.py took 0.054 seconds
[2024-02-09T18:17:14.830+0000] {processor.py:153} INFO - Started process (PID=1475) to work on /home/airflow/.local/lib/python3.7/site-packages/airflow/example_dags/example_task_group.py
[2024-02-09T18:17:14.831+0000] {processor.py:743} INFO - Processing file /home/airflow/.local/lib/python3.7/site-packages/airflow/example_dags/example_task_group.py for tasks to queue
[2024-02-09T18:17:14.831+0000] {logging_mixin.py:137} INFO - [2024-02-09T18:17:14.831+0000] {dagbag.py:538} INFO - Filling up the DagBag from /home/airflow/.local/lib/python3.7/site-packages/airflow/example_dags/example_task_group.py
[2024-02-09T18:17:14.840+0000] {processor.py:753} INFO - DAG(s) dict_keys(['example_task_group']) retrieved from /home/airflow/.local/lib/python3.7/site-packages/airflow/example_dags/example_task_group.py
[2024-02-09T18:17:14.855+0000] {logging_mixin.py:137} INFO - [2024-02-09T18:17:14.855+0000] {dag.py:2690} INFO - Sync 1 DAGs
[2024-02-09T18:17:14.871+0000] {logging_mixin.py:137} INFO - [2024-02-09T18:17:14.871+0000] {dag.py:3441} INFO - Setting next_dagrun for example_task_group to 2024-02-08T18:17:14.871167+00:00, run_after=2024-02-09T18:17:14.871167+00:00
[2024-02-09T18:17:14.885+0000] {processor.py:175} INFO - Processing /home/airflow/.local/lib/python3.7/site-packages/airflow/example_dags/example_task_group.py took 0.057 seconds
[2024-02-09T18:17:45.324+0000] {processor.py:153} INFO - Started process (PID=1578) to work on /home/airflow/.local/lib/python3.7/site-packages/airflow/example_dags/example_task_group.py
[2024-02-09T18:17:45.324+0000] {processor.py:743} INFO - Processing file /home/airflow/.local/lib/python3.7/site-packages/airflow/example_dags/example_task_group.py for tasks to queue
[2024-02-09T18:17:45.325+0000] {logging_mixin.py:137} INFO - [2024-02-09T18:17:45.325+0000] {dagbag.py:538} INFO - Filling up the DagBag from /home/airflow/.local/lib/python3.7/site-packages/airflow/example_dags/example_task_group.py
[2024-02-09T18:17:45.333+0000] {processor.py:753} INFO - DAG(s) dict_keys(['example_task_group']) retrieved from /home/airflow/.local/lib/python3.7/site-packages/airflow/example_dags/example_task_group.py
[2024-02-09T18:17:45.346+0000] {logging_mixin.py:137} INFO - [2024-02-09T18:17:45.346+0000] {dag.py:2690} INFO - Sync 1 DAGs
[2024-02-09T18:17:45.361+0000] {logging_mixin.py:137} INFO - [2024-02-09T18:17:45.361+0000] {dag.py:3441} INFO - Setting next_dagrun for example_task_group to 2024-02-08T18:17:45.361222+00:00, run_after=2024-02-09T18:17:45.361222+00:00
[2024-02-09T18:17:45.371+0000] {processor.py:175} INFO - Processing /home/airflow/.local/lib/python3.7/site-packages/airflow/example_dags/example_task_group.py took 0.049 seconds
[2024-02-09T18:18:15.777+0000] {processor.py:153} INFO - Started process (PID=1714) to work on /home/airflow/.local/lib/python3.7/site-packages/airflow/example_dags/example_task_group.py
[2024-02-09T18:18:15.778+0000] {processor.py:743} INFO - Processing file /home/airflow/.local/lib/python3.7/site-packages/airflow/example_dags/example_task_group.py for tasks to queue
[2024-02-09T18:18:15.778+0000] {logging_mixin.py:137} INFO - [2024-02-09T18:18:15.778+0000] {dagbag.py:538} INFO - Filling up the DagBag from /home/airflow/.local/lib/python3.7/site-packages/airflow/example_dags/example_task_group.py
[2024-02-09T18:18:15.786+0000] {processor.py:753} INFO - DAG(s) dict_keys(['example_task_group']) retrieved from /home/airflow/.local/lib/python3.7/site-packages/airflow/example_dags/example_task_group.py
[2024-02-09T18:18:15.801+0000] {logging_mixin.py:137} INFO - [2024-02-09T18:18:15.801+0000] {dag.py:2690} INFO - Sync 1 DAGs
[2024-02-09T18:18:15.815+0000] {logging_mixin.py:137} INFO - [2024-02-09T18:18:15.815+0000] {dag.py:3441} INFO - Setting next_dagrun for example_task_group to 2024-02-08T18:18:15.814981+00:00, run_after=2024-02-09T18:18:15.814981+00:00
[2024-02-09T18:18:15.825+0000] {processor.py:175} INFO - Processing /home/airflow/.local/lib/python3.7/site-packages/airflow/example_dags/example_task_group.py took 0.050 seconds
[2024-02-09T18:18:46.397+0000] {processor.py:153} INFO - Started process (PID=1849) to work on /home/airflow/.local/lib/python3.7/site-packages/airflow/example_dags/example_task_group.py
[2024-02-09T18:18:46.397+0000] {processor.py:743} INFO - Processing file /home/airflow/.local/lib/python3.7/site-packages/airflow/example_dags/example_task_group.py for tasks to queue
[2024-02-09T18:18:46.398+0000] {logging_mixin.py:137} INFO - [2024-02-09T18:18:46.398+0000] {dagbag.py:538} INFO - Filling up the DagBag from /home/airflow/.local/lib/python3.7/site-packages/airflow/example_dags/example_task_group.py
[2024-02-09T18:18:46.407+0000] {processor.py:753} INFO - DAG(s) dict_keys(['example_task_group']) retrieved from /home/airflow/.local/lib/python3.7/site-packages/airflow/example_dags/example_task_group.py
[2024-02-09T18:18:46.422+0000] {logging_mixin.py:137} INFO - [2024-02-09T18:18:46.422+0000] {dag.py:2690} INFO - Sync 1 DAGs
[2024-02-09T18:18:46.437+0000] {logging_mixin.py:137} INFO - [2024-02-09T18:18:46.437+0000] {dag.py:3441} INFO - Setting next_dagrun for example_task_group to 2024-02-08T18:18:46.437140+00:00, run_after=2024-02-09T18:18:46.437140+00:00
[2024-02-09T18:18:46.448+0000] {processor.py:175} INFO - Processing /home/airflow/.local/lib/python3.7/site-packages/airflow/example_dags/example_task_group.py took 0.054 seconds
[2024-02-09T18:19:16.891+0000] {processor.py:153} INFO - Started process (PID=1952) to work on /home/airflow/.local/lib/python3.7/site-packages/airflow/example_dags/example_task_group.py
[2024-02-09T18:19:16.892+0000] {processor.py:743} INFO - Processing file /home/airflow/.local/lib/python3.7/site-packages/airflow/example_dags/example_task_group.py for tasks to queue
[2024-02-09T18:19:16.892+0000] {logging_mixin.py:137} INFO - [2024-02-09T18:19:16.892+0000] {dagbag.py:538} INFO - Filling up the DagBag from /home/airflow/.local/lib/python3.7/site-packages/airflow/example_dags/example_task_group.py
[2024-02-09T18:19:16.900+0000] {processor.py:753} INFO - DAG(s) dict_keys(['example_task_group']) retrieved from /home/airflow/.local/lib/python3.7/site-packages/airflow/example_dags/example_task_group.py
[2024-02-09T18:19:16.914+0000] {logging_mixin.py:137} INFO - [2024-02-09T18:19:16.914+0000] {dag.py:2690} INFO - Sync 1 DAGs
[2024-02-09T18:19:16.928+0000] {logging_mixin.py:137} INFO - [2024-02-09T18:19:16.928+0000] {dag.py:3441} INFO - Setting next_dagrun for example_task_group to 2024-02-08T18:19:16.928106+00:00, run_after=2024-02-09T18:19:16.928106+00:00
[2024-02-09T18:19:16.941+0000] {processor.py:175} INFO - Processing /home/airflow/.local/lib/python3.7/site-packages/airflow/example_dags/example_task_group.py took 0.052 seconds
[2024-02-09T18:19:47.371+0000] {processor.py:153} INFO - Started process (PID=2087) to work on /home/airflow/.local/lib/python3.7/site-packages/airflow/example_dags/example_task_group.py
[2024-02-09T18:19:47.372+0000] {processor.py:743} INFO - Processing file /home/airflow/.local/lib/python3.7/site-packages/airflow/example_dags/example_task_group.py for tasks to queue
[2024-02-09T18:19:47.372+0000] {logging_mixin.py:137} INFO - [2024-02-09T18:19:47.372+0000] {dagbag.py:538} INFO - Filling up the DagBag from /home/airflow/.local/lib/python3.7/site-packages/airflow/example_dags/example_task_group.py
[2024-02-09T18:19:47.381+0000] {processor.py:753} INFO - DAG(s) dict_keys(['example_task_group']) retrieved from /home/airflow/.local/lib/python3.7/site-packages/airflow/example_dags/example_task_group.py
[2024-02-09T18:19:47.395+0000] {logging_mixin.py:137} INFO - [2024-02-09T18:19:47.395+0000] {dag.py:2690} INFO - Sync 1 DAGs
[2024-02-09T18:19:47.409+0000] {logging_mixin.py:137} INFO - [2024-02-09T18:19:47.409+0000] {dag.py:3441} INFO - Setting next_dagrun for example_task_group to 2024-02-08T18:19:47.409195+00:00, run_after=2024-02-09T18:19:47.409195+00:00
[2024-02-09T18:19:47.419+0000] {processor.py:175} INFO - Processing /home/airflow/.local/lib/python3.7/site-packages/airflow/example_dags/example_task_group.py took 0.049 seconds
[2024-02-09T18:20:18.110+0000] {processor.py:153} INFO - Started process (PID=2222) to work on /home/airflow/.local/lib/python3.7/site-packages/airflow/example_dags/example_task_group.py
[2024-02-09T18:20:18.111+0000] {processor.py:743} INFO - Processing file /home/airflow/.local/lib/python3.7/site-packages/airflow/example_dags/example_task_group.py for tasks to queue
[2024-02-09T18:20:18.112+0000] {logging_mixin.py:137} INFO - [2024-02-09T18:20:18.111+0000] {dagbag.py:538} INFO - Filling up the DagBag from /home/airflow/.local/lib/python3.7/site-packages/airflow/example_dags/example_task_group.py
[2024-02-09T18:20:18.121+0000] {processor.py:753} INFO - DAG(s) dict_keys(['example_task_group']) retrieved from /home/airflow/.local/lib/python3.7/site-packages/airflow/example_dags/example_task_group.py
[2024-02-09T18:20:18.138+0000] {logging_mixin.py:137} INFO - [2024-02-09T18:20:18.138+0000] {dag.py:2690} INFO - Sync 1 DAGs
[2024-02-09T18:20:18.153+0000] {logging_mixin.py:137} INFO - [2024-02-09T18:20:18.153+0000] {dag.py:3441} INFO - Setting next_dagrun for example_task_group to 2024-02-08T18:20:18.153246+00:00, run_after=2024-02-09T18:20:18.153246+00:00
[2024-02-09T18:20:18.165+0000] {processor.py:175} INFO - Processing /home/airflow/.local/lib/python3.7/site-packages/airflow/example_dags/example_task_group.py took 0.057 seconds
[2024-02-09T18:20:48.661+0000] {processor.py:153} INFO - Started process (PID=2325) to work on /home/airflow/.local/lib/python3.7/site-packages/airflow/example_dags/example_task_group.py
[2024-02-09T18:20:48.662+0000] {processor.py:743} INFO - Processing file /home/airflow/.local/lib/python3.7/site-packages/airflow/example_dags/example_task_group.py for tasks to queue
[2024-02-09T18:20:48.662+0000] {logging_mixin.py:137} INFO - [2024-02-09T18:20:48.662+0000] {dagbag.py:538} INFO - Filling up the DagBag from /home/airflow/.local/lib/python3.7/site-packages/airflow/example_dags/example_task_group.py
[2024-02-09T18:20:48.671+0000] {processor.py:753} INFO - DAG(s) dict_keys(['example_task_group']) retrieved from /home/airflow/.local/lib/python3.7/site-packages/airflow/example_dags/example_task_group.py
[2024-02-09T18:20:48.685+0000] {logging_mixin.py:137} INFO - [2024-02-09T18:20:48.685+0000] {dag.py:2690} INFO - Sync 1 DAGs
[2024-02-09T18:20:48.699+0000] {logging_mixin.py:137} INFO - [2024-02-09T18:20:48.699+0000] {dag.py:3441} INFO - Setting next_dagrun for example_task_group to 2024-02-08T18:20:48.699743+00:00, run_after=2024-02-09T18:20:48.699743+00:00
[2024-02-09T18:20:48.710+0000] {processor.py:175} INFO - Processing /home/airflow/.local/lib/python3.7/site-packages/airflow/example_dags/example_task_group.py took 0.051 seconds
[2024-02-09T18:21:19.191+0000] {processor.py:153} INFO - Started process (PID=2460) to work on /home/airflow/.local/lib/python3.7/site-packages/airflow/example_dags/example_task_group.py
[2024-02-09T18:21:19.192+0000] {processor.py:743} INFO - Processing file /home/airflow/.local/lib/python3.7/site-packages/airflow/example_dags/example_task_group.py for tasks to queue
[2024-02-09T18:21:19.192+0000] {logging_mixin.py:137} INFO - [2024-02-09T18:21:19.192+0000] {dagbag.py:538} INFO - Filling up the DagBag from /home/airflow/.local/lib/python3.7/site-packages/airflow/example_dags/example_task_group.py
[2024-02-09T18:21:19.201+0000] {processor.py:753} INFO - DAG(s) dict_keys(['example_task_group']) retrieved from /home/airflow/.local/lib/python3.7/site-packages/airflow/example_dags/example_task_group.py
[2024-02-09T18:21:19.215+0000] {logging_mixin.py:137} INFO - [2024-02-09T18:21:19.215+0000] {dag.py:2690} INFO - Sync 1 DAGs
[2024-02-09T18:21:19.230+0000] {logging_mixin.py:137} INFO - [2024-02-09T18:21:19.230+0000] {dag.py:3441} INFO - Setting next_dagrun for example_task_group to 2024-02-08T18:21:19.230120+00:00, run_after=2024-02-09T18:21:19.230120+00:00
[2024-02-09T18:21:19.242+0000] {processor.py:175} INFO - Processing /home/airflow/.local/lib/python3.7/site-packages/airflow/example_dags/example_task_group.py took 0.053 seconds
[2024-02-09T18:21:50.064+0000] {processor.py:153} INFO - Started process (PID=2595) to work on /home/airflow/.local/lib/python3.7/site-packages/airflow/example_dags/example_task_group.py
[2024-02-09T18:21:50.065+0000] {processor.py:743} INFO - Processing file /home/airflow/.local/lib/python3.7/site-packages/airflow/example_dags/example_task_group.py for tasks to queue
[2024-02-09T18:21:50.065+0000] {logging_mixin.py:137} INFO - [2024-02-09T18:21:50.065+0000] {dagbag.py:538} INFO - Filling up the DagBag from /home/airflow/.local/lib/python3.7/site-packages/airflow/example_dags/example_task_group.py
[2024-02-09T18:21:50.075+0000] {processor.py:753} INFO - DAG(s) dict_keys(['example_task_group']) retrieved from /home/airflow/.local/lib/python3.7/site-packages/airflow/example_dags/example_task_group.py
[2024-02-09T18:21:50.090+0000] {logging_mixin.py:137} INFO - [2024-02-09T18:21:50.090+0000] {dag.py:2690} INFO - Sync 1 DAGs
[2024-02-09T18:21:50.107+0000] {logging_mixin.py:137} INFO - [2024-02-09T18:21:50.106+0000] {dag.py:3441} INFO - Setting next_dagrun for example_task_group to 2024-02-08T18:21:50.106814+00:00, run_after=2024-02-09T18:21:50.106814+00:00
[2024-02-09T18:21:50.118+0000] {processor.py:175} INFO - Processing /home/airflow/.local/lib/python3.7/site-packages/airflow/example_dags/example_task_group.py took 0.056 seconds
[2024-02-09T18:22:20.558+0000] {processor.py:153} INFO - Started process (PID=2698) to work on /home/airflow/.local/lib/python3.7/site-packages/airflow/example_dags/example_task_group.py
[2024-02-09T18:22:20.559+0000] {processor.py:743} INFO - Processing file /home/airflow/.local/lib/python3.7/site-packages/airflow/example_dags/example_task_group.py for tasks to queue
[2024-02-09T18:22:20.559+0000] {logging_mixin.py:137} INFO - [2024-02-09T18:22:20.559+0000] {dagbag.py:538} INFO - Filling up the DagBag from /home/airflow/.local/lib/python3.7/site-packages/airflow/example_dags/example_task_group.py
[2024-02-09T18:22:20.568+0000] {processor.py:753} INFO - DAG(s) dict_keys(['example_task_group']) retrieved from /home/airflow/.local/lib/python3.7/site-packages/airflow/example_dags/example_task_group.py
[2024-02-09T18:22:20.583+0000] {logging_mixin.py:137} INFO - [2024-02-09T18:22:20.582+0000] {dag.py:2690} INFO - Sync 1 DAGs
[2024-02-09T18:22:20.597+0000] {logging_mixin.py:137} INFO - [2024-02-09T18:22:20.597+0000] {dag.py:3441} INFO - Setting next_dagrun for example_task_group to 2024-02-08T18:22:20.597254+00:00, run_after=2024-02-09T18:22:20.597254+00:00
[2024-02-09T18:22:20.608+0000] {processor.py:175} INFO - Processing /home/airflow/.local/lib/python3.7/site-packages/airflow/example_dags/example_task_group.py took 0.052 seconds
[2024-02-09T18:22:51.078+0000] {processor.py:153} INFO - Started process (PID=2834) to work on /home/airflow/.local/lib/python3.7/site-packages/airflow/example_dags/example_task_group.py
[2024-02-09T18:22:51.079+0000] {processor.py:743} INFO - Processing file /home/airflow/.local/lib/python3.7/site-packages/airflow/example_dags/example_task_group.py for tasks to queue
[2024-02-09T18:22:51.079+0000] {logging_mixin.py:137} INFO - [2024-02-09T18:22:51.079+0000] {dagbag.py:538} INFO - Filling up the DagBag from /home/airflow/.local/lib/python3.7/site-packages/airflow/example_dags/example_task_group.py
[2024-02-09T18:22:51.088+0000] {processor.py:753} INFO - DAG(s) dict_keys(['example_task_group']) retrieved from /home/airflow/.local/lib/python3.7/site-packages/airflow/example_dags/example_task_group.py
[2024-02-09T18:22:51.103+0000] {logging_mixin.py:137} INFO - [2024-02-09T18:22:51.102+0000] {dag.py:2690} INFO - Sync 1 DAGs
[2024-02-09T18:22:51.117+0000] {logging_mixin.py:137} INFO - [2024-02-09T18:22:51.117+0000] {dag.py:3441} INFO - Setting next_dagrun for example_task_group to 2024-02-08T18:22:51.117297+00:00, run_after=2024-02-09T18:22:51.117297+00:00
[2024-02-09T18:22:51.128+0000] {processor.py:175} INFO - Processing /home/airflow/.local/lib/python3.7/site-packages/airflow/example_dags/example_task_group.py took 0.052 seconds
[2024-02-09T18:23:21.816+0000] {processor.py:153} INFO - Started process (PID=2969) to work on /home/airflow/.local/lib/python3.7/site-packages/airflow/example_dags/example_task_group.py
[2024-02-09T18:23:21.817+0000] {processor.py:743} INFO - Processing file /home/airflow/.local/lib/python3.7/site-packages/airflow/example_dags/example_task_group.py for tasks to queue
[2024-02-09T18:23:21.817+0000] {logging_mixin.py:137} INFO - [2024-02-09T18:23:21.817+0000] {dagbag.py:538} INFO - Filling up the DagBag from /home/airflow/.local/lib/python3.7/site-packages/airflow/example_dags/example_task_group.py
[2024-02-09T18:23:21.827+0000] {processor.py:753} INFO - DAG(s) dict_keys(['example_task_group']) retrieved from /home/airflow/.local/lib/python3.7/site-packages/airflow/example_dags/example_task_group.py
[2024-02-09T18:23:21.843+0000] {logging_mixin.py:137} INFO - [2024-02-09T18:23:21.843+0000] {dag.py:2690} INFO - Sync 1 DAGs
[2024-02-09T18:23:21.859+0000] {logging_mixin.py:137} INFO - [2024-02-09T18:23:21.859+0000] {dag.py:3441} INFO - Setting next_dagrun for example_task_group to 2024-02-08T18:23:21.859530+00:00, run_after=2024-02-09T18:23:21.859530+00:00
[2024-02-09T18:23:21.872+0000] {processor.py:175} INFO - Processing /home/airflow/.local/lib/python3.7/site-packages/airflow/example_dags/example_task_group.py took 0.057 seconds
[2024-02-09T18:23:52.412+0000] {processor.py:153} INFO - Started process (PID=3072) to work on /home/airflow/.local/lib/python3.7/site-packages/airflow/example_dags/example_task_group.py
[2024-02-09T18:23:52.412+0000] {processor.py:743} INFO - Processing file /home/airflow/.local/lib/python3.7/site-packages/airflow/example_dags/example_task_group.py for tasks to queue
[2024-02-09T18:23:52.412+0000] {logging_mixin.py:137} INFO - [2024-02-09T18:23:52.412+0000] {dagbag.py:538} INFO - Filling up the DagBag from /home/airflow/.local/lib/python3.7/site-packages/airflow/example_dags/example_task_group.py
[2024-02-09T18:23:52.421+0000] {processor.py:753} INFO - DAG(s) dict_keys(['example_task_group']) retrieved from /home/airflow/.local/lib/python3.7/site-packages/airflow/example_dags/example_task_group.py
[2024-02-09T18:23:52.435+0000] {logging_mixin.py:137} INFO - [2024-02-09T18:23:52.435+0000] {dag.py:2690} INFO - Sync 1 DAGs
[2024-02-09T18:23:52.449+0000] {logging_mixin.py:137} INFO - [2024-02-09T18:23:52.449+0000] {dag.py:3441} INFO - Setting next_dagrun for example_task_group to 2024-02-08T18:23:52.449553+00:00, run_after=2024-02-09T18:23:52.449553+00:00
[2024-02-09T18:23:52.460+0000] {processor.py:175} INFO - Processing /home/airflow/.local/lib/python3.7/site-packages/airflow/example_dags/example_task_group.py took 0.051 seconds
[2024-02-09T18:24:22.984+0000] {processor.py:153} INFO - Started process (PID=3207) to work on /home/airflow/.local/lib/python3.7/site-packages/airflow/example_dags/example_task_group.py
[2024-02-09T18:24:22.985+0000] {processor.py:743} INFO - Processing file /home/airflow/.local/lib/python3.7/site-packages/airflow/example_dags/example_task_group.py for tasks to queue
[2024-02-09T18:24:22.985+0000] {logging_mixin.py:137} INFO - [2024-02-09T18:24:22.985+0000] {dagbag.py:538} INFO - Filling up the DagBag from /home/airflow/.local/lib/python3.7/site-packages/airflow/example_dags/example_task_group.py
[2024-02-09T18:24:22.994+0000] {processor.py:753} INFO - DAG(s) dict_keys(['example_task_group']) retrieved from /home/airflow/.local/lib/python3.7/site-packages/airflow/example_dags/example_task_group.py
[2024-02-09T18:24:23.008+0000] {logging_mixin.py:137} INFO - [2024-02-09T18:24:23.008+0000] {dag.py:2690} INFO - Sync 1 DAGs
[2024-02-09T18:24:23.022+0000] {logging_mixin.py:137} INFO - [2024-02-09T18:24:23.022+0000] {dag.py:3441} INFO - Setting next_dagrun for example_task_group to 2024-02-08T18:24:23.022766+00:00, run_after=2024-02-09T18:24:23.022766+00:00
[2024-02-09T18:24:23.033+0000] {processor.py:175} INFO - Processing /home/airflow/.local/lib/python3.7/site-packages/airflow/example_dags/example_task_group.py took 0.051 seconds
[2024-02-09T18:24:53.632+0000] {processor.py:153} INFO - Started process (PID=3342) to work on /home/airflow/.local/lib/python3.7/site-packages/airflow/example_dags/example_task_group.py
[2024-02-09T18:24:53.633+0000] {processor.py:743} INFO - Processing file /home/airflow/.local/lib/python3.7/site-packages/airflow/example_dags/example_task_group.py for tasks to queue
[2024-02-09T18:24:53.633+0000] {logging_mixin.py:137} INFO - [2024-02-09T18:24:53.633+0000] {dagbag.py:538} INFO - Filling up the DagBag from /home/airflow/.local/lib/python3.7/site-packages/airflow/example_dags/example_task_group.py
[2024-02-09T18:24:53.643+0000] {processor.py:753} INFO - DAG(s) dict_keys(['example_task_group']) retrieved from /home/airflow/.local/lib/python3.7/site-packages/airflow/example_dags/example_task_group.py
[2024-02-09T18:24:53.659+0000] {logging_mixin.py:137} INFO - [2024-02-09T18:24:53.659+0000] {dag.py:2690} INFO - Sync 1 DAGs
[2024-02-09T18:24:53.674+0000] {logging_mixin.py:137} INFO - [2024-02-09T18:24:53.674+0000] {dag.py:3441} INFO - Setting next_dagrun for example_task_group to 2024-02-08T18:24:53.674614+00:00, run_after=2024-02-09T18:24:53.674614+00:00
[2024-02-09T18:24:53.689+0000] {processor.py:175} INFO - Processing /home/airflow/.local/lib/python3.7/site-packages/airflow/example_dags/example_task_group.py took 0.059 seconds
[2024-02-09T18:25:24.138+0000] {processor.py:153} INFO - Started process (PID=3445) to work on /home/airflow/.local/lib/python3.7/site-packages/airflow/example_dags/example_task_group.py
[2024-02-09T18:25:24.139+0000] {processor.py:743} INFO - Processing file /home/airflow/.local/lib/python3.7/site-packages/airflow/example_dags/example_task_group.py for tasks to queue
[2024-02-09T18:25:24.139+0000] {logging_mixin.py:137} INFO - [2024-02-09T18:25:24.139+0000] {dagbag.py:538} INFO - Filling up the DagBag from /home/airflow/.local/lib/python3.7/site-packages/airflow/example_dags/example_task_group.py
[2024-02-09T18:25:24.148+0000] {processor.py:753} INFO - DAG(s) dict_keys(['example_task_group']) retrieved from /home/airflow/.local/lib/python3.7/site-packages/airflow/example_dags/example_task_group.py
[2024-02-09T18:25:24.162+0000] {logging_mixin.py:137} INFO - [2024-02-09T18:25:24.162+0000] {dag.py:2690} INFO - Sync 1 DAGs
[2024-02-09T18:25:24.176+0000] {logging_mixin.py:137} INFO - [2024-02-09T18:25:24.176+0000] {dag.py:3441} INFO - Setting next_dagrun for example_task_group to 2024-02-08T18:25:24.176649+00:00, run_after=2024-02-09T18:25:24.176649+00:00
[2024-02-09T18:25:24.187+0000] {processor.py:175} INFO - Processing /home/airflow/.local/lib/python3.7/site-packages/airflow/example_dags/example_task_group.py took 0.051 seconds
[2024-02-09T18:25:54.706+0000] {processor.py:153} INFO - Started process (PID=3580) to work on /home/airflow/.local/lib/python3.7/site-packages/airflow/example_dags/example_task_group.py
[2024-02-09T18:25:54.707+0000] {processor.py:743} INFO - Processing file /home/airflow/.local/lib/python3.7/site-packages/airflow/example_dags/example_task_group.py for tasks to queue
[2024-02-09T18:25:54.707+0000] {logging_mixin.py:137} INFO - [2024-02-09T18:25:54.707+0000] {dagbag.py:538} INFO - Filling up the DagBag from /home/airflow/.local/lib/python3.7/site-packages/airflow/example_dags/example_task_group.py
[2024-02-09T18:25:54.716+0000] {processor.py:753} INFO - DAG(s) dict_keys(['example_task_group']) retrieved from /home/airflow/.local/lib/python3.7/site-packages/airflow/example_dags/example_task_group.py
[2024-02-09T18:25:54.731+0000] {logging_mixin.py:137} INFO - [2024-02-09T18:25:54.731+0000] {dag.py:2690} INFO - Sync 1 DAGs
[2024-02-09T18:25:54.745+0000] {logging_mixin.py:137} INFO - [2024-02-09T18:25:54.745+0000] {dag.py:3441} INFO - Setting next_dagrun for example_task_group to 2024-02-08T18:25:54.745550+00:00, run_after=2024-02-09T18:25:54.745550+00:00
[2024-02-09T18:25:54.757+0000] {processor.py:175} INFO - Processing /home/airflow/.local/lib/python3.7/site-packages/airflow/example_dags/example_task_group.py took 0.052 seconds
[2024-02-09T18:26:25.375+0000] {processor.py:153} INFO - Started process (PID=3715) to work on /home/airflow/.local/lib/python3.7/site-packages/airflow/example_dags/example_task_group.py
[2024-02-09T18:26:25.375+0000] {processor.py:743} INFO - Processing file /home/airflow/.local/lib/python3.7/site-packages/airflow/example_dags/example_task_group.py for tasks to queue
[2024-02-09T18:26:25.376+0000] {logging_mixin.py:137} INFO - [2024-02-09T18:26:25.376+0000] {dagbag.py:538} INFO - Filling up the DagBag from /home/airflow/.local/lib/python3.7/site-packages/airflow/example_dags/example_task_group.py
[2024-02-09T18:26:25.385+0000] {processor.py:753} INFO - DAG(s) dict_keys(['example_task_group']) retrieved from /home/airflow/.local/lib/python3.7/site-packages/airflow/example_dags/example_task_group.py
[2024-02-09T18:26:25.401+0000] {logging_mixin.py:137} INFO - [2024-02-09T18:26:25.400+0000] {dag.py:2690} INFO - Sync 1 DAGs
[2024-02-09T18:26:25.417+0000] {logging_mixin.py:137} INFO - [2024-02-09T18:26:25.416+0000] {dag.py:3441} INFO - Setting next_dagrun for example_task_group to 2024-02-08T18:26:25.416749+00:00, run_after=2024-02-09T18:26:25.416749+00:00
[2024-02-09T18:26:25.429+0000] {processor.py:175} INFO - Processing /home/airflow/.local/lib/python3.7/site-packages/airflow/example_dags/example_task_group.py took 0.056 seconds
[2024-02-09T18:26:55.928+0000] {processor.py:153} INFO - Started process (PID=3818) to work on /home/airflow/.local/lib/python3.7/site-packages/airflow/example_dags/example_task_group.py
[2024-02-09T18:26:55.929+0000] {processor.py:743} INFO - Processing file /home/airflow/.local/lib/python3.7/site-packages/airflow/example_dags/example_task_group.py for tasks to queue
[2024-02-09T18:26:55.929+0000] {logging_mixin.py:137} INFO - [2024-02-09T18:26:55.929+0000] {dagbag.py:538} INFO - Filling up the DagBag from /home/airflow/.local/lib/python3.7/site-packages/airflow/example_dags/example_task_group.py
[2024-02-09T18:26:55.938+0000] {processor.py:753} INFO - DAG(s) dict_keys(['example_task_group']) retrieved from /home/airflow/.local/lib/python3.7/site-packages/airflow/example_dags/example_task_group.py
[2024-02-09T18:26:55.952+0000] {logging_mixin.py:137} INFO - [2024-02-09T18:26:55.952+0000] {dag.py:2690} INFO - Sync 1 DAGs
[2024-02-09T18:26:55.967+0000] {logging_mixin.py:137} INFO - [2024-02-09T18:26:55.967+0000] {dag.py:3441} INFO - Setting next_dagrun for example_task_group to 2024-02-08T18:26:55.967228+00:00, run_after=2024-02-09T18:26:55.967228+00:00
[2024-02-09T18:26:55.978+0000] {processor.py:175} INFO - Processing /home/airflow/.local/lib/python3.7/site-packages/airflow/example_dags/example_task_group.py took 0.052 seconds
[2024-02-09T18:27:26.409+0000] {processor.py:153} INFO - Started process (PID=3953) to work on /home/airflow/.local/lib/python3.7/site-packages/airflow/example_dags/example_task_group.py
[2024-02-09T18:27:26.409+0000] {processor.py:743} INFO - Processing file /home/airflow/.local/lib/python3.7/site-packages/airflow/example_dags/example_task_group.py for tasks to queue
[2024-02-09T18:27:26.410+0000] {logging_mixin.py:137} INFO - [2024-02-09T18:27:26.410+0000] {dagbag.py:538} INFO - Filling up the DagBag from /home/airflow/.local/lib/python3.7/site-packages/airflow/example_dags/example_task_group.py
[2024-02-09T18:27:26.419+0000] {processor.py:753} INFO - DAG(s) dict_keys(['example_task_group']) retrieved from /home/airflow/.local/lib/python3.7/site-packages/airflow/example_dags/example_task_group.py
[2024-02-09T18:27:26.433+0000] {logging_mixin.py:137} INFO - [2024-02-09T18:27:26.433+0000] {dag.py:2690} INFO - Sync 1 DAGs
[2024-02-09T18:27:26.447+0000] {logging_mixin.py:137} INFO - [2024-02-09T18:27:26.447+0000] {dag.py:3441} INFO - Setting next_dagrun for example_task_group to 2024-02-08T18:27:26.447316+00:00, run_after=2024-02-09T18:27:26.447316+00:00
[2024-02-09T18:27:26.458+0000] {processor.py:175} INFO - Processing /home/airflow/.local/lib/python3.7/site-packages/airflow/example_dags/example_task_group.py took 0.051 seconds
[2024-02-09T18:27:57.155+0000] {processor.py:153} INFO - Started process (PID=4088) to work on /home/airflow/.local/lib/python3.7/site-packages/airflow/example_dags/example_task_group.py
[2024-02-09T18:27:57.156+0000] {processor.py:743} INFO - Processing file /home/airflow/.local/lib/python3.7/site-packages/airflow/example_dags/example_task_group.py for tasks to queue
[2024-02-09T18:27:57.157+0000] {logging_mixin.py:137} INFO - [2024-02-09T18:27:57.157+0000] {dagbag.py:538} INFO - Filling up the DagBag from /home/airflow/.local/lib/python3.7/site-packages/airflow/example_dags/example_task_group.py
[2024-02-09T18:27:57.166+0000] {processor.py:753} INFO - DAG(s) dict_keys(['example_task_group']) retrieved from /home/airflow/.local/lib/python3.7/site-packages/airflow/example_dags/example_task_group.py
[2024-02-09T18:27:57.182+0000] {logging_mixin.py:137} INFO - [2024-02-09T18:27:57.182+0000] {dag.py:2690} INFO - Sync 1 DAGs
[2024-02-09T18:27:57.198+0000] {logging_mixin.py:137} INFO - [2024-02-09T18:27:57.198+0000] {dag.py:3441} INFO - Setting next_dagrun for example_task_group to 2024-02-08T18:27:57.198207+00:00, run_after=2024-02-09T18:27:57.198207+00:00
[2024-02-09T18:27:57.215+0000] {processor.py:175} INFO - Processing /home/airflow/.local/lib/python3.7/site-packages/airflow/example_dags/example_task_group.py took 0.062 seconds
[2024-02-09T18:28:27.607+0000] {processor.py:153} INFO - Started process (PID=4191) to work on /home/airflow/.local/lib/python3.7/site-packages/airflow/example_dags/example_task_group.py
[2024-02-09T18:28:27.608+0000] {processor.py:743} INFO - Processing file /home/airflow/.local/lib/python3.7/site-packages/airflow/example_dags/example_task_group.py for tasks to queue
[2024-02-09T18:28:27.608+0000] {logging_mixin.py:137} INFO - [2024-02-09T18:28:27.608+0000] {dagbag.py:538} INFO - Filling up the DagBag from /home/airflow/.local/lib/python3.7/site-packages/airflow/example_dags/example_task_group.py
[2024-02-09T18:28:27.617+0000] {processor.py:753} INFO - DAG(s) dict_keys(['example_task_group']) retrieved from /home/airflow/.local/lib/python3.7/site-packages/airflow/example_dags/example_task_group.py
[2024-02-09T18:28:27.632+0000] {logging_mixin.py:137} INFO - [2024-02-09T18:28:27.632+0000] {dag.py:2690} INFO - Sync 1 DAGs
[2024-02-09T18:28:27.648+0000] {logging_mixin.py:137} INFO - [2024-02-09T18:28:27.648+0000] {dag.py:3441} INFO - Setting next_dagrun for example_task_group to 2024-02-08T18:28:27.648081+00:00, run_after=2024-02-09T18:28:27.648081+00:00
[2024-02-09T18:28:27.663+0000] {processor.py:175} INFO - Processing /home/airflow/.local/lib/python3.7/site-packages/airflow/example_dags/example_task_group.py took 0.059 seconds
[2024-02-09T18:28:58.150+0000] {processor.py:153} INFO - Started process (PID=4326) to work on /home/airflow/.local/lib/python3.7/site-packages/airflow/example_dags/example_task_group.py
[2024-02-09T18:28:58.151+0000] {processor.py:743} INFO - Processing file /home/airflow/.local/lib/python3.7/site-packages/airflow/example_dags/example_task_group.py for tasks to queue
[2024-02-09T18:28:58.151+0000] {logging_mixin.py:137} INFO - [2024-02-09T18:28:58.151+0000] {dagbag.py:538} INFO - Filling up the DagBag from /home/airflow/.local/lib/python3.7/site-packages/airflow/example_dags/example_task_group.py
[2024-02-09T18:28:58.159+0000] {processor.py:753} INFO - DAG(s) dict_keys(['example_task_group']) retrieved from /home/airflow/.local/lib/python3.7/site-packages/airflow/example_dags/example_task_group.py
[2024-02-09T18:28:58.174+0000] {logging_mixin.py:137} INFO - [2024-02-09T18:28:58.174+0000] {dag.py:2690} INFO - Sync 1 DAGs
[2024-02-09T18:28:58.189+0000] {logging_mixin.py:137} INFO - [2024-02-09T18:28:58.189+0000] {dag.py:3441} INFO - Setting next_dagrun for example_task_group to 2024-02-08T18:28:58.189129+00:00, run_after=2024-02-09T18:28:58.189129+00:00
[2024-02-09T18:28:58.201+0000] {processor.py:175} INFO - Processing /home/airflow/.local/lib/python3.7/site-packages/airflow/example_dags/example_task_group.py took 0.053 seconds
[2024-02-09T18:29:28.916+0000] {processor.py:153} INFO - Started process (PID=4461) to work on /home/airflow/.local/lib/python3.7/site-packages/airflow/example_dags/example_task_group.py
[2024-02-09T18:29:28.917+0000] {processor.py:743} INFO - Processing file /home/airflow/.local/lib/python3.7/site-packages/airflow/example_dags/example_task_group.py for tasks to queue
[2024-02-09T18:29:28.917+0000] {logging_mixin.py:137} INFO - [2024-02-09T18:29:28.917+0000] {dagbag.py:538} INFO - Filling up the DagBag from /home/airflow/.local/lib/python3.7/site-packages/airflow/example_dags/example_task_group.py
[2024-02-09T18:29:28.927+0000] {processor.py:753} INFO - DAG(s) dict_keys(['example_task_group']) retrieved from /home/airflow/.local/lib/python3.7/site-packages/airflow/example_dags/example_task_group.py
[2024-02-09T18:29:28.943+0000] {logging_mixin.py:137} INFO - [2024-02-09T18:29:28.943+0000] {dag.py:2690} INFO - Sync 1 DAGs
[2024-02-09T18:29:28.959+0000] {logging_mixin.py:137} INFO - [2024-02-09T18:29:28.959+0000] {dag.py:3441} INFO - Setting next_dagrun for example_task_group to 2024-02-08T18:29:28.959035+00:00, run_after=2024-02-09T18:29:28.959035+00:00
[2024-02-09T18:29:28.973+0000] {processor.py:175} INFO - Processing /home/airflow/.local/lib/python3.7/site-packages/airflow/example_dags/example_task_group.py took 0.058 seconds
[2024-02-09T18:29:59.451+0000] {processor.py:153} INFO - Started process (PID=4571) to work on /home/airflow/.local/lib/python3.7/site-packages/airflow/example_dags/example_task_group.py
[2024-02-09T18:29:59.451+0000] {processor.py:743} INFO - Processing file /home/airflow/.local/lib/python3.7/site-packages/airflow/example_dags/example_task_group.py for tasks to queue
[2024-02-09T18:29:59.451+0000] {logging_mixin.py:137} INFO - [2024-02-09T18:29:59.451+0000] {dagbag.py:538} INFO - Filling up the DagBag from /home/airflow/.local/lib/python3.7/site-packages/airflow/example_dags/example_task_group.py
[2024-02-09T18:29:59.460+0000] {processor.py:753} INFO - DAG(s) dict_keys(['example_task_group']) retrieved from /home/airflow/.local/lib/python3.7/site-packages/airflow/example_dags/example_task_group.py
[2024-02-09T18:29:59.473+0000] {logging_mixin.py:137} INFO - [2024-02-09T18:29:59.473+0000] {dag.py:2690} INFO - Sync 1 DAGs
[2024-02-09T18:29:59.488+0000] {logging_mixin.py:137} INFO - [2024-02-09T18:29:59.488+0000] {dag.py:3441} INFO - Setting next_dagrun for example_task_group to 2024-02-08T18:29:59.487898+00:00, run_after=2024-02-09T18:29:59.487898+00:00
[2024-02-09T18:29:59.500+0000] {processor.py:175} INFO - Processing /home/airflow/.local/lib/python3.7/site-packages/airflow/example_dags/example_task_group.py took 0.051 seconds
[2024-02-09T18:30:29.955+0000] {processor.py:153} INFO - Started process (PID=4705) to work on /home/airflow/.local/lib/python3.7/site-packages/airflow/example_dags/example_task_group.py
[2024-02-09T18:30:29.956+0000] {processor.py:743} INFO - Processing file /home/airflow/.local/lib/python3.7/site-packages/airflow/example_dags/example_task_group.py for tasks to queue
[2024-02-09T18:30:29.956+0000] {logging_mixin.py:137} INFO - [2024-02-09T18:30:29.956+0000] {dagbag.py:538} INFO - Filling up the DagBag from /home/airflow/.local/lib/python3.7/site-packages/airflow/example_dags/example_task_group.py
[2024-02-09T18:30:29.965+0000] {processor.py:753} INFO - DAG(s) dict_keys(['example_task_group']) retrieved from /home/airflow/.local/lib/python3.7/site-packages/airflow/example_dags/example_task_group.py
[2024-02-09T18:30:29.979+0000] {logging_mixin.py:137} INFO - [2024-02-09T18:30:29.979+0000] {dag.py:2690} INFO - Sync 1 DAGs
[2024-02-09T18:30:29.993+0000] {logging_mixin.py:137} INFO - [2024-02-09T18:30:29.993+0000] {dag.py:3441} INFO - Setting next_dagrun for example_task_group to 2024-02-08T18:30:29.993554+00:00, run_after=2024-02-09T18:30:29.993554+00:00
[2024-02-09T18:30:30.005+0000] {processor.py:175} INFO - Processing /home/airflow/.local/lib/python3.7/site-packages/airflow/example_dags/example_task_group.py took 0.052 seconds
[2024-02-09T18:31:00.595+0000] {processor.py:153} INFO - Started process (PID=4841) to work on /home/airflow/.local/lib/python3.7/site-packages/airflow/example_dags/example_task_group.py
[2024-02-09T18:31:00.595+0000] {processor.py:743} INFO - Processing file /home/airflow/.local/lib/python3.7/site-packages/airflow/example_dags/example_task_group.py for tasks to queue
[2024-02-09T18:31:00.596+0000] {logging_mixin.py:137} INFO - [2024-02-09T18:31:00.596+0000] {dagbag.py:538} INFO - Filling up the DagBag from /home/airflow/.local/lib/python3.7/site-packages/airflow/example_dags/example_task_group.py
[2024-02-09T18:31:00.635+0000] {processor.py:753} INFO - DAG(s) dict_keys(['example_task_group']) retrieved from /home/airflow/.local/lib/python3.7/site-packages/airflow/example_dags/example_task_group.py
[2024-02-09T18:31:00.671+0000] {logging_mixin.py:137} INFO - [2024-02-09T18:31:00.671+0000] {dag.py:2690} INFO - Sync 1 DAGs
[2024-02-09T18:31:00.688+0000] {logging_mixin.py:137} INFO - [2024-02-09T18:31:00.688+0000] {dag.py:3441} INFO - Setting next_dagrun for example_task_group to 2024-02-08T18:31:00.688650+00:00, run_after=2024-02-09T18:31:00.688650+00:00
[2024-02-09T18:31:00.701+0000] {processor.py:175} INFO - Processing /home/airflow/.local/lib/python3.7/site-packages/airflow/example_dags/example_task_group.py took 0.110 seconds
[2024-02-09T18:31:31.156+0000] {processor.py:153} INFO - Started process (PID=4944) to work on /home/airflow/.local/lib/python3.7/site-packages/airflow/example_dags/example_task_group.py
[2024-02-09T18:31:31.156+0000] {processor.py:743} INFO - Processing file /home/airflow/.local/lib/python3.7/site-packages/airflow/example_dags/example_task_group.py for tasks to queue
[2024-02-09T18:31:31.157+0000] {logging_mixin.py:137} INFO - [2024-02-09T18:31:31.157+0000] {dagbag.py:538} INFO - Filling up the DagBag from /home/airflow/.local/lib/python3.7/site-packages/airflow/example_dags/example_task_group.py
[2024-02-09T18:31:31.166+0000] {processor.py:753} INFO - DAG(s) dict_keys(['example_task_group']) retrieved from /home/airflow/.local/lib/python3.7/site-packages/airflow/example_dags/example_task_group.py
[2024-02-09T18:31:31.180+0000] {logging_mixin.py:137} INFO - [2024-02-09T18:31:31.180+0000] {dag.py:2690} INFO - Sync 1 DAGs
[2024-02-09T18:31:31.195+0000] {logging_mixin.py:137} INFO - [2024-02-09T18:31:31.195+0000] {dag.py:3441} INFO - Setting next_dagrun for example_task_group to 2024-02-08T18:31:31.195521+00:00, run_after=2024-02-09T18:31:31.195521+00:00
[2024-02-09T18:31:31.206+0000] {processor.py:175} INFO - Processing /home/airflow/.local/lib/python3.7/site-packages/airflow/example_dags/example_task_group.py took 0.052 seconds
[2024-02-09T18:32:01.703+0000] {processor.py:153} INFO - Started process (PID=5079) to work on /home/airflow/.local/lib/python3.7/site-packages/airflow/example_dags/example_task_group.py
[2024-02-09T18:32:01.704+0000] {processor.py:743} INFO - Processing file /home/airflow/.local/lib/python3.7/site-packages/airflow/example_dags/example_task_group.py for tasks to queue
[2024-02-09T18:32:01.704+0000] {logging_mixin.py:137} INFO - [2024-02-09T18:32:01.704+0000] {dagbag.py:538} INFO - Filling up the DagBag from /home/airflow/.local/lib/python3.7/site-packages/airflow/example_dags/example_task_group.py
[2024-02-09T18:32:01.713+0000] {processor.py:753} INFO - DAG(s) dict_keys(['example_task_group']) retrieved from /home/airflow/.local/lib/python3.7/site-packages/airflow/example_dags/example_task_group.py
[2024-02-09T18:32:01.727+0000] {logging_mixin.py:137} INFO - [2024-02-09T18:32:01.727+0000] {dag.py:2690} INFO - Sync 1 DAGs
[2024-02-09T18:32:01.742+0000] {logging_mixin.py:137} INFO - [2024-02-09T18:32:01.742+0000] {dag.py:3441} INFO - Setting next_dagrun for example_task_group to 2024-02-08T18:32:01.741936+00:00, run_after=2024-02-09T18:32:01.741936+00:00
[2024-02-09T18:32:01.753+0000] {processor.py:175} INFO - Processing /home/airflow/.local/lib/python3.7/site-packages/airflow/example_dags/example_task_group.py took 0.051 seconds
[2024-02-09T18:32:32.316+0000] {processor.py:153} INFO - Started process (PID=5214) to work on /home/airflow/.local/lib/python3.7/site-packages/airflow/example_dags/example_task_group.py
[2024-02-09T18:32:32.317+0000] {processor.py:743} INFO - Processing file /home/airflow/.local/lib/python3.7/site-packages/airflow/example_dags/example_task_group.py for tasks to queue
[2024-02-09T18:32:32.317+0000] {logging_mixin.py:137} INFO - [2024-02-09T18:32:32.317+0000] {dagbag.py:538} INFO - Filling up the DagBag from /home/airflow/.local/lib/python3.7/site-packages/airflow/example_dags/example_task_group.py
[2024-02-09T18:32:32.327+0000] {processor.py:753} INFO - DAG(s) dict_keys(['example_task_group']) retrieved from /home/airflow/.local/lib/python3.7/site-packages/airflow/example_dags/example_task_group.py
[2024-02-09T18:32:32.343+0000] {logging_mixin.py:137} INFO - [2024-02-09T18:32:32.343+0000] {dag.py:2690} INFO - Sync 1 DAGs
[2024-02-09T18:32:32.360+0000] {logging_mixin.py:137} INFO - [2024-02-09T18:32:32.360+0000] {dag.py:3441} INFO - Setting next_dagrun for example_task_group to 2024-02-08T18:32:32.360056+00:00, run_after=2024-02-09T18:32:32.360056+00:00
[2024-02-09T18:32:32.372+0000] {processor.py:175} INFO - Processing /home/airflow/.local/lib/python3.7/site-packages/airflow/example_dags/example_task_group.py took 0.059 seconds
[2024-02-09T18:33:03.013+0000] {processor.py:153} INFO - Started process (PID=5317) to work on /home/airflow/.local/lib/python3.7/site-packages/airflow/example_dags/example_task_group.py
[2024-02-09T18:33:03.014+0000] {processor.py:743} INFO - Processing file /home/airflow/.local/lib/python3.7/site-packages/airflow/example_dags/example_task_group.py for tasks to queue
[2024-02-09T18:33:03.014+0000] {logging_mixin.py:137} INFO - [2024-02-09T18:33:03.014+0000] {dagbag.py:538} INFO - Filling up the DagBag from /home/airflow/.local/lib/python3.7/site-packages/airflow/example_dags/example_task_group.py
[2024-02-09T18:33:03.023+0000] {processor.py:753} INFO - DAG(s) dict_keys(['example_task_group']) retrieved from /home/airflow/.local/lib/python3.7/site-packages/airflow/example_dags/example_task_group.py
[2024-02-09T18:33:03.037+0000] {logging_mixin.py:137} INFO - [2024-02-09T18:33:03.037+0000] {dag.py:2690} INFO - Sync 1 DAGs
[2024-02-09T18:33:03.052+0000] {logging_mixin.py:137} INFO - [2024-02-09T18:33:03.052+0000] {dag.py:3441} INFO - Setting next_dagrun for example_task_group to 2024-02-08T18:33:03.051972+00:00, run_after=2024-02-09T18:33:03.051972+00:00
[2024-02-09T18:33:03.063+0000] {processor.py:175} INFO - Processing /home/airflow/.local/lib/python3.7/site-packages/airflow/example_dags/example_task_group.py took 0.051 seconds
[2024-02-09T18:33:33.499+0000] {processor.py:153} INFO - Started process (PID=5452) to work on /home/airflow/.local/lib/python3.7/site-packages/airflow/example_dags/example_task_group.py
[2024-02-09T18:33:33.499+0000] {processor.py:743} INFO - Processing file /home/airflow/.local/lib/python3.7/site-packages/airflow/example_dags/example_task_group.py for tasks to queue
[2024-02-09T18:33:33.499+0000] {logging_mixin.py:137} INFO - [2024-02-09T18:33:33.499+0000] {dagbag.py:538} INFO - Filling up the DagBag from /home/airflow/.local/lib/python3.7/site-packages/airflow/example_dags/example_task_group.py
[2024-02-09T18:33:33.508+0000] {processor.py:753} INFO - DAG(s) dict_keys(['example_task_group']) retrieved from /home/airflow/.local/lib/python3.7/site-packages/airflow/example_dags/example_task_group.py
[2024-02-09T18:33:33.522+0000] {logging_mixin.py:137} INFO - [2024-02-09T18:33:33.522+0000] {dag.py:2690} INFO - Sync 1 DAGs
[2024-02-09T18:33:33.537+0000] {logging_mixin.py:137} INFO - [2024-02-09T18:33:33.537+0000] {dag.py:3441} INFO - Setting next_dagrun for example_task_group to 2024-02-08T18:33:33.537079+00:00, run_after=2024-02-09T18:33:33.537079+00:00
[2024-02-09T18:33:33.549+0000] {processor.py:175} INFO - Processing /home/airflow/.local/lib/python3.7/site-packages/airflow/example_dags/example_task_group.py took 0.053 seconds
[2024-02-09T18:34:04.148+0000] {processor.py:153} INFO - Started process (PID=5587) to work on /home/airflow/.local/lib/python3.7/site-packages/airflow/example_dags/example_task_group.py
[2024-02-09T18:34:04.149+0000] {processor.py:743} INFO - Processing file /home/airflow/.local/lib/python3.7/site-packages/airflow/example_dags/example_task_group.py for tasks to queue
[2024-02-09T18:34:04.149+0000] {logging_mixin.py:137} INFO - [2024-02-09T18:34:04.149+0000] {dagbag.py:538} INFO - Filling up the DagBag from /home/airflow/.local/lib/python3.7/site-packages/airflow/example_dags/example_task_group.py
[2024-02-09T18:34:04.158+0000] {processor.py:753} INFO - DAG(s) dict_keys(['example_task_group']) retrieved from /home/airflow/.local/lib/python3.7/site-packages/airflow/example_dags/example_task_group.py
[2024-02-09T18:34:04.173+0000] {logging_mixin.py:137} INFO - [2024-02-09T18:34:04.173+0000] {dag.py:2690} INFO - Sync 1 DAGs
[2024-02-09T18:34:04.188+0000] {logging_mixin.py:137} INFO - [2024-02-09T18:34:04.188+0000] {dag.py:3441} INFO - Setting next_dagrun for example_task_group to 2024-02-08T18:34:04.188554+00:00, run_after=2024-02-09T18:34:04.188554+00:00
[2024-02-09T18:34:04.201+0000] {processor.py:175} INFO - Processing /home/airflow/.local/lib/python3.7/site-packages/airflow/example_dags/example_task_group.py took 0.055 seconds
[2024-02-09T18:34:34.773+0000] {processor.py:153} INFO - Started process (PID=5690) to work on /home/airflow/.local/lib/python3.7/site-packages/airflow/example_dags/example_task_group.py
[2024-02-09T18:34:34.773+0000] {processor.py:743} INFO - Processing file /home/airflow/.local/lib/python3.7/site-packages/airflow/example_dags/example_task_group.py for tasks to queue
[2024-02-09T18:34:34.774+0000] {logging_mixin.py:137} INFO - [2024-02-09T18:34:34.774+0000] {dagbag.py:538} INFO - Filling up the DagBag from /home/airflow/.local/lib/python3.7/site-packages/airflow/example_dags/example_task_group.py
[2024-02-09T18:34:34.782+0000] {processor.py:753} INFO - DAG(s) dict_keys(['example_task_group']) retrieved from /home/airflow/.local/lib/python3.7/site-packages/airflow/example_dags/example_task_group.py
[2024-02-09T18:34:34.796+0000] {logging_mixin.py:137} INFO - [2024-02-09T18:34:34.796+0000] {dag.py:2690} INFO - Sync 1 DAGs
[2024-02-09T18:34:34.810+0000] {logging_mixin.py:137} INFO - [2024-02-09T18:34:34.810+0000] {dag.py:3441} INFO - Setting next_dagrun for example_task_group to 2024-02-08T18:34:34.810720+00:00, run_after=2024-02-09T18:34:34.810720+00:00
[2024-02-09T18:34:34.821+0000] {processor.py:175} INFO - Processing /home/airflow/.local/lib/python3.7/site-packages/airflow/example_dags/example_task_group.py took 0.050 seconds
[2024-02-09T18:35:05.377+0000] {processor.py:153} INFO - Started process (PID=5825) to work on /home/airflow/.local/lib/python3.7/site-packages/airflow/example_dags/example_task_group.py
[2024-02-09T18:35:05.378+0000] {processor.py:743} INFO - Processing file /home/airflow/.local/lib/python3.7/site-packages/airflow/example_dags/example_task_group.py for tasks to queue
[2024-02-09T18:35:05.379+0000] {logging_mixin.py:137} INFO - [2024-02-09T18:35:05.378+0000] {dagbag.py:538} INFO - Filling up the DagBag from /home/airflow/.local/lib/python3.7/site-packages/airflow/example_dags/example_task_group.py
[2024-02-09T18:35:05.393+0000] {processor.py:753} INFO - DAG(s) dict_keys(['example_task_group']) retrieved from /home/airflow/.local/lib/python3.7/site-packages/airflow/example_dags/example_task_group.py
[2024-02-09T18:35:05.416+0000] {logging_mixin.py:137} INFO - [2024-02-09T18:35:05.416+0000] {dag.py:2690} INFO - Sync 1 DAGs
[2024-02-09T18:35:05.443+0000] {logging_mixin.py:137} INFO - [2024-02-09T18:35:05.443+0000] {dag.py:3441} INFO - Setting next_dagrun for example_task_group to 2024-02-08T18:35:05.443609+00:00, run_after=2024-02-09T18:35:05.443609+00:00
[2024-02-09T18:35:05.460+0000] {processor.py:175} INFO - Processing /home/airflow/.local/lib/python3.7/site-packages/airflow/example_dags/example_task_group.py took 0.085 seconds
[2024-02-09T18:35:36.178+0000] {processor.py:153} INFO - Started process (PID=5960) to work on /home/airflow/.local/lib/python3.7/site-packages/airflow/example_dags/example_task_group.py
[2024-02-09T18:35:36.178+0000] {processor.py:743} INFO - Processing file /home/airflow/.local/lib/python3.7/site-packages/airflow/example_dags/example_task_group.py for tasks to queue
[2024-02-09T18:35:36.179+0000] {logging_mixin.py:137} INFO - [2024-02-09T18:35:36.179+0000] {dagbag.py:538} INFO - Filling up the DagBag from /home/airflow/.local/lib/python3.7/site-packages/airflow/example_dags/example_task_group.py
[2024-02-09T18:35:36.188+0000] {processor.py:753} INFO - DAG(s) dict_keys(['example_task_group']) retrieved from /home/airflow/.local/lib/python3.7/site-packages/airflow/example_dags/example_task_group.py
[2024-02-09T18:35:36.203+0000] {logging_mixin.py:137} INFO - [2024-02-09T18:35:36.203+0000] {dag.py:2690} INFO - Sync 1 DAGs
[2024-02-09T18:35:36.218+0000] {logging_mixin.py:137} INFO - [2024-02-09T18:35:36.218+0000] {dag.py:3441} INFO - Setting next_dagrun for example_task_group to 2024-02-08T18:35:36.218547+00:00, run_after=2024-02-09T18:35:36.218547+00:00
[2024-02-09T18:35:36.231+0000] {processor.py:175} INFO - Processing /home/airflow/.local/lib/python3.7/site-packages/airflow/example_dags/example_task_group.py took 0.055 seconds
[2024-02-09T18:36:06.699+0000] {processor.py:153} INFO - Started process (PID=6063) to work on /home/airflow/.local/lib/python3.7/site-packages/airflow/example_dags/example_task_group.py
[2024-02-09T18:36:06.700+0000] {processor.py:743} INFO - Processing file /home/airflow/.local/lib/python3.7/site-packages/airflow/example_dags/example_task_group.py for tasks to queue
[2024-02-09T18:36:06.700+0000] {logging_mixin.py:137} INFO - [2024-02-09T18:36:06.700+0000] {dagbag.py:538} INFO - Filling up the DagBag from /home/airflow/.local/lib/python3.7/site-packages/airflow/example_dags/example_task_group.py
[2024-02-09T18:36:06.709+0000] {processor.py:753} INFO - DAG(s) dict_keys(['example_task_group']) retrieved from /home/airflow/.local/lib/python3.7/site-packages/airflow/example_dags/example_task_group.py
[2024-02-09T18:36:06.723+0000] {logging_mixin.py:137} INFO - [2024-02-09T18:36:06.723+0000] {dag.py:2690} INFO - Sync 1 DAGs
[2024-02-09T18:36:06.738+0000] {logging_mixin.py:137} INFO - [2024-02-09T18:36:06.737+0000] {dag.py:3441} INFO - Setting next_dagrun for example_task_group to 2024-02-08T18:36:06.737804+00:00, run_after=2024-02-09T18:36:06.737804+00:00
[2024-02-09T18:36:06.750+0000] {processor.py:175} INFO - Processing /home/airflow/.local/lib/python3.7/site-packages/airflow/example_dags/example_task_group.py took 0.053 seconds
[2024-02-09T18:36:37.135+0000] {processor.py:153} INFO - Started process (PID=6198) to work on /home/airflow/.local/lib/python3.7/site-packages/airflow/example_dags/example_task_group.py
[2024-02-09T18:36:37.136+0000] {processor.py:743} INFO - Processing file /home/airflow/.local/lib/python3.7/site-packages/airflow/example_dags/example_task_group.py for tasks to queue
[2024-02-09T18:36:37.136+0000] {logging_mixin.py:137} INFO - [2024-02-09T18:36:37.136+0000] {dagbag.py:538} INFO - Filling up the DagBag from /home/airflow/.local/lib/python3.7/site-packages/airflow/example_dags/example_task_group.py
[2024-02-09T18:36:37.145+0000] {processor.py:753} INFO - DAG(s) dict_keys(['example_task_group']) retrieved from /home/airflow/.local/lib/python3.7/site-packages/airflow/example_dags/example_task_group.py
[2024-02-09T18:36:37.158+0000] {logging_mixin.py:137} INFO - [2024-02-09T18:36:37.158+0000] {dag.py:2690} INFO - Sync 1 DAGs
[2024-02-09T18:36:37.172+0000] {logging_mixin.py:137} INFO - [2024-02-09T18:36:37.172+0000] {dag.py:3441} INFO - Setting next_dagrun for example_task_group to 2024-02-08T18:36:37.172663+00:00, run_after=2024-02-09T18:36:37.172663+00:00
[2024-02-09T18:36:37.184+0000] {processor.py:175} INFO - Processing /home/airflow/.local/lib/python3.7/site-packages/airflow/example_dags/example_task_group.py took 0.050 seconds
[2024-02-09T18:37:07.828+0000] {processor.py:153} INFO - Started process (PID=6333) to work on /home/airflow/.local/lib/python3.7/site-packages/airflow/example_dags/example_task_group.py
[2024-02-09T18:37:07.829+0000] {processor.py:743} INFO - Processing file /home/airflow/.local/lib/python3.7/site-packages/airflow/example_dags/example_task_group.py for tasks to queue
[2024-02-09T18:37:07.829+0000] {logging_mixin.py:137} INFO - [2024-02-09T18:37:07.829+0000] {dagbag.py:538} INFO - Filling up the DagBag from /home/airflow/.local/lib/python3.7/site-packages/airflow/example_dags/example_task_group.py
[2024-02-09T18:37:07.839+0000] {processor.py:753} INFO - DAG(s) dict_keys(['example_task_group']) retrieved from /home/airflow/.local/lib/python3.7/site-packages/airflow/example_dags/example_task_group.py
[2024-02-09T18:37:07.856+0000] {logging_mixin.py:137} INFO - [2024-02-09T18:37:07.856+0000] {dag.py:2690} INFO - Sync 1 DAGs
[2024-02-09T18:37:07.874+0000] {logging_mixin.py:137} INFO - [2024-02-09T18:37:07.874+0000] {dag.py:3441} INFO - Setting next_dagrun for example_task_group to 2024-02-08T18:37:07.874327+00:00, run_after=2024-02-09T18:37:07.874327+00:00
[2024-02-09T18:37:07.887+0000] {processor.py:175} INFO - Processing /home/airflow/.local/lib/python3.7/site-packages/airflow/example_dags/example_task_group.py took 0.062 seconds
[2024-02-09T18:37:38.344+0000] {processor.py:153} INFO - Started process (PID=6436) to work on /home/airflow/.local/lib/python3.7/site-packages/airflow/example_dags/example_task_group.py
[2024-02-09T18:37:38.345+0000] {processor.py:743} INFO - Processing file /home/airflow/.local/lib/python3.7/site-packages/airflow/example_dags/example_task_group.py for tasks to queue
[2024-02-09T18:37:38.345+0000] {logging_mixin.py:137} INFO - [2024-02-09T18:37:38.345+0000] {dagbag.py:538} INFO - Filling up the DagBag from /home/airflow/.local/lib/python3.7/site-packages/airflow/example_dags/example_task_group.py
[2024-02-09T18:37:38.354+0000] {processor.py:753} INFO - DAG(s) dict_keys(['example_task_group']) retrieved from /home/airflow/.local/lib/python3.7/site-packages/airflow/example_dags/example_task_group.py
[2024-02-09T18:37:38.368+0000] {logging_mixin.py:137} INFO - [2024-02-09T18:37:38.368+0000] {dag.py:2690} INFO - Sync 1 DAGs
[2024-02-09T18:37:38.382+0000] {logging_mixin.py:137} INFO - [2024-02-09T18:37:38.382+0000] {dag.py:3441} INFO - Setting next_dagrun for example_task_group to 2024-02-08T18:37:38.381921+00:00, run_after=2024-02-09T18:37:38.381921+00:00
[2024-02-09T18:37:38.393+0000] {processor.py:175} INFO - Processing /home/airflow/.local/lib/python3.7/site-packages/airflow/example_dags/example_task_group.py took 0.051 seconds
[2024-02-09T18:38:08.843+0000] {processor.py:153} INFO - Started process (PID=6572) to work on /home/airflow/.local/lib/python3.7/site-packages/airflow/example_dags/example_task_group.py
[2024-02-09T18:38:08.843+0000] {processor.py:743} INFO - Processing file /home/airflow/.local/lib/python3.7/site-packages/airflow/example_dags/example_task_group.py for tasks to queue
[2024-02-09T18:38:08.843+0000] {logging_mixin.py:137} INFO - [2024-02-09T18:38:08.843+0000] {dagbag.py:538} INFO - Filling up the DagBag from /home/airflow/.local/lib/python3.7/site-packages/airflow/example_dags/example_task_group.py
[2024-02-09T18:38:08.853+0000] {processor.py:753} INFO - DAG(s) dict_keys(['example_task_group']) retrieved from /home/airflow/.local/lib/python3.7/site-packages/airflow/example_dags/example_task_group.py
[2024-02-09T18:38:08.868+0000] {logging_mixin.py:137} INFO - [2024-02-09T18:38:08.867+0000] {dag.py:2690} INFO - Sync 1 DAGs
[2024-02-09T18:38:08.883+0000] {logging_mixin.py:137} INFO - [2024-02-09T18:38:08.882+0000] {dag.py:3441} INFO - Setting next_dagrun for example_task_group to 2024-02-08T18:38:08.882779+00:00, run_after=2024-02-09T18:38:08.882779+00:00
[2024-02-09T18:38:08.893+0000] {processor.py:175} INFO - Processing /home/airflow/.local/lib/python3.7/site-packages/airflow/example_dags/example_task_group.py took 0.052 seconds
[2024-02-09T18:38:39.652+0000] {processor.py:153} INFO - Started process (PID=6707) to work on /home/airflow/.local/lib/python3.7/site-packages/airflow/example_dags/example_task_group.py
[2024-02-09T18:38:39.653+0000] {processor.py:743} INFO - Processing file /home/airflow/.local/lib/python3.7/site-packages/airflow/example_dags/example_task_group.py for tasks to queue
[2024-02-09T18:38:39.653+0000] {logging_mixin.py:137} INFO - [2024-02-09T18:38:39.653+0000] {dagbag.py:538} INFO - Filling up the DagBag from /home/airflow/.local/lib/python3.7/site-packages/airflow/example_dags/example_task_group.py
[2024-02-09T18:38:39.663+0000] {processor.py:753} INFO - DAG(s) dict_keys(['example_task_group']) retrieved from /home/airflow/.local/lib/python3.7/site-packages/airflow/example_dags/example_task_group.py
[2024-02-09T18:38:39.681+0000] {logging_mixin.py:137} INFO - [2024-02-09T18:38:39.680+0000] {dag.py:2690} INFO - Sync 1 DAGs
[2024-02-09T18:38:39.697+0000] {logging_mixin.py:137} INFO - [2024-02-09T18:38:39.697+0000] {dag.py:3441} INFO - Setting next_dagrun for example_task_group to 2024-02-08T18:38:39.697327+00:00, run_after=2024-02-09T18:38:39.697327+00:00
[2024-02-09T18:38:39.710+0000] {processor.py:175} INFO - Processing /home/airflow/.local/lib/python3.7/site-packages/airflow/example_dags/example_task_group.py took 0.060 seconds
[2024-02-09T18:39:10.156+0000] {processor.py:153} INFO - Started process (PID=6810) to work on /home/airflow/.local/lib/python3.7/site-packages/airflow/example_dags/example_task_group.py
[2024-02-09T18:39:10.156+0000] {processor.py:743} INFO - Processing file /home/airflow/.local/lib/python3.7/site-packages/airflow/example_dags/example_task_group.py for tasks to queue
[2024-02-09T18:39:10.157+0000] {logging_mixin.py:137} INFO - [2024-02-09T18:39:10.157+0000] {dagbag.py:538} INFO - Filling up the DagBag from /home/airflow/.local/lib/python3.7/site-packages/airflow/example_dags/example_task_group.py
[2024-02-09T18:39:10.165+0000] {processor.py:753} INFO - DAG(s) dict_keys(['example_task_group']) retrieved from /home/airflow/.local/lib/python3.7/site-packages/airflow/example_dags/example_task_group.py
[2024-02-09T18:39:10.180+0000] {logging_mixin.py:137} INFO - [2024-02-09T18:39:10.180+0000] {dag.py:2690} INFO - Sync 1 DAGs
[2024-02-09T18:39:10.195+0000] {logging_mixin.py:137} INFO - [2024-02-09T18:39:10.194+0000] {dag.py:3441} INFO - Setting next_dagrun for example_task_group to 2024-02-08T18:39:10.194857+00:00, run_after=2024-02-09T18:39:10.194857+00:00
[2024-02-09T18:39:10.206+0000] {processor.py:175} INFO - Processing /home/airflow/.local/lib/python3.7/site-packages/airflow/example_dags/example_task_group.py took 0.052 seconds
[2024-02-09T18:39:40.704+0000] {processor.py:153} INFO - Started process (PID=6945) to work on /home/airflow/.local/lib/python3.7/site-packages/airflow/example_dags/example_task_group.py
[2024-02-09T18:39:40.705+0000] {processor.py:743} INFO - Processing file /home/airflow/.local/lib/python3.7/site-packages/airflow/example_dags/example_task_group.py for tasks to queue
[2024-02-09T18:39:40.705+0000] {logging_mixin.py:137} INFO - [2024-02-09T18:39:40.705+0000] {dagbag.py:538} INFO - Filling up the DagBag from /home/airflow/.local/lib/python3.7/site-packages/airflow/example_dags/example_task_group.py
[2024-02-09T18:39:40.715+0000] {processor.py:753} INFO - DAG(s) dict_keys(['example_task_group']) retrieved from /home/airflow/.local/lib/python3.7/site-packages/airflow/example_dags/example_task_group.py
[2024-02-09T18:39:40.729+0000] {logging_mixin.py:137} INFO - [2024-02-09T18:39:40.729+0000] {dag.py:2690} INFO - Sync 1 DAGs
[2024-02-09T18:39:40.744+0000] {logging_mixin.py:137} INFO - [2024-02-09T18:39:40.744+0000] {dag.py:3441} INFO - Setting next_dagrun for example_task_group to 2024-02-08T18:39:40.744258+00:00, run_after=2024-02-09T18:39:40.744258+00:00
[2024-02-09T18:39:40.756+0000] {processor.py:175} INFO - Processing /home/airflow/.local/lib/python3.7/site-packages/airflow/example_dags/example_task_group.py took 0.054 seconds
[2024-02-09T18:40:11.307+0000] {processor.py:153} INFO - Started process (PID=7057) to work on /home/airflow/.local/lib/python3.7/site-packages/airflow/example_dags/example_task_group.py
[2024-02-09T18:40:11.308+0000] {processor.py:743} INFO - Processing file /home/airflow/.local/lib/python3.7/site-packages/airflow/example_dags/example_task_group.py for tasks to queue
[2024-02-09T18:40:11.308+0000] {logging_mixin.py:137} INFO - [2024-02-09T18:40:11.308+0000] {dagbag.py:538} INFO - Filling up the DagBag from /home/airflow/.local/lib/python3.7/site-packages/airflow/example_dags/example_task_group.py
[2024-02-09T18:40:11.316+0000] {processor.py:753} INFO - DAG(s) dict_keys(['example_task_group']) retrieved from /home/airflow/.local/lib/python3.7/site-packages/airflow/example_dags/example_task_group.py
[2024-02-09T18:40:11.332+0000] {logging_mixin.py:137} INFO - [2024-02-09T18:40:11.332+0000] {dag.py:2690} INFO - Sync 1 DAGs
[2024-02-09T18:40:11.348+0000] {logging_mixin.py:137} INFO - [2024-02-09T18:40:11.348+0000] {dag.py:3441} INFO - Setting next_dagrun for example_task_group to 2024-02-08T18:40:11.347994+00:00, run_after=2024-02-09T18:40:11.347994+00:00
[2024-02-09T18:40:11.358+0000] {processor.py:175} INFO - Processing /home/airflow/.local/lib/python3.7/site-packages/airflow/example_dags/example_task_group.py took 0.053 seconds
[2024-02-09T18:40:41.933+0000] {processor.py:153} INFO - Started process (PID=7183) to work on /home/airflow/.local/lib/python3.7/site-packages/airflow/example_dags/example_task_group.py
[2024-02-09T18:40:41.934+0000] {processor.py:743} INFO - Processing file /home/airflow/.local/lib/python3.7/site-packages/airflow/example_dags/example_task_group.py for tasks to queue
[2024-02-09T18:40:41.934+0000] {logging_mixin.py:137} INFO - [2024-02-09T18:40:41.934+0000] {dagbag.py:538} INFO - Filling up the DagBag from /home/airflow/.local/lib/python3.7/site-packages/airflow/example_dags/example_task_group.py
[2024-02-09T18:40:41.943+0000] {processor.py:753} INFO - DAG(s) dict_keys(['example_task_group']) retrieved from /home/airflow/.local/lib/python3.7/site-packages/airflow/example_dags/example_task_group.py
[2024-02-09T18:40:41.957+0000] {logging_mixin.py:137} INFO - [2024-02-09T18:40:41.957+0000] {dag.py:2690} INFO - Sync 1 DAGs
[2024-02-09T18:40:41.971+0000] {logging_mixin.py:137} INFO - [2024-02-09T18:40:41.971+0000] {dag.py:3441} INFO - Setting next_dagrun for example_task_group to 2024-02-08T18:40:41.971540+00:00, run_after=2024-02-09T18:40:41.971540+00:00
[2024-02-09T18:40:41.982+0000] {processor.py:175} INFO - Processing /home/airflow/.local/lib/python3.7/site-packages/airflow/example_dags/example_task_group.py took 0.051 seconds
[2024-02-09T18:41:12.410+0000] {processor.py:153} INFO - Started process (PID=7318) to work on /home/airflow/.local/lib/python3.7/site-packages/airflow/example_dags/example_task_group.py
[2024-02-09T18:41:12.411+0000] {processor.py:743} INFO - Processing file /home/airflow/.local/lib/python3.7/site-packages/airflow/example_dags/example_task_group.py for tasks to queue
[2024-02-09T18:41:12.411+0000] {logging_mixin.py:137} INFO - [2024-02-09T18:41:12.411+0000] {dagbag.py:538} INFO - Filling up the DagBag from /home/airflow/.local/lib/python3.7/site-packages/airflow/example_dags/example_task_group.py
[2024-02-09T18:41:12.420+0000] {processor.py:753} INFO - DAG(s) dict_keys(['example_task_group']) retrieved from /home/airflow/.local/lib/python3.7/site-packages/airflow/example_dags/example_task_group.py
[2024-02-09T18:41:12.434+0000] {logging_mixin.py:137} INFO - [2024-02-09T18:41:12.434+0000] {dag.py:2690} INFO - Sync 1 DAGs
[2024-02-09T18:41:12.448+0000] {logging_mixin.py:137} INFO - [2024-02-09T18:41:12.448+0000] {dag.py:3441} INFO - Setting next_dagrun for example_task_group to 2024-02-08T18:41:12.448189+00:00, run_after=2024-02-09T18:41:12.448189+00:00
[2024-02-09T18:41:12.460+0000] {processor.py:175} INFO - Processing /home/airflow/.local/lib/python3.7/site-packages/airflow/example_dags/example_task_group.py took 0.051 seconds
[2024-02-09T18:41:42.933+0000] {processor.py:153} INFO - Started process (PID=7430) to work on /home/airflow/.local/lib/python3.7/site-packages/airflow/example_dags/example_task_group.py
[2024-02-09T18:41:42.934+0000] {processor.py:743} INFO - Processing file /home/airflow/.local/lib/python3.7/site-packages/airflow/example_dags/example_task_group.py for tasks to queue
[2024-02-09T18:41:42.934+0000] {logging_mixin.py:137} INFO - [2024-02-09T18:41:42.934+0000] {dagbag.py:538} INFO - Filling up the DagBag from /home/airflow/.local/lib/python3.7/site-packages/airflow/example_dags/example_task_group.py
[2024-02-09T18:41:42.943+0000] {processor.py:753} INFO - DAG(s) dict_keys(['example_task_group']) retrieved from /home/airflow/.local/lib/python3.7/site-packages/airflow/example_dags/example_task_group.py
[2024-02-09T18:41:42.957+0000] {logging_mixin.py:137} INFO - [2024-02-09T18:41:42.957+0000] {dag.py:2690} INFO - Sync 1 DAGs
[2024-02-09T18:41:42.972+0000] {logging_mixin.py:137} INFO - [2024-02-09T18:41:42.972+0000] {dag.py:3441} INFO - Setting next_dagrun for example_task_group to 2024-02-08T18:41:42.972503+00:00, run_after=2024-02-09T18:41:42.972503+00:00
[2024-02-09T18:41:42.983+0000] {processor.py:175} INFO - Processing /home/airflow/.local/lib/python3.7/site-packages/airflow/example_dags/example_task_group.py took 0.052 seconds
[2024-02-09T18:42:13.665+0000] {processor.py:153} INFO - Started process (PID=7556) to work on /home/airflow/.local/lib/python3.7/site-packages/airflow/example_dags/example_task_group.py
[2024-02-09T18:42:13.666+0000] {processor.py:743} INFO - Processing file /home/airflow/.local/lib/python3.7/site-packages/airflow/example_dags/example_task_group.py for tasks to queue
[2024-02-09T18:42:13.666+0000] {logging_mixin.py:137} INFO - [2024-02-09T18:42:13.666+0000] {dagbag.py:538} INFO - Filling up the DagBag from /home/airflow/.local/lib/python3.7/site-packages/airflow/example_dags/example_task_group.py
[2024-02-09T18:42:13.674+0000] {processor.py:753} INFO - DAG(s) dict_keys(['example_task_group']) retrieved from /home/airflow/.local/lib/python3.7/site-packages/airflow/example_dags/example_task_group.py
[2024-02-09T18:42:13.688+0000] {logging_mixin.py:137} INFO - [2024-02-09T18:42:13.688+0000] {dag.py:2690} INFO - Sync 1 DAGs
[2024-02-09T18:42:13.702+0000] {logging_mixin.py:137} INFO - [2024-02-09T18:42:13.701+0000] {dag.py:3441} INFO - Setting next_dagrun for example_task_group to 2024-02-08T18:42:13.701867+00:00, run_after=2024-02-09T18:42:13.701867+00:00
[2024-02-09T18:42:13.712+0000] {processor.py:175} INFO - Processing /home/airflow/.local/lib/python3.7/site-packages/airflow/example_dags/example_task_group.py took 0.049 seconds
[2024-02-09T18:42:44.127+0000] {processor.py:153} INFO - Started process (PID=7691) to work on /home/airflow/.local/lib/python3.7/site-packages/airflow/example_dags/example_task_group.py
[2024-02-09T18:42:44.127+0000] {processor.py:743} INFO - Processing file /home/airflow/.local/lib/python3.7/site-packages/airflow/example_dags/example_task_group.py for tasks to queue
[2024-02-09T18:42:44.127+0000] {logging_mixin.py:137} INFO - [2024-02-09T18:42:44.127+0000] {dagbag.py:538} INFO - Filling up the DagBag from /home/airflow/.local/lib/python3.7/site-packages/airflow/example_dags/example_task_group.py
[2024-02-09T18:42:44.137+0000] {processor.py:753} INFO - DAG(s) dict_keys(['example_task_group']) retrieved from /home/airflow/.local/lib/python3.7/site-packages/airflow/example_dags/example_task_group.py
[2024-02-09T18:42:44.151+0000] {logging_mixin.py:137} INFO - [2024-02-09T18:42:44.151+0000] {dag.py:2690} INFO - Sync 1 DAGs
[2024-02-09T18:42:44.165+0000] {logging_mixin.py:137} INFO - [2024-02-09T18:42:44.165+0000] {dag.py:3441} INFO - Setting next_dagrun for example_task_group to 2024-02-08T18:42:44.165179+00:00, run_after=2024-02-09T18:42:44.165179+00:00
[2024-02-09T18:42:44.176+0000] {processor.py:175} INFO - Processing /home/airflow/.local/lib/python3.7/site-packages/airflow/example_dags/example_task_group.py took 0.051 seconds
[2024-02-09T18:43:14.717+0000] {processor.py:153} INFO - Started process (PID=7803) to work on /home/airflow/.local/lib/python3.7/site-packages/airflow/example_dags/example_task_group.py
[2024-02-09T18:43:14.718+0000] {processor.py:743} INFO - Processing file /home/airflow/.local/lib/python3.7/site-packages/airflow/example_dags/example_task_group.py for tasks to queue
[2024-02-09T18:43:14.718+0000] {logging_mixin.py:137} INFO - [2024-02-09T18:43:14.718+0000] {dagbag.py:538} INFO - Filling up the DagBag from /home/airflow/.local/lib/python3.7/site-packages/airflow/example_dags/example_task_group.py
[2024-02-09T18:43:14.728+0000] {processor.py:753} INFO - DAG(s) dict_keys(['example_task_group']) retrieved from /home/airflow/.local/lib/python3.7/site-packages/airflow/example_dags/example_task_group.py
[2024-02-09T18:43:14.742+0000] {logging_mixin.py:137} INFO - [2024-02-09T18:43:14.742+0000] {dag.py:2690} INFO - Sync 1 DAGs
[2024-02-09T18:43:14.757+0000] {logging_mixin.py:137} INFO - [2024-02-09T18:43:14.757+0000] {dag.py:3441} INFO - Setting next_dagrun for example_task_group to 2024-02-08T18:43:14.757227+00:00, run_after=2024-02-09T18:43:14.757227+00:00
[2024-02-09T18:43:14.769+0000] {processor.py:175} INFO - Processing /home/airflow/.local/lib/python3.7/site-packages/airflow/example_dags/example_task_group.py took 0.054 seconds
[2024-02-09T18:43:45.278+0000] {processor.py:153} INFO - Started process (PID=7930) to work on /home/airflow/.local/lib/python3.7/site-packages/airflow/example_dags/example_task_group.py
[2024-02-09T18:43:45.278+0000] {processor.py:743} INFO - Processing file /home/airflow/.local/lib/python3.7/site-packages/airflow/example_dags/example_task_group.py for tasks to queue
[2024-02-09T18:43:45.278+0000] {logging_mixin.py:137} INFO - [2024-02-09T18:43:45.278+0000] {dagbag.py:538} INFO - Filling up the DagBag from /home/airflow/.local/lib/python3.7/site-packages/airflow/example_dags/example_task_group.py
[2024-02-09T18:43:45.287+0000] {processor.py:753} INFO - DAG(s) dict_keys(['example_task_group']) retrieved from /home/airflow/.local/lib/python3.7/site-packages/airflow/example_dags/example_task_group.py
[2024-02-09T18:43:45.301+0000] {logging_mixin.py:137} INFO - [2024-02-09T18:43:45.301+0000] {dag.py:2690} INFO - Sync 1 DAGs
[2024-02-09T18:43:45.315+0000] {logging_mixin.py:137} INFO - [2024-02-09T18:43:45.315+0000] {dag.py:3441} INFO - Setting next_dagrun for example_task_group to 2024-02-08T18:43:45.315496+00:00, run_after=2024-02-09T18:43:45.315496+00:00
[2024-02-09T18:43:45.326+0000] {processor.py:175} INFO - Processing /home/airflow/.local/lib/python3.7/site-packages/airflow/example_dags/example_task_group.py took 0.050 seconds
[2024-02-09T18:44:15.768+0000] {processor.py:153} INFO - Started process (PID=8065) to work on /home/airflow/.local/lib/python3.7/site-packages/airflow/example_dags/example_task_group.py
[2024-02-09T18:44:15.769+0000] {processor.py:743} INFO - Processing file /home/airflow/.local/lib/python3.7/site-packages/airflow/example_dags/example_task_group.py for tasks to queue
[2024-02-09T18:44:15.769+0000] {logging_mixin.py:137} INFO - [2024-02-09T18:44:15.769+0000] {dagbag.py:538} INFO - Filling up the DagBag from /home/airflow/.local/lib/python3.7/site-packages/airflow/example_dags/example_task_group.py
[2024-02-09T18:44:15.778+0000] {processor.py:753} INFO - DAG(s) dict_keys(['example_task_group']) retrieved from /home/airflow/.local/lib/python3.7/site-packages/airflow/example_dags/example_task_group.py
[2024-02-09T18:44:15.793+0000] {logging_mixin.py:137} INFO - [2024-02-09T18:44:15.793+0000] {dag.py:2690} INFO - Sync 1 DAGs
[2024-02-09T18:44:15.807+0000] {logging_mixin.py:137} INFO - [2024-02-09T18:44:15.807+0000] {dag.py:3441} INFO - Setting next_dagrun for example_task_group to 2024-02-08T18:44:15.807420+00:00, run_after=2024-02-09T18:44:15.807420+00:00
[2024-02-09T18:44:15.819+0000] {processor.py:175} INFO - Processing /home/airflow/.local/lib/python3.7/site-packages/airflow/example_dags/example_task_group.py took 0.052 seconds
[2024-02-09T18:44:46.290+0000] {processor.py:153} INFO - Started process (PID=8177) to work on /home/airflow/.local/lib/python3.7/site-packages/airflow/example_dags/example_task_group.py
[2024-02-09T18:44:46.291+0000] {processor.py:743} INFO - Processing file /home/airflow/.local/lib/python3.7/site-packages/airflow/example_dags/example_task_group.py for tasks to queue
[2024-02-09T18:44:46.291+0000] {logging_mixin.py:137} INFO - [2024-02-09T18:44:46.291+0000] {dagbag.py:538} INFO - Filling up the DagBag from /home/airflow/.local/lib/python3.7/site-packages/airflow/example_dags/example_task_group.py
[2024-02-09T18:44:46.301+0000] {processor.py:753} INFO - DAG(s) dict_keys(['example_task_group']) retrieved from /home/airflow/.local/lib/python3.7/site-packages/airflow/example_dags/example_task_group.py
[2024-02-09T18:44:46.318+0000] {logging_mixin.py:137} INFO - [2024-02-09T18:44:46.318+0000] {dag.py:2690} INFO - Sync 1 DAGs
[2024-02-09T18:44:46.334+0000] {logging_mixin.py:137} INFO - [2024-02-09T18:44:46.334+0000] {dag.py:3441} INFO - Setting next_dagrun for example_task_group to 2024-02-08T18:44:46.334018+00:00, run_after=2024-02-09T18:44:46.334018+00:00
[2024-02-09T18:44:46.346+0000] {processor.py:175} INFO - Processing /home/airflow/.local/lib/python3.7/site-packages/airflow/example_dags/example_task_group.py took 0.057 seconds
[2024-02-09T18:45:16.868+0000] {processor.py:153} INFO - Started process (PID=8303) to work on /home/airflow/.local/lib/python3.7/site-packages/airflow/example_dags/example_task_group.py
[2024-02-09T18:45:16.869+0000] {processor.py:743} INFO - Processing file /home/airflow/.local/lib/python3.7/site-packages/airflow/example_dags/example_task_group.py for tasks to queue
[2024-02-09T18:45:16.869+0000] {logging_mixin.py:137} INFO - [2024-02-09T18:45:16.869+0000] {dagbag.py:538} INFO - Filling up the DagBag from /home/airflow/.local/lib/python3.7/site-packages/airflow/example_dags/example_task_group.py
[2024-02-09T18:45:16.878+0000] {processor.py:753} INFO - DAG(s) dict_keys(['example_task_group']) retrieved from /home/airflow/.local/lib/python3.7/site-packages/airflow/example_dags/example_task_group.py
[2024-02-09T18:45:16.892+0000] {logging_mixin.py:137} INFO - [2024-02-09T18:45:16.892+0000] {dag.py:2690} INFO - Sync 1 DAGs
[2024-02-09T18:45:16.907+0000] {logging_mixin.py:137} INFO - [2024-02-09T18:45:16.906+0000] {dag.py:3441} INFO - Setting next_dagrun for example_task_group to 2024-02-08T18:45:16.906445+00:00, run_after=2024-02-09T18:45:16.906445+00:00
[2024-02-09T18:45:16.918+0000] {processor.py:175} INFO - Processing /home/airflow/.local/lib/python3.7/site-packages/airflow/example_dags/example_task_group.py took 0.051 seconds
[2024-02-09T18:45:47.371+0000] {processor.py:153} INFO - Started process (PID=8438) to work on /home/airflow/.local/lib/python3.7/site-packages/airflow/example_dags/example_task_group.py
[2024-02-09T18:45:47.371+0000] {processor.py:743} INFO - Processing file /home/airflow/.local/lib/python3.7/site-packages/airflow/example_dags/example_task_group.py for tasks to queue
[2024-02-09T18:45:47.371+0000] {logging_mixin.py:137} INFO - [2024-02-09T18:45:47.371+0000] {dagbag.py:538} INFO - Filling up the DagBag from /home/airflow/.local/lib/python3.7/site-packages/airflow/example_dags/example_task_group.py
[2024-02-09T18:45:47.380+0000] {processor.py:753} INFO - DAG(s) dict_keys(['example_task_group']) retrieved from /home/airflow/.local/lib/python3.7/site-packages/airflow/example_dags/example_task_group.py
[2024-02-09T18:45:47.394+0000] {logging_mixin.py:137} INFO - [2024-02-09T18:45:47.394+0000] {dag.py:2690} INFO - Sync 1 DAGs
[2024-02-09T18:45:47.409+0000] {logging_mixin.py:137} INFO - [2024-02-09T18:45:47.409+0000] {dag.py:3441} INFO - Setting next_dagrun for example_task_group to 2024-02-08T18:45:47.409425+00:00, run_after=2024-02-09T18:45:47.409425+00:00
[2024-02-09T18:45:47.420+0000] {processor.py:175} INFO - Processing /home/airflow/.local/lib/python3.7/site-packages/airflow/example_dags/example_task_group.py took 0.051 seconds
[2024-02-09T18:46:17.913+0000] {processor.py:153} INFO - Started process (PID=8550) to work on /home/airflow/.local/lib/python3.7/site-packages/airflow/example_dags/example_task_group.py
[2024-02-09T18:46:17.914+0000] {processor.py:743} INFO - Processing file /home/airflow/.local/lib/python3.7/site-packages/airflow/example_dags/example_task_group.py for tasks to queue
[2024-02-09T18:46:17.914+0000] {logging_mixin.py:137} INFO - [2024-02-09T18:46:17.914+0000] {dagbag.py:538} INFO - Filling up the DagBag from /home/airflow/.local/lib/python3.7/site-packages/airflow/example_dags/example_task_group.py
[2024-02-09T18:46:17.923+0000] {processor.py:753} INFO - DAG(s) dict_keys(['example_task_group']) retrieved from /home/airflow/.local/lib/python3.7/site-packages/airflow/example_dags/example_task_group.py
[2024-02-09T18:46:17.939+0000] {logging_mixin.py:137} INFO - [2024-02-09T18:46:17.939+0000] {dag.py:2690} INFO - Sync 1 DAGs
[2024-02-09T18:46:17.954+0000] {logging_mixin.py:137} INFO - [2024-02-09T18:46:17.954+0000] {dag.py:3441} INFO - Setting next_dagrun for example_task_group to 2024-02-08T18:46:17.954277+00:00, run_after=2024-02-09T18:46:17.954277+00:00
[2024-02-09T18:46:17.966+0000] {processor.py:175} INFO - Processing /home/airflow/.local/lib/python3.7/site-packages/airflow/example_dags/example_task_group.py took 0.055 seconds
[2024-02-09T18:46:48.479+0000] {processor.py:153} INFO - Started process (PID=8676) to work on /home/airflow/.local/lib/python3.7/site-packages/airflow/example_dags/example_task_group.py
[2024-02-09T18:46:48.479+0000] {processor.py:743} INFO - Processing file /home/airflow/.local/lib/python3.7/site-packages/airflow/example_dags/example_task_group.py for tasks to queue
[2024-02-09T18:46:48.480+0000] {logging_mixin.py:137} INFO - [2024-02-09T18:46:48.480+0000] {dagbag.py:538} INFO - Filling up the DagBag from /home/airflow/.local/lib/python3.7/site-packages/airflow/example_dags/example_task_group.py
[2024-02-09T18:46:48.489+0000] {processor.py:753} INFO - DAG(s) dict_keys(['example_task_group']) retrieved from /home/airflow/.local/lib/python3.7/site-packages/airflow/example_dags/example_task_group.py
[2024-02-09T18:46:48.502+0000] {logging_mixin.py:137} INFO - [2024-02-09T18:46:48.502+0000] {dag.py:2690} INFO - Sync 1 DAGs
[2024-02-09T18:46:48.516+0000] {logging_mixin.py:137} INFO - [2024-02-09T18:46:48.516+0000] {dag.py:3441} INFO - Setting next_dagrun for example_task_group to 2024-02-08T18:46:48.516093+00:00, run_after=2024-02-09T18:46:48.516093+00:00
[2024-02-09T18:46:48.527+0000] {processor.py:175} INFO - Processing /home/airflow/.local/lib/python3.7/site-packages/airflow/example_dags/example_task_group.py took 0.050 seconds
[2024-02-09T18:47:18.980+0000] {processor.py:153} INFO - Started process (PID=8811) to work on /home/airflow/.local/lib/python3.7/site-packages/airflow/example_dags/example_task_group.py
[2024-02-09T18:47:18.980+0000] {processor.py:743} INFO - Processing file /home/airflow/.local/lib/python3.7/site-packages/airflow/example_dags/example_task_group.py for tasks to queue
[2024-02-09T18:47:18.981+0000] {logging_mixin.py:137} INFO - [2024-02-09T18:47:18.981+0000] {dagbag.py:538} INFO - Filling up the DagBag from /home/airflow/.local/lib/python3.7/site-packages/airflow/example_dags/example_task_group.py
[2024-02-09T18:47:18.989+0000] {processor.py:753} INFO - DAG(s) dict_keys(['example_task_group']) retrieved from /home/airflow/.local/lib/python3.7/site-packages/airflow/example_dags/example_task_group.py
[2024-02-09T18:47:19.003+0000] {logging_mixin.py:137} INFO - [2024-02-09T18:47:19.003+0000] {dag.py:2690} INFO - Sync 1 DAGs
[2024-02-09T18:47:19.017+0000] {logging_mixin.py:137} INFO - [2024-02-09T18:47:19.017+0000] {dag.py:3441} INFO - Setting next_dagrun for example_task_group to 2024-02-08T18:47:19.017610+00:00, run_after=2024-02-09T18:47:19.017610+00:00
[2024-02-09T18:47:19.030+0000] {processor.py:175} INFO - Processing /home/airflow/.local/lib/python3.7/site-packages/airflow/example_dags/example_task_group.py took 0.052 seconds
[2024-02-09T18:47:49.541+0000] {processor.py:153} INFO - Started process (PID=8914) to work on /home/airflow/.local/lib/python3.7/site-packages/airflow/example_dags/example_task_group.py
[2024-02-09T18:47:49.542+0000] {processor.py:743} INFO - Processing file /home/airflow/.local/lib/python3.7/site-packages/airflow/example_dags/example_task_group.py for tasks to queue
[2024-02-09T18:47:49.542+0000] {logging_mixin.py:137} INFO - [2024-02-09T18:47:49.542+0000] {dagbag.py:538} INFO - Filling up the DagBag from /home/airflow/.local/lib/python3.7/site-packages/airflow/example_dags/example_task_group.py
[2024-02-09T18:47:49.551+0000] {processor.py:753} INFO - DAG(s) dict_keys(['example_task_group']) retrieved from /home/airflow/.local/lib/python3.7/site-packages/airflow/example_dags/example_task_group.py
[2024-02-09T18:47:49.565+0000] {logging_mixin.py:137} INFO - [2024-02-09T18:47:49.565+0000] {dag.py:2690} INFO - Sync 1 DAGs
[2024-02-09T18:47:49.579+0000] {logging_mixin.py:137} INFO - [2024-02-09T18:47:49.579+0000] {dag.py:3441} INFO - Setting next_dagrun for example_task_group to 2024-02-08T18:47:49.579347+00:00, run_after=2024-02-09T18:47:49.579347+00:00
[2024-02-09T18:47:49.590+0000] {processor.py:175} INFO - Processing /home/airflow/.local/lib/python3.7/site-packages/airflow/example_dags/example_task_group.py took 0.050 seconds
[2024-02-09T18:48:20.004+0000] {processor.py:153} INFO - Started process (PID=9049) to work on /home/airflow/.local/lib/python3.7/site-packages/airflow/example_dags/example_task_group.py
[2024-02-09T18:48:20.005+0000] {processor.py:743} INFO - Processing file /home/airflow/.local/lib/python3.7/site-packages/airflow/example_dags/example_task_group.py for tasks to queue
[2024-02-09T18:48:20.005+0000] {logging_mixin.py:137} INFO - [2024-02-09T18:48:20.005+0000] {dagbag.py:538} INFO - Filling up the DagBag from /home/airflow/.local/lib/python3.7/site-packages/airflow/example_dags/example_task_group.py
[2024-02-09T18:48:20.014+0000] {processor.py:753} INFO - DAG(s) dict_keys(['example_task_group']) retrieved from /home/airflow/.local/lib/python3.7/site-packages/airflow/example_dags/example_task_group.py
[2024-02-09T18:48:20.028+0000] {logging_mixin.py:137} INFO - [2024-02-09T18:48:20.028+0000] {dag.py:2690} INFO - Sync 1 DAGs
[2024-02-09T18:48:20.042+0000] {logging_mixin.py:137} INFO - [2024-02-09T18:48:20.042+0000] {dag.py:3441} INFO - Setting next_dagrun for example_task_group to 2024-02-08T18:48:20.042102+00:00, run_after=2024-02-09T18:48:20.042102+00:00
[2024-02-09T18:48:20.055+0000] {processor.py:175} INFO - Processing /home/airflow/.local/lib/python3.7/site-packages/airflow/example_dags/example_task_group.py took 0.052 seconds
[2024-02-09T18:48:50.594+0000] {processor.py:153} INFO - Started process (PID=9184) to work on /home/airflow/.local/lib/python3.7/site-packages/airflow/example_dags/example_task_group.py
[2024-02-09T18:48:50.595+0000] {processor.py:743} INFO - Processing file /home/airflow/.local/lib/python3.7/site-packages/airflow/example_dags/example_task_group.py for tasks to queue
[2024-02-09T18:48:50.595+0000] {logging_mixin.py:137} INFO - [2024-02-09T18:48:50.595+0000] {dagbag.py:538} INFO - Filling up the DagBag from /home/airflow/.local/lib/python3.7/site-packages/airflow/example_dags/example_task_group.py
[2024-02-09T18:48:50.604+0000] {processor.py:753} INFO - DAG(s) dict_keys(['example_task_group']) retrieved from /home/airflow/.local/lib/python3.7/site-packages/airflow/example_dags/example_task_group.py
[2024-02-09T18:48:50.619+0000] {logging_mixin.py:137} INFO - [2024-02-09T18:48:50.619+0000] {dag.py:2690} INFO - Sync 1 DAGs
[2024-02-09T18:48:50.634+0000] {logging_mixin.py:137} INFO - [2024-02-09T18:48:50.634+0000] {dag.py:3441} INFO - Setting next_dagrun for example_task_group to 2024-02-08T18:48:50.634478+00:00, run_after=2024-02-09T18:48:50.634478+00:00
[2024-02-09T18:48:50.647+0000] {processor.py:175} INFO - Processing /home/airflow/.local/lib/python3.7/site-packages/airflow/example_dags/example_task_group.py took 0.055 seconds
