[2024-02-09T18:11:38.342+0000] {processor.py:153} INFO - Started process (PID=88) to work on /home/airflow/.local/lib/python3.7/site-packages/airflow/example_dags/example_latest_only.py
[2024-02-09T18:11:38.343+0000] {processor.py:743} INFO - Processing file /home/airflow/.local/lib/python3.7/site-packages/airflow/example_dags/example_latest_only.py for tasks to queue
[2024-02-09T18:11:38.343+0000] {logging_mixin.py:137} INFO - [2024-02-09T18:11:38.343+0000] {dagbag.py:538} INFO - Filling up the DagBag from /home/airflow/.local/lib/python3.7/site-packages/airflow/example_dags/example_latest_only.py
[2024-02-09T18:11:38.353+0000] {processor.py:753} INFO - DAG(s) dict_keys(['latest_only']) retrieved from /home/airflow/.local/lib/python3.7/site-packages/airflow/example_dags/example_latest_only.py
[2024-02-09T18:11:38.360+0000] {logging_mixin.py:137} INFO - [2024-02-09T18:11:38.360+0000] {dag.py:2690} INFO - Sync 1 DAGs
[2024-02-09T18:11:38.378+0000] {logging_mixin.py:137} INFO - [2024-02-09T18:11:38.377+0000] {dag.py:3441} INFO - Setting next_dagrun for latest_only to 2024-02-09T14:11:38.377814+00:00, run_after=2024-02-09T18:11:38.377814+00:00
[2024-02-09T18:11:38.392+0000] {processor.py:175} INFO - Processing /home/airflow/.local/lib/python3.7/site-packages/airflow/example_dags/example_latest_only.py took 0.052 seconds
[2024-02-09T18:12:08.896+0000] {processor.py:153} INFO - Started process (PID=223) to work on /home/airflow/.local/lib/python3.7/site-packages/airflow/example_dags/example_latest_only.py
[2024-02-09T18:12:08.897+0000] {processor.py:743} INFO - Processing file /home/airflow/.local/lib/python3.7/site-packages/airflow/example_dags/example_latest_only.py for tasks to queue
[2024-02-09T18:12:08.897+0000] {logging_mixin.py:137} INFO - [2024-02-09T18:12:08.897+0000] {dagbag.py:538} INFO - Filling up the DagBag from /home/airflow/.local/lib/python3.7/site-packages/airflow/example_dags/example_latest_only.py
[2024-02-09T18:12:08.905+0000] {processor.py:753} INFO - DAG(s) dict_keys(['latest_only']) retrieved from /home/airflow/.local/lib/python3.7/site-packages/airflow/example_dags/example_latest_only.py
[2024-02-09T18:12:08.917+0000] {logging_mixin.py:137} INFO - [2024-02-09T18:12:08.917+0000] {dag.py:2690} INFO - Sync 1 DAGs
[2024-02-09T18:12:08.932+0000] {logging_mixin.py:137} INFO - [2024-02-09T18:12:08.932+0000] {dag.py:3441} INFO - Setting next_dagrun for latest_only to 2024-02-09T14:12:08.932604+00:00, run_after=2024-02-09T18:12:08.932604+00:00
[2024-02-09T18:12:08.943+0000] {processor.py:175} INFO - Processing /home/airflow/.local/lib/python3.7/site-packages/airflow/example_dags/example_latest_only.py took 0.049 seconds
[2024-02-09T18:12:39.729+0000] {processor.py:153} INFO - Started process (PID=357) to work on /home/airflow/.local/lib/python3.7/site-packages/airflow/example_dags/example_latest_only.py
[2024-02-09T18:12:39.730+0000] {processor.py:743} INFO - Processing file /home/airflow/.local/lib/python3.7/site-packages/airflow/example_dags/example_latest_only.py for tasks to queue
[2024-02-09T18:12:39.730+0000] {logging_mixin.py:137} INFO - [2024-02-09T18:12:39.730+0000] {dagbag.py:538} INFO - Filling up the DagBag from /home/airflow/.local/lib/python3.7/site-packages/airflow/example_dags/example_latest_only.py
[2024-02-09T18:12:39.738+0000] {processor.py:753} INFO - DAG(s) dict_keys(['latest_only']) retrieved from /home/airflow/.local/lib/python3.7/site-packages/airflow/example_dags/example_latest_only.py
[2024-02-09T18:12:39.753+0000] {logging_mixin.py:137} INFO - [2024-02-09T18:12:39.753+0000] {dag.py:2690} INFO - Sync 1 DAGs
[2024-02-09T18:12:39.768+0000] {logging_mixin.py:137} INFO - [2024-02-09T18:12:39.768+0000] {dag.py:3441} INFO - Setting next_dagrun for latest_only to 2024-02-09T14:12:39.768393+00:00, run_after=2024-02-09T18:12:39.768393+00:00
[2024-02-09T18:12:39.780+0000] {processor.py:175} INFO - Processing /home/airflow/.local/lib/python3.7/site-packages/airflow/example_dags/example_latest_only.py took 0.053 seconds
[2024-02-09T18:13:10.262+0000] {processor.py:153} INFO - Started process (PID=460) to work on /home/airflow/.local/lib/python3.7/site-packages/airflow/example_dags/example_latest_only.py
[2024-02-09T18:13:10.263+0000] {processor.py:743} INFO - Processing file /home/airflow/.local/lib/python3.7/site-packages/airflow/example_dags/example_latest_only.py for tasks to queue
[2024-02-09T18:13:10.263+0000] {logging_mixin.py:137} INFO - [2024-02-09T18:13:10.263+0000] {dagbag.py:538} INFO - Filling up the DagBag from /home/airflow/.local/lib/python3.7/site-packages/airflow/example_dags/example_latest_only.py
[2024-02-09T18:13:10.270+0000] {processor.py:753} INFO - DAG(s) dict_keys(['latest_only']) retrieved from /home/airflow/.local/lib/python3.7/site-packages/airflow/example_dags/example_latest_only.py
[2024-02-09T18:13:10.284+0000] {logging_mixin.py:137} INFO - [2024-02-09T18:13:10.284+0000] {dag.py:2690} INFO - Sync 1 DAGs
[2024-02-09T18:13:10.298+0000] {logging_mixin.py:137} INFO - [2024-02-09T18:13:10.298+0000] {dag.py:3441} INFO - Setting next_dagrun for latest_only to 2024-02-09T14:13:10.298057+00:00, run_after=2024-02-09T18:13:10.298057+00:00
[2024-02-09T18:13:10.309+0000] {processor.py:175} INFO - Processing /home/airflow/.local/lib/python3.7/site-packages/airflow/example_dags/example_latest_only.py took 0.048 seconds
[2024-02-09T18:13:40.736+0000] {processor.py:153} INFO - Started process (PID=595) to work on /home/airflow/.local/lib/python3.7/site-packages/airflow/example_dags/example_latest_only.py
[2024-02-09T18:13:40.737+0000] {processor.py:743} INFO - Processing file /home/airflow/.local/lib/python3.7/site-packages/airflow/example_dags/example_latest_only.py for tasks to queue
[2024-02-09T18:13:40.737+0000] {logging_mixin.py:137} INFO - [2024-02-09T18:13:40.737+0000] {dagbag.py:538} INFO - Filling up the DagBag from /home/airflow/.local/lib/python3.7/site-packages/airflow/example_dags/example_latest_only.py
[2024-02-09T18:13:40.744+0000] {processor.py:753} INFO - DAG(s) dict_keys(['latest_only']) retrieved from /home/airflow/.local/lib/python3.7/site-packages/airflow/example_dags/example_latest_only.py
[2024-02-09T18:13:40.758+0000] {logging_mixin.py:137} INFO - [2024-02-09T18:13:40.758+0000] {dag.py:2690} INFO - Sync 1 DAGs
[2024-02-09T18:13:40.774+0000] {logging_mixin.py:137} INFO - [2024-02-09T18:13:40.773+0000] {dag.py:3441} INFO - Setting next_dagrun for latest_only to 2024-02-09T14:13:40.773827+00:00, run_after=2024-02-09T18:13:40.773827+00:00
[2024-02-09T18:13:40.786+0000] {processor.py:175} INFO - Processing /home/airflow/.local/lib/python3.7/site-packages/airflow/example_dags/example_latest_only.py took 0.052 seconds
[2024-02-09T18:14:11.364+0000] {processor.py:153} INFO - Started process (PID=730) to work on /home/airflow/.local/lib/python3.7/site-packages/airflow/example_dags/example_latest_only.py
[2024-02-09T18:14:11.365+0000] {processor.py:743} INFO - Processing file /home/airflow/.local/lib/python3.7/site-packages/airflow/example_dags/example_latest_only.py for tasks to queue
[2024-02-09T18:14:11.365+0000] {logging_mixin.py:137} INFO - [2024-02-09T18:14:11.365+0000] {dagbag.py:538} INFO - Filling up the DagBag from /home/airflow/.local/lib/python3.7/site-packages/airflow/example_dags/example_latest_only.py
[2024-02-09T18:14:11.373+0000] {processor.py:753} INFO - DAG(s) dict_keys(['latest_only']) retrieved from /home/airflow/.local/lib/python3.7/site-packages/airflow/example_dags/example_latest_only.py
[2024-02-09T18:14:11.389+0000] {logging_mixin.py:137} INFO - [2024-02-09T18:14:11.389+0000] {dag.py:2690} INFO - Sync 1 DAGs
[2024-02-09T18:14:11.404+0000] {logging_mixin.py:137} INFO - [2024-02-09T18:14:11.404+0000] {dag.py:3441} INFO - Setting next_dagrun for latest_only to 2024-02-09T14:14:11.404347+00:00, run_after=2024-02-09T18:14:11.404347+00:00
[2024-02-09T18:14:11.416+0000] {processor.py:175} INFO - Processing /home/airflow/.local/lib/python3.7/site-packages/airflow/example_dags/example_latest_only.py took 0.053 seconds
[2024-02-09T18:14:41.957+0000] {processor.py:153} INFO - Started process (PID=833) to work on /home/airflow/.local/lib/python3.7/site-packages/airflow/example_dags/example_latest_only.py
[2024-02-09T18:14:41.957+0000] {processor.py:743} INFO - Processing file /home/airflow/.local/lib/python3.7/site-packages/airflow/example_dags/example_latest_only.py for tasks to queue
[2024-02-09T18:14:41.958+0000] {logging_mixin.py:137} INFO - [2024-02-09T18:14:41.958+0000] {dagbag.py:538} INFO - Filling up the DagBag from /home/airflow/.local/lib/python3.7/site-packages/airflow/example_dags/example_latest_only.py
[2024-02-09T18:14:41.965+0000] {processor.py:753} INFO - DAG(s) dict_keys(['latest_only']) retrieved from /home/airflow/.local/lib/python3.7/site-packages/airflow/example_dags/example_latest_only.py
[2024-02-09T18:14:41.978+0000] {logging_mixin.py:137} INFO - [2024-02-09T18:14:41.978+0000] {dag.py:2690} INFO - Sync 1 DAGs
[2024-02-09T18:14:41.992+0000] {logging_mixin.py:137} INFO - [2024-02-09T18:14:41.992+0000] {dag.py:3441} INFO - Setting next_dagrun for latest_only to 2024-02-09T14:14:41.992518+00:00, run_after=2024-02-09T18:14:41.992518+00:00
[2024-02-09T18:14:42.002+0000] {processor.py:175} INFO - Processing /home/airflow/.local/lib/python3.7/site-packages/airflow/example_dags/example_latest_only.py took 0.048 seconds
[2024-02-09T18:15:12.447+0000] {processor.py:153} INFO - Started process (PID=969) to work on /home/airflow/.local/lib/python3.7/site-packages/airflow/example_dags/example_latest_only.py
[2024-02-09T18:15:12.447+0000] {processor.py:743} INFO - Processing file /home/airflow/.local/lib/python3.7/site-packages/airflow/example_dags/example_latest_only.py for tasks to queue
[2024-02-09T18:15:12.448+0000] {logging_mixin.py:137} INFO - [2024-02-09T18:15:12.448+0000] {dagbag.py:538} INFO - Filling up the DagBag from /home/airflow/.local/lib/python3.7/site-packages/airflow/example_dags/example_latest_only.py
[2024-02-09T18:15:12.455+0000] {processor.py:753} INFO - DAG(s) dict_keys(['latest_only']) retrieved from /home/airflow/.local/lib/python3.7/site-packages/airflow/example_dags/example_latest_only.py
[2024-02-09T18:15:12.469+0000] {logging_mixin.py:137} INFO - [2024-02-09T18:15:12.469+0000] {dag.py:2690} INFO - Sync 1 DAGs
[2024-02-09T18:15:12.483+0000] {logging_mixin.py:137} INFO - [2024-02-09T18:15:12.483+0000] {dag.py:3441} INFO - Setting next_dagrun for latest_only to 2024-02-09T14:15:12.483252+00:00, run_after=2024-02-09T18:15:12.483252+00:00
[2024-02-09T18:15:12.494+0000] {processor.py:175} INFO - Processing /home/airflow/.local/lib/python3.7/site-packages/airflow/example_dags/example_latest_only.py took 0.049 seconds
[2024-02-09T18:15:43.119+0000] {processor.py:153} INFO - Started process (PID=1104) to work on /home/airflow/.local/lib/python3.7/site-packages/airflow/example_dags/example_latest_only.py
[2024-02-09T18:15:43.119+0000] {processor.py:743} INFO - Processing file /home/airflow/.local/lib/python3.7/site-packages/airflow/example_dags/example_latest_only.py for tasks to queue
[2024-02-09T18:15:43.120+0000] {logging_mixin.py:137} INFO - [2024-02-09T18:15:43.120+0000] {dagbag.py:538} INFO - Filling up the DagBag from /home/airflow/.local/lib/python3.7/site-packages/airflow/example_dags/example_latest_only.py
[2024-02-09T18:15:43.129+0000] {processor.py:753} INFO - DAG(s) dict_keys(['latest_only']) retrieved from /home/airflow/.local/lib/python3.7/site-packages/airflow/example_dags/example_latest_only.py
[2024-02-09T18:15:43.145+0000] {logging_mixin.py:137} INFO - [2024-02-09T18:15:43.145+0000] {dag.py:2690} INFO - Sync 1 DAGs
[2024-02-09T18:15:43.162+0000] {logging_mixin.py:137} INFO - [2024-02-09T18:15:43.162+0000] {dag.py:3441} INFO - Setting next_dagrun for latest_only to 2024-02-09T14:15:43.162500+00:00, run_after=2024-02-09T18:15:43.162500+00:00
[2024-02-09T18:15:43.175+0000] {processor.py:175} INFO - Processing /home/airflow/.local/lib/python3.7/site-packages/airflow/example_dags/example_latest_only.py took 0.058 seconds
[2024-02-09T18:16:13.591+0000] {processor.py:153} INFO - Started process (PID=1207) to work on /home/airflow/.local/lib/python3.7/site-packages/airflow/example_dags/example_latest_only.py
[2024-02-09T18:16:13.592+0000] {processor.py:743} INFO - Processing file /home/airflow/.local/lib/python3.7/site-packages/airflow/example_dags/example_latest_only.py for tasks to queue
[2024-02-09T18:16:13.593+0000] {logging_mixin.py:137} INFO - [2024-02-09T18:16:13.592+0000] {dagbag.py:538} INFO - Filling up the DagBag from /home/airflow/.local/lib/python3.7/site-packages/airflow/example_dags/example_latest_only.py
[2024-02-09T18:16:13.600+0000] {processor.py:753} INFO - DAG(s) dict_keys(['latest_only']) retrieved from /home/airflow/.local/lib/python3.7/site-packages/airflow/example_dags/example_latest_only.py
[2024-02-09T18:16:13.613+0000] {logging_mixin.py:137} INFO - [2024-02-09T18:16:13.613+0000] {dag.py:2690} INFO - Sync 1 DAGs
[2024-02-09T18:16:13.627+0000] {logging_mixin.py:137} INFO - [2024-02-09T18:16:13.627+0000] {dag.py:3441} INFO - Setting next_dagrun for latest_only to 2024-02-09T14:16:13.627228+00:00, run_after=2024-02-09T18:16:13.627228+00:00
[2024-02-09T18:16:13.637+0000] {processor.py:175} INFO - Processing /home/airflow/.local/lib/python3.7/site-packages/airflow/example_dags/example_latest_only.py took 0.048 seconds
[2024-02-09T18:16:44.235+0000] {processor.py:153} INFO - Started process (PID=1342) to work on /home/airflow/.local/lib/python3.7/site-packages/airflow/example_dags/example_latest_only.py
[2024-02-09T18:16:44.235+0000] {processor.py:743} INFO - Processing file /home/airflow/.local/lib/python3.7/site-packages/airflow/example_dags/example_latest_only.py for tasks to queue
[2024-02-09T18:16:44.236+0000] {logging_mixin.py:137} INFO - [2024-02-09T18:16:44.236+0000] {dagbag.py:538} INFO - Filling up the DagBag from /home/airflow/.local/lib/python3.7/site-packages/airflow/example_dags/example_latest_only.py
[2024-02-09T18:16:44.243+0000] {processor.py:753} INFO - DAG(s) dict_keys(['latest_only']) retrieved from /home/airflow/.local/lib/python3.7/site-packages/airflow/example_dags/example_latest_only.py
[2024-02-09T18:16:44.258+0000] {logging_mixin.py:137} INFO - [2024-02-09T18:16:44.258+0000] {dag.py:2690} INFO - Sync 1 DAGs
[2024-02-09T18:16:44.274+0000] {logging_mixin.py:137} INFO - [2024-02-09T18:16:44.274+0000] {dag.py:3441} INFO - Setting next_dagrun for latest_only to 2024-02-09T14:16:44.274065+00:00, run_after=2024-02-09T18:16:44.274065+00:00
[2024-02-09T18:16:44.286+0000] {processor.py:175} INFO - Processing /home/airflow/.local/lib/python3.7/site-packages/airflow/example_dags/example_latest_only.py took 0.053 seconds
[2024-02-09T18:17:14.897+0000] {processor.py:153} INFO - Started process (PID=1477) to work on /home/airflow/.local/lib/python3.7/site-packages/airflow/example_dags/example_latest_only.py
[2024-02-09T18:17:14.897+0000] {processor.py:743} INFO - Processing file /home/airflow/.local/lib/python3.7/site-packages/airflow/example_dags/example_latest_only.py for tasks to queue
[2024-02-09T18:17:14.897+0000] {logging_mixin.py:137} INFO - [2024-02-09T18:17:14.897+0000] {dagbag.py:538} INFO - Filling up the DagBag from /home/airflow/.local/lib/python3.7/site-packages/airflow/example_dags/example_latest_only.py
[2024-02-09T18:17:14.905+0000] {processor.py:753} INFO - DAG(s) dict_keys(['latest_only']) retrieved from /home/airflow/.local/lib/python3.7/site-packages/airflow/example_dags/example_latest_only.py
[2024-02-09T18:17:14.920+0000] {logging_mixin.py:137} INFO - [2024-02-09T18:17:14.920+0000] {dag.py:2690} INFO - Sync 1 DAGs
[2024-02-09T18:17:14.936+0000] {logging_mixin.py:137} INFO - [2024-02-09T18:17:14.936+0000] {dag.py:3441} INFO - Setting next_dagrun for latest_only to 2024-02-09T14:17:14.936091+00:00, run_after=2024-02-09T18:17:14.936091+00:00
[2024-02-09T18:17:14.948+0000] {processor.py:175} INFO - Processing /home/airflow/.local/lib/python3.7/site-packages/airflow/example_dags/example_latest_only.py took 0.053 seconds
[2024-02-09T18:17:45.383+0000] {processor.py:153} INFO - Started process (PID=1580) to work on /home/airflow/.local/lib/python3.7/site-packages/airflow/example_dags/example_latest_only.py
[2024-02-09T18:17:45.384+0000] {processor.py:743} INFO - Processing file /home/airflow/.local/lib/python3.7/site-packages/airflow/example_dags/example_latest_only.py for tasks to queue
[2024-02-09T18:17:45.384+0000] {logging_mixin.py:137} INFO - [2024-02-09T18:17:45.384+0000] {dagbag.py:538} INFO - Filling up the DagBag from /home/airflow/.local/lib/python3.7/site-packages/airflow/example_dags/example_latest_only.py
[2024-02-09T18:17:45.391+0000] {processor.py:753} INFO - DAG(s) dict_keys(['latest_only']) retrieved from /home/airflow/.local/lib/python3.7/site-packages/airflow/example_dags/example_latest_only.py
[2024-02-09T18:17:45.404+0000] {logging_mixin.py:137} INFO - [2024-02-09T18:17:45.404+0000] {dag.py:2690} INFO - Sync 1 DAGs
[2024-02-09T18:17:45.419+0000] {logging_mixin.py:137} INFO - [2024-02-09T18:17:45.418+0000] {dag.py:3441} INFO - Setting next_dagrun for latest_only to 2024-02-09T14:17:45.418806+00:00, run_after=2024-02-09T18:17:45.418806+00:00
[2024-02-09T18:17:45.429+0000] {processor.py:175} INFO - Processing /home/airflow/.local/lib/python3.7/site-packages/airflow/example_dags/example_latest_only.py took 0.048 seconds
[2024-02-09T18:18:15.837+0000] {processor.py:153} INFO - Started process (PID=1716) to work on /home/airflow/.local/lib/python3.7/site-packages/airflow/example_dags/example_latest_only.py
[2024-02-09T18:18:15.838+0000] {processor.py:743} INFO - Processing file /home/airflow/.local/lib/python3.7/site-packages/airflow/example_dags/example_latest_only.py for tasks to queue
[2024-02-09T18:18:15.838+0000] {logging_mixin.py:137} INFO - [2024-02-09T18:18:15.838+0000] {dagbag.py:538} INFO - Filling up the DagBag from /home/airflow/.local/lib/python3.7/site-packages/airflow/example_dags/example_latest_only.py
[2024-02-09T18:18:15.845+0000] {processor.py:753} INFO - DAG(s) dict_keys(['latest_only']) retrieved from /home/airflow/.local/lib/python3.7/site-packages/airflow/example_dags/example_latest_only.py
[2024-02-09T18:18:15.858+0000] {logging_mixin.py:137} INFO - [2024-02-09T18:18:15.858+0000] {dag.py:2690} INFO - Sync 1 DAGs
[2024-02-09T18:18:15.873+0000] {logging_mixin.py:137} INFO - [2024-02-09T18:18:15.873+0000] {dag.py:3441} INFO - Setting next_dagrun for latest_only to 2024-02-09T14:18:15.873406+00:00, run_after=2024-02-09T18:18:15.873406+00:00
[2024-02-09T18:18:15.886+0000] {processor.py:175} INFO - Processing /home/airflow/.local/lib/python3.7/site-packages/airflow/example_dags/example_latest_only.py took 0.050 seconds
[2024-02-09T18:18:46.459+0000] {processor.py:153} INFO - Started process (PID=1851) to work on /home/airflow/.local/lib/python3.7/site-packages/airflow/example_dags/example_latest_only.py
[2024-02-09T18:18:46.460+0000] {processor.py:743} INFO - Processing file /home/airflow/.local/lib/python3.7/site-packages/airflow/example_dags/example_latest_only.py for tasks to queue
[2024-02-09T18:18:46.460+0000] {logging_mixin.py:137} INFO - [2024-02-09T18:18:46.460+0000] {dagbag.py:538} INFO - Filling up the DagBag from /home/airflow/.local/lib/python3.7/site-packages/airflow/example_dags/example_latest_only.py
[2024-02-09T18:18:46.469+0000] {processor.py:753} INFO - DAG(s) dict_keys(['latest_only']) retrieved from /home/airflow/.local/lib/python3.7/site-packages/airflow/example_dags/example_latest_only.py
[2024-02-09T18:18:46.486+0000] {logging_mixin.py:137} INFO - [2024-02-09T18:18:46.486+0000] {dag.py:2690} INFO - Sync 1 DAGs
[2024-02-09T18:18:46.504+0000] {logging_mixin.py:137} INFO - [2024-02-09T18:18:46.504+0000] {dag.py:3441} INFO - Setting next_dagrun for latest_only to 2024-02-09T14:18:46.504626+00:00, run_after=2024-02-09T18:18:46.504626+00:00
[2024-02-09T18:18:46.521+0000] {processor.py:175} INFO - Processing /home/airflow/.local/lib/python3.7/site-packages/airflow/example_dags/example_latest_only.py took 0.063 seconds
[2024-02-09T18:19:16.952+0000] {processor.py:153} INFO - Started process (PID=1954) to work on /home/airflow/.local/lib/python3.7/site-packages/airflow/example_dags/example_latest_only.py
[2024-02-09T18:19:16.952+0000] {processor.py:743} INFO - Processing file /home/airflow/.local/lib/python3.7/site-packages/airflow/example_dags/example_latest_only.py for tasks to queue
[2024-02-09T18:19:16.953+0000] {logging_mixin.py:137} INFO - [2024-02-09T18:19:16.953+0000] {dagbag.py:538} INFO - Filling up the DagBag from /home/airflow/.local/lib/python3.7/site-packages/airflow/example_dags/example_latest_only.py
[2024-02-09T18:19:16.960+0000] {processor.py:753} INFO - DAG(s) dict_keys(['latest_only']) retrieved from /home/airflow/.local/lib/python3.7/site-packages/airflow/example_dags/example_latest_only.py
[2024-02-09T18:19:16.973+0000] {logging_mixin.py:137} INFO - [2024-02-09T18:19:16.973+0000] {dag.py:2690} INFO - Sync 1 DAGs
[2024-02-09T18:19:16.987+0000] {logging_mixin.py:137} INFO - [2024-02-09T18:19:16.987+0000] {dag.py:3441} INFO - Setting next_dagrun for latest_only to 2024-02-09T14:19:16.987436+00:00, run_after=2024-02-09T18:19:16.987436+00:00
[2024-02-09T18:19:17.001+0000] {processor.py:175} INFO - Processing /home/airflow/.local/lib/python3.7/site-packages/airflow/example_dags/example_latest_only.py took 0.051 seconds
[2024-02-09T18:19:47.429+0000] {processor.py:153} INFO - Started process (PID=2089) to work on /home/airflow/.local/lib/python3.7/site-packages/airflow/example_dags/example_latest_only.py
[2024-02-09T18:19:47.430+0000] {processor.py:743} INFO - Processing file /home/airflow/.local/lib/python3.7/site-packages/airflow/example_dags/example_latest_only.py for tasks to queue
[2024-02-09T18:19:47.430+0000] {logging_mixin.py:137} INFO - [2024-02-09T18:19:47.430+0000] {dagbag.py:538} INFO - Filling up the DagBag from /home/airflow/.local/lib/python3.7/site-packages/airflow/example_dags/example_latest_only.py
[2024-02-09T18:19:47.437+0000] {processor.py:753} INFO - DAG(s) dict_keys(['latest_only']) retrieved from /home/airflow/.local/lib/python3.7/site-packages/airflow/example_dags/example_latest_only.py
[2024-02-09T18:19:47.450+0000] {logging_mixin.py:137} INFO - [2024-02-09T18:19:47.450+0000] {dag.py:2690} INFO - Sync 1 DAGs
[2024-02-09T18:19:47.464+0000] {logging_mixin.py:137} INFO - [2024-02-09T18:19:47.464+0000] {dag.py:3441} INFO - Setting next_dagrun for latest_only to 2024-02-09T14:19:47.464631+00:00, run_after=2024-02-09T18:19:47.464631+00:00
[2024-02-09T18:19:47.475+0000] {processor.py:175} INFO - Processing /home/airflow/.local/lib/python3.7/site-packages/airflow/example_dags/example_latest_only.py took 0.048 seconds
[2024-02-09T18:20:18.177+0000] {processor.py:153} INFO - Started process (PID=2224) to work on /home/airflow/.local/lib/python3.7/site-packages/airflow/example_dags/example_latest_only.py
[2024-02-09T18:20:18.178+0000] {processor.py:743} INFO - Processing file /home/airflow/.local/lib/python3.7/site-packages/airflow/example_dags/example_latest_only.py for tasks to queue
[2024-02-09T18:20:18.178+0000] {logging_mixin.py:137} INFO - [2024-02-09T18:20:18.178+0000] {dagbag.py:538} INFO - Filling up the DagBag from /home/airflow/.local/lib/python3.7/site-packages/airflow/example_dags/example_latest_only.py
[2024-02-09T18:20:18.186+0000] {processor.py:753} INFO - DAG(s) dict_keys(['latest_only']) retrieved from /home/airflow/.local/lib/python3.7/site-packages/airflow/example_dags/example_latest_only.py
[2024-02-09T18:20:18.201+0000] {logging_mixin.py:137} INFO - [2024-02-09T18:20:18.201+0000] {dag.py:2690} INFO - Sync 1 DAGs
[2024-02-09T18:20:18.217+0000] {logging_mixin.py:137} INFO - [2024-02-09T18:20:18.217+0000] {dag.py:3441} INFO - Setting next_dagrun for latest_only to 2024-02-09T14:20:18.217062+00:00, run_after=2024-02-09T18:20:18.217062+00:00
[2024-02-09T18:20:18.231+0000] {processor.py:175} INFO - Processing /home/airflow/.local/lib/python3.7/site-packages/airflow/example_dags/example_latest_only.py took 0.056 seconds
[2024-02-09T18:20:48.721+0000] {processor.py:153} INFO - Started process (PID=2327) to work on /home/airflow/.local/lib/python3.7/site-packages/airflow/example_dags/example_latest_only.py
[2024-02-09T18:20:48.722+0000] {processor.py:743} INFO - Processing file /home/airflow/.local/lib/python3.7/site-packages/airflow/example_dags/example_latest_only.py for tasks to queue
[2024-02-09T18:20:48.722+0000] {logging_mixin.py:137} INFO - [2024-02-09T18:20:48.722+0000] {dagbag.py:538} INFO - Filling up the DagBag from /home/airflow/.local/lib/python3.7/site-packages/airflow/example_dags/example_latest_only.py
[2024-02-09T18:20:48.729+0000] {processor.py:753} INFO - DAG(s) dict_keys(['latest_only']) retrieved from /home/airflow/.local/lib/python3.7/site-packages/airflow/example_dags/example_latest_only.py
[2024-02-09T18:20:48.743+0000] {logging_mixin.py:137} INFO - [2024-02-09T18:20:48.743+0000] {dag.py:2690} INFO - Sync 1 DAGs
[2024-02-09T18:20:48.758+0000] {logging_mixin.py:137} INFO - [2024-02-09T18:20:48.758+0000] {dag.py:3441} INFO - Setting next_dagrun for latest_only to 2024-02-09T14:20:48.758057+00:00, run_after=2024-02-09T18:20:48.758057+00:00
[2024-02-09T18:20:48.770+0000] {processor.py:175} INFO - Processing /home/airflow/.local/lib/python3.7/site-packages/airflow/example_dags/example_latest_only.py took 0.051 seconds
[2024-02-09T18:21:19.255+0000] {processor.py:153} INFO - Started process (PID=2462) to work on /home/airflow/.local/lib/python3.7/site-packages/airflow/example_dags/example_latest_only.py
[2024-02-09T18:21:19.255+0000] {processor.py:743} INFO - Processing file /home/airflow/.local/lib/python3.7/site-packages/airflow/example_dags/example_latest_only.py for tasks to queue
[2024-02-09T18:21:19.255+0000] {logging_mixin.py:137} INFO - [2024-02-09T18:21:19.255+0000] {dagbag.py:538} INFO - Filling up the DagBag from /home/airflow/.local/lib/python3.7/site-packages/airflow/example_dags/example_latest_only.py
[2024-02-09T18:21:19.263+0000] {processor.py:753} INFO - DAG(s) dict_keys(['latest_only']) retrieved from /home/airflow/.local/lib/python3.7/site-packages/airflow/example_dags/example_latest_only.py
[2024-02-09T18:21:19.276+0000] {logging_mixin.py:137} INFO - [2024-02-09T18:21:19.276+0000] {dag.py:2690} INFO - Sync 1 DAGs
[2024-02-09T18:21:19.290+0000] {logging_mixin.py:137} INFO - [2024-02-09T18:21:19.290+0000] {dag.py:3441} INFO - Setting next_dagrun for latest_only to 2024-02-09T14:21:19.290076+00:00, run_after=2024-02-09T18:21:19.290076+00:00
[2024-02-09T18:21:19.302+0000] {processor.py:175} INFO - Processing /home/airflow/.local/lib/python3.7/site-packages/airflow/example_dags/example_latest_only.py took 0.049 seconds
[2024-02-09T18:21:50.129+0000] {processor.py:153} INFO - Started process (PID=2597) to work on /home/airflow/.local/lib/python3.7/site-packages/airflow/example_dags/example_latest_only.py
[2024-02-09T18:21:50.130+0000] {processor.py:743} INFO - Processing file /home/airflow/.local/lib/python3.7/site-packages/airflow/example_dags/example_latest_only.py for tasks to queue
[2024-02-09T18:21:50.130+0000] {logging_mixin.py:137} INFO - [2024-02-09T18:21:50.130+0000] {dagbag.py:538} INFO - Filling up the DagBag from /home/airflow/.local/lib/python3.7/site-packages/airflow/example_dags/example_latest_only.py
[2024-02-09T18:21:50.138+0000] {processor.py:753} INFO - DAG(s) dict_keys(['latest_only']) retrieved from /home/airflow/.local/lib/python3.7/site-packages/airflow/example_dags/example_latest_only.py
[2024-02-09T18:21:50.153+0000] {logging_mixin.py:137} INFO - [2024-02-09T18:21:50.152+0000] {dag.py:2690} INFO - Sync 1 DAGs
[2024-02-09T18:21:50.168+0000] {logging_mixin.py:137} INFO - [2024-02-09T18:21:50.168+0000] {dag.py:3441} INFO - Setting next_dagrun for latest_only to 2024-02-09T14:21:50.168341+00:00, run_after=2024-02-09T18:21:50.168341+00:00
[2024-02-09T18:21:50.180+0000] {processor.py:175} INFO - Processing /home/airflow/.local/lib/python3.7/site-packages/airflow/example_dags/example_latest_only.py took 0.054 seconds
[2024-02-09T18:22:20.619+0000] {processor.py:153} INFO - Started process (PID=2700) to work on /home/airflow/.local/lib/python3.7/site-packages/airflow/example_dags/example_latest_only.py
[2024-02-09T18:22:20.619+0000] {processor.py:743} INFO - Processing file /home/airflow/.local/lib/python3.7/site-packages/airflow/example_dags/example_latest_only.py for tasks to queue
[2024-02-09T18:22:20.620+0000] {logging_mixin.py:137} INFO - [2024-02-09T18:22:20.620+0000] {dagbag.py:538} INFO - Filling up the DagBag from /home/airflow/.local/lib/python3.7/site-packages/airflow/example_dags/example_latest_only.py
[2024-02-09T18:22:20.627+0000] {processor.py:753} INFO - DAG(s) dict_keys(['latest_only']) retrieved from /home/airflow/.local/lib/python3.7/site-packages/airflow/example_dags/example_latest_only.py
[2024-02-09T18:22:20.641+0000] {logging_mixin.py:137} INFO - [2024-02-09T18:22:20.641+0000] {dag.py:2690} INFO - Sync 1 DAGs
[2024-02-09T18:22:20.655+0000] {logging_mixin.py:137} INFO - [2024-02-09T18:22:20.655+0000] {dag.py:3441} INFO - Setting next_dagrun for latest_only to 2024-02-09T14:22:20.655266+00:00, run_after=2024-02-09T18:22:20.655266+00:00
[2024-02-09T18:22:20.668+0000] {processor.py:175} INFO - Processing /home/airflow/.local/lib/python3.7/site-packages/airflow/example_dags/example_latest_only.py took 0.051 seconds
[2024-02-09T18:22:51.140+0000] {processor.py:153} INFO - Started process (PID=2836) to work on /home/airflow/.local/lib/python3.7/site-packages/airflow/example_dags/example_latest_only.py
[2024-02-09T18:22:51.141+0000] {processor.py:743} INFO - Processing file /home/airflow/.local/lib/python3.7/site-packages/airflow/example_dags/example_latest_only.py for tasks to queue
[2024-02-09T18:22:51.141+0000] {logging_mixin.py:137} INFO - [2024-02-09T18:22:51.141+0000] {dagbag.py:538} INFO - Filling up the DagBag from /home/airflow/.local/lib/python3.7/site-packages/airflow/example_dags/example_latest_only.py
[2024-02-09T18:22:51.149+0000] {processor.py:753} INFO - DAG(s) dict_keys(['latest_only']) retrieved from /home/airflow/.local/lib/python3.7/site-packages/airflow/example_dags/example_latest_only.py
[2024-02-09T18:22:51.163+0000] {logging_mixin.py:137} INFO - [2024-02-09T18:22:51.163+0000] {dag.py:2690} INFO - Sync 1 DAGs
[2024-02-09T18:22:51.178+0000] {logging_mixin.py:137} INFO - [2024-02-09T18:22:51.178+0000] {dag.py:3441} INFO - Setting next_dagrun for latest_only to 2024-02-09T14:22:51.178732+00:00, run_after=2024-02-09T18:22:51.178732+00:00
[2024-02-09T18:22:51.190+0000] {processor.py:175} INFO - Processing /home/airflow/.local/lib/python3.7/site-packages/airflow/example_dags/example_latest_only.py took 0.052 seconds
[2024-02-09T18:23:21.884+0000] {processor.py:153} INFO - Started process (PID=2971) to work on /home/airflow/.local/lib/python3.7/site-packages/airflow/example_dags/example_latest_only.py
[2024-02-09T18:23:21.885+0000] {processor.py:743} INFO - Processing file /home/airflow/.local/lib/python3.7/site-packages/airflow/example_dags/example_latest_only.py for tasks to queue
[2024-02-09T18:23:21.885+0000] {logging_mixin.py:137} INFO - [2024-02-09T18:23:21.885+0000] {dagbag.py:538} INFO - Filling up the DagBag from /home/airflow/.local/lib/python3.7/site-packages/airflow/example_dags/example_latest_only.py
[2024-02-09T18:23:21.893+0000] {processor.py:753} INFO - DAG(s) dict_keys(['latest_only']) retrieved from /home/airflow/.local/lib/python3.7/site-packages/airflow/example_dags/example_latest_only.py
[2024-02-09T18:23:21.909+0000] {logging_mixin.py:137} INFO - [2024-02-09T18:23:21.909+0000] {dag.py:2690} INFO - Sync 1 DAGs
[2024-02-09T18:23:21.925+0000] {logging_mixin.py:137} INFO - [2024-02-09T18:23:21.925+0000] {dag.py:3441} INFO - Setting next_dagrun for latest_only to 2024-02-09T14:23:21.925469+00:00, run_after=2024-02-09T18:23:21.925469+00:00
[2024-02-09T18:23:21.938+0000] {processor.py:175} INFO - Processing /home/airflow/.local/lib/python3.7/site-packages/airflow/example_dags/example_latest_only.py took 0.056 seconds
[2024-02-09T18:23:52.472+0000] {processor.py:153} INFO - Started process (PID=3074) to work on /home/airflow/.local/lib/python3.7/site-packages/airflow/example_dags/example_latest_only.py
[2024-02-09T18:23:52.472+0000] {processor.py:743} INFO - Processing file /home/airflow/.local/lib/python3.7/site-packages/airflow/example_dags/example_latest_only.py for tasks to queue
[2024-02-09T18:23:52.472+0000] {logging_mixin.py:137} INFO - [2024-02-09T18:23:52.472+0000] {dagbag.py:538} INFO - Filling up the DagBag from /home/airflow/.local/lib/python3.7/site-packages/airflow/example_dags/example_latest_only.py
[2024-02-09T18:23:52.480+0000] {processor.py:753} INFO - DAG(s) dict_keys(['latest_only']) retrieved from /home/airflow/.local/lib/python3.7/site-packages/airflow/example_dags/example_latest_only.py
[2024-02-09T18:23:52.494+0000] {logging_mixin.py:137} INFO - [2024-02-09T18:23:52.494+0000] {dag.py:2690} INFO - Sync 1 DAGs
[2024-02-09T18:23:52.508+0000] {logging_mixin.py:137} INFO - [2024-02-09T18:23:52.508+0000] {dag.py:3441} INFO - Setting next_dagrun for latest_only to 2024-02-09T14:23:52.508120+00:00, run_after=2024-02-09T18:23:52.508120+00:00
[2024-02-09T18:23:52.518+0000] {processor.py:175} INFO - Processing /home/airflow/.local/lib/python3.7/site-packages/airflow/example_dags/example_latest_only.py took 0.049 seconds
[2024-02-09T18:24:23.044+0000] {processor.py:153} INFO - Started process (PID=3209) to work on /home/airflow/.local/lib/python3.7/site-packages/airflow/example_dags/example_latest_only.py
[2024-02-09T18:24:23.045+0000] {processor.py:743} INFO - Processing file /home/airflow/.local/lib/python3.7/site-packages/airflow/example_dags/example_latest_only.py for tasks to queue
[2024-02-09T18:24:23.045+0000] {logging_mixin.py:137} INFO - [2024-02-09T18:24:23.045+0000] {dagbag.py:538} INFO - Filling up the DagBag from /home/airflow/.local/lib/python3.7/site-packages/airflow/example_dags/example_latest_only.py
[2024-02-09T18:24:23.053+0000] {processor.py:753} INFO - DAG(s) dict_keys(['latest_only']) retrieved from /home/airflow/.local/lib/python3.7/site-packages/airflow/example_dags/example_latest_only.py
[2024-02-09T18:24:23.066+0000] {logging_mixin.py:137} INFO - [2024-02-09T18:24:23.065+0000] {dag.py:2690} INFO - Sync 1 DAGs
[2024-02-09T18:24:23.080+0000] {logging_mixin.py:137} INFO - [2024-02-09T18:24:23.080+0000] {dag.py:3441} INFO - Setting next_dagrun for latest_only to 2024-02-09T14:24:23.079905+00:00, run_after=2024-02-09T18:24:23.079905+00:00
[2024-02-09T18:24:23.090+0000] {processor.py:175} INFO - Processing /home/airflow/.local/lib/python3.7/site-packages/airflow/example_dags/example_latest_only.py took 0.048 seconds
[2024-02-09T18:24:53.701+0000] {processor.py:153} INFO - Started process (PID=3344) to work on /home/airflow/.local/lib/python3.7/site-packages/airflow/example_dags/example_latest_only.py
[2024-02-09T18:24:53.702+0000] {processor.py:743} INFO - Processing file /home/airflow/.local/lib/python3.7/site-packages/airflow/example_dags/example_latest_only.py for tasks to queue
[2024-02-09T18:24:53.702+0000] {logging_mixin.py:137} INFO - [2024-02-09T18:24:53.702+0000] {dagbag.py:538} INFO - Filling up the DagBag from /home/airflow/.local/lib/python3.7/site-packages/airflow/example_dags/example_latest_only.py
[2024-02-09T18:24:53.710+0000] {processor.py:753} INFO - DAG(s) dict_keys(['latest_only']) retrieved from /home/airflow/.local/lib/python3.7/site-packages/airflow/example_dags/example_latest_only.py
[2024-02-09T18:24:53.726+0000] {logging_mixin.py:137} INFO - [2024-02-09T18:24:53.726+0000] {dag.py:2690} INFO - Sync 1 DAGs
[2024-02-09T18:24:53.742+0000] {logging_mixin.py:137} INFO - [2024-02-09T18:24:53.741+0000] {dag.py:3441} INFO - Setting next_dagrun for latest_only to 2024-02-09T14:24:53.741734+00:00, run_after=2024-02-09T18:24:53.741734+00:00
[2024-02-09T18:24:53.755+0000] {processor.py:175} INFO - Processing /home/airflow/.local/lib/python3.7/site-packages/airflow/example_dags/example_latest_only.py took 0.056 seconds
[2024-02-09T18:25:24.198+0000] {processor.py:153} INFO - Started process (PID=3447) to work on /home/airflow/.local/lib/python3.7/site-packages/airflow/example_dags/example_latest_only.py
[2024-02-09T18:25:24.199+0000] {processor.py:743} INFO - Processing file /home/airflow/.local/lib/python3.7/site-packages/airflow/example_dags/example_latest_only.py for tasks to queue
[2024-02-09T18:25:24.199+0000] {logging_mixin.py:137} INFO - [2024-02-09T18:25:24.199+0000] {dagbag.py:538} INFO - Filling up the DagBag from /home/airflow/.local/lib/python3.7/site-packages/airflow/example_dags/example_latest_only.py
[2024-02-09T18:25:24.206+0000] {processor.py:753} INFO - DAG(s) dict_keys(['latest_only']) retrieved from /home/airflow/.local/lib/python3.7/site-packages/airflow/example_dags/example_latest_only.py
[2024-02-09T18:25:24.220+0000] {logging_mixin.py:137} INFO - [2024-02-09T18:25:24.220+0000] {dag.py:2690} INFO - Sync 1 DAGs
[2024-02-09T18:25:24.234+0000] {logging_mixin.py:137} INFO - [2024-02-09T18:25:24.234+0000] {dag.py:3441} INFO - Setting next_dagrun for latest_only to 2024-02-09T14:25:24.234298+00:00, run_after=2024-02-09T18:25:24.234298+00:00
[2024-02-09T18:25:24.245+0000] {processor.py:175} INFO - Processing /home/airflow/.local/lib/python3.7/site-packages/airflow/example_dags/example_latest_only.py took 0.049 seconds
[2024-02-09T18:25:54.769+0000] {processor.py:153} INFO - Started process (PID=3582) to work on /home/airflow/.local/lib/python3.7/site-packages/airflow/example_dags/example_latest_only.py
[2024-02-09T18:25:54.769+0000] {processor.py:743} INFO - Processing file /home/airflow/.local/lib/python3.7/site-packages/airflow/example_dags/example_latest_only.py for tasks to queue
[2024-02-09T18:25:54.770+0000] {logging_mixin.py:137} INFO - [2024-02-09T18:25:54.770+0000] {dagbag.py:538} INFO - Filling up the DagBag from /home/airflow/.local/lib/python3.7/site-packages/airflow/example_dags/example_latest_only.py
[2024-02-09T18:25:54.778+0000] {processor.py:753} INFO - DAG(s) dict_keys(['latest_only']) retrieved from /home/airflow/.local/lib/python3.7/site-packages/airflow/example_dags/example_latest_only.py
[2024-02-09T18:25:54.792+0000] {logging_mixin.py:137} INFO - [2024-02-09T18:25:54.792+0000] {dag.py:2690} INFO - Sync 1 DAGs
[2024-02-09T18:25:54.808+0000] {logging_mixin.py:137} INFO - [2024-02-09T18:25:54.808+0000] {dag.py:3441} INFO - Setting next_dagrun for latest_only to 2024-02-09T14:25:54.808601+00:00, run_after=2024-02-09T18:25:54.808601+00:00
[2024-02-09T18:25:54.819+0000] {processor.py:175} INFO - Processing /home/airflow/.local/lib/python3.7/site-packages/airflow/example_dags/example_latest_only.py took 0.052 seconds
[2024-02-09T18:26:25.442+0000] {processor.py:153} INFO - Started process (PID=3717) to work on /home/airflow/.local/lib/python3.7/site-packages/airflow/example_dags/example_latest_only.py
[2024-02-09T18:26:25.443+0000] {processor.py:743} INFO - Processing file /home/airflow/.local/lib/python3.7/site-packages/airflow/example_dags/example_latest_only.py for tasks to queue
[2024-02-09T18:26:25.444+0000] {logging_mixin.py:137} INFO - [2024-02-09T18:26:25.444+0000] {dagbag.py:538} INFO - Filling up the DagBag from /home/airflow/.local/lib/python3.7/site-packages/airflow/example_dags/example_latest_only.py
[2024-02-09T18:26:25.451+0000] {processor.py:753} INFO - DAG(s) dict_keys(['latest_only']) retrieved from /home/airflow/.local/lib/python3.7/site-packages/airflow/example_dags/example_latest_only.py
[2024-02-09T18:26:25.467+0000] {logging_mixin.py:137} INFO - [2024-02-09T18:26:25.467+0000] {dag.py:2690} INFO - Sync 1 DAGs
[2024-02-09T18:26:25.483+0000] {logging_mixin.py:137} INFO - [2024-02-09T18:26:25.483+0000] {dag.py:3441} INFO - Setting next_dagrun for latest_only to 2024-02-09T14:26:25.483067+00:00, run_after=2024-02-09T18:26:25.483067+00:00
[2024-02-09T18:26:25.497+0000] {processor.py:175} INFO - Processing /home/airflow/.local/lib/python3.7/site-packages/airflow/example_dags/example_latest_only.py took 0.056 seconds
[2024-02-09T18:26:55.989+0000] {processor.py:153} INFO - Started process (PID=3820) to work on /home/airflow/.local/lib/python3.7/site-packages/airflow/example_dags/example_latest_only.py
[2024-02-09T18:26:55.990+0000] {processor.py:743} INFO - Processing file /home/airflow/.local/lib/python3.7/site-packages/airflow/example_dags/example_latest_only.py for tasks to queue
[2024-02-09T18:26:55.990+0000] {logging_mixin.py:137} INFO - [2024-02-09T18:26:55.990+0000] {dagbag.py:538} INFO - Filling up the DagBag from /home/airflow/.local/lib/python3.7/site-packages/airflow/example_dags/example_latest_only.py
[2024-02-09T18:26:55.998+0000] {processor.py:753} INFO - DAG(s) dict_keys(['latest_only']) retrieved from /home/airflow/.local/lib/python3.7/site-packages/airflow/example_dags/example_latest_only.py
[2024-02-09T18:26:56.012+0000] {logging_mixin.py:137} INFO - [2024-02-09T18:26:56.012+0000] {dag.py:2690} INFO - Sync 1 DAGs
[2024-02-09T18:26:56.027+0000] {logging_mixin.py:137} INFO - [2024-02-09T18:26:56.027+0000] {dag.py:3441} INFO - Setting next_dagrun for latest_only to 2024-02-09T14:26:56.027202+00:00, run_after=2024-02-09T18:26:56.027202+00:00
[2024-02-09T18:26:56.038+0000] {processor.py:175} INFO - Processing /home/airflow/.local/lib/python3.7/site-packages/airflow/example_dags/example_latest_only.py took 0.051 seconds
[2024-02-09T18:27:26.469+0000] {processor.py:153} INFO - Started process (PID=3955) to work on /home/airflow/.local/lib/python3.7/site-packages/airflow/example_dags/example_latest_only.py
[2024-02-09T18:27:26.469+0000] {processor.py:743} INFO - Processing file /home/airflow/.local/lib/python3.7/site-packages/airflow/example_dags/example_latest_only.py for tasks to queue
[2024-02-09T18:27:26.469+0000] {logging_mixin.py:137} INFO - [2024-02-09T18:27:26.469+0000] {dagbag.py:538} INFO - Filling up the DagBag from /home/airflow/.local/lib/python3.7/site-packages/airflow/example_dags/example_latest_only.py
[2024-02-09T18:27:26.477+0000] {processor.py:753} INFO - DAG(s) dict_keys(['latest_only']) retrieved from /home/airflow/.local/lib/python3.7/site-packages/airflow/example_dags/example_latest_only.py
[2024-02-09T18:27:26.490+0000] {logging_mixin.py:137} INFO - [2024-02-09T18:27:26.490+0000] {dag.py:2690} INFO - Sync 1 DAGs
[2024-02-09T18:27:26.504+0000] {logging_mixin.py:137} INFO - [2024-02-09T18:27:26.504+0000] {dag.py:3441} INFO - Setting next_dagrun for latest_only to 2024-02-09T14:27:26.504389+00:00, run_after=2024-02-09T18:27:26.504389+00:00
[2024-02-09T18:27:26.515+0000] {processor.py:175} INFO - Processing /home/airflow/.local/lib/python3.7/site-packages/airflow/example_dags/example_latest_only.py took 0.048 seconds
[2024-02-09T18:27:57.229+0000] {processor.py:153} INFO - Started process (PID=4090) to work on /home/airflow/.local/lib/python3.7/site-packages/airflow/example_dags/example_latest_only.py
[2024-02-09T18:27:57.229+0000] {processor.py:743} INFO - Processing file /home/airflow/.local/lib/python3.7/site-packages/airflow/example_dags/example_latest_only.py for tasks to queue
[2024-02-09T18:27:57.230+0000] {logging_mixin.py:137} INFO - [2024-02-09T18:27:57.230+0000] {dagbag.py:538} INFO - Filling up the DagBag from /home/airflow/.local/lib/python3.7/site-packages/airflow/example_dags/example_latest_only.py
[2024-02-09T18:27:57.237+0000] {processor.py:753} INFO - DAG(s) dict_keys(['latest_only']) retrieved from /home/airflow/.local/lib/python3.7/site-packages/airflow/example_dags/example_latest_only.py
[2024-02-09T18:27:57.253+0000] {logging_mixin.py:137} INFO - [2024-02-09T18:27:57.253+0000] {dag.py:2690} INFO - Sync 1 DAGs
[2024-02-09T18:27:57.269+0000] {logging_mixin.py:137} INFO - [2024-02-09T18:27:57.269+0000] {dag.py:3441} INFO - Setting next_dagrun for latest_only to 2024-02-09T14:27:57.269620+00:00, run_after=2024-02-09T18:27:57.269620+00:00
[2024-02-09T18:27:57.283+0000] {processor.py:175} INFO - Processing /home/airflow/.local/lib/python3.7/site-packages/airflow/example_dags/example_latest_only.py took 0.056 seconds
[2024-02-09T18:28:27.674+0000] {processor.py:153} INFO - Started process (PID=4193) to work on /home/airflow/.local/lib/python3.7/site-packages/airflow/example_dags/example_latest_only.py
[2024-02-09T18:28:27.675+0000] {processor.py:743} INFO - Processing file /home/airflow/.local/lib/python3.7/site-packages/airflow/example_dags/example_latest_only.py for tasks to queue
[2024-02-09T18:28:27.675+0000] {logging_mixin.py:137} INFO - [2024-02-09T18:28:27.675+0000] {dagbag.py:538} INFO - Filling up the DagBag from /home/airflow/.local/lib/python3.7/site-packages/airflow/example_dags/example_latest_only.py
[2024-02-09T18:28:27.683+0000] {processor.py:753} INFO - DAG(s) dict_keys(['latest_only']) retrieved from /home/airflow/.local/lib/python3.7/site-packages/airflow/example_dags/example_latest_only.py
[2024-02-09T18:28:27.698+0000] {logging_mixin.py:137} INFO - [2024-02-09T18:28:27.698+0000] {dag.py:2690} INFO - Sync 1 DAGs
[2024-02-09T18:28:27.713+0000] {logging_mixin.py:137} INFO - [2024-02-09T18:28:27.713+0000] {dag.py:3441} INFO - Setting next_dagrun for latest_only to 2024-02-09T14:28:27.713111+00:00, run_after=2024-02-09T18:28:27.713111+00:00
[2024-02-09T18:28:27.726+0000] {processor.py:175} INFO - Processing /home/airflow/.local/lib/python3.7/site-packages/airflow/example_dags/example_latest_only.py took 0.053 seconds
[2024-02-09T18:28:58.211+0000] {processor.py:153} INFO - Started process (PID=4328) to work on /home/airflow/.local/lib/python3.7/site-packages/airflow/example_dags/example_latest_only.py
[2024-02-09T18:28:58.212+0000] {processor.py:743} INFO - Processing file /home/airflow/.local/lib/python3.7/site-packages/airflow/example_dags/example_latest_only.py for tasks to queue
[2024-02-09T18:28:58.212+0000] {logging_mixin.py:137} INFO - [2024-02-09T18:28:58.212+0000] {dagbag.py:538} INFO - Filling up the DagBag from /home/airflow/.local/lib/python3.7/site-packages/airflow/example_dags/example_latest_only.py
[2024-02-09T18:28:58.220+0000] {processor.py:753} INFO - DAG(s) dict_keys(['latest_only']) retrieved from /home/airflow/.local/lib/python3.7/site-packages/airflow/example_dags/example_latest_only.py
[2024-02-09T18:28:58.233+0000] {logging_mixin.py:137} INFO - [2024-02-09T18:28:58.233+0000] {dag.py:2690} INFO - Sync 1 DAGs
[2024-02-09T18:28:58.248+0000] {logging_mixin.py:137} INFO - [2024-02-09T18:28:58.248+0000] {dag.py:3441} INFO - Setting next_dagrun for latest_only to 2024-02-09T14:28:58.247945+00:00, run_after=2024-02-09T18:28:58.247945+00:00
[2024-02-09T18:28:58.259+0000] {processor.py:175} INFO - Processing /home/airflow/.local/lib/python3.7/site-packages/airflow/example_dags/example_latest_only.py took 0.050 seconds
[2024-02-09T18:29:29.049+0000] {processor.py:153} INFO - Started process (PID=4463) to work on /home/airflow/.local/lib/python3.7/site-packages/airflow/example_dags/example_latest_only.py
[2024-02-09T18:29:29.050+0000] {processor.py:743} INFO - Processing file /home/airflow/.local/lib/python3.7/site-packages/airflow/example_dags/example_latest_only.py for tasks to queue
[2024-02-09T18:29:29.050+0000] {logging_mixin.py:137} INFO - [2024-02-09T18:29:29.050+0000] {dagbag.py:538} INFO - Filling up the DagBag from /home/airflow/.local/lib/python3.7/site-packages/airflow/example_dags/example_latest_only.py
[2024-02-09T18:29:29.058+0000] {processor.py:753} INFO - DAG(s) dict_keys(['latest_only']) retrieved from /home/airflow/.local/lib/python3.7/site-packages/airflow/example_dags/example_latest_only.py
[2024-02-09T18:29:29.075+0000] {logging_mixin.py:137} INFO - [2024-02-09T18:29:29.075+0000] {dag.py:2690} INFO - Sync 1 DAGs
[2024-02-09T18:29:29.093+0000] {logging_mixin.py:137} INFO - [2024-02-09T18:29:29.092+0000] {dag.py:3441} INFO - Setting next_dagrun for latest_only to 2024-02-09T14:29:29.092803+00:00, run_after=2024-02-09T18:29:29.092803+00:00
[2024-02-09T18:29:29.106+0000] {processor.py:175} INFO - Processing /home/airflow/.local/lib/python3.7/site-packages/airflow/example_dags/example_latest_only.py took 0.059 seconds
[2024-02-09T18:29:59.510+0000] {processor.py:153} INFO - Started process (PID=4573) to work on /home/airflow/.local/lib/python3.7/site-packages/airflow/example_dags/example_latest_only.py
[2024-02-09T18:29:59.510+0000] {processor.py:743} INFO - Processing file /home/airflow/.local/lib/python3.7/site-packages/airflow/example_dags/example_latest_only.py for tasks to queue
[2024-02-09T18:29:59.510+0000] {logging_mixin.py:137} INFO - [2024-02-09T18:29:59.510+0000] {dagbag.py:538} INFO - Filling up the DagBag from /home/airflow/.local/lib/python3.7/site-packages/airflow/example_dags/example_latest_only.py
[2024-02-09T18:29:59.518+0000] {processor.py:753} INFO - DAG(s) dict_keys(['latest_only']) retrieved from /home/airflow/.local/lib/python3.7/site-packages/airflow/example_dags/example_latest_only.py
[2024-02-09T18:29:59.531+0000] {logging_mixin.py:137} INFO - [2024-02-09T18:29:59.531+0000] {dag.py:2690} INFO - Sync 1 DAGs
[2024-02-09T18:29:59.545+0000] {logging_mixin.py:137} INFO - [2024-02-09T18:29:59.545+0000] {dag.py:3441} INFO - Setting next_dagrun for latest_only to 2024-02-09T14:29:59.544933+00:00, run_after=2024-02-09T18:29:59.544933+00:00
[2024-02-09T18:29:59.555+0000] {processor.py:175} INFO - Processing /home/airflow/.local/lib/python3.7/site-packages/airflow/example_dags/example_latest_only.py took 0.047 seconds
[2024-02-09T18:30:30.016+0000] {processor.py:153} INFO - Started process (PID=4707) to work on /home/airflow/.local/lib/python3.7/site-packages/airflow/example_dags/example_latest_only.py
[2024-02-09T18:30:30.017+0000] {processor.py:743} INFO - Processing file /home/airflow/.local/lib/python3.7/site-packages/airflow/example_dags/example_latest_only.py for tasks to queue
[2024-02-09T18:30:30.017+0000] {logging_mixin.py:137} INFO - [2024-02-09T18:30:30.017+0000] {dagbag.py:538} INFO - Filling up the DagBag from /home/airflow/.local/lib/python3.7/site-packages/airflow/example_dags/example_latest_only.py
[2024-02-09T18:30:30.025+0000] {processor.py:753} INFO - DAG(s) dict_keys(['latest_only']) retrieved from /home/airflow/.local/lib/python3.7/site-packages/airflow/example_dags/example_latest_only.py
[2024-02-09T18:30:30.039+0000] {logging_mixin.py:137} INFO - [2024-02-09T18:30:30.039+0000] {dag.py:2690} INFO - Sync 1 DAGs
[2024-02-09T18:30:30.054+0000] {logging_mixin.py:137} INFO - [2024-02-09T18:30:30.054+0000] {dag.py:3441} INFO - Setting next_dagrun for latest_only to 2024-02-09T14:30:30.054035+00:00, run_after=2024-02-09T18:30:30.054035+00:00
[2024-02-09T18:30:30.066+0000] {processor.py:175} INFO - Processing /home/airflow/.local/lib/python3.7/site-packages/airflow/example_dags/example_latest_only.py took 0.052 seconds
[2024-02-09T18:31:00.713+0000] {processor.py:153} INFO - Started process (PID=4843) to work on /home/airflow/.local/lib/python3.7/site-packages/airflow/example_dags/example_latest_only.py
[2024-02-09T18:31:00.713+0000] {processor.py:743} INFO - Processing file /home/airflow/.local/lib/python3.7/site-packages/airflow/example_dags/example_latest_only.py for tasks to queue
[2024-02-09T18:31:00.714+0000] {logging_mixin.py:137} INFO - [2024-02-09T18:31:00.714+0000] {dagbag.py:538} INFO - Filling up the DagBag from /home/airflow/.local/lib/python3.7/site-packages/airflow/example_dags/example_latest_only.py
[2024-02-09T18:31:00.722+0000] {processor.py:753} INFO - DAG(s) dict_keys(['latest_only']) retrieved from /home/airflow/.local/lib/python3.7/site-packages/airflow/example_dags/example_latest_only.py
[2024-02-09T18:31:00.737+0000] {logging_mixin.py:137} INFO - [2024-02-09T18:31:00.737+0000] {dag.py:2690} INFO - Sync 1 DAGs
[2024-02-09T18:31:00.754+0000] {logging_mixin.py:137} INFO - [2024-02-09T18:31:00.753+0000] {dag.py:3441} INFO - Setting next_dagrun for latest_only to 2024-02-09T14:31:00.753800+00:00, run_after=2024-02-09T18:31:00.753800+00:00
[2024-02-09T18:31:00.766+0000] {processor.py:175} INFO - Processing /home/airflow/.local/lib/python3.7/site-packages/airflow/example_dags/example_latest_only.py took 0.055 seconds
[2024-02-09T18:31:31.217+0000] {processor.py:153} INFO - Started process (PID=4946) to work on /home/airflow/.local/lib/python3.7/site-packages/airflow/example_dags/example_latest_only.py
[2024-02-09T18:31:31.218+0000] {processor.py:743} INFO - Processing file /home/airflow/.local/lib/python3.7/site-packages/airflow/example_dags/example_latest_only.py for tasks to queue
[2024-02-09T18:31:31.219+0000] {logging_mixin.py:137} INFO - [2024-02-09T18:31:31.218+0000] {dagbag.py:538} INFO - Filling up the DagBag from /home/airflow/.local/lib/python3.7/site-packages/airflow/example_dags/example_latest_only.py
[2024-02-09T18:31:31.226+0000] {processor.py:753} INFO - DAG(s) dict_keys(['latest_only']) retrieved from /home/airflow/.local/lib/python3.7/site-packages/airflow/example_dags/example_latest_only.py
[2024-02-09T18:31:31.240+0000] {logging_mixin.py:137} INFO - [2024-02-09T18:31:31.239+0000] {dag.py:2690} INFO - Sync 1 DAGs
[2024-02-09T18:31:31.253+0000] {logging_mixin.py:137} INFO - [2024-02-09T18:31:31.253+0000] {dag.py:3441} INFO - Setting next_dagrun for latest_only to 2024-02-09T14:31:31.253631+00:00, run_after=2024-02-09T18:31:31.253631+00:00
[2024-02-09T18:31:31.266+0000] {processor.py:175} INFO - Processing /home/airflow/.local/lib/python3.7/site-packages/airflow/example_dags/example_latest_only.py took 0.051 seconds
[2024-02-09T18:32:01.763+0000] {processor.py:153} INFO - Started process (PID=5081) to work on /home/airflow/.local/lib/python3.7/site-packages/airflow/example_dags/example_latest_only.py
[2024-02-09T18:32:01.763+0000] {processor.py:743} INFO - Processing file /home/airflow/.local/lib/python3.7/site-packages/airflow/example_dags/example_latest_only.py for tasks to queue
[2024-02-09T18:32:01.764+0000] {logging_mixin.py:137} INFO - [2024-02-09T18:32:01.764+0000] {dagbag.py:538} INFO - Filling up the DagBag from /home/airflow/.local/lib/python3.7/site-packages/airflow/example_dags/example_latest_only.py
[2024-02-09T18:32:01.771+0000] {processor.py:753} INFO - DAG(s) dict_keys(['latest_only']) retrieved from /home/airflow/.local/lib/python3.7/site-packages/airflow/example_dags/example_latest_only.py
[2024-02-09T18:32:01.785+0000] {logging_mixin.py:137} INFO - [2024-02-09T18:32:01.785+0000] {dag.py:2690} INFO - Sync 1 DAGs
[2024-02-09T18:32:01.801+0000] {logging_mixin.py:137} INFO - [2024-02-09T18:32:01.800+0000] {dag.py:3441} INFO - Setting next_dagrun for latest_only to 2024-02-09T14:32:01.800762+00:00, run_after=2024-02-09T18:32:01.800762+00:00
[2024-02-09T18:32:01.812+0000] {processor.py:175} INFO - Processing /home/airflow/.local/lib/python3.7/site-packages/airflow/example_dags/example_latest_only.py took 0.050 seconds
[2024-02-09T18:32:32.384+0000] {processor.py:153} INFO - Started process (PID=5216) to work on /home/airflow/.local/lib/python3.7/site-packages/airflow/example_dags/example_latest_only.py
[2024-02-09T18:32:32.385+0000] {processor.py:743} INFO - Processing file /home/airflow/.local/lib/python3.7/site-packages/airflow/example_dags/example_latest_only.py for tasks to queue
[2024-02-09T18:32:32.385+0000] {logging_mixin.py:137} INFO - [2024-02-09T18:32:32.385+0000] {dagbag.py:538} INFO - Filling up the DagBag from /home/airflow/.local/lib/python3.7/site-packages/airflow/example_dags/example_latest_only.py
[2024-02-09T18:32:32.393+0000] {processor.py:753} INFO - DAG(s) dict_keys(['latest_only']) retrieved from /home/airflow/.local/lib/python3.7/site-packages/airflow/example_dags/example_latest_only.py
[2024-02-09T18:32:32.409+0000] {logging_mixin.py:137} INFO - [2024-02-09T18:32:32.409+0000] {dag.py:2690} INFO - Sync 1 DAGs
[2024-02-09T18:32:32.425+0000] {logging_mixin.py:137} INFO - [2024-02-09T18:32:32.425+0000] {dag.py:3441} INFO - Setting next_dagrun for latest_only to 2024-02-09T14:32:32.425196+00:00, run_after=2024-02-09T18:32:32.425196+00:00
[2024-02-09T18:32:32.437+0000] {processor.py:175} INFO - Processing /home/airflow/.local/lib/python3.7/site-packages/airflow/example_dags/example_latest_only.py took 0.055 seconds
[2024-02-09T18:33:03.073+0000] {processor.py:153} INFO - Started process (PID=5319) to work on /home/airflow/.local/lib/python3.7/site-packages/airflow/example_dags/example_latest_only.py
[2024-02-09T18:33:03.074+0000] {processor.py:743} INFO - Processing file /home/airflow/.local/lib/python3.7/site-packages/airflow/example_dags/example_latest_only.py for tasks to queue
[2024-02-09T18:33:03.074+0000] {logging_mixin.py:137} INFO - [2024-02-09T18:33:03.074+0000] {dagbag.py:538} INFO - Filling up the DagBag from /home/airflow/.local/lib/python3.7/site-packages/airflow/example_dags/example_latest_only.py
[2024-02-09T18:33:03.082+0000] {processor.py:753} INFO - DAG(s) dict_keys(['latest_only']) retrieved from /home/airflow/.local/lib/python3.7/site-packages/airflow/example_dags/example_latest_only.py
[2024-02-09T18:33:03.096+0000] {logging_mixin.py:137} INFO - [2024-02-09T18:33:03.096+0000] {dag.py:2690} INFO - Sync 1 DAGs
[2024-02-09T18:33:03.111+0000] {logging_mixin.py:137} INFO - [2024-02-09T18:33:03.111+0000] {dag.py:3441} INFO - Setting next_dagrun for latest_only to 2024-02-09T14:33:03.111149+00:00, run_after=2024-02-09T18:33:03.111149+00:00
[2024-02-09T18:33:03.122+0000] {processor.py:175} INFO - Processing /home/airflow/.local/lib/python3.7/site-packages/airflow/example_dags/example_latest_only.py took 0.051 seconds
[2024-02-09T18:33:33.560+0000] {processor.py:153} INFO - Started process (PID=5454) to work on /home/airflow/.local/lib/python3.7/site-packages/airflow/example_dags/example_latest_only.py
[2024-02-09T18:33:33.560+0000] {processor.py:743} INFO - Processing file /home/airflow/.local/lib/python3.7/site-packages/airflow/example_dags/example_latest_only.py for tasks to queue
[2024-02-09T18:33:33.561+0000] {logging_mixin.py:137} INFO - [2024-02-09T18:33:33.561+0000] {dagbag.py:538} INFO - Filling up the DagBag from /home/airflow/.local/lib/python3.7/site-packages/airflow/example_dags/example_latest_only.py
[2024-02-09T18:33:33.568+0000] {processor.py:753} INFO - DAG(s) dict_keys(['latest_only']) retrieved from /home/airflow/.local/lib/python3.7/site-packages/airflow/example_dags/example_latest_only.py
[2024-02-09T18:33:33.582+0000] {logging_mixin.py:137} INFO - [2024-02-09T18:33:33.582+0000] {dag.py:2690} INFO - Sync 1 DAGs
[2024-02-09T18:33:33.596+0000] {logging_mixin.py:137} INFO - [2024-02-09T18:33:33.596+0000] {dag.py:3441} INFO - Setting next_dagrun for latest_only to 2024-02-09T14:33:33.596199+00:00, run_after=2024-02-09T18:33:33.596199+00:00
[2024-02-09T18:33:33.607+0000] {processor.py:175} INFO - Processing /home/airflow/.local/lib/python3.7/site-packages/airflow/example_dags/example_latest_only.py took 0.049 seconds
[2024-02-09T18:34:04.216+0000] {processor.py:153} INFO - Started process (PID=5589) to work on /home/airflow/.local/lib/python3.7/site-packages/airflow/example_dags/example_latest_only.py
[2024-02-09T18:34:04.217+0000] {processor.py:743} INFO - Processing file /home/airflow/.local/lib/python3.7/site-packages/airflow/example_dags/example_latest_only.py for tasks to queue
[2024-02-09T18:34:04.218+0000] {logging_mixin.py:137} INFO - [2024-02-09T18:34:04.217+0000] {dagbag.py:538} INFO - Filling up the DagBag from /home/airflow/.local/lib/python3.7/site-packages/airflow/example_dags/example_latest_only.py
[2024-02-09T18:34:04.226+0000] {processor.py:753} INFO - DAG(s) dict_keys(['latest_only']) retrieved from /home/airflow/.local/lib/python3.7/site-packages/airflow/example_dags/example_latest_only.py
[2024-02-09T18:34:04.243+0000] {logging_mixin.py:137} INFO - [2024-02-09T18:34:04.243+0000] {dag.py:2690} INFO - Sync 1 DAGs
[2024-02-09T18:34:04.260+0000] {logging_mixin.py:137} INFO - [2024-02-09T18:34:04.259+0000] {dag.py:3441} INFO - Setting next_dagrun for latest_only to 2024-02-09T14:34:04.259816+00:00, run_after=2024-02-09T18:34:04.259816+00:00
[2024-02-09T18:34:04.272+0000] {processor.py:175} INFO - Processing /home/airflow/.local/lib/python3.7/site-packages/airflow/example_dags/example_latest_only.py took 0.059 seconds
[2024-02-09T18:34:34.831+0000] {processor.py:153} INFO - Started process (PID=5692) to work on /home/airflow/.local/lib/python3.7/site-packages/airflow/example_dags/example_latest_only.py
[2024-02-09T18:34:34.832+0000] {processor.py:743} INFO - Processing file /home/airflow/.local/lib/python3.7/site-packages/airflow/example_dags/example_latest_only.py for tasks to queue
[2024-02-09T18:34:34.832+0000] {logging_mixin.py:137} INFO - [2024-02-09T18:34:34.832+0000] {dagbag.py:538} INFO - Filling up the DagBag from /home/airflow/.local/lib/python3.7/site-packages/airflow/example_dags/example_latest_only.py
[2024-02-09T18:34:34.840+0000] {processor.py:753} INFO - DAG(s) dict_keys(['latest_only']) retrieved from /home/airflow/.local/lib/python3.7/site-packages/airflow/example_dags/example_latest_only.py
[2024-02-09T18:34:34.853+0000] {logging_mixin.py:137} INFO - [2024-02-09T18:34:34.853+0000] {dag.py:2690} INFO - Sync 1 DAGs
[2024-02-09T18:34:34.868+0000] {logging_mixin.py:137} INFO - [2024-02-09T18:34:34.868+0000] {dag.py:3441} INFO - Setting next_dagrun for latest_only to 2024-02-09T14:34:34.868441+00:00, run_after=2024-02-09T18:34:34.868441+00:00
[2024-02-09T18:34:34.882+0000] {processor.py:175} INFO - Processing /home/airflow/.local/lib/python3.7/site-packages/airflow/example_dags/example_latest_only.py took 0.052 seconds
[2024-02-09T18:35:05.475+0000] {processor.py:153} INFO - Started process (PID=5827) to work on /home/airflow/.local/lib/python3.7/site-packages/airflow/example_dags/example_latest_only.py
[2024-02-09T18:35:05.478+0000] {processor.py:743} INFO - Processing file /home/airflow/.local/lib/python3.7/site-packages/airflow/example_dags/example_latest_only.py for tasks to queue
[2024-02-09T18:35:05.479+0000] {logging_mixin.py:137} INFO - [2024-02-09T18:35:05.479+0000] {dagbag.py:538} INFO - Filling up the DagBag from /home/airflow/.local/lib/python3.7/site-packages/airflow/example_dags/example_latest_only.py
[2024-02-09T18:35:05.494+0000] {processor.py:753} INFO - DAG(s) dict_keys(['latest_only']) retrieved from /home/airflow/.local/lib/python3.7/site-packages/airflow/example_dags/example_latest_only.py
[2024-02-09T18:35:05.518+0000] {logging_mixin.py:137} INFO - [2024-02-09T18:35:05.518+0000] {dag.py:2690} INFO - Sync 1 DAGs
[2024-02-09T18:35:05.548+0000] {logging_mixin.py:137} INFO - [2024-02-09T18:35:05.548+0000] {dag.py:3441} INFO - Setting next_dagrun for latest_only to 2024-02-09T14:35:05.548405+00:00, run_after=2024-02-09T18:35:05.548405+00:00
[2024-02-09T18:35:05.564+0000] {processor.py:175} INFO - Processing /home/airflow/.local/lib/python3.7/site-packages/airflow/example_dags/example_latest_only.py took 0.092 seconds
[2024-02-09T18:35:36.243+0000] {processor.py:153} INFO - Started process (PID=5962) to work on /home/airflow/.local/lib/python3.7/site-packages/airflow/example_dags/example_latest_only.py
[2024-02-09T18:35:36.243+0000] {processor.py:743} INFO - Processing file /home/airflow/.local/lib/python3.7/site-packages/airflow/example_dags/example_latest_only.py for tasks to queue
[2024-02-09T18:35:36.244+0000] {logging_mixin.py:137} INFO - [2024-02-09T18:35:36.244+0000] {dagbag.py:538} INFO - Filling up the DagBag from /home/airflow/.local/lib/python3.7/site-packages/airflow/example_dags/example_latest_only.py
[2024-02-09T18:35:36.252+0000] {processor.py:753} INFO - DAG(s) dict_keys(['latest_only']) retrieved from /home/airflow/.local/lib/python3.7/site-packages/airflow/example_dags/example_latest_only.py
[2024-02-09T18:35:36.269+0000] {logging_mixin.py:137} INFO - [2024-02-09T18:35:36.269+0000] {dag.py:2690} INFO - Sync 1 DAGs
[2024-02-09T18:35:36.284+0000] {logging_mixin.py:137} INFO - [2024-02-09T18:35:36.284+0000] {dag.py:3441} INFO - Setting next_dagrun for latest_only to 2024-02-09T14:35:36.284741+00:00, run_after=2024-02-09T18:35:36.284741+00:00
[2024-02-09T18:35:36.298+0000] {processor.py:175} INFO - Processing /home/airflow/.local/lib/python3.7/site-packages/airflow/example_dags/example_latest_only.py took 0.057 seconds
[2024-02-09T18:36:06.761+0000] {processor.py:153} INFO - Started process (PID=6065) to work on /home/airflow/.local/lib/python3.7/site-packages/airflow/example_dags/example_latest_only.py
[2024-02-09T18:36:06.761+0000] {processor.py:743} INFO - Processing file /home/airflow/.local/lib/python3.7/site-packages/airflow/example_dags/example_latest_only.py for tasks to queue
[2024-02-09T18:36:06.762+0000] {logging_mixin.py:137} INFO - [2024-02-09T18:36:06.762+0000] {dagbag.py:538} INFO - Filling up the DagBag from /home/airflow/.local/lib/python3.7/site-packages/airflow/example_dags/example_latest_only.py
[2024-02-09T18:36:06.769+0000] {processor.py:753} INFO - DAG(s) dict_keys(['latest_only']) retrieved from /home/airflow/.local/lib/python3.7/site-packages/airflow/example_dags/example_latest_only.py
[2024-02-09T18:36:06.784+0000] {logging_mixin.py:137} INFO - [2024-02-09T18:36:06.784+0000] {dag.py:2690} INFO - Sync 1 DAGs
[2024-02-09T18:36:06.800+0000] {logging_mixin.py:137} INFO - [2024-02-09T18:36:06.800+0000] {dag.py:3441} INFO - Setting next_dagrun for latest_only to 2024-02-09T14:36:06.800016+00:00, run_after=2024-02-09T18:36:06.800016+00:00
[2024-02-09T18:36:06.812+0000] {processor.py:175} INFO - Processing /home/airflow/.local/lib/python3.7/site-packages/airflow/example_dags/example_latest_only.py took 0.053 seconds
[2024-02-09T18:36:37.195+0000] {processor.py:153} INFO - Started process (PID=6200) to work on /home/airflow/.local/lib/python3.7/site-packages/airflow/example_dags/example_latest_only.py
[2024-02-09T18:36:37.195+0000] {processor.py:743} INFO - Processing file /home/airflow/.local/lib/python3.7/site-packages/airflow/example_dags/example_latest_only.py for tasks to queue
[2024-02-09T18:36:37.195+0000] {logging_mixin.py:137} INFO - [2024-02-09T18:36:37.195+0000] {dagbag.py:538} INFO - Filling up the DagBag from /home/airflow/.local/lib/python3.7/site-packages/airflow/example_dags/example_latest_only.py
[2024-02-09T18:36:37.203+0000] {processor.py:753} INFO - DAG(s) dict_keys(['latest_only']) retrieved from /home/airflow/.local/lib/python3.7/site-packages/airflow/example_dags/example_latest_only.py
[2024-02-09T18:36:37.216+0000] {logging_mixin.py:137} INFO - [2024-02-09T18:36:37.216+0000] {dag.py:2690} INFO - Sync 1 DAGs
[2024-02-09T18:36:37.230+0000] {logging_mixin.py:137} INFO - [2024-02-09T18:36:37.230+0000] {dag.py:3441} INFO - Setting next_dagrun for latest_only to 2024-02-09T14:36:37.230638+00:00, run_after=2024-02-09T18:36:37.230638+00:00
[2024-02-09T18:36:37.241+0000] {processor.py:175} INFO - Processing /home/airflow/.local/lib/python3.7/site-packages/airflow/example_dags/example_latest_only.py took 0.048 seconds
[2024-02-09T18:37:07.900+0000] {processor.py:153} INFO - Started process (PID=6335) to work on /home/airflow/.local/lib/python3.7/site-packages/airflow/example_dags/example_latest_only.py
[2024-02-09T18:37:07.901+0000] {processor.py:743} INFO - Processing file /home/airflow/.local/lib/python3.7/site-packages/airflow/example_dags/example_latest_only.py for tasks to queue
[2024-02-09T18:37:07.901+0000] {logging_mixin.py:137} INFO - [2024-02-09T18:37:07.901+0000] {dagbag.py:538} INFO - Filling up the DagBag from /home/airflow/.local/lib/python3.7/site-packages/airflow/example_dags/example_latest_only.py
[2024-02-09T18:37:07.911+0000] {processor.py:753} INFO - DAG(s) dict_keys(['latest_only']) retrieved from /home/airflow/.local/lib/python3.7/site-packages/airflow/example_dags/example_latest_only.py
[2024-02-09T18:37:07.927+0000] {logging_mixin.py:137} INFO - [2024-02-09T18:37:07.927+0000] {dag.py:2690} INFO - Sync 1 DAGs
[2024-02-09T18:37:07.945+0000] {logging_mixin.py:137} INFO - [2024-02-09T18:37:07.945+0000] {dag.py:3441} INFO - Setting next_dagrun for latest_only to 2024-02-09T14:37:07.945450+00:00, run_after=2024-02-09T18:37:07.945450+00:00
[2024-02-09T18:37:07.959+0000] {processor.py:175} INFO - Processing /home/airflow/.local/lib/python3.7/site-packages/airflow/example_dags/example_latest_only.py took 0.061 seconds
[2024-02-09T18:37:38.404+0000] {processor.py:153} INFO - Started process (PID=6438) to work on /home/airflow/.local/lib/python3.7/site-packages/airflow/example_dags/example_latest_only.py
[2024-02-09T18:37:38.405+0000] {processor.py:743} INFO - Processing file /home/airflow/.local/lib/python3.7/site-packages/airflow/example_dags/example_latest_only.py for tasks to queue
[2024-02-09T18:37:38.405+0000] {logging_mixin.py:137} INFO - [2024-02-09T18:37:38.405+0000] {dagbag.py:538} INFO - Filling up the DagBag from /home/airflow/.local/lib/python3.7/site-packages/airflow/example_dags/example_latest_only.py
[2024-02-09T18:37:38.413+0000] {processor.py:753} INFO - DAG(s) dict_keys(['latest_only']) retrieved from /home/airflow/.local/lib/python3.7/site-packages/airflow/example_dags/example_latest_only.py
[2024-02-09T18:37:38.426+0000] {logging_mixin.py:137} INFO - [2024-02-09T18:37:38.426+0000] {dag.py:2690} INFO - Sync 1 DAGs
[2024-02-09T18:37:38.441+0000] {logging_mixin.py:137} INFO - [2024-02-09T18:37:38.441+0000] {dag.py:3441} INFO - Setting next_dagrun for latest_only to 2024-02-09T14:37:38.441358+00:00, run_after=2024-02-09T18:37:38.441358+00:00
[2024-02-09T18:37:38.453+0000] {processor.py:175} INFO - Processing /home/airflow/.local/lib/python3.7/site-packages/airflow/example_dags/example_latest_only.py took 0.051 seconds
[2024-02-09T18:38:08.906+0000] {processor.py:153} INFO - Started process (PID=6574) to work on /home/airflow/.local/lib/python3.7/site-packages/airflow/example_dags/example_latest_only.py
[2024-02-09T18:38:08.906+0000] {processor.py:743} INFO - Processing file /home/airflow/.local/lib/python3.7/site-packages/airflow/example_dags/example_latest_only.py for tasks to queue
[2024-02-09T18:38:08.907+0000] {logging_mixin.py:137} INFO - [2024-02-09T18:38:08.907+0000] {dagbag.py:538} INFO - Filling up the DagBag from /home/airflow/.local/lib/python3.7/site-packages/airflow/example_dags/example_latest_only.py
[2024-02-09T18:38:08.914+0000] {processor.py:753} INFO - DAG(s) dict_keys(['latest_only']) retrieved from /home/airflow/.local/lib/python3.7/site-packages/airflow/example_dags/example_latest_only.py
[2024-02-09T18:38:08.927+0000] {logging_mixin.py:137} INFO - [2024-02-09T18:38:08.927+0000] {dag.py:2690} INFO - Sync 1 DAGs
[2024-02-09T18:38:08.942+0000] {logging_mixin.py:137} INFO - [2024-02-09T18:38:08.942+0000] {dag.py:3441} INFO - Setting next_dagrun for latest_only to 2024-02-09T14:38:08.942001+00:00, run_after=2024-02-09T18:38:08.942001+00:00
[2024-02-09T18:38:08.953+0000] {processor.py:175} INFO - Processing /home/airflow/.local/lib/python3.7/site-packages/airflow/example_dags/example_latest_only.py took 0.049 seconds
[2024-02-09T18:38:39.722+0000] {processor.py:153} INFO - Started process (PID=6709) to work on /home/airflow/.local/lib/python3.7/site-packages/airflow/example_dags/example_latest_only.py
[2024-02-09T18:38:39.723+0000] {processor.py:743} INFO - Processing file /home/airflow/.local/lib/python3.7/site-packages/airflow/example_dags/example_latest_only.py for tasks to queue
[2024-02-09T18:38:39.723+0000] {logging_mixin.py:137} INFO - [2024-02-09T18:38:39.723+0000] {dagbag.py:538} INFO - Filling up the DagBag from /home/airflow/.local/lib/python3.7/site-packages/airflow/example_dags/example_latest_only.py
[2024-02-09T18:38:39.732+0000] {processor.py:753} INFO - DAG(s) dict_keys(['latest_only']) retrieved from /home/airflow/.local/lib/python3.7/site-packages/airflow/example_dags/example_latest_only.py
[2024-02-09T18:38:39.749+0000] {logging_mixin.py:137} INFO - [2024-02-09T18:38:39.749+0000] {dag.py:2690} INFO - Sync 1 DAGs
[2024-02-09T18:38:39.765+0000] {logging_mixin.py:137} INFO - [2024-02-09T18:38:39.765+0000] {dag.py:3441} INFO - Setting next_dagrun for latest_only to 2024-02-09T14:38:39.765666+00:00, run_after=2024-02-09T18:38:39.765666+00:00
[2024-02-09T18:38:39.781+0000] {processor.py:175} INFO - Processing /home/airflow/.local/lib/python3.7/site-packages/airflow/example_dags/example_latest_only.py took 0.061 seconds
[2024-02-09T18:39:10.219+0000] {processor.py:153} INFO - Started process (PID=6812) to work on /home/airflow/.local/lib/python3.7/site-packages/airflow/example_dags/example_latest_only.py
[2024-02-09T18:39:10.219+0000] {processor.py:743} INFO - Processing file /home/airflow/.local/lib/python3.7/site-packages/airflow/example_dags/example_latest_only.py for tasks to queue
[2024-02-09T18:39:10.220+0000] {logging_mixin.py:137} INFO - [2024-02-09T18:39:10.219+0000] {dagbag.py:538} INFO - Filling up the DagBag from /home/airflow/.local/lib/python3.7/site-packages/airflow/example_dags/example_latest_only.py
[2024-02-09T18:39:10.227+0000] {processor.py:753} INFO - DAG(s) dict_keys(['latest_only']) retrieved from /home/airflow/.local/lib/python3.7/site-packages/airflow/example_dags/example_latest_only.py
[2024-02-09T18:39:10.241+0000] {logging_mixin.py:137} INFO - [2024-02-09T18:39:10.241+0000] {dag.py:2690} INFO - Sync 1 DAGs
[2024-02-09T18:39:10.256+0000] {logging_mixin.py:137} INFO - [2024-02-09T18:39:10.255+0000] {dag.py:3441} INFO - Setting next_dagrun for latest_only to 2024-02-09T14:39:10.255798+00:00, run_after=2024-02-09T18:39:10.255798+00:00
[2024-02-09T18:39:10.267+0000] {processor.py:175} INFO - Processing /home/airflow/.local/lib/python3.7/site-packages/airflow/example_dags/example_latest_only.py took 0.050 seconds
[2024-02-09T18:39:40.767+0000] {processor.py:153} INFO - Started process (PID=6947) to work on /home/airflow/.local/lib/python3.7/site-packages/airflow/example_dags/example_latest_only.py
[2024-02-09T18:39:40.768+0000] {processor.py:743} INFO - Processing file /home/airflow/.local/lib/python3.7/site-packages/airflow/example_dags/example_latest_only.py for tasks to queue
[2024-02-09T18:39:40.768+0000] {logging_mixin.py:137} INFO - [2024-02-09T18:39:40.768+0000] {dagbag.py:538} INFO - Filling up the DagBag from /home/airflow/.local/lib/python3.7/site-packages/airflow/example_dags/example_latest_only.py
[2024-02-09T18:39:40.775+0000] {processor.py:753} INFO - DAG(s) dict_keys(['latest_only']) retrieved from /home/airflow/.local/lib/python3.7/site-packages/airflow/example_dags/example_latest_only.py
[2024-02-09T18:39:40.790+0000] {logging_mixin.py:137} INFO - [2024-02-09T18:39:40.789+0000] {dag.py:2690} INFO - Sync 1 DAGs
[2024-02-09T18:39:40.804+0000] {logging_mixin.py:137} INFO - [2024-02-09T18:39:40.804+0000] {dag.py:3441} INFO - Setting next_dagrun for latest_only to 2024-02-09T14:39:40.804288+00:00, run_after=2024-02-09T18:39:40.804288+00:00
[2024-02-09T18:39:40.815+0000] {processor.py:175} INFO - Processing /home/airflow/.local/lib/python3.7/site-packages/airflow/example_dags/example_latest_only.py took 0.050 seconds
[2024-02-09T18:40:11.369+0000] {processor.py:153} INFO - Started process (PID=7059) to work on /home/airflow/.local/lib/python3.7/site-packages/airflow/example_dags/example_latest_only.py
[2024-02-09T18:40:11.370+0000] {processor.py:743} INFO - Processing file /home/airflow/.local/lib/python3.7/site-packages/airflow/example_dags/example_latest_only.py for tasks to queue
[2024-02-09T18:40:11.370+0000] {logging_mixin.py:137} INFO - [2024-02-09T18:40:11.370+0000] {dagbag.py:538} INFO - Filling up the DagBag from /home/airflow/.local/lib/python3.7/site-packages/airflow/example_dags/example_latest_only.py
[2024-02-09T18:40:11.378+0000] {processor.py:753} INFO - DAG(s) dict_keys(['latest_only']) retrieved from /home/airflow/.local/lib/python3.7/site-packages/airflow/example_dags/example_latest_only.py
[2024-02-09T18:40:11.397+0000] {logging_mixin.py:137} INFO - [2024-02-09T18:40:11.396+0000] {dag.py:2690} INFO - Sync 1 DAGs
[2024-02-09T18:40:11.421+0000] {logging_mixin.py:137} INFO - [2024-02-09T18:40:11.421+0000] {dag.py:3441} INFO - Setting next_dagrun for latest_only to 2024-02-09T14:40:11.421137+00:00, run_after=2024-02-09T18:40:11.421137+00:00
[2024-02-09T18:40:11.445+0000] {processor.py:175} INFO - Processing /home/airflow/.local/lib/python3.7/site-packages/airflow/example_dags/example_latest_only.py took 0.077 seconds
[2024-02-09T18:40:41.993+0000] {processor.py:153} INFO - Started process (PID=7185) to work on /home/airflow/.local/lib/python3.7/site-packages/airflow/example_dags/example_latest_only.py
[2024-02-09T18:40:41.994+0000] {processor.py:743} INFO - Processing file /home/airflow/.local/lib/python3.7/site-packages/airflow/example_dags/example_latest_only.py for tasks to queue
[2024-02-09T18:40:41.994+0000] {logging_mixin.py:137} INFO - [2024-02-09T18:40:41.994+0000] {dagbag.py:538} INFO - Filling up the DagBag from /home/airflow/.local/lib/python3.7/site-packages/airflow/example_dags/example_latest_only.py
[2024-02-09T18:40:42.002+0000] {processor.py:753} INFO - DAG(s) dict_keys(['latest_only']) retrieved from /home/airflow/.local/lib/python3.7/site-packages/airflow/example_dags/example_latest_only.py
[2024-02-09T18:40:42.015+0000] {logging_mixin.py:137} INFO - [2024-02-09T18:40:42.015+0000] {dag.py:2690} INFO - Sync 1 DAGs
[2024-02-09T18:40:42.029+0000] {logging_mixin.py:137} INFO - [2024-02-09T18:40:42.029+0000] {dag.py:3441} INFO - Setting next_dagrun for latest_only to 2024-02-09T14:40:42.029596+00:00, run_after=2024-02-09T18:40:42.029596+00:00
[2024-02-09T18:40:42.040+0000] {processor.py:175} INFO - Processing /home/airflow/.local/lib/python3.7/site-packages/airflow/example_dags/example_latest_only.py took 0.049 seconds
[2024-02-09T18:41:12.471+0000] {processor.py:153} INFO - Started process (PID=7320) to work on /home/airflow/.local/lib/python3.7/site-packages/airflow/example_dags/example_latest_only.py
[2024-02-09T18:41:12.471+0000] {processor.py:743} INFO - Processing file /home/airflow/.local/lib/python3.7/site-packages/airflow/example_dags/example_latest_only.py for tasks to queue
[2024-02-09T18:41:12.472+0000] {logging_mixin.py:137} INFO - [2024-02-09T18:41:12.472+0000] {dagbag.py:538} INFO - Filling up the DagBag from /home/airflow/.local/lib/python3.7/site-packages/airflow/example_dags/example_latest_only.py
[2024-02-09T18:41:12.479+0000] {processor.py:753} INFO - DAG(s) dict_keys(['latest_only']) retrieved from /home/airflow/.local/lib/python3.7/site-packages/airflow/example_dags/example_latest_only.py
[2024-02-09T18:41:12.493+0000] {logging_mixin.py:137} INFO - [2024-02-09T18:41:12.493+0000] {dag.py:2690} INFO - Sync 1 DAGs
[2024-02-09T18:41:12.506+0000] {logging_mixin.py:137} INFO - [2024-02-09T18:41:12.506+0000] {dag.py:3441} INFO - Setting next_dagrun for latest_only to 2024-02-09T14:41:12.506501+00:00, run_after=2024-02-09T18:41:12.506501+00:00
[2024-02-09T18:41:12.517+0000] {processor.py:175} INFO - Processing /home/airflow/.local/lib/python3.7/site-packages/airflow/example_dags/example_latest_only.py took 0.048 seconds
[2024-02-09T18:41:42.994+0000] {processor.py:153} INFO - Started process (PID=7432) to work on /home/airflow/.local/lib/python3.7/site-packages/airflow/example_dags/example_latest_only.py
[2024-02-09T18:41:42.995+0000] {processor.py:743} INFO - Processing file /home/airflow/.local/lib/python3.7/site-packages/airflow/example_dags/example_latest_only.py for tasks to queue
[2024-02-09T18:41:42.995+0000] {logging_mixin.py:137} INFO - [2024-02-09T18:41:42.995+0000] {dagbag.py:538} INFO - Filling up the DagBag from /home/airflow/.local/lib/python3.7/site-packages/airflow/example_dags/example_latest_only.py
[2024-02-09T18:41:43.003+0000] {processor.py:753} INFO - DAG(s) dict_keys(['latest_only']) retrieved from /home/airflow/.local/lib/python3.7/site-packages/airflow/example_dags/example_latest_only.py
[2024-02-09T18:41:43.018+0000] {logging_mixin.py:137} INFO - [2024-02-09T18:41:43.018+0000] {dag.py:2690} INFO - Sync 1 DAGs
[2024-02-09T18:41:43.033+0000] {logging_mixin.py:137} INFO - [2024-02-09T18:41:43.033+0000] {dag.py:3441} INFO - Setting next_dagrun for latest_only to 2024-02-09T14:41:43.032942+00:00, run_after=2024-02-09T18:41:43.032942+00:00
[2024-02-09T18:41:43.045+0000] {processor.py:175} INFO - Processing /home/airflow/.local/lib/python3.7/site-packages/airflow/example_dags/example_latest_only.py took 0.052 seconds
[2024-02-09T18:42:13.731+0000] {processor.py:153} INFO - Started process (PID=7558) to work on /home/airflow/.local/lib/python3.7/site-packages/airflow/example_dags/example_latest_only.py
[2024-02-09T18:42:13.731+0000] {processor.py:743} INFO - Processing file /home/airflow/.local/lib/python3.7/site-packages/airflow/example_dags/example_latest_only.py for tasks to queue
[2024-02-09T18:42:13.732+0000] {logging_mixin.py:137} INFO - [2024-02-09T18:42:13.731+0000] {dagbag.py:538} INFO - Filling up the DagBag from /home/airflow/.local/lib/python3.7/site-packages/airflow/example_dags/example_latest_only.py
[2024-02-09T18:42:13.739+0000] {processor.py:753} INFO - DAG(s) dict_keys(['latest_only']) retrieved from /home/airflow/.local/lib/python3.7/site-packages/airflow/example_dags/example_latest_only.py
[2024-02-09T18:42:13.753+0000] {logging_mixin.py:137} INFO - [2024-02-09T18:42:13.753+0000] {dag.py:2690} INFO - Sync 1 DAGs
[2024-02-09T18:42:13.769+0000] {logging_mixin.py:137} INFO - [2024-02-09T18:42:13.769+0000] {dag.py:3441} INFO - Setting next_dagrun for latest_only to 2024-02-09T14:42:13.769602+00:00, run_after=2024-02-09T18:42:13.769602+00:00
[2024-02-09T18:42:13.781+0000] {processor.py:175} INFO - Processing /home/airflow/.local/lib/python3.7/site-packages/airflow/example_dags/example_latest_only.py took 0.053 seconds
[2024-02-09T18:42:44.187+0000] {processor.py:153} INFO - Started process (PID=7693) to work on /home/airflow/.local/lib/python3.7/site-packages/airflow/example_dags/example_latest_only.py
[2024-02-09T18:42:44.188+0000] {processor.py:743} INFO - Processing file /home/airflow/.local/lib/python3.7/site-packages/airflow/example_dags/example_latest_only.py for tasks to queue
[2024-02-09T18:42:44.188+0000] {logging_mixin.py:137} INFO - [2024-02-09T18:42:44.188+0000] {dagbag.py:538} INFO - Filling up the DagBag from /home/airflow/.local/lib/python3.7/site-packages/airflow/example_dags/example_latest_only.py
[2024-02-09T18:42:44.196+0000] {processor.py:753} INFO - DAG(s) dict_keys(['latest_only']) retrieved from /home/airflow/.local/lib/python3.7/site-packages/airflow/example_dags/example_latest_only.py
[2024-02-09T18:42:44.210+0000] {logging_mixin.py:137} INFO - [2024-02-09T18:42:44.209+0000] {dag.py:2690} INFO - Sync 1 DAGs
[2024-02-09T18:42:44.224+0000] {logging_mixin.py:137} INFO - [2024-02-09T18:42:44.224+0000] {dag.py:3441} INFO - Setting next_dagrun for latest_only to 2024-02-09T14:42:44.224627+00:00, run_after=2024-02-09T18:42:44.224627+00:00
[2024-02-09T18:42:44.236+0000] {processor.py:175} INFO - Processing /home/airflow/.local/lib/python3.7/site-packages/airflow/example_dags/example_latest_only.py took 0.050 seconds
[2024-02-09T18:43:14.781+0000] {processor.py:153} INFO - Started process (PID=7805) to work on /home/airflow/.local/lib/python3.7/site-packages/airflow/example_dags/example_latest_only.py
[2024-02-09T18:43:14.781+0000] {processor.py:743} INFO - Processing file /home/airflow/.local/lib/python3.7/site-packages/airflow/example_dags/example_latest_only.py for tasks to queue
[2024-02-09T18:43:14.782+0000] {logging_mixin.py:137} INFO - [2024-02-09T18:43:14.782+0000] {dagbag.py:538} INFO - Filling up the DagBag from /home/airflow/.local/lib/python3.7/site-packages/airflow/example_dags/example_latest_only.py
[2024-02-09T18:43:14.792+0000] {processor.py:753} INFO - DAG(s) dict_keys(['latest_only']) retrieved from /home/airflow/.local/lib/python3.7/site-packages/airflow/example_dags/example_latest_only.py
[2024-02-09T18:43:14.814+0000] {logging_mixin.py:137} INFO - [2024-02-09T18:43:14.814+0000] {dag.py:2690} INFO - Sync 1 DAGs
[2024-02-09T18:43:14.836+0000] {logging_mixin.py:137} INFO - [2024-02-09T18:43:14.836+0000] {dag.py:3441} INFO - Setting next_dagrun for latest_only to 2024-02-09T14:43:14.836357+00:00, run_after=2024-02-09T18:43:14.836357+00:00
[2024-02-09T18:43:14.854+0000] {processor.py:175} INFO - Processing /home/airflow/.local/lib/python3.7/site-packages/airflow/example_dags/example_latest_only.py took 0.075 seconds
[2024-02-09T18:43:45.337+0000] {processor.py:153} INFO - Started process (PID=7932) to work on /home/airflow/.local/lib/python3.7/site-packages/airflow/example_dags/example_latest_only.py
[2024-02-09T18:43:45.337+0000] {processor.py:743} INFO - Processing file /home/airflow/.local/lib/python3.7/site-packages/airflow/example_dags/example_latest_only.py for tasks to queue
[2024-02-09T18:43:45.337+0000] {logging_mixin.py:137} INFO - [2024-02-09T18:43:45.337+0000] {dagbag.py:538} INFO - Filling up the DagBag from /home/airflow/.local/lib/python3.7/site-packages/airflow/example_dags/example_latest_only.py
[2024-02-09T18:43:45.345+0000] {processor.py:753} INFO - DAG(s) dict_keys(['latest_only']) retrieved from /home/airflow/.local/lib/python3.7/site-packages/airflow/example_dags/example_latest_only.py
[2024-02-09T18:43:45.359+0000] {logging_mixin.py:137} INFO - [2024-02-09T18:43:45.359+0000] {dag.py:2690} INFO - Sync 1 DAGs
[2024-02-09T18:43:45.374+0000] {logging_mixin.py:137} INFO - [2024-02-09T18:43:45.374+0000] {dag.py:3441} INFO - Setting next_dagrun for latest_only to 2024-02-09T14:43:45.374368+00:00, run_after=2024-02-09T18:43:45.374368+00:00
[2024-02-09T18:43:45.389+0000] {processor.py:175} INFO - Processing /home/airflow/.local/lib/python3.7/site-packages/airflow/example_dags/example_latest_only.py took 0.054 seconds
[2024-02-09T18:44:15.830+0000] {processor.py:153} INFO - Started process (PID=8067) to work on /home/airflow/.local/lib/python3.7/site-packages/airflow/example_dags/example_latest_only.py
[2024-02-09T18:44:15.830+0000] {processor.py:743} INFO - Processing file /home/airflow/.local/lib/python3.7/site-packages/airflow/example_dags/example_latest_only.py for tasks to queue
[2024-02-09T18:44:15.831+0000] {logging_mixin.py:137} INFO - [2024-02-09T18:44:15.831+0000] {dagbag.py:538} INFO - Filling up the DagBag from /home/airflow/.local/lib/python3.7/site-packages/airflow/example_dags/example_latest_only.py
[2024-02-09T18:44:15.838+0000] {processor.py:753} INFO - DAG(s) dict_keys(['latest_only']) retrieved from /home/airflow/.local/lib/python3.7/site-packages/airflow/example_dags/example_latest_only.py
[2024-02-09T18:44:15.852+0000] {logging_mixin.py:137} INFO - [2024-02-09T18:44:15.852+0000] {dag.py:2690} INFO - Sync 1 DAGs
[2024-02-09T18:44:15.867+0000] {logging_mixin.py:137} INFO - [2024-02-09T18:44:15.867+0000] {dag.py:3441} INFO - Setting next_dagrun for latest_only to 2024-02-09T14:44:15.866976+00:00, run_after=2024-02-09T18:44:15.866976+00:00
[2024-02-09T18:44:15.879+0000] {processor.py:175} INFO - Processing /home/airflow/.local/lib/python3.7/site-packages/airflow/example_dags/example_latest_only.py took 0.051 seconds
[2024-02-09T18:44:46.358+0000] {processor.py:153} INFO - Started process (PID=8179) to work on /home/airflow/.local/lib/python3.7/site-packages/airflow/example_dags/example_latest_only.py
[2024-02-09T18:44:46.358+0000] {processor.py:743} INFO - Processing file /home/airflow/.local/lib/python3.7/site-packages/airflow/example_dags/example_latest_only.py for tasks to queue
[2024-02-09T18:44:46.358+0000] {logging_mixin.py:137} INFO - [2024-02-09T18:44:46.358+0000] {dagbag.py:538} INFO - Filling up the DagBag from /home/airflow/.local/lib/python3.7/site-packages/airflow/example_dags/example_latest_only.py
[2024-02-09T18:44:46.366+0000] {processor.py:753} INFO - DAG(s) dict_keys(['latest_only']) retrieved from /home/airflow/.local/lib/python3.7/site-packages/airflow/example_dags/example_latest_only.py
[2024-02-09T18:44:46.380+0000] {logging_mixin.py:137} INFO - [2024-02-09T18:44:46.380+0000] {dag.py:2690} INFO - Sync 1 DAGs
[2024-02-09T18:44:46.395+0000] {logging_mixin.py:137} INFO - [2024-02-09T18:44:46.395+0000] {dag.py:3441} INFO - Setting next_dagrun for latest_only to 2024-02-09T14:44:46.395100+00:00, run_after=2024-02-09T18:44:46.395100+00:00
[2024-02-09T18:44:46.406+0000] {processor.py:175} INFO - Processing /home/airflow/.local/lib/python3.7/site-packages/airflow/example_dags/example_latest_only.py took 0.050 seconds
[2024-02-09T18:45:16.928+0000] {processor.py:153} INFO - Started process (PID=8305) to work on /home/airflow/.local/lib/python3.7/site-packages/airflow/example_dags/example_latest_only.py
[2024-02-09T18:45:16.929+0000] {processor.py:743} INFO - Processing file /home/airflow/.local/lib/python3.7/site-packages/airflow/example_dags/example_latest_only.py for tasks to queue
[2024-02-09T18:45:16.929+0000] {logging_mixin.py:137} INFO - [2024-02-09T18:45:16.929+0000] {dagbag.py:538} INFO - Filling up the DagBag from /home/airflow/.local/lib/python3.7/site-packages/airflow/example_dags/example_latest_only.py
[2024-02-09T18:45:16.937+0000] {processor.py:753} INFO - DAG(s) dict_keys(['latest_only']) retrieved from /home/airflow/.local/lib/python3.7/site-packages/airflow/example_dags/example_latest_only.py
[2024-02-09T18:45:16.950+0000] {logging_mixin.py:137} INFO - [2024-02-09T18:45:16.950+0000] {dag.py:2690} INFO - Sync 1 DAGs
[2024-02-09T18:45:16.966+0000] {logging_mixin.py:137} INFO - [2024-02-09T18:45:16.966+0000] {dag.py:3441} INFO - Setting next_dagrun for latest_only to 2024-02-09T14:45:16.965882+00:00, run_after=2024-02-09T18:45:16.965882+00:00
[2024-02-09T18:45:16.976+0000] {processor.py:175} INFO - Processing /home/airflow/.local/lib/python3.7/site-packages/airflow/example_dags/example_latest_only.py took 0.050 seconds
[2024-02-09T18:45:47.431+0000] {processor.py:153} INFO - Started process (PID=8440) to work on /home/airflow/.local/lib/python3.7/site-packages/airflow/example_dags/example_latest_only.py
[2024-02-09T18:45:47.432+0000] {processor.py:743} INFO - Processing file /home/airflow/.local/lib/python3.7/site-packages/airflow/example_dags/example_latest_only.py for tasks to queue
[2024-02-09T18:45:47.432+0000] {logging_mixin.py:137} INFO - [2024-02-09T18:45:47.432+0000] {dagbag.py:538} INFO - Filling up the DagBag from /home/airflow/.local/lib/python3.7/site-packages/airflow/example_dags/example_latest_only.py
[2024-02-09T18:45:47.440+0000] {processor.py:753} INFO - DAG(s) dict_keys(['latest_only']) retrieved from /home/airflow/.local/lib/python3.7/site-packages/airflow/example_dags/example_latest_only.py
[2024-02-09T18:45:47.453+0000] {logging_mixin.py:137} INFO - [2024-02-09T18:45:47.453+0000] {dag.py:2690} INFO - Sync 1 DAGs
[2024-02-09T18:45:47.468+0000] {logging_mixin.py:137} INFO - [2024-02-09T18:45:47.468+0000] {dag.py:3441} INFO - Setting next_dagrun for latest_only to 2024-02-09T14:45:47.467874+00:00, run_after=2024-02-09T18:45:47.467874+00:00
[2024-02-09T18:45:47.479+0000] {processor.py:175} INFO - Processing /home/airflow/.local/lib/python3.7/site-packages/airflow/example_dags/example_latest_only.py took 0.050 seconds
[2024-02-09T18:46:17.978+0000] {processor.py:153} INFO - Started process (PID=8552) to work on /home/airflow/.local/lib/python3.7/site-packages/airflow/example_dags/example_latest_only.py
[2024-02-09T18:46:17.979+0000] {processor.py:743} INFO - Processing file /home/airflow/.local/lib/python3.7/site-packages/airflow/example_dags/example_latest_only.py for tasks to queue
[2024-02-09T18:46:17.979+0000] {logging_mixin.py:137} INFO - [2024-02-09T18:46:17.979+0000] {dagbag.py:538} INFO - Filling up the DagBag from /home/airflow/.local/lib/python3.7/site-packages/airflow/example_dags/example_latest_only.py
[2024-02-09T18:46:17.988+0000] {processor.py:753} INFO - DAG(s) dict_keys(['latest_only']) retrieved from /home/airflow/.local/lib/python3.7/site-packages/airflow/example_dags/example_latest_only.py
[2024-02-09T18:46:18.003+0000] {logging_mixin.py:137} INFO - [2024-02-09T18:46:18.003+0000] {dag.py:2690} INFO - Sync 1 DAGs
[2024-02-09T18:46:18.019+0000] {logging_mixin.py:137} INFO - [2024-02-09T18:46:18.019+0000] {dag.py:3441} INFO - Setting next_dagrun for latest_only to 2024-02-09T14:46:18.018855+00:00, run_after=2024-02-09T18:46:18.018855+00:00
[2024-02-09T18:46:18.030+0000] {processor.py:175} INFO - Processing /home/airflow/.local/lib/python3.7/site-packages/airflow/example_dags/example_latest_only.py took 0.054 seconds
[2024-02-09T18:46:48.537+0000] {processor.py:153} INFO - Started process (PID=8678) to work on /home/airflow/.local/lib/python3.7/site-packages/airflow/example_dags/example_latest_only.py
[2024-02-09T18:46:48.538+0000] {processor.py:743} INFO - Processing file /home/airflow/.local/lib/python3.7/site-packages/airflow/example_dags/example_latest_only.py for tasks to queue
[2024-02-09T18:46:48.538+0000] {logging_mixin.py:137} INFO - [2024-02-09T18:46:48.538+0000] {dagbag.py:538} INFO - Filling up the DagBag from /home/airflow/.local/lib/python3.7/site-packages/airflow/example_dags/example_latest_only.py
[2024-02-09T18:46:48.545+0000] {processor.py:753} INFO - DAG(s) dict_keys(['latest_only']) retrieved from /home/airflow/.local/lib/python3.7/site-packages/airflow/example_dags/example_latest_only.py
[2024-02-09T18:46:48.559+0000] {logging_mixin.py:137} INFO - [2024-02-09T18:46:48.559+0000] {dag.py:2690} INFO - Sync 1 DAGs
[2024-02-09T18:46:48.572+0000] {logging_mixin.py:137} INFO - [2024-02-09T18:46:48.572+0000] {dag.py:3441} INFO - Setting next_dagrun for latest_only to 2024-02-09T14:46:48.572545+00:00, run_after=2024-02-09T18:46:48.572545+00:00
[2024-02-09T18:46:48.583+0000] {processor.py:175} INFO - Processing /home/airflow/.local/lib/python3.7/site-packages/airflow/example_dags/example_latest_only.py took 0.048 seconds
[2024-02-09T18:47:19.040+0000] {processor.py:153} INFO - Started process (PID=8813) to work on /home/airflow/.local/lib/python3.7/site-packages/airflow/example_dags/example_latest_only.py
[2024-02-09T18:47:19.041+0000] {processor.py:743} INFO - Processing file /home/airflow/.local/lib/python3.7/site-packages/airflow/example_dags/example_latest_only.py for tasks to queue
[2024-02-09T18:47:19.041+0000] {logging_mixin.py:137} INFO - [2024-02-09T18:47:19.041+0000] {dagbag.py:538} INFO - Filling up the DagBag from /home/airflow/.local/lib/python3.7/site-packages/airflow/example_dags/example_latest_only.py
[2024-02-09T18:47:19.049+0000] {processor.py:753} INFO - DAG(s) dict_keys(['latest_only']) retrieved from /home/airflow/.local/lib/python3.7/site-packages/airflow/example_dags/example_latest_only.py
[2024-02-09T18:47:19.062+0000] {logging_mixin.py:137} INFO - [2024-02-09T18:47:19.062+0000] {dag.py:2690} INFO - Sync 1 DAGs
[2024-02-09T18:47:19.076+0000] {logging_mixin.py:137} INFO - [2024-02-09T18:47:19.076+0000] {dag.py:3441} INFO - Setting next_dagrun for latest_only to 2024-02-09T14:47:19.076283+00:00, run_after=2024-02-09T18:47:19.076283+00:00
[2024-02-09T18:47:19.086+0000] {processor.py:175} INFO - Processing /home/airflow/.local/lib/python3.7/site-packages/airflow/example_dags/example_latest_only.py took 0.048 seconds
[2024-02-09T18:47:49.603+0000] {processor.py:153} INFO - Started process (PID=8916) to work on /home/airflow/.local/lib/python3.7/site-packages/airflow/example_dags/example_latest_only.py
[2024-02-09T18:47:49.604+0000] {processor.py:743} INFO - Processing file /home/airflow/.local/lib/python3.7/site-packages/airflow/example_dags/example_latest_only.py for tasks to queue
[2024-02-09T18:47:49.604+0000] {logging_mixin.py:137} INFO - [2024-02-09T18:47:49.604+0000] {dagbag.py:538} INFO - Filling up the DagBag from /home/airflow/.local/lib/python3.7/site-packages/airflow/example_dags/example_latest_only.py
[2024-02-09T18:47:49.614+0000] {processor.py:753} INFO - DAG(s) dict_keys(['latest_only']) retrieved from /home/airflow/.local/lib/python3.7/site-packages/airflow/example_dags/example_latest_only.py
[2024-02-09T18:47:49.629+0000] {logging_mixin.py:137} INFO - [2024-02-09T18:47:49.629+0000] {dag.py:2690} INFO - Sync 1 DAGs
[2024-02-09T18:47:49.644+0000] {logging_mixin.py:137} INFO - [2024-02-09T18:47:49.644+0000] {dag.py:3441} INFO - Setting next_dagrun for latest_only to 2024-02-09T14:47:49.643940+00:00, run_after=2024-02-09T18:47:49.643940+00:00
[2024-02-09T18:47:49.655+0000] {processor.py:175} INFO - Processing /home/airflow/.local/lib/python3.7/site-packages/airflow/example_dags/example_latest_only.py took 0.054 seconds
[2024-02-09T18:48:20.066+0000] {processor.py:153} INFO - Started process (PID=9051) to work on /home/airflow/.local/lib/python3.7/site-packages/airflow/example_dags/example_latest_only.py
[2024-02-09T18:48:20.066+0000] {processor.py:743} INFO - Processing file /home/airflow/.local/lib/python3.7/site-packages/airflow/example_dags/example_latest_only.py for tasks to queue
[2024-02-09T18:48:20.066+0000] {logging_mixin.py:137} INFO - [2024-02-09T18:48:20.066+0000] {dagbag.py:538} INFO - Filling up the DagBag from /home/airflow/.local/lib/python3.7/site-packages/airflow/example_dags/example_latest_only.py
[2024-02-09T18:48:20.074+0000] {processor.py:753} INFO - DAG(s) dict_keys(['latest_only']) retrieved from /home/airflow/.local/lib/python3.7/site-packages/airflow/example_dags/example_latest_only.py
[2024-02-09T18:48:20.088+0000] {logging_mixin.py:137} INFO - [2024-02-09T18:48:20.088+0000] {dag.py:2690} INFO - Sync 1 DAGs
[2024-02-09T18:48:20.103+0000] {logging_mixin.py:137} INFO - [2024-02-09T18:48:20.102+0000] {dag.py:3441} INFO - Setting next_dagrun for latest_only to 2024-02-09T14:48:20.102811+00:00, run_after=2024-02-09T18:48:20.102811+00:00
[2024-02-09T18:48:20.113+0000] {processor.py:175} INFO - Processing /home/airflow/.local/lib/python3.7/site-packages/airflow/example_dags/example_latest_only.py took 0.050 seconds
[2024-02-09T18:48:50.658+0000] {processor.py:153} INFO - Started process (PID=9186) to work on /home/airflow/.local/lib/python3.7/site-packages/airflow/example_dags/example_latest_only.py
[2024-02-09T18:48:50.659+0000] {processor.py:743} INFO - Processing file /home/airflow/.local/lib/python3.7/site-packages/airflow/example_dags/example_latest_only.py for tasks to queue
[2024-02-09T18:48:50.659+0000] {logging_mixin.py:137} INFO - [2024-02-09T18:48:50.659+0000] {dagbag.py:538} INFO - Filling up the DagBag from /home/airflow/.local/lib/python3.7/site-packages/airflow/example_dags/example_latest_only.py
[2024-02-09T18:48:50.667+0000] {processor.py:753} INFO - DAG(s) dict_keys(['latest_only']) retrieved from /home/airflow/.local/lib/python3.7/site-packages/airflow/example_dags/example_latest_only.py
[2024-02-09T18:48:50.681+0000] {logging_mixin.py:137} INFO - [2024-02-09T18:48:50.681+0000] {dag.py:2690} INFO - Sync 1 DAGs
[2024-02-09T18:48:50.695+0000] {logging_mixin.py:137} INFO - [2024-02-09T18:48:50.695+0000] {dag.py:3441} INFO - Setting next_dagrun for latest_only to 2024-02-09T14:48:50.695574+00:00, run_after=2024-02-09T18:48:50.695574+00:00
[2024-02-09T18:48:50.707+0000] {processor.py:175} INFO - Processing /home/airflow/.local/lib/python3.7/site-packages/airflow/example_dags/example_latest_only.py took 0.051 seconds
