[2024-02-09T18:11:37.434+0000] {processor.py:153} INFO - Started process (PID=63) to work on /home/airflow/.local/lib/python3.7/site-packages/airflow/example_dags/tutorial.py
[2024-02-09T18:11:37.435+0000] {processor.py:743} INFO - Processing file /home/airflow/.local/lib/python3.7/site-packages/airflow/example_dags/tutorial.py for tasks to queue
[2024-02-09T18:11:37.435+0000] {logging_mixin.py:137} INFO - [2024-02-09T18:11:37.435+0000] {dagbag.py:538} INFO - Filling up the DagBag from /home/airflow/.local/lib/python3.7/site-packages/airflow/example_dags/tutorial.py
[2024-02-09T18:11:37.446+0000] {processor.py:753} INFO - DAG(s) dict_keys(['tutorial']) retrieved from /home/airflow/.local/lib/python3.7/site-packages/airflow/example_dags/tutorial.py
[2024-02-09T18:11:37.454+0000] {logging_mixin.py:137} INFO - [2024-02-09T18:11:37.454+0000] {dag.py:2690} INFO - Sync 1 DAGs
[2024-02-09T18:11:37.470+0000] {logging_mixin.py:137} INFO - [2024-02-09T18:11:37.470+0000] {dag.py:3441} INFO - Setting next_dagrun for tutorial to 2024-02-08T18:11:37.470438+00:00, run_after=2024-02-09T18:11:37.470438+00:00
[2024-02-09T18:11:37.482+0000] {processor.py:175} INFO - Processing /home/airflow/.local/lib/python3.7/site-packages/airflow/example_dags/tutorial.py took 0.050 seconds
[2024-02-09T18:12:07.959+0000] {processor.py:153} INFO - Started process (PID=198) to work on /home/airflow/.local/lib/python3.7/site-packages/airflow/example_dags/tutorial.py
[2024-02-09T18:12:07.960+0000] {processor.py:743} INFO - Processing file /home/airflow/.local/lib/python3.7/site-packages/airflow/example_dags/tutorial.py for tasks to queue
[2024-02-09T18:12:07.960+0000] {logging_mixin.py:137} INFO - [2024-02-09T18:12:07.960+0000] {dagbag.py:538} INFO - Filling up the DagBag from /home/airflow/.local/lib/python3.7/site-packages/airflow/example_dags/tutorial.py
[2024-02-09T18:12:07.969+0000] {processor.py:753} INFO - DAG(s) dict_keys(['tutorial']) retrieved from /home/airflow/.local/lib/python3.7/site-packages/airflow/example_dags/tutorial.py
[2024-02-09T18:12:07.985+0000] {logging_mixin.py:137} INFO - [2024-02-09T18:12:07.985+0000] {dag.py:2690} INFO - Sync 1 DAGs
[2024-02-09T18:12:08.007+0000] {logging_mixin.py:137} INFO - [2024-02-09T18:12:08.007+0000] {dag.py:3441} INFO - Setting next_dagrun for tutorial to 2024-02-08T18:12:08.006903+00:00, run_after=2024-02-09T18:12:08.006903+00:00
[2024-02-09T18:12:08.018+0000] {processor.py:175} INFO - Processing /home/airflow/.local/lib/python3.7/site-packages/airflow/example_dags/tutorial.py took 0.061 seconds
[2024-02-09T18:12:38.615+0000] {processor.py:153} INFO - Started process (PID=301) to work on /home/airflow/.local/lib/python3.7/site-packages/airflow/example_dags/tutorial.py
[2024-02-09T18:12:38.615+0000] {processor.py:743} INFO - Processing file /home/airflow/.local/lib/python3.7/site-packages/airflow/example_dags/tutorial.py for tasks to queue
[2024-02-09T18:12:38.616+0000] {logging_mixin.py:137} INFO - [2024-02-09T18:12:38.616+0000] {dagbag.py:538} INFO - Filling up the DagBag from /home/airflow/.local/lib/python3.7/site-packages/airflow/example_dags/tutorial.py
[2024-02-09T18:12:38.623+0000] {processor.py:753} INFO - DAG(s) dict_keys(['tutorial']) retrieved from /home/airflow/.local/lib/python3.7/site-packages/airflow/example_dags/tutorial.py
[2024-02-09T18:12:38.637+0000] {logging_mixin.py:137} INFO - [2024-02-09T18:12:38.637+0000] {dag.py:2690} INFO - Sync 1 DAGs
[2024-02-09T18:12:38.651+0000] {logging_mixin.py:137} INFO - [2024-02-09T18:12:38.651+0000] {dag.py:3441} INFO - Setting next_dagrun for tutorial to 2024-02-08T18:12:38.651032+00:00, run_after=2024-02-09T18:12:38.651032+00:00
[2024-02-09T18:12:38.661+0000] {processor.py:175} INFO - Processing /home/airflow/.local/lib/python3.7/site-packages/airflow/example_dags/tutorial.py took 0.048 seconds
[2024-02-09T18:13:09.375+0000] {processor.py:153} INFO - Started process (PID=435) to work on /home/airflow/.local/lib/python3.7/site-packages/airflow/example_dags/tutorial.py
[2024-02-09T18:13:09.376+0000] {processor.py:743} INFO - Processing file /home/airflow/.local/lib/python3.7/site-packages/airflow/example_dags/tutorial.py for tasks to queue
[2024-02-09T18:13:09.376+0000] {logging_mixin.py:137} INFO - [2024-02-09T18:13:09.376+0000] {dagbag.py:538} INFO - Filling up the DagBag from /home/airflow/.local/lib/python3.7/site-packages/airflow/example_dags/tutorial.py
[2024-02-09T18:13:09.384+0000] {processor.py:753} INFO - DAG(s) dict_keys(['tutorial']) retrieved from /home/airflow/.local/lib/python3.7/site-packages/airflow/example_dags/tutorial.py
[2024-02-09T18:13:09.398+0000] {logging_mixin.py:137} INFO - [2024-02-09T18:13:09.398+0000] {dag.py:2690} INFO - Sync 1 DAGs
[2024-02-09T18:13:09.412+0000] {logging_mixin.py:137} INFO - [2024-02-09T18:13:09.412+0000] {dag.py:3441} INFO - Setting next_dagrun for tutorial to 2024-02-08T18:13:09.411948+00:00, run_after=2024-02-09T18:13:09.411948+00:00
[2024-02-09T18:13:09.426+0000] {processor.py:175} INFO - Processing /home/airflow/.local/lib/python3.7/site-packages/airflow/example_dags/tutorial.py took 0.052 seconds
[2024-02-09T18:13:39.897+0000] {processor.py:153} INFO - Started process (PID=570) to work on /home/airflow/.local/lib/python3.7/site-packages/airflow/example_dags/tutorial.py
[2024-02-09T18:13:39.898+0000] {processor.py:743} INFO - Processing file /home/airflow/.local/lib/python3.7/site-packages/airflow/example_dags/tutorial.py for tasks to queue
[2024-02-09T18:13:39.898+0000] {logging_mixin.py:137} INFO - [2024-02-09T18:13:39.898+0000] {dagbag.py:538} INFO - Filling up the DagBag from /home/airflow/.local/lib/python3.7/site-packages/airflow/example_dags/tutorial.py
[2024-02-09T18:13:39.906+0000] {processor.py:753} INFO - DAG(s) dict_keys(['tutorial']) retrieved from /home/airflow/.local/lib/python3.7/site-packages/airflow/example_dags/tutorial.py
[2024-02-09T18:13:39.920+0000] {logging_mixin.py:137} INFO - [2024-02-09T18:13:39.919+0000] {dag.py:2690} INFO - Sync 1 DAGs
[2024-02-09T18:13:39.934+0000] {logging_mixin.py:137} INFO - [2024-02-09T18:13:39.934+0000] {dag.py:3441} INFO - Setting next_dagrun for tutorial to 2024-02-08T18:13:39.934183+00:00, run_after=2024-02-09T18:13:39.934183+00:00
[2024-02-09T18:13:39.944+0000] {processor.py:175} INFO - Processing /home/airflow/.local/lib/python3.7/site-packages/airflow/example_dags/tutorial.py took 0.049 seconds
[2024-02-09T18:14:10.355+0000] {processor.py:153} INFO - Started process (PID=673) to work on /home/airflow/.local/lib/python3.7/site-packages/airflow/example_dags/tutorial.py
[2024-02-09T18:14:10.355+0000] {processor.py:743} INFO - Processing file /home/airflow/.local/lib/python3.7/site-packages/airflow/example_dags/tutorial.py for tasks to queue
[2024-02-09T18:14:10.356+0000] {logging_mixin.py:137} INFO - [2024-02-09T18:14:10.356+0000] {dagbag.py:538} INFO - Filling up the DagBag from /home/airflow/.local/lib/python3.7/site-packages/airflow/example_dags/tutorial.py
[2024-02-09T18:14:10.363+0000] {processor.py:753} INFO - DAG(s) dict_keys(['tutorial']) retrieved from /home/airflow/.local/lib/python3.7/site-packages/airflow/example_dags/tutorial.py
[2024-02-09T18:14:10.377+0000] {logging_mixin.py:137} INFO - [2024-02-09T18:14:10.377+0000] {dag.py:2690} INFO - Sync 1 DAGs
[2024-02-09T18:14:10.391+0000] {logging_mixin.py:137} INFO - [2024-02-09T18:14:10.391+0000] {dag.py:3441} INFO - Setting next_dagrun for tutorial to 2024-02-08T18:14:10.390955+00:00, run_after=2024-02-09T18:14:10.390955+00:00
[2024-02-09T18:14:10.405+0000] {processor.py:175} INFO - Processing /home/airflow/.local/lib/python3.7/site-packages/airflow/example_dags/tutorial.py took 0.051 seconds
[2024-02-09T18:14:40.965+0000] {processor.py:153} INFO - Started process (PID=808) to work on /home/airflow/.local/lib/python3.7/site-packages/airflow/example_dags/tutorial.py
[2024-02-09T18:14:40.966+0000] {processor.py:743} INFO - Processing file /home/airflow/.local/lib/python3.7/site-packages/airflow/example_dags/tutorial.py for tasks to queue
[2024-02-09T18:14:40.966+0000] {logging_mixin.py:137} INFO - [2024-02-09T18:14:40.966+0000] {dagbag.py:538} INFO - Filling up the DagBag from /home/airflow/.local/lib/python3.7/site-packages/airflow/example_dags/tutorial.py
[2024-02-09T18:14:40.975+0000] {processor.py:753} INFO - DAG(s) dict_keys(['tutorial']) retrieved from /home/airflow/.local/lib/python3.7/site-packages/airflow/example_dags/tutorial.py
[2024-02-09T18:14:40.988+0000] {logging_mixin.py:137} INFO - [2024-02-09T18:14:40.988+0000] {dag.py:2690} INFO - Sync 1 DAGs
[2024-02-09T18:14:41.002+0000] {logging_mixin.py:137} INFO - [2024-02-09T18:14:41.002+0000] {dag.py:3441} INFO - Setting next_dagrun for tutorial to 2024-02-08T18:14:41.002478+00:00, run_after=2024-02-09T18:14:41.002478+00:00
[2024-02-09T18:14:41.014+0000] {processor.py:175} INFO - Processing /home/airflow/.local/lib/python3.7/site-packages/airflow/example_dags/tutorial.py took 0.050 seconds
[2024-02-09T18:15:11.616+0000] {processor.py:153} INFO - Started process (PID=944) to work on /home/airflow/.local/lib/python3.7/site-packages/airflow/example_dags/tutorial.py
[2024-02-09T18:15:11.616+0000] {processor.py:743} INFO - Processing file /home/airflow/.local/lib/python3.7/site-packages/airflow/example_dags/tutorial.py for tasks to queue
[2024-02-09T18:15:11.617+0000] {logging_mixin.py:137} INFO - [2024-02-09T18:15:11.617+0000] {dagbag.py:538} INFO - Filling up the DagBag from /home/airflow/.local/lib/python3.7/site-packages/airflow/example_dags/tutorial.py
[2024-02-09T18:15:11.625+0000] {processor.py:753} INFO - DAG(s) dict_keys(['tutorial']) retrieved from /home/airflow/.local/lib/python3.7/site-packages/airflow/example_dags/tutorial.py
[2024-02-09T18:15:11.638+0000] {logging_mixin.py:137} INFO - [2024-02-09T18:15:11.638+0000] {dag.py:2690} INFO - Sync 1 DAGs
[2024-02-09T18:15:11.652+0000] {logging_mixin.py:137} INFO - [2024-02-09T18:15:11.652+0000] {dag.py:3441} INFO - Setting next_dagrun for tutorial to 2024-02-08T18:15:11.652138+00:00, run_after=2024-02-09T18:15:11.652138+00:00
[2024-02-09T18:15:11.662+0000] {processor.py:175} INFO - Processing /home/airflow/.local/lib/python3.7/site-packages/airflow/example_dags/tutorial.py took 0.048 seconds
[2024-02-09T18:15:42.014+0000] {processor.py:153} INFO - Started process (PID=1047) to work on /home/airflow/.local/lib/python3.7/site-packages/airflow/example_dags/tutorial.py
[2024-02-09T18:15:42.015+0000] {processor.py:743} INFO - Processing file /home/airflow/.local/lib/python3.7/site-packages/airflow/example_dags/tutorial.py for tasks to queue
[2024-02-09T18:15:42.015+0000] {logging_mixin.py:137} INFO - [2024-02-09T18:15:42.015+0000] {dagbag.py:538} INFO - Filling up the DagBag from /home/airflow/.local/lib/python3.7/site-packages/airflow/example_dags/tutorial.py
[2024-02-09T18:15:42.023+0000] {processor.py:753} INFO - DAG(s) dict_keys(['tutorial']) retrieved from /home/airflow/.local/lib/python3.7/site-packages/airflow/example_dags/tutorial.py
[2024-02-09T18:15:42.039+0000] {logging_mixin.py:137} INFO - [2024-02-09T18:15:42.039+0000] {dag.py:2690} INFO - Sync 1 DAGs
[2024-02-09T18:15:42.057+0000] {logging_mixin.py:137} INFO - [2024-02-09T18:15:42.057+0000] {dag.py:3441} INFO - Setting next_dagrun for tutorial to 2024-02-08T18:15:42.057461+00:00, run_after=2024-02-09T18:15:42.057461+00:00
[2024-02-09T18:15:42.070+0000] {processor.py:175} INFO - Processing /home/airflow/.local/lib/python3.7/site-packages/airflow/example_dags/tutorial.py took 0.058 seconds
[2024-02-09T18:16:12.742+0000] {processor.py:153} INFO - Started process (PID=1182) to work on /home/airflow/.local/lib/python3.7/site-packages/airflow/example_dags/tutorial.py
[2024-02-09T18:16:12.743+0000] {processor.py:743} INFO - Processing file /home/airflow/.local/lib/python3.7/site-packages/airflow/example_dags/tutorial.py for tasks to queue
[2024-02-09T18:16:12.743+0000] {logging_mixin.py:137} INFO - [2024-02-09T18:16:12.743+0000] {dagbag.py:538} INFO - Filling up the DagBag from /home/airflow/.local/lib/python3.7/site-packages/airflow/example_dags/tutorial.py
[2024-02-09T18:16:12.751+0000] {processor.py:753} INFO - DAG(s) dict_keys(['tutorial']) retrieved from /home/airflow/.local/lib/python3.7/site-packages/airflow/example_dags/tutorial.py
[2024-02-09T18:16:12.764+0000] {logging_mixin.py:137} INFO - [2024-02-09T18:16:12.764+0000] {dag.py:2690} INFO - Sync 1 DAGs
[2024-02-09T18:16:12.778+0000] {logging_mixin.py:137} INFO - [2024-02-09T18:16:12.778+0000] {dag.py:3441} INFO - Setting next_dagrun for tutorial to 2024-02-08T18:16:12.778089+00:00, run_after=2024-02-09T18:16:12.778089+00:00
[2024-02-09T18:16:12.788+0000] {processor.py:175} INFO - Processing /home/airflow/.local/lib/python3.7/site-packages/airflow/example_dags/tutorial.py took 0.048 seconds
[2024-02-09T18:16:43.250+0000] {processor.py:153} INFO - Started process (PID=1317) to work on /home/airflow/.local/lib/python3.7/site-packages/airflow/example_dags/tutorial.py
[2024-02-09T18:16:43.251+0000] {processor.py:743} INFO - Processing file /home/airflow/.local/lib/python3.7/site-packages/airflow/example_dags/tutorial.py for tasks to queue
[2024-02-09T18:16:43.251+0000] {logging_mixin.py:137} INFO - [2024-02-09T18:16:43.251+0000] {dagbag.py:538} INFO - Filling up the DagBag from /home/airflow/.local/lib/python3.7/site-packages/airflow/example_dags/tutorial.py
[2024-02-09T18:16:43.259+0000] {processor.py:753} INFO - DAG(s) dict_keys(['tutorial']) retrieved from /home/airflow/.local/lib/python3.7/site-packages/airflow/example_dags/tutorial.py
[2024-02-09T18:16:43.274+0000] {logging_mixin.py:137} INFO - [2024-02-09T18:16:43.273+0000] {dag.py:2690} INFO - Sync 1 DAGs
[2024-02-09T18:16:43.288+0000] {logging_mixin.py:137} INFO - [2024-02-09T18:16:43.288+0000] {dag.py:3441} INFO - Setting next_dagrun for tutorial to 2024-02-08T18:16:43.287902+00:00, run_after=2024-02-09T18:16:43.287902+00:00
[2024-02-09T18:16:43.299+0000] {processor.py:175} INFO - Processing /home/airflow/.local/lib/python3.7/site-packages/airflow/example_dags/tutorial.py took 0.051 seconds
[2024-02-09T18:17:13.831+0000] {processor.py:153} INFO - Started process (PID=1429) to work on /home/airflow/.local/lib/python3.7/site-packages/airflow/example_dags/tutorial.py
[2024-02-09T18:17:13.832+0000] {processor.py:743} INFO - Processing file /home/airflow/.local/lib/python3.7/site-packages/airflow/example_dags/tutorial.py for tasks to queue
[2024-02-09T18:17:13.832+0000] {logging_mixin.py:137} INFO - [2024-02-09T18:17:13.832+0000] {dagbag.py:538} INFO - Filling up the DagBag from /home/airflow/.local/lib/python3.7/site-packages/airflow/example_dags/tutorial.py
[2024-02-09T18:17:13.839+0000] {processor.py:753} INFO - DAG(s) dict_keys(['tutorial']) retrieved from /home/airflow/.local/lib/python3.7/site-packages/airflow/example_dags/tutorial.py
[2024-02-09T18:17:13.853+0000] {logging_mixin.py:137} INFO - [2024-02-09T18:17:13.853+0000] {dag.py:2690} INFO - Sync 1 DAGs
[2024-02-09T18:17:13.868+0000] {logging_mixin.py:137} INFO - [2024-02-09T18:17:13.868+0000] {dag.py:3441} INFO - Setting next_dagrun for tutorial to 2024-02-08T18:17:13.867962+00:00, run_after=2024-02-09T18:17:13.867962+00:00
[2024-02-09T18:17:13.879+0000] {processor.py:175} INFO - Processing /home/airflow/.local/lib/python3.7/site-packages/airflow/example_dags/tutorial.py took 0.050 seconds
[2024-02-09T18:17:44.493+0000] {processor.py:153} INFO - Started process (PID=1555) to work on /home/airflow/.local/lib/python3.7/site-packages/airflow/example_dags/tutorial.py
[2024-02-09T18:17:44.493+0000] {processor.py:743} INFO - Processing file /home/airflow/.local/lib/python3.7/site-packages/airflow/example_dags/tutorial.py for tasks to queue
[2024-02-09T18:17:44.494+0000] {logging_mixin.py:137} INFO - [2024-02-09T18:17:44.494+0000] {dagbag.py:538} INFO - Filling up the DagBag from /home/airflow/.local/lib/python3.7/site-packages/airflow/example_dags/tutorial.py
[2024-02-09T18:17:44.501+0000] {processor.py:753} INFO - DAG(s) dict_keys(['tutorial']) retrieved from /home/airflow/.local/lib/python3.7/site-packages/airflow/example_dags/tutorial.py
[2024-02-09T18:17:44.515+0000] {logging_mixin.py:137} INFO - [2024-02-09T18:17:44.515+0000] {dag.py:2690} INFO - Sync 1 DAGs
[2024-02-09T18:17:44.529+0000] {logging_mixin.py:137} INFO - [2024-02-09T18:17:44.529+0000] {dag.py:3441} INFO - Setting next_dagrun for tutorial to 2024-02-08T18:17:44.529253+00:00, run_after=2024-02-09T18:17:44.529253+00:00
[2024-02-09T18:17:44.541+0000] {processor.py:175} INFO - Processing /home/airflow/.local/lib/python3.7/site-packages/airflow/example_dags/tutorial.py took 0.050 seconds
[2024-02-09T18:18:14.969+0000] {processor.py:153} INFO - Started process (PID=1691) to work on /home/airflow/.local/lib/python3.7/site-packages/airflow/example_dags/tutorial.py
[2024-02-09T18:18:14.969+0000] {processor.py:743} INFO - Processing file /home/airflow/.local/lib/python3.7/site-packages/airflow/example_dags/tutorial.py for tasks to queue
[2024-02-09T18:18:14.970+0000] {logging_mixin.py:137} INFO - [2024-02-09T18:18:14.969+0000] {dagbag.py:538} INFO - Filling up the DagBag from /home/airflow/.local/lib/python3.7/site-packages/airflow/example_dags/tutorial.py
[2024-02-09T18:18:14.977+0000] {processor.py:753} INFO - DAG(s) dict_keys(['tutorial']) retrieved from /home/airflow/.local/lib/python3.7/site-packages/airflow/example_dags/tutorial.py
[2024-02-09T18:18:14.991+0000] {logging_mixin.py:137} INFO - [2024-02-09T18:18:14.991+0000] {dag.py:2690} INFO - Sync 1 DAGs
[2024-02-09T18:18:15.005+0000] {logging_mixin.py:137} INFO - [2024-02-09T18:18:15.005+0000] {dag.py:3441} INFO - Setting next_dagrun for tutorial to 2024-02-08T18:18:15.004887+00:00, run_after=2024-02-09T18:18:15.004887+00:00
[2024-02-09T18:18:15.015+0000] {processor.py:175} INFO - Processing /home/airflow/.local/lib/python3.7/site-packages/airflow/example_dags/tutorial.py took 0.048 seconds
[2024-02-09T18:18:45.484+0000] {processor.py:153} INFO - Started process (PID=1803) to work on /home/airflow/.local/lib/python3.7/site-packages/airflow/example_dags/tutorial.py
[2024-02-09T18:18:45.485+0000] {processor.py:743} INFO - Processing file /home/airflow/.local/lib/python3.7/site-packages/airflow/example_dags/tutorial.py for tasks to queue
[2024-02-09T18:18:45.485+0000] {logging_mixin.py:137} INFO - [2024-02-09T18:18:45.485+0000] {dagbag.py:538} INFO - Filling up the DagBag from /home/airflow/.local/lib/python3.7/site-packages/airflow/example_dags/tutorial.py
[2024-02-09T18:18:45.493+0000] {processor.py:753} INFO - DAG(s) dict_keys(['tutorial']) retrieved from /home/airflow/.local/lib/python3.7/site-packages/airflow/example_dags/tutorial.py
[2024-02-09T18:18:45.507+0000] {logging_mixin.py:137} INFO - [2024-02-09T18:18:45.507+0000] {dag.py:2690} INFO - Sync 1 DAGs
[2024-02-09T18:18:45.521+0000] {logging_mixin.py:137} INFO - [2024-02-09T18:18:45.520+0000] {dag.py:3441} INFO - Setting next_dagrun for tutorial to 2024-02-08T18:18:45.520815+00:00, run_after=2024-02-09T18:18:45.520815+00:00
[2024-02-09T18:18:45.531+0000] {processor.py:175} INFO - Processing /home/airflow/.local/lib/python3.7/site-packages/airflow/example_dags/tutorial.py took 0.049 seconds
[2024-02-09T18:19:16.114+0000] {processor.py:153} INFO - Started process (PID=1929) to work on /home/airflow/.local/lib/python3.7/site-packages/airflow/example_dags/tutorial.py
[2024-02-09T18:19:16.114+0000] {processor.py:743} INFO - Processing file /home/airflow/.local/lib/python3.7/site-packages/airflow/example_dags/tutorial.py for tasks to queue
[2024-02-09T18:19:16.115+0000] {logging_mixin.py:137} INFO - [2024-02-09T18:19:16.115+0000] {dagbag.py:538} INFO - Filling up the DagBag from /home/airflow/.local/lib/python3.7/site-packages/airflow/example_dags/tutorial.py
[2024-02-09T18:19:16.123+0000] {processor.py:753} INFO - DAG(s) dict_keys(['tutorial']) retrieved from /home/airflow/.local/lib/python3.7/site-packages/airflow/example_dags/tutorial.py
[2024-02-09T18:19:16.137+0000] {logging_mixin.py:137} INFO - [2024-02-09T18:19:16.136+0000] {dag.py:2690} INFO - Sync 1 DAGs
[2024-02-09T18:19:16.151+0000] {logging_mixin.py:137} INFO - [2024-02-09T18:19:16.150+0000] {dag.py:3441} INFO - Setting next_dagrun for tutorial to 2024-02-08T18:19:16.150843+00:00, run_after=2024-02-09T18:19:16.150843+00:00
[2024-02-09T18:19:16.161+0000] {processor.py:175} INFO - Processing /home/airflow/.local/lib/python3.7/site-packages/airflow/example_dags/tutorial.py took 0.049 seconds
[2024-02-09T18:19:46.608+0000] {processor.py:153} INFO - Started process (PID=2064) to work on /home/airflow/.local/lib/python3.7/site-packages/airflow/example_dags/tutorial.py
[2024-02-09T18:19:46.608+0000] {processor.py:743} INFO - Processing file /home/airflow/.local/lib/python3.7/site-packages/airflow/example_dags/tutorial.py for tasks to queue
[2024-02-09T18:19:46.609+0000] {logging_mixin.py:137} INFO - [2024-02-09T18:19:46.609+0000] {dagbag.py:538} INFO - Filling up the DagBag from /home/airflow/.local/lib/python3.7/site-packages/airflow/example_dags/tutorial.py
[2024-02-09T18:19:46.616+0000] {processor.py:753} INFO - DAG(s) dict_keys(['tutorial']) retrieved from /home/airflow/.local/lib/python3.7/site-packages/airflow/example_dags/tutorial.py
[2024-02-09T18:19:46.630+0000] {logging_mixin.py:137} INFO - [2024-02-09T18:19:46.630+0000] {dag.py:2690} INFO - Sync 1 DAGs
[2024-02-09T18:19:46.644+0000] {logging_mixin.py:137} INFO - [2024-02-09T18:19:46.644+0000] {dag.py:3441} INFO - Setting next_dagrun for tutorial to 2024-02-08T18:19:46.644654+00:00, run_after=2024-02-09T18:19:46.644654+00:00
[2024-02-09T18:19:46.655+0000] {processor.py:175} INFO - Processing /home/airflow/.local/lib/python3.7/site-packages/airflow/example_dags/tutorial.py took 0.049 seconds
[2024-02-09T18:20:17.025+0000] {processor.py:153} INFO - Started process (PID=2176) to work on /home/airflow/.local/lib/python3.7/site-packages/airflow/example_dags/tutorial.py
[2024-02-09T18:20:17.026+0000] {processor.py:743} INFO - Processing file /home/airflow/.local/lib/python3.7/site-packages/airflow/example_dags/tutorial.py for tasks to queue
[2024-02-09T18:20:17.026+0000] {logging_mixin.py:137} INFO - [2024-02-09T18:20:17.026+0000] {dagbag.py:538} INFO - Filling up the DagBag from /home/airflow/.local/lib/python3.7/site-packages/airflow/example_dags/tutorial.py
[2024-02-09T18:20:17.034+0000] {processor.py:753} INFO - DAG(s) dict_keys(['tutorial']) retrieved from /home/airflow/.local/lib/python3.7/site-packages/airflow/example_dags/tutorial.py
[2024-02-09T18:20:17.048+0000] {logging_mixin.py:137} INFO - [2024-02-09T18:20:17.048+0000] {dag.py:2690} INFO - Sync 1 DAGs
[2024-02-09T18:20:17.062+0000] {logging_mixin.py:137} INFO - [2024-02-09T18:20:17.062+0000] {dag.py:3441} INFO - Setting next_dagrun for tutorial to 2024-02-08T18:20:17.062050+00:00, run_after=2024-02-09T18:20:17.062050+00:00
[2024-02-09T18:20:17.074+0000] {processor.py:175} INFO - Processing /home/airflow/.local/lib/python3.7/site-packages/airflow/example_dags/tutorial.py took 0.051 seconds
[2024-02-09T18:20:47.853+0000] {processor.py:153} INFO - Started process (PID=2302) to work on /home/airflow/.local/lib/python3.7/site-packages/airflow/example_dags/tutorial.py
[2024-02-09T18:20:47.854+0000] {processor.py:743} INFO - Processing file /home/airflow/.local/lib/python3.7/site-packages/airflow/example_dags/tutorial.py for tasks to queue
[2024-02-09T18:20:47.854+0000] {logging_mixin.py:137} INFO - [2024-02-09T18:20:47.854+0000] {dagbag.py:538} INFO - Filling up the DagBag from /home/airflow/.local/lib/python3.7/site-packages/airflow/example_dags/tutorial.py
[2024-02-09T18:20:47.862+0000] {processor.py:753} INFO - DAG(s) dict_keys(['tutorial']) retrieved from /home/airflow/.local/lib/python3.7/site-packages/airflow/example_dags/tutorial.py
[2024-02-09T18:20:47.876+0000] {logging_mixin.py:137} INFO - [2024-02-09T18:20:47.876+0000] {dag.py:2690} INFO - Sync 1 DAGs
[2024-02-09T18:20:47.891+0000] {logging_mixin.py:137} INFO - [2024-02-09T18:20:47.891+0000] {dag.py:3441} INFO - Setting next_dagrun for tutorial to 2024-02-08T18:20:47.891277+00:00, run_after=2024-02-09T18:20:47.891277+00:00
[2024-02-09T18:20:47.902+0000] {processor.py:175} INFO - Processing /home/airflow/.local/lib/python3.7/site-packages/airflow/example_dags/tutorial.py took 0.051 seconds
[2024-02-09T18:21:18.361+0000] {processor.py:153} INFO - Started process (PID=2437) to work on /home/airflow/.local/lib/python3.7/site-packages/airflow/example_dags/tutorial.py
[2024-02-09T18:21:18.362+0000] {processor.py:743} INFO - Processing file /home/airflow/.local/lib/python3.7/site-packages/airflow/example_dags/tutorial.py for tasks to queue
[2024-02-09T18:21:18.362+0000] {logging_mixin.py:137} INFO - [2024-02-09T18:21:18.362+0000] {dagbag.py:538} INFO - Filling up the DagBag from /home/airflow/.local/lib/python3.7/site-packages/airflow/example_dags/tutorial.py
[2024-02-09T18:21:18.370+0000] {processor.py:753} INFO - DAG(s) dict_keys(['tutorial']) retrieved from /home/airflow/.local/lib/python3.7/site-packages/airflow/example_dags/tutorial.py
[2024-02-09T18:21:18.384+0000] {logging_mixin.py:137} INFO - [2024-02-09T18:21:18.384+0000] {dag.py:2690} INFO - Sync 1 DAGs
[2024-02-09T18:21:18.399+0000] {logging_mixin.py:137} INFO - [2024-02-09T18:21:18.399+0000] {dag.py:3441} INFO - Setting next_dagrun for tutorial to 2024-02-08T18:21:18.399058+00:00, run_after=2024-02-09T18:21:18.399058+00:00
[2024-02-09T18:21:18.410+0000] {processor.py:175} INFO - Processing /home/airflow/.local/lib/python3.7/site-packages/airflow/example_dags/tutorial.py took 0.051 seconds
[2024-02-09T18:21:48.939+0000] {processor.py:153} INFO - Started process (PID=2540) to work on /home/airflow/.local/lib/python3.7/site-packages/airflow/example_dags/tutorial.py
[2024-02-09T18:21:48.940+0000] {processor.py:743} INFO - Processing file /home/airflow/.local/lib/python3.7/site-packages/airflow/example_dags/tutorial.py for tasks to queue
[2024-02-09T18:21:48.940+0000] {logging_mixin.py:137} INFO - [2024-02-09T18:21:48.940+0000] {dagbag.py:538} INFO - Filling up the DagBag from /home/airflow/.local/lib/python3.7/site-packages/airflow/example_dags/tutorial.py
[2024-02-09T18:21:48.948+0000] {processor.py:753} INFO - DAG(s) dict_keys(['tutorial']) retrieved from /home/airflow/.local/lib/python3.7/site-packages/airflow/example_dags/tutorial.py
[2024-02-09T18:21:48.965+0000] {logging_mixin.py:137} INFO - [2024-02-09T18:21:48.965+0000] {dag.py:2690} INFO - Sync 1 DAGs
[2024-02-09T18:21:48.986+0000] {logging_mixin.py:137} INFO - [2024-02-09T18:21:48.986+0000] {dag.py:3441} INFO - Setting next_dagrun for tutorial to 2024-02-08T18:21:48.986288+00:00, run_after=2024-02-09T18:21:48.986288+00:00
[2024-02-09T18:21:48.998+0000] {processor.py:175} INFO - Processing /home/airflow/.local/lib/python3.7/site-packages/airflow/example_dags/tutorial.py took 0.060 seconds
[2024-02-09T18:22:19.762+0000] {processor.py:153} INFO - Started process (PID=2675) to work on /home/airflow/.local/lib/python3.7/site-packages/airflow/example_dags/tutorial.py
[2024-02-09T18:22:19.762+0000] {processor.py:743} INFO - Processing file /home/airflow/.local/lib/python3.7/site-packages/airflow/example_dags/tutorial.py for tasks to queue
[2024-02-09T18:22:19.763+0000] {logging_mixin.py:137} INFO - [2024-02-09T18:22:19.762+0000] {dagbag.py:538} INFO - Filling up the DagBag from /home/airflow/.local/lib/python3.7/site-packages/airflow/example_dags/tutorial.py
[2024-02-09T18:22:19.770+0000] {processor.py:753} INFO - DAG(s) dict_keys(['tutorial']) retrieved from /home/airflow/.local/lib/python3.7/site-packages/airflow/example_dags/tutorial.py
[2024-02-09T18:22:19.785+0000] {logging_mixin.py:137} INFO - [2024-02-09T18:22:19.784+0000] {dag.py:2690} INFO - Sync 1 DAGs
[2024-02-09T18:22:19.799+0000] {logging_mixin.py:137} INFO - [2024-02-09T18:22:19.799+0000] {dag.py:3441} INFO - Setting next_dagrun for tutorial to 2024-02-08T18:22:19.798988+00:00, run_after=2024-02-09T18:22:19.798988+00:00
[2024-02-09T18:22:19.810+0000] {processor.py:175} INFO - Processing /home/airflow/.local/lib/python3.7/site-packages/airflow/example_dags/tutorial.py took 0.050 seconds
[2024-02-09T18:22:50.186+0000] {processor.py:153} INFO - Started process (PID=2811) to work on /home/airflow/.local/lib/python3.7/site-packages/airflow/example_dags/tutorial.py
[2024-02-09T18:22:50.187+0000] {processor.py:743} INFO - Processing file /home/airflow/.local/lib/python3.7/site-packages/airflow/example_dags/tutorial.py for tasks to queue
[2024-02-09T18:22:50.187+0000] {logging_mixin.py:137} INFO - [2024-02-09T18:22:50.187+0000] {dagbag.py:538} INFO - Filling up the DagBag from /home/airflow/.local/lib/python3.7/site-packages/airflow/example_dags/tutorial.py
[2024-02-09T18:22:50.195+0000] {processor.py:753} INFO - DAG(s) dict_keys(['tutorial']) retrieved from /home/airflow/.local/lib/python3.7/site-packages/airflow/example_dags/tutorial.py
[2024-02-09T18:22:50.212+0000] {logging_mixin.py:137} INFO - [2024-02-09T18:22:50.212+0000] {dag.py:2690} INFO - Sync 1 DAGs
[2024-02-09T18:22:50.230+0000] {logging_mixin.py:137} INFO - [2024-02-09T18:22:50.230+0000] {dag.py:3441} INFO - Setting next_dagrun for tutorial to 2024-02-08T18:22:50.230736+00:00, run_after=2024-02-09T18:22:50.230736+00:00
[2024-02-09T18:22:50.243+0000] {processor.py:175} INFO - Processing /home/airflow/.local/lib/python3.7/site-packages/airflow/example_dags/tutorial.py took 0.059 seconds
[2024-02-09T18:23:20.741+0000] {processor.py:153} INFO - Started process (PID=2921) to work on /home/airflow/.local/lib/python3.7/site-packages/airflow/example_dags/tutorial.py
[2024-02-09T18:23:20.743+0000] {processor.py:743} INFO - Processing file /home/airflow/.local/lib/python3.7/site-packages/airflow/example_dags/tutorial.py for tasks to queue
[2024-02-09T18:23:20.743+0000] {logging_mixin.py:137} INFO - [2024-02-09T18:23:20.743+0000] {dagbag.py:538} INFO - Filling up the DagBag from /home/airflow/.local/lib/python3.7/site-packages/airflow/example_dags/tutorial.py
[2024-02-09T18:23:20.752+0000] {processor.py:753} INFO - DAG(s) dict_keys(['tutorial']) retrieved from /home/airflow/.local/lib/python3.7/site-packages/airflow/example_dags/tutorial.py
[2024-02-09T18:23:20.766+0000] {logging_mixin.py:137} INFO - [2024-02-09T18:23:20.766+0000] {dag.py:2690} INFO - Sync 1 DAGs
[2024-02-09T18:23:20.783+0000] {logging_mixin.py:137} INFO - [2024-02-09T18:23:20.782+0000] {dag.py:3441} INFO - Setting next_dagrun for tutorial to 2024-02-08T18:23:20.782839+00:00, run_after=2024-02-09T18:23:20.782839+00:00
[2024-02-09T18:23:20.794+0000] {processor.py:175} INFO - Processing /home/airflow/.local/lib/python3.7/site-packages/airflow/example_dags/tutorial.py took 0.055 seconds
[2024-02-09T18:23:51.449+0000] {processor.py:153} INFO - Started process (PID=3049) to work on /home/airflow/.local/lib/python3.7/site-packages/airflow/example_dags/tutorial.py
[2024-02-09T18:23:51.449+0000] {processor.py:743} INFO - Processing file /home/airflow/.local/lib/python3.7/site-packages/airflow/example_dags/tutorial.py for tasks to queue
[2024-02-09T18:23:51.449+0000] {logging_mixin.py:137} INFO - [2024-02-09T18:23:51.449+0000] {dagbag.py:538} INFO - Filling up the DagBag from /home/airflow/.local/lib/python3.7/site-packages/airflow/example_dags/tutorial.py
[2024-02-09T18:23:51.457+0000] {processor.py:753} INFO - DAG(s) dict_keys(['tutorial']) retrieved from /home/airflow/.local/lib/python3.7/site-packages/airflow/example_dags/tutorial.py
[2024-02-09T18:23:51.472+0000] {logging_mixin.py:137} INFO - [2024-02-09T18:23:51.472+0000] {dag.py:2690} INFO - Sync 1 DAGs
[2024-02-09T18:23:51.492+0000] {logging_mixin.py:137} INFO - [2024-02-09T18:23:51.491+0000] {dag.py:3441} INFO - Setting next_dagrun for tutorial to 2024-02-08T18:23:51.491735+00:00, run_after=2024-02-09T18:23:51.491735+00:00
[2024-02-09T18:23:51.510+0000] {processor.py:175} INFO - Processing /home/airflow/.local/lib/python3.7/site-packages/airflow/example_dags/tutorial.py took 0.063 seconds
[2024-02-09T18:24:22.090+0000] {processor.py:153} INFO - Started process (PID=3184) to work on /home/airflow/.local/lib/python3.7/site-packages/airflow/example_dags/tutorial.py
[2024-02-09T18:24:22.091+0000] {processor.py:743} INFO - Processing file /home/airflow/.local/lib/python3.7/site-packages/airflow/example_dags/tutorial.py for tasks to queue
[2024-02-09T18:24:22.091+0000] {logging_mixin.py:137} INFO - [2024-02-09T18:24:22.091+0000] {dagbag.py:538} INFO - Filling up the DagBag from /home/airflow/.local/lib/python3.7/site-packages/airflow/example_dags/tutorial.py
[2024-02-09T18:24:22.099+0000] {processor.py:753} INFO - DAG(s) dict_keys(['tutorial']) retrieved from /home/airflow/.local/lib/python3.7/site-packages/airflow/example_dags/tutorial.py
[2024-02-09T18:24:22.113+0000] {logging_mixin.py:137} INFO - [2024-02-09T18:24:22.113+0000] {dag.py:2690} INFO - Sync 1 DAGs
[2024-02-09T18:24:22.127+0000] {logging_mixin.py:137} INFO - [2024-02-09T18:24:22.127+0000] {dag.py:3441} INFO - Setting next_dagrun for tutorial to 2024-02-08T18:24:22.127461+00:00, run_after=2024-02-09T18:24:22.127461+00:00
[2024-02-09T18:24:22.138+0000] {processor.py:175} INFO - Processing /home/airflow/.local/lib/python3.7/site-packages/airflow/example_dags/tutorial.py took 0.049 seconds
[2024-02-09T18:24:52.708+0000] {processor.py:153} INFO - Started process (PID=3296) to work on /home/airflow/.local/lib/python3.7/site-packages/airflow/example_dags/tutorial.py
[2024-02-09T18:24:52.708+0000] {processor.py:743} INFO - Processing file /home/airflow/.local/lib/python3.7/site-packages/airflow/example_dags/tutorial.py for tasks to queue
[2024-02-09T18:24:52.709+0000] {logging_mixin.py:137} INFO - [2024-02-09T18:24:52.709+0000] {dagbag.py:538} INFO - Filling up the DagBag from /home/airflow/.local/lib/python3.7/site-packages/airflow/example_dags/tutorial.py
[2024-02-09T18:24:52.717+0000] {processor.py:753} INFO - DAG(s) dict_keys(['tutorial']) retrieved from /home/airflow/.local/lib/python3.7/site-packages/airflow/example_dags/tutorial.py
[2024-02-09T18:24:52.731+0000] {logging_mixin.py:137} INFO - [2024-02-09T18:24:52.731+0000] {dag.py:2690} INFO - Sync 1 DAGs
[2024-02-09T18:24:52.746+0000] {logging_mixin.py:137} INFO - [2024-02-09T18:24:52.746+0000] {dag.py:3441} INFO - Setting next_dagrun for tutorial to 2024-02-08T18:24:52.746112+00:00, run_after=2024-02-09T18:24:52.746112+00:00
[2024-02-09T18:24:52.757+0000] {processor.py:175} INFO - Processing /home/airflow/.local/lib/python3.7/site-packages/airflow/example_dags/tutorial.py took 0.051 seconds
[2024-02-09T18:25:23.354+0000] {processor.py:153} INFO - Started process (PID=3422) to work on /home/airflow/.local/lib/python3.7/site-packages/airflow/example_dags/tutorial.py
[2024-02-09T18:25:23.355+0000] {processor.py:743} INFO - Processing file /home/airflow/.local/lib/python3.7/site-packages/airflow/example_dags/tutorial.py for tasks to queue
[2024-02-09T18:25:23.355+0000] {logging_mixin.py:137} INFO - [2024-02-09T18:25:23.355+0000] {dagbag.py:538} INFO - Filling up the DagBag from /home/airflow/.local/lib/python3.7/site-packages/airflow/example_dags/tutorial.py
[2024-02-09T18:25:23.363+0000] {processor.py:753} INFO - DAG(s) dict_keys(['tutorial']) retrieved from /home/airflow/.local/lib/python3.7/site-packages/airflow/example_dags/tutorial.py
[2024-02-09T18:25:23.377+0000] {logging_mixin.py:137} INFO - [2024-02-09T18:25:23.377+0000] {dag.py:2690} INFO - Sync 1 DAGs
[2024-02-09T18:25:23.392+0000] {logging_mixin.py:137} INFO - [2024-02-09T18:25:23.392+0000] {dag.py:3441} INFO - Setting next_dagrun for tutorial to 2024-02-08T18:25:23.392079+00:00, run_after=2024-02-09T18:25:23.392079+00:00
[2024-02-09T18:25:23.403+0000] {processor.py:175} INFO - Processing /home/airflow/.local/lib/python3.7/site-packages/airflow/example_dags/tutorial.py took 0.051 seconds
[2024-02-09T18:25:53.872+0000] {processor.py:153} INFO - Started process (PID=3557) to work on /home/airflow/.local/lib/python3.7/site-packages/airflow/example_dags/tutorial.py
[2024-02-09T18:25:53.873+0000] {processor.py:743} INFO - Processing file /home/airflow/.local/lib/python3.7/site-packages/airflow/example_dags/tutorial.py for tasks to queue
[2024-02-09T18:25:53.873+0000] {logging_mixin.py:137} INFO - [2024-02-09T18:25:53.873+0000] {dagbag.py:538} INFO - Filling up the DagBag from /home/airflow/.local/lib/python3.7/site-packages/airflow/example_dags/tutorial.py
[2024-02-09T18:25:53.881+0000] {processor.py:753} INFO - DAG(s) dict_keys(['tutorial']) retrieved from /home/airflow/.local/lib/python3.7/site-packages/airflow/example_dags/tutorial.py
[2024-02-09T18:25:53.895+0000] {logging_mixin.py:137} INFO - [2024-02-09T18:25:53.895+0000] {dag.py:2690} INFO - Sync 1 DAGs
[2024-02-09T18:25:53.910+0000] {logging_mixin.py:137} INFO - [2024-02-09T18:25:53.910+0000] {dag.py:3441} INFO - Setting next_dagrun for tutorial to 2024-02-08T18:25:53.910234+00:00, run_after=2024-02-09T18:25:53.910234+00:00
[2024-02-09T18:25:53.921+0000] {processor.py:175} INFO - Processing /home/airflow/.local/lib/python3.7/site-packages/airflow/example_dags/tutorial.py took 0.051 seconds
[2024-02-09T18:26:24.424+0000] {processor.py:153} INFO - Started process (PID=3669) to work on /home/airflow/.local/lib/python3.7/site-packages/airflow/example_dags/tutorial.py
[2024-02-09T18:26:24.425+0000] {processor.py:743} INFO - Processing file /home/airflow/.local/lib/python3.7/site-packages/airflow/example_dags/tutorial.py for tasks to queue
[2024-02-09T18:26:24.425+0000] {logging_mixin.py:137} INFO - [2024-02-09T18:26:24.425+0000] {dagbag.py:538} INFO - Filling up the DagBag from /home/airflow/.local/lib/python3.7/site-packages/airflow/example_dags/tutorial.py
[2024-02-09T18:26:24.433+0000] {processor.py:753} INFO - DAG(s) dict_keys(['tutorial']) retrieved from /home/airflow/.local/lib/python3.7/site-packages/airflow/example_dags/tutorial.py
[2024-02-09T18:26:24.448+0000] {logging_mixin.py:137} INFO - [2024-02-09T18:26:24.448+0000] {dag.py:2690} INFO - Sync 1 DAGs
[2024-02-09T18:26:24.463+0000] {logging_mixin.py:137} INFO - [2024-02-09T18:26:24.462+0000] {dag.py:3441} INFO - Setting next_dagrun for tutorial to 2024-02-08T18:26:24.462785+00:00, run_after=2024-02-09T18:26:24.462785+00:00
[2024-02-09T18:26:24.475+0000] {processor.py:175} INFO - Processing /home/airflow/.local/lib/python3.7/site-packages/airflow/example_dags/tutorial.py took 0.053 seconds
[2024-02-09T18:26:55.096+0000] {processor.py:153} INFO - Started process (PID=3795) to work on /home/airflow/.local/lib/python3.7/site-packages/airflow/example_dags/tutorial.py
[2024-02-09T18:26:55.096+0000] {processor.py:743} INFO - Processing file /home/airflow/.local/lib/python3.7/site-packages/airflow/example_dags/tutorial.py for tasks to queue
[2024-02-09T18:26:55.096+0000] {logging_mixin.py:137} INFO - [2024-02-09T18:26:55.096+0000] {dagbag.py:538} INFO - Filling up the DagBag from /home/airflow/.local/lib/python3.7/site-packages/airflow/example_dags/tutorial.py
[2024-02-09T18:26:55.104+0000] {processor.py:753} INFO - DAG(s) dict_keys(['tutorial']) retrieved from /home/airflow/.local/lib/python3.7/site-packages/airflow/example_dags/tutorial.py
[2024-02-09T18:26:55.117+0000] {logging_mixin.py:137} INFO - [2024-02-09T18:26:55.117+0000] {dag.py:2690} INFO - Sync 1 DAGs
[2024-02-09T18:26:55.132+0000] {logging_mixin.py:137} INFO - [2024-02-09T18:26:55.132+0000] {dag.py:3441} INFO - Setting next_dagrun for tutorial to 2024-02-08T18:26:55.131278+00:00, run_after=2024-02-09T18:26:55.131278+00:00
[2024-02-09T18:26:55.142+0000] {processor.py:175} INFO - Processing /home/airflow/.local/lib/python3.7/site-packages/airflow/example_dags/tutorial.py took 0.048 seconds
[2024-02-09T18:27:25.629+0000] {processor.py:153} INFO - Started process (PID=3930) to work on /home/airflow/.local/lib/python3.7/site-packages/airflow/example_dags/tutorial.py
[2024-02-09T18:27:25.630+0000] {processor.py:743} INFO - Processing file /home/airflow/.local/lib/python3.7/site-packages/airflow/example_dags/tutorial.py for tasks to queue
[2024-02-09T18:27:25.630+0000] {logging_mixin.py:137} INFO - [2024-02-09T18:27:25.630+0000] {dagbag.py:538} INFO - Filling up the DagBag from /home/airflow/.local/lib/python3.7/site-packages/airflow/example_dags/tutorial.py
[2024-02-09T18:27:25.638+0000] {processor.py:753} INFO - DAG(s) dict_keys(['tutorial']) retrieved from /home/airflow/.local/lib/python3.7/site-packages/airflow/example_dags/tutorial.py
[2024-02-09T18:27:25.653+0000] {logging_mixin.py:137} INFO - [2024-02-09T18:27:25.653+0000] {dag.py:2690} INFO - Sync 1 DAGs
[2024-02-09T18:27:25.667+0000] {logging_mixin.py:137} INFO - [2024-02-09T18:27:25.667+0000] {dag.py:3441} INFO - Setting next_dagrun for tutorial to 2024-02-08T18:27:25.667688+00:00, run_after=2024-02-09T18:27:25.667688+00:00
[2024-02-09T18:27:25.678+0000] {processor.py:175} INFO - Processing /home/airflow/.local/lib/python3.7/site-packages/airflow/example_dags/tutorial.py took 0.051 seconds
[2024-02-09T18:27:56.125+0000] {processor.py:153} INFO - Started process (PID=4042) to work on /home/airflow/.local/lib/python3.7/site-packages/airflow/example_dags/tutorial.py
[2024-02-09T18:27:56.125+0000] {processor.py:743} INFO - Processing file /home/airflow/.local/lib/python3.7/site-packages/airflow/example_dags/tutorial.py for tasks to queue
[2024-02-09T18:27:56.126+0000] {logging_mixin.py:137} INFO - [2024-02-09T18:27:56.126+0000] {dagbag.py:538} INFO - Filling up the DagBag from /home/airflow/.local/lib/python3.7/site-packages/airflow/example_dags/tutorial.py
[2024-02-09T18:27:56.135+0000] {processor.py:753} INFO - DAG(s) dict_keys(['tutorial']) retrieved from /home/airflow/.local/lib/python3.7/site-packages/airflow/example_dags/tutorial.py
[2024-02-09T18:27:56.150+0000] {logging_mixin.py:137} INFO - [2024-02-09T18:27:56.150+0000] {dag.py:2690} INFO - Sync 1 DAGs
[2024-02-09T18:27:56.164+0000] {logging_mixin.py:137} INFO - [2024-02-09T18:27:56.164+0000] {dag.py:3441} INFO - Setting next_dagrun for tutorial to 2024-02-08T18:27:56.164619+00:00, run_after=2024-02-09T18:27:56.164619+00:00
[2024-02-09T18:27:56.176+0000] {processor.py:175} INFO - Processing /home/airflow/.local/lib/python3.7/site-packages/airflow/example_dags/tutorial.py took 0.053 seconds
[2024-02-09T18:28:26.787+0000] {processor.py:153} INFO - Started process (PID=4168) to work on /home/airflow/.local/lib/python3.7/site-packages/airflow/example_dags/tutorial.py
[2024-02-09T18:28:26.787+0000] {processor.py:743} INFO - Processing file /home/airflow/.local/lib/python3.7/site-packages/airflow/example_dags/tutorial.py for tasks to queue
[2024-02-09T18:28:26.788+0000] {logging_mixin.py:137} INFO - [2024-02-09T18:28:26.787+0000] {dagbag.py:538} INFO - Filling up the DagBag from /home/airflow/.local/lib/python3.7/site-packages/airflow/example_dags/tutorial.py
[2024-02-09T18:28:26.795+0000] {processor.py:753} INFO - DAG(s) dict_keys(['tutorial']) retrieved from /home/airflow/.local/lib/python3.7/site-packages/airflow/example_dags/tutorial.py
[2024-02-09T18:28:26.809+0000] {logging_mixin.py:137} INFO - [2024-02-09T18:28:26.809+0000] {dag.py:2690} INFO - Sync 1 DAGs
[2024-02-09T18:28:26.824+0000] {logging_mixin.py:137} INFO - [2024-02-09T18:28:26.823+0000] {dag.py:3441} INFO - Setting next_dagrun for tutorial to 2024-02-08T18:28:26.823810+00:00, run_after=2024-02-09T18:28:26.823810+00:00
[2024-02-09T18:28:26.834+0000] {processor.py:175} INFO - Processing /home/airflow/.local/lib/python3.7/site-packages/airflow/example_dags/tutorial.py took 0.050 seconds
[2024-02-09T18:28:57.276+0000] {processor.py:153} INFO - Started process (PID=4303) to work on /home/airflow/.local/lib/python3.7/site-packages/airflow/example_dags/tutorial.py
[2024-02-09T18:28:57.276+0000] {processor.py:743} INFO - Processing file /home/airflow/.local/lib/python3.7/site-packages/airflow/example_dags/tutorial.py for tasks to queue
[2024-02-09T18:28:57.277+0000] {logging_mixin.py:137} INFO - [2024-02-09T18:28:57.277+0000] {dagbag.py:538} INFO - Filling up the DagBag from /home/airflow/.local/lib/python3.7/site-packages/airflow/example_dags/tutorial.py
[2024-02-09T18:28:57.286+0000] {processor.py:753} INFO - DAG(s) dict_keys(['tutorial']) retrieved from /home/airflow/.local/lib/python3.7/site-packages/airflow/example_dags/tutorial.py
[2024-02-09T18:28:57.300+0000] {logging_mixin.py:137} INFO - [2024-02-09T18:28:57.300+0000] {dag.py:2690} INFO - Sync 1 DAGs
[2024-02-09T18:28:57.315+0000] {logging_mixin.py:137} INFO - [2024-02-09T18:28:57.314+0000] {dag.py:3441} INFO - Setting next_dagrun for tutorial to 2024-02-08T18:28:57.314804+00:00, run_after=2024-02-09T18:28:57.314804+00:00
[2024-02-09T18:28:57.325+0000] {processor.py:175} INFO - Processing /home/airflow/.local/lib/python3.7/site-packages/airflow/example_dags/tutorial.py took 0.051 seconds
[2024-02-09T18:29:27.868+0000] {processor.py:153} INFO - Started process (PID=4415) to work on /home/airflow/.local/lib/python3.7/site-packages/airflow/example_dags/tutorial.py
[2024-02-09T18:29:27.869+0000] {processor.py:743} INFO - Processing file /home/airflow/.local/lib/python3.7/site-packages/airflow/example_dags/tutorial.py for tasks to queue
[2024-02-09T18:29:27.869+0000] {logging_mixin.py:137} INFO - [2024-02-09T18:29:27.869+0000] {dagbag.py:538} INFO - Filling up the DagBag from /home/airflow/.local/lib/python3.7/site-packages/airflow/example_dags/tutorial.py
[2024-02-09T18:29:27.878+0000] {processor.py:753} INFO - DAG(s) dict_keys(['tutorial']) retrieved from /home/airflow/.local/lib/python3.7/site-packages/airflow/example_dags/tutorial.py
[2024-02-09T18:29:27.893+0000] {logging_mixin.py:137} INFO - [2024-02-09T18:29:27.893+0000] {dag.py:2690} INFO - Sync 1 DAGs
[2024-02-09T18:29:27.908+0000] {logging_mixin.py:137} INFO - [2024-02-09T18:29:27.908+0000] {dag.py:3441} INFO - Setting next_dagrun for tutorial to 2024-02-08T18:29:27.908162+00:00, run_after=2024-02-09T18:29:27.908162+00:00
[2024-02-09T18:29:27.920+0000] {processor.py:175} INFO - Processing /home/airflow/.local/lib/python3.7/site-packages/airflow/example_dags/tutorial.py took 0.054 seconds
[2024-02-09T18:29:58.716+0000] {processor.py:153} INFO - Started process (PID=4548) to work on /home/airflow/.local/lib/python3.7/site-packages/airflow/example_dags/tutorial.py
[2024-02-09T18:29:58.717+0000] {processor.py:743} INFO - Processing file /home/airflow/.local/lib/python3.7/site-packages/airflow/example_dags/tutorial.py for tasks to queue
[2024-02-09T18:29:58.717+0000] {logging_mixin.py:137} INFO - [2024-02-09T18:29:58.717+0000] {dagbag.py:538} INFO - Filling up the DagBag from /home/airflow/.local/lib/python3.7/site-packages/airflow/example_dags/tutorial.py
[2024-02-09T18:29:58.725+0000] {processor.py:753} INFO - DAG(s) dict_keys(['tutorial']) retrieved from /home/airflow/.local/lib/python3.7/site-packages/airflow/example_dags/tutorial.py
[2024-02-09T18:29:58.738+0000] {logging_mixin.py:137} INFO - [2024-02-09T18:29:58.738+0000] {dag.py:2690} INFO - Sync 1 DAGs
[2024-02-09T18:29:58.752+0000] {logging_mixin.py:137} INFO - [2024-02-09T18:29:58.752+0000] {dag.py:3441} INFO - Setting next_dagrun for tutorial to 2024-02-08T18:29:58.752526+00:00, run_after=2024-02-09T18:29:58.752526+00:00
[2024-02-09T18:29:58.763+0000] {processor.py:175} INFO - Processing /home/airflow/.local/lib/python3.7/site-packages/airflow/example_dags/tutorial.py took 0.048 seconds
[2024-02-09T18:30:29.153+0000] {processor.py:153} INFO - Started process (PID=4682) to work on /home/airflow/.local/lib/python3.7/site-packages/airflow/example_dags/tutorial.py
[2024-02-09T18:30:29.153+0000] {processor.py:743} INFO - Processing file /home/airflow/.local/lib/python3.7/site-packages/airflow/example_dags/tutorial.py for tasks to queue
[2024-02-09T18:30:29.154+0000] {logging_mixin.py:137} INFO - [2024-02-09T18:30:29.154+0000] {dagbag.py:538} INFO - Filling up the DagBag from /home/airflow/.local/lib/python3.7/site-packages/airflow/example_dags/tutorial.py
[2024-02-09T18:30:29.162+0000] {processor.py:753} INFO - DAG(s) dict_keys(['tutorial']) retrieved from /home/airflow/.local/lib/python3.7/site-packages/airflow/example_dags/tutorial.py
[2024-02-09T18:30:29.177+0000] {logging_mixin.py:137} INFO - [2024-02-09T18:30:29.177+0000] {dag.py:2690} INFO - Sync 1 DAGs
[2024-02-09T18:30:29.192+0000] {logging_mixin.py:137} INFO - [2024-02-09T18:30:29.192+0000] {dag.py:3441} INFO - Setting next_dagrun for tutorial to 2024-02-08T18:30:29.192561+00:00, run_after=2024-02-09T18:30:29.192561+00:00
[2024-02-09T18:30:29.204+0000] {processor.py:175} INFO - Processing /home/airflow/.local/lib/python3.7/site-packages/airflow/example_dags/tutorial.py took 0.054 seconds
[2024-02-09T18:30:59.666+0000] {processor.py:153} INFO - Started process (PID=4786) to work on /home/airflow/.local/lib/python3.7/site-packages/airflow/example_dags/tutorial.py
[2024-02-09T18:30:59.666+0000] {processor.py:743} INFO - Processing file /home/airflow/.local/lib/python3.7/site-packages/airflow/example_dags/tutorial.py for tasks to queue
[2024-02-09T18:30:59.667+0000] {logging_mixin.py:137} INFO - [2024-02-09T18:30:59.666+0000] {dagbag.py:538} INFO - Filling up the DagBag from /home/airflow/.local/lib/python3.7/site-packages/airflow/example_dags/tutorial.py
[2024-02-09T18:30:59.674+0000] {processor.py:753} INFO - DAG(s) dict_keys(['tutorial']) retrieved from /home/airflow/.local/lib/python3.7/site-packages/airflow/example_dags/tutorial.py
[2024-02-09T18:30:59.688+0000] {logging_mixin.py:137} INFO - [2024-02-09T18:30:59.688+0000] {dag.py:2690} INFO - Sync 1 DAGs
[2024-02-09T18:30:59.702+0000] {logging_mixin.py:137} INFO - [2024-02-09T18:30:59.702+0000] {dag.py:3441} INFO - Setting next_dagrun for tutorial to 2024-02-08T18:30:59.702309+00:00, run_after=2024-02-09T18:30:59.702309+00:00
[2024-02-09T18:30:59.713+0000] {processor.py:175} INFO - Processing /home/airflow/.local/lib/python3.7/site-packages/airflow/example_dags/tutorial.py took 0.049 seconds
[2024-02-09T18:31:30.345+0000] {processor.py:153} INFO - Started process (PID=4921) to work on /home/airflow/.local/lib/python3.7/site-packages/airflow/example_dags/tutorial.py
[2024-02-09T18:31:30.345+0000] {processor.py:743} INFO - Processing file /home/airflow/.local/lib/python3.7/site-packages/airflow/example_dags/tutorial.py for tasks to queue
[2024-02-09T18:31:30.346+0000] {logging_mixin.py:137} INFO - [2024-02-09T18:31:30.346+0000] {dagbag.py:538} INFO - Filling up the DagBag from /home/airflow/.local/lib/python3.7/site-packages/airflow/example_dags/tutorial.py
[2024-02-09T18:31:30.354+0000] {processor.py:753} INFO - DAG(s) dict_keys(['tutorial']) retrieved from /home/airflow/.local/lib/python3.7/site-packages/airflow/example_dags/tutorial.py
[2024-02-09T18:31:30.368+0000] {logging_mixin.py:137} INFO - [2024-02-09T18:31:30.368+0000] {dag.py:2690} INFO - Sync 1 DAGs
[2024-02-09T18:31:30.384+0000] {logging_mixin.py:137} INFO - [2024-02-09T18:31:30.384+0000] {dag.py:3441} INFO - Setting next_dagrun for tutorial to 2024-02-08T18:31:30.384226+00:00, run_after=2024-02-09T18:31:30.384226+00:00
[2024-02-09T18:31:30.396+0000] {processor.py:175} INFO - Processing /home/airflow/.local/lib/python3.7/site-packages/airflow/example_dags/tutorial.py took 0.054 seconds
[2024-02-09T18:32:00.872+0000] {processor.py:153} INFO - Started process (PID=5056) to work on /home/airflow/.local/lib/python3.7/site-packages/airflow/example_dags/tutorial.py
[2024-02-09T18:32:00.873+0000] {processor.py:743} INFO - Processing file /home/airflow/.local/lib/python3.7/site-packages/airflow/example_dags/tutorial.py for tasks to queue
[2024-02-09T18:32:00.873+0000] {logging_mixin.py:137} INFO - [2024-02-09T18:32:00.873+0000] {dagbag.py:538} INFO - Filling up the DagBag from /home/airflow/.local/lib/python3.7/site-packages/airflow/example_dags/tutorial.py
[2024-02-09T18:32:00.881+0000] {processor.py:753} INFO - DAG(s) dict_keys(['tutorial']) retrieved from /home/airflow/.local/lib/python3.7/site-packages/airflow/example_dags/tutorial.py
[2024-02-09T18:32:00.895+0000] {logging_mixin.py:137} INFO - [2024-02-09T18:32:00.895+0000] {dag.py:2690} INFO - Sync 1 DAGs
[2024-02-09T18:32:00.909+0000] {logging_mixin.py:137} INFO - [2024-02-09T18:32:00.909+0000] {dag.py:3441} INFO - Setting next_dagrun for tutorial to 2024-02-08T18:32:00.909551+00:00, run_after=2024-02-09T18:32:00.909551+00:00
[2024-02-09T18:32:00.921+0000] {processor.py:175} INFO - Processing /home/airflow/.local/lib/python3.7/site-packages/airflow/example_dags/tutorial.py took 0.051 seconds
[2024-02-09T18:32:31.330+0000] {processor.py:153} INFO - Started process (PID=5159) to work on /home/airflow/.local/lib/python3.7/site-packages/airflow/example_dags/tutorial.py
[2024-02-09T18:32:31.331+0000] {processor.py:743} INFO - Processing file /home/airflow/.local/lib/python3.7/site-packages/airflow/example_dags/tutorial.py for tasks to queue
[2024-02-09T18:32:31.331+0000] {logging_mixin.py:137} INFO - [2024-02-09T18:32:31.331+0000] {dagbag.py:538} INFO - Filling up the DagBag from /home/airflow/.local/lib/python3.7/site-packages/airflow/example_dags/tutorial.py
[2024-02-09T18:32:31.339+0000] {processor.py:753} INFO - DAG(s) dict_keys(['tutorial']) retrieved from /home/airflow/.local/lib/python3.7/site-packages/airflow/example_dags/tutorial.py
[2024-02-09T18:32:31.353+0000] {logging_mixin.py:137} INFO - [2024-02-09T18:32:31.353+0000] {dag.py:2690} INFO - Sync 1 DAGs
[2024-02-09T18:32:31.368+0000] {logging_mixin.py:137} INFO - [2024-02-09T18:32:31.368+0000] {dag.py:3441} INFO - Setting next_dagrun for tutorial to 2024-02-08T18:32:31.367975+00:00, run_after=2024-02-09T18:32:31.367975+00:00
[2024-02-09T18:32:31.379+0000] {processor.py:175} INFO - Processing /home/airflow/.local/lib/python3.7/site-packages/airflow/example_dags/tutorial.py took 0.051 seconds
[2024-02-09T18:33:02.041+0000] {processor.py:153} INFO - Started process (PID=5294) to work on /home/airflow/.local/lib/python3.7/site-packages/airflow/example_dags/tutorial.py
[2024-02-09T18:33:02.042+0000] {processor.py:743} INFO - Processing file /home/airflow/.local/lib/python3.7/site-packages/airflow/example_dags/tutorial.py for tasks to queue
[2024-02-09T18:33:02.042+0000] {logging_mixin.py:137} INFO - [2024-02-09T18:33:02.042+0000] {dagbag.py:538} INFO - Filling up the DagBag from /home/airflow/.local/lib/python3.7/site-packages/airflow/example_dags/tutorial.py
[2024-02-09T18:33:02.050+0000] {processor.py:753} INFO - DAG(s) dict_keys(['tutorial']) retrieved from /home/airflow/.local/lib/python3.7/site-packages/airflow/example_dags/tutorial.py
[2024-02-09T18:33:02.074+0000] {logging_mixin.py:137} INFO - [2024-02-09T18:33:02.074+0000] {dag.py:2690} INFO - Sync 1 DAGs
[2024-02-09T18:33:02.096+0000] {logging_mixin.py:137} INFO - [2024-02-09T18:33:02.096+0000] {dag.py:3441} INFO - Setting next_dagrun for tutorial to 2024-02-08T18:33:02.095929+00:00, run_after=2024-02-09T18:33:02.095929+00:00
[2024-02-09T18:33:02.114+0000] {processor.py:175} INFO - Processing /home/airflow/.local/lib/python3.7/site-packages/airflow/example_dags/tutorial.py took 0.075 seconds
[2024-02-09T18:33:32.683+0000] {processor.py:153} INFO - Started process (PID=5429) to work on /home/airflow/.local/lib/python3.7/site-packages/airflow/example_dags/tutorial.py
[2024-02-09T18:33:32.684+0000] {processor.py:743} INFO - Processing file /home/airflow/.local/lib/python3.7/site-packages/airflow/example_dags/tutorial.py for tasks to queue
[2024-02-09T18:33:32.684+0000] {logging_mixin.py:137} INFO - [2024-02-09T18:33:32.684+0000] {dagbag.py:538} INFO - Filling up the DagBag from /home/airflow/.local/lib/python3.7/site-packages/airflow/example_dags/tutorial.py
[2024-02-09T18:33:32.692+0000] {processor.py:753} INFO - DAG(s) dict_keys(['tutorial']) retrieved from /home/airflow/.local/lib/python3.7/site-packages/airflow/example_dags/tutorial.py
[2024-02-09T18:33:32.707+0000] {logging_mixin.py:137} INFO - [2024-02-09T18:33:32.707+0000] {dag.py:2690} INFO - Sync 1 DAGs
[2024-02-09T18:33:32.722+0000] {logging_mixin.py:137} INFO - [2024-02-09T18:33:32.721+0000] {dag.py:3441} INFO - Setting next_dagrun for tutorial to 2024-02-08T18:33:32.721831+00:00, run_after=2024-02-09T18:33:32.721831+00:00
[2024-02-09T18:33:32.735+0000] {processor.py:175} INFO - Processing /home/airflow/.local/lib/python3.7/site-packages/airflow/example_dags/tutorial.py took 0.053 seconds
[2024-02-09T18:34:03.217+0000] {processor.py:153} INFO - Started process (PID=5539) to work on /home/airflow/.local/lib/python3.7/site-packages/airflow/example_dags/tutorial.py
[2024-02-09T18:34:03.218+0000] {processor.py:743} INFO - Processing file /home/airflow/.local/lib/python3.7/site-packages/airflow/example_dags/tutorial.py for tasks to queue
[2024-02-09T18:34:03.218+0000] {logging_mixin.py:137} INFO - [2024-02-09T18:34:03.218+0000] {dagbag.py:538} INFO - Filling up the DagBag from /home/airflow/.local/lib/python3.7/site-packages/airflow/example_dags/tutorial.py
[2024-02-09T18:34:03.226+0000] {processor.py:753} INFO - DAG(s) dict_keys(['tutorial']) retrieved from /home/airflow/.local/lib/python3.7/site-packages/airflow/example_dags/tutorial.py
[2024-02-09T18:34:03.240+0000] {logging_mixin.py:137} INFO - [2024-02-09T18:34:03.240+0000] {dag.py:2690} INFO - Sync 1 DAGs
[2024-02-09T18:34:03.255+0000] {logging_mixin.py:137} INFO - [2024-02-09T18:34:03.255+0000] {dag.py:3441} INFO - Setting next_dagrun for tutorial to 2024-02-08T18:34:03.255505+00:00, run_after=2024-02-09T18:34:03.255505+00:00
[2024-02-09T18:34:03.270+0000] {processor.py:175} INFO - Processing /home/airflow/.local/lib/python3.7/site-packages/airflow/example_dags/tutorial.py took 0.055 seconds
[2024-02-09T18:34:33.833+0000] {processor.py:153} INFO - Started process (PID=5667) to work on /home/airflow/.local/lib/python3.7/site-packages/airflow/example_dags/tutorial.py
[2024-02-09T18:34:33.833+0000] {processor.py:743} INFO - Processing file /home/airflow/.local/lib/python3.7/site-packages/airflow/example_dags/tutorial.py for tasks to queue
[2024-02-09T18:34:33.834+0000] {logging_mixin.py:137} INFO - [2024-02-09T18:34:33.834+0000] {dagbag.py:538} INFO - Filling up the DagBag from /home/airflow/.local/lib/python3.7/site-packages/airflow/example_dags/tutorial.py
[2024-02-09T18:34:33.842+0000] {processor.py:753} INFO - DAG(s) dict_keys(['tutorial']) retrieved from /home/airflow/.local/lib/python3.7/site-packages/airflow/example_dags/tutorial.py
[2024-02-09T18:34:33.856+0000] {logging_mixin.py:137} INFO - [2024-02-09T18:34:33.856+0000] {dag.py:2690} INFO - Sync 1 DAGs
[2024-02-09T18:34:33.871+0000] {logging_mixin.py:137} INFO - [2024-02-09T18:34:33.871+0000] {dag.py:3441} INFO - Setting next_dagrun for tutorial to 2024-02-08T18:34:33.871374+00:00, run_after=2024-02-09T18:34:33.871374+00:00
[2024-02-09T18:34:33.882+0000] {processor.py:175} INFO - Processing /home/airflow/.local/lib/python3.7/site-packages/airflow/example_dags/tutorial.py took 0.051 seconds
[2024-02-09T18:35:04.460+0000] {processor.py:153} INFO - Started process (PID=5802) to work on /home/airflow/.local/lib/python3.7/site-packages/airflow/example_dags/tutorial.py
[2024-02-09T18:35:04.460+0000] {processor.py:743} INFO - Processing file /home/airflow/.local/lib/python3.7/site-packages/airflow/example_dags/tutorial.py for tasks to queue
[2024-02-09T18:35:04.461+0000] {logging_mixin.py:137} INFO - [2024-02-09T18:35:04.460+0000] {dagbag.py:538} INFO - Filling up the DagBag from /home/airflow/.local/lib/python3.7/site-packages/airflow/example_dags/tutorial.py
[2024-02-09T18:35:04.469+0000] {processor.py:753} INFO - DAG(s) dict_keys(['tutorial']) retrieved from /home/airflow/.local/lib/python3.7/site-packages/airflow/example_dags/tutorial.py
[2024-02-09T18:35:04.485+0000] {logging_mixin.py:137} INFO - [2024-02-09T18:35:04.485+0000] {dag.py:2690} INFO - Sync 1 DAGs
[2024-02-09T18:35:04.499+0000] {logging_mixin.py:137} INFO - [2024-02-09T18:35:04.499+0000] {dag.py:3441} INFO - Setting next_dagrun for tutorial to 2024-02-08T18:35:04.499535+00:00, run_after=2024-02-09T18:35:04.499535+00:00
[2024-02-09T18:35:04.510+0000] {processor.py:175} INFO - Processing /home/airflow/.local/lib/python3.7/site-packages/airflow/example_dags/tutorial.py took 0.052 seconds
[2024-02-09T18:35:35.148+0000] {processor.py:153} INFO - Started process (PID=5914) to work on /home/airflow/.local/lib/python3.7/site-packages/airflow/example_dags/tutorial.py
[2024-02-09T18:35:35.149+0000] {processor.py:743} INFO - Processing file /home/airflow/.local/lib/python3.7/site-packages/airflow/example_dags/tutorial.py for tasks to queue
[2024-02-09T18:35:35.149+0000] {logging_mixin.py:137} INFO - [2024-02-09T18:35:35.149+0000] {dagbag.py:538} INFO - Filling up the DagBag from /home/airflow/.local/lib/python3.7/site-packages/airflow/example_dags/tutorial.py
[2024-02-09T18:35:35.157+0000] {processor.py:753} INFO - DAG(s) dict_keys(['tutorial']) retrieved from /home/airflow/.local/lib/python3.7/site-packages/airflow/example_dags/tutorial.py
[2024-02-09T18:35:35.174+0000] {logging_mixin.py:137} INFO - [2024-02-09T18:35:35.174+0000] {dag.py:2690} INFO - Sync 1 DAGs
[2024-02-09T18:35:35.194+0000] {logging_mixin.py:137} INFO - [2024-02-09T18:35:35.193+0000] {dag.py:3441} INFO - Setting next_dagrun for tutorial to 2024-02-08T18:35:35.193819+00:00, run_after=2024-02-09T18:35:35.193819+00:00
[2024-02-09T18:35:35.205+0000] {processor.py:175} INFO - Processing /home/airflow/.local/lib/python3.7/site-packages/airflow/example_dags/tutorial.py took 0.059 seconds
[2024-02-09T18:36:05.912+0000] {processor.py:153} INFO - Started process (PID=6040) to work on /home/airflow/.local/lib/python3.7/site-packages/airflow/example_dags/tutorial.py
[2024-02-09T18:36:05.912+0000] {processor.py:743} INFO - Processing file /home/airflow/.local/lib/python3.7/site-packages/airflow/example_dags/tutorial.py for tasks to queue
[2024-02-09T18:36:05.913+0000] {logging_mixin.py:137} INFO - [2024-02-09T18:36:05.913+0000] {dagbag.py:538} INFO - Filling up the DagBag from /home/airflow/.local/lib/python3.7/site-packages/airflow/example_dags/tutorial.py
[2024-02-09T18:36:05.920+0000] {processor.py:753} INFO - DAG(s) dict_keys(['tutorial']) retrieved from /home/airflow/.local/lib/python3.7/site-packages/airflow/example_dags/tutorial.py
[2024-02-09T18:36:05.935+0000] {logging_mixin.py:137} INFO - [2024-02-09T18:36:05.935+0000] {dag.py:2690} INFO - Sync 1 DAGs
[2024-02-09T18:36:05.949+0000] {logging_mixin.py:137} INFO - [2024-02-09T18:36:05.949+0000] {dag.py:3441} INFO - Setting next_dagrun for tutorial to 2024-02-08T18:36:05.949510+00:00, run_after=2024-02-09T18:36:05.949510+00:00
[2024-02-09T18:36:05.961+0000] {processor.py:175} INFO - Processing /home/airflow/.local/lib/python3.7/site-packages/airflow/example_dags/tutorial.py took 0.052 seconds
[2024-02-09T18:36:36.331+0000] {processor.py:153} INFO - Started process (PID=6175) to work on /home/airflow/.local/lib/python3.7/site-packages/airflow/example_dags/tutorial.py
[2024-02-09T18:36:36.332+0000] {processor.py:743} INFO - Processing file /home/airflow/.local/lib/python3.7/site-packages/airflow/example_dags/tutorial.py for tasks to queue
[2024-02-09T18:36:36.332+0000] {logging_mixin.py:137} INFO - [2024-02-09T18:36:36.332+0000] {dagbag.py:538} INFO - Filling up the DagBag from /home/airflow/.local/lib/python3.7/site-packages/airflow/example_dags/tutorial.py
[2024-02-09T18:36:36.339+0000] {processor.py:753} INFO - DAG(s) dict_keys(['tutorial']) retrieved from /home/airflow/.local/lib/python3.7/site-packages/airflow/example_dags/tutorial.py
[2024-02-09T18:36:36.352+0000] {logging_mixin.py:137} INFO - [2024-02-09T18:36:36.352+0000] {dag.py:2690} INFO - Sync 1 DAGs
[2024-02-09T18:36:36.366+0000] {logging_mixin.py:137} INFO - [2024-02-09T18:36:36.366+0000] {dag.py:3441} INFO - Setting next_dagrun for tutorial to 2024-02-08T18:36:36.366489+00:00, run_after=2024-02-09T18:36:36.366489+00:00
[2024-02-09T18:36:36.377+0000] {processor.py:175} INFO - Processing /home/airflow/.local/lib/python3.7/site-packages/airflow/example_dags/tutorial.py took 0.048 seconds
[2024-02-09T18:37:06.842+0000] {processor.py:153} INFO - Started process (PID=6287) to work on /home/airflow/.local/lib/python3.7/site-packages/airflow/example_dags/tutorial.py
[2024-02-09T18:37:06.843+0000] {processor.py:743} INFO - Processing file /home/airflow/.local/lib/python3.7/site-packages/airflow/example_dags/tutorial.py for tasks to queue
[2024-02-09T18:37:06.843+0000] {logging_mixin.py:137} INFO - [2024-02-09T18:37:06.843+0000] {dagbag.py:538} INFO - Filling up the DagBag from /home/airflow/.local/lib/python3.7/site-packages/airflow/example_dags/tutorial.py
[2024-02-09T18:37:06.851+0000] {processor.py:753} INFO - DAG(s) dict_keys(['tutorial']) retrieved from /home/airflow/.local/lib/python3.7/site-packages/airflow/example_dags/tutorial.py
[2024-02-09T18:37:06.866+0000] {logging_mixin.py:137} INFO - [2024-02-09T18:37:06.866+0000] {dag.py:2690} INFO - Sync 1 DAGs
[2024-02-09T18:37:06.880+0000] {logging_mixin.py:137} INFO - [2024-02-09T18:37:06.880+0000] {dag.py:3441} INFO - Setting next_dagrun for tutorial to 2024-02-08T18:37:06.880530+00:00, run_after=2024-02-09T18:37:06.880530+00:00
[2024-02-09T18:37:06.892+0000] {processor.py:175} INFO - Processing /home/airflow/.local/lib/python3.7/site-packages/airflow/example_dags/tutorial.py took 0.052 seconds
[2024-02-09T18:37:37.565+0000] {processor.py:153} INFO - Started process (PID=6413) to work on /home/airflow/.local/lib/python3.7/site-packages/airflow/example_dags/tutorial.py
[2024-02-09T18:37:37.566+0000] {processor.py:743} INFO - Processing file /home/airflow/.local/lib/python3.7/site-packages/airflow/example_dags/tutorial.py for tasks to queue
[2024-02-09T18:37:37.566+0000] {logging_mixin.py:137} INFO - [2024-02-09T18:37:37.566+0000] {dagbag.py:538} INFO - Filling up the DagBag from /home/airflow/.local/lib/python3.7/site-packages/airflow/example_dags/tutorial.py
[2024-02-09T18:37:37.574+0000] {processor.py:753} INFO - DAG(s) dict_keys(['tutorial']) retrieved from /home/airflow/.local/lib/python3.7/site-packages/airflow/example_dags/tutorial.py
[2024-02-09T18:37:37.589+0000] {logging_mixin.py:137} INFO - [2024-02-09T18:37:37.588+0000] {dag.py:2690} INFO - Sync 1 DAGs
[2024-02-09T18:37:37.603+0000] {logging_mixin.py:137} INFO - [2024-02-09T18:37:37.603+0000] {dag.py:3441} INFO - Setting next_dagrun for tutorial to 2024-02-08T18:37:37.602966+00:00, run_after=2024-02-09T18:37:37.602966+00:00
[2024-02-09T18:37:37.614+0000] {processor.py:175} INFO - Processing /home/airflow/.local/lib/python3.7/site-packages/airflow/example_dags/tutorial.py took 0.050 seconds
[2024-02-09T18:38:08.065+0000] {processor.py:153} INFO - Started process (PID=6549) to work on /home/airflow/.local/lib/python3.7/site-packages/airflow/example_dags/tutorial.py
[2024-02-09T18:38:08.066+0000] {processor.py:743} INFO - Processing file /home/airflow/.local/lib/python3.7/site-packages/airflow/example_dags/tutorial.py for tasks to queue
[2024-02-09T18:38:08.066+0000] {logging_mixin.py:137} INFO - [2024-02-09T18:38:08.066+0000] {dagbag.py:538} INFO - Filling up the DagBag from /home/airflow/.local/lib/python3.7/site-packages/airflow/example_dags/tutorial.py
[2024-02-09T18:38:08.074+0000] {processor.py:753} INFO - DAG(s) dict_keys(['tutorial']) retrieved from /home/airflow/.local/lib/python3.7/site-packages/airflow/example_dags/tutorial.py
[2024-02-09T18:38:08.089+0000] {logging_mixin.py:137} INFO - [2024-02-09T18:38:08.089+0000] {dag.py:2690} INFO - Sync 1 DAGs
[2024-02-09T18:38:08.104+0000] {logging_mixin.py:137} INFO - [2024-02-09T18:38:08.104+0000] {dag.py:3441} INFO - Setting next_dagrun for tutorial to 2024-02-08T18:38:08.104033+00:00, run_after=2024-02-09T18:38:08.104033+00:00
[2024-02-09T18:38:08.115+0000] {processor.py:175} INFO - Processing /home/airflow/.local/lib/python3.7/site-packages/airflow/example_dags/tutorial.py took 0.052 seconds
[2024-02-09T18:38:38.600+0000] {processor.py:153} INFO - Started process (PID=6652) to work on /home/airflow/.local/lib/python3.7/site-packages/airflow/example_dags/tutorial.py
[2024-02-09T18:38:38.601+0000] {processor.py:743} INFO - Processing file /home/airflow/.local/lib/python3.7/site-packages/airflow/example_dags/tutorial.py for tasks to queue
[2024-02-09T18:38:38.602+0000] {logging_mixin.py:137} INFO - [2024-02-09T18:38:38.601+0000] {dagbag.py:538} INFO - Filling up the DagBag from /home/airflow/.local/lib/python3.7/site-packages/airflow/example_dags/tutorial.py
[2024-02-09T18:38:38.609+0000] {processor.py:753} INFO - DAG(s) dict_keys(['tutorial']) retrieved from /home/airflow/.local/lib/python3.7/site-packages/airflow/example_dags/tutorial.py
[2024-02-09T18:38:38.623+0000] {logging_mixin.py:137} INFO - [2024-02-09T18:38:38.623+0000] {dag.py:2690} INFO - Sync 1 DAGs
[2024-02-09T18:38:38.640+0000] {logging_mixin.py:137} INFO - [2024-02-09T18:38:38.640+0000] {dag.py:3441} INFO - Setting next_dagrun for tutorial to 2024-02-08T18:38:38.640616+00:00, run_after=2024-02-09T18:38:38.640616+00:00
[2024-02-09T18:38:38.654+0000] {processor.py:175} INFO - Processing /home/airflow/.local/lib/python3.7/site-packages/airflow/example_dags/tutorial.py took 0.055 seconds
[2024-02-09T18:39:09.302+0000] {processor.py:153} INFO - Started process (PID=6787) to work on /home/airflow/.local/lib/python3.7/site-packages/airflow/example_dags/tutorial.py
[2024-02-09T18:39:09.302+0000] {processor.py:743} INFO - Processing file /home/airflow/.local/lib/python3.7/site-packages/airflow/example_dags/tutorial.py for tasks to queue
[2024-02-09T18:39:09.303+0000] {logging_mixin.py:137} INFO - [2024-02-09T18:39:09.303+0000] {dagbag.py:538} INFO - Filling up the DagBag from /home/airflow/.local/lib/python3.7/site-packages/airflow/example_dags/tutorial.py
[2024-02-09T18:39:09.311+0000] {processor.py:753} INFO - DAG(s) dict_keys(['tutorial']) retrieved from /home/airflow/.local/lib/python3.7/site-packages/airflow/example_dags/tutorial.py
[2024-02-09T18:39:09.325+0000] {logging_mixin.py:137} INFO - [2024-02-09T18:39:09.325+0000] {dag.py:2690} INFO - Sync 1 DAGs
[2024-02-09T18:39:09.339+0000] {logging_mixin.py:137} INFO - [2024-02-09T18:39:09.339+0000] {dag.py:3441} INFO - Setting next_dagrun for tutorial to 2024-02-08T18:39:09.339092+00:00, run_after=2024-02-09T18:39:09.339092+00:00
[2024-02-09T18:39:09.350+0000] {processor.py:175} INFO - Processing /home/airflow/.local/lib/python3.7/site-packages/airflow/example_dags/tutorial.py took 0.051 seconds
[2024-02-09T18:39:39.866+0000] {processor.py:153} INFO - Started process (PID=6922) to work on /home/airflow/.local/lib/python3.7/site-packages/airflow/example_dags/tutorial.py
[2024-02-09T18:39:39.867+0000] {processor.py:743} INFO - Processing file /home/airflow/.local/lib/python3.7/site-packages/airflow/example_dags/tutorial.py for tasks to queue
[2024-02-09T18:39:39.867+0000] {logging_mixin.py:137} INFO - [2024-02-09T18:39:39.867+0000] {dagbag.py:538} INFO - Filling up the DagBag from /home/airflow/.local/lib/python3.7/site-packages/airflow/example_dags/tutorial.py
[2024-02-09T18:39:39.875+0000] {processor.py:753} INFO - DAG(s) dict_keys(['tutorial']) retrieved from /home/airflow/.local/lib/python3.7/site-packages/airflow/example_dags/tutorial.py
[2024-02-09T18:39:39.888+0000] {logging_mixin.py:137} INFO - [2024-02-09T18:39:39.888+0000] {dag.py:2690} INFO - Sync 1 DAGs
[2024-02-09T18:39:39.903+0000] {logging_mixin.py:137} INFO - [2024-02-09T18:39:39.903+0000] {dag.py:3441} INFO - Setting next_dagrun for tutorial to 2024-02-08T18:39:39.903083+00:00, run_after=2024-02-09T18:39:39.903083+00:00
[2024-02-09T18:39:39.914+0000] {processor.py:175} INFO - Processing /home/airflow/.local/lib/python3.7/site-packages/airflow/example_dags/tutorial.py took 0.050 seconds
[2024-02-09T18:40:10.399+0000] {processor.py:153} INFO - Started process (PID=7025) to work on /home/airflow/.local/lib/python3.7/site-packages/airflow/example_dags/tutorial.py
[2024-02-09T18:40:10.400+0000] {processor.py:743} INFO - Processing file /home/airflow/.local/lib/python3.7/site-packages/airflow/example_dags/tutorial.py for tasks to queue
[2024-02-09T18:40:10.400+0000] {logging_mixin.py:137} INFO - [2024-02-09T18:40:10.400+0000] {dagbag.py:538} INFO - Filling up the DagBag from /home/airflow/.local/lib/python3.7/site-packages/airflow/example_dags/tutorial.py
[2024-02-09T18:40:10.408+0000] {processor.py:753} INFO - DAG(s) dict_keys(['tutorial']) retrieved from /home/airflow/.local/lib/python3.7/site-packages/airflow/example_dags/tutorial.py
[2024-02-09T18:40:10.421+0000] {logging_mixin.py:137} INFO - [2024-02-09T18:40:10.421+0000] {dag.py:2690} INFO - Sync 1 DAGs
[2024-02-09T18:40:10.435+0000] {logging_mixin.py:137} INFO - [2024-02-09T18:40:10.435+0000] {dag.py:3441} INFO - Setting next_dagrun for tutorial to 2024-02-08T18:40:10.435716+00:00, run_after=2024-02-09T18:40:10.435716+00:00
[2024-02-09T18:40:10.446+0000] {processor.py:175} INFO - Processing /home/airflow/.local/lib/python3.7/site-packages/airflow/example_dags/tutorial.py took 0.048 seconds
[2024-02-09T18:40:41.103+0000] {processor.py:153} INFO - Started process (PID=7160) to work on /home/airflow/.local/lib/python3.7/site-packages/airflow/example_dags/tutorial.py
[2024-02-09T18:40:41.103+0000] {processor.py:743} INFO - Processing file /home/airflow/.local/lib/python3.7/site-packages/airflow/example_dags/tutorial.py for tasks to queue
[2024-02-09T18:40:41.104+0000] {logging_mixin.py:137} INFO - [2024-02-09T18:40:41.103+0000] {dagbag.py:538} INFO - Filling up the DagBag from /home/airflow/.local/lib/python3.7/site-packages/airflow/example_dags/tutorial.py
[2024-02-09T18:40:41.111+0000] {processor.py:753} INFO - DAG(s) dict_keys(['tutorial']) retrieved from /home/airflow/.local/lib/python3.7/site-packages/airflow/example_dags/tutorial.py
[2024-02-09T18:40:41.126+0000] {logging_mixin.py:137} INFO - [2024-02-09T18:40:41.126+0000] {dag.py:2690} INFO - Sync 1 DAGs
[2024-02-09T18:40:41.141+0000] {logging_mixin.py:137} INFO - [2024-02-09T18:40:41.140+0000] {dag.py:3441} INFO - Setting next_dagrun for tutorial to 2024-02-08T18:40:41.140845+00:00, run_after=2024-02-09T18:40:41.140845+00:00
[2024-02-09T18:40:41.152+0000] {processor.py:175} INFO - Processing /home/airflow/.local/lib/python3.7/site-packages/airflow/example_dags/tutorial.py took 0.052 seconds
[2024-02-09T18:41:11.629+0000] {processor.py:153} INFO - Started process (PID=7295) to work on /home/airflow/.local/lib/python3.7/site-packages/airflow/example_dags/tutorial.py
[2024-02-09T18:41:11.630+0000] {processor.py:743} INFO - Processing file /home/airflow/.local/lib/python3.7/site-packages/airflow/example_dags/tutorial.py for tasks to queue
[2024-02-09T18:41:11.630+0000] {logging_mixin.py:137} INFO - [2024-02-09T18:41:11.630+0000] {dagbag.py:538} INFO - Filling up the DagBag from /home/airflow/.local/lib/python3.7/site-packages/airflow/example_dags/tutorial.py
[2024-02-09T18:41:11.638+0000] {processor.py:753} INFO - DAG(s) dict_keys(['tutorial']) retrieved from /home/airflow/.local/lib/python3.7/site-packages/airflow/example_dags/tutorial.py
[2024-02-09T18:41:11.653+0000] {logging_mixin.py:137} INFO - [2024-02-09T18:41:11.653+0000] {dag.py:2690} INFO - Sync 1 DAGs
[2024-02-09T18:41:11.667+0000] {logging_mixin.py:137} INFO - [2024-02-09T18:41:11.667+0000] {dag.py:3441} INFO - Setting next_dagrun for tutorial to 2024-02-08T18:41:11.667526+00:00, run_after=2024-02-09T18:41:11.667526+00:00
[2024-02-09T18:41:11.679+0000] {processor.py:175} INFO - Processing /home/airflow/.local/lib/python3.7/site-packages/airflow/example_dags/tutorial.py took 0.052 seconds
[2024-02-09T18:41:42.061+0000] {processor.py:153} INFO - Started process (PID=7398) to work on /home/airflow/.local/lib/python3.7/site-packages/airflow/example_dags/tutorial.py
[2024-02-09T18:41:42.062+0000] {processor.py:743} INFO - Processing file /home/airflow/.local/lib/python3.7/site-packages/airflow/example_dags/tutorial.py for tasks to queue
[2024-02-09T18:41:42.063+0000] {logging_mixin.py:137} INFO - [2024-02-09T18:41:42.062+0000] {dagbag.py:538} INFO - Filling up the DagBag from /home/airflow/.local/lib/python3.7/site-packages/airflow/example_dags/tutorial.py
[2024-02-09T18:41:42.070+0000] {processor.py:753} INFO - DAG(s) dict_keys(['tutorial']) retrieved from /home/airflow/.local/lib/python3.7/site-packages/airflow/example_dags/tutorial.py
[2024-02-09T18:41:42.085+0000] {logging_mixin.py:137} INFO - [2024-02-09T18:41:42.085+0000] {dag.py:2690} INFO - Sync 1 DAGs
[2024-02-09T18:41:42.108+0000] {logging_mixin.py:137} INFO - [2024-02-09T18:41:42.108+0000] {dag.py:3441} INFO - Setting next_dagrun for tutorial to 2024-02-08T18:41:42.108213+00:00, run_after=2024-02-09T18:41:42.108213+00:00
[2024-02-09T18:41:42.120+0000] {processor.py:175} INFO - Processing /home/airflow/.local/lib/python3.7/site-packages/airflow/example_dags/tutorial.py took 0.060 seconds
[2024-02-09T18:42:12.642+0000] {processor.py:153} INFO - Started process (PID=7533) to work on /home/airflow/.local/lib/python3.7/site-packages/airflow/example_dags/tutorial.py
[2024-02-09T18:42:12.648+0000] {processor.py:743} INFO - Processing file /home/airflow/.local/lib/python3.7/site-packages/airflow/example_dags/tutorial.py for tasks to queue
[2024-02-09T18:42:12.648+0000] {logging_mixin.py:137} INFO - [2024-02-09T18:42:12.648+0000] {dagbag.py:538} INFO - Filling up the DagBag from /home/airflow/.local/lib/python3.7/site-packages/airflow/example_dags/tutorial.py
[2024-02-09T18:42:12.665+0000] {processor.py:753} INFO - DAG(s) dict_keys(['tutorial']) retrieved from /home/airflow/.local/lib/python3.7/site-packages/airflow/example_dags/tutorial.py
[2024-02-09T18:42:12.686+0000] {logging_mixin.py:137} INFO - [2024-02-09T18:42:12.686+0000] {dag.py:2690} INFO - Sync 1 DAGs
[2024-02-09T18:42:12.708+0000] {logging_mixin.py:137} INFO - [2024-02-09T18:42:12.708+0000] {dag.py:3441} INFO - Setting next_dagrun for tutorial to 2024-02-08T18:42:12.707844+00:00, run_after=2024-02-09T18:42:12.707844+00:00
[2024-02-09T18:42:12.742+0000] {processor.py:175} INFO - Processing /home/airflow/.local/lib/python3.7/site-packages/airflow/example_dags/tutorial.py took 0.103 seconds
[2024-02-09T18:42:43.297+0000] {processor.py:153} INFO - Started process (PID=7668) to work on /home/airflow/.local/lib/python3.7/site-packages/airflow/example_dags/tutorial.py
[2024-02-09T18:42:43.298+0000] {processor.py:743} INFO - Processing file /home/airflow/.local/lib/python3.7/site-packages/airflow/example_dags/tutorial.py for tasks to queue
[2024-02-09T18:42:43.298+0000] {logging_mixin.py:137} INFO - [2024-02-09T18:42:43.298+0000] {dagbag.py:538} INFO - Filling up the DagBag from /home/airflow/.local/lib/python3.7/site-packages/airflow/example_dags/tutorial.py
[2024-02-09T18:42:43.306+0000] {processor.py:753} INFO - DAG(s) dict_keys(['tutorial']) retrieved from /home/airflow/.local/lib/python3.7/site-packages/airflow/example_dags/tutorial.py
[2024-02-09T18:42:43.321+0000] {logging_mixin.py:137} INFO - [2024-02-09T18:42:43.321+0000] {dag.py:2690} INFO - Sync 1 DAGs
[2024-02-09T18:42:43.336+0000] {logging_mixin.py:137} INFO - [2024-02-09T18:42:43.335+0000] {dag.py:3441} INFO - Setting next_dagrun for tutorial to 2024-02-08T18:42:43.335833+00:00, run_after=2024-02-09T18:42:43.335833+00:00
[2024-02-09T18:42:43.348+0000] {processor.py:175} INFO - Processing /home/airflow/.local/lib/python3.7/site-packages/airflow/example_dags/tutorial.py took 0.052 seconds
[2024-02-09T18:43:13.786+0000] {processor.py:153} INFO - Started process (PID=7771) to work on /home/airflow/.local/lib/python3.7/site-packages/airflow/example_dags/tutorial.py
[2024-02-09T18:43:13.787+0000] {processor.py:743} INFO - Processing file /home/airflow/.local/lib/python3.7/site-packages/airflow/example_dags/tutorial.py for tasks to queue
[2024-02-09T18:43:13.787+0000] {logging_mixin.py:137} INFO - [2024-02-09T18:43:13.787+0000] {dagbag.py:538} INFO - Filling up the DagBag from /home/airflow/.local/lib/python3.7/site-packages/airflow/example_dags/tutorial.py
[2024-02-09T18:43:13.795+0000] {processor.py:753} INFO - DAG(s) dict_keys(['tutorial']) retrieved from /home/airflow/.local/lib/python3.7/site-packages/airflow/example_dags/tutorial.py
[2024-02-09T18:43:13.809+0000] {logging_mixin.py:137} INFO - [2024-02-09T18:43:13.808+0000] {dag.py:2690} INFO - Sync 1 DAGs
[2024-02-09T18:43:13.823+0000] {logging_mixin.py:137} INFO - [2024-02-09T18:43:13.822+0000] {dag.py:3441} INFO - Setting next_dagrun for tutorial to 2024-02-08T18:43:13.822833+00:00, run_after=2024-02-09T18:43:13.822833+00:00
[2024-02-09T18:43:13.834+0000] {processor.py:175} INFO - Processing /home/airflow/.local/lib/python3.7/site-packages/airflow/example_dags/tutorial.py took 0.050 seconds
[2024-02-09T18:43:44.441+0000] {processor.py:153} INFO - Started process (PID=7907) to work on /home/airflow/.local/lib/python3.7/site-packages/airflow/example_dags/tutorial.py
[2024-02-09T18:43:44.441+0000] {processor.py:743} INFO - Processing file /home/airflow/.local/lib/python3.7/site-packages/airflow/example_dags/tutorial.py for tasks to queue
[2024-02-09T18:43:44.442+0000] {logging_mixin.py:137} INFO - [2024-02-09T18:43:44.442+0000] {dagbag.py:538} INFO - Filling up the DagBag from /home/airflow/.local/lib/python3.7/site-packages/airflow/example_dags/tutorial.py
[2024-02-09T18:43:44.449+0000] {processor.py:753} INFO - DAG(s) dict_keys(['tutorial']) retrieved from /home/airflow/.local/lib/python3.7/site-packages/airflow/example_dags/tutorial.py
[2024-02-09T18:43:44.463+0000] {logging_mixin.py:137} INFO - [2024-02-09T18:43:44.463+0000] {dag.py:2690} INFO - Sync 1 DAGs
[2024-02-09T18:43:44.478+0000] {logging_mixin.py:137} INFO - [2024-02-09T18:43:44.478+0000] {dag.py:3441} INFO - Setting next_dagrun for tutorial to 2024-02-08T18:43:44.477979+00:00, run_after=2024-02-09T18:43:44.477979+00:00
[2024-02-09T18:43:44.490+0000] {processor.py:175} INFO - Processing /home/airflow/.local/lib/python3.7/site-packages/airflow/example_dags/tutorial.py took 0.051 seconds
[2024-02-09T18:44:14.975+0000] {processor.py:153} INFO - Started process (PID=8042) to work on /home/airflow/.local/lib/python3.7/site-packages/airflow/example_dags/tutorial.py
[2024-02-09T18:44:14.975+0000] {processor.py:743} INFO - Processing file /home/airflow/.local/lib/python3.7/site-packages/airflow/example_dags/tutorial.py for tasks to queue
[2024-02-09T18:44:14.976+0000] {logging_mixin.py:137} INFO - [2024-02-09T18:44:14.976+0000] {dagbag.py:538} INFO - Filling up the DagBag from /home/airflow/.local/lib/python3.7/site-packages/airflow/example_dags/tutorial.py
[2024-02-09T18:44:14.984+0000] {processor.py:753} INFO - DAG(s) dict_keys(['tutorial']) retrieved from /home/airflow/.local/lib/python3.7/site-packages/airflow/example_dags/tutorial.py
[2024-02-09T18:44:15.000+0000] {logging_mixin.py:137} INFO - [2024-02-09T18:44:15.000+0000] {dag.py:2690} INFO - Sync 1 DAGs
[2024-02-09T18:44:15.014+0000] {logging_mixin.py:137} INFO - [2024-02-09T18:44:15.014+0000] {dag.py:3441} INFO - Setting next_dagrun for tutorial to 2024-02-08T18:44:15.014676+00:00, run_after=2024-02-09T18:44:15.014676+00:00
[2024-02-09T18:44:15.026+0000] {processor.py:175} INFO - Processing /home/airflow/.local/lib/python3.7/site-packages/airflow/example_dags/tutorial.py took 0.053 seconds
[2024-02-09T18:44:45.402+0000] {processor.py:153} INFO - Started process (PID=8145) to work on /home/airflow/.local/lib/python3.7/site-packages/airflow/example_dags/tutorial.py
[2024-02-09T18:44:45.403+0000] {processor.py:743} INFO - Processing file /home/airflow/.local/lib/python3.7/site-packages/airflow/example_dags/tutorial.py for tasks to queue
[2024-02-09T18:44:45.403+0000] {logging_mixin.py:137} INFO - [2024-02-09T18:44:45.403+0000] {dagbag.py:538} INFO - Filling up the DagBag from /home/airflow/.local/lib/python3.7/site-packages/airflow/example_dags/tutorial.py
[2024-02-09T18:44:45.412+0000] {processor.py:753} INFO - DAG(s) dict_keys(['tutorial']) retrieved from /home/airflow/.local/lib/python3.7/site-packages/airflow/example_dags/tutorial.py
[2024-02-09T18:44:45.428+0000] {logging_mixin.py:137} INFO - [2024-02-09T18:44:45.428+0000] {dag.py:2690} INFO - Sync 1 DAGs
[2024-02-09T18:44:45.443+0000] {logging_mixin.py:137} INFO - [2024-02-09T18:44:45.443+0000] {dag.py:3441} INFO - Setting next_dagrun for tutorial to 2024-02-08T18:44:45.443597+00:00, run_after=2024-02-09T18:44:45.443597+00:00
[2024-02-09T18:44:45.454+0000] {processor.py:175} INFO - Processing /home/airflow/.local/lib/python3.7/site-packages/airflow/example_dags/tutorial.py took 0.054 seconds
[2024-02-09T18:45:15.971+0000] {processor.py:153} INFO - Started process (PID=8280) to work on /home/airflow/.local/lib/python3.7/site-packages/airflow/example_dags/tutorial.py
[2024-02-09T18:45:15.972+0000] {processor.py:743} INFO - Processing file /home/airflow/.local/lib/python3.7/site-packages/airflow/example_dags/tutorial.py for tasks to queue
[2024-02-09T18:45:15.972+0000] {logging_mixin.py:137} INFO - [2024-02-09T18:45:15.972+0000] {dagbag.py:538} INFO - Filling up the DagBag from /home/airflow/.local/lib/python3.7/site-packages/airflow/example_dags/tutorial.py
[2024-02-09T18:45:15.979+0000] {processor.py:753} INFO - DAG(s) dict_keys(['tutorial']) retrieved from /home/airflow/.local/lib/python3.7/site-packages/airflow/example_dags/tutorial.py
[2024-02-09T18:45:15.994+0000] {logging_mixin.py:137} INFO - [2024-02-09T18:45:15.994+0000] {dag.py:2690} INFO - Sync 1 DAGs
[2024-02-09T18:45:16.008+0000] {logging_mixin.py:137} INFO - [2024-02-09T18:45:16.008+0000] {dag.py:3441} INFO - Setting next_dagrun for tutorial to 2024-02-08T18:45:16.008702+00:00, run_after=2024-02-09T18:45:16.008702+00:00
[2024-02-09T18:45:16.020+0000] {processor.py:175} INFO - Processing /home/airflow/.local/lib/python3.7/site-packages/airflow/example_dags/tutorial.py took 0.051 seconds
[2024-02-09T18:45:46.549+0000] {processor.py:153} INFO - Started process (PID=8415) to work on /home/airflow/.local/lib/python3.7/site-packages/airflow/example_dags/tutorial.py
[2024-02-09T18:45:46.550+0000] {processor.py:743} INFO - Processing file /home/airflow/.local/lib/python3.7/site-packages/airflow/example_dags/tutorial.py for tasks to queue
[2024-02-09T18:45:46.550+0000] {logging_mixin.py:137} INFO - [2024-02-09T18:45:46.550+0000] {dagbag.py:538} INFO - Filling up the DagBag from /home/airflow/.local/lib/python3.7/site-packages/airflow/example_dags/tutorial.py
[2024-02-09T18:45:46.558+0000] {processor.py:753} INFO - DAG(s) dict_keys(['tutorial']) retrieved from /home/airflow/.local/lib/python3.7/site-packages/airflow/example_dags/tutorial.py
[2024-02-09T18:45:46.572+0000] {logging_mixin.py:137} INFO - [2024-02-09T18:45:46.572+0000] {dag.py:2690} INFO - Sync 1 DAGs
[2024-02-09T18:45:46.586+0000] {logging_mixin.py:137} INFO - [2024-02-09T18:45:46.586+0000] {dag.py:3441} INFO - Setting next_dagrun for tutorial to 2024-02-08T18:45:46.586768+00:00, run_after=2024-02-09T18:45:46.586768+00:00
[2024-02-09T18:45:46.597+0000] {processor.py:175} INFO - Processing /home/airflow/.local/lib/python3.7/site-packages/airflow/example_dags/tutorial.py took 0.050 seconds
[2024-02-09T18:46:17.052+0000] {processor.py:153} INFO - Started process (PID=8518) to work on /home/airflow/.local/lib/python3.7/site-packages/airflow/example_dags/tutorial.py
[2024-02-09T18:46:17.052+0000] {processor.py:743} INFO - Processing file /home/airflow/.local/lib/python3.7/site-packages/airflow/example_dags/tutorial.py for tasks to queue
[2024-02-09T18:46:17.053+0000] {logging_mixin.py:137} INFO - [2024-02-09T18:46:17.052+0000] {dagbag.py:538} INFO - Filling up the DagBag from /home/airflow/.local/lib/python3.7/site-packages/airflow/example_dags/tutorial.py
[2024-02-09T18:46:17.061+0000] {processor.py:753} INFO - DAG(s) dict_keys(['tutorial']) retrieved from /home/airflow/.local/lib/python3.7/site-packages/airflow/example_dags/tutorial.py
[2024-02-09T18:46:17.075+0000] {logging_mixin.py:137} INFO - [2024-02-09T18:46:17.075+0000] {dag.py:2690} INFO - Sync 1 DAGs
[2024-02-09T18:46:17.089+0000] {logging_mixin.py:137} INFO - [2024-02-09T18:46:17.089+0000] {dag.py:3441} INFO - Setting next_dagrun for tutorial to 2024-02-08T18:46:17.089341+00:00, run_after=2024-02-09T18:46:17.089341+00:00
[2024-02-09T18:46:17.103+0000] {processor.py:175} INFO - Processing /home/airflow/.local/lib/python3.7/site-packages/airflow/example_dags/tutorial.py took 0.053 seconds
[2024-02-09T18:46:47.597+0000] {processor.py:153} INFO - Started process (PID=8653) to work on /home/airflow/.local/lib/python3.7/site-packages/airflow/example_dags/tutorial.py
[2024-02-09T18:46:47.598+0000] {processor.py:743} INFO - Processing file /home/airflow/.local/lib/python3.7/site-packages/airflow/example_dags/tutorial.py for tasks to queue
[2024-02-09T18:46:47.598+0000] {logging_mixin.py:137} INFO - [2024-02-09T18:46:47.598+0000] {dagbag.py:538} INFO - Filling up the DagBag from /home/airflow/.local/lib/python3.7/site-packages/airflow/example_dags/tutorial.py
[2024-02-09T18:46:47.606+0000] {processor.py:753} INFO - DAG(s) dict_keys(['tutorial']) retrieved from /home/airflow/.local/lib/python3.7/site-packages/airflow/example_dags/tutorial.py
[2024-02-09T18:46:47.622+0000] {logging_mixin.py:137} INFO - [2024-02-09T18:46:47.622+0000] {dag.py:2690} INFO - Sync 1 DAGs
[2024-02-09T18:46:47.639+0000] {logging_mixin.py:137} INFO - [2024-02-09T18:46:47.639+0000] {dag.py:3441} INFO - Setting next_dagrun for tutorial to 2024-02-08T18:46:47.639678+00:00, run_after=2024-02-09T18:46:47.639678+00:00
[2024-02-09T18:46:47.654+0000] {processor.py:175} INFO - Processing /home/airflow/.local/lib/python3.7/site-packages/airflow/example_dags/tutorial.py took 0.060 seconds
[2024-02-09T18:47:18.138+0000] {processor.py:153} INFO - Started process (PID=8788) to work on /home/airflow/.local/lib/python3.7/site-packages/airflow/example_dags/tutorial.py
[2024-02-09T18:47:18.138+0000] {processor.py:743} INFO - Processing file /home/airflow/.local/lib/python3.7/site-packages/airflow/example_dags/tutorial.py for tasks to queue
[2024-02-09T18:47:18.139+0000] {logging_mixin.py:137} INFO - [2024-02-09T18:47:18.139+0000] {dagbag.py:538} INFO - Filling up the DagBag from /home/airflow/.local/lib/python3.7/site-packages/airflow/example_dags/tutorial.py
[2024-02-09T18:47:18.146+0000] {processor.py:753} INFO - DAG(s) dict_keys(['tutorial']) retrieved from /home/airflow/.local/lib/python3.7/site-packages/airflow/example_dags/tutorial.py
[2024-02-09T18:47:18.160+0000] {logging_mixin.py:137} INFO - [2024-02-09T18:47:18.159+0000] {dag.py:2690} INFO - Sync 1 DAGs
[2024-02-09T18:47:18.173+0000] {logging_mixin.py:137} INFO - [2024-02-09T18:47:18.173+0000] {dag.py:3441} INFO - Setting next_dagrun for tutorial to 2024-02-08T18:47:18.173479+00:00, run_after=2024-02-09T18:47:18.173479+00:00
[2024-02-09T18:47:18.184+0000] {processor.py:175} INFO - Processing /home/airflow/.local/lib/python3.7/site-packages/airflow/example_dags/tutorial.py took 0.048 seconds
[2024-02-09T18:47:48.622+0000] {processor.py:153} INFO - Started process (PID=8891) to work on /home/airflow/.local/lib/python3.7/site-packages/airflow/example_dags/tutorial.py
[2024-02-09T18:47:48.623+0000] {processor.py:743} INFO - Processing file /home/airflow/.local/lib/python3.7/site-packages/airflow/example_dags/tutorial.py for tasks to queue
[2024-02-09T18:47:48.623+0000] {logging_mixin.py:137} INFO - [2024-02-09T18:47:48.623+0000] {dagbag.py:538} INFO - Filling up the DagBag from /home/airflow/.local/lib/python3.7/site-packages/airflow/example_dags/tutorial.py
[2024-02-09T18:47:48.631+0000] {processor.py:753} INFO - DAG(s) dict_keys(['tutorial']) retrieved from /home/airflow/.local/lib/python3.7/site-packages/airflow/example_dags/tutorial.py
[2024-02-09T18:47:48.645+0000] {logging_mixin.py:137} INFO - [2024-02-09T18:47:48.645+0000] {dag.py:2690} INFO - Sync 1 DAGs
[2024-02-09T18:47:48.660+0000] {logging_mixin.py:137} INFO - [2024-02-09T18:47:48.659+0000] {dag.py:3441} INFO - Setting next_dagrun for tutorial to 2024-02-08T18:47:48.659791+00:00, run_after=2024-02-09T18:47:48.659791+00:00
[2024-02-09T18:47:48.672+0000] {processor.py:175} INFO - Processing /home/airflow/.local/lib/python3.7/site-packages/airflow/example_dags/tutorial.py took 0.051 seconds
[2024-02-09T18:48:19.220+0000] {processor.py:153} INFO - Started process (PID=9026) to work on /home/airflow/.local/lib/python3.7/site-packages/airflow/example_dags/tutorial.py
[2024-02-09T18:48:19.221+0000] {processor.py:743} INFO - Processing file /home/airflow/.local/lib/python3.7/site-packages/airflow/example_dags/tutorial.py for tasks to queue
[2024-02-09T18:48:19.221+0000] {logging_mixin.py:137} INFO - [2024-02-09T18:48:19.221+0000] {dagbag.py:538} INFO - Filling up the DagBag from /home/airflow/.local/lib/python3.7/site-packages/airflow/example_dags/tutorial.py
[2024-02-09T18:48:19.229+0000] {processor.py:753} INFO - DAG(s) dict_keys(['tutorial']) retrieved from /home/airflow/.local/lib/python3.7/site-packages/airflow/example_dags/tutorial.py
[2024-02-09T18:48:19.242+0000] {logging_mixin.py:137} INFO - [2024-02-09T18:48:19.242+0000] {dag.py:2690} INFO - Sync 1 DAGs
[2024-02-09T18:48:19.256+0000] {logging_mixin.py:137} INFO - [2024-02-09T18:48:19.256+0000] {dag.py:3441} INFO - Setting next_dagrun for tutorial to 2024-02-08T18:48:19.256605+00:00, run_after=2024-02-09T18:48:19.256605+00:00
[2024-02-09T18:48:19.268+0000] {processor.py:175} INFO - Processing /home/airflow/.local/lib/python3.7/site-packages/airflow/example_dags/tutorial.py took 0.050 seconds
[2024-02-09T18:48:49.683+0000] {processor.py:153} INFO - Started process (PID=9161) to work on /home/airflow/.local/lib/python3.7/site-packages/airflow/example_dags/tutorial.py
[2024-02-09T18:48:49.684+0000] {processor.py:743} INFO - Processing file /home/airflow/.local/lib/python3.7/site-packages/airflow/example_dags/tutorial.py for tasks to queue
[2024-02-09T18:48:49.684+0000] {logging_mixin.py:137} INFO - [2024-02-09T18:48:49.684+0000] {dagbag.py:538} INFO - Filling up the DagBag from /home/airflow/.local/lib/python3.7/site-packages/airflow/example_dags/tutorial.py
[2024-02-09T18:48:49.693+0000] {processor.py:753} INFO - DAG(s) dict_keys(['tutorial']) retrieved from /home/airflow/.local/lib/python3.7/site-packages/airflow/example_dags/tutorial.py
[2024-02-09T18:48:49.708+0000] {logging_mixin.py:137} INFO - [2024-02-09T18:48:49.707+0000] {dag.py:2690} INFO - Sync 1 DAGs
[2024-02-09T18:48:49.722+0000] {logging_mixin.py:137} INFO - [2024-02-09T18:48:49.722+0000] {dag.py:3441} INFO - Setting next_dagrun for tutorial to 2024-02-08T18:48:49.722061+00:00, run_after=2024-02-09T18:48:49.722061+00:00
[2024-02-09T18:48:49.733+0000] {processor.py:175} INFO - Processing /home/airflow/.local/lib/python3.7/site-packages/airflow/example_dags/tutorial.py took 0.052 seconds
