[2024-02-20T13:37:25.138+0000] {taskinstance.py:1083} INFO - Dependencies all met for <TaskInstance: daggroup.tsk5 manual__2024-02-20T13:37:12.146258+00:00 [queued]>
[2024-02-20T13:37:25.144+0000] {taskinstance.py:1083} INFO - Dependencies all met for <TaskInstance: daggroup.tsk5 manual__2024-02-20T13:37:12.146258+00:00 [queued]>
[2024-02-20T13:37:25.144+0000] {taskinstance.py:1279} INFO - 
--------------------------------------------------------------------------------
[2024-02-20T13:37:25.144+0000] {taskinstance.py:1280} INFO - Starting attempt 1 of 1
[2024-02-20T13:37:25.144+0000] {taskinstance.py:1281} INFO - 
--------------------------------------------------------------------------------
[2024-02-20T13:37:25.153+0000] {taskinstance.py:1300} INFO - Executing <Task(BashOperator): tsk5> on 2024-02-20 13:37:12.146258+00:00
[2024-02-20T13:37:25.156+0000] {standard_task_runner.py:55} INFO - Started process 308 to run task
[2024-02-20T13:37:25.157+0000] {standard_task_runner.py:82} INFO - Running: ['***', 'tasks', 'run', 'daggroup', 'tsk5', 'manual__2024-02-20T13:37:12.146258+00:00', '--job-id', '113', '--raw', '--subdir', 'DAGS_FOLDER/daggroup.py', '--cfg-path', '/tmp/tmpbd6oz06z']
[2024-02-20T13:37:25.158+0000] {standard_task_runner.py:83} INFO - Job 113: Subtask tsk5
[2024-02-20T13:37:25.190+0000] {task_command.py:388} INFO - Running <TaskInstance: daggroup.tsk5 manual__2024-02-20T13:37:12.146258+00:00 [running]> on host ed00afd7b3a6
[2024-02-20T13:37:25.228+0000] {taskinstance.py:1509} INFO - Exporting the following env vars:
AIRFLOW_CTX_DAG_OWNER=***
AIRFLOW_CTX_DAG_ID=daggroup
AIRFLOW_CTX_TASK_ID=tsk5
AIRFLOW_CTX_EXECUTION_DATE=2024-02-20T13:37:12.146258+00:00
AIRFLOW_CTX_TRY_NUMBER=1
AIRFLOW_CTX_DAG_RUN_ID=manual__2024-02-20T13:37:12.146258+00:00
[2024-02-20T13:37:25.229+0000] {subprocess.py:63} INFO - Tmp dir root location: 
 /tmp
[2024-02-20T13:37:25.229+0000] {subprocess.py:75} INFO - Running command: ['/bin/bash', '-c', 'sleep 5']
[2024-02-20T13:37:25.236+0000] {subprocess.py:86} INFO - Output:
[2024-02-20T13:37:30.238+0000] {subprocess.py:97} INFO - Command exited with return code 0
[2024-02-20T13:37:30.257+0000] {taskinstance.py:1323} INFO - Marking task as SUCCESS. dag_id=daggroup, task_id=tsk5, execution_date=20240220T133712, start_date=20240220T133725, end_date=20240220T133730
[2024-02-20T13:37:30.297+0000] {local_task_job.py:208} INFO - Task exited with return code 0
[2024-02-20T13:37:30.314+0000] {taskinstance.py:2578} INFO - 1 downstream tasks scheduled from follow-on schedule check
