[2024-02-22T22:58:41.700+0000] {taskinstance.py:1083} INFO - Dependencies all met for <TaskInstance: bancodedados.create_table manual__2024-02-22T22:58:41.155621+00:00 [queued]>
[2024-02-22T22:58:41.707+0000] {taskinstance.py:1083} INFO - Dependencies all met for <TaskInstance: bancodedados.create_table manual__2024-02-22T22:58:41.155621+00:00 [queued]>
[2024-02-22T22:58:41.708+0000] {taskinstance.py:1279} INFO - 
--------------------------------------------------------------------------------
[2024-02-22T22:58:41.708+0000] {taskinstance.py:1280} INFO - Starting attempt 1 of 1
[2024-02-22T22:58:41.708+0000] {taskinstance.py:1281} INFO - 
--------------------------------------------------------------------------------
[2024-02-22T22:58:41.718+0000] {taskinstance.py:1300} INFO - Executing <Task(PostgresOperator): create_table> on 2024-02-22 22:58:41.155621+00:00
[2024-02-22T22:58:41.723+0000] {standard_task_runner.py:55} INFO - Started process 136 to run task
[2024-02-22T22:58:41.725+0000] {standard_task_runner.py:82} INFO - Running: ['***', 'tasks', 'run', 'bancodedados', 'create_table', 'manual__2024-02-22T22:58:41.155621+00:00', '--job-id', '49', '--raw', '--subdir', 'DAGS_FOLDER/bancodedados.py', '--cfg-path', '/tmp/tmpyofb5u99']
[2024-02-22T22:58:41.726+0000] {standard_task_runner.py:83} INFO - Job 49: Subtask create_table
[2024-02-22T22:58:41.769+0000] {task_command.py:388} INFO - Running <TaskInstance: bancodedados.create_table manual__2024-02-22T22:58:41.155621+00:00 [running]> on host 476c18be81c0
[2024-02-22T22:58:41.825+0000] {taskinstance.py:1509} INFO - Exporting the following env vars:
AIRFLOW_CTX_DAG_OWNER=***
AIRFLOW_CTX_DAG_ID=bancodedados
AIRFLOW_CTX_TASK_ID=create_table
AIRFLOW_CTX_EXECUTION_DATE=2024-02-22T22:58:41.155621+00:00
AIRFLOW_CTX_TRY_NUMBER=1
AIRFLOW_CTX_DAG_RUN_ID=manual__2024-02-22T22:58:41.155621+00:00
[2024-02-22T22:58:41.825+0000] {sql.py:254} INFO - Executing: create table if not exists teste(id int);
[2024-02-22T22:58:41.832+0000] {base.py:73} INFO - Using connection ID 'postgres' for task execution.
[2024-02-22T22:58:42.025+0000] {base.py:73} INFO - Using connection ID 'postgres' for task execution.
[2024-02-22T22:58:42.027+0000] {sql.py:375} INFO - Running statement: create table if not exists teste(id int);, parameters: None
[2024-02-22T22:58:42.033+0000] {taskinstance.py:1323} INFO - Marking task as SUCCESS. dag_id=bancodedados, task_id=create_table, execution_date=20240222T225841, start_date=20240222T225841, end_date=20240222T225842
[2024-02-22T22:58:42.057+0000] {local_task_job.py:208} INFO - Task exited with return code 0
[2024-02-22T22:58:42.077+0000] {taskinstance.py:2578} INFO - 1 downstream tasks scheduled from follow-on schedule check
