[2024-02-28T20:45:56.657+0000] {processor.py:153} INFO - Started process (PID=62) to work on /opt/airflow/dags/branchs.py
[2024-02-28T20:45:56.657+0000] {processor.py:743} INFO - Processing file /opt/airflow/dags/branchs.py for tasks to queue
[2024-02-28T20:45:56.658+0000] {logging_mixin.py:137} INFO - [2024-02-28T20:45:56.658+0000] {dagbag.py:538} INFO - Filling up the DagBag from /opt/airflow/dags/branchs.py
[2024-02-28T20:45:56.668+0000] {logging_mixin.py:137} WARNING - /home/airflow/.local/lib/python3.7/site-packages/airflow/models/baseoperator.py:394 RemovedInAirflow3Warning: provide_context is deprecated as of 2.0 and is no longer required
[2024-02-28T20:45:56.674+0000] {processor.py:753} INFO - DAG(s) dict_keys(['branchtest']) retrieved from /opt/airflow/dags/branchs.py
[2024-02-28T20:45:56.763+0000] {logging_mixin.py:137} INFO - [2024-02-28T20:45:56.763+0000] {manager.py:504} INFO - Created Permission View: can edit on DAG:branchtest
[2024-02-28T20:45:56.770+0000] {logging_mixin.py:137} INFO - [2024-02-28T20:45:56.770+0000] {manager.py:504} INFO - Created Permission View: can delete on DAG:branchtest
[2024-02-28T20:45:56.775+0000] {logging_mixin.py:137} INFO - [2024-02-28T20:45:56.774+0000] {manager.py:504} INFO - Created Permission View: can read on DAG:branchtest
[2024-02-28T20:45:56.775+0000] {logging_mixin.py:137} INFO - [2024-02-28T20:45:56.775+0000] {dag.py:2690} INFO - Sync 1 DAGs
[2024-02-28T20:45:56.784+0000] {logging_mixin.py:137} INFO - [2024-02-28T20:45:56.784+0000] {dag.py:2711} INFO - Creating ORM DAG for branchtest
[2024-02-28T20:45:56.792+0000] {logging_mixin.py:137} INFO - [2024-02-28T20:45:56.792+0000] {dag.py:3441} INFO - Setting next_dagrun for branchtest to None, run_after=None
[2024-02-28T20:45:56.803+0000] {processor.py:175} INFO - Processing /opt/airflow/dags/branchs.py took 0.149 seconds
[2024-02-28T20:46:02.382+0000] {processor.py:153} INFO - Started process (PID=120) to work on /opt/airflow/dags/branchs.py
[2024-02-28T20:46:02.382+0000] {processor.py:743} INFO - Processing file /opt/airflow/dags/branchs.py for tasks to queue
[2024-02-28T20:46:02.382+0000] {logging_mixin.py:137} INFO - [2024-02-28T20:46:02.382+0000] {dagbag.py:538} INFO - Filling up the DagBag from /opt/airflow/dags/branchs.py
[2024-02-28T20:46:02.389+0000] {logging_mixin.py:137} WARNING - /home/airflow/.local/lib/python3.7/site-packages/airflow/models/baseoperator.py:394 RemovedInAirflow3Warning: provide_context is deprecated as of 2.0 and is no longer required
[2024-02-28T20:46:02.395+0000] {processor.py:753} INFO - DAG(s) dict_keys(['branchtest']) retrieved from /opt/airflow/dags/branchs.py
[2024-02-28T20:46:02.403+0000] {logging_mixin.py:137} INFO - [2024-02-28T20:46:02.403+0000] {dag.py:2690} INFO - Sync 1 DAGs
[2024-02-28T20:46:02.418+0000] {logging_mixin.py:137} INFO - [2024-02-28T20:46:02.418+0000] {dag.py:3441} INFO - Setting next_dagrun for branchtest to None, run_after=None
[2024-02-28T20:46:02.428+0000] {processor.py:175} INFO - Processing /opt/airflow/dags/branchs.py took 0.048 seconds
[2024-02-28T20:46:08.327+0000] {processor.py:153} INFO - Started process (PID=146) to work on /opt/airflow/dags/branchs.py
[2024-02-28T20:46:08.327+0000] {processor.py:743} INFO - Processing file /opt/airflow/dags/branchs.py for tasks to queue
[2024-02-28T20:46:08.327+0000] {logging_mixin.py:137} INFO - [2024-02-28T20:46:08.327+0000] {dagbag.py:538} INFO - Filling up the DagBag from /opt/airflow/dags/branchs.py
[2024-02-28T20:46:08.334+0000] {logging_mixin.py:137} WARNING - /home/airflow/.local/lib/python3.7/site-packages/airflow/models/baseoperator.py:394 RemovedInAirflow3Warning: provide_context is deprecated as of 2.0 and is no longer required
[2024-02-28T20:46:08.340+0000] {processor.py:753} INFO - DAG(s) dict_keys(['branchtest']) retrieved from /opt/airflow/dags/branchs.py
[2024-02-28T20:46:08.348+0000] {logging_mixin.py:137} INFO - [2024-02-28T20:46:08.348+0000] {dag.py:2690} INFO - Sync 1 DAGs
[2024-02-28T20:46:08.362+0000] {logging_mixin.py:137} INFO - [2024-02-28T20:46:08.362+0000] {dag.py:3441} INFO - Setting next_dagrun for branchtest to None, run_after=None
[2024-02-28T20:46:08.373+0000] {processor.py:175} INFO - Processing /opt/airflow/dags/branchs.py took 0.048 seconds
[2024-02-28T20:46:14.127+0000] {processor.py:153} INFO - Started process (PID=204) to work on /opt/airflow/dags/branchs.py
[2024-02-28T20:46:14.127+0000] {processor.py:743} INFO - Processing file /opt/airflow/dags/branchs.py for tasks to queue
[2024-02-28T20:46:14.127+0000] {logging_mixin.py:137} INFO - [2024-02-28T20:46:14.127+0000] {dagbag.py:538} INFO - Filling up the DagBag from /opt/airflow/dags/branchs.py
[2024-02-28T20:46:14.135+0000] {logging_mixin.py:137} WARNING - /home/airflow/.local/lib/python3.7/site-packages/airflow/models/baseoperator.py:394 RemovedInAirflow3Warning: provide_context is deprecated as of 2.0 and is no longer required
[2024-02-28T20:46:14.139+0000] {processor.py:753} INFO - DAG(s) dict_keys(['branchtest']) retrieved from /opt/airflow/dags/branchs.py
[2024-02-28T20:46:14.148+0000] {logging_mixin.py:137} INFO - [2024-02-28T20:46:14.147+0000] {dag.py:2690} INFO - Sync 1 DAGs
[2024-02-28T20:46:14.162+0000] {logging_mixin.py:137} INFO - [2024-02-28T20:46:14.162+0000] {dag.py:3441} INFO - Setting next_dagrun for branchtest to None, run_after=None
[2024-02-28T20:46:14.173+0000] {processor.py:175} INFO - Processing /opt/airflow/dags/branchs.py took 0.049 seconds
[2024-02-28T20:46:20.008+0000] {processor.py:153} INFO - Started process (PID=230) to work on /opt/airflow/dags/branchs.py
[2024-02-28T20:46:20.009+0000] {processor.py:743} INFO - Processing file /opt/airflow/dags/branchs.py for tasks to queue
[2024-02-28T20:46:20.009+0000] {logging_mixin.py:137} INFO - [2024-02-28T20:46:20.009+0000] {dagbag.py:538} INFO - Filling up the DagBag from /opt/airflow/dags/branchs.py
[2024-02-28T20:46:20.017+0000] {logging_mixin.py:137} WARNING - /home/airflow/.local/lib/python3.7/site-packages/airflow/models/baseoperator.py:394 RemovedInAirflow3Warning: provide_context is deprecated as of 2.0 and is no longer required
[2024-02-28T20:46:20.021+0000] {processor.py:753} INFO - DAG(s) dict_keys(['branchtest']) retrieved from /opt/airflow/dags/branchs.py
[2024-02-28T20:46:20.030+0000] {logging_mixin.py:137} INFO - [2024-02-28T20:46:20.030+0000] {dag.py:2690} INFO - Sync 1 DAGs
[2024-02-28T20:46:20.045+0000] {logging_mixin.py:137} INFO - [2024-02-28T20:46:20.045+0000] {dag.py:3441} INFO - Setting next_dagrun for branchtest to None, run_after=None
[2024-02-28T20:46:20.055+0000] {processor.py:175} INFO - Processing /opt/airflow/dags/branchs.py took 0.049 seconds
[2024-02-28T20:46:25.809+0000] {processor.py:153} INFO - Started process (PID=288) to work on /opt/airflow/dags/branchs.py
[2024-02-28T20:46:25.809+0000] {processor.py:743} INFO - Processing file /opt/airflow/dags/branchs.py for tasks to queue
[2024-02-28T20:46:25.810+0000] {logging_mixin.py:137} INFO - [2024-02-28T20:46:25.810+0000] {dagbag.py:538} INFO - Filling up the DagBag from /opt/airflow/dags/branchs.py
[2024-02-28T20:46:25.817+0000] {logging_mixin.py:137} WARNING - /home/airflow/.local/lib/python3.7/site-packages/airflow/models/baseoperator.py:394 RemovedInAirflow3Warning: provide_context is deprecated as of 2.0 and is no longer required
[2024-02-28T20:46:25.821+0000] {processor.py:753} INFO - DAG(s) dict_keys(['branchtest']) retrieved from /opt/airflow/dags/branchs.py
[2024-02-28T20:46:25.829+0000] {logging_mixin.py:137} INFO - [2024-02-28T20:46:25.829+0000] {dag.py:2690} INFO - Sync 1 DAGs
[2024-02-28T20:46:25.844+0000] {logging_mixin.py:137} INFO - [2024-02-28T20:46:25.844+0000] {dag.py:3441} INFO - Setting next_dagrun for branchtest to None, run_after=None
[2024-02-28T20:46:25.854+0000] {processor.py:175} INFO - Processing /opt/airflow/dags/branchs.py took 0.047 seconds
[2024-02-28T20:46:31.786+0000] {processor.py:153} INFO - Started process (PID=314) to work on /opt/airflow/dags/branchs.py
[2024-02-28T20:46:31.787+0000] {processor.py:743} INFO - Processing file /opt/airflow/dags/branchs.py for tasks to queue
[2024-02-28T20:46:31.787+0000] {logging_mixin.py:137} INFO - [2024-02-28T20:46:31.787+0000] {dagbag.py:538} INFO - Filling up the DagBag from /opt/airflow/dags/branchs.py
[2024-02-28T20:46:31.794+0000] {logging_mixin.py:137} WARNING - /home/airflow/.local/lib/python3.7/site-packages/airflow/models/baseoperator.py:394 RemovedInAirflow3Warning: provide_context is deprecated as of 2.0 and is no longer required
[2024-02-28T20:46:31.798+0000] {processor.py:753} INFO - DAG(s) dict_keys(['branchtest']) retrieved from /opt/airflow/dags/branchs.py
[2024-02-28T20:46:31.813+0000] {logging_mixin.py:137} INFO - [2024-02-28T20:46:31.813+0000] {dag.py:2690} INFO - Sync 1 DAGs
[2024-02-28T20:46:31.828+0000] {logging_mixin.py:137} INFO - [2024-02-28T20:46:31.828+0000] {dag.py:3441} INFO - Setting next_dagrun for branchtest to None, run_after=None
[2024-02-28T20:46:31.839+0000] {processor.py:175} INFO - Processing /opt/airflow/dags/branchs.py took 0.055 seconds
[2024-02-28T20:46:37.862+0000] {processor.py:153} INFO - Started process (PID=372) to work on /opt/airflow/dags/branchs.py
[2024-02-28T20:46:37.863+0000] {processor.py:743} INFO - Processing file /opt/airflow/dags/branchs.py for tasks to queue
[2024-02-28T20:46:37.863+0000] {logging_mixin.py:137} INFO - [2024-02-28T20:46:37.863+0000] {dagbag.py:538} INFO - Filling up the DagBag from /opt/airflow/dags/branchs.py
[2024-02-28T20:46:37.870+0000] {logging_mixin.py:137} WARNING - /home/airflow/.local/lib/python3.7/site-packages/airflow/models/baseoperator.py:394 RemovedInAirflow3Warning: provide_context is deprecated as of 2.0 and is no longer required
[2024-02-28T20:46:37.876+0000] {processor.py:753} INFO - DAG(s) dict_keys(['branchtest']) retrieved from /opt/airflow/dags/branchs.py
[2024-02-28T20:46:37.891+0000] {logging_mixin.py:137} INFO - [2024-02-28T20:46:37.891+0000] {dag.py:2690} INFO - Sync 1 DAGs
[2024-02-28T20:46:37.906+0000] {logging_mixin.py:137} INFO - [2024-02-28T20:46:37.906+0000] {dag.py:3441} INFO - Setting next_dagrun for branchtest to None, run_after=None
[2024-02-28T20:46:37.917+0000] {processor.py:175} INFO - Processing /opt/airflow/dags/branchs.py took 0.056 seconds
[2024-02-28T20:46:43.920+0000] {processor.py:153} INFO - Started process (PID=398) to work on /opt/airflow/dags/branchs.py
[2024-02-28T20:46:43.921+0000] {processor.py:743} INFO - Processing file /opt/airflow/dags/branchs.py for tasks to queue
[2024-02-28T20:46:43.921+0000] {logging_mixin.py:137} INFO - [2024-02-28T20:46:43.921+0000] {dagbag.py:538} INFO - Filling up the DagBag from /opt/airflow/dags/branchs.py
[2024-02-28T20:46:43.928+0000] {logging_mixin.py:137} WARNING - /home/airflow/.local/lib/python3.7/site-packages/airflow/models/baseoperator.py:394 RemovedInAirflow3Warning: provide_context is deprecated as of 2.0 and is no longer required
[2024-02-28T20:46:43.933+0000] {processor.py:753} INFO - DAG(s) dict_keys(['branchtest']) retrieved from /opt/airflow/dags/branchs.py
[2024-02-28T20:46:43.949+0000] {logging_mixin.py:137} INFO - [2024-02-28T20:46:43.949+0000] {dag.py:2690} INFO - Sync 1 DAGs
[2024-02-28T20:46:43.964+0000] {logging_mixin.py:137} INFO - [2024-02-28T20:46:43.964+0000] {dag.py:3441} INFO - Setting next_dagrun for branchtest to None, run_after=None
[2024-02-28T20:46:43.976+0000] {processor.py:175} INFO - Processing /opt/airflow/dags/branchs.py took 0.058 seconds
[2024-02-28T20:46:49.008+0000] {processor.py:153} INFO - Started process (PID=456) to work on /opt/airflow/dags/branchs.py
[2024-02-28T20:46:49.008+0000] {processor.py:743} INFO - Processing file /opt/airflow/dags/branchs.py for tasks to queue
[2024-02-28T20:46:49.009+0000] {logging_mixin.py:137} INFO - [2024-02-28T20:46:49.009+0000] {dagbag.py:538} INFO - Filling up the DagBag from /opt/airflow/dags/branchs.py
[2024-02-28T20:46:49.016+0000] {logging_mixin.py:137} WARNING - /home/airflow/.local/lib/python3.7/site-packages/airflow/models/baseoperator.py:394 RemovedInAirflow3Warning: provide_context is deprecated as of 2.0 and is no longer required
[2024-02-28T20:46:49.020+0000] {processor.py:753} INFO - DAG(s) dict_keys(['branchtest']) retrieved from /opt/airflow/dags/branchs.py
[2024-02-28T20:46:49.035+0000] {logging_mixin.py:137} INFO - [2024-02-28T20:46:49.035+0000] {dag.py:2690} INFO - Sync 1 DAGs
[2024-02-28T20:46:49.049+0000] {logging_mixin.py:137} INFO - [2024-02-28T20:46:49.049+0000] {dag.py:3441} INFO - Setting next_dagrun for branchtest to None, run_after=None
[2024-02-28T20:46:49.060+0000] {processor.py:175} INFO - Processing /opt/airflow/dags/branchs.py took 0.054 seconds
[2024-02-28T20:46:54.103+0000] {processor.py:153} INFO - Started process (PID=482) to work on /opt/airflow/dags/branchs.py
[2024-02-28T20:46:54.103+0000] {processor.py:743} INFO - Processing file /opt/airflow/dags/branchs.py for tasks to queue
[2024-02-28T20:46:54.104+0000] {logging_mixin.py:137} INFO - [2024-02-28T20:46:54.104+0000] {dagbag.py:538} INFO - Filling up the DagBag from /opt/airflow/dags/branchs.py
[2024-02-28T20:46:54.111+0000] {logging_mixin.py:137} WARNING - /home/airflow/.local/lib/python3.7/site-packages/airflow/models/baseoperator.py:394 RemovedInAirflow3Warning: provide_context is deprecated as of 2.0 and is no longer required
[2024-02-28T20:46:54.115+0000] {processor.py:753} INFO - DAG(s) dict_keys(['branchtest']) retrieved from /opt/airflow/dags/branchs.py
[2024-02-28T20:46:54.131+0000] {logging_mixin.py:137} INFO - [2024-02-28T20:46:54.130+0000] {dag.py:2690} INFO - Sync 1 DAGs
[2024-02-28T20:46:54.145+0000] {logging_mixin.py:137} INFO - [2024-02-28T20:46:54.145+0000] {dag.py:3441} INFO - Setting next_dagrun for branchtest to None, run_after=None
[2024-02-28T20:46:54.156+0000] {processor.py:175} INFO - Processing /opt/airflow/dags/branchs.py took 0.055 seconds
[2024-02-28T20:47:00.145+0000] {processor.py:153} INFO - Started process (PID=540) to work on /opt/airflow/dags/branchs.py
[2024-02-28T20:47:00.145+0000] {processor.py:743} INFO - Processing file /opt/airflow/dags/branchs.py for tasks to queue
[2024-02-28T20:47:00.145+0000] {logging_mixin.py:137} INFO - [2024-02-28T20:47:00.145+0000] {dagbag.py:538} INFO - Filling up the DagBag from /opt/airflow/dags/branchs.py
[2024-02-28T20:47:00.153+0000] {logging_mixin.py:137} WARNING - /home/airflow/.local/lib/python3.7/site-packages/airflow/models/baseoperator.py:394 RemovedInAirflow3Warning: provide_context is deprecated as of 2.0 and is no longer required
[2024-02-28T20:47:00.157+0000] {processor.py:753} INFO - DAG(s) dict_keys(['branchtest']) retrieved from /opt/airflow/dags/branchs.py
[2024-02-28T20:47:00.172+0000] {logging_mixin.py:137} INFO - [2024-02-28T20:47:00.172+0000] {dag.py:2690} INFO - Sync 1 DAGs
[2024-02-28T20:47:00.187+0000] {logging_mixin.py:137} INFO - [2024-02-28T20:47:00.187+0000] {dag.py:3441} INFO - Setting next_dagrun for branchtest to None, run_after=None
[2024-02-28T20:47:00.198+0000] {processor.py:175} INFO - Processing /opt/airflow/dags/branchs.py took 0.056 seconds
[2024-02-28T20:47:06.143+0000] {processor.py:153} INFO - Started process (PID=566) to work on /opt/airflow/dags/branchs.py
[2024-02-28T20:47:06.143+0000] {processor.py:743} INFO - Processing file /opt/airflow/dags/branchs.py for tasks to queue
[2024-02-28T20:47:06.144+0000] {logging_mixin.py:137} INFO - [2024-02-28T20:47:06.144+0000] {dagbag.py:538} INFO - Filling up the DagBag from /opt/airflow/dags/branchs.py
[2024-02-28T20:47:06.151+0000] {logging_mixin.py:137} WARNING - /home/airflow/.local/lib/python3.7/site-packages/airflow/models/baseoperator.py:394 RemovedInAirflow3Warning: provide_context is deprecated as of 2.0 and is no longer required
[2024-02-28T20:47:06.155+0000] {processor.py:753} INFO - DAG(s) dict_keys(['branchtest']) retrieved from /opt/airflow/dags/branchs.py
[2024-02-28T20:47:06.171+0000] {logging_mixin.py:137} INFO - [2024-02-28T20:47:06.171+0000] {dag.py:2690} INFO - Sync 1 DAGs
[2024-02-28T20:47:06.186+0000] {logging_mixin.py:137} INFO - [2024-02-28T20:47:06.185+0000] {dag.py:3441} INFO - Setting next_dagrun for branchtest to None, run_after=None
[2024-02-28T20:47:06.196+0000] {processor.py:175} INFO - Processing /opt/airflow/dags/branchs.py took 0.055 seconds
[2024-02-28T20:47:11.270+0000] {processor.py:153} INFO - Started process (PID=624) to work on /opt/airflow/dags/branchs.py
[2024-02-28T20:47:11.270+0000] {processor.py:743} INFO - Processing file /opt/airflow/dags/branchs.py for tasks to queue
[2024-02-28T20:47:11.271+0000] {logging_mixin.py:137} INFO - [2024-02-28T20:47:11.270+0000] {dagbag.py:538} INFO - Filling up the DagBag from /opt/airflow/dags/branchs.py
[2024-02-28T20:47:11.278+0000] {logging_mixin.py:137} WARNING - /home/airflow/.local/lib/python3.7/site-packages/airflow/models/baseoperator.py:394 RemovedInAirflow3Warning: provide_context is deprecated as of 2.0 and is no longer required
[2024-02-28T20:47:11.282+0000] {processor.py:753} INFO - DAG(s) dict_keys(['branchtest']) retrieved from /opt/airflow/dags/branchs.py
[2024-02-28T20:47:11.297+0000] {logging_mixin.py:137} INFO - [2024-02-28T20:47:11.297+0000] {dag.py:2690} INFO - Sync 1 DAGs
[2024-02-28T20:47:11.311+0000] {logging_mixin.py:137} INFO - [2024-02-28T20:47:11.311+0000] {dag.py:3441} INFO - Setting next_dagrun for branchtest to None, run_after=None
[2024-02-28T20:47:11.322+0000] {processor.py:175} INFO - Processing /opt/airflow/dags/branchs.py took 0.054 seconds
[2024-02-28T20:47:17.212+0000] {processor.py:153} INFO - Started process (PID=652) to work on /opt/airflow/dags/branchs.py
[2024-02-28T20:47:17.213+0000] {processor.py:743} INFO - Processing file /opt/airflow/dags/branchs.py for tasks to queue
[2024-02-28T20:47:17.213+0000] {logging_mixin.py:137} INFO - [2024-02-28T20:47:17.213+0000] {dagbag.py:538} INFO - Filling up the DagBag from /opt/airflow/dags/branchs.py
[2024-02-28T20:47:17.220+0000] {logging_mixin.py:137} WARNING - /home/airflow/.local/lib/python3.7/site-packages/airflow/models/baseoperator.py:394 RemovedInAirflow3Warning: provide_context is deprecated as of 2.0 and is no longer required
[2024-02-28T20:47:17.224+0000] {processor.py:753} INFO - DAG(s) dict_keys(['branchtest']) retrieved from /opt/airflow/dags/branchs.py
[2024-02-28T20:47:17.239+0000] {logging_mixin.py:137} INFO - [2024-02-28T20:47:17.239+0000] {dag.py:2690} INFO - Sync 1 DAGs
[2024-02-28T20:47:17.254+0000] {logging_mixin.py:137} INFO - [2024-02-28T20:47:17.254+0000] {dag.py:3441} INFO - Setting next_dagrun for branchtest to None, run_after=None
[2024-02-28T20:47:17.265+0000] {processor.py:175} INFO - Processing /opt/airflow/dags/branchs.py took 0.055 seconds
[2024-02-28T20:47:23.075+0000] {processor.py:153} INFO - Started process (PID=710) to work on /opt/airflow/dags/branchs.py
[2024-02-28T20:47:23.075+0000] {processor.py:743} INFO - Processing file /opt/airflow/dags/branchs.py for tasks to queue
[2024-02-28T20:47:23.075+0000] {logging_mixin.py:137} INFO - [2024-02-28T20:47:23.075+0000] {dagbag.py:538} INFO - Filling up the DagBag from /opt/airflow/dags/branchs.py
[2024-02-28T20:47:23.084+0000] {logging_mixin.py:137} WARNING - /home/airflow/.local/lib/python3.7/site-packages/airflow/models/baseoperator.py:394 RemovedInAirflow3Warning: provide_context is deprecated as of 2.0 and is no longer required
[2024-02-28T20:47:23.089+0000] {processor.py:753} INFO - DAG(s) dict_keys(['branchtest']) retrieved from /opt/airflow/dags/branchs.py
[2024-02-28T20:47:23.105+0000] {logging_mixin.py:137} INFO - [2024-02-28T20:47:23.105+0000] {dag.py:2690} INFO - Sync 1 DAGs
[2024-02-28T20:47:23.122+0000] {logging_mixin.py:137} INFO - [2024-02-28T20:47:23.122+0000] {dag.py:3441} INFO - Setting next_dagrun for branchtest to None, run_after=None
[2024-02-28T20:47:23.134+0000] {processor.py:175} INFO - Processing /opt/airflow/dags/branchs.py took 0.061 seconds
[2024-02-28T20:47:28.929+0000] {processor.py:153} INFO - Started process (PID=736) to work on /opt/airflow/dags/branchs.py
[2024-02-28T20:47:28.930+0000] {processor.py:743} INFO - Processing file /opt/airflow/dags/branchs.py for tasks to queue
[2024-02-28T20:47:28.930+0000] {logging_mixin.py:137} INFO - [2024-02-28T20:47:28.930+0000] {dagbag.py:538} INFO - Filling up the DagBag from /opt/airflow/dags/branchs.py
[2024-02-28T20:47:28.938+0000] {logging_mixin.py:137} WARNING - /home/airflow/.local/lib/python3.7/site-packages/airflow/models/baseoperator.py:394 RemovedInAirflow3Warning: provide_context is deprecated as of 2.0 and is no longer required
[2024-02-28T20:47:28.942+0000] {processor.py:753} INFO - DAG(s) dict_keys(['branchtest']) retrieved from /opt/airflow/dags/branchs.py
[2024-02-28T20:47:28.958+0000] {logging_mixin.py:137} INFO - [2024-02-28T20:47:28.958+0000] {dag.py:2690} INFO - Sync 1 DAGs
[2024-02-28T20:47:28.973+0000] {logging_mixin.py:137} INFO - [2024-02-28T20:47:28.973+0000] {dag.py:3441} INFO - Setting next_dagrun for branchtest to None, run_after=None
[2024-02-28T20:47:28.983+0000] {processor.py:175} INFO - Processing /opt/airflow/dags/branchs.py took 0.056 seconds
[2024-02-28T20:47:34.808+0000] {processor.py:153} INFO - Started process (PID=794) to work on /opt/airflow/dags/branchs.py
[2024-02-28T20:47:34.808+0000] {processor.py:743} INFO - Processing file /opt/airflow/dags/branchs.py for tasks to queue
[2024-02-28T20:47:34.809+0000] {logging_mixin.py:137} INFO - [2024-02-28T20:47:34.808+0000] {dagbag.py:538} INFO - Filling up the DagBag from /opt/airflow/dags/branchs.py
[2024-02-28T20:47:34.816+0000] {logging_mixin.py:137} WARNING - /home/airflow/.local/lib/python3.7/site-packages/airflow/models/baseoperator.py:394 RemovedInAirflow3Warning: provide_context is deprecated as of 2.0 and is no longer required
[2024-02-28T20:47:34.820+0000] {processor.py:753} INFO - DAG(s) dict_keys(['branchtest']) retrieved from /opt/airflow/dags/branchs.py
[2024-02-28T20:47:34.835+0000] {logging_mixin.py:137} INFO - [2024-02-28T20:47:34.835+0000] {dag.py:2690} INFO - Sync 1 DAGs
[2024-02-28T20:47:34.850+0000] {logging_mixin.py:137} INFO - [2024-02-28T20:47:34.850+0000] {dag.py:3441} INFO - Setting next_dagrun for branchtest to None, run_after=None
[2024-02-28T20:47:34.860+0000] {processor.py:175} INFO - Processing /opt/airflow/dags/branchs.py took 0.055 seconds
[2024-02-28T20:47:40.679+0000] {processor.py:153} INFO - Started process (PID=820) to work on /opt/airflow/dags/branchs.py
[2024-02-28T20:47:40.679+0000] {processor.py:743} INFO - Processing file /opt/airflow/dags/branchs.py for tasks to queue
[2024-02-28T20:47:40.679+0000] {logging_mixin.py:137} INFO - [2024-02-28T20:47:40.679+0000] {dagbag.py:538} INFO - Filling up the DagBag from /opt/airflow/dags/branchs.py
[2024-02-28T20:47:40.687+0000] {logging_mixin.py:137} WARNING - /home/airflow/.local/lib/python3.7/site-packages/airflow/models/baseoperator.py:394 RemovedInAirflow3Warning: provide_context is deprecated as of 2.0 and is no longer required
[2024-02-28T20:47:40.691+0000] {processor.py:753} INFO - DAG(s) dict_keys(['branchtest']) retrieved from /opt/airflow/dags/branchs.py
[2024-02-28T20:47:40.707+0000] {logging_mixin.py:137} INFO - [2024-02-28T20:47:40.707+0000] {dag.py:2690} INFO - Sync 1 DAGs
[2024-02-28T20:47:40.731+0000] {logging_mixin.py:137} INFO - [2024-02-28T20:47:40.731+0000] {dag.py:3441} INFO - Setting next_dagrun for branchtest to None, run_after=None
[2024-02-28T20:47:40.744+0000] {processor.py:175} INFO - Processing /opt/airflow/dags/branchs.py took 0.068 seconds
[2024-02-28T20:47:46.559+0000] {processor.py:153} INFO - Started process (PID=878) to work on /opt/airflow/dags/branchs.py
[2024-02-28T20:47:46.560+0000] {processor.py:743} INFO - Processing file /opt/airflow/dags/branchs.py for tasks to queue
[2024-02-28T20:47:46.560+0000] {logging_mixin.py:137} INFO - [2024-02-28T20:47:46.560+0000] {dagbag.py:538} INFO - Filling up the DagBag from /opt/airflow/dags/branchs.py
[2024-02-28T20:47:46.567+0000] {logging_mixin.py:137} WARNING - /home/airflow/.local/lib/python3.7/site-packages/airflow/models/baseoperator.py:394 RemovedInAirflow3Warning: provide_context is deprecated as of 2.0 and is no longer required
[2024-02-28T20:47:46.571+0000] {processor.py:753} INFO - DAG(s) dict_keys(['branchtest']) retrieved from /opt/airflow/dags/branchs.py
[2024-02-28T20:47:46.585+0000] {logging_mixin.py:137} INFO - [2024-02-28T20:47:46.585+0000] {dag.py:2690} INFO - Sync 1 DAGs
[2024-02-28T20:47:46.600+0000] {logging_mixin.py:137} INFO - [2024-02-28T20:47:46.600+0000] {dag.py:3441} INFO - Setting next_dagrun for branchtest to None, run_after=None
[2024-02-28T20:47:46.610+0000] {processor.py:175} INFO - Processing /opt/airflow/dags/branchs.py took 0.053 seconds
[2024-02-28T20:47:52.375+0000] {processor.py:153} INFO - Started process (PID=904) to work on /opt/airflow/dags/branchs.py
[2024-02-28T20:47:52.376+0000] {processor.py:743} INFO - Processing file /opt/airflow/dags/branchs.py for tasks to queue
[2024-02-28T20:47:52.376+0000] {logging_mixin.py:137} INFO - [2024-02-28T20:47:52.376+0000] {dagbag.py:538} INFO - Filling up the DagBag from /opt/airflow/dags/branchs.py
[2024-02-28T20:47:52.383+0000] {logging_mixin.py:137} WARNING - /home/airflow/.local/lib/python3.7/site-packages/airflow/models/baseoperator.py:394 RemovedInAirflow3Warning: provide_context is deprecated as of 2.0 and is no longer required
[2024-02-28T20:47:52.388+0000] {processor.py:753} INFO - DAG(s) dict_keys(['branchtest']) retrieved from /opt/airflow/dags/branchs.py
[2024-02-28T20:47:52.404+0000] {logging_mixin.py:137} INFO - [2024-02-28T20:47:52.404+0000] {dag.py:2690} INFO - Sync 1 DAGs
[2024-02-28T20:47:52.419+0000] {logging_mixin.py:137} INFO - [2024-02-28T20:47:52.419+0000] {dag.py:3441} INFO - Setting next_dagrun for branchtest to None, run_after=None
[2024-02-28T20:47:52.431+0000] {processor.py:175} INFO - Processing /opt/airflow/dags/branchs.py took 0.058 seconds
[2024-02-28T20:47:58.258+0000] {processor.py:153} INFO - Started process (PID=962) to work on /opt/airflow/dags/branchs.py
[2024-02-28T20:47:58.259+0000] {processor.py:743} INFO - Processing file /opt/airflow/dags/branchs.py for tasks to queue
[2024-02-28T20:47:58.259+0000] {logging_mixin.py:137} INFO - [2024-02-28T20:47:58.259+0000] {dagbag.py:538} INFO - Filling up the DagBag from /opt/airflow/dags/branchs.py
[2024-02-28T20:47:58.267+0000] {logging_mixin.py:137} WARNING - /home/airflow/.local/lib/python3.7/site-packages/airflow/models/baseoperator.py:394 RemovedInAirflow3Warning: provide_context is deprecated as of 2.0 and is no longer required
[2024-02-28T20:47:58.271+0000] {processor.py:753} INFO - DAG(s) dict_keys(['branchtest']) retrieved from /opt/airflow/dags/branchs.py
[2024-02-28T20:47:58.286+0000] {logging_mixin.py:137} INFO - [2024-02-28T20:47:58.286+0000] {dag.py:2690} INFO - Sync 1 DAGs
[2024-02-28T20:47:58.301+0000] {logging_mixin.py:137} INFO - [2024-02-28T20:47:58.301+0000] {dag.py:3441} INFO - Setting next_dagrun for branchtest to None, run_after=None
[2024-02-28T20:47:58.312+0000] {processor.py:175} INFO - Processing /opt/airflow/dags/branchs.py took 0.056 seconds
[2024-02-28T20:48:04.081+0000] {processor.py:153} INFO - Started process (PID=988) to work on /opt/airflow/dags/branchs.py
[2024-02-28T20:48:04.081+0000] {processor.py:743} INFO - Processing file /opt/airflow/dags/branchs.py for tasks to queue
[2024-02-28T20:48:04.082+0000] {logging_mixin.py:137} INFO - [2024-02-28T20:48:04.082+0000] {dagbag.py:538} INFO - Filling up the DagBag from /opt/airflow/dags/branchs.py
[2024-02-28T20:48:04.089+0000] {logging_mixin.py:137} WARNING - /home/airflow/.local/lib/python3.7/site-packages/airflow/models/baseoperator.py:394 RemovedInAirflow3Warning: provide_context is deprecated as of 2.0 and is no longer required
[2024-02-28T20:48:04.094+0000] {processor.py:753} INFO - DAG(s) dict_keys(['branchtest']) retrieved from /opt/airflow/dags/branchs.py
[2024-02-28T20:48:04.109+0000] {logging_mixin.py:137} INFO - [2024-02-28T20:48:04.109+0000] {dag.py:2690} INFO - Sync 1 DAGs
[2024-02-28T20:48:04.124+0000] {logging_mixin.py:137} INFO - [2024-02-28T20:48:04.124+0000] {dag.py:3441} INFO - Setting next_dagrun for branchtest to None, run_after=None
[2024-02-28T20:48:04.136+0000] {processor.py:175} INFO - Processing /opt/airflow/dags/branchs.py took 0.058 seconds
[2024-02-28T20:48:09.877+0000] {processor.py:153} INFO - Started process (PID=1046) to work on /opt/airflow/dags/branchs.py
[2024-02-28T20:48:09.877+0000] {processor.py:743} INFO - Processing file /opt/airflow/dags/branchs.py for tasks to queue
[2024-02-28T20:48:09.878+0000] {logging_mixin.py:137} INFO - [2024-02-28T20:48:09.878+0000] {dagbag.py:538} INFO - Filling up the DagBag from /opt/airflow/dags/branchs.py
[2024-02-28T20:48:09.885+0000] {logging_mixin.py:137} WARNING - /home/airflow/.local/lib/python3.7/site-packages/airflow/models/baseoperator.py:394 RemovedInAirflow3Warning: provide_context is deprecated as of 2.0 and is no longer required
[2024-02-28T20:48:09.889+0000] {processor.py:753} INFO - DAG(s) dict_keys(['branchtest']) retrieved from /opt/airflow/dags/branchs.py
[2024-02-28T20:48:09.905+0000] {logging_mixin.py:137} INFO - [2024-02-28T20:48:09.905+0000] {dag.py:2690} INFO - Sync 1 DAGs
[2024-02-28T20:48:09.920+0000] {logging_mixin.py:137} INFO - [2024-02-28T20:48:09.920+0000] {dag.py:3441} INFO - Setting next_dagrun for branchtest to None, run_after=None
[2024-02-28T20:48:09.931+0000] {processor.py:175} INFO - Processing /opt/airflow/dags/branchs.py took 0.056 seconds
[2024-02-28T20:48:15.694+0000] {processor.py:153} INFO - Started process (PID=1072) to work on /opt/airflow/dags/branchs.py
[2024-02-28T20:48:15.695+0000] {processor.py:743} INFO - Processing file /opt/airflow/dags/branchs.py for tasks to queue
[2024-02-28T20:48:15.695+0000] {logging_mixin.py:137} INFO - [2024-02-28T20:48:15.695+0000] {dagbag.py:538} INFO - Filling up the DagBag from /opt/airflow/dags/branchs.py
[2024-02-28T20:48:15.703+0000] {logging_mixin.py:137} WARNING - /home/airflow/.local/lib/python3.7/site-packages/airflow/models/baseoperator.py:394 RemovedInAirflow3Warning: provide_context is deprecated as of 2.0 and is no longer required
[2024-02-28T20:48:15.708+0000] {processor.py:753} INFO - DAG(s) dict_keys(['branchtest']) retrieved from /opt/airflow/dags/branchs.py
[2024-02-28T20:48:15.724+0000] {logging_mixin.py:137} INFO - [2024-02-28T20:48:15.723+0000] {dag.py:2690} INFO - Sync 1 DAGs
[2024-02-28T20:48:15.741+0000] {logging_mixin.py:137} INFO - [2024-02-28T20:48:15.740+0000] {dag.py:3441} INFO - Setting next_dagrun for branchtest to None, run_after=None
[2024-02-28T20:48:15.752+0000] {processor.py:175} INFO - Processing /opt/airflow/dags/branchs.py took 0.060 seconds
[2024-02-28T20:48:21.574+0000] {processor.py:153} INFO - Started process (PID=1130) to work on /opt/airflow/dags/branchs.py
[2024-02-28T20:48:21.575+0000] {processor.py:743} INFO - Processing file /opt/airflow/dags/branchs.py for tasks to queue
[2024-02-28T20:48:21.575+0000] {logging_mixin.py:137} INFO - [2024-02-28T20:48:21.575+0000] {dagbag.py:538} INFO - Filling up the DagBag from /opt/airflow/dags/branchs.py
[2024-02-28T20:48:21.582+0000] {logging_mixin.py:137} WARNING - /home/airflow/.local/lib/python3.7/site-packages/airflow/models/baseoperator.py:394 RemovedInAirflow3Warning: provide_context is deprecated as of 2.0 and is no longer required
[2024-02-28T20:48:21.587+0000] {processor.py:753} INFO - DAG(s) dict_keys(['branchtest']) retrieved from /opt/airflow/dags/branchs.py
[2024-02-28T20:48:21.602+0000] {logging_mixin.py:137} INFO - [2024-02-28T20:48:21.602+0000] {dag.py:2690} INFO - Sync 1 DAGs
[2024-02-28T20:48:21.616+0000] {logging_mixin.py:137} INFO - [2024-02-28T20:48:21.616+0000] {dag.py:3441} INFO - Setting next_dagrun for branchtest to None, run_after=None
[2024-02-28T20:48:21.627+0000] {processor.py:175} INFO - Processing /opt/airflow/dags/branchs.py took 0.055 seconds
[2024-02-28T20:48:27.451+0000] {processor.py:153} INFO - Started process (PID=1156) to work on /opt/airflow/dags/branchs.py
[2024-02-28T20:48:27.451+0000] {processor.py:743} INFO - Processing file /opt/airflow/dags/branchs.py for tasks to queue
[2024-02-28T20:48:27.452+0000] {logging_mixin.py:137} INFO - [2024-02-28T20:48:27.452+0000] {dagbag.py:538} INFO - Filling up the DagBag from /opt/airflow/dags/branchs.py
[2024-02-28T20:48:27.459+0000] {logging_mixin.py:137} WARNING - /home/airflow/.local/lib/python3.7/site-packages/airflow/models/baseoperator.py:394 RemovedInAirflow3Warning: provide_context is deprecated as of 2.0 and is no longer required
[2024-02-28T20:48:27.463+0000] {processor.py:753} INFO - DAG(s) dict_keys(['branchtest']) retrieved from /opt/airflow/dags/branchs.py
[2024-02-28T20:48:27.481+0000] {logging_mixin.py:137} INFO - [2024-02-28T20:48:27.481+0000] {dag.py:2690} INFO - Sync 1 DAGs
[2024-02-28T20:48:27.496+0000] {logging_mixin.py:137} INFO - [2024-02-28T20:48:27.496+0000] {dag.py:3441} INFO - Setting next_dagrun for branchtest to None, run_after=None
[2024-02-28T20:48:27.506+0000] {processor.py:175} INFO - Processing /opt/airflow/dags/branchs.py took 0.058 seconds
[2024-02-28T20:48:33.335+0000] {processor.py:153} INFO - Started process (PID=1214) to work on /opt/airflow/dags/branchs.py
[2024-02-28T20:48:33.336+0000] {processor.py:743} INFO - Processing file /opt/airflow/dags/branchs.py for tasks to queue
[2024-02-28T20:48:33.336+0000] {logging_mixin.py:137} INFO - [2024-02-28T20:48:33.336+0000] {dagbag.py:538} INFO - Filling up the DagBag from /opt/airflow/dags/branchs.py
[2024-02-28T20:48:33.343+0000] {logging_mixin.py:137} WARNING - /home/airflow/.local/lib/python3.7/site-packages/airflow/models/baseoperator.py:394 RemovedInAirflow3Warning: provide_context is deprecated as of 2.0 and is no longer required
[2024-02-28T20:48:33.347+0000] {processor.py:753} INFO - DAG(s) dict_keys(['branchtest']) retrieved from /opt/airflow/dags/branchs.py
[2024-02-28T20:48:33.362+0000] {logging_mixin.py:137} INFO - [2024-02-28T20:48:33.362+0000] {dag.py:2690} INFO - Sync 1 DAGs
[2024-02-28T20:48:33.377+0000] {logging_mixin.py:137} INFO - [2024-02-28T20:48:33.377+0000] {dag.py:3441} INFO - Setting next_dagrun for branchtest to None, run_after=None
[2024-02-28T20:48:33.387+0000] {processor.py:175} INFO - Processing /opt/airflow/dags/branchs.py took 0.054 seconds
[2024-02-28T20:48:39.154+0000] {processor.py:153} INFO - Started process (PID=1240) to work on /opt/airflow/dags/branchs.py
[2024-02-28T20:48:39.154+0000] {processor.py:743} INFO - Processing file /opt/airflow/dags/branchs.py for tasks to queue
[2024-02-28T20:48:39.154+0000] {logging_mixin.py:137} INFO - [2024-02-28T20:48:39.154+0000] {dagbag.py:538} INFO - Filling up the DagBag from /opt/airflow/dags/branchs.py
[2024-02-28T20:48:39.162+0000] {logging_mixin.py:137} WARNING - /home/airflow/.local/lib/python3.7/site-packages/airflow/models/baseoperator.py:394 RemovedInAirflow3Warning: provide_context is deprecated as of 2.0 and is no longer required
[2024-02-28T20:48:39.166+0000] {processor.py:753} INFO - DAG(s) dict_keys(['branchtest']) retrieved from /opt/airflow/dags/branchs.py
[2024-02-28T20:48:39.180+0000] {logging_mixin.py:137} INFO - [2024-02-28T20:48:39.180+0000] {dag.py:2690} INFO - Sync 1 DAGs
[2024-02-28T20:48:39.194+0000] {logging_mixin.py:137} INFO - [2024-02-28T20:48:39.194+0000] {dag.py:3441} INFO - Setting next_dagrun for branchtest to None, run_after=None
[2024-02-28T20:48:39.205+0000] {processor.py:175} INFO - Processing /opt/airflow/dags/branchs.py took 0.054 seconds
[2024-02-28T20:48:44.949+0000] {processor.py:153} INFO - Started process (PID=1298) to work on /opt/airflow/dags/branchs.py
[2024-02-28T20:48:44.949+0000] {processor.py:743} INFO - Processing file /opt/airflow/dags/branchs.py for tasks to queue
[2024-02-28T20:48:44.950+0000] {logging_mixin.py:137} INFO - [2024-02-28T20:48:44.950+0000] {dagbag.py:538} INFO - Filling up the DagBag from /opt/airflow/dags/branchs.py
[2024-02-28T20:48:44.957+0000] {logging_mixin.py:137} WARNING - /home/airflow/.local/lib/python3.7/site-packages/airflow/models/baseoperator.py:394 RemovedInAirflow3Warning: provide_context is deprecated as of 2.0 and is no longer required
[2024-02-28T20:48:44.961+0000] {processor.py:753} INFO - DAG(s) dict_keys(['branchtest']) retrieved from /opt/airflow/dags/branchs.py
[2024-02-28T20:48:44.976+0000] {logging_mixin.py:137} INFO - [2024-02-28T20:48:44.976+0000] {dag.py:2690} INFO - Sync 1 DAGs
[2024-02-28T20:48:44.991+0000] {logging_mixin.py:137} INFO - [2024-02-28T20:48:44.991+0000] {dag.py:3441} INFO - Setting next_dagrun for branchtest to None, run_after=None
[2024-02-28T20:48:45.002+0000] {processor.py:175} INFO - Processing /opt/airflow/dags/branchs.py took 0.055 seconds
[2024-02-28T20:48:50.837+0000] {processor.py:153} INFO - Started process (PID=1324) to work on /opt/airflow/dags/branchs.py
[2024-02-28T20:48:50.838+0000] {processor.py:743} INFO - Processing file /opt/airflow/dags/branchs.py for tasks to queue
[2024-02-28T20:48:50.838+0000] {logging_mixin.py:137} INFO - [2024-02-28T20:48:50.838+0000] {dagbag.py:538} INFO - Filling up the DagBag from /opt/airflow/dags/branchs.py
[2024-02-28T20:48:50.846+0000] {logging_mixin.py:137} WARNING - /home/airflow/.local/lib/python3.7/site-packages/airflow/models/baseoperator.py:394 RemovedInAirflow3Warning: provide_context is deprecated as of 2.0 and is no longer required
[2024-02-28T20:48:50.850+0000] {processor.py:753} INFO - DAG(s) dict_keys(['branchtest']) retrieved from /opt/airflow/dags/branchs.py
[2024-02-28T20:48:50.868+0000] {logging_mixin.py:137} INFO - [2024-02-28T20:48:50.868+0000] {dag.py:2690} INFO - Sync 1 DAGs
[2024-02-28T20:48:50.884+0000] {logging_mixin.py:137} INFO - [2024-02-28T20:48:50.884+0000] {dag.py:3441} INFO - Setting next_dagrun for branchtest to None, run_after=None
[2024-02-28T20:48:50.895+0000] {processor.py:175} INFO - Processing /opt/airflow/dags/branchs.py took 0.060 seconds
[2024-02-28T20:48:56.703+0000] {processor.py:153} INFO - Started process (PID=1382) to work on /opt/airflow/dags/branchs.py
[2024-02-28T20:48:56.704+0000] {processor.py:743} INFO - Processing file /opt/airflow/dags/branchs.py for tasks to queue
[2024-02-28T20:48:56.704+0000] {logging_mixin.py:137} INFO - [2024-02-28T20:48:56.704+0000] {dagbag.py:538} INFO - Filling up the DagBag from /opt/airflow/dags/branchs.py
[2024-02-28T20:48:56.711+0000] {logging_mixin.py:137} WARNING - /home/airflow/.local/lib/python3.7/site-packages/airflow/models/baseoperator.py:394 RemovedInAirflow3Warning: provide_context is deprecated as of 2.0 and is no longer required
[2024-02-28T20:48:56.716+0000] {processor.py:753} INFO - DAG(s) dict_keys(['branchtest']) retrieved from /opt/airflow/dags/branchs.py
[2024-02-28T20:48:56.730+0000] {logging_mixin.py:137} INFO - [2024-02-28T20:48:56.730+0000] {dag.py:2690} INFO - Sync 1 DAGs
[2024-02-28T20:48:56.745+0000] {logging_mixin.py:137} INFO - [2024-02-28T20:48:56.745+0000] {dag.py:3441} INFO - Setting next_dagrun for branchtest to None, run_after=None
[2024-02-28T20:48:56.756+0000] {processor.py:175} INFO - Processing /opt/airflow/dags/branchs.py took 0.055 seconds
[2024-02-28T20:49:02.576+0000] {processor.py:153} INFO - Started process (PID=1408) to work on /opt/airflow/dags/branchs.py
[2024-02-28T20:49:02.576+0000] {processor.py:743} INFO - Processing file /opt/airflow/dags/branchs.py for tasks to queue
[2024-02-28T20:49:02.577+0000] {logging_mixin.py:137} INFO - [2024-02-28T20:49:02.577+0000] {dagbag.py:538} INFO - Filling up the DagBag from /opt/airflow/dags/branchs.py
[2024-02-28T20:49:02.584+0000] {logging_mixin.py:137} WARNING - /home/airflow/.local/lib/python3.7/site-packages/airflow/models/baseoperator.py:394 RemovedInAirflow3Warning: provide_context is deprecated as of 2.0 and is no longer required
[2024-02-28T20:49:02.588+0000] {processor.py:753} INFO - DAG(s) dict_keys(['branchtest']) retrieved from /opt/airflow/dags/branchs.py
[2024-02-28T20:49:02.603+0000] {logging_mixin.py:137} INFO - [2024-02-28T20:49:02.603+0000] {dag.py:2690} INFO - Sync 1 DAGs
[2024-02-28T20:49:02.618+0000] {logging_mixin.py:137} INFO - [2024-02-28T20:49:02.618+0000] {dag.py:3441} INFO - Setting next_dagrun for branchtest to None, run_after=None
[2024-02-28T20:49:02.628+0000] {processor.py:175} INFO - Processing /opt/airflow/dags/branchs.py took 0.054 seconds
[2024-02-28T20:49:08.512+0000] {processor.py:153} INFO - Started process (PID=1466) to work on /opt/airflow/dags/branchs.py
[2024-02-28T20:49:08.512+0000] {processor.py:743} INFO - Processing file /opt/airflow/dags/branchs.py for tasks to queue
[2024-02-28T20:49:08.513+0000] {logging_mixin.py:137} INFO - [2024-02-28T20:49:08.513+0000] {dagbag.py:538} INFO - Filling up the DagBag from /opt/airflow/dags/branchs.py
[2024-02-28T20:49:08.520+0000] {logging_mixin.py:137} WARNING - /home/airflow/.local/lib/python3.7/site-packages/airflow/models/baseoperator.py:394 RemovedInAirflow3Warning: provide_context is deprecated as of 2.0 and is no longer required
[2024-02-28T20:49:08.524+0000] {processor.py:753} INFO - DAG(s) dict_keys(['branchtest']) retrieved from /opt/airflow/dags/branchs.py
[2024-02-28T20:49:08.539+0000] {logging_mixin.py:137} INFO - [2024-02-28T20:49:08.539+0000] {dag.py:2690} INFO - Sync 1 DAGs
[2024-02-28T20:49:08.555+0000] {logging_mixin.py:137} INFO - [2024-02-28T20:49:08.555+0000] {dag.py:3441} INFO - Setting next_dagrun for branchtest to None, run_after=None
[2024-02-28T20:49:08.566+0000] {processor.py:175} INFO - Processing /opt/airflow/dags/branchs.py took 0.057 seconds
[2024-02-28T20:49:14.371+0000] {processor.py:153} INFO - Started process (PID=1491) to work on /opt/airflow/dags/branchs.py
[2024-02-28T20:49:14.371+0000] {processor.py:743} INFO - Processing file /opt/airflow/dags/branchs.py for tasks to queue
[2024-02-28T20:49:14.372+0000] {logging_mixin.py:137} INFO - [2024-02-28T20:49:14.372+0000] {dagbag.py:538} INFO - Filling up the DagBag from /opt/airflow/dags/branchs.py
[2024-02-28T20:49:14.379+0000] {logging_mixin.py:137} WARNING - /home/airflow/.local/lib/python3.7/site-packages/airflow/models/baseoperator.py:394 RemovedInAirflow3Warning: provide_context is deprecated as of 2.0 and is no longer required
[2024-02-28T20:49:14.383+0000] {processor.py:753} INFO - DAG(s) dict_keys(['branchtest']) retrieved from /opt/airflow/dags/branchs.py
[2024-02-28T20:49:14.398+0000] {logging_mixin.py:137} INFO - [2024-02-28T20:49:14.398+0000] {dag.py:2690} INFO - Sync 1 DAGs
[2024-02-28T20:49:14.412+0000] {logging_mixin.py:137} INFO - [2024-02-28T20:49:14.412+0000] {dag.py:3441} INFO - Setting next_dagrun for branchtest to None, run_after=None
[2024-02-28T20:49:14.422+0000] {processor.py:175} INFO - Processing /opt/airflow/dags/branchs.py took 0.054 seconds
[2024-02-28T20:49:20.416+0000] {processor.py:153} INFO - Started process (PID=1548) to work on /opt/airflow/dags/branchs.py
[2024-02-28T20:49:20.416+0000] {processor.py:743} INFO - Processing file /opt/airflow/dags/branchs.py for tasks to queue
[2024-02-28T20:49:20.416+0000] {logging_mixin.py:137} INFO - [2024-02-28T20:49:20.416+0000] {dagbag.py:538} INFO - Filling up the DagBag from /opt/airflow/dags/branchs.py
[2024-02-28T20:49:20.424+0000] {logging_mixin.py:137} WARNING - /home/airflow/.local/lib/python3.7/site-packages/airflow/models/baseoperator.py:394 RemovedInAirflow3Warning: provide_context is deprecated as of 2.0 and is no longer required
[2024-02-28T20:49:20.428+0000] {processor.py:753} INFO - DAG(s) dict_keys(['branchtest']) retrieved from /opt/airflow/dags/branchs.py
[2024-02-28T20:49:20.443+0000] {logging_mixin.py:137} INFO - [2024-02-28T20:49:20.443+0000] {dag.py:2690} INFO - Sync 1 DAGs
[2024-02-28T20:49:20.458+0000] {logging_mixin.py:137} INFO - [2024-02-28T20:49:20.457+0000] {dag.py:3441} INFO - Setting next_dagrun for branchtest to None, run_after=None
[2024-02-28T20:49:20.468+0000] {processor.py:175} INFO - Processing /opt/airflow/dags/branchs.py took 0.055 seconds
[2024-02-28T20:49:26.294+0000] {processor.py:153} INFO - Started process (PID=1573) to work on /opt/airflow/dags/branchs.py
[2024-02-28T20:49:26.294+0000] {processor.py:743} INFO - Processing file /opt/airflow/dags/branchs.py for tasks to queue
[2024-02-28T20:49:26.295+0000] {logging_mixin.py:137} INFO - [2024-02-28T20:49:26.295+0000] {dagbag.py:538} INFO - Filling up the DagBag from /opt/airflow/dags/branchs.py
[2024-02-28T20:49:26.302+0000] {logging_mixin.py:137} WARNING - /home/airflow/.local/lib/python3.7/site-packages/airflow/models/baseoperator.py:394 RemovedInAirflow3Warning: provide_context is deprecated as of 2.0 and is no longer required
[2024-02-28T20:49:26.306+0000] {processor.py:753} INFO - DAG(s) dict_keys(['branchtest']) retrieved from /opt/airflow/dags/branchs.py
[2024-02-28T20:49:26.321+0000] {logging_mixin.py:137} INFO - [2024-02-28T20:49:26.321+0000] {dag.py:2690} INFO - Sync 1 DAGs
[2024-02-28T20:49:26.336+0000] {logging_mixin.py:137} INFO - [2024-02-28T20:49:26.336+0000] {dag.py:3441} INFO - Setting next_dagrun for branchtest to None, run_after=None
[2024-02-28T20:49:26.347+0000] {processor.py:175} INFO - Processing /opt/airflow/dags/branchs.py took 0.055 seconds
[2024-02-28T20:49:32.235+0000] {processor.py:153} INFO - Started process (PID=1629) to work on /opt/airflow/dags/branchs.py
[2024-02-28T20:49:32.235+0000] {processor.py:743} INFO - Processing file /opt/airflow/dags/branchs.py for tasks to queue
[2024-02-28T20:49:32.236+0000] {logging_mixin.py:137} INFO - [2024-02-28T20:49:32.235+0000] {dagbag.py:538} INFO - Filling up the DagBag from /opt/airflow/dags/branchs.py
[2024-02-28T20:49:32.242+0000] {logging_mixin.py:137} WARNING - /home/airflow/.local/lib/python3.7/site-packages/airflow/models/baseoperator.py:394 RemovedInAirflow3Warning: provide_context is deprecated as of 2.0 and is no longer required
[2024-02-28T20:49:32.247+0000] {processor.py:753} INFO - DAG(s) dict_keys(['branchtest']) retrieved from /opt/airflow/dags/branchs.py
[2024-02-28T20:49:32.262+0000] {logging_mixin.py:137} INFO - [2024-02-28T20:49:32.262+0000] {dag.py:2690} INFO - Sync 1 DAGs
[2024-02-28T20:49:32.277+0000] {logging_mixin.py:137} INFO - [2024-02-28T20:49:32.277+0000] {dag.py:3441} INFO - Setting next_dagrun for branchtest to None, run_after=None
[2024-02-28T20:49:32.290+0000] {processor.py:175} INFO - Processing /opt/airflow/dags/branchs.py took 0.058 seconds
[2024-02-28T20:49:37.351+0000] {processor.py:153} INFO - Started process (PID=1653) to work on /opt/airflow/dags/branchs.py
[2024-02-28T20:49:37.352+0000] {processor.py:743} INFO - Processing file /opt/airflow/dags/branchs.py for tasks to queue
[2024-02-28T20:49:37.352+0000] {logging_mixin.py:137} INFO - [2024-02-28T20:49:37.352+0000] {dagbag.py:538} INFO - Filling up the DagBag from /opt/airflow/dags/branchs.py
[2024-02-28T20:49:37.360+0000] {logging_mixin.py:137} WARNING - /home/airflow/.local/lib/python3.7/site-packages/airflow/models/baseoperator.py:394 RemovedInAirflow3Warning: provide_context is deprecated as of 2.0 and is no longer required
[2024-02-28T20:49:37.365+0000] {processor.py:753} INFO - DAG(s) dict_keys(['branchtest']) retrieved from /opt/airflow/dags/branchs.py
[2024-02-28T20:49:37.383+0000] {logging_mixin.py:137} INFO - [2024-02-28T20:49:37.383+0000] {dag.py:2690} INFO - Sync 1 DAGs
[2024-02-28T20:49:37.403+0000] {logging_mixin.py:137} INFO - [2024-02-28T20:49:37.402+0000] {dag.py:3441} INFO - Setting next_dagrun for branchtest to None, run_after=None
[2024-02-28T20:49:37.419+0000] {processor.py:175} INFO - Processing /opt/airflow/dags/branchs.py took 0.070 seconds
[2024-02-28T20:50:21.493+0000] {processor.py:153} INFO - Started process (PID=67) to work on /opt/airflow/dags/branchs.py
[2024-02-28T20:50:21.494+0000] {processor.py:743} INFO - Processing file /opt/airflow/dags/branchs.py for tasks to queue
[2024-02-28T20:50:21.494+0000] {logging_mixin.py:137} INFO - [2024-02-28T20:50:21.494+0000] {dagbag.py:538} INFO - Filling up the DagBag from /opt/airflow/dags/branchs.py
[2024-02-28T20:50:21.510+0000] {logging_mixin.py:137} WARNING - /home/airflow/.local/lib/python3.7/site-packages/airflow/models/baseoperator.py:394 RemovedInAirflow3Warning: provide_context is deprecated as of 2.0 and is no longer required
[2024-02-28T20:50:21.520+0000] {processor.py:753} INFO - DAG(s) dict_keys(['branchtest']) retrieved from /opt/airflow/dags/branchs.py
[2024-02-28T20:50:21.598+0000] {logging_mixin.py:137} INFO - [2024-02-28T20:50:21.598+0000] {dag.py:2690} INFO - Sync 1 DAGs
[2024-02-28T20:50:21.622+0000] {logging_mixin.py:137} INFO - [2024-02-28T20:50:21.622+0000] {dag.py:3441} INFO - Setting next_dagrun for branchtest to None, run_after=None
[2024-02-28T20:50:21.644+0000] {processor.py:175} INFO - Processing /opt/airflow/dags/branchs.py took 0.154 seconds
[2024-02-28T20:50:27.541+0000] {processor.py:153} INFO - Started process (PID=116) to work on /opt/airflow/dags/branchs.py
[2024-02-28T20:50:27.542+0000] {processor.py:743} INFO - Processing file /opt/airflow/dags/branchs.py for tasks to queue
[2024-02-28T20:50:27.543+0000] {logging_mixin.py:137} INFO - [2024-02-28T20:50:27.542+0000] {dagbag.py:538} INFO - Filling up the DagBag from /opt/airflow/dags/branchs.py
[2024-02-28T20:50:27.550+0000] {logging_mixin.py:137} WARNING - /home/airflow/.local/lib/python3.7/site-packages/airflow/models/baseoperator.py:394 RemovedInAirflow3Warning: provide_context is deprecated as of 2.0 and is no longer required
[2024-02-28T20:50:27.555+0000] {processor.py:753} INFO - DAG(s) dict_keys(['branchtest']) retrieved from /opt/airflow/dags/branchs.py
[2024-02-28T20:50:27.563+0000] {logging_mixin.py:137} INFO - [2024-02-28T20:50:27.563+0000] {dag.py:2690} INFO - Sync 1 DAGs
[2024-02-28T20:50:27.577+0000] {logging_mixin.py:137} INFO - [2024-02-28T20:50:27.577+0000] {dag.py:3441} INFO - Setting next_dagrun for branchtest to None, run_after=None
[2024-02-28T20:50:27.588+0000] {processor.py:175} INFO - Processing /opt/airflow/dags/branchs.py took 0.049 seconds
[2024-02-28T20:50:33.381+0000] {processor.py:153} INFO - Started process (PID=140) to work on /opt/airflow/dags/branchs.py
[2024-02-28T20:50:33.382+0000] {processor.py:743} INFO - Processing file /opt/airflow/dags/branchs.py for tasks to queue
[2024-02-28T20:50:33.382+0000] {logging_mixin.py:137} INFO - [2024-02-28T20:50:33.382+0000] {dagbag.py:538} INFO - Filling up the DagBag from /opt/airflow/dags/branchs.py
[2024-02-28T20:50:33.389+0000] {logging_mixin.py:137} WARNING - /home/airflow/.local/lib/python3.7/site-packages/airflow/models/baseoperator.py:394 RemovedInAirflow3Warning: provide_context is deprecated as of 2.0 and is no longer required
[2024-02-28T20:50:33.394+0000] {processor.py:753} INFO - DAG(s) dict_keys(['branchtest']) retrieved from /opt/airflow/dags/branchs.py
[2024-02-28T20:50:33.402+0000] {logging_mixin.py:137} INFO - [2024-02-28T20:50:33.402+0000] {dag.py:2690} INFO - Sync 1 DAGs
[2024-02-28T20:50:33.418+0000] {logging_mixin.py:137} INFO - [2024-02-28T20:50:33.418+0000] {dag.py:3441} INFO - Setting next_dagrun for branchtest to None, run_after=None
[2024-02-28T20:50:33.429+0000] {processor.py:175} INFO - Processing /opt/airflow/dags/branchs.py took 0.050 seconds
[2024-02-28T20:50:39.295+0000] {processor.py:153} INFO - Started process (PID=196) to work on /opt/airflow/dags/branchs.py
[2024-02-28T20:50:39.297+0000] {processor.py:743} INFO - Processing file /opt/airflow/dags/branchs.py for tasks to queue
[2024-02-28T20:50:39.297+0000] {logging_mixin.py:137} INFO - [2024-02-28T20:50:39.297+0000] {dagbag.py:538} INFO - Filling up the DagBag from /opt/airflow/dags/branchs.py
[2024-02-28T20:50:39.305+0000] {logging_mixin.py:137} WARNING - /home/airflow/.local/lib/python3.7/site-packages/airflow/models/baseoperator.py:394 RemovedInAirflow3Warning: provide_context is deprecated as of 2.0 and is no longer required
[2024-02-28T20:50:39.310+0000] {processor.py:753} INFO - DAG(s) dict_keys(['branchtest']) retrieved from /opt/airflow/dags/branchs.py
[2024-02-28T20:50:39.318+0000] {logging_mixin.py:137} INFO - [2024-02-28T20:50:39.318+0000] {dag.py:2690} INFO - Sync 1 DAGs
[2024-02-28T20:50:39.333+0000] {logging_mixin.py:137} INFO - [2024-02-28T20:50:39.333+0000] {dag.py:3441} INFO - Setting next_dagrun for branchtest to None, run_after=None
[2024-02-28T20:50:39.344+0000] {processor.py:175} INFO - Processing /opt/airflow/dags/branchs.py took 0.051 seconds
[2024-02-28T20:50:45.169+0000] {processor.py:153} INFO - Started process (PID=220) to work on /opt/airflow/dags/branchs.py
[2024-02-28T20:50:45.170+0000] {processor.py:743} INFO - Processing file /opt/airflow/dags/branchs.py for tasks to queue
[2024-02-28T20:50:45.170+0000] {logging_mixin.py:137} INFO - [2024-02-28T20:50:45.170+0000] {dagbag.py:538} INFO - Filling up the DagBag from /opt/airflow/dags/branchs.py
[2024-02-28T20:50:45.179+0000] {logging_mixin.py:137} WARNING - /home/airflow/.local/lib/python3.7/site-packages/airflow/models/baseoperator.py:394 RemovedInAirflow3Warning: provide_context is deprecated as of 2.0 and is no longer required
[2024-02-28T20:50:45.183+0000] {processor.py:753} INFO - DAG(s) dict_keys(['branchtest']) retrieved from /opt/airflow/dags/branchs.py
[2024-02-28T20:50:45.191+0000] {logging_mixin.py:137} INFO - [2024-02-28T20:50:45.190+0000] {dag.py:2690} INFO - Sync 1 DAGs
[2024-02-28T20:50:45.205+0000] {logging_mixin.py:137} INFO - [2024-02-28T20:50:45.205+0000] {dag.py:3441} INFO - Setting next_dagrun for branchtest to None, run_after=None
[2024-02-28T20:50:45.216+0000] {processor.py:175} INFO - Processing /opt/airflow/dags/branchs.py took 0.049 seconds
[2024-02-28T20:50:51.087+0000] {processor.py:153} INFO - Started process (PID=276) to work on /opt/airflow/dags/branchs.py
[2024-02-28T20:50:51.088+0000] {processor.py:743} INFO - Processing file /opt/airflow/dags/branchs.py for tasks to queue
[2024-02-28T20:50:51.088+0000] {logging_mixin.py:137} INFO - [2024-02-28T20:50:51.088+0000] {dagbag.py:538} INFO - Filling up the DagBag from /opt/airflow/dags/branchs.py
[2024-02-28T20:50:51.096+0000] {logging_mixin.py:137} WARNING - /home/airflow/.local/lib/python3.7/site-packages/airflow/models/baseoperator.py:394 RemovedInAirflow3Warning: provide_context is deprecated as of 2.0 and is no longer required
[2024-02-28T20:50:51.100+0000] {processor.py:753} INFO - DAG(s) dict_keys(['branchtest']) retrieved from /opt/airflow/dags/branchs.py
[2024-02-28T20:50:51.108+0000] {logging_mixin.py:137} INFO - [2024-02-28T20:50:51.108+0000] {dag.py:2690} INFO - Sync 1 DAGs
[2024-02-28T20:50:51.123+0000] {logging_mixin.py:137} INFO - [2024-02-28T20:50:51.123+0000] {dag.py:3441} INFO - Setting next_dagrun for branchtest to None, run_after=None
[2024-02-28T20:50:51.134+0000] {processor.py:175} INFO - Processing /opt/airflow/dags/branchs.py took 0.048 seconds
[2024-02-28T20:50:56.980+0000] {processor.py:153} INFO - Started process (PID=307) to work on /opt/airflow/dags/branchs.py
[2024-02-28T20:50:56.982+0000] {processor.py:743} INFO - Processing file /opt/airflow/dags/branchs.py for tasks to queue
[2024-02-28T20:50:56.982+0000] {logging_mixin.py:137} INFO - [2024-02-28T20:50:56.982+0000] {dagbag.py:538} INFO - Filling up the DagBag from /opt/airflow/dags/branchs.py
[2024-02-28T20:50:56.989+0000] {logging_mixin.py:137} WARNING - /home/airflow/.local/lib/python3.7/site-packages/airflow/models/baseoperator.py:394 RemovedInAirflow3Warning: provide_context is deprecated as of 2.0 and is no longer required
[2024-02-28T20:50:56.996+0000] {processor.py:753} INFO - DAG(s) dict_keys(['branchtest']) retrieved from /opt/airflow/dags/branchs.py
[2024-02-28T20:50:57.011+0000] {logging_mixin.py:137} INFO - [2024-02-28T20:50:57.011+0000] {dag.py:2690} INFO - Sync 1 DAGs
[2024-02-28T20:50:57.026+0000] {logging_mixin.py:137} INFO - [2024-02-28T20:50:57.026+0000] {dag.py:3441} INFO - Setting next_dagrun for branchtest to None, run_after=None
[2024-02-28T20:50:57.038+0000] {processor.py:175} INFO - Processing /opt/airflow/dags/branchs.py took 0.060 seconds
[2024-02-28T20:51:02.894+0000] {processor.py:153} INFO - Started process (PID=356) to work on /opt/airflow/dags/branchs.py
[2024-02-28T20:51:02.895+0000] {processor.py:743} INFO - Processing file /opt/airflow/dags/branchs.py for tasks to queue
[2024-02-28T20:51:02.896+0000] {logging_mixin.py:137} INFO - [2024-02-28T20:51:02.896+0000] {dagbag.py:538} INFO - Filling up the DagBag from /opt/airflow/dags/branchs.py
[2024-02-28T20:51:02.903+0000] {logging_mixin.py:137} WARNING - /home/airflow/.local/lib/python3.7/site-packages/airflow/models/baseoperator.py:394 RemovedInAirflow3Warning: provide_context is deprecated as of 2.0 and is no longer required
[2024-02-28T20:51:02.907+0000] {processor.py:753} INFO - DAG(s) dict_keys(['branchtest']) retrieved from /opt/airflow/dags/branchs.py
[2024-02-28T20:51:02.924+0000] {logging_mixin.py:137} INFO - [2024-02-28T20:51:02.924+0000] {dag.py:2690} INFO - Sync 1 DAGs
[2024-02-28T20:51:02.941+0000] {logging_mixin.py:137} INFO - [2024-02-28T20:51:02.941+0000] {dag.py:3441} INFO - Setting next_dagrun for branchtest to None, run_after=None
[2024-02-28T20:51:02.952+0000] {processor.py:175} INFO - Processing /opt/airflow/dags/branchs.py took 0.060 seconds
[2024-02-28T20:51:08.793+0000] {processor.py:153} INFO - Started process (PID=389) to work on /opt/airflow/dags/branchs.py
[2024-02-28T20:51:08.795+0000] {processor.py:743} INFO - Processing file /opt/airflow/dags/branchs.py for tasks to queue
[2024-02-28T20:51:08.796+0000] {logging_mixin.py:137} INFO - [2024-02-28T20:51:08.795+0000] {dagbag.py:538} INFO - Filling up the DagBag from /opt/airflow/dags/branchs.py
[2024-02-28T20:51:08.804+0000] {logging_mixin.py:137} WARNING - /home/airflow/.local/lib/python3.7/site-packages/airflow/models/baseoperator.py:394 RemovedInAirflow3Warning: provide_context is deprecated as of 2.0 and is no longer required
[2024-02-28T20:51:08.808+0000] {processor.py:753} INFO - DAG(s) dict_keys(['branchtest']) retrieved from /opt/airflow/dags/branchs.py
[2024-02-28T20:51:08.825+0000] {logging_mixin.py:137} INFO - [2024-02-28T20:51:08.825+0000] {dag.py:2690} INFO - Sync 1 DAGs
[2024-02-28T20:51:08.842+0000] {logging_mixin.py:137} INFO - [2024-02-28T20:51:08.842+0000] {dag.py:3441} INFO - Setting next_dagrun for branchtest to None, run_after=None
[2024-02-28T20:51:08.855+0000] {processor.py:175} INFO - Processing /opt/airflow/dags/branchs.py took 0.064 seconds
[2024-02-28T20:51:14.696+0000] {processor.py:153} INFO - Started process (PID=436) to work on /opt/airflow/dags/branchs.py
[2024-02-28T20:51:14.698+0000] {processor.py:743} INFO - Processing file /opt/airflow/dags/branchs.py for tasks to queue
[2024-02-28T20:51:14.698+0000] {logging_mixin.py:137} INFO - [2024-02-28T20:51:14.698+0000] {dagbag.py:538} INFO - Filling up the DagBag from /opt/airflow/dags/branchs.py
[2024-02-28T20:51:14.705+0000] {logging_mixin.py:137} WARNING - /home/airflow/.local/lib/python3.7/site-packages/airflow/models/baseoperator.py:394 RemovedInAirflow3Warning: provide_context is deprecated as of 2.0 and is no longer required
[2024-02-28T20:51:14.709+0000] {processor.py:753} INFO - DAG(s) dict_keys(['branchtest']) retrieved from /opt/airflow/dags/branchs.py
[2024-02-28T20:51:14.724+0000] {logging_mixin.py:137} INFO - [2024-02-28T20:51:14.724+0000] {dag.py:2690} INFO - Sync 1 DAGs
[2024-02-28T20:51:14.738+0000] {logging_mixin.py:137} INFO - [2024-02-28T20:51:14.738+0000] {dag.py:3441} INFO - Setting next_dagrun for branchtest to None, run_after=None
[2024-02-28T20:51:14.749+0000] {processor.py:175} INFO - Processing /opt/airflow/dags/branchs.py took 0.055 seconds
[2024-02-28T20:51:20.585+0000] {processor.py:153} INFO - Started process (PID=469) to work on /opt/airflow/dags/branchs.py
[2024-02-28T20:51:20.587+0000] {processor.py:743} INFO - Processing file /opt/airflow/dags/branchs.py for tasks to queue
[2024-02-28T20:51:20.587+0000] {logging_mixin.py:137} INFO - [2024-02-28T20:51:20.587+0000] {dagbag.py:538} INFO - Filling up the DagBag from /opt/airflow/dags/branchs.py
[2024-02-28T20:51:20.598+0000] {logging_mixin.py:137} WARNING - /home/airflow/.local/lib/python3.7/site-packages/airflow/models/baseoperator.py:394 RemovedInAirflow3Warning: provide_context is deprecated as of 2.0 and is no longer required
[2024-02-28T20:51:20.603+0000] {processor.py:753} INFO - DAG(s) dict_keys(['branchtest']) retrieved from /opt/airflow/dags/branchs.py
[2024-02-28T20:51:20.622+0000] {logging_mixin.py:137} INFO - [2024-02-28T20:51:20.622+0000] {dag.py:2690} INFO - Sync 1 DAGs
[2024-02-28T20:51:20.641+0000] {logging_mixin.py:137} INFO - [2024-02-28T20:51:20.640+0000] {dag.py:3441} INFO - Setting next_dagrun for branchtest to None, run_after=None
[2024-02-28T20:51:20.659+0000] {processor.py:175} INFO - Processing /opt/airflow/dags/branchs.py took 0.078 seconds
