[2024-02-28T20:45:56.357+0000] {processor.py:153} INFO - Started process (PID=59) to work on /opt/airflow/dags/consumer.py
[2024-02-28T20:45:56.358+0000] {processor.py:743} INFO - Processing file /opt/airflow/dags/consumer.py for tasks to queue
[2024-02-28T20:45:56.358+0000] {logging_mixin.py:137} INFO - [2024-02-28T20:45:56.358+0000] {dagbag.py:538} INFO - Filling up the DagBag from /opt/airflow/dags/consumer.py
[2024-02-28T20:45:56.367+0000] {processor.py:753} INFO - DAG(s) dict_keys(['consumer']) retrieved from /opt/airflow/dags/consumer.py
[2024-02-28T20:45:56.451+0000] {logging_mixin.py:137} INFO - [2024-02-28T20:45:56.451+0000] {manager.py:504} INFO - Created Permission View: can edit on DAG:consumer
[2024-02-28T20:45:56.458+0000] {logging_mixin.py:137} INFO - [2024-02-28T20:45:56.458+0000] {manager.py:504} INFO - Created Permission View: can delete on DAG:consumer
[2024-02-28T20:45:56.463+0000] {logging_mixin.py:137} INFO - [2024-02-28T20:45:56.462+0000] {manager.py:504} INFO - Created Permission View: can read on DAG:consumer
[2024-02-28T20:45:56.463+0000] {logging_mixin.py:137} INFO - [2024-02-28T20:45:56.463+0000] {dag.py:2690} INFO - Sync 1 DAGs
[2024-02-28T20:45:56.472+0000] {logging_mixin.py:137} INFO - [2024-02-28T20:45:56.471+0000] {dag.py:2711} INFO - Creating ORM DAG for consumer
[2024-02-28T20:45:56.479+0000] {logging_mixin.py:137} INFO - [2024-02-28T20:45:56.479+0000] {dag.py:3441} INFO - Setting next_dagrun for consumer to None, run_after=None
[2024-02-28T20:45:56.494+0000] {processor.py:175} INFO - Processing /opt/airflow/dags/consumer.py took 0.139 seconds
[2024-02-28T20:46:02.269+0000] {processor.py:153} INFO - Started process (PID=117) to work on /opt/airflow/dags/consumer.py
[2024-02-28T20:46:02.270+0000] {processor.py:743} INFO - Processing file /opt/airflow/dags/consumer.py for tasks to queue
[2024-02-28T20:46:02.270+0000] {logging_mixin.py:137} INFO - [2024-02-28T20:46:02.270+0000] {dagbag.py:538} INFO - Filling up the DagBag from /opt/airflow/dags/consumer.py
[2024-02-28T20:46:02.277+0000] {processor.py:753} INFO - DAG(s) dict_keys(['consumer']) retrieved from /opt/airflow/dags/consumer.py
[2024-02-28T20:46:02.286+0000] {logging_mixin.py:137} INFO - [2024-02-28T20:46:02.285+0000] {dag.py:2690} INFO - Sync 1 DAGs
[2024-02-28T20:46:02.302+0000] {logging_mixin.py:137} INFO - [2024-02-28T20:46:02.302+0000] {dag.py:3441} INFO - Setting next_dagrun for consumer to None, run_after=None
[2024-02-28T20:46:02.317+0000] {processor.py:175} INFO - Processing /opt/airflow/dags/consumer.py took 0.050 seconds
[2024-02-28T20:46:08.209+0000] {processor.py:153} INFO - Started process (PID=143) to work on /opt/airflow/dags/consumer.py
[2024-02-28T20:46:08.209+0000] {processor.py:743} INFO - Processing file /opt/airflow/dags/consumer.py for tasks to queue
[2024-02-28T20:46:08.210+0000] {logging_mixin.py:137} INFO - [2024-02-28T20:46:08.210+0000] {dagbag.py:538} INFO - Filling up the DagBag from /opt/airflow/dags/consumer.py
[2024-02-28T20:46:08.219+0000] {processor.py:753} INFO - DAG(s) dict_keys(['consumer']) retrieved from /opt/airflow/dags/consumer.py
[2024-02-28T20:46:08.227+0000] {logging_mixin.py:137} INFO - [2024-02-28T20:46:08.227+0000] {dag.py:2690} INFO - Sync 1 DAGs
[2024-02-28T20:46:08.243+0000] {logging_mixin.py:137} INFO - [2024-02-28T20:46:08.243+0000] {dag.py:3441} INFO - Setting next_dagrun for consumer to None, run_after=None
[2024-02-28T20:46:08.257+0000] {processor.py:175} INFO - Processing /opt/airflow/dags/consumer.py took 0.050 seconds
[2024-02-28T20:46:14.001+0000] {processor.py:153} INFO - Started process (PID=201) to work on /opt/airflow/dags/consumer.py
[2024-02-28T20:46:14.001+0000] {processor.py:743} INFO - Processing file /opt/airflow/dags/consumer.py for tasks to queue
[2024-02-28T20:46:14.001+0000] {logging_mixin.py:137} INFO - [2024-02-28T20:46:14.001+0000] {dagbag.py:538} INFO - Filling up the DagBag from /opt/airflow/dags/consumer.py
[2024-02-28T20:46:14.010+0000] {processor.py:753} INFO - DAG(s) dict_keys(['consumer']) retrieved from /opt/airflow/dags/consumer.py
[2024-02-28T20:46:14.019+0000] {logging_mixin.py:137} INFO - [2024-02-28T20:46:14.019+0000] {dag.py:2690} INFO - Sync 1 DAGs
[2024-02-28T20:46:14.035+0000] {logging_mixin.py:137} INFO - [2024-02-28T20:46:14.035+0000] {dag.py:3441} INFO - Setting next_dagrun for consumer to None, run_after=None
[2024-02-28T20:46:14.049+0000] {processor.py:175} INFO - Processing /opt/airflow/dags/consumer.py took 0.050 seconds
[2024-02-28T20:46:19.882+0000] {processor.py:153} INFO - Started process (PID=227) to work on /opt/airflow/dags/consumer.py
[2024-02-28T20:46:19.882+0000] {processor.py:743} INFO - Processing file /opt/airflow/dags/consumer.py for tasks to queue
[2024-02-28T20:46:19.883+0000] {logging_mixin.py:137} INFO - [2024-02-28T20:46:19.883+0000] {dagbag.py:538} INFO - Filling up the DagBag from /opt/airflow/dags/consumer.py
[2024-02-28T20:46:19.892+0000] {processor.py:753} INFO - DAG(s) dict_keys(['consumer']) retrieved from /opt/airflow/dags/consumer.py
[2024-02-28T20:46:19.901+0000] {logging_mixin.py:137} INFO - [2024-02-28T20:46:19.900+0000] {dag.py:2690} INFO - Sync 1 DAGs
[2024-02-28T20:46:19.918+0000] {logging_mixin.py:137} INFO - [2024-02-28T20:46:19.918+0000] {dag.py:3441} INFO - Setting next_dagrun for consumer to None, run_after=None
[2024-02-28T20:46:19.935+0000] {processor.py:175} INFO - Processing /opt/airflow/dags/consumer.py took 0.055 seconds
[2024-02-28T20:46:25.692+0000] {processor.py:153} INFO - Started process (PID=285) to work on /opt/airflow/dags/consumer.py
[2024-02-28T20:46:25.693+0000] {processor.py:743} INFO - Processing file /opt/airflow/dags/consumer.py for tasks to queue
[2024-02-28T20:46:25.693+0000] {logging_mixin.py:137} INFO - [2024-02-28T20:46:25.693+0000] {dagbag.py:538} INFO - Filling up the DagBag from /opt/airflow/dags/consumer.py
[2024-02-28T20:46:25.700+0000] {processor.py:753} INFO - DAG(s) dict_keys(['consumer']) retrieved from /opt/airflow/dags/consumer.py
[2024-02-28T20:46:25.709+0000] {logging_mixin.py:137} INFO - [2024-02-28T20:46:25.709+0000] {dag.py:2690} INFO - Sync 1 DAGs
[2024-02-28T20:46:25.724+0000] {logging_mixin.py:137} INFO - [2024-02-28T20:46:25.724+0000] {dag.py:3441} INFO - Setting next_dagrun for consumer to None, run_after=None
[2024-02-28T20:46:25.738+0000] {processor.py:175} INFO - Processing /opt/airflow/dags/consumer.py took 0.048 seconds
[2024-02-28T20:46:31.659+0000] {processor.py:153} INFO - Started process (PID=311) to work on /opt/airflow/dags/consumer.py
[2024-02-28T20:46:31.660+0000] {processor.py:743} INFO - Processing file /opt/airflow/dags/consumer.py for tasks to queue
[2024-02-28T20:46:31.660+0000] {logging_mixin.py:137} INFO - [2024-02-28T20:46:31.660+0000] {dagbag.py:538} INFO - Filling up the DagBag from /opt/airflow/dags/consumer.py
[2024-02-28T20:46:31.667+0000] {processor.py:753} INFO - DAG(s) dict_keys(['consumer']) retrieved from /opt/airflow/dags/consumer.py
[2024-02-28T20:46:31.683+0000] {logging_mixin.py:137} INFO - [2024-02-28T20:46:31.683+0000] {dag.py:2690} INFO - Sync 1 DAGs
[2024-02-28T20:46:31.698+0000] {logging_mixin.py:137} INFO - [2024-02-28T20:46:31.698+0000] {dag.py:3441} INFO - Setting next_dagrun for consumer to None, run_after=None
[2024-02-28T20:46:31.712+0000] {processor.py:175} INFO - Processing /opt/airflow/dags/consumer.py took 0.054 seconds
[2024-02-28T20:46:37.731+0000] {processor.py:153} INFO - Started process (PID=369) to work on /opt/airflow/dags/consumer.py
[2024-02-28T20:46:37.732+0000] {processor.py:743} INFO - Processing file /opt/airflow/dags/consumer.py for tasks to queue
[2024-02-28T20:46:37.732+0000] {logging_mixin.py:137} INFO - [2024-02-28T20:46:37.732+0000] {dagbag.py:538} INFO - Filling up the DagBag from /opt/airflow/dags/consumer.py
[2024-02-28T20:46:37.740+0000] {processor.py:753} INFO - DAG(s) dict_keys(['consumer']) retrieved from /opt/airflow/dags/consumer.py
[2024-02-28T20:46:37.757+0000] {logging_mixin.py:137} INFO - [2024-02-28T20:46:37.756+0000] {dag.py:2690} INFO - Sync 1 DAGs
[2024-02-28T20:46:37.772+0000] {logging_mixin.py:137} INFO - [2024-02-28T20:46:37.772+0000] {dag.py:3441} INFO - Setting next_dagrun for consumer to None, run_after=None
[2024-02-28T20:46:37.787+0000] {processor.py:175} INFO - Processing /opt/airflow/dags/consumer.py took 0.058 seconds
[2024-02-28T20:46:43.784+0000] {processor.py:153} INFO - Started process (PID=395) to work on /opt/airflow/dags/consumer.py
[2024-02-28T20:46:43.785+0000] {processor.py:743} INFO - Processing file /opt/airflow/dags/consumer.py for tasks to queue
[2024-02-28T20:46:43.785+0000] {logging_mixin.py:137} INFO - [2024-02-28T20:46:43.785+0000] {dagbag.py:538} INFO - Filling up the DagBag from /opt/airflow/dags/consumer.py
[2024-02-28T20:46:43.793+0000] {processor.py:753} INFO - DAG(s) dict_keys(['consumer']) retrieved from /opt/airflow/dags/consumer.py
[2024-02-28T20:46:43.809+0000] {logging_mixin.py:137} INFO - [2024-02-28T20:46:43.809+0000] {dag.py:2690} INFO - Sync 1 DAGs
[2024-02-28T20:46:43.824+0000] {logging_mixin.py:137} INFO - [2024-02-28T20:46:43.824+0000] {dag.py:3441} INFO - Setting next_dagrun for consumer to None, run_after=None
[2024-02-28T20:46:43.838+0000] {processor.py:175} INFO - Processing /opt/airflow/dags/consumer.py took 0.056 seconds
[2024-02-28T20:46:48.878+0000] {processor.py:153} INFO - Started process (PID=453) to work on /opt/airflow/dags/consumer.py
[2024-02-28T20:46:48.879+0000] {processor.py:743} INFO - Processing file /opt/airflow/dags/consumer.py for tasks to queue
[2024-02-28T20:46:48.879+0000] {logging_mixin.py:137} INFO - [2024-02-28T20:46:48.879+0000] {dagbag.py:538} INFO - Filling up the DagBag from /opt/airflow/dags/consumer.py
[2024-02-28T20:46:48.887+0000] {processor.py:753} INFO - DAG(s) dict_keys(['consumer']) retrieved from /opt/airflow/dags/consumer.py
[2024-02-28T20:46:48.904+0000] {logging_mixin.py:137} INFO - [2024-02-28T20:46:48.904+0000] {dag.py:2690} INFO - Sync 1 DAGs
[2024-02-28T20:46:48.919+0000] {logging_mixin.py:137} INFO - [2024-02-28T20:46:48.919+0000] {dag.py:3441} INFO - Setting next_dagrun for consumer to None, run_after=None
[2024-02-28T20:46:48.933+0000] {processor.py:175} INFO - Processing /opt/airflow/dags/consumer.py took 0.057 seconds
[2024-02-28T20:46:53.972+0000] {processor.py:153} INFO - Started process (PID=479) to work on /opt/airflow/dags/consumer.py
[2024-02-28T20:46:53.973+0000] {processor.py:743} INFO - Processing file /opt/airflow/dags/consumer.py for tasks to queue
[2024-02-28T20:46:53.973+0000] {logging_mixin.py:137} INFO - [2024-02-28T20:46:53.973+0000] {dagbag.py:538} INFO - Filling up the DagBag from /opt/airflow/dags/consumer.py
[2024-02-28T20:46:53.981+0000] {processor.py:753} INFO - DAG(s) dict_keys(['consumer']) retrieved from /opt/airflow/dags/consumer.py
[2024-02-28T20:46:53.997+0000] {logging_mixin.py:137} INFO - [2024-02-28T20:46:53.997+0000] {dag.py:2690} INFO - Sync 1 DAGs
[2024-02-28T20:46:54.012+0000] {logging_mixin.py:137} INFO - [2024-02-28T20:46:54.012+0000] {dag.py:3441} INFO - Setting next_dagrun for consumer to None, run_after=None
[2024-02-28T20:46:54.026+0000] {processor.py:175} INFO - Processing /opt/airflow/dags/consumer.py took 0.056 seconds
[2024-02-28T20:47:00.016+0000] {processor.py:153} INFO - Started process (PID=537) to work on /opt/airflow/dags/consumer.py
[2024-02-28T20:47:00.017+0000] {processor.py:743} INFO - Processing file /opt/airflow/dags/consumer.py for tasks to queue
[2024-02-28T20:47:00.017+0000] {logging_mixin.py:137} INFO - [2024-02-28T20:47:00.017+0000] {dagbag.py:538} INFO - Filling up the DagBag from /opt/airflow/dags/consumer.py
[2024-02-28T20:47:00.025+0000] {processor.py:753} INFO - DAG(s) dict_keys(['consumer']) retrieved from /opt/airflow/dags/consumer.py
[2024-02-28T20:47:00.041+0000] {logging_mixin.py:137} INFO - [2024-02-28T20:47:00.041+0000] {dag.py:2690} INFO - Sync 1 DAGs
[2024-02-28T20:47:00.056+0000] {logging_mixin.py:137} INFO - [2024-02-28T20:47:00.056+0000] {dag.py:3441} INFO - Setting next_dagrun for consumer to None, run_after=None
[2024-02-28T20:47:00.070+0000] {processor.py:175} INFO - Processing /opt/airflow/dags/consumer.py took 0.056 seconds
[2024-02-28T20:47:06.012+0000] {processor.py:153} INFO - Started process (PID=563) to work on /opt/airflow/dags/consumer.py
[2024-02-28T20:47:06.012+0000] {processor.py:743} INFO - Processing file /opt/airflow/dags/consumer.py for tasks to queue
[2024-02-28T20:47:06.013+0000] {logging_mixin.py:137} INFO - [2024-02-28T20:47:06.013+0000] {dagbag.py:538} INFO - Filling up the DagBag from /opt/airflow/dags/consumer.py
[2024-02-28T20:47:06.020+0000] {processor.py:753} INFO - DAG(s) dict_keys(['consumer']) retrieved from /opt/airflow/dags/consumer.py
[2024-02-28T20:47:06.037+0000] {logging_mixin.py:137} INFO - [2024-02-28T20:47:06.037+0000] {dag.py:2690} INFO - Sync 1 DAGs
[2024-02-28T20:47:06.052+0000] {logging_mixin.py:137} INFO - [2024-02-28T20:47:06.051+0000] {dag.py:3441} INFO - Setting next_dagrun for consumer to None, run_after=None
[2024-02-28T20:47:06.066+0000] {processor.py:175} INFO - Processing /opt/airflow/dags/consumer.py took 0.056 seconds
[2024-02-28T20:47:11.142+0000] {processor.py:153} INFO - Started process (PID=621) to work on /opt/airflow/dags/consumer.py
[2024-02-28T20:47:11.142+0000] {processor.py:743} INFO - Processing file /opt/airflow/dags/consumer.py for tasks to queue
[2024-02-28T20:47:11.143+0000] {logging_mixin.py:137} INFO - [2024-02-28T20:47:11.143+0000] {dagbag.py:538} INFO - Filling up the DagBag from /opt/airflow/dags/consumer.py
[2024-02-28T20:47:11.150+0000] {processor.py:753} INFO - DAG(s) dict_keys(['consumer']) retrieved from /opt/airflow/dags/consumer.py
[2024-02-28T20:47:11.167+0000] {logging_mixin.py:137} INFO - [2024-02-28T20:47:11.167+0000] {dag.py:2690} INFO - Sync 1 DAGs
[2024-02-28T20:47:11.181+0000] {logging_mixin.py:137} INFO - [2024-02-28T20:47:11.181+0000] {dag.py:3441} INFO - Setting next_dagrun for consumer to None, run_after=None
[2024-02-28T20:47:11.194+0000] {processor.py:175} INFO - Processing /opt/airflow/dags/consumer.py took 0.055 seconds
[2024-02-28T20:47:17.099+0000] {processor.py:153} INFO - Started process (PID=649) to work on /opt/airflow/dags/consumer.py
[2024-02-28T20:47:17.100+0000] {processor.py:743} INFO - Processing file /opt/airflow/dags/consumer.py for tasks to queue
[2024-02-28T20:47:17.100+0000] {logging_mixin.py:137} INFO - [2024-02-28T20:47:17.100+0000] {dagbag.py:538} INFO - Filling up the DagBag from /opt/airflow/dags/consumer.py
[2024-02-28T20:47:17.108+0000] {processor.py:753} INFO - DAG(s) dict_keys(['consumer']) retrieved from /opt/airflow/dags/consumer.py
[2024-02-28T20:47:17.124+0000] {logging_mixin.py:137} INFO - [2024-02-28T20:47:17.124+0000] {dag.py:2690} INFO - Sync 1 DAGs
[2024-02-28T20:47:17.138+0000] {logging_mixin.py:137} INFO - [2024-02-28T20:47:17.138+0000] {dag.py:3441} INFO - Setting next_dagrun for consumer to None, run_after=None
[2024-02-28T20:47:17.153+0000] {processor.py:175} INFO - Processing /opt/airflow/dags/consumer.py took 0.056 seconds
[2024-02-28T20:47:22.960+0000] {processor.py:153} INFO - Started process (PID=707) to work on /opt/airflow/dags/consumer.py
[2024-02-28T20:47:22.961+0000] {processor.py:743} INFO - Processing file /opt/airflow/dags/consumer.py for tasks to queue
[2024-02-28T20:47:22.961+0000] {logging_mixin.py:137} INFO - [2024-02-28T20:47:22.961+0000] {dagbag.py:538} INFO - Filling up the DagBag from /opt/airflow/dags/consumer.py
[2024-02-28T20:47:22.968+0000] {processor.py:753} INFO - DAG(s) dict_keys(['consumer']) retrieved from /opt/airflow/dags/consumer.py
[2024-02-28T20:47:22.984+0000] {logging_mixin.py:137} INFO - [2024-02-28T20:47:22.984+0000] {dag.py:2690} INFO - Sync 1 DAGs
[2024-02-28T20:47:22.998+0000] {logging_mixin.py:137} INFO - [2024-02-28T20:47:22.998+0000] {dag.py:3441} INFO - Setting next_dagrun for consumer to None, run_after=None
[2024-02-28T20:47:23.012+0000] {processor.py:175} INFO - Processing /opt/airflow/dags/consumer.py took 0.054 seconds
[2024-02-28T20:47:28.807+0000] {processor.py:153} INFO - Started process (PID=733) to work on /opt/airflow/dags/consumer.py
[2024-02-28T20:47:28.808+0000] {processor.py:743} INFO - Processing file /opt/airflow/dags/consumer.py for tasks to queue
[2024-02-28T20:47:28.808+0000] {logging_mixin.py:137} INFO - [2024-02-28T20:47:28.808+0000] {dagbag.py:538} INFO - Filling up the DagBag from /opt/airflow/dags/consumer.py
[2024-02-28T20:47:28.815+0000] {processor.py:753} INFO - DAG(s) dict_keys(['consumer']) retrieved from /opt/airflow/dags/consumer.py
[2024-02-28T20:47:28.831+0000] {logging_mixin.py:137} INFO - [2024-02-28T20:47:28.831+0000] {dag.py:2690} INFO - Sync 1 DAGs
[2024-02-28T20:47:28.846+0000] {logging_mixin.py:137} INFO - [2024-02-28T20:47:28.846+0000] {dag.py:3441} INFO - Setting next_dagrun for consumer to None, run_after=None
[2024-02-28T20:47:28.860+0000] {processor.py:175} INFO - Processing /opt/airflow/dags/consumer.py took 0.055 seconds
[2024-02-28T20:47:34.696+0000] {processor.py:153} INFO - Started process (PID=791) to work on /opt/airflow/dags/consumer.py
[2024-02-28T20:47:34.696+0000] {processor.py:743} INFO - Processing file /opt/airflow/dags/consumer.py for tasks to queue
[2024-02-28T20:47:34.696+0000] {logging_mixin.py:137} INFO - [2024-02-28T20:47:34.696+0000] {dagbag.py:538} INFO - Filling up the DagBag from /opt/airflow/dags/consumer.py
[2024-02-28T20:47:34.704+0000] {processor.py:753} INFO - DAG(s) dict_keys(['consumer']) retrieved from /opt/airflow/dags/consumer.py
[2024-02-28T20:47:34.719+0000] {logging_mixin.py:137} INFO - [2024-02-28T20:47:34.719+0000] {dag.py:2690} INFO - Sync 1 DAGs
[2024-02-28T20:47:34.735+0000] {logging_mixin.py:137} INFO - [2024-02-28T20:47:34.734+0000] {dag.py:3441} INFO - Setting next_dagrun for consumer to None, run_after=None
[2024-02-28T20:47:34.748+0000] {processor.py:175} INFO - Processing /opt/airflow/dags/consumer.py took 0.055 seconds
[2024-02-28T20:47:40.567+0000] {processor.py:153} INFO - Started process (PID=817) to work on /opt/airflow/dags/consumer.py
[2024-02-28T20:47:40.568+0000] {processor.py:743} INFO - Processing file /opt/airflow/dags/consumer.py for tasks to queue
[2024-02-28T20:47:40.568+0000] {logging_mixin.py:137} INFO - [2024-02-28T20:47:40.568+0000] {dagbag.py:538} INFO - Filling up the DagBag from /opt/airflow/dags/consumer.py
[2024-02-28T20:47:40.576+0000] {processor.py:753} INFO - DAG(s) dict_keys(['consumer']) retrieved from /opt/airflow/dags/consumer.py
[2024-02-28T20:47:40.592+0000] {logging_mixin.py:137} INFO - [2024-02-28T20:47:40.592+0000] {dag.py:2690} INFO - Sync 1 DAGs
[2024-02-28T20:47:40.607+0000] {logging_mixin.py:137} INFO - [2024-02-28T20:47:40.607+0000] {dag.py:3441} INFO - Setting next_dagrun for consumer to None, run_after=None
[2024-02-28T20:47:40.622+0000] {processor.py:175} INFO - Processing /opt/airflow/dags/consumer.py took 0.056 seconds
[2024-02-28T20:47:46.449+0000] {processor.py:153} INFO - Started process (PID=875) to work on /opt/airflow/dags/consumer.py
[2024-02-28T20:47:46.450+0000] {processor.py:743} INFO - Processing file /opt/airflow/dags/consumer.py for tasks to queue
[2024-02-28T20:47:46.450+0000] {logging_mixin.py:137} INFO - [2024-02-28T20:47:46.450+0000] {dagbag.py:538} INFO - Filling up the DagBag from /opt/airflow/dags/consumer.py
[2024-02-28T20:47:46.458+0000] {processor.py:753} INFO - DAG(s) dict_keys(['consumer']) retrieved from /opt/airflow/dags/consumer.py
[2024-02-28T20:47:46.473+0000] {logging_mixin.py:137} INFO - [2024-02-28T20:47:46.473+0000] {dag.py:2690} INFO - Sync 1 DAGs
[2024-02-28T20:47:46.487+0000] {logging_mixin.py:137} INFO - [2024-02-28T20:47:46.487+0000] {dag.py:3441} INFO - Setting next_dagrun for consumer to None, run_after=None
[2024-02-28T20:47:46.501+0000] {processor.py:175} INFO - Processing /opt/airflow/dags/consumer.py took 0.054 seconds
[2024-02-28T20:47:52.255+0000] {processor.py:153} INFO - Started process (PID=901) to work on /opt/airflow/dags/consumer.py
[2024-02-28T20:47:52.256+0000] {processor.py:743} INFO - Processing file /opt/airflow/dags/consumer.py for tasks to queue
[2024-02-28T20:47:52.256+0000] {logging_mixin.py:137} INFO - [2024-02-28T20:47:52.256+0000] {dagbag.py:538} INFO - Filling up the DagBag from /opt/airflow/dags/consumer.py
[2024-02-28T20:47:52.264+0000] {processor.py:753} INFO - DAG(s) dict_keys(['consumer']) retrieved from /opt/airflow/dags/consumer.py
[2024-02-28T20:47:52.280+0000] {logging_mixin.py:137} INFO - [2024-02-28T20:47:52.280+0000] {dag.py:2690} INFO - Sync 1 DAGs
[2024-02-28T20:47:52.296+0000] {logging_mixin.py:137} INFO - [2024-02-28T20:47:52.296+0000] {dag.py:3441} INFO - Setting next_dagrun for consumer to None, run_after=None
[2024-02-28T20:47:52.311+0000] {processor.py:175} INFO - Processing /opt/airflow/dags/consumer.py took 0.058 seconds
[2024-02-28T20:47:58.146+0000] {processor.py:153} INFO - Started process (PID=959) to work on /opt/airflow/dags/consumer.py
[2024-02-28T20:47:58.147+0000] {processor.py:743} INFO - Processing file /opt/airflow/dags/consumer.py for tasks to queue
[2024-02-28T20:47:58.147+0000] {logging_mixin.py:137} INFO - [2024-02-28T20:47:58.147+0000] {dagbag.py:538} INFO - Filling up the DagBag from /opt/airflow/dags/consumer.py
[2024-02-28T20:47:58.155+0000] {processor.py:753} INFO - DAG(s) dict_keys(['consumer']) retrieved from /opt/airflow/dags/consumer.py
[2024-02-28T20:47:58.171+0000] {logging_mixin.py:137} INFO - [2024-02-28T20:47:58.171+0000] {dag.py:2690} INFO - Sync 1 DAGs
[2024-02-28T20:47:58.186+0000] {logging_mixin.py:137} INFO - [2024-02-28T20:47:58.186+0000] {dag.py:3441} INFO - Setting next_dagrun for consumer to None, run_after=None
[2024-02-28T20:47:58.201+0000] {processor.py:175} INFO - Processing /opt/airflow/dags/consumer.py took 0.057 seconds
[2024-02-28T20:48:03.954+0000] {processor.py:153} INFO - Started process (PID=985) to work on /opt/airflow/dags/consumer.py
[2024-02-28T20:48:03.955+0000] {processor.py:743} INFO - Processing file /opt/airflow/dags/consumer.py for tasks to queue
[2024-02-28T20:48:03.955+0000] {logging_mixin.py:137} INFO - [2024-02-28T20:48:03.955+0000] {dagbag.py:538} INFO - Filling up the DagBag from /opt/airflow/dags/consumer.py
[2024-02-28T20:48:03.963+0000] {processor.py:753} INFO - DAG(s) dict_keys(['consumer']) retrieved from /opt/airflow/dags/consumer.py
[2024-02-28T20:48:03.985+0000] {logging_mixin.py:137} INFO - [2024-02-28T20:48:03.985+0000] {dag.py:2690} INFO - Sync 1 DAGs
[2024-02-28T20:48:04.001+0000] {logging_mixin.py:137} INFO - [2024-02-28T20:48:04.001+0000] {dag.py:3441} INFO - Setting next_dagrun for consumer to None, run_after=None
[2024-02-28T20:48:04.017+0000] {processor.py:175} INFO - Processing /opt/airflow/dags/consumer.py took 0.064 seconds
[2024-02-28T20:48:09.763+0000] {processor.py:153} INFO - Started process (PID=1043) to work on /opt/airflow/dags/consumer.py
[2024-02-28T20:48:09.763+0000] {processor.py:743} INFO - Processing file /opt/airflow/dags/consumer.py for tasks to queue
[2024-02-28T20:48:09.764+0000] {logging_mixin.py:137} INFO - [2024-02-28T20:48:09.764+0000] {dagbag.py:538} INFO - Filling up the DagBag from /opt/airflow/dags/consumer.py
[2024-02-28T20:48:09.771+0000] {processor.py:753} INFO - DAG(s) dict_keys(['consumer']) retrieved from /opt/airflow/dags/consumer.py
[2024-02-28T20:48:09.787+0000] {logging_mixin.py:137} INFO - [2024-02-28T20:48:09.786+0000] {dag.py:2690} INFO - Sync 1 DAGs
[2024-02-28T20:48:09.801+0000] {logging_mixin.py:137} INFO - [2024-02-28T20:48:09.801+0000] {dag.py:3441} INFO - Setting next_dagrun for consumer to None, run_after=None
[2024-02-28T20:48:09.816+0000] {processor.py:175} INFO - Processing /opt/airflow/dags/consumer.py took 0.055 seconds
[2024-02-28T20:48:15.579+0000] {processor.py:153} INFO - Started process (PID=1069) to work on /opt/airflow/dags/consumer.py
[2024-02-28T20:48:15.580+0000] {processor.py:743} INFO - Processing file /opt/airflow/dags/consumer.py for tasks to queue
[2024-02-28T20:48:15.580+0000] {logging_mixin.py:137} INFO - [2024-02-28T20:48:15.580+0000] {dagbag.py:538} INFO - Filling up the DagBag from /opt/airflow/dags/consumer.py
[2024-02-28T20:48:15.587+0000] {processor.py:753} INFO - DAG(s) dict_keys(['consumer']) retrieved from /opt/airflow/dags/consumer.py
[2024-02-28T20:48:15.604+0000] {logging_mixin.py:137} INFO - [2024-02-28T20:48:15.604+0000] {dag.py:2690} INFO - Sync 1 DAGs
[2024-02-28T20:48:15.619+0000] {logging_mixin.py:137} INFO - [2024-02-28T20:48:15.619+0000] {dag.py:3441} INFO - Setting next_dagrun for consumer to None, run_after=None
[2024-02-28T20:48:15.633+0000] {processor.py:175} INFO - Processing /opt/airflow/dags/consumer.py took 0.056 seconds
[2024-02-28T20:48:21.463+0000] {processor.py:153} INFO - Started process (PID=1127) to work on /opt/airflow/dags/consumer.py
[2024-02-28T20:48:21.464+0000] {processor.py:743} INFO - Processing file /opt/airflow/dags/consumer.py for tasks to queue
[2024-02-28T20:48:21.464+0000] {logging_mixin.py:137} INFO - [2024-02-28T20:48:21.464+0000] {dagbag.py:538} INFO - Filling up the DagBag from /opt/airflow/dags/consumer.py
[2024-02-28T20:48:21.471+0000] {processor.py:753} INFO - DAG(s) dict_keys(['consumer']) retrieved from /opt/airflow/dags/consumer.py
[2024-02-28T20:48:21.488+0000] {logging_mixin.py:137} INFO - [2024-02-28T20:48:21.488+0000] {dag.py:2690} INFO - Sync 1 DAGs
[2024-02-28T20:48:21.502+0000] {logging_mixin.py:137} INFO - [2024-02-28T20:48:21.502+0000] {dag.py:3441} INFO - Setting next_dagrun for consumer to None, run_after=None
[2024-02-28T20:48:21.516+0000] {processor.py:175} INFO - Processing /opt/airflow/dags/consumer.py took 0.055 seconds
[2024-02-28T20:48:27.337+0000] {processor.py:153} INFO - Started process (PID=1153) to work on /opt/airflow/dags/consumer.py
[2024-02-28T20:48:27.338+0000] {processor.py:743} INFO - Processing file /opt/airflow/dags/consumer.py for tasks to queue
[2024-02-28T20:48:27.338+0000] {logging_mixin.py:137} INFO - [2024-02-28T20:48:27.338+0000] {dagbag.py:538} INFO - Filling up the DagBag from /opt/airflow/dags/consumer.py
[2024-02-28T20:48:27.346+0000] {processor.py:753} INFO - DAG(s) dict_keys(['consumer']) retrieved from /opt/airflow/dags/consumer.py
[2024-02-28T20:48:27.362+0000] {logging_mixin.py:137} INFO - [2024-02-28T20:48:27.362+0000] {dag.py:2690} INFO - Sync 1 DAGs
[2024-02-28T20:48:27.377+0000] {logging_mixin.py:137} INFO - [2024-02-28T20:48:27.377+0000] {dag.py:3441} INFO - Setting next_dagrun for consumer to None, run_after=None
[2024-02-28T20:48:27.391+0000] {processor.py:175} INFO - Processing /opt/airflow/dags/consumer.py took 0.055 seconds
[2024-02-28T20:48:33.224+0000] {processor.py:153} INFO - Started process (PID=1211) to work on /opt/airflow/dags/consumer.py
[2024-02-28T20:48:33.225+0000] {processor.py:743} INFO - Processing file /opt/airflow/dags/consumer.py for tasks to queue
[2024-02-28T20:48:33.225+0000] {logging_mixin.py:137} INFO - [2024-02-28T20:48:33.225+0000] {dagbag.py:538} INFO - Filling up the DagBag from /opt/airflow/dags/consumer.py
[2024-02-28T20:48:33.232+0000] {processor.py:753} INFO - DAG(s) dict_keys(['consumer']) retrieved from /opt/airflow/dags/consumer.py
[2024-02-28T20:48:33.249+0000] {logging_mixin.py:137} INFO - [2024-02-28T20:48:33.248+0000] {dag.py:2690} INFO - Sync 1 DAGs
[2024-02-28T20:48:33.264+0000] {logging_mixin.py:137} INFO - [2024-02-28T20:48:33.264+0000] {dag.py:3441} INFO - Setting next_dagrun for consumer to None, run_after=None
[2024-02-28T20:48:33.278+0000] {processor.py:175} INFO - Processing /opt/airflow/dags/consumer.py took 0.056 seconds
[2024-02-28T20:48:39.029+0000] {processor.py:153} INFO - Started process (PID=1237) to work on /opt/airflow/dags/consumer.py
[2024-02-28T20:48:39.030+0000] {processor.py:743} INFO - Processing file /opt/airflow/dags/consumer.py for tasks to queue
[2024-02-28T20:48:39.030+0000] {logging_mixin.py:137} INFO - [2024-02-28T20:48:39.030+0000] {dagbag.py:538} INFO - Filling up the DagBag from /opt/airflow/dags/consumer.py
[2024-02-28T20:48:39.039+0000] {processor.py:753} INFO - DAG(s) dict_keys(['consumer']) retrieved from /opt/airflow/dags/consumer.py
[2024-02-28T20:48:39.056+0000] {logging_mixin.py:137} INFO - [2024-02-28T20:48:39.056+0000] {dag.py:2690} INFO - Sync 1 DAGs
[2024-02-28T20:48:39.071+0000] {logging_mixin.py:137} INFO - [2024-02-28T20:48:39.071+0000] {dag.py:3441} INFO - Setting next_dagrun for consumer to None, run_after=None
[2024-02-28T20:48:39.085+0000] {processor.py:175} INFO - Processing /opt/airflow/dags/consumer.py took 0.058 seconds
[2024-02-28T20:48:44.832+0000] {processor.py:153} INFO - Started process (PID=1295) to work on /opt/airflow/dags/consumer.py
[2024-02-28T20:48:44.832+0000] {processor.py:743} INFO - Processing file /opt/airflow/dags/consumer.py for tasks to queue
[2024-02-28T20:48:44.833+0000] {logging_mixin.py:137} INFO - [2024-02-28T20:48:44.832+0000] {dagbag.py:538} INFO - Filling up the DagBag from /opt/airflow/dags/consumer.py
[2024-02-28T20:48:44.840+0000] {processor.py:753} INFO - DAG(s) dict_keys(['consumer']) retrieved from /opt/airflow/dags/consumer.py
[2024-02-28T20:48:44.856+0000] {logging_mixin.py:137} INFO - [2024-02-28T20:48:44.856+0000] {dag.py:2690} INFO - Sync 1 DAGs
[2024-02-28T20:48:44.871+0000] {logging_mixin.py:137} INFO - [2024-02-28T20:48:44.871+0000] {dag.py:3441} INFO - Setting next_dagrun for consumer to None, run_after=None
[2024-02-28T20:48:44.885+0000] {processor.py:175} INFO - Processing /opt/airflow/dags/consumer.py took 0.055 seconds
[2024-02-28T20:48:50.718+0000] {processor.py:153} INFO - Started process (PID=1321) to work on /opt/airflow/dags/consumer.py
[2024-02-28T20:48:50.719+0000] {processor.py:743} INFO - Processing file /opt/airflow/dags/consumer.py for tasks to queue
[2024-02-28T20:48:50.719+0000] {logging_mixin.py:137} INFO - [2024-02-28T20:48:50.719+0000] {dagbag.py:538} INFO - Filling up the DagBag from /opt/airflow/dags/consumer.py
[2024-02-28T20:48:50.726+0000] {processor.py:753} INFO - DAG(s) dict_keys(['consumer']) retrieved from /opt/airflow/dags/consumer.py
[2024-02-28T20:48:50.743+0000] {logging_mixin.py:137} INFO - [2024-02-28T20:48:50.743+0000] {dag.py:2690} INFO - Sync 1 DAGs
[2024-02-28T20:48:50.761+0000] {logging_mixin.py:137} INFO - [2024-02-28T20:48:50.761+0000] {dag.py:3441} INFO - Setting next_dagrun for consumer to None, run_after=None
[2024-02-28T20:48:50.777+0000] {processor.py:175} INFO - Processing /opt/airflow/dags/consumer.py took 0.061 seconds
[2024-02-28T20:48:56.589+0000] {processor.py:153} INFO - Started process (PID=1379) to work on /opt/airflow/dags/consumer.py
[2024-02-28T20:48:56.590+0000] {processor.py:743} INFO - Processing file /opt/airflow/dags/consumer.py for tasks to queue
[2024-02-28T20:48:56.590+0000] {logging_mixin.py:137} INFO - [2024-02-28T20:48:56.590+0000] {dagbag.py:538} INFO - Filling up the DagBag from /opt/airflow/dags/consumer.py
[2024-02-28T20:48:56.598+0000] {processor.py:753} INFO - DAG(s) dict_keys(['consumer']) retrieved from /opt/airflow/dags/consumer.py
[2024-02-28T20:48:56.616+0000] {logging_mixin.py:137} INFO - [2024-02-28T20:48:56.616+0000] {dag.py:2690} INFO - Sync 1 DAGs
[2024-02-28T20:48:56.631+0000] {logging_mixin.py:137} INFO - [2024-02-28T20:48:56.631+0000] {dag.py:3441} INFO - Setting next_dagrun for consumer to None, run_after=None
[2024-02-28T20:48:56.645+0000] {processor.py:175} INFO - Processing /opt/airflow/dags/consumer.py took 0.058 seconds
[2024-02-28T20:49:02.461+0000] {processor.py:153} INFO - Started process (PID=1405) to work on /opt/airflow/dags/consumer.py
[2024-02-28T20:49:02.461+0000] {processor.py:743} INFO - Processing file /opt/airflow/dags/consumer.py for tasks to queue
[2024-02-28T20:49:02.462+0000] {logging_mixin.py:137} INFO - [2024-02-28T20:49:02.461+0000] {dagbag.py:538} INFO - Filling up the DagBag from /opt/airflow/dags/consumer.py
[2024-02-28T20:49:02.469+0000] {processor.py:753} INFO - DAG(s) dict_keys(['consumer']) retrieved from /opt/airflow/dags/consumer.py
[2024-02-28T20:49:02.485+0000] {logging_mixin.py:137} INFO - [2024-02-28T20:49:02.484+0000] {dag.py:2690} INFO - Sync 1 DAGs
[2024-02-28T20:49:02.499+0000] {logging_mixin.py:137} INFO - [2024-02-28T20:49:02.499+0000] {dag.py:3441} INFO - Setting next_dagrun for consumer to None, run_after=None
[2024-02-28T20:49:02.513+0000] {processor.py:175} INFO - Processing /opt/airflow/dags/consumer.py took 0.055 seconds
[2024-02-28T20:49:08.399+0000] {processor.py:153} INFO - Started process (PID=1463) to work on /opt/airflow/dags/consumer.py
[2024-02-28T20:49:08.399+0000] {processor.py:743} INFO - Processing file /opt/airflow/dags/consumer.py for tasks to queue
[2024-02-28T20:49:08.399+0000] {logging_mixin.py:137} INFO - [2024-02-28T20:49:08.399+0000] {dagbag.py:538} INFO - Filling up the DagBag from /opt/airflow/dags/consumer.py
[2024-02-28T20:49:08.407+0000] {processor.py:753} INFO - DAG(s) dict_keys(['consumer']) retrieved from /opt/airflow/dags/consumer.py
[2024-02-28T20:49:08.423+0000] {logging_mixin.py:137} INFO - [2024-02-28T20:49:08.423+0000] {dag.py:2690} INFO - Sync 1 DAGs
[2024-02-28T20:49:08.438+0000] {logging_mixin.py:137} INFO - [2024-02-28T20:49:08.437+0000] {dag.py:3441} INFO - Setting next_dagrun for consumer to None, run_after=None
[2024-02-28T20:49:08.453+0000] {processor.py:175} INFO - Processing /opt/airflow/dags/consumer.py took 0.056 seconds
[2024-02-28T20:49:14.285+0000] {processor.py:153} INFO - Started process (PID=1488) to work on /opt/airflow/dags/consumer.py
[2024-02-28T20:49:14.286+0000] {processor.py:743} INFO - Processing file /opt/airflow/dags/consumer.py for tasks to queue
[2024-02-28T20:49:14.286+0000] {logging_mixin.py:137} INFO - [2024-02-28T20:49:14.286+0000] {dagbag.py:538} INFO - Filling up the DagBag from /opt/airflow/dags/consumer.py
[2024-02-28T20:49:14.294+0000] {processor.py:753} INFO - DAG(s) dict_keys(['consumer']) retrieved from /opt/airflow/dags/consumer.py
[2024-02-28T20:49:14.311+0000] {logging_mixin.py:137} INFO - [2024-02-28T20:49:14.311+0000] {dag.py:2690} INFO - Sync 1 DAGs
[2024-02-28T20:49:14.326+0000] {logging_mixin.py:137} INFO - [2024-02-28T20:49:14.326+0000] {dag.py:3441} INFO - Setting next_dagrun for consumer to None, run_after=None
[2024-02-28T20:49:14.340+0000] {processor.py:175} INFO - Processing /opt/airflow/dags/consumer.py took 0.057 seconds
[2024-02-28T20:49:20.327+0000] {processor.py:153} INFO - Started process (PID=1545) to work on /opt/airflow/dags/consumer.py
[2024-02-28T20:49:20.328+0000] {processor.py:743} INFO - Processing file /opt/airflow/dags/consumer.py for tasks to queue
[2024-02-28T20:49:20.328+0000] {logging_mixin.py:137} INFO - [2024-02-28T20:49:20.328+0000] {dagbag.py:538} INFO - Filling up the DagBag from /opt/airflow/dags/consumer.py
[2024-02-28T20:49:20.336+0000] {processor.py:753} INFO - DAG(s) dict_keys(['consumer']) retrieved from /opt/airflow/dags/consumer.py
[2024-02-28T20:49:20.353+0000] {logging_mixin.py:137} INFO - [2024-02-28T20:49:20.353+0000] {dag.py:2690} INFO - Sync 1 DAGs
[2024-02-28T20:49:20.368+0000] {logging_mixin.py:137} INFO - [2024-02-28T20:49:20.368+0000] {dag.py:3441} INFO - Setting next_dagrun for consumer to None, run_after=None
[2024-02-28T20:49:20.383+0000] {processor.py:175} INFO - Processing /opt/airflow/dags/consumer.py took 0.058 seconds
[2024-02-28T20:49:26.207+0000] {processor.py:153} INFO - Started process (PID=1570) to work on /opt/airflow/dags/consumer.py
[2024-02-28T20:49:26.208+0000] {processor.py:743} INFO - Processing file /opt/airflow/dags/consumer.py for tasks to queue
[2024-02-28T20:49:26.208+0000] {logging_mixin.py:137} INFO - [2024-02-28T20:49:26.208+0000] {dagbag.py:538} INFO - Filling up the DagBag from /opt/airflow/dags/consumer.py
[2024-02-28T20:49:26.216+0000] {processor.py:753} INFO - DAG(s) dict_keys(['consumer']) retrieved from /opt/airflow/dags/consumer.py
[2024-02-28T20:49:26.232+0000] {logging_mixin.py:137} INFO - [2024-02-28T20:49:26.232+0000] {dag.py:2690} INFO - Sync 1 DAGs
[2024-02-28T20:49:26.248+0000] {logging_mixin.py:137} INFO - [2024-02-28T20:49:26.247+0000] {dag.py:3441} INFO - Setting next_dagrun for consumer to None, run_after=None
[2024-02-28T20:49:26.262+0000] {processor.py:175} INFO - Processing /opt/airflow/dags/consumer.py took 0.057 seconds
[2024-02-28T20:49:32.094+0000] {processor.py:153} INFO - Started process (PID=1626) to work on /opt/airflow/dags/consumer.py
[2024-02-28T20:49:32.095+0000] {processor.py:743} INFO - Processing file /opt/airflow/dags/consumer.py for tasks to queue
[2024-02-28T20:49:32.095+0000] {logging_mixin.py:137} INFO - [2024-02-28T20:49:32.095+0000] {dagbag.py:538} INFO - Filling up the DagBag from /opt/airflow/dags/consumer.py
[2024-02-28T20:49:32.103+0000] {processor.py:753} INFO - DAG(s) dict_keys(['consumer']) retrieved from /opt/airflow/dags/consumer.py
[2024-02-28T20:49:32.120+0000] {logging_mixin.py:137} INFO - [2024-02-28T20:49:32.120+0000] {dag.py:2690} INFO - Sync 1 DAGs
[2024-02-28T20:49:32.135+0000] {logging_mixin.py:137} INFO - [2024-02-28T20:49:32.135+0000] {dag.py:3441} INFO - Setting next_dagrun for consumer to None, run_after=None
[2024-02-28T20:49:32.152+0000] {processor.py:175} INFO - Processing /opt/airflow/dags/consumer.py took 0.060 seconds
[2024-02-28T20:49:37.185+0000] {processor.py:153} INFO - Started process (PID=1650) to work on /opt/airflow/dags/consumer.py
[2024-02-28T20:49:37.186+0000] {processor.py:743} INFO - Processing file /opt/airflow/dags/consumer.py for tasks to queue
[2024-02-28T20:49:37.186+0000] {logging_mixin.py:137} INFO - [2024-02-28T20:49:37.186+0000] {dagbag.py:538} INFO - Filling up the DagBag from /opt/airflow/dags/consumer.py
[2024-02-28T20:49:37.195+0000] {processor.py:753} INFO - DAG(s) dict_keys(['consumer']) retrieved from /opt/airflow/dags/consumer.py
[2024-02-28T20:49:37.215+0000] {logging_mixin.py:137} INFO - [2024-02-28T20:49:37.215+0000] {dag.py:2690} INFO - Sync 1 DAGs
[2024-02-28T20:49:37.236+0000] {logging_mixin.py:137} INFO - [2024-02-28T20:49:37.236+0000] {dag.py:3441} INFO - Setting next_dagrun for consumer to None, run_after=None
[2024-02-28T20:49:37.254+0000] {processor.py:175} INFO - Processing /opt/airflow/dags/consumer.py took 0.071 seconds
[2024-02-28T20:50:21.204+0000] {processor.py:153} INFO - Started process (PID=57) to work on /opt/airflow/dags/consumer.py
[2024-02-28T20:50:21.205+0000] {processor.py:743} INFO - Processing file /opt/airflow/dags/consumer.py for tasks to queue
[2024-02-28T20:50:21.206+0000] {logging_mixin.py:137} INFO - [2024-02-28T20:50:21.206+0000] {dagbag.py:538} INFO - Filling up the DagBag from /opt/airflow/dags/consumer.py
[2024-02-28T20:50:21.217+0000] {processor.py:753} INFO - DAG(s) dict_keys(['consumer']) retrieved from /opt/airflow/dags/consumer.py
[2024-02-28T20:50:21.281+0000] {logging_mixin.py:137} INFO - [2024-02-28T20:50:21.281+0000] {dag.py:2690} INFO - Sync 1 DAGs
[2024-02-28T20:50:21.303+0000] {logging_mixin.py:137} INFO - [2024-02-28T20:50:21.303+0000] {dag.py:3441} INFO - Setting next_dagrun for consumer to None, run_after=None
[2024-02-28T20:50:21.330+0000] {processor.py:175} INFO - Processing /opt/airflow/dags/consumer.py took 0.129 seconds
[2024-02-28T20:50:26.458+0000] {processor.py:153} INFO - Started process (PID=113) to work on /opt/airflow/dags/consumer.py
[2024-02-28T20:50:26.458+0000] {processor.py:743} INFO - Processing file /opt/airflow/dags/consumer.py for tasks to queue
[2024-02-28T20:50:26.459+0000] {logging_mixin.py:137} INFO - [2024-02-28T20:50:26.459+0000] {dagbag.py:538} INFO - Filling up the DagBag from /opt/airflow/dags/consumer.py
[2024-02-28T20:50:26.467+0000] {processor.py:753} INFO - DAG(s) dict_keys(['consumer']) retrieved from /opt/airflow/dags/consumer.py
[2024-02-28T20:50:26.477+0000] {logging_mixin.py:137} INFO - [2024-02-28T20:50:26.477+0000] {dag.py:2690} INFO - Sync 1 DAGs
[2024-02-28T20:50:26.497+0000] {logging_mixin.py:137} INFO - [2024-02-28T20:50:26.497+0000] {dag.py:3441} INFO - Setting next_dagrun for consumer to None, run_after=None
[2024-02-28T20:50:26.514+0000] {processor.py:175} INFO - Processing /opt/airflow/dags/consumer.py took 0.059 seconds
[2024-02-28T20:50:32.257+0000] {processor.py:153} INFO - Started process (PID=137) to work on /opt/airflow/dags/consumer.py
[2024-02-28T20:50:32.258+0000] {processor.py:743} INFO - Processing file /opt/airflow/dags/consumer.py for tasks to queue
[2024-02-28T20:50:32.258+0000] {logging_mixin.py:137} INFO - [2024-02-28T20:50:32.258+0000] {dagbag.py:538} INFO - Filling up the DagBag from /opt/airflow/dags/consumer.py
[2024-02-28T20:50:32.265+0000] {processor.py:753} INFO - DAG(s) dict_keys(['consumer']) retrieved from /opt/airflow/dags/consumer.py
[2024-02-28T20:50:32.275+0000] {logging_mixin.py:137} INFO - [2024-02-28T20:50:32.274+0000] {dag.py:2690} INFO - Sync 1 DAGs
[2024-02-28T20:50:32.290+0000] {logging_mixin.py:137} INFO - [2024-02-28T20:50:32.290+0000] {dag.py:3441} INFO - Setting next_dagrun for consumer to None, run_after=None
[2024-02-28T20:50:32.304+0000] {processor.py:175} INFO - Processing /opt/airflow/dags/consumer.py took 0.048 seconds
[2024-02-28T20:50:38.227+0000] {processor.py:153} INFO - Started process (PID=193) to work on /opt/airflow/dags/consumer.py
[2024-02-28T20:50:38.227+0000] {processor.py:743} INFO - Processing file /opt/airflow/dags/consumer.py for tasks to queue
[2024-02-28T20:50:38.228+0000] {logging_mixin.py:137} INFO - [2024-02-28T20:50:38.228+0000] {dagbag.py:538} INFO - Filling up the DagBag from /opt/airflow/dags/consumer.py
[2024-02-28T20:50:38.236+0000] {processor.py:753} INFO - DAG(s) dict_keys(['consumer']) retrieved from /opt/airflow/dags/consumer.py
[2024-02-28T20:50:38.245+0000] {logging_mixin.py:137} INFO - [2024-02-28T20:50:38.245+0000] {dag.py:2690} INFO - Sync 1 DAGs
[2024-02-28T20:50:38.262+0000] {logging_mixin.py:137} INFO - [2024-02-28T20:50:38.261+0000] {dag.py:3441} INFO - Setting next_dagrun for consumer to None, run_after=None
[2024-02-28T20:50:38.276+0000] {processor.py:175} INFO - Processing /opt/airflow/dags/consumer.py took 0.051 seconds
[2024-02-28T20:50:44.096+0000] {processor.py:153} INFO - Started process (PID=217) to work on /opt/airflow/dags/consumer.py
[2024-02-28T20:50:44.096+0000] {processor.py:743} INFO - Processing file /opt/airflow/dags/consumer.py for tasks to queue
[2024-02-28T20:50:44.097+0000] {logging_mixin.py:137} INFO - [2024-02-28T20:50:44.097+0000] {dagbag.py:538} INFO - Filling up the DagBag from /opt/airflow/dags/consumer.py
[2024-02-28T20:50:44.105+0000] {processor.py:753} INFO - DAG(s) dict_keys(['consumer']) retrieved from /opt/airflow/dags/consumer.py
[2024-02-28T20:50:44.113+0000] {logging_mixin.py:137} INFO - [2024-02-28T20:50:44.113+0000] {dag.py:2690} INFO - Sync 1 DAGs
[2024-02-28T20:50:44.129+0000] {logging_mixin.py:137} INFO - [2024-02-28T20:50:44.129+0000] {dag.py:3441} INFO - Setting next_dagrun for consumer to None, run_after=None
[2024-02-28T20:50:44.143+0000] {processor.py:175} INFO - Processing /opt/airflow/dags/consumer.py took 0.049 seconds
[2024-02-28T20:50:49.964+0000] {processor.py:153} INFO - Started process (PID=273) to work on /opt/airflow/dags/consumer.py
[2024-02-28T20:50:49.964+0000] {processor.py:743} INFO - Processing file /opt/airflow/dags/consumer.py for tasks to queue
[2024-02-28T20:50:49.965+0000] {logging_mixin.py:137} INFO - [2024-02-28T20:50:49.965+0000] {dagbag.py:538} INFO - Filling up the DagBag from /opt/airflow/dags/consumer.py
[2024-02-28T20:50:49.972+0000] {processor.py:753} INFO - DAG(s) dict_keys(['consumer']) retrieved from /opt/airflow/dags/consumer.py
[2024-02-28T20:50:49.981+0000] {logging_mixin.py:137} INFO - [2024-02-28T20:50:49.981+0000] {dag.py:2690} INFO - Sync 1 DAGs
[2024-02-28T20:50:49.996+0000] {logging_mixin.py:137} INFO - [2024-02-28T20:50:49.996+0000] {dag.py:3441} INFO - Setting next_dagrun for consumer to None, run_after=None
[2024-02-28T20:50:50.010+0000] {processor.py:175} INFO - Processing /opt/airflow/dags/consumer.py took 0.048 seconds
[2024-02-28T20:50:55.904+0000] {processor.py:153} INFO - Started process (PID=297) to work on /opt/airflow/dags/consumer.py
[2024-02-28T20:50:55.905+0000] {processor.py:743} INFO - Processing file /opt/airflow/dags/consumer.py for tasks to queue
[2024-02-28T20:50:55.905+0000] {logging_mixin.py:137} INFO - [2024-02-28T20:50:55.905+0000] {dagbag.py:538} INFO - Filling up the DagBag from /opt/airflow/dags/consumer.py
[2024-02-28T20:50:55.913+0000] {processor.py:753} INFO - DAG(s) dict_keys(['consumer']) retrieved from /opt/airflow/dags/consumer.py
[2024-02-28T20:50:55.929+0000] {logging_mixin.py:137} INFO - [2024-02-28T20:50:55.929+0000] {dag.py:2690} INFO - Sync 1 DAGs
[2024-02-28T20:50:55.945+0000] {logging_mixin.py:137} INFO - [2024-02-28T20:50:55.945+0000] {dag.py:3441} INFO - Setting next_dagrun for consumer to None, run_after=None
[2024-02-28T20:50:55.960+0000] {processor.py:175} INFO - Processing /opt/airflow/dags/consumer.py took 0.058 seconds
[2024-02-28T20:51:01.822+0000] {processor.py:153} INFO - Started process (PID=353) to work on /opt/airflow/dags/consumer.py
[2024-02-28T20:51:01.822+0000] {processor.py:743} INFO - Processing file /opt/airflow/dags/consumer.py for tasks to queue
[2024-02-28T20:51:01.822+0000] {logging_mixin.py:137} INFO - [2024-02-28T20:51:01.822+0000] {dagbag.py:538} INFO - Filling up the DagBag from /opt/airflow/dags/consumer.py
[2024-02-28T20:51:01.830+0000] {processor.py:753} INFO - DAG(s) dict_keys(['consumer']) retrieved from /opt/airflow/dags/consumer.py
[2024-02-28T20:51:01.846+0000] {logging_mixin.py:137} INFO - [2024-02-28T20:51:01.846+0000] {dag.py:2690} INFO - Sync 1 DAGs
[2024-02-28T20:51:01.861+0000] {logging_mixin.py:137} INFO - [2024-02-28T20:51:01.861+0000] {dag.py:3441} INFO - Setting next_dagrun for consumer to None, run_after=None
[2024-02-28T20:51:01.875+0000] {processor.py:175} INFO - Processing /opt/airflow/dags/consumer.py took 0.055 seconds
[2024-02-28T20:51:07.717+0000] {processor.py:153} INFO - Started process (PID=377) to work on /opt/airflow/dags/consumer.py
[2024-02-28T20:51:07.717+0000] {processor.py:743} INFO - Processing file /opt/airflow/dags/consumer.py for tasks to queue
[2024-02-28T20:51:07.718+0000] {logging_mixin.py:137} INFO - [2024-02-28T20:51:07.718+0000] {dagbag.py:538} INFO - Filling up the DagBag from /opt/airflow/dags/consumer.py
[2024-02-28T20:51:07.725+0000] {processor.py:753} INFO - DAG(s) dict_keys(['consumer']) retrieved from /opt/airflow/dags/consumer.py
[2024-02-28T20:51:07.742+0000] {logging_mixin.py:137} INFO - [2024-02-28T20:51:07.742+0000] {dag.py:2690} INFO - Sync 1 DAGs
[2024-02-28T20:51:07.758+0000] {logging_mixin.py:137} INFO - [2024-02-28T20:51:07.758+0000] {dag.py:3441} INFO - Setting next_dagrun for consumer to None, run_after=None
[2024-02-28T20:51:07.773+0000] {processor.py:175} INFO - Processing /opt/airflow/dags/consumer.py took 0.058 seconds
[2024-02-28T20:51:13.564+0000] {processor.py:153} INFO - Started process (PID=433) to work on /opt/airflow/dags/consumer.py
[2024-02-28T20:51:13.565+0000] {processor.py:743} INFO - Processing file /opt/airflow/dags/consumer.py for tasks to queue
[2024-02-28T20:51:13.565+0000] {logging_mixin.py:137} INFO - [2024-02-28T20:51:13.565+0000] {dagbag.py:538} INFO - Filling up the DagBag from /opt/airflow/dags/consumer.py
[2024-02-28T20:51:13.572+0000] {processor.py:753} INFO - DAG(s) dict_keys(['consumer']) retrieved from /opt/airflow/dags/consumer.py
[2024-02-28T20:51:13.588+0000] {logging_mixin.py:137} INFO - [2024-02-28T20:51:13.588+0000] {dag.py:2690} INFO - Sync 1 DAGs
[2024-02-28T20:51:13.602+0000] {logging_mixin.py:137} INFO - [2024-02-28T20:51:13.602+0000] {dag.py:3441} INFO - Setting next_dagrun for consumer to None, run_after=None
[2024-02-28T20:51:13.616+0000] {processor.py:175} INFO - Processing /opt/airflow/dags/consumer.py took 0.054 seconds
[2024-02-28T20:51:19.508+0000] {processor.py:153} INFO - Started process (PID=457) to work on /opt/airflow/dags/consumer.py
[2024-02-28T20:51:19.509+0000] {processor.py:743} INFO - Processing file /opt/airflow/dags/consumer.py for tasks to queue
[2024-02-28T20:51:19.509+0000] {logging_mixin.py:137} INFO - [2024-02-28T20:51:19.509+0000] {dagbag.py:538} INFO - Filling up the DagBag from /opt/airflow/dags/consumer.py
[2024-02-28T20:51:19.517+0000] {processor.py:753} INFO - DAG(s) dict_keys(['consumer']) retrieved from /opt/airflow/dags/consumer.py
[2024-02-28T20:51:19.534+0000] {logging_mixin.py:137} INFO - [2024-02-28T20:51:19.534+0000] {dag.py:2690} INFO - Sync 1 DAGs
[2024-02-28T20:51:19.549+0000] {logging_mixin.py:137} INFO - [2024-02-28T20:51:19.548+0000] {dag.py:3441} INFO - Setting next_dagrun for consumer to None, run_after=None
[2024-02-28T20:51:19.562+0000] {processor.py:175} INFO - Processing /opt/airflow/dags/consumer.py took 0.056 seconds
