[2024-02-28T20:45:57.425+0000] {processor.py:153} INFO - Started process (PID=71) to work on /opt/airflow/dags/daggroup.py
[2024-02-28T20:45:57.426+0000] {processor.py:743} INFO - Processing file /opt/airflow/dags/daggroup.py for tasks to queue
[2024-02-28T20:45:57.426+0000] {logging_mixin.py:137} INFO - [2024-02-28T20:45:57.426+0000] {dagbag.py:538} INFO - Filling up the DagBag from /opt/airflow/dags/daggroup.py
[2024-02-28T20:45:57.437+0000] {processor.py:753} INFO - DAG(s) dict_keys(['daggroup']) retrieved from /opt/airflow/dags/daggroup.py
[2024-02-28T20:45:57.515+0000] {logging_mixin.py:137} INFO - [2024-02-28T20:45:57.515+0000] {manager.py:504} INFO - Created Permission View: can edit on DAG:daggroup
[2024-02-28T20:45:57.522+0000] {logging_mixin.py:137} INFO - [2024-02-28T20:45:57.522+0000] {manager.py:504} INFO - Created Permission View: can delete on DAG:daggroup
[2024-02-28T20:45:57.528+0000] {logging_mixin.py:137} INFO - [2024-02-28T20:45:57.528+0000] {manager.py:504} INFO - Created Permission View: can read on DAG:daggroup
[2024-02-28T20:45:57.529+0000] {logging_mixin.py:137} INFO - [2024-02-28T20:45:57.529+0000] {dag.py:2690} INFO - Sync 1 DAGs
[2024-02-28T20:45:57.539+0000] {logging_mixin.py:137} INFO - [2024-02-28T20:45:57.539+0000] {dag.py:2711} INFO - Creating ORM DAG for daggroup
[2024-02-28T20:45:57.547+0000] {logging_mixin.py:137} INFO - [2024-02-28T20:45:57.547+0000] {dag.py:3441} INFO - Setting next_dagrun for daggroup to None, run_after=None
[2024-02-28T20:45:57.560+0000] {processor.py:175} INFO - Processing /opt/airflow/dags/daggroup.py took 0.137 seconds
[2024-02-28T20:46:02.729+0000] {processor.py:153} INFO - Started process (PID=129) to work on /opt/airflow/dags/daggroup.py
[2024-02-28T20:46:02.730+0000] {processor.py:743} INFO - Processing file /opt/airflow/dags/daggroup.py for tasks to queue
[2024-02-28T20:46:02.730+0000] {logging_mixin.py:137} INFO - [2024-02-28T20:46:02.730+0000] {dagbag.py:538} INFO - Filling up the DagBag from /opt/airflow/dags/daggroup.py
[2024-02-28T20:46:02.741+0000] {processor.py:753} INFO - DAG(s) dict_keys(['daggroup']) retrieved from /opt/airflow/dags/daggroup.py
[2024-02-28T20:46:02.749+0000] {logging_mixin.py:137} INFO - [2024-02-28T20:46:02.749+0000] {dag.py:2690} INFO - Sync 1 DAGs
[2024-02-28T20:46:02.764+0000] {logging_mixin.py:137} INFO - [2024-02-28T20:46:02.764+0000] {dag.py:3441} INFO - Setting next_dagrun for daggroup to None, run_after=None
[2024-02-28T20:46:02.774+0000] {processor.py:175} INFO - Processing /opt/airflow/dags/daggroup.py took 0.047 seconds
[2024-02-28T20:46:08.666+0000] {processor.py:153} INFO - Started process (PID=155) to work on /opt/airflow/dags/daggroup.py
[2024-02-28T20:46:08.666+0000] {processor.py:743} INFO - Processing file /opt/airflow/dags/daggroup.py for tasks to queue
[2024-02-28T20:46:08.667+0000] {logging_mixin.py:137} INFO - [2024-02-28T20:46:08.666+0000] {dagbag.py:538} INFO - Filling up the DagBag from /opt/airflow/dags/daggroup.py
[2024-02-28T20:46:08.678+0000] {processor.py:753} INFO - DAG(s) dict_keys(['daggroup']) retrieved from /opt/airflow/dags/daggroup.py
[2024-02-28T20:46:08.686+0000] {logging_mixin.py:137} INFO - [2024-02-28T20:46:08.686+0000] {dag.py:2690} INFO - Sync 1 DAGs
[2024-02-28T20:46:08.702+0000] {logging_mixin.py:137} INFO - [2024-02-28T20:46:08.702+0000] {dag.py:3441} INFO - Setting next_dagrun for daggroup to None, run_after=None
[2024-02-28T20:46:08.714+0000] {processor.py:175} INFO - Processing /opt/airflow/dags/daggroup.py took 0.050 seconds
[2024-02-28T20:46:14.483+0000] {processor.py:153} INFO - Started process (PID=213) to work on /opt/airflow/dags/daggroup.py
[2024-02-28T20:46:14.483+0000] {processor.py:743} INFO - Processing file /opt/airflow/dags/daggroup.py for tasks to queue
[2024-02-28T20:46:14.484+0000] {logging_mixin.py:137} INFO - [2024-02-28T20:46:14.484+0000] {dagbag.py:538} INFO - Filling up the DagBag from /opt/airflow/dags/daggroup.py
[2024-02-28T20:46:14.494+0000] {processor.py:753} INFO - DAG(s) dict_keys(['daggroup']) retrieved from /opt/airflow/dags/daggroup.py
[2024-02-28T20:46:14.503+0000] {logging_mixin.py:137} INFO - [2024-02-28T20:46:14.503+0000] {dag.py:2690} INFO - Sync 1 DAGs
[2024-02-28T20:46:14.519+0000] {logging_mixin.py:137} INFO - [2024-02-28T20:46:14.518+0000] {dag.py:3441} INFO - Setting next_dagrun for daggroup to None, run_after=None
[2024-02-28T20:46:14.530+0000] {processor.py:175} INFO - Processing /opt/airflow/dags/daggroup.py took 0.048 seconds
[2024-02-28T20:46:20.368+0000] {processor.py:153} INFO - Started process (PID=239) to work on /opt/airflow/dags/daggroup.py
[2024-02-28T20:46:20.369+0000] {processor.py:743} INFO - Processing file /opt/airflow/dags/daggroup.py for tasks to queue
[2024-02-28T20:46:20.369+0000] {logging_mixin.py:137} INFO - [2024-02-28T20:46:20.369+0000] {dagbag.py:538} INFO - Filling up the DagBag from /opt/airflow/dags/daggroup.py
[2024-02-28T20:46:20.379+0000] {processor.py:753} INFO - DAG(s) dict_keys(['daggroup']) retrieved from /opt/airflow/dags/daggroup.py
[2024-02-28T20:46:20.388+0000] {logging_mixin.py:137} INFO - [2024-02-28T20:46:20.388+0000] {dag.py:2690} INFO - Sync 1 DAGs
[2024-02-28T20:46:20.403+0000] {logging_mixin.py:137} INFO - [2024-02-28T20:46:20.403+0000] {dag.py:3441} INFO - Setting next_dagrun for daggroup to None, run_after=None
[2024-02-28T20:46:20.414+0000] {processor.py:175} INFO - Processing /opt/airflow/dags/daggroup.py took 0.048 seconds
[2024-02-28T20:46:26.153+0000] {processor.py:153} INFO - Started process (PID=297) to work on /opt/airflow/dags/daggroup.py
[2024-02-28T20:46:26.153+0000] {processor.py:743} INFO - Processing file /opt/airflow/dags/daggroup.py for tasks to queue
[2024-02-28T20:46:26.154+0000] {logging_mixin.py:137} INFO - [2024-02-28T20:46:26.154+0000] {dagbag.py:538} INFO - Filling up the DagBag from /opt/airflow/dags/daggroup.py
[2024-02-28T20:46:26.163+0000] {processor.py:753} INFO - DAG(s) dict_keys(['daggroup']) retrieved from /opt/airflow/dags/daggroup.py
[2024-02-28T20:46:26.171+0000] {logging_mixin.py:137} INFO - [2024-02-28T20:46:26.171+0000] {dag.py:2690} INFO - Sync 1 DAGs
[2024-02-28T20:46:26.187+0000] {logging_mixin.py:137} INFO - [2024-02-28T20:46:26.187+0000] {dag.py:3441} INFO - Setting next_dagrun for daggroup to None, run_after=None
[2024-02-28T20:46:26.198+0000] {processor.py:175} INFO - Processing /opt/airflow/dags/daggroup.py took 0.047 seconds
[2024-02-28T20:46:32.108+0000] {processor.py:153} INFO - Started process (PID=323) to work on /opt/airflow/dags/daggroup.py
[2024-02-28T20:46:32.109+0000] {processor.py:743} INFO - Processing file /opt/airflow/dags/daggroup.py for tasks to queue
[2024-02-28T20:46:32.109+0000] {logging_mixin.py:137} INFO - [2024-02-28T20:46:32.109+0000] {dagbag.py:538} INFO - Filling up the DagBag from /opt/airflow/dags/daggroup.py
[2024-02-28T20:46:32.119+0000] {processor.py:753} INFO - DAG(s) dict_keys(['daggroup']) retrieved from /opt/airflow/dags/daggroup.py
[2024-02-28T20:46:32.133+0000] {logging_mixin.py:137} INFO - [2024-02-28T20:46:32.133+0000] {dag.py:2690} INFO - Sync 1 DAGs
[2024-02-28T20:46:32.148+0000] {logging_mixin.py:137} INFO - [2024-02-28T20:46:32.148+0000] {dag.py:3441} INFO - Setting next_dagrun for daggroup to None, run_after=None
[2024-02-28T20:46:32.158+0000] {processor.py:175} INFO - Processing /opt/airflow/dags/daggroup.py took 0.051 seconds
[2024-02-28T20:46:38.247+0000] {processor.py:153} INFO - Started process (PID=381) to work on /opt/airflow/dags/daggroup.py
[2024-02-28T20:46:38.248+0000] {processor.py:743} INFO - Processing file /opt/airflow/dags/daggroup.py for tasks to queue
[2024-02-28T20:46:38.248+0000] {logging_mixin.py:137} INFO - [2024-02-28T20:46:38.248+0000] {dagbag.py:538} INFO - Filling up the DagBag from /opt/airflow/dags/daggroup.py
[2024-02-28T20:46:38.257+0000] {processor.py:753} INFO - DAG(s) dict_keys(['daggroup']) retrieved from /opt/airflow/dags/daggroup.py
[2024-02-28T20:46:38.273+0000] {logging_mixin.py:137} INFO - [2024-02-28T20:46:38.273+0000] {dag.py:2690} INFO - Sync 1 DAGs
[2024-02-28T20:46:38.288+0000] {logging_mixin.py:137} INFO - [2024-02-28T20:46:38.288+0000] {dag.py:3441} INFO - Setting next_dagrun for daggroup to None, run_after=None
[2024-02-28T20:46:38.299+0000] {processor.py:175} INFO - Processing /opt/airflow/dags/daggroup.py took 0.054 seconds
[2024-02-28T20:46:44.310+0000] {processor.py:153} INFO - Started process (PID=407) to work on /opt/airflow/dags/daggroup.py
[2024-02-28T20:46:44.310+0000] {processor.py:743} INFO - Processing file /opt/airflow/dags/daggroup.py for tasks to queue
[2024-02-28T20:46:44.311+0000] {logging_mixin.py:137} INFO - [2024-02-28T20:46:44.311+0000] {dagbag.py:538} INFO - Filling up the DagBag from /opt/airflow/dags/daggroup.py
[2024-02-28T20:46:44.320+0000] {processor.py:753} INFO - DAG(s) dict_keys(['daggroup']) retrieved from /opt/airflow/dags/daggroup.py
[2024-02-28T20:46:44.337+0000] {logging_mixin.py:137} INFO - [2024-02-28T20:46:44.336+0000] {dag.py:2690} INFO - Sync 1 DAGs
[2024-02-28T20:46:44.351+0000] {logging_mixin.py:137} INFO - [2024-02-28T20:46:44.351+0000] {dag.py:3441} INFO - Setting next_dagrun for daggroup to None, run_after=None
[2024-02-28T20:46:44.362+0000] {processor.py:175} INFO - Processing /opt/airflow/dags/daggroup.py took 0.055 seconds
[2024-02-28T20:46:49.389+0000] {processor.py:153} INFO - Started process (PID=465) to work on /opt/airflow/dags/daggroup.py
[2024-02-28T20:46:49.389+0000] {processor.py:743} INFO - Processing file /opt/airflow/dags/daggroup.py for tasks to queue
[2024-02-28T20:46:49.390+0000] {logging_mixin.py:137} INFO - [2024-02-28T20:46:49.390+0000] {dagbag.py:538} INFO - Filling up the DagBag from /opt/airflow/dags/daggroup.py
[2024-02-28T20:46:49.400+0000] {processor.py:753} INFO - DAG(s) dict_keys(['daggroup']) retrieved from /opt/airflow/dags/daggroup.py
[2024-02-28T20:46:49.417+0000] {logging_mixin.py:137} INFO - [2024-02-28T20:46:49.417+0000] {dag.py:2690} INFO - Sync 1 DAGs
[2024-02-28T20:46:49.434+0000] {logging_mixin.py:137} INFO - [2024-02-28T20:46:49.434+0000] {dag.py:3441} INFO - Setting next_dagrun for daggroup to None, run_after=None
[2024-02-28T20:46:49.446+0000] {processor.py:175} INFO - Processing /opt/airflow/dags/daggroup.py took 0.059 seconds
[2024-02-28T20:46:54.489+0000] {processor.py:153} INFO - Started process (PID=491) to work on /opt/airflow/dags/daggroup.py
[2024-02-28T20:46:54.489+0000] {processor.py:743} INFO - Processing file /opt/airflow/dags/daggroup.py for tasks to queue
[2024-02-28T20:46:54.490+0000] {logging_mixin.py:137} INFO - [2024-02-28T20:46:54.490+0000] {dagbag.py:538} INFO - Filling up the DagBag from /opt/airflow/dags/daggroup.py
[2024-02-28T20:46:54.499+0000] {processor.py:753} INFO - DAG(s) dict_keys(['daggroup']) retrieved from /opt/airflow/dags/daggroup.py
[2024-02-28T20:46:54.516+0000] {logging_mixin.py:137} INFO - [2024-02-28T20:46:54.516+0000] {dag.py:2690} INFO - Sync 1 DAGs
[2024-02-28T20:46:54.531+0000] {logging_mixin.py:137} INFO - [2024-02-28T20:46:54.531+0000] {dag.py:3441} INFO - Setting next_dagrun for daggroup to None, run_after=None
[2024-02-28T20:46:54.541+0000] {processor.py:175} INFO - Processing /opt/airflow/dags/daggroup.py took 0.055 seconds
[2024-02-28T20:47:00.477+0000] {processor.py:153} INFO - Started process (PID=549) to work on /opt/airflow/dags/daggroup.py
[2024-02-28T20:47:00.477+0000] {processor.py:743} INFO - Processing file /opt/airflow/dags/daggroup.py for tasks to queue
[2024-02-28T20:47:00.478+0000] {logging_mixin.py:137} INFO - [2024-02-28T20:47:00.478+0000] {dagbag.py:538} INFO - Filling up the DagBag from /opt/airflow/dags/daggroup.py
[2024-02-28T20:47:00.487+0000] {processor.py:753} INFO - DAG(s) dict_keys(['daggroup']) retrieved from /opt/airflow/dags/daggroup.py
[2024-02-28T20:47:00.505+0000] {logging_mixin.py:137} INFO - [2024-02-28T20:47:00.504+0000] {dag.py:2690} INFO - Sync 1 DAGs
[2024-02-28T20:47:00.520+0000] {logging_mixin.py:137} INFO - [2024-02-28T20:47:00.519+0000] {dag.py:3441} INFO - Setting next_dagrun for daggroup to None, run_after=None
[2024-02-28T20:47:00.531+0000] {processor.py:175} INFO - Processing /opt/airflow/dags/daggroup.py took 0.057 seconds
[2024-02-28T20:47:06.480+0000] {processor.py:153} INFO - Started process (PID=575) to work on /opt/airflow/dags/daggroup.py
[2024-02-28T20:47:06.481+0000] {processor.py:743} INFO - Processing file /opt/airflow/dags/daggroup.py for tasks to queue
[2024-02-28T20:47:06.481+0000] {logging_mixin.py:137} INFO - [2024-02-28T20:47:06.481+0000] {dagbag.py:538} INFO - Filling up the DagBag from /opt/airflow/dags/daggroup.py
[2024-02-28T20:47:06.490+0000] {processor.py:753} INFO - DAG(s) dict_keys(['daggroup']) retrieved from /opt/airflow/dags/daggroup.py
[2024-02-28T20:47:06.506+0000] {logging_mixin.py:137} INFO - [2024-02-28T20:47:06.506+0000] {dag.py:2690} INFO - Sync 1 DAGs
[2024-02-28T20:47:06.522+0000] {logging_mixin.py:137} INFO - [2024-02-28T20:47:06.521+0000] {dag.py:3441} INFO - Setting next_dagrun for daggroup to None, run_after=None
[2024-02-28T20:47:06.533+0000] {processor.py:175} INFO - Processing /opt/airflow/dags/daggroup.py took 0.055 seconds
[2024-02-28T20:47:11.597+0000] {processor.py:153} INFO - Started process (PID=633) to work on /opt/airflow/dags/daggroup.py
[2024-02-28T20:47:11.598+0000] {processor.py:743} INFO - Processing file /opt/airflow/dags/daggroup.py for tasks to queue
[2024-02-28T20:47:11.598+0000] {logging_mixin.py:137} INFO - [2024-02-28T20:47:11.598+0000] {dagbag.py:538} INFO - Filling up the DagBag from /opt/airflow/dags/daggroup.py
[2024-02-28T20:47:11.607+0000] {processor.py:753} INFO - DAG(s) dict_keys(['daggroup']) retrieved from /opt/airflow/dags/daggroup.py
[2024-02-28T20:47:11.624+0000] {logging_mixin.py:137} INFO - [2024-02-28T20:47:11.624+0000] {dag.py:2690} INFO - Sync 1 DAGs
[2024-02-28T20:47:11.638+0000] {logging_mixin.py:137} INFO - [2024-02-28T20:47:11.638+0000] {dag.py:3441} INFO - Setting next_dagrun for daggroup to None, run_after=None
[2024-02-28T20:47:11.649+0000] {processor.py:175} INFO - Processing /opt/airflow/dags/daggroup.py took 0.053 seconds
[2024-02-28T20:47:17.488+0000] {processor.py:153} INFO - Started process (PID=661) to work on /opt/airflow/dags/daggroup.py
[2024-02-28T20:47:17.489+0000] {processor.py:743} INFO - Processing file /opt/airflow/dags/daggroup.py for tasks to queue
[2024-02-28T20:47:17.489+0000] {logging_mixin.py:137} INFO - [2024-02-28T20:47:17.489+0000] {dagbag.py:538} INFO - Filling up the DagBag from /opt/airflow/dags/daggroup.py
[2024-02-28T20:47:17.499+0000] {processor.py:753} INFO - DAG(s) dict_keys(['daggroup']) retrieved from /opt/airflow/dags/daggroup.py
[2024-02-28T20:47:17.515+0000] {logging_mixin.py:137} INFO - [2024-02-28T20:47:17.515+0000] {dag.py:2690} INFO - Sync 1 DAGs
[2024-02-28T20:47:17.530+0000] {logging_mixin.py:137} INFO - [2024-02-28T20:47:17.530+0000] {dag.py:3441} INFO - Setting next_dagrun for daggroup to None, run_after=None
[2024-02-28T20:47:17.542+0000] {processor.py:175} INFO - Processing /opt/airflow/dags/daggroup.py took 0.056 seconds
[2024-02-28T20:47:23.361+0000] {processor.py:153} INFO - Started process (PID=719) to work on /opt/airflow/dags/daggroup.py
[2024-02-28T20:47:23.361+0000] {processor.py:743} INFO - Processing file /opt/airflow/dags/daggroup.py for tasks to queue
[2024-02-28T20:47:23.361+0000] {logging_mixin.py:137} INFO - [2024-02-28T20:47:23.361+0000] {dagbag.py:538} INFO - Filling up the DagBag from /opt/airflow/dags/daggroup.py
[2024-02-28T20:47:23.371+0000] {processor.py:753} INFO - DAG(s) dict_keys(['daggroup']) retrieved from /opt/airflow/dags/daggroup.py
[2024-02-28T20:47:23.389+0000] {logging_mixin.py:137} INFO - [2024-02-28T20:47:23.389+0000] {dag.py:2690} INFO - Sync 1 DAGs
[2024-02-28T20:47:23.407+0000] {logging_mixin.py:137} INFO - [2024-02-28T20:47:23.406+0000] {dag.py:3441} INFO - Setting next_dagrun for daggroup to None, run_after=None
[2024-02-28T20:47:23.420+0000] {processor.py:175} INFO - Processing /opt/airflow/dags/daggroup.py took 0.061 seconds
[2024-02-28T20:47:29.204+0000] {processor.py:153} INFO - Started process (PID=745) to work on /opt/airflow/dags/daggroup.py
[2024-02-28T20:47:29.204+0000] {processor.py:743} INFO - Processing file /opt/airflow/dags/daggroup.py for tasks to queue
[2024-02-28T20:47:29.205+0000] {logging_mixin.py:137} INFO - [2024-02-28T20:47:29.205+0000] {dagbag.py:538} INFO - Filling up the DagBag from /opt/airflow/dags/daggroup.py
[2024-02-28T20:47:29.214+0000] {processor.py:753} INFO - DAG(s) dict_keys(['daggroup']) retrieved from /opt/airflow/dags/daggroup.py
[2024-02-28T20:47:29.231+0000] {logging_mixin.py:137} INFO - [2024-02-28T20:47:29.231+0000] {dag.py:2690} INFO - Sync 1 DAGs
[2024-02-28T20:47:29.247+0000] {logging_mixin.py:137} INFO - [2024-02-28T20:47:29.246+0000] {dag.py:3441} INFO - Setting next_dagrun for daggroup to None, run_after=None
[2024-02-28T20:47:29.258+0000] {processor.py:175} INFO - Processing /opt/airflow/dags/daggroup.py took 0.056 seconds
[2024-02-28T20:47:35.082+0000] {processor.py:153} INFO - Started process (PID=803) to work on /opt/airflow/dags/daggroup.py
[2024-02-28T20:47:35.083+0000] {processor.py:743} INFO - Processing file /opt/airflow/dags/daggroup.py for tasks to queue
[2024-02-28T20:47:35.083+0000] {logging_mixin.py:137} INFO - [2024-02-28T20:47:35.083+0000] {dagbag.py:538} INFO - Filling up the DagBag from /opt/airflow/dags/daggroup.py
[2024-02-28T20:47:35.092+0000] {processor.py:753} INFO - DAG(s) dict_keys(['daggroup']) retrieved from /opt/airflow/dags/daggroup.py
[2024-02-28T20:47:35.107+0000] {logging_mixin.py:137} INFO - [2024-02-28T20:47:35.107+0000] {dag.py:2690} INFO - Sync 1 DAGs
[2024-02-28T20:47:35.122+0000] {logging_mixin.py:137} INFO - [2024-02-28T20:47:35.122+0000] {dag.py:3441} INFO - Setting next_dagrun for daggroup to None, run_after=None
[2024-02-28T20:47:35.132+0000] {processor.py:175} INFO - Processing /opt/airflow/dags/daggroup.py took 0.052 seconds
[2024-02-28T20:47:41.038+0000] {processor.py:153} INFO - Started process (PID=829) to work on /opt/airflow/dags/daggroup.py
[2024-02-28T20:47:41.039+0000] {processor.py:743} INFO - Processing file /opt/airflow/dags/daggroup.py for tasks to queue
[2024-02-28T20:47:41.039+0000] {logging_mixin.py:137} INFO - [2024-02-28T20:47:41.039+0000] {dagbag.py:538} INFO - Filling up the DagBag from /opt/airflow/dags/daggroup.py
[2024-02-28T20:47:41.048+0000] {processor.py:753} INFO - DAG(s) dict_keys(['daggroup']) retrieved from /opt/airflow/dags/daggroup.py
[2024-02-28T20:47:41.063+0000] {logging_mixin.py:137} INFO - [2024-02-28T20:47:41.063+0000] {dag.py:2690} INFO - Sync 1 DAGs
[2024-02-28T20:47:41.077+0000] {logging_mixin.py:137} INFO - [2024-02-28T20:47:41.077+0000] {dag.py:3441} INFO - Setting next_dagrun for daggroup to None, run_after=None
[2024-02-28T20:47:41.088+0000] {processor.py:175} INFO - Processing /opt/airflow/dags/daggroup.py took 0.053 seconds
[2024-02-28T20:47:46.828+0000] {processor.py:153} INFO - Started process (PID=887) to work on /opt/airflow/dags/daggroup.py
[2024-02-28T20:47:46.829+0000] {processor.py:743} INFO - Processing file /opt/airflow/dags/daggroup.py for tasks to queue
[2024-02-28T20:47:46.829+0000] {logging_mixin.py:137} INFO - [2024-02-28T20:47:46.829+0000] {dagbag.py:538} INFO - Filling up the DagBag from /opt/airflow/dags/daggroup.py
[2024-02-28T20:47:46.838+0000] {processor.py:753} INFO - DAG(s) dict_keys(['daggroup']) retrieved from /opt/airflow/dags/daggroup.py
[2024-02-28T20:47:46.853+0000] {logging_mixin.py:137} INFO - [2024-02-28T20:47:46.853+0000] {dag.py:2690} INFO - Sync 1 DAGs
[2024-02-28T20:47:46.868+0000] {logging_mixin.py:137} INFO - [2024-02-28T20:47:46.868+0000] {dag.py:3441} INFO - Setting next_dagrun for daggroup to None, run_after=None
[2024-02-28T20:47:46.879+0000] {processor.py:175} INFO - Processing /opt/airflow/dags/daggroup.py took 0.053 seconds
[2024-02-28T20:47:52.662+0000] {processor.py:153} INFO - Started process (PID=913) to work on /opt/airflow/dags/daggroup.py
[2024-02-28T20:47:52.662+0000] {processor.py:743} INFO - Processing file /opt/airflow/dags/daggroup.py for tasks to queue
[2024-02-28T20:47:52.662+0000] {logging_mixin.py:137} INFO - [2024-02-28T20:47:52.662+0000] {dagbag.py:538} INFO - Filling up the DagBag from /opt/airflow/dags/daggroup.py
[2024-02-28T20:47:52.672+0000] {processor.py:753} INFO - DAG(s) dict_keys(['daggroup']) retrieved from /opt/airflow/dags/daggroup.py
[2024-02-28T20:47:52.688+0000] {logging_mixin.py:137} INFO - [2024-02-28T20:47:52.688+0000] {dag.py:2690} INFO - Sync 1 DAGs
[2024-02-28T20:47:52.703+0000] {logging_mixin.py:137} INFO - [2024-02-28T20:47:52.703+0000] {dag.py:3441} INFO - Setting next_dagrun for daggroup to None, run_after=None
[2024-02-28T20:47:52.714+0000] {processor.py:175} INFO - Processing /opt/airflow/dags/daggroup.py took 0.055 seconds
[2024-02-28T20:47:58.546+0000] {processor.py:153} INFO - Started process (PID=971) to work on /opt/airflow/dags/daggroup.py
[2024-02-28T20:47:58.546+0000] {processor.py:743} INFO - Processing file /opt/airflow/dags/daggroup.py for tasks to queue
[2024-02-28T20:47:58.546+0000] {logging_mixin.py:137} INFO - [2024-02-28T20:47:58.546+0000] {dagbag.py:538} INFO - Filling up the DagBag from /opt/airflow/dags/daggroup.py
[2024-02-28T20:47:58.556+0000] {processor.py:753} INFO - DAG(s) dict_keys(['daggroup']) retrieved from /opt/airflow/dags/daggroup.py
[2024-02-28T20:47:58.572+0000] {logging_mixin.py:137} INFO - [2024-02-28T20:47:58.572+0000] {dag.py:2690} INFO - Sync 1 DAGs
[2024-02-28T20:47:58.587+0000] {logging_mixin.py:137} INFO - [2024-02-28T20:47:58.587+0000] {dag.py:3441} INFO - Setting next_dagrun for daggroup to None, run_after=None
[2024-02-28T20:47:58.598+0000] {processor.py:175} INFO - Processing /opt/airflow/dags/daggroup.py took 0.055 seconds
[2024-02-28T20:48:04.361+0000] {processor.py:153} INFO - Started process (PID=997) to work on /opt/airflow/dags/daggroup.py
[2024-02-28T20:48:04.361+0000] {processor.py:743} INFO - Processing file /opt/airflow/dags/daggroup.py for tasks to queue
[2024-02-28T20:48:04.361+0000] {logging_mixin.py:137} INFO - [2024-02-28T20:48:04.361+0000] {dagbag.py:538} INFO - Filling up the DagBag from /opt/airflow/dags/daggroup.py
[2024-02-28T20:48:04.371+0000] {processor.py:753} INFO - DAG(s) dict_keys(['daggroup']) retrieved from /opt/airflow/dags/daggroup.py
[2024-02-28T20:48:04.386+0000] {logging_mixin.py:137} INFO - [2024-02-28T20:48:04.386+0000] {dag.py:2690} INFO - Sync 1 DAGs
[2024-02-28T20:48:04.401+0000] {logging_mixin.py:137} INFO - [2024-02-28T20:48:04.401+0000] {dag.py:3441} INFO - Setting next_dagrun for daggroup to None, run_after=None
[2024-02-28T20:48:04.412+0000] {processor.py:175} INFO - Processing /opt/airflow/dags/daggroup.py took 0.053 seconds
[2024-02-28T20:48:10.161+0000] {processor.py:153} INFO - Started process (PID=1055) to work on /opt/airflow/dags/daggroup.py
[2024-02-28T20:48:10.162+0000] {processor.py:743} INFO - Processing file /opt/airflow/dags/daggroup.py for tasks to queue
[2024-02-28T20:48:10.162+0000] {logging_mixin.py:137} INFO - [2024-02-28T20:48:10.162+0000] {dagbag.py:538} INFO - Filling up the DagBag from /opt/airflow/dags/daggroup.py
[2024-02-28T20:48:10.171+0000] {processor.py:753} INFO - DAG(s) dict_keys(['daggroup']) retrieved from /opt/airflow/dags/daggroup.py
[2024-02-28T20:48:10.187+0000] {logging_mixin.py:137} INFO - [2024-02-28T20:48:10.187+0000] {dag.py:2690} INFO - Sync 1 DAGs
[2024-02-28T20:48:10.202+0000] {logging_mixin.py:137} INFO - [2024-02-28T20:48:10.202+0000] {dag.py:3441} INFO - Setting next_dagrun for daggroup to None, run_after=None
[2024-02-28T20:48:10.213+0000] {processor.py:175} INFO - Processing /opt/airflow/dags/daggroup.py took 0.054 seconds
[2024-02-28T20:48:15.986+0000] {processor.py:153} INFO - Started process (PID=1081) to work on /opt/airflow/dags/daggroup.py
[2024-02-28T20:48:15.986+0000] {processor.py:743} INFO - Processing file /opt/airflow/dags/daggroup.py for tasks to queue
[2024-02-28T20:48:15.987+0000] {logging_mixin.py:137} INFO - [2024-02-28T20:48:15.987+0000] {dagbag.py:538} INFO - Filling up the DagBag from /opt/airflow/dags/daggroup.py
[2024-02-28T20:48:15.996+0000] {processor.py:753} INFO - DAG(s) dict_keys(['daggroup']) retrieved from /opt/airflow/dags/daggroup.py
[2024-02-28T20:48:16.011+0000] {logging_mixin.py:137} INFO - [2024-02-28T20:48:16.011+0000] {dag.py:2690} INFO - Sync 1 DAGs
[2024-02-28T20:48:16.026+0000] {logging_mixin.py:137} INFO - [2024-02-28T20:48:16.026+0000] {dag.py:3441} INFO - Setting next_dagrun for daggroup to None, run_after=None
[2024-02-28T20:48:16.037+0000] {processor.py:175} INFO - Processing /opt/airflow/dags/daggroup.py took 0.053 seconds
[2024-02-28T20:48:21.848+0000] {processor.py:153} INFO - Started process (PID=1139) to work on /opt/airflow/dags/daggroup.py
[2024-02-28T20:48:21.848+0000] {processor.py:743} INFO - Processing file /opt/airflow/dags/daggroup.py for tasks to queue
[2024-02-28T20:48:21.849+0000] {logging_mixin.py:137} INFO - [2024-02-28T20:48:21.848+0000] {dagbag.py:538} INFO - Filling up the DagBag from /opt/airflow/dags/daggroup.py
[2024-02-28T20:48:21.858+0000] {processor.py:753} INFO - DAG(s) dict_keys(['daggroup']) retrieved from /opt/airflow/dags/daggroup.py
[2024-02-28T20:48:21.873+0000] {logging_mixin.py:137} INFO - [2024-02-28T20:48:21.873+0000] {dag.py:2690} INFO - Sync 1 DAGs
[2024-02-28T20:48:21.889+0000] {logging_mixin.py:137} INFO - [2024-02-28T20:48:21.889+0000] {dag.py:3441} INFO - Setting next_dagrun for daggroup to None, run_after=None
[2024-02-28T20:48:21.900+0000] {processor.py:175} INFO - Processing /opt/airflow/dags/daggroup.py took 0.054 seconds
[2024-02-28T20:48:27.746+0000] {processor.py:153} INFO - Started process (PID=1165) to work on /opt/airflow/dags/daggroup.py
[2024-02-28T20:48:27.747+0000] {processor.py:743} INFO - Processing file /opt/airflow/dags/daggroup.py for tasks to queue
[2024-02-28T20:48:27.748+0000] {logging_mixin.py:137} INFO - [2024-02-28T20:48:27.747+0000] {dagbag.py:538} INFO - Filling up the DagBag from /opt/airflow/dags/daggroup.py
[2024-02-28T20:48:27.759+0000] {processor.py:753} INFO - DAG(s) dict_keys(['daggroup']) retrieved from /opt/airflow/dags/daggroup.py
[2024-02-28T20:48:27.780+0000] {logging_mixin.py:137} INFO - [2024-02-28T20:48:27.780+0000] {dag.py:2690} INFO - Sync 1 DAGs
[2024-02-28T20:48:27.800+0000] {logging_mixin.py:137} INFO - [2024-02-28T20:48:27.800+0000] {dag.py:3441} INFO - Setting next_dagrun for daggroup to None, run_after=None
[2024-02-28T20:48:27.818+0000] {processor.py:175} INFO - Processing /opt/airflow/dags/daggroup.py took 0.074 seconds
[2024-02-28T20:48:33.607+0000] {processor.py:153} INFO - Started process (PID=1223) to work on /opt/airflow/dags/daggroup.py
[2024-02-28T20:48:33.607+0000] {processor.py:743} INFO - Processing file /opt/airflow/dags/daggroup.py for tasks to queue
[2024-02-28T20:48:33.608+0000] {logging_mixin.py:137} INFO - [2024-02-28T20:48:33.608+0000] {dagbag.py:538} INFO - Filling up the DagBag from /opt/airflow/dags/daggroup.py
[2024-02-28T20:48:33.617+0000] {processor.py:753} INFO - DAG(s) dict_keys(['daggroup']) retrieved from /opt/airflow/dags/daggroup.py
[2024-02-28T20:48:33.632+0000] {logging_mixin.py:137} INFO - [2024-02-28T20:48:33.632+0000] {dag.py:2690} INFO - Sync 1 DAGs
[2024-02-28T20:48:33.647+0000] {logging_mixin.py:137} INFO - [2024-02-28T20:48:33.647+0000] {dag.py:3441} INFO - Setting next_dagrun for daggroup to None, run_after=None
[2024-02-28T20:48:33.657+0000] {processor.py:175} INFO - Processing /opt/airflow/dags/daggroup.py took 0.052 seconds
[2024-02-28T20:48:39.423+0000] {processor.py:153} INFO - Started process (PID=1249) to work on /opt/airflow/dags/daggroup.py
[2024-02-28T20:48:39.423+0000] {processor.py:743} INFO - Processing file /opt/airflow/dags/daggroup.py for tasks to queue
[2024-02-28T20:48:39.424+0000] {logging_mixin.py:137} INFO - [2024-02-28T20:48:39.423+0000] {dagbag.py:538} INFO - Filling up the DagBag from /opt/airflow/dags/daggroup.py
[2024-02-28T20:48:39.433+0000] {processor.py:753} INFO - DAG(s) dict_keys(['daggroup']) retrieved from /opt/airflow/dags/daggroup.py
[2024-02-28T20:48:39.448+0000] {logging_mixin.py:137} INFO - [2024-02-28T20:48:39.448+0000] {dag.py:2690} INFO - Sync 1 DAGs
[2024-02-28T20:48:39.463+0000] {logging_mixin.py:137} INFO - [2024-02-28T20:48:39.462+0000] {dag.py:3441} INFO - Setting next_dagrun for daggroup to None, run_after=None
[2024-02-28T20:48:39.475+0000] {processor.py:175} INFO - Processing /opt/airflow/dags/daggroup.py took 0.054 seconds
[2024-02-28T20:48:45.222+0000] {processor.py:153} INFO - Started process (PID=1307) to work on /opt/airflow/dags/daggroup.py
[2024-02-28T20:48:45.222+0000] {processor.py:743} INFO - Processing file /opt/airflow/dags/daggroup.py for tasks to queue
[2024-02-28T20:48:45.223+0000] {logging_mixin.py:137} INFO - [2024-02-28T20:48:45.223+0000] {dagbag.py:538} INFO - Filling up the DagBag from /opt/airflow/dags/daggroup.py
[2024-02-28T20:48:45.233+0000] {processor.py:753} INFO - DAG(s) dict_keys(['daggroup']) retrieved from /opt/airflow/dags/daggroup.py
[2024-02-28T20:48:45.249+0000] {logging_mixin.py:137} INFO - [2024-02-28T20:48:45.249+0000] {dag.py:2690} INFO - Sync 1 DAGs
[2024-02-28T20:48:45.264+0000] {logging_mixin.py:137} INFO - [2024-02-28T20:48:45.264+0000] {dag.py:3441} INFO - Setting next_dagrun for daggroup to None, run_after=None
[2024-02-28T20:48:45.276+0000] {processor.py:175} INFO - Processing /opt/airflow/dags/daggroup.py took 0.056 seconds
[2024-02-28T20:48:51.119+0000] {processor.py:153} INFO - Started process (PID=1333) to work on /opt/airflow/dags/daggroup.py
[2024-02-28T20:48:51.119+0000] {processor.py:743} INFO - Processing file /opt/airflow/dags/daggroup.py for tasks to queue
[2024-02-28T20:48:51.120+0000] {logging_mixin.py:137} INFO - [2024-02-28T20:48:51.120+0000] {dagbag.py:538} INFO - Filling up the DagBag from /opt/airflow/dags/daggroup.py
[2024-02-28T20:48:51.129+0000] {processor.py:753} INFO - DAG(s) dict_keys(['daggroup']) retrieved from /opt/airflow/dags/daggroup.py
[2024-02-28T20:48:51.144+0000] {logging_mixin.py:137} INFO - [2024-02-28T20:48:51.144+0000] {dag.py:2690} INFO - Sync 1 DAGs
[2024-02-28T20:48:51.158+0000] {logging_mixin.py:137} INFO - [2024-02-28T20:48:51.158+0000] {dag.py:3441} INFO - Setting next_dagrun for daggroup to None, run_after=None
[2024-02-28T20:48:51.170+0000] {processor.py:175} INFO - Processing /opt/airflow/dags/daggroup.py took 0.053 seconds
[2024-02-28T20:48:56.985+0000] {processor.py:153} INFO - Started process (PID=1391) to work on /opt/airflow/dags/daggroup.py
[2024-02-28T20:48:56.986+0000] {processor.py:743} INFO - Processing file /opt/airflow/dags/daggroup.py for tasks to queue
[2024-02-28T20:48:56.986+0000] {logging_mixin.py:137} INFO - [2024-02-28T20:48:56.986+0000] {dagbag.py:538} INFO - Filling up the DagBag from /opt/airflow/dags/daggroup.py
[2024-02-28T20:48:56.996+0000] {processor.py:753} INFO - DAG(s) dict_keys(['daggroup']) retrieved from /opt/airflow/dags/daggroup.py
[2024-02-28T20:48:57.011+0000] {logging_mixin.py:137} INFO - [2024-02-28T20:48:57.011+0000] {dag.py:2690} INFO - Sync 1 DAGs
[2024-02-28T20:48:57.026+0000] {logging_mixin.py:137} INFO - [2024-02-28T20:48:57.026+0000] {dag.py:3441} INFO - Setting next_dagrun for daggroup to None, run_after=None
[2024-02-28T20:48:57.037+0000] {processor.py:175} INFO - Processing /opt/airflow/dags/daggroup.py took 0.054 seconds
[2024-02-28T20:49:02.851+0000] {processor.py:153} INFO - Started process (PID=1417) to work on /opt/airflow/dags/daggroup.py
[2024-02-28T20:49:02.852+0000] {processor.py:743} INFO - Processing file /opt/airflow/dags/daggroup.py for tasks to queue
[2024-02-28T20:49:02.852+0000] {logging_mixin.py:137} INFO - [2024-02-28T20:49:02.852+0000] {dagbag.py:538} INFO - Filling up the DagBag from /opt/airflow/dags/daggroup.py
[2024-02-28T20:49:02.861+0000] {processor.py:753} INFO - DAG(s) dict_keys(['daggroup']) retrieved from /opt/airflow/dags/daggroup.py
[2024-02-28T20:49:02.877+0000] {logging_mixin.py:137} INFO - [2024-02-28T20:49:02.876+0000] {dag.py:2690} INFO - Sync 1 DAGs
[2024-02-28T20:49:02.892+0000] {logging_mixin.py:137} INFO - [2024-02-28T20:49:02.892+0000] {dag.py:3441} INFO - Setting next_dagrun for daggroup to None, run_after=None
[2024-02-28T20:49:02.903+0000] {processor.py:175} INFO - Processing /opt/airflow/dags/daggroup.py took 0.054 seconds
[2024-02-28T20:49:08.799+0000] {processor.py:153} INFO - Started process (PID=1475) to work on /opt/airflow/dags/daggroup.py
[2024-02-28T20:49:08.799+0000] {processor.py:743} INFO - Processing file /opt/airflow/dags/daggroup.py for tasks to queue
[2024-02-28T20:49:08.800+0000] {logging_mixin.py:137} INFO - [2024-02-28T20:49:08.800+0000] {dagbag.py:538} INFO - Filling up the DagBag from /opt/airflow/dags/daggroup.py
[2024-02-28T20:49:08.810+0000] {processor.py:753} INFO - DAG(s) dict_keys(['daggroup']) retrieved from /opt/airflow/dags/daggroup.py
[2024-02-28T20:49:08.827+0000] {logging_mixin.py:137} INFO - [2024-02-28T20:49:08.827+0000] {dag.py:2690} INFO - Sync 1 DAGs
[2024-02-28T20:49:08.842+0000] {logging_mixin.py:137} INFO - [2024-02-28T20:49:08.842+0000] {dag.py:3441} INFO - Setting next_dagrun for daggroup to None, run_after=None
[2024-02-28T20:49:08.853+0000] {processor.py:175} INFO - Processing /opt/airflow/dags/daggroup.py took 0.056 seconds
[2024-02-28T20:49:14.670+0000] {processor.py:153} INFO - Started process (PID=1500) to work on /opt/airflow/dags/daggroup.py
[2024-02-28T20:49:14.670+0000] {processor.py:743} INFO - Processing file /opt/airflow/dags/daggroup.py for tasks to queue
[2024-02-28T20:49:14.670+0000] {logging_mixin.py:137} INFO - [2024-02-28T20:49:14.670+0000] {dagbag.py:538} INFO - Filling up the DagBag from /opt/airflow/dags/daggroup.py
[2024-02-28T20:49:14.680+0000] {processor.py:753} INFO - DAG(s) dict_keys(['daggroup']) retrieved from /opt/airflow/dags/daggroup.py
[2024-02-28T20:49:14.696+0000] {logging_mixin.py:137} INFO - [2024-02-28T20:49:14.696+0000] {dag.py:2690} INFO - Sync 1 DAGs
[2024-02-28T20:49:14.710+0000] {logging_mixin.py:137} INFO - [2024-02-28T20:49:14.710+0000] {dag.py:3441} INFO - Setting next_dagrun for daggroup to None, run_after=None
[2024-02-28T20:49:14.721+0000] {processor.py:175} INFO - Processing /opt/airflow/dags/daggroup.py took 0.053 seconds
[2024-02-28T20:49:20.728+0000] {processor.py:153} INFO - Started process (PID=1557) to work on /opt/airflow/dags/daggroup.py
[2024-02-28T20:49:20.728+0000] {processor.py:743} INFO - Processing file /opt/airflow/dags/daggroup.py for tasks to queue
[2024-02-28T20:49:20.728+0000] {logging_mixin.py:137} INFO - [2024-02-28T20:49:20.728+0000] {dagbag.py:538} INFO - Filling up the DagBag from /opt/airflow/dags/daggroup.py
[2024-02-28T20:49:20.738+0000] {processor.py:753} INFO - DAG(s) dict_keys(['daggroup']) retrieved from /opt/airflow/dags/daggroup.py
[2024-02-28T20:49:20.754+0000] {logging_mixin.py:137} INFO - [2024-02-28T20:49:20.754+0000] {dag.py:2690} INFO - Sync 1 DAGs
[2024-02-28T20:49:20.769+0000] {logging_mixin.py:137} INFO - [2024-02-28T20:49:20.769+0000] {dag.py:3441} INFO - Setting next_dagrun for daggroup to None, run_after=None
[2024-02-28T20:49:20.780+0000] {processor.py:175} INFO - Processing /opt/airflow/dags/daggroup.py took 0.055 seconds
[2024-02-28T20:49:26.598+0000] {processor.py:153} INFO - Started process (PID=1582) to work on /opt/airflow/dags/daggroup.py
[2024-02-28T20:49:26.599+0000] {processor.py:743} INFO - Processing file /opt/airflow/dags/daggroup.py for tasks to queue
[2024-02-28T20:49:26.599+0000] {logging_mixin.py:137} INFO - [2024-02-28T20:49:26.599+0000] {dagbag.py:538} INFO - Filling up the DagBag from /opt/airflow/dags/daggroup.py
[2024-02-28T20:49:26.611+0000] {processor.py:753} INFO - DAG(s) dict_keys(['daggroup']) retrieved from /opt/airflow/dags/daggroup.py
[2024-02-28T20:49:26.628+0000] {logging_mixin.py:137} INFO - [2024-02-28T20:49:26.628+0000] {dag.py:2690} INFO - Sync 1 DAGs
[2024-02-28T20:49:26.644+0000] {logging_mixin.py:137} INFO - [2024-02-28T20:49:26.643+0000] {dag.py:3441} INFO - Setting next_dagrun for daggroup to None, run_after=None
[2024-02-28T20:49:26.654+0000] {processor.py:175} INFO - Processing /opt/airflow/dags/daggroup.py took 0.058 seconds
[2024-02-28T20:49:32.651+0000] {processor.py:153} INFO - Started process (PID=1638) to work on /opt/airflow/dags/daggroup.py
[2024-02-28T20:49:32.651+0000] {processor.py:743} INFO - Processing file /opt/airflow/dags/daggroup.py for tasks to queue
[2024-02-28T20:49:32.652+0000] {logging_mixin.py:137} INFO - [2024-02-28T20:49:32.651+0000] {dagbag.py:538} INFO - Filling up the DagBag from /opt/airflow/dags/daggroup.py
[2024-02-28T20:49:32.662+0000] {processor.py:753} INFO - DAG(s) dict_keys(['daggroup']) retrieved from /opt/airflow/dags/daggroup.py
[2024-02-28T20:49:32.679+0000] {logging_mixin.py:137} INFO - [2024-02-28T20:49:32.679+0000] {dag.py:2690} INFO - Sync 1 DAGs
[2024-02-28T20:49:32.694+0000] {logging_mixin.py:137} INFO - [2024-02-28T20:49:32.694+0000] {dag.py:3441} INFO - Setting next_dagrun for daggroup to None, run_after=None
[2024-02-28T20:49:32.707+0000] {processor.py:175} INFO - Processing /opt/airflow/dags/daggroup.py took 0.058 seconds
[2024-02-28T20:50:22.318+0000] {processor.py:153} INFO - Started process (PID=78) to work on /opt/airflow/dags/daggroup.py
[2024-02-28T20:50:22.319+0000] {processor.py:743} INFO - Processing file /opt/airflow/dags/daggroup.py for tasks to queue
[2024-02-28T20:50:22.320+0000] {logging_mixin.py:137} INFO - [2024-02-28T20:50:22.319+0000] {dagbag.py:538} INFO - Filling up the DagBag from /opt/airflow/dags/daggroup.py
[2024-02-28T20:50:22.336+0000] {processor.py:753} INFO - DAG(s) dict_keys(['daggroup']) retrieved from /opt/airflow/dags/daggroup.py
[2024-02-28T20:50:22.426+0000] {logging_mixin.py:137} INFO - [2024-02-28T20:50:22.425+0000] {dag.py:2690} INFO - Sync 1 DAGs
[2024-02-28T20:50:22.548+0000] {logging_mixin.py:137} INFO - [2024-02-28T20:50:22.547+0000] {dag.py:3441} INFO - Setting next_dagrun for daggroup to None, run_after=None
[2024-02-28T20:50:22.623+0000] {processor.py:175} INFO - Processing /opt/airflow/dags/daggroup.py took 0.308 seconds
[2024-02-28T20:50:28.865+0000] {processor.py:153} INFO - Started process (PID=125) to work on /opt/airflow/dags/daggroup.py
[2024-02-28T20:50:28.865+0000] {processor.py:743} INFO - Processing file /opt/airflow/dags/daggroup.py for tasks to queue
[2024-02-28T20:50:28.865+0000] {logging_mixin.py:137} INFO - [2024-02-28T20:50:28.865+0000] {dagbag.py:538} INFO - Filling up the DagBag from /opt/airflow/dags/daggroup.py
[2024-02-28T20:50:28.877+0000] {processor.py:753} INFO - DAG(s) dict_keys(['daggroup']) retrieved from /opt/airflow/dags/daggroup.py
[2024-02-28T20:50:28.885+0000] {logging_mixin.py:137} INFO - [2024-02-28T20:50:28.885+0000] {dag.py:2690} INFO - Sync 1 DAGs
[2024-02-28T20:50:28.901+0000] {logging_mixin.py:137} INFO - [2024-02-28T20:50:28.900+0000] {dag.py:3441} INFO - Setting next_dagrun for daggroup to None, run_after=None
[2024-02-28T20:50:28.912+0000] {processor.py:175} INFO - Processing /opt/airflow/dags/daggroup.py took 0.050 seconds
[2024-02-28T20:50:34.765+0000] {processor.py:153} INFO - Started process (PID=181) to work on /opt/airflow/dags/daggroup.py
[2024-02-28T20:50:34.765+0000] {processor.py:743} INFO - Processing file /opt/airflow/dags/daggroup.py for tasks to queue
[2024-02-28T20:50:34.766+0000] {logging_mixin.py:137} INFO - [2024-02-28T20:50:34.765+0000] {dagbag.py:538} INFO - Filling up the DagBag from /opt/airflow/dags/daggroup.py
[2024-02-28T20:50:34.776+0000] {processor.py:753} INFO - DAG(s) dict_keys(['daggroup']) retrieved from /opt/airflow/dags/daggroup.py
[2024-02-28T20:50:34.786+0000] {logging_mixin.py:137} INFO - [2024-02-28T20:50:34.786+0000] {dag.py:2690} INFO - Sync 1 DAGs
[2024-02-28T20:50:34.802+0000] {logging_mixin.py:137} INFO - [2024-02-28T20:50:34.802+0000] {dag.py:3441} INFO - Setting next_dagrun for daggroup to None, run_after=None
[2024-02-28T20:50:34.813+0000] {processor.py:175} INFO - Processing /opt/airflow/dags/daggroup.py took 0.051 seconds
[2024-02-28T20:50:40.604+0000] {processor.py:153} INFO - Started process (PID=205) to work on /opt/airflow/dags/daggroup.py
[2024-02-28T20:50:40.605+0000] {processor.py:743} INFO - Processing file /opt/airflow/dags/daggroup.py for tasks to queue
[2024-02-28T20:50:40.605+0000] {logging_mixin.py:137} INFO - [2024-02-28T20:50:40.605+0000] {dagbag.py:538} INFO - Filling up the DagBag from /opt/airflow/dags/daggroup.py
[2024-02-28T20:50:40.616+0000] {processor.py:753} INFO - DAG(s) dict_keys(['daggroup']) retrieved from /opt/airflow/dags/daggroup.py
[2024-02-28T20:50:40.623+0000] {logging_mixin.py:137} INFO - [2024-02-28T20:50:40.623+0000] {dag.py:2690} INFO - Sync 1 DAGs
[2024-02-28T20:50:40.638+0000] {logging_mixin.py:137} INFO - [2024-02-28T20:50:40.638+0000] {dag.py:3441} INFO - Setting next_dagrun for daggroup to None, run_after=None
[2024-02-28T20:50:40.648+0000] {processor.py:175} INFO - Processing /opt/airflow/dags/daggroup.py took 0.046 seconds
[2024-02-28T20:50:46.466+0000] {processor.py:153} INFO - Started process (PID=261) to work on /opt/airflow/dags/daggroup.py
[2024-02-28T20:50:46.467+0000] {processor.py:743} INFO - Processing file /opt/airflow/dags/daggroup.py for tasks to queue
[2024-02-28T20:50:46.467+0000] {logging_mixin.py:137} INFO - [2024-02-28T20:50:46.467+0000] {dagbag.py:538} INFO - Filling up the DagBag from /opt/airflow/dags/daggroup.py
[2024-02-28T20:50:46.477+0000] {processor.py:753} INFO - DAG(s) dict_keys(['daggroup']) retrieved from /opt/airflow/dags/daggroup.py
[2024-02-28T20:50:46.485+0000] {logging_mixin.py:137} INFO - [2024-02-28T20:50:46.485+0000] {dag.py:2690} INFO - Sync 1 DAGs
[2024-02-28T20:50:46.501+0000] {logging_mixin.py:137} INFO - [2024-02-28T20:50:46.501+0000] {dag.py:3441} INFO - Setting next_dagrun for daggroup to None, run_after=None
[2024-02-28T20:50:46.512+0000] {processor.py:175} INFO - Processing /opt/airflow/dags/daggroup.py took 0.048 seconds
[2024-02-28T20:50:52.414+0000] {processor.py:153} INFO - Started process (PID=285) to work on /opt/airflow/dags/daggroup.py
[2024-02-28T20:50:52.415+0000] {processor.py:743} INFO - Processing file /opt/airflow/dags/daggroup.py for tasks to queue
[2024-02-28T20:50:52.415+0000] {logging_mixin.py:137} INFO - [2024-02-28T20:50:52.415+0000] {dagbag.py:538} INFO - Filling up the DagBag from /opt/airflow/dags/daggroup.py
[2024-02-28T20:50:52.425+0000] {processor.py:753} INFO - DAG(s) dict_keys(['daggroup']) retrieved from /opt/airflow/dags/daggroup.py
[2024-02-28T20:50:52.441+0000] {logging_mixin.py:137} INFO - [2024-02-28T20:50:52.440+0000] {dag.py:2690} INFO - Sync 1 DAGs
[2024-02-28T20:50:52.455+0000] {logging_mixin.py:137} INFO - [2024-02-28T20:50:52.455+0000] {dag.py:3441} INFO - Setting next_dagrun for daggroup to None, run_after=None
[2024-02-28T20:50:52.465+0000] {processor.py:175} INFO - Processing /opt/airflow/dags/daggroup.py took 0.053 seconds
[2024-02-28T20:50:58.312+0000] {processor.py:153} INFO - Started process (PID=341) to work on /opt/airflow/dags/daggroup.py
[2024-02-28T20:50:58.312+0000] {processor.py:743} INFO - Processing file /opt/airflow/dags/daggroup.py for tasks to queue
[2024-02-28T20:50:58.313+0000] {logging_mixin.py:137} INFO - [2024-02-28T20:50:58.313+0000] {dagbag.py:538} INFO - Filling up the DagBag from /opt/airflow/dags/daggroup.py
[2024-02-28T20:50:58.323+0000] {processor.py:753} INFO - DAG(s) dict_keys(['daggroup']) retrieved from /opt/airflow/dags/daggroup.py
[2024-02-28T20:50:58.342+0000] {logging_mixin.py:137} INFO - [2024-02-28T20:50:58.342+0000] {dag.py:2690} INFO - Sync 1 DAGs
[2024-02-28T20:50:58.360+0000] {logging_mixin.py:137} INFO - [2024-02-28T20:50:58.360+0000] {dag.py:3441} INFO - Setting next_dagrun for daggroup to None, run_after=None
[2024-02-28T20:50:58.373+0000] {processor.py:175} INFO - Processing /opt/airflow/dags/daggroup.py took 0.064 seconds
[2024-02-28T20:51:04.226+0000] {processor.py:153} INFO - Started process (PID=365) to work on /opt/airflow/dags/daggroup.py
[2024-02-28T20:51:04.226+0000] {processor.py:743} INFO - Processing file /opt/airflow/dags/daggroup.py for tasks to queue
[2024-02-28T20:51:04.227+0000] {logging_mixin.py:137} INFO - [2024-02-28T20:51:04.227+0000] {dagbag.py:538} INFO - Filling up the DagBag from /opt/airflow/dags/daggroup.py
[2024-02-28T20:51:04.236+0000] {processor.py:753} INFO - DAG(s) dict_keys(['daggroup']) retrieved from /opt/airflow/dags/daggroup.py
[2024-02-28T20:51:04.251+0000] {logging_mixin.py:137} INFO - [2024-02-28T20:51:04.251+0000] {dag.py:2690} INFO - Sync 1 DAGs
[2024-02-28T20:51:04.266+0000] {logging_mixin.py:137} INFO - [2024-02-28T20:51:04.266+0000] {dag.py:3441} INFO - Setting next_dagrun for daggroup to None, run_after=None
[2024-02-28T20:51:04.276+0000] {processor.py:175} INFO - Processing /opt/airflow/dags/daggroup.py took 0.052 seconds
[2024-02-28T20:51:10.146+0000] {processor.py:153} INFO - Started process (PID=421) to work on /opt/airflow/dags/daggroup.py
[2024-02-28T20:51:10.146+0000] {processor.py:743} INFO - Processing file /opt/airflow/dags/daggroup.py for tasks to queue
[2024-02-28T20:51:10.146+0000] {logging_mixin.py:137} INFO - [2024-02-28T20:51:10.146+0000] {dagbag.py:538} INFO - Filling up the DagBag from /opt/airflow/dags/daggroup.py
[2024-02-28T20:51:10.156+0000] {processor.py:753} INFO - DAG(s) dict_keys(['daggroup']) retrieved from /opt/airflow/dags/daggroup.py
[2024-02-28T20:51:10.171+0000] {logging_mixin.py:137} INFO - [2024-02-28T20:51:10.171+0000] {dag.py:2690} INFO - Sync 1 DAGs
[2024-02-28T20:51:10.186+0000] {logging_mixin.py:137} INFO - [2024-02-28T20:51:10.186+0000] {dag.py:3441} INFO - Setting next_dagrun for daggroup to None, run_after=None
[2024-02-28T20:51:10.196+0000] {processor.py:175} INFO - Processing /opt/airflow/dags/daggroup.py took 0.053 seconds
[2024-02-28T20:51:15.970+0000] {processor.py:153} INFO - Started process (PID=445) to work on /opt/airflow/dags/daggroup.py
[2024-02-28T20:51:15.970+0000] {processor.py:743} INFO - Processing file /opt/airflow/dags/daggroup.py for tasks to queue
[2024-02-28T20:51:15.971+0000] {logging_mixin.py:137} INFO - [2024-02-28T20:51:15.971+0000] {dagbag.py:538} INFO - Filling up the DagBag from /opt/airflow/dags/daggroup.py
[2024-02-28T20:51:15.980+0000] {processor.py:753} INFO - DAG(s) dict_keys(['daggroup']) retrieved from /opt/airflow/dags/daggroup.py
[2024-02-28T20:51:15.995+0000] {logging_mixin.py:137} INFO - [2024-02-28T20:51:15.995+0000] {dag.py:2690} INFO - Sync 1 DAGs
[2024-02-28T20:51:16.011+0000] {logging_mixin.py:137} INFO - [2024-02-28T20:51:16.011+0000] {dag.py:3441} INFO - Setting next_dagrun for daggroup to None, run_after=None
[2024-02-28T20:51:16.022+0000] {processor.py:175} INFO - Processing /opt/airflow/dags/daggroup.py took 0.054 seconds
