[2024-02-28T20:45:55.999+0000] {processor.py:153} INFO - Started process (PID=56) to work on /opt/airflow/dags/hooks.py
[2024-02-28T20:45:56.000+0000] {processor.py:743} INFO - Processing file /opt/airflow/dags/hooks.py for tasks to queue
[2024-02-28T20:45:56.000+0000] {logging_mixin.py:137} INFO - [2024-02-28T20:45:56.000+0000] {dagbag.py:538} INFO - Filling up the DagBag from /opt/airflow/dags/hooks.py
[2024-02-28T20:45:56.033+0000] {processor.py:753} INFO - DAG(s) dict_keys(['hook']) retrieved from /opt/airflow/dags/hooks.py
[2024-02-28T20:45:56.156+0000] {logging_mixin.py:137} INFO - [2024-02-28T20:45:56.156+0000] {manager.py:504} INFO - Created Permission View: can edit on DAG:hook
[2024-02-28T20:45:56.162+0000] {logging_mixin.py:137} INFO - [2024-02-28T20:45:56.162+0000] {manager.py:504} INFO - Created Permission View: can delete on DAG:hook
[2024-02-28T20:45:56.167+0000] {logging_mixin.py:137} INFO - [2024-02-28T20:45:56.167+0000] {manager.py:504} INFO - Created Permission View: can read on DAG:hook
[2024-02-28T20:45:56.167+0000] {logging_mixin.py:137} INFO - [2024-02-28T20:45:56.167+0000] {dag.py:2690} INFO - Sync 1 DAGs
[2024-02-28T20:45:56.176+0000] {logging_mixin.py:137} INFO - [2024-02-28T20:45:56.176+0000] {dag.py:2711} INFO - Creating ORM DAG for hook
[2024-02-28T20:45:56.184+0000] {logging_mixin.py:137} INFO - [2024-02-28T20:45:56.184+0000] {dag.py:3441} INFO - Setting next_dagrun for hook to None, run_after=None
[2024-02-28T20:45:56.194+0000] {processor.py:175} INFO - Processing /opt/airflow/dags/hooks.py took 0.197 seconds
[2024-02-28T20:46:02.200+0000] {processor.py:153} INFO - Started process (PID=114) to work on /opt/airflow/dags/hooks.py
[2024-02-28T20:46:02.200+0000] {processor.py:743} INFO - Processing file /opt/airflow/dags/hooks.py for tasks to queue
[2024-02-28T20:46:02.201+0000] {logging_mixin.py:137} INFO - [2024-02-28T20:46:02.201+0000] {dagbag.py:538} INFO - Filling up the DagBag from /opt/airflow/dags/hooks.py
[2024-02-28T20:46:02.221+0000] {processor.py:753} INFO - DAG(s) dict_keys(['hook']) retrieved from /opt/airflow/dags/hooks.py
[2024-02-28T20:46:02.229+0000] {logging_mixin.py:137} INFO - [2024-02-28T20:46:02.229+0000] {dag.py:2690} INFO - Sync 1 DAGs
[2024-02-28T20:46:02.244+0000] {logging_mixin.py:137} INFO - [2024-02-28T20:46:02.244+0000] {dag.py:3441} INFO - Setting next_dagrun for hook to None, run_after=None
[2024-02-28T20:46:02.255+0000] {processor.py:175} INFO - Processing /opt/airflow/dags/hooks.py took 0.056 seconds
[2024-02-28T20:46:08.084+0000] {processor.py:153} INFO - Started process (PID=140) to work on /opt/airflow/dags/hooks.py
[2024-02-28T20:46:08.084+0000] {processor.py:743} INFO - Processing file /opt/airflow/dags/hooks.py for tasks to queue
[2024-02-28T20:46:08.085+0000] {logging_mixin.py:137} INFO - [2024-02-28T20:46:08.084+0000] {dagbag.py:538} INFO - Filling up the DagBag from /opt/airflow/dags/hooks.py
[2024-02-28T20:46:08.105+0000] {processor.py:753} INFO - DAG(s) dict_keys(['hook']) retrieved from /opt/airflow/dags/hooks.py
[2024-02-28T20:46:08.113+0000] {logging_mixin.py:137} INFO - [2024-02-28T20:46:08.113+0000] {dag.py:2690} INFO - Sync 1 DAGs
[2024-02-28T20:46:08.128+0000] {logging_mixin.py:137} INFO - [2024-02-28T20:46:08.128+0000] {dag.py:3441} INFO - Setting next_dagrun for hook to None, run_after=None
[2024-02-28T20:46:08.139+0000] {processor.py:175} INFO - Processing /opt/airflow/dags/hooks.py took 0.057 seconds
[2024-02-28T20:46:13.930+0000] {processor.py:153} INFO - Started process (PID=198) to work on /opt/airflow/dags/hooks.py
[2024-02-28T20:46:13.932+0000] {processor.py:743} INFO - Processing file /opt/airflow/dags/hooks.py for tasks to queue
[2024-02-28T20:46:13.932+0000] {logging_mixin.py:137} INFO - [2024-02-28T20:46:13.932+0000] {dagbag.py:538} INFO - Filling up the DagBag from /opt/airflow/dags/hooks.py
[2024-02-28T20:46:13.952+0000] {processor.py:753} INFO - DAG(s) dict_keys(['hook']) retrieved from /opt/airflow/dags/hooks.py
[2024-02-28T20:46:13.960+0000] {logging_mixin.py:137} INFO - [2024-02-28T20:46:13.960+0000] {dag.py:2690} INFO - Sync 1 DAGs
[2024-02-28T20:46:13.975+0000] {logging_mixin.py:137} INFO - [2024-02-28T20:46:13.975+0000] {dag.py:3441} INFO - Setting next_dagrun for hook to None, run_after=None
[2024-02-28T20:46:13.986+0000] {processor.py:175} INFO - Processing /opt/airflow/dags/hooks.py took 0.058 seconds
[2024-02-28T20:46:19.753+0000] {processor.py:153} INFO - Started process (PID=224) to work on /opt/airflow/dags/hooks.py
[2024-02-28T20:46:19.755+0000] {processor.py:743} INFO - Processing file /opt/airflow/dags/hooks.py for tasks to queue
[2024-02-28T20:46:19.755+0000] {logging_mixin.py:137} INFO - [2024-02-28T20:46:19.755+0000] {dagbag.py:538} INFO - Filling up the DagBag from /opt/airflow/dags/hooks.py
[2024-02-28T20:46:19.775+0000] {processor.py:753} INFO - DAG(s) dict_keys(['hook']) retrieved from /opt/airflow/dags/hooks.py
[2024-02-28T20:46:19.783+0000] {logging_mixin.py:137} INFO - [2024-02-28T20:46:19.783+0000] {dag.py:2690} INFO - Sync 1 DAGs
[2024-02-28T20:46:19.798+0000] {logging_mixin.py:137} INFO - [2024-02-28T20:46:19.798+0000] {dag.py:3441} INFO - Setting next_dagrun for hook to None, run_after=None
[2024-02-28T20:46:19.809+0000] {processor.py:175} INFO - Processing /opt/airflow/dags/hooks.py took 0.057 seconds
[2024-02-28T20:46:25.623+0000] {processor.py:153} INFO - Started process (PID=282) to work on /opt/airflow/dags/hooks.py
[2024-02-28T20:46:25.624+0000] {processor.py:743} INFO - Processing file /opt/airflow/dags/hooks.py for tasks to queue
[2024-02-28T20:46:25.624+0000] {logging_mixin.py:137} INFO - [2024-02-28T20:46:25.624+0000] {dagbag.py:538} INFO - Filling up the DagBag from /opt/airflow/dags/hooks.py
[2024-02-28T20:46:25.643+0000] {processor.py:753} INFO - DAG(s) dict_keys(['hook']) retrieved from /opt/airflow/dags/hooks.py
[2024-02-28T20:46:25.651+0000] {logging_mixin.py:137} INFO - [2024-02-28T20:46:25.651+0000] {dag.py:2690} INFO - Sync 1 DAGs
[2024-02-28T20:46:25.667+0000] {logging_mixin.py:137} INFO - [2024-02-28T20:46:25.667+0000] {dag.py:3441} INFO - Setting next_dagrun for hook to None, run_after=None
[2024-02-28T20:46:25.678+0000] {processor.py:175} INFO - Processing /opt/airflow/dags/hooks.py took 0.057 seconds
[2024-02-28T20:46:31.523+0000] {processor.py:153} INFO - Started process (PID=308) to work on /opt/airflow/dags/hooks.py
[2024-02-28T20:46:31.524+0000] {processor.py:743} INFO - Processing file /opt/airflow/dags/hooks.py for tasks to queue
[2024-02-28T20:46:31.524+0000] {logging_mixin.py:137} INFO - [2024-02-28T20:46:31.524+0000] {dagbag.py:538} INFO - Filling up the DagBag from /opt/airflow/dags/hooks.py
[2024-02-28T20:46:31.543+0000] {processor.py:753} INFO - DAG(s) dict_keys(['hook']) retrieved from /opt/airflow/dags/hooks.py
[2024-02-28T20:46:31.558+0000] {logging_mixin.py:137} INFO - [2024-02-28T20:46:31.558+0000] {dag.py:2690} INFO - Sync 1 DAGs
[2024-02-28T20:46:31.573+0000] {logging_mixin.py:137} INFO - [2024-02-28T20:46:31.573+0000] {dag.py:3441} INFO - Setting next_dagrun for hook to None, run_after=None
[2024-02-28T20:46:31.584+0000] {processor.py:175} INFO - Processing /opt/airflow/dags/hooks.py took 0.063 seconds
[2024-02-28T20:46:37.592+0000] {processor.py:153} INFO - Started process (PID=366) to work on /opt/airflow/dags/hooks.py
[2024-02-28T20:46:37.595+0000] {processor.py:743} INFO - Processing file /opt/airflow/dags/hooks.py for tasks to queue
[2024-02-28T20:46:37.595+0000] {logging_mixin.py:137} INFO - [2024-02-28T20:46:37.595+0000] {dagbag.py:538} INFO - Filling up the DagBag from /opt/airflow/dags/hooks.py
[2024-02-28T20:46:37.614+0000] {processor.py:753} INFO - DAG(s) dict_keys(['hook']) retrieved from /opt/airflow/dags/hooks.py
[2024-02-28T20:46:37.630+0000] {logging_mixin.py:137} INFO - [2024-02-28T20:46:37.630+0000] {dag.py:2690} INFO - Sync 1 DAGs
[2024-02-28T20:46:37.644+0000] {logging_mixin.py:137} INFO - [2024-02-28T20:46:37.644+0000] {dag.py:3441} INFO - Setting next_dagrun for hook to None, run_after=None
[2024-02-28T20:46:37.655+0000] {processor.py:175} INFO - Processing /opt/airflow/dags/hooks.py took 0.065 seconds
[2024-02-28T20:46:43.644+0000] {processor.py:153} INFO - Started process (PID=392) to work on /opt/airflow/dags/hooks.py
[2024-02-28T20:46:43.645+0000] {processor.py:743} INFO - Processing file /opt/airflow/dags/hooks.py for tasks to queue
[2024-02-28T20:46:43.646+0000] {logging_mixin.py:137} INFO - [2024-02-28T20:46:43.646+0000] {dagbag.py:538} INFO - Filling up the DagBag from /opt/airflow/dags/hooks.py
[2024-02-28T20:46:43.665+0000] {processor.py:753} INFO - DAG(s) dict_keys(['hook']) retrieved from /opt/airflow/dags/hooks.py
[2024-02-28T20:46:43.681+0000] {logging_mixin.py:137} INFO - [2024-02-28T20:46:43.681+0000] {dag.py:2690} INFO - Sync 1 DAGs
[2024-02-28T20:46:43.696+0000] {logging_mixin.py:137} INFO - [2024-02-28T20:46:43.696+0000] {dag.py:3441} INFO - Setting next_dagrun for hook to None, run_after=None
[2024-02-28T20:46:43.706+0000] {processor.py:175} INFO - Processing /opt/airflow/dags/hooks.py took 0.065 seconds
[2024-02-28T20:46:48.734+0000] {processor.py:153} INFO - Started process (PID=450) to work on /opt/airflow/dags/hooks.py
[2024-02-28T20:46:48.735+0000] {processor.py:743} INFO - Processing file /opt/airflow/dags/hooks.py for tasks to queue
[2024-02-28T20:46:48.736+0000] {logging_mixin.py:137} INFO - [2024-02-28T20:46:48.736+0000] {dagbag.py:538} INFO - Filling up the DagBag from /opt/airflow/dags/hooks.py
[2024-02-28T20:46:48.755+0000] {processor.py:753} INFO - DAG(s) dict_keys(['hook']) retrieved from /opt/airflow/dags/hooks.py
[2024-02-28T20:46:48.770+0000] {logging_mixin.py:137} INFO - [2024-02-28T20:46:48.770+0000] {dag.py:2690} INFO - Sync 1 DAGs
[2024-02-28T20:46:48.784+0000] {logging_mixin.py:137} INFO - [2024-02-28T20:46:48.784+0000] {dag.py:3441} INFO - Setting next_dagrun for hook to None, run_after=None
[2024-02-28T20:46:48.794+0000] {processor.py:175} INFO - Processing /opt/airflow/dags/hooks.py took 0.062 seconds
[2024-02-28T20:46:53.832+0000] {processor.py:153} INFO - Started process (PID=476) to work on /opt/airflow/dags/hooks.py
[2024-02-28T20:46:53.833+0000] {processor.py:743} INFO - Processing file /opt/airflow/dags/hooks.py for tasks to queue
[2024-02-28T20:46:53.834+0000] {logging_mixin.py:137} INFO - [2024-02-28T20:46:53.834+0000] {dagbag.py:538} INFO - Filling up the DagBag from /opt/airflow/dags/hooks.py
[2024-02-28T20:46:53.853+0000] {processor.py:753} INFO - DAG(s) dict_keys(['hook']) retrieved from /opt/airflow/dags/hooks.py
[2024-02-28T20:46:53.868+0000] {logging_mixin.py:137} INFO - [2024-02-28T20:46:53.867+0000] {dag.py:2690} INFO - Sync 1 DAGs
[2024-02-28T20:46:53.883+0000] {logging_mixin.py:137} INFO - [2024-02-28T20:46:53.883+0000] {dag.py:3441} INFO - Setting next_dagrun for hook to None, run_after=None
[2024-02-28T20:46:53.894+0000] {processor.py:175} INFO - Processing /opt/airflow/dags/hooks.py took 0.065 seconds
[2024-02-28T20:46:59.869+0000] {processor.py:153} INFO - Started process (PID=534) to work on /opt/airflow/dags/hooks.py
[2024-02-28T20:46:59.870+0000] {processor.py:743} INFO - Processing file /opt/airflow/dags/hooks.py for tasks to queue
[2024-02-28T20:46:59.870+0000] {logging_mixin.py:137} INFO - [2024-02-28T20:46:59.870+0000] {dagbag.py:538} INFO - Filling up the DagBag from /opt/airflow/dags/hooks.py
[2024-02-28T20:46:59.889+0000] {processor.py:753} INFO - DAG(s) dict_keys(['hook']) retrieved from /opt/airflow/dags/hooks.py
[2024-02-28T20:46:59.905+0000] {logging_mixin.py:137} INFO - [2024-02-28T20:46:59.905+0000] {dag.py:2690} INFO - Sync 1 DAGs
[2024-02-28T20:46:59.922+0000] {logging_mixin.py:137} INFO - [2024-02-28T20:46:59.922+0000] {dag.py:3441} INFO - Setting next_dagrun for hook to None, run_after=None
[2024-02-28T20:46:59.934+0000] {processor.py:175} INFO - Processing /opt/airflow/dags/hooks.py took 0.068 seconds
[2024-02-28T20:47:05.871+0000] {processor.py:153} INFO - Started process (PID=560) to work on /opt/airflow/dags/hooks.py
[2024-02-28T20:47:05.873+0000] {processor.py:743} INFO - Processing file /opt/airflow/dags/hooks.py for tasks to queue
[2024-02-28T20:47:05.873+0000] {logging_mixin.py:137} INFO - [2024-02-28T20:47:05.873+0000] {dagbag.py:538} INFO - Filling up the DagBag from /opt/airflow/dags/hooks.py
[2024-02-28T20:47:05.892+0000] {processor.py:753} INFO - DAG(s) dict_keys(['hook']) retrieved from /opt/airflow/dags/hooks.py
[2024-02-28T20:47:05.908+0000] {logging_mixin.py:137} INFO - [2024-02-28T20:47:05.907+0000] {dag.py:2690} INFO - Sync 1 DAGs
[2024-02-28T20:47:05.922+0000] {logging_mixin.py:137} INFO - [2024-02-28T20:47:05.922+0000] {dag.py:3441} INFO - Setting next_dagrun for hook to None, run_after=None
[2024-02-28T20:47:05.933+0000] {processor.py:175} INFO - Processing /opt/airflow/dags/hooks.py took 0.064 seconds
[2024-02-28T20:47:11.001+0000] {processor.py:153} INFO - Started process (PID=618) to work on /opt/airflow/dags/hooks.py
[2024-02-28T20:47:11.003+0000] {processor.py:743} INFO - Processing file /opt/airflow/dags/hooks.py for tasks to queue
[2024-02-28T20:47:11.003+0000] {logging_mixin.py:137} INFO - [2024-02-28T20:47:11.003+0000] {dagbag.py:538} INFO - Filling up the DagBag from /opt/airflow/dags/hooks.py
[2024-02-28T20:47:11.022+0000] {processor.py:753} INFO - DAG(s) dict_keys(['hook']) retrieved from /opt/airflow/dags/hooks.py
[2024-02-28T20:47:11.038+0000] {logging_mixin.py:137} INFO - [2024-02-28T20:47:11.038+0000] {dag.py:2690} INFO - Sync 1 DAGs
[2024-02-28T20:47:11.053+0000] {logging_mixin.py:137} INFO - [2024-02-28T20:47:11.053+0000] {dag.py:3441} INFO - Setting next_dagrun for hook to None, run_after=None
[2024-02-28T20:47:11.064+0000] {processor.py:175} INFO - Processing /opt/airflow/dags/hooks.py took 0.065 seconds
[2024-02-28T20:47:17.009+0000] {processor.py:153} INFO - Started process (PID=646) to work on /opt/airflow/dags/hooks.py
[2024-02-28T20:47:17.010+0000] {processor.py:743} INFO - Processing file /opt/airflow/dags/hooks.py for tasks to queue
[2024-02-28T20:47:17.010+0000] {logging_mixin.py:137} INFO - [2024-02-28T20:47:17.010+0000] {dagbag.py:538} INFO - Filling up the DagBag from /opt/airflow/dags/hooks.py
[2024-02-28T20:47:17.029+0000] {processor.py:753} INFO - DAG(s) dict_keys(['hook']) retrieved from /opt/airflow/dags/hooks.py
[2024-02-28T20:47:17.044+0000] {logging_mixin.py:137} INFO - [2024-02-28T20:47:17.044+0000] {dag.py:2690} INFO - Sync 1 DAGs
[2024-02-28T20:47:17.059+0000] {logging_mixin.py:137} INFO - [2024-02-28T20:47:17.059+0000] {dag.py:3441} INFO - Setting next_dagrun for hook to None, run_after=None
[2024-02-28T20:47:17.069+0000] {processor.py:175} INFO - Processing /opt/airflow/dags/hooks.py took 0.062 seconds
[2024-02-28T20:47:22.868+0000] {processor.py:153} INFO - Started process (PID=704) to work on /opt/airflow/dags/hooks.py
[2024-02-28T20:47:22.869+0000] {processor.py:743} INFO - Processing file /opt/airflow/dags/hooks.py for tasks to queue
[2024-02-28T20:47:22.869+0000] {logging_mixin.py:137} INFO - [2024-02-28T20:47:22.869+0000] {dagbag.py:538} INFO - Filling up the DagBag from /opt/airflow/dags/hooks.py
[2024-02-28T20:47:22.888+0000] {processor.py:753} INFO - DAG(s) dict_keys(['hook']) retrieved from /opt/airflow/dags/hooks.py
[2024-02-28T20:47:22.903+0000] {logging_mixin.py:137} INFO - [2024-02-28T20:47:22.903+0000] {dag.py:2690} INFO - Sync 1 DAGs
[2024-02-28T20:47:22.918+0000] {logging_mixin.py:137} INFO - [2024-02-28T20:47:22.918+0000] {dag.py:3441} INFO - Setting next_dagrun for hook to None, run_after=None
[2024-02-28T20:47:22.929+0000] {processor.py:175} INFO - Processing /opt/airflow/dags/hooks.py took 0.062 seconds
[2024-02-28T20:47:28.714+0000] {processor.py:153} INFO - Started process (PID=730) to work on /opt/airflow/dags/hooks.py
[2024-02-28T20:47:28.714+0000] {processor.py:743} INFO - Processing file /opt/airflow/dags/hooks.py for tasks to queue
[2024-02-28T20:47:28.714+0000] {logging_mixin.py:137} INFO - [2024-02-28T20:47:28.714+0000] {dagbag.py:538} INFO - Filling up the DagBag from /opt/airflow/dags/hooks.py
[2024-02-28T20:47:28.733+0000] {processor.py:753} INFO - DAG(s) dict_keys(['hook']) retrieved from /opt/airflow/dags/hooks.py
[2024-02-28T20:47:28.751+0000] {logging_mixin.py:137} INFO - [2024-02-28T20:47:28.751+0000] {dag.py:2690} INFO - Sync 1 DAGs
[2024-02-28T20:47:28.767+0000] {logging_mixin.py:137} INFO - [2024-02-28T20:47:28.767+0000] {dag.py:3441} INFO - Setting next_dagrun for hook to None, run_after=None
[2024-02-28T20:47:28.778+0000] {processor.py:175} INFO - Processing /opt/airflow/dags/hooks.py took 0.066 seconds
[2024-02-28T20:47:34.600+0000] {processor.py:153} INFO - Started process (PID=788) to work on /opt/airflow/dags/hooks.py
[2024-02-28T20:47:34.600+0000] {processor.py:743} INFO - Processing file /opt/airflow/dags/hooks.py for tasks to queue
[2024-02-28T20:47:34.601+0000] {logging_mixin.py:137} INFO - [2024-02-28T20:47:34.601+0000] {dagbag.py:538} INFO - Filling up the DagBag from /opt/airflow/dags/hooks.py
[2024-02-28T20:47:34.619+0000] {processor.py:753} INFO - DAG(s) dict_keys(['hook']) retrieved from /opt/airflow/dags/hooks.py
[2024-02-28T20:47:34.634+0000] {logging_mixin.py:137} INFO - [2024-02-28T20:47:34.634+0000] {dag.py:2690} INFO - Sync 1 DAGs
[2024-02-28T20:47:34.650+0000] {logging_mixin.py:137} INFO - [2024-02-28T20:47:34.650+0000] {dag.py:3441} INFO - Setting next_dagrun for hook to None, run_after=None
[2024-02-28T20:47:34.663+0000] {processor.py:175} INFO - Processing /opt/airflow/dags/hooks.py took 0.065 seconds
[2024-02-28T20:47:40.468+0000] {processor.py:153} INFO - Started process (PID=814) to work on /opt/airflow/dags/hooks.py
[2024-02-28T20:47:40.468+0000] {processor.py:743} INFO - Processing file /opt/airflow/dags/hooks.py for tasks to queue
[2024-02-28T20:47:40.468+0000] {logging_mixin.py:137} INFO - [2024-02-28T20:47:40.468+0000] {dagbag.py:538} INFO - Filling up the DagBag from /opt/airflow/dags/hooks.py
[2024-02-28T20:47:40.487+0000] {processor.py:753} INFO - DAG(s) dict_keys(['hook']) retrieved from /opt/airflow/dags/hooks.py
[2024-02-28T20:47:40.502+0000] {logging_mixin.py:137} INFO - [2024-02-28T20:47:40.502+0000] {dag.py:2690} INFO - Sync 1 DAGs
[2024-02-28T20:47:40.517+0000] {logging_mixin.py:137} INFO - [2024-02-28T20:47:40.517+0000] {dag.py:3441} INFO - Setting next_dagrun for hook to None, run_after=None
[2024-02-28T20:47:40.529+0000] {processor.py:175} INFO - Processing /opt/airflow/dags/hooks.py took 0.063 seconds
[2024-02-28T20:47:46.357+0000] {processor.py:153} INFO - Started process (PID=872) to work on /opt/airflow/dags/hooks.py
[2024-02-28T20:47:46.358+0000] {processor.py:743} INFO - Processing file /opt/airflow/dags/hooks.py for tasks to queue
[2024-02-28T20:47:46.358+0000] {logging_mixin.py:137} INFO - [2024-02-28T20:47:46.358+0000] {dagbag.py:538} INFO - Filling up the DagBag from /opt/airflow/dags/hooks.py
[2024-02-28T20:47:46.378+0000] {processor.py:753} INFO - DAG(s) dict_keys(['hook']) retrieved from /opt/airflow/dags/hooks.py
[2024-02-28T20:47:46.392+0000] {logging_mixin.py:137} INFO - [2024-02-28T20:47:46.392+0000] {dag.py:2690} INFO - Sync 1 DAGs
[2024-02-28T20:47:46.407+0000] {logging_mixin.py:137} INFO - [2024-02-28T20:47:46.407+0000] {dag.py:3441} INFO - Setting next_dagrun for hook to None, run_after=None
[2024-02-28T20:47:46.417+0000] {processor.py:175} INFO - Processing /opt/airflow/dags/hooks.py took 0.062 seconds
[2024-02-28T20:47:52.158+0000] {processor.py:153} INFO - Started process (PID=898) to work on /opt/airflow/dags/hooks.py
[2024-02-28T20:47:52.159+0000] {processor.py:743} INFO - Processing file /opt/airflow/dags/hooks.py for tasks to queue
[2024-02-28T20:47:52.160+0000] {logging_mixin.py:137} INFO - [2024-02-28T20:47:52.160+0000] {dagbag.py:538} INFO - Filling up the DagBag from /opt/airflow/dags/hooks.py
[2024-02-28T20:47:52.180+0000] {processor.py:753} INFO - DAG(s) dict_keys(['hook']) retrieved from /opt/airflow/dags/hooks.py
[2024-02-28T20:47:52.198+0000] {logging_mixin.py:137} INFO - [2024-02-28T20:47:52.198+0000] {dag.py:2690} INFO - Sync 1 DAGs
[2024-02-28T20:47:52.213+0000] {logging_mixin.py:137} INFO - [2024-02-28T20:47:52.213+0000] {dag.py:3441} INFO - Setting next_dagrun for hook to None, run_after=None
[2024-02-28T20:47:52.224+0000] {processor.py:175} INFO - Processing /opt/airflow/dags/hooks.py took 0.069 seconds
[2024-02-28T20:47:58.048+0000] {processor.py:153} INFO - Started process (PID=956) to work on /opt/airflow/dags/hooks.py
[2024-02-28T20:47:58.049+0000] {processor.py:743} INFO - Processing file /opt/airflow/dags/hooks.py for tasks to queue
[2024-02-28T20:47:58.049+0000] {logging_mixin.py:137} INFO - [2024-02-28T20:47:58.049+0000] {dagbag.py:538} INFO - Filling up the DagBag from /opt/airflow/dags/hooks.py
[2024-02-28T20:47:58.069+0000] {processor.py:753} INFO - DAG(s) dict_keys(['hook']) retrieved from /opt/airflow/dags/hooks.py
[2024-02-28T20:47:58.084+0000] {logging_mixin.py:137} INFO - [2024-02-28T20:47:58.084+0000] {dag.py:2690} INFO - Sync 1 DAGs
[2024-02-28T20:47:58.100+0000] {logging_mixin.py:137} INFO - [2024-02-28T20:47:58.100+0000] {dag.py:3441} INFO - Setting next_dagrun for hook to None, run_after=None
[2024-02-28T20:47:58.110+0000] {processor.py:175} INFO - Processing /opt/airflow/dags/hooks.py took 0.064 seconds
[2024-02-28T20:48:03.860+0000] {processor.py:153} INFO - Started process (PID=982) to work on /opt/airflow/dags/hooks.py
[2024-02-28T20:48:03.860+0000] {processor.py:743} INFO - Processing file /opt/airflow/dags/hooks.py for tasks to queue
[2024-02-28T20:48:03.861+0000] {logging_mixin.py:137} INFO - [2024-02-28T20:48:03.860+0000] {dagbag.py:538} INFO - Filling up the DagBag from /opt/airflow/dags/hooks.py
[2024-02-28T20:48:03.880+0000] {processor.py:753} INFO - DAG(s) dict_keys(['hook']) retrieved from /opt/airflow/dags/hooks.py
[2024-02-28T20:48:03.895+0000] {logging_mixin.py:137} INFO - [2024-02-28T20:48:03.895+0000] {dag.py:2690} INFO - Sync 1 DAGs
[2024-02-28T20:48:03.912+0000] {logging_mixin.py:137} INFO - [2024-02-28T20:48:03.912+0000] {dag.py:3441} INFO - Setting next_dagrun for hook to None, run_after=None
[2024-02-28T20:48:03.923+0000] {processor.py:175} INFO - Processing /opt/airflow/dags/hooks.py took 0.065 seconds
[2024-02-28T20:48:09.670+0000] {processor.py:153} INFO - Started process (PID=1040) to work on /opt/airflow/dags/hooks.py
[2024-02-28T20:48:09.670+0000] {processor.py:743} INFO - Processing file /opt/airflow/dags/hooks.py for tasks to queue
[2024-02-28T20:48:09.671+0000] {logging_mixin.py:137} INFO - [2024-02-28T20:48:09.670+0000] {dagbag.py:538} INFO - Filling up the DagBag from /opt/airflow/dags/hooks.py
[2024-02-28T20:48:09.689+0000] {processor.py:753} INFO - DAG(s) dict_keys(['hook']) retrieved from /opt/airflow/dags/hooks.py
[2024-02-28T20:48:09.703+0000] {logging_mixin.py:137} INFO - [2024-02-28T20:48:09.703+0000] {dag.py:2690} INFO - Sync 1 DAGs
[2024-02-28T20:48:09.719+0000] {logging_mixin.py:137} INFO - [2024-02-28T20:48:09.719+0000] {dag.py:3441} INFO - Setting next_dagrun for hook to None, run_after=None
[2024-02-28T20:48:09.730+0000] {processor.py:175} INFO - Processing /opt/airflow/dags/hooks.py took 0.063 seconds
[2024-02-28T20:48:15.485+0000] {processor.py:153} INFO - Started process (PID=1066) to work on /opt/airflow/dags/hooks.py
[2024-02-28T20:48:15.486+0000] {processor.py:743} INFO - Processing file /opt/airflow/dags/hooks.py for tasks to queue
[2024-02-28T20:48:15.486+0000] {logging_mixin.py:137} INFO - [2024-02-28T20:48:15.486+0000] {dagbag.py:538} INFO - Filling up the DagBag from /opt/airflow/dags/hooks.py
[2024-02-28T20:48:15.506+0000] {processor.py:753} INFO - DAG(s) dict_keys(['hook']) retrieved from /opt/airflow/dags/hooks.py
[2024-02-28T20:48:15.521+0000] {logging_mixin.py:137} INFO - [2024-02-28T20:48:15.521+0000] {dag.py:2690} INFO - Sync 1 DAGs
[2024-02-28T20:48:15.537+0000] {logging_mixin.py:137} INFO - [2024-02-28T20:48:15.537+0000] {dag.py:3441} INFO - Setting next_dagrun for hook to None, run_after=None
[2024-02-28T20:48:15.548+0000] {processor.py:175} INFO - Processing /opt/airflow/dags/hooks.py took 0.064 seconds
[2024-02-28T20:48:21.370+0000] {processor.py:153} INFO - Started process (PID=1124) to work on /opt/airflow/dags/hooks.py
[2024-02-28T20:48:21.371+0000] {processor.py:743} INFO - Processing file /opt/airflow/dags/hooks.py for tasks to queue
[2024-02-28T20:48:21.371+0000] {logging_mixin.py:137} INFO - [2024-02-28T20:48:21.371+0000] {dagbag.py:538} INFO - Filling up the DagBag from /opt/airflow/dags/hooks.py
[2024-02-28T20:48:21.390+0000] {processor.py:753} INFO - DAG(s) dict_keys(['hook']) retrieved from /opt/airflow/dags/hooks.py
[2024-02-28T20:48:21.404+0000] {logging_mixin.py:137} INFO - [2024-02-28T20:48:21.404+0000] {dag.py:2690} INFO - Sync 1 DAGs
[2024-02-28T20:48:21.420+0000] {logging_mixin.py:137} INFO - [2024-02-28T20:48:21.420+0000] {dag.py:3441} INFO - Setting next_dagrun for hook to None, run_after=None
[2024-02-28T20:48:21.431+0000] {processor.py:175} INFO - Processing /opt/airflow/dags/hooks.py took 0.062 seconds
[2024-02-28T20:48:27.244+0000] {processor.py:153} INFO - Started process (PID=1150) to work on /opt/airflow/dags/hooks.py
[2024-02-28T20:48:27.245+0000] {processor.py:743} INFO - Processing file /opt/airflow/dags/hooks.py for tasks to queue
[2024-02-28T20:48:27.245+0000] {logging_mixin.py:137} INFO - [2024-02-28T20:48:27.245+0000] {dagbag.py:538} INFO - Filling up the DagBag from /opt/airflow/dags/hooks.py
[2024-02-28T20:48:27.264+0000] {processor.py:753} INFO - DAG(s) dict_keys(['hook']) retrieved from /opt/airflow/dags/hooks.py
[2024-02-28T20:48:27.279+0000] {logging_mixin.py:137} INFO - [2024-02-28T20:48:27.279+0000] {dag.py:2690} INFO - Sync 1 DAGs
[2024-02-28T20:48:27.294+0000] {logging_mixin.py:137} INFO - [2024-02-28T20:48:27.294+0000] {dag.py:3441} INFO - Setting next_dagrun for hook to None, run_after=None
[2024-02-28T20:48:27.304+0000] {processor.py:175} INFO - Processing /opt/airflow/dags/hooks.py took 0.062 seconds
[2024-02-28T20:48:33.133+0000] {processor.py:153} INFO - Started process (PID=1208) to work on /opt/airflow/dags/hooks.py
[2024-02-28T20:48:33.134+0000] {processor.py:743} INFO - Processing file /opt/airflow/dags/hooks.py for tasks to queue
[2024-02-28T20:48:33.134+0000] {logging_mixin.py:137} INFO - [2024-02-28T20:48:33.134+0000] {dagbag.py:538} INFO - Filling up the DagBag from /opt/airflow/dags/hooks.py
[2024-02-28T20:48:33.153+0000] {processor.py:753} INFO - DAG(s) dict_keys(['hook']) retrieved from /opt/airflow/dags/hooks.py
[2024-02-28T20:48:33.168+0000] {logging_mixin.py:137} INFO - [2024-02-28T20:48:33.168+0000] {dag.py:2690} INFO - Sync 1 DAGs
[2024-02-28T20:48:33.182+0000] {logging_mixin.py:137} INFO - [2024-02-28T20:48:33.182+0000] {dag.py:3441} INFO - Setting next_dagrun for hook to None, run_after=None
[2024-02-28T20:48:33.193+0000] {processor.py:175} INFO - Processing /opt/airflow/dags/hooks.py took 0.062 seconds
[2024-02-28T20:48:38.932+0000] {processor.py:153} INFO - Started process (PID=1234) to work on /opt/airflow/dags/hooks.py
[2024-02-28T20:48:38.933+0000] {processor.py:743} INFO - Processing file /opt/airflow/dags/hooks.py for tasks to queue
[2024-02-28T20:48:38.933+0000] {logging_mixin.py:137} INFO - [2024-02-28T20:48:38.933+0000] {dagbag.py:538} INFO - Filling up the DagBag from /opt/airflow/dags/hooks.py
[2024-02-28T20:48:38.952+0000] {processor.py:753} INFO - DAG(s) dict_keys(['hook']) retrieved from /opt/airflow/dags/hooks.py
[2024-02-28T20:48:38.967+0000] {logging_mixin.py:137} INFO - [2024-02-28T20:48:38.967+0000] {dag.py:2690} INFO - Sync 1 DAGs
[2024-02-28T20:48:38.983+0000] {logging_mixin.py:137} INFO - [2024-02-28T20:48:38.982+0000] {dag.py:3441} INFO - Setting next_dagrun for hook to None, run_after=None
[2024-02-28T20:48:38.995+0000] {processor.py:175} INFO - Processing /opt/airflow/dags/hooks.py took 0.065 seconds
[2024-02-28T20:48:44.739+0000] {processor.py:153} INFO - Started process (PID=1292) to work on /opt/airflow/dags/hooks.py
[2024-02-28T20:48:44.739+0000] {processor.py:743} INFO - Processing file /opt/airflow/dags/hooks.py for tasks to queue
[2024-02-28T20:48:44.740+0000] {logging_mixin.py:137} INFO - [2024-02-28T20:48:44.740+0000] {dagbag.py:538} INFO - Filling up the DagBag from /opt/airflow/dags/hooks.py
[2024-02-28T20:48:44.759+0000] {processor.py:753} INFO - DAG(s) dict_keys(['hook']) retrieved from /opt/airflow/dags/hooks.py
[2024-02-28T20:48:44.773+0000] {logging_mixin.py:137} INFO - [2024-02-28T20:48:44.773+0000] {dag.py:2690} INFO - Sync 1 DAGs
[2024-02-28T20:48:44.788+0000] {logging_mixin.py:137} INFO - [2024-02-28T20:48:44.788+0000] {dag.py:3441} INFO - Setting next_dagrun for hook to None, run_after=None
[2024-02-28T20:48:44.799+0000] {processor.py:175} INFO - Processing /opt/airflow/dags/hooks.py took 0.063 seconds
[2024-02-28T20:48:50.618+0000] {processor.py:153} INFO - Started process (PID=1318) to work on /opt/airflow/dags/hooks.py
[2024-02-28T20:48:50.619+0000] {processor.py:743} INFO - Processing file /opt/airflow/dags/hooks.py for tasks to queue
[2024-02-28T20:48:50.619+0000] {logging_mixin.py:137} INFO - [2024-02-28T20:48:50.619+0000] {dagbag.py:538} INFO - Filling up the DagBag from /opt/airflow/dags/hooks.py
[2024-02-28T20:48:50.640+0000] {processor.py:753} INFO - DAG(s) dict_keys(['hook']) retrieved from /opt/airflow/dags/hooks.py
[2024-02-28T20:48:50.657+0000] {logging_mixin.py:137} INFO - [2024-02-28T20:48:50.657+0000] {dag.py:2690} INFO - Sync 1 DAGs
[2024-02-28T20:48:50.674+0000] {logging_mixin.py:137} INFO - [2024-02-28T20:48:50.674+0000] {dag.py:3441} INFO - Setting next_dagrun for hook to None, run_after=None
[2024-02-28T20:48:50.685+0000] {processor.py:175} INFO - Processing /opt/airflow/dags/hooks.py took 0.069 seconds
[2024-02-28T20:48:56.490+0000] {processor.py:153} INFO - Started process (PID=1376) to work on /opt/airflow/dags/hooks.py
[2024-02-28T20:48:56.491+0000] {processor.py:743} INFO - Processing file /opt/airflow/dags/hooks.py for tasks to queue
[2024-02-28T20:48:56.491+0000] {logging_mixin.py:137} INFO - [2024-02-28T20:48:56.491+0000] {dagbag.py:538} INFO - Filling up the DagBag from /opt/airflow/dags/hooks.py
[2024-02-28T20:48:56.510+0000] {processor.py:753} INFO - DAG(s) dict_keys(['hook']) retrieved from /opt/airflow/dags/hooks.py
[2024-02-28T20:48:56.526+0000] {logging_mixin.py:137} INFO - [2024-02-28T20:48:56.526+0000] {dag.py:2690} INFO - Sync 1 DAGs
[2024-02-28T20:48:56.543+0000] {logging_mixin.py:137} INFO - [2024-02-28T20:48:56.543+0000] {dag.py:3441} INFO - Setting next_dagrun for hook to None, run_after=None
[2024-02-28T20:48:56.554+0000] {processor.py:175} INFO - Processing /opt/airflow/dags/hooks.py took 0.065 seconds
[2024-02-28T20:49:02.369+0000] {processor.py:153} INFO - Started process (PID=1402) to work on /opt/airflow/dags/hooks.py
[2024-02-28T20:49:02.369+0000] {processor.py:743} INFO - Processing file /opt/airflow/dags/hooks.py for tasks to queue
[2024-02-28T20:49:02.370+0000] {logging_mixin.py:137} INFO - [2024-02-28T20:49:02.370+0000] {dagbag.py:538} INFO - Filling up the DagBag from /opt/airflow/dags/hooks.py
[2024-02-28T20:49:02.389+0000] {processor.py:753} INFO - DAG(s) dict_keys(['hook']) retrieved from /opt/airflow/dags/hooks.py
[2024-02-28T20:49:02.403+0000] {logging_mixin.py:137} INFO - [2024-02-28T20:49:02.403+0000] {dag.py:2690} INFO - Sync 1 DAGs
[2024-02-28T20:49:02.419+0000] {logging_mixin.py:137} INFO - [2024-02-28T20:49:02.418+0000] {dag.py:3441} INFO - Setting next_dagrun for hook to None, run_after=None
[2024-02-28T20:49:02.429+0000] {processor.py:175} INFO - Processing /opt/airflow/dags/hooks.py took 0.063 seconds
[2024-02-28T20:49:08.306+0000] {processor.py:153} INFO - Started process (PID=1460) to work on /opt/airflow/dags/hooks.py
[2024-02-28T20:49:08.307+0000] {processor.py:743} INFO - Processing file /opt/airflow/dags/hooks.py for tasks to queue
[2024-02-28T20:49:08.307+0000] {logging_mixin.py:137} INFO - [2024-02-28T20:49:08.307+0000] {dagbag.py:538} INFO - Filling up the DagBag from /opt/airflow/dags/hooks.py
[2024-02-28T20:49:08.326+0000] {processor.py:753} INFO - DAG(s) dict_keys(['hook']) retrieved from /opt/airflow/dags/hooks.py
[2024-02-28T20:49:08.341+0000] {logging_mixin.py:137} INFO - [2024-02-28T20:49:08.341+0000] {dag.py:2690} INFO - Sync 1 DAGs
[2024-02-28T20:49:08.355+0000] {logging_mixin.py:137} INFO - [2024-02-28T20:49:08.355+0000] {dag.py:3441} INFO - Setting next_dagrun for hook to None, run_after=None
[2024-02-28T20:49:08.366+0000] {processor.py:175} INFO - Processing /opt/airflow/dags/hooks.py took 0.062 seconds
[2024-02-28T20:49:14.161+0000] {processor.py:153} INFO - Started process (PID=1485) to work on /opt/airflow/dags/hooks.py
[2024-02-28T20:49:14.161+0000] {processor.py:743} INFO - Processing file /opt/airflow/dags/hooks.py for tasks to queue
[2024-02-28T20:49:14.162+0000] {logging_mixin.py:137} INFO - [2024-02-28T20:49:14.161+0000] {dagbag.py:538} INFO - Filling up the DagBag from /opt/airflow/dags/hooks.py
[2024-02-28T20:49:14.181+0000] {processor.py:753} INFO - DAG(s) dict_keys(['hook']) retrieved from /opt/airflow/dags/hooks.py
[2024-02-28T20:49:14.196+0000] {logging_mixin.py:137} INFO - [2024-02-28T20:49:14.196+0000] {dag.py:2690} INFO - Sync 1 DAGs
[2024-02-28T20:49:14.211+0000] {logging_mixin.py:137} INFO - [2024-02-28T20:49:14.211+0000] {dag.py:3441} INFO - Setting next_dagrun for hook to None, run_after=None
[2024-02-28T20:49:14.222+0000] {processor.py:175} INFO - Processing /opt/airflow/dags/hooks.py took 0.063 seconds
[2024-02-28T20:49:20.201+0000] {processor.py:153} INFO - Started process (PID=1542) to work on /opt/airflow/dags/hooks.py
[2024-02-28T20:49:20.202+0000] {processor.py:743} INFO - Processing file /opt/airflow/dags/hooks.py for tasks to queue
[2024-02-28T20:49:20.202+0000] {logging_mixin.py:137} INFO - [2024-02-28T20:49:20.202+0000] {dagbag.py:538} INFO - Filling up the DagBag from /opt/airflow/dags/hooks.py
[2024-02-28T20:49:20.221+0000] {processor.py:753} INFO - DAG(s) dict_keys(['hook']) retrieved from /opt/airflow/dags/hooks.py
[2024-02-28T20:49:20.235+0000] {logging_mixin.py:137} INFO - [2024-02-28T20:49:20.235+0000] {dag.py:2690} INFO - Sync 1 DAGs
[2024-02-28T20:49:20.251+0000] {logging_mixin.py:137} INFO - [2024-02-28T20:49:20.251+0000] {dag.py:3441} INFO - Setting next_dagrun for hook to None, run_after=None
[2024-02-28T20:49:20.263+0000] {processor.py:175} INFO - Processing /opt/airflow/dags/hooks.py took 0.064 seconds
[2024-02-28T20:49:26.080+0000] {processor.py:153} INFO - Started process (PID=1567) to work on /opt/airflow/dags/hooks.py
[2024-02-28T20:49:26.081+0000] {processor.py:743} INFO - Processing file /opt/airflow/dags/hooks.py for tasks to queue
[2024-02-28T20:49:26.081+0000] {logging_mixin.py:137} INFO - [2024-02-28T20:49:26.081+0000] {dagbag.py:538} INFO - Filling up the DagBag from /opt/airflow/dags/hooks.py
[2024-02-28T20:49:26.101+0000] {processor.py:753} INFO - DAG(s) dict_keys(['hook']) retrieved from /opt/airflow/dags/hooks.py
[2024-02-28T20:49:26.116+0000] {logging_mixin.py:137} INFO - [2024-02-28T20:49:26.116+0000] {dag.py:2690} INFO - Sync 1 DAGs
[2024-02-28T20:49:26.131+0000] {logging_mixin.py:137} INFO - [2024-02-28T20:49:26.131+0000] {dag.py:3441} INFO - Setting next_dagrun for hook to None, run_after=None
[2024-02-28T20:49:26.143+0000] {processor.py:175} INFO - Processing /opt/airflow/dags/hooks.py took 0.065 seconds
[2024-02-28T20:49:31.939+0000] {processor.py:153} INFO - Started process (PID=1623) to work on /opt/airflow/dags/hooks.py
[2024-02-28T20:49:31.940+0000] {processor.py:743} INFO - Processing file /opt/airflow/dags/hooks.py for tasks to queue
[2024-02-28T20:49:31.940+0000] {logging_mixin.py:137} INFO - [2024-02-28T20:49:31.940+0000] {dagbag.py:538} INFO - Filling up the DagBag from /opt/airflow/dags/hooks.py
[2024-02-28T20:49:31.960+0000] {processor.py:753} INFO - DAG(s) dict_keys(['hook']) retrieved from /opt/airflow/dags/hooks.py
[2024-02-28T20:49:31.976+0000] {logging_mixin.py:137} INFO - [2024-02-28T20:49:31.975+0000] {dag.py:2690} INFO - Sync 1 DAGs
[2024-02-28T20:49:31.993+0000] {logging_mixin.py:137} INFO - [2024-02-28T20:49:31.993+0000] {dag.py:3441} INFO - Setting next_dagrun for hook to None, run_after=None
[2024-02-28T20:49:32.005+0000] {processor.py:175} INFO - Processing /opt/airflow/dags/hooks.py took 0.068 seconds
[2024-02-28T20:49:37.076+0000] {processor.py:153} INFO - Started process (PID=1647) to work on /opt/airflow/dags/hooks.py
[2024-02-28T20:49:37.078+0000] {processor.py:743} INFO - Processing file /opt/airflow/dags/hooks.py for tasks to queue
[2024-02-28T20:49:37.078+0000] {logging_mixin.py:137} INFO - [2024-02-28T20:49:37.078+0000] {dagbag.py:538} INFO - Filling up the DagBag from /opt/airflow/dags/hooks.py
[2024-02-28T20:49:37.104+0000] {processor.py:753} INFO - DAG(s) dict_keys(['hook']) retrieved from /opt/airflow/dags/hooks.py
[2024-02-28T20:49:37.125+0000] {logging_mixin.py:137} INFO - [2024-02-28T20:49:37.125+0000] {dag.py:2690} INFO - Sync 1 DAGs
[2024-02-28T20:49:37.145+0000] {logging_mixin.py:137} INFO - [2024-02-28T20:49:37.145+0000] {dag.py:3441} INFO - Setting next_dagrun for hook to None, run_after=None
[2024-02-28T20:49:37.163+0000] {processor.py:175} INFO - Processing /opt/airflow/dags/hooks.py took 0.090 seconds
[2024-02-28T20:50:20.860+0000] {processor.py:153} INFO - Started process (PID=54) to work on /opt/airflow/dags/hooks.py
[2024-02-28T20:50:20.861+0000] {processor.py:743} INFO - Processing file /opt/airflow/dags/hooks.py for tasks to queue
[2024-02-28T20:50:20.861+0000] {logging_mixin.py:137} INFO - [2024-02-28T20:50:20.861+0000] {dagbag.py:538} INFO - Filling up the DagBag from /opt/airflow/dags/hooks.py
[2024-02-28T20:50:20.927+0000] {processor.py:753} INFO - DAG(s) dict_keys(['hook']) retrieved from /opt/airflow/dags/hooks.py
[2024-02-28T20:50:20.999+0000] {logging_mixin.py:137} INFO - [2024-02-28T20:50:20.999+0000] {dag.py:2690} INFO - Sync 1 DAGs
[2024-02-28T20:50:21.022+0000] {logging_mixin.py:137} INFO - [2024-02-28T20:50:21.022+0000] {dag.py:3441} INFO - Setting next_dagrun for hook to None, run_after=None
[2024-02-28T20:50:21.044+0000] {processor.py:175} INFO - Processing /opt/airflow/dags/hooks.py took 0.188 seconds
[2024-02-28T20:50:26.313+0000] {processor.py:153} INFO - Started process (PID=110) to work on /opt/airflow/dags/hooks.py
[2024-02-28T20:50:26.315+0000] {processor.py:743} INFO - Processing file /opt/airflow/dags/hooks.py for tasks to queue
[2024-02-28T20:50:26.315+0000] {logging_mixin.py:137} INFO - [2024-02-28T20:50:26.315+0000] {dagbag.py:538} INFO - Filling up the DagBag from /opt/airflow/dags/hooks.py
[2024-02-28T20:50:26.338+0000] {processor.py:753} INFO - DAG(s) dict_keys(['hook']) retrieved from /opt/airflow/dags/hooks.py
[2024-02-28T20:50:26.348+0000] {logging_mixin.py:137} INFO - [2024-02-28T20:50:26.347+0000] {dag.py:2690} INFO - Sync 1 DAGs
[2024-02-28T20:50:26.365+0000] {logging_mixin.py:137} INFO - [2024-02-28T20:50:26.364+0000] {dag.py:3441} INFO - Setting next_dagrun for hook to None, run_after=None
[2024-02-28T20:50:26.377+0000] {processor.py:175} INFO - Processing /opt/airflow/dags/hooks.py took 0.065 seconds
[2024-02-28T20:50:32.188+0000] {processor.py:153} INFO - Started process (PID=134) to work on /opt/airflow/dags/hooks.py
[2024-02-28T20:50:32.189+0000] {processor.py:743} INFO - Processing file /opt/airflow/dags/hooks.py for tasks to queue
[2024-02-28T20:50:32.189+0000] {logging_mixin.py:137} INFO - [2024-02-28T20:50:32.189+0000] {dagbag.py:538} INFO - Filling up the DagBag from /opt/airflow/dags/hooks.py
[2024-02-28T20:50:32.209+0000] {processor.py:753} INFO - DAG(s) dict_keys(['hook']) retrieved from /opt/airflow/dags/hooks.py
[2024-02-28T20:50:32.218+0000] {logging_mixin.py:137} INFO - [2024-02-28T20:50:32.218+0000] {dag.py:2690} INFO - Sync 1 DAGs
[2024-02-28T20:50:32.233+0000] {logging_mixin.py:137} INFO - [2024-02-28T20:50:32.233+0000] {dag.py:3441} INFO - Setting next_dagrun for hook to None, run_after=None
[2024-02-28T20:50:32.244+0000] {processor.py:175} INFO - Processing /opt/airflow/dags/hooks.py took 0.058 seconds
[2024-02-28T20:50:38.093+0000] {processor.py:153} INFO - Started process (PID=190) to work on /opt/airflow/dags/hooks.py
[2024-02-28T20:50:38.094+0000] {processor.py:743} INFO - Processing file /opt/airflow/dags/hooks.py for tasks to queue
[2024-02-28T20:50:38.095+0000] {logging_mixin.py:137} INFO - [2024-02-28T20:50:38.095+0000] {dagbag.py:538} INFO - Filling up the DagBag from /opt/airflow/dags/hooks.py
[2024-02-28T20:50:38.115+0000] {processor.py:753} INFO - DAG(s) dict_keys(['hook']) retrieved from /opt/airflow/dags/hooks.py
[2024-02-28T20:50:38.124+0000] {logging_mixin.py:137} INFO - [2024-02-28T20:50:38.124+0000] {dag.py:2690} INFO - Sync 1 DAGs
[2024-02-28T20:50:38.141+0000] {logging_mixin.py:137} INFO - [2024-02-28T20:50:38.141+0000] {dag.py:3441} INFO - Setting next_dagrun for hook to None, run_after=None
[2024-02-28T20:50:38.153+0000] {processor.py:175} INFO - Processing /opt/airflow/dags/hooks.py took 0.063 seconds
[2024-02-28T20:50:43.971+0000] {processor.py:153} INFO - Started process (PID=214) to work on /opt/airflow/dags/hooks.py
[2024-02-28T20:50:43.972+0000] {processor.py:743} INFO - Processing file /opt/airflow/dags/hooks.py for tasks to queue
[2024-02-28T20:50:43.973+0000] {logging_mixin.py:137} INFO - [2024-02-28T20:50:43.973+0000] {dagbag.py:538} INFO - Filling up the DagBag from /opt/airflow/dags/hooks.py
[2024-02-28T20:50:43.993+0000] {processor.py:753} INFO - DAG(s) dict_keys(['hook']) retrieved from /opt/airflow/dags/hooks.py
[2024-02-28T20:50:44.001+0000] {logging_mixin.py:137} INFO - [2024-02-28T20:50:44.001+0000] {dag.py:2690} INFO - Sync 1 DAGs
[2024-02-28T20:50:44.016+0000] {logging_mixin.py:137} INFO - [2024-02-28T20:50:44.016+0000] {dag.py:3441} INFO - Setting next_dagrun for hook to None, run_after=None
[2024-02-28T20:50:44.027+0000] {processor.py:175} INFO - Processing /opt/airflow/dags/hooks.py took 0.058 seconds
[2024-02-28T20:50:49.892+0000] {processor.py:153} INFO - Started process (PID=270) to work on /opt/airflow/dags/hooks.py
[2024-02-28T20:50:49.894+0000] {processor.py:743} INFO - Processing file /opt/airflow/dags/hooks.py for tasks to queue
[2024-02-28T20:50:49.894+0000] {logging_mixin.py:137} INFO - [2024-02-28T20:50:49.894+0000] {dagbag.py:538} INFO - Filling up the DagBag from /opt/airflow/dags/hooks.py
[2024-02-28T20:50:49.913+0000] {processor.py:753} INFO - DAG(s) dict_keys(['hook']) retrieved from /opt/airflow/dags/hooks.py
[2024-02-28T20:50:49.922+0000] {logging_mixin.py:137} INFO - [2024-02-28T20:50:49.922+0000] {dag.py:2690} INFO - Sync 1 DAGs
[2024-02-28T20:50:49.938+0000] {logging_mixin.py:137} INFO - [2024-02-28T20:50:49.938+0000] {dag.py:3441} INFO - Setting next_dagrun for hook to None, run_after=None
[2024-02-28T20:50:49.949+0000] {processor.py:175} INFO - Processing /opt/airflow/dags/hooks.py took 0.059 seconds
[2024-02-28T20:50:55.762+0000] {processor.py:153} INFO - Started process (PID=294) to work on /opt/airflow/dags/hooks.py
[2024-02-28T20:50:55.763+0000] {processor.py:743} INFO - Processing file /opt/airflow/dags/hooks.py for tasks to queue
[2024-02-28T20:50:55.764+0000] {logging_mixin.py:137} INFO - [2024-02-28T20:50:55.764+0000] {dagbag.py:538} INFO - Filling up the DagBag from /opt/airflow/dags/hooks.py
[2024-02-28T20:50:55.783+0000] {processor.py:753} INFO - DAG(s) dict_keys(['hook']) retrieved from /opt/airflow/dags/hooks.py
[2024-02-28T20:50:55.798+0000] {logging_mixin.py:137} INFO - [2024-02-28T20:50:55.798+0000] {dag.py:2690} INFO - Sync 1 DAGs
[2024-02-28T20:50:55.814+0000] {logging_mixin.py:137} INFO - [2024-02-28T20:50:55.814+0000] {dag.py:3441} INFO - Setting next_dagrun for hook to None, run_after=None
[2024-02-28T20:50:55.826+0000] {processor.py:175} INFO - Processing /opt/airflow/dags/hooks.py took 0.066 seconds
[2024-02-28T20:51:01.678+0000] {processor.py:153} INFO - Started process (PID=350) to work on /opt/airflow/dags/hooks.py
[2024-02-28T20:51:01.679+0000] {processor.py:743} INFO - Processing file /opt/airflow/dags/hooks.py for tasks to queue
[2024-02-28T20:51:01.679+0000] {logging_mixin.py:137} INFO - [2024-02-28T20:51:01.679+0000] {dagbag.py:538} INFO - Filling up the DagBag from /opt/airflow/dags/hooks.py
[2024-02-28T20:51:01.698+0000] {processor.py:753} INFO - DAG(s) dict_keys(['hook']) retrieved from /opt/airflow/dags/hooks.py
[2024-02-28T20:51:01.715+0000] {logging_mixin.py:137} INFO - [2024-02-28T20:51:01.715+0000] {dag.py:2690} INFO - Sync 1 DAGs
[2024-02-28T20:51:01.731+0000] {logging_mixin.py:137} INFO - [2024-02-28T20:51:01.731+0000] {dag.py:3441} INFO - Setting next_dagrun for hook to None, run_after=None
[2024-02-28T20:51:01.742+0000] {processor.py:175} INFO - Processing /opt/airflow/dags/hooks.py took 0.066 seconds
[2024-02-28T20:51:07.575+0000] {processor.py:153} INFO - Started process (PID=374) to work on /opt/airflow/dags/hooks.py
[2024-02-28T20:51:07.577+0000] {processor.py:743} INFO - Processing file /opt/airflow/dags/hooks.py for tasks to queue
[2024-02-28T20:51:07.577+0000] {logging_mixin.py:137} INFO - [2024-02-28T20:51:07.577+0000] {dagbag.py:538} INFO - Filling up the DagBag from /opt/airflow/dags/hooks.py
[2024-02-28T20:51:07.596+0000] {processor.py:753} INFO - DAG(s) dict_keys(['hook']) retrieved from /opt/airflow/dags/hooks.py
[2024-02-28T20:51:07.613+0000] {logging_mixin.py:137} INFO - [2024-02-28T20:51:07.613+0000] {dag.py:2690} INFO - Sync 1 DAGs
[2024-02-28T20:51:07.628+0000] {logging_mixin.py:137} INFO - [2024-02-28T20:51:07.628+0000] {dag.py:3441} INFO - Setting next_dagrun for hook to None, run_after=None
[2024-02-28T20:51:07.639+0000] {processor.py:175} INFO - Processing /opt/airflow/dags/hooks.py took 0.066 seconds
[2024-02-28T20:51:13.481+0000] {processor.py:153} INFO - Started process (PID=430) to work on /opt/airflow/dags/hooks.py
[2024-02-28T20:51:13.481+0000] {processor.py:743} INFO - Processing file /opt/airflow/dags/hooks.py for tasks to queue
[2024-02-28T20:51:13.482+0000] {logging_mixin.py:137} INFO - [2024-02-28T20:51:13.482+0000] {dagbag.py:538} INFO - Filling up the DagBag from /opt/airflow/dags/hooks.py
[2024-02-28T20:51:13.502+0000] {processor.py:753} INFO - DAG(s) dict_keys(['hook']) retrieved from /opt/airflow/dags/hooks.py
[2024-02-28T20:51:13.519+0000] {logging_mixin.py:137} INFO - [2024-02-28T20:51:13.519+0000] {dag.py:2690} INFO - Sync 1 DAGs
[2024-02-28T20:51:13.535+0000] {logging_mixin.py:137} INFO - [2024-02-28T20:51:13.535+0000] {dag.py:3441} INFO - Setting next_dagrun for hook to None, run_after=None
[2024-02-28T20:51:13.545+0000] {processor.py:175} INFO - Processing /opt/airflow/dags/hooks.py took 0.067 seconds
[2024-02-28T20:51:19.367+0000] {processor.py:153} INFO - Started process (PID=454) to work on /opt/airflow/dags/hooks.py
[2024-02-28T20:51:19.369+0000] {processor.py:743} INFO - Processing file /opt/airflow/dags/hooks.py for tasks to queue
[2024-02-28T20:51:19.369+0000] {logging_mixin.py:137} INFO - [2024-02-28T20:51:19.369+0000] {dagbag.py:538} INFO - Filling up the DagBag from /opt/airflow/dags/hooks.py
[2024-02-28T20:51:19.388+0000] {processor.py:753} INFO - DAG(s) dict_keys(['hook']) retrieved from /opt/airflow/dags/hooks.py
[2024-02-28T20:51:19.404+0000] {logging_mixin.py:137} INFO - [2024-02-28T20:51:19.404+0000] {dag.py:2690} INFO - Sync 1 DAGs
[2024-02-28T20:51:19.419+0000] {logging_mixin.py:137} INFO - [2024-02-28T20:51:19.418+0000] {dag.py:3441} INFO - Setting next_dagrun for hook to None, run_after=None
[2024-02-28T20:51:19.429+0000] {processor.py:175} INFO - Processing /opt/airflow/dags/hooks.py took 0.064 seconds
