[2024-02-28T20:45:56.360+0000] {processor.py:153} INFO - Started process (PID=60) to work on /opt/airflow/dags/producer.py
[2024-02-28T20:45:56.361+0000] {processor.py:743} INFO - Processing file /opt/airflow/dags/producer.py for tasks to queue
[2024-02-28T20:45:56.361+0000] {logging_mixin.py:137} INFO - [2024-02-28T20:45:56.361+0000] {dagbag.py:538} INFO - Filling up the DagBag from /opt/airflow/dags/producer.py
[2024-02-28T20:45:56.371+0000] {processor.py:753} INFO - DAG(s) dict_keys(['producer']) retrieved from /opt/airflow/dags/producer.py
[2024-02-28T20:45:56.452+0000] {logging_mixin.py:137} INFO - [2024-02-28T20:45:56.452+0000] {manager.py:504} INFO - Created Permission View: can edit on DAG:producer
[2024-02-28T20:45:56.459+0000] {logging_mixin.py:137} INFO - [2024-02-28T20:45:56.458+0000] {manager.py:504} INFO - Created Permission View: can delete on DAG:producer
[2024-02-28T20:45:56.464+0000] {logging_mixin.py:137} INFO - [2024-02-28T20:45:56.463+0000] {manager.py:504} INFO - Created Permission View: can read on DAG:producer
[2024-02-28T20:45:56.464+0000] {logging_mixin.py:137} INFO - [2024-02-28T20:45:56.464+0000] {dag.py:2690} INFO - Sync 1 DAGs
[2024-02-28T20:45:56.473+0000] {logging_mixin.py:137} INFO - [2024-02-28T20:45:56.473+0000] {dag.py:2711} INFO - Creating ORM DAG for producer
[2024-02-28T20:45:56.481+0000] {logging_mixin.py:137} INFO - [2024-02-28T20:45:56.481+0000] {dag.py:3441} INFO - Setting next_dagrun for producer to None, run_after=None
[2024-02-28T20:45:56.986+0000] {logging_mixin.py:137} WARNING - /home/airflow/.local/lib/python3.7/site-packages/airflow/models/dagbag.py:639 RemovedInAirflow3Warning: DAG.full_filepath is deprecated in favour of fileloc
[2024-02-28T20:45:56.987+0000] {logging_mixin.py:137} INFO - [2024-02-28T20:45:56.986+0000] {dagbag.py:639} ERROR - Failed to write serialized DAG: /opt/airflow/dags/producer.py
Traceback (most recent call last):
  File "/home/airflow/.local/lib/python3.7/site-packages/airflow/models/dagbag.py", line 631, in _serialize_dag_capturing_errors
    session=session,
  File "/home/airflow/.local/lib/python3.7/site-packages/airflow/utils/session.py", line 72, in wrapper
    return func(*args, **kwargs)
  File "/home/airflow/.local/lib/python3.7/site-packages/airflow/models/serialized_dag.py", line 149, in write_dag
    (timezone.utcnow() - timedelta(seconds=min_update_interval)) < cls.last_updated,
  File "/home/airflow/.local/lib/python3.7/site-packages/sqlalchemy/orm/query.py", line 2893, in scalar
    ret = self.one()
  File "/home/airflow/.local/lib/python3.7/site-packages/sqlalchemy/orm/query.py", line 2870, in one
    return self._iter().one()
  File "/home/airflow/.local/lib/python3.7/site-packages/sqlalchemy/orm/query.py", line 2919, in _iter
    execution_options={"_sa_orm_load_options": self.load_options},
  File "/home/airflow/.local/lib/python3.7/site-packages/sqlalchemy/orm/session.py", line 1713, in execute
    conn = self._connection_for_bind(bind)
  File "/home/airflow/.local/lib/python3.7/site-packages/sqlalchemy/orm/session.py", line 1553, in _connection_for_bind
    engine, execution_options
  File "/home/airflow/.local/lib/python3.7/site-packages/sqlalchemy/orm/session.py", line 721, in _connection_for_bind
    self._assert_active()
  File "/home/airflow/.local/lib/python3.7/site-packages/sqlalchemy/orm/session.py", line 608, in _assert_active
    code="7s2a",
sqlalchemy.exc.PendingRollbackError: This Session's transaction has been rolled back due to a previous exception during flush. To begin a new transaction with this Session, first issue Session.rollback(). Original exception was: (psycopg2.errors.UniqueViolation) duplicate key value violates unique constraint "idx_uri_unique"
DETAIL:  Key (uri)=(/opt/airflow/data/Churn_new.csv) already exists.

[SQL: INSERT INTO dataset (uri, extra, created_at, updated_at, is_orphaned) VALUES (%(uri)s, %(extra)s, %(created_at)s, %(updated_at)s, %(is_orphaned)s) RETURNING dataset.id]
[parameters: {'uri': '/opt/airflow/data/Churn_new.csv', 'extra': '{}', 'created_at': datetime.datetime(2024, 2, 28, 20, 45, 56, 489518, tzinfo=Timezone('UTC')), 'updated_at': datetime.datetime(2024, 2, 28, 20, 45, 56, 489537, tzinfo=Timezone('UTC')), 'is_orphaned': False}]
(Background on this error at: https://sqlalche.me/e/14/gkpj) (Background on this error at: https://sqlalche.me/e/14/7s2a)
[2024-02-28T20:45:56.987+0000] {logging_mixin.py:137} INFO - [2024-02-28T20:45:56.987+0000] {dag.py:2690} INFO - Sync 1 DAGs
[2024-02-28T20:45:56.988+0000] {processor.py:178} ERROR - Got an exception! Propagating...
Traceback (most recent call last):
  File "/home/airflow/.local/lib/python3.7/site-packages/airflow/dag_processing/processor.py", line 174, in _run_file_processor
    _handle_dag_file_processing()
  File "/home/airflow/.local/lib/python3.7/site-packages/airflow/dag_processing/processor.py", line 158, in _handle_dag_file_processing
    callback_requests=callback_requests,
  File "/home/airflow/.local/lib/python3.7/site-packages/airflow/utils/session.py", line 75, in wrapper
    return func(*args, session=session, **kwargs)
  File "/home/airflow/.local/lib/python3.7/site-packages/airflow/dag_processing/processor.py", line 768, in process_file
    dagbag.sync_to_db(processor_subdir=self._dag_directory, session=session)
  File "/home/airflow/.local/lib/python3.7/site-packages/airflow/utils/session.py", line 72, in wrapper
    return func(*args, **kwargs)
  File "/home/airflow/.local/lib/python3.7/site-packages/airflow/models/dagbag.py", line 645, in sync_to_db
    for attempt in run_with_db_retries(logger=self.log):
  File "/home/airflow/.local/lib/python3.7/site-packages/tenacity/__init__.py", line 384, in __iter__
    do = self.iter(retry_state=retry_state)
  File "/home/airflow/.local/lib/python3.7/site-packages/tenacity/__init__.py", line 351, in iter
    return fut.result()
  File "/usr/local/lib/python3.7/concurrent/futures/_base.py", line 428, in result
    return self.__get_result()
  File "/usr/local/lib/python3.7/concurrent/futures/_base.py", line 384, in __get_result
    raise self._exception
  File "/home/airflow/.local/lib/python3.7/site-packages/airflow/models/dagbag.py", line 660, in sync_to_db
    self.dags.values(), processor_subdir=processor_subdir, session=session
  File "/home/airflow/.local/lib/python3.7/site-packages/airflow/utils/session.py", line 72, in wrapper
    return func(*args, **kwargs)
  File "/home/airflow/.local/lib/python3.7/site-packages/airflow/models/dag.py", line 2701, in bulk_write_to_db
    orm_dags: list[DagModel] = with_row_locks(query, of=DagModel, session=session).all()
  File "/home/airflow/.local/lib/python3.7/site-packages/sqlalchemy/orm/query.py", line 2773, in all
    return self._iter().all()
  File "/home/airflow/.local/lib/python3.7/site-packages/sqlalchemy/orm/query.py", line 2919, in _iter
    execution_options={"_sa_orm_load_options": self.load_options},
  File "/home/airflow/.local/lib/python3.7/site-packages/sqlalchemy/orm/session.py", line 1713, in execute
    conn = self._connection_for_bind(bind)
  File "/home/airflow/.local/lib/python3.7/site-packages/sqlalchemy/orm/session.py", line 1553, in _connection_for_bind
    engine, execution_options
  File "/home/airflow/.local/lib/python3.7/site-packages/sqlalchemy/orm/session.py", line 721, in _connection_for_bind
    self._assert_active()
  File "/home/airflow/.local/lib/python3.7/site-packages/sqlalchemy/orm/session.py", line 608, in _assert_active
    code="7s2a",
sqlalchemy.exc.PendingRollbackError: This Session's transaction has been rolled back due to a previous exception during flush. To begin a new transaction with this Session, first issue Session.rollback(). Original exception was: (psycopg2.errors.UniqueViolation) duplicate key value violates unique constraint "idx_uri_unique"
DETAIL:  Key (uri)=(/opt/airflow/data/Churn_new.csv) already exists.

[SQL: INSERT INTO dataset (uri, extra, created_at, updated_at, is_orphaned) VALUES (%(uri)s, %(extra)s, %(created_at)s, %(updated_at)s, %(is_orphaned)s) RETURNING dataset.id]
[parameters: {'uri': '/opt/airflow/data/Churn_new.csv', 'extra': '{}', 'created_at': datetime.datetime(2024, 2, 28, 20, 45, 56, 489518, tzinfo=Timezone('UTC')), 'updated_at': datetime.datetime(2024, 2, 28, 20, 45, 56, 489537, tzinfo=Timezone('UTC')), 'is_orphaned': False}]
(Background on this error at: https://sqlalche.me/e/14/gkpj) (Background on this error at: https://sqlalche.me/e/14/7s2a)
[2024-02-28T20:46:02.323+0000] {processor.py:153} INFO - Started process (PID=118) to work on /opt/airflow/dags/producer.py
[2024-02-28T20:46:02.324+0000] {processor.py:743} INFO - Processing file /opt/airflow/dags/producer.py for tasks to queue
[2024-02-28T20:46:02.324+0000] {logging_mixin.py:137} INFO - [2024-02-28T20:46:02.324+0000] {dagbag.py:538} INFO - Filling up the DagBag from /opt/airflow/dags/producer.py
[2024-02-28T20:46:02.332+0000] {processor.py:753} INFO - DAG(s) dict_keys(['producer']) retrieved from /opt/airflow/dags/producer.py
[2024-02-28T20:46:02.341+0000] {logging_mixin.py:137} INFO - [2024-02-28T20:46:02.341+0000] {dag.py:2690} INFO - Sync 1 DAGs
[2024-02-28T20:46:02.350+0000] {logging_mixin.py:137} INFO - [2024-02-28T20:46:02.350+0000] {dag.py:2711} INFO - Creating ORM DAG for producer
[2024-02-28T20:46:02.356+0000] {logging_mixin.py:137} INFO - [2024-02-28T20:46:02.356+0000] {dag.py:3441} INFO - Setting next_dagrun for producer to None, run_after=None
[2024-02-28T20:46:02.370+0000] {processor.py:175} INFO - Processing /opt/airflow/dags/producer.py took 0.048 seconds
[2024-02-28T20:46:08.211+0000] {processor.py:153} INFO - Started process (PID=144) to work on /opt/airflow/dags/producer.py
[2024-02-28T20:46:08.212+0000] {processor.py:743} INFO - Processing file /opt/airflow/dags/producer.py for tasks to queue
[2024-02-28T20:46:08.212+0000] {logging_mixin.py:137} INFO - [2024-02-28T20:46:08.212+0000] {dagbag.py:538} INFO - Filling up the DagBag from /opt/airflow/dags/producer.py
[2024-02-28T20:46:08.222+0000] {processor.py:753} INFO - DAG(s) dict_keys(['producer']) retrieved from /opt/airflow/dags/producer.py
[2024-02-28T20:46:08.229+0000] {logging_mixin.py:137} INFO - [2024-02-28T20:46:08.229+0000] {dag.py:2690} INFO - Sync 1 DAGs
[2024-02-28T20:46:08.244+0000] {logging_mixin.py:137} INFO - [2024-02-28T20:46:08.244+0000] {dag.py:3441} INFO - Setting next_dagrun for producer to None, run_after=None
[2024-02-28T20:46:08.258+0000] {processor.py:175} INFO - Processing /opt/airflow/dags/producer.py took 0.049 seconds
[2024-02-28T20:46:14.057+0000] {processor.py:153} INFO - Started process (PID=202) to work on /opt/airflow/dags/producer.py
[2024-02-28T20:46:14.058+0000] {processor.py:743} INFO - Processing file /opt/airflow/dags/producer.py for tasks to queue
[2024-02-28T20:46:14.058+0000] {logging_mixin.py:137} INFO - [2024-02-28T20:46:14.058+0000] {dagbag.py:538} INFO - Filling up the DagBag from /opt/airflow/dags/producer.py
[2024-02-28T20:46:14.068+0000] {processor.py:753} INFO - DAG(s) dict_keys(['producer']) retrieved from /opt/airflow/dags/producer.py
[2024-02-28T20:46:14.076+0000] {logging_mixin.py:137} INFO - [2024-02-28T20:46:14.076+0000] {dag.py:2690} INFO - Sync 1 DAGs
[2024-02-28T20:46:14.091+0000] {logging_mixin.py:137} INFO - [2024-02-28T20:46:14.090+0000] {dag.py:3441} INFO - Setting next_dagrun for producer to None, run_after=None
[2024-02-28T20:46:14.111+0000] {processor.py:175} INFO - Processing /opt/airflow/dags/producer.py took 0.056 seconds
[2024-02-28T20:46:19.885+0000] {processor.py:153} INFO - Started process (PID=228) to work on /opt/airflow/dags/producer.py
[2024-02-28T20:46:19.886+0000] {processor.py:743} INFO - Processing file /opt/airflow/dags/producer.py for tasks to queue
[2024-02-28T20:46:19.886+0000] {logging_mixin.py:137} INFO - [2024-02-28T20:46:19.886+0000] {dagbag.py:538} INFO - Filling up the DagBag from /opt/airflow/dags/producer.py
[2024-02-28T20:46:19.896+0000] {processor.py:753} INFO - DAG(s) dict_keys(['producer']) retrieved from /opt/airflow/dags/producer.py
[2024-02-28T20:46:19.904+0000] {logging_mixin.py:137} INFO - [2024-02-28T20:46:19.904+0000] {dag.py:2690} INFO - Sync 1 DAGs
[2024-02-28T20:46:19.920+0000] {logging_mixin.py:137} INFO - [2024-02-28T20:46:19.920+0000] {dag.py:3441} INFO - Setting next_dagrun for producer to None, run_after=None
[2024-02-28T20:46:19.936+0000] {processor.py:175} INFO - Processing /opt/airflow/dags/producer.py took 0.053 seconds
[2024-02-28T20:46:25.747+0000] {processor.py:153} INFO - Started process (PID=286) to work on /opt/airflow/dags/producer.py
[2024-02-28T20:46:25.747+0000] {processor.py:743} INFO - Processing file /opt/airflow/dags/producer.py for tasks to queue
[2024-02-28T20:46:25.747+0000] {logging_mixin.py:137} INFO - [2024-02-28T20:46:25.747+0000] {dagbag.py:538} INFO - Filling up the DagBag from /opt/airflow/dags/producer.py
[2024-02-28T20:46:25.756+0000] {processor.py:753} INFO - DAG(s) dict_keys(['producer']) retrieved from /opt/airflow/dags/producer.py
[2024-02-28T20:46:25.764+0000] {logging_mixin.py:137} INFO - [2024-02-28T20:46:25.764+0000] {dag.py:2690} INFO - Sync 1 DAGs
[2024-02-28T20:46:25.779+0000] {logging_mixin.py:137} INFO - [2024-02-28T20:46:25.779+0000] {dag.py:3441} INFO - Setting next_dagrun for producer to None, run_after=None
[2024-02-28T20:46:25.793+0000] {processor.py:175} INFO - Processing /opt/airflow/dags/producer.py took 0.048 seconds
[2024-02-28T20:46:31.662+0000] {processor.py:153} INFO - Started process (PID=312) to work on /opt/airflow/dags/producer.py
[2024-02-28T20:46:31.662+0000] {processor.py:743} INFO - Processing file /opt/airflow/dags/producer.py for tasks to queue
[2024-02-28T20:46:31.662+0000] {logging_mixin.py:137} INFO - [2024-02-28T20:46:31.662+0000] {dagbag.py:538} INFO - Filling up the DagBag from /opt/airflow/dags/producer.py
[2024-02-28T20:46:31.671+0000] {processor.py:753} INFO - DAG(s) dict_keys(['producer']) retrieved from /opt/airflow/dags/producer.py
[2024-02-28T20:46:31.685+0000] {logging_mixin.py:137} INFO - [2024-02-28T20:46:31.685+0000] {dag.py:2690} INFO - Sync 1 DAGs
[2024-02-28T20:46:31.700+0000] {logging_mixin.py:137} INFO - [2024-02-28T20:46:31.700+0000] {dag.py:3441} INFO - Setting next_dagrun for producer to None, run_after=None
[2024-02-28T20:46:31.713+0000] {processor.py:175} INFO - Processing /opt/airflow/dags/producer.py took 0.054 seconds
[2024-02-28T20:46:37.734+0000] {processor.py:153} INFO - Started process (PID=370) to work on /opt/airflow/dags/producer.py
[2024-02-28T20:46:37.734+0000] {processor.py:743} INFO - Processing file /opt/airflow/dags/producer.py for tasks to queue
[2024-02-28T20:46:37.735+0000] {logging_mixin.py:137} INFO - [2024-02-28T20:46:37.734+0000] {dagbag.py:538} INFO - Filling up the DagBag from /opt/airflow/dags/producer.py
[2024-02-28T20:46:37.743+0000] {processor.py:753} INFO - DAG(s) dict_keys(['producer']) retrieved from /opt/airflow/dags/producer.py
[2024-02-28T20:46:37.758+0000] {logging_mixin.py:137} INFO - [2024-02-28T20:46:37.758+0000] {dag.py:2690} INFO - Sync 1 DAGs
[2024-02-28T20:46:37.773+0000] {logging_mixin.py:137} INFO - [2024-02-28T20:46:37.773+0000] {dag.py:3441} INFO - Setting next_dagrun for producer to None, run_after=None
[2024-02-28T20:46:37.788+0000] {processor.py:175} INFO - Processing /opt/airflow/dags/producer.py took 0.056 seconds
[2024-02-28T20:46:43.787+0000] {processor.py:153} INFO - Started process (PID=396) to work on /opt/airflow/dags/producer.py
[2024-02-28T20:46:43.787+0000] {processor.py:743} INFO - Processing file /opt/airflow/dags/producer.py for tasks to queue
[2024-02-28T20:46:43.788+0000] {logging_mixin.py:137} INFO - [2024-02-28T20:46:43.788+0000] {dagbag.py:538} INFO - Filling up the DagBag from /opt/airflow/dags/producer.py
[2024-02-28T20:46:43.796+0000] {processor.py:753} INFO - DAG(s) dict_keys(['producer']) retrieved from /opt/airflow/dags/producer.py
[2024-02-28T20:46:43.810+0000] {logging_mixin.py:137} INFO - [2024-02-28T20:46:43.810+0000] {dag.py:2690} INFO - Sync 1 DAGs
[2024-02-28T20:46:43.825+0000] {logging_mixin.py:137} INFO - [2024-02-28T20:46:43.825+0000] {dag.py:3441} INFO - Setting next_dagrun for producer to None, run_after=None
[2024-02-28T20:46:43.840+0000] {processor.py:175} INFO - Processing /opt/airflow/dags/producer.py took 0.055 seconds
[2024-02-28T20:46:48.881+0000] {processor.py:153} INFO - Started process (PID=454) to work on /opt/airflow/dags/producer.py
[2024-02-28T20:46:48.882+0000] {processor.py:743} INFO - Processing file /opt/airflow/dags/producer.py for tasks to queue
[2024-02-28T20:46:48.882+0000] {logging_mixin.py:137} INFO - [2024-02-28T20:46:48.882+0000] {dagbag.py:538} INFO - Filling up the DagBag from /opt/airflow/dags/producer.py
[2024-02-28T20:46:48.891+0000] {processor.py:753} INFO - DAG(s) dict_keys(['producer']) retrieved from /opt/airflow/dags/producer.py
[2024-02-28T20:46:48.905+0000] {logging_mixin.py:137} INFO - [2024-02-28T20:46:48.905+0000] {dag.py:2690} INFO - Sync 1 DAGs
[2024-02-28T20:46:48.920+0000] {logging_mixin.py:137} INFO - [2024-02-28T20:46:48.920+0000] {dag.py:3441} INFO - Setting next_dagrun for producer to None, run_after=None
[2024-02-28T20:46:48.934+0000] {processor.py:175} INFO - Processing /opt/airflow/dags/producer.py took 0.055 seconds
[2024-02-28T20:46:53.975+0000] {processor.py:153} INFO - Started process (PID=480) to work on /opt/airflow/dags/producer.py
[2024-02-28T20:46:53.975+0000] {processor.py:743} INFO - Processing file /opt/airflow/dags/producer.py for tasks to queue
[2024-02-28T20:46:53.976+0000] {logging_mixin.py:137} INFO - [2024-02-28T20:46:53.976+0000] {dagbag.py:538} INFO - Filling up the DagBag from /opt/airflow/dags/producer.py
[2024-02-28T20:46:53.987+0000] {processor.py:753} INFO - DAG(s) dict_keys(['producer']) retrieved from /opt/airflow/dags/producer.py
[2024-02-28T20:46:54.004+0000] {logging_mixin.py:137} INFO - [2024-02-28T20:46:54.004+0000] {dag.py:2690} INFO - Sync 1 DAGs
[2024-02-28T20:46:54.021+0000] {logging_mixin.py:137} INFO - [2024-02-28T20:46:54.021+0000] {dag.py:3441} INFO - Setting next_dagrun for producer to None, run_after=None
[2024-02-28T20:46:54.036+0000] {processor.py:175} INFO - Processing /opt/airflow/dags/producer.py took 0.063 seconds
[2024-02-28T20:47:00.019+0000] {processor.py:153} INFO - Started process (PID=538) to work on /opt/airflow/dags/producer.py
[2024-02-28T20:47:00.020+0000] {processor.py:743} INFO - Processing file /opt/airflow/dags/producer.py for tasks to queue
[2024-02-28T20:47:00.020+0000] {logging_mixin.py:137} INFO - [2024-02-28T20:47:00.020+0000] {dagbag.py:538} INFO - Filling up the DagBag from /opt/airflow/dags/producer.py
[2024-02-28T20:47:00.029+0000] {processor.py:753} INFO - DAG(s) dict_keys(['producer']) retrieved from /opt/airflow/dags/producer.py
[2024-02-28T20:47:00.043+0000] {logging_mixin.py:137} INFO - [2024-02-28T20:47:00.043+0000] {dag.py:2690} INFO - Sync 1 DAGs
[2024-02-28T20:47:00.058+0000] {logging_mixin.py:137} INFO - [2024-02-28T20:47:00.058+0000] {dag.py:3441} INFO - Setting next_dagrun for producer to None, run_after=None
[2024-02-28T20:47:00.072+0000] {processor.py:175} INFO - Processing /opt/airflow/dags/producer.py took 0.055 seconds
[2024-02-28T20:47:06.015+0000] {processor.py:153} INFO - Started process (PID=564) to work on /opt/airflow/dags/producer.py
[2024-02-28T20:47:06.015+0000] {processor.py:743} INFO - Processing file /opt/airflow/dags/producer.py for tasks to queue
[2024-02-28T20:47:06.016+0000] {logging_mixin.py:137} INFO - [2024-02-28T20:47:06.015+0000] {dagbag.py:538} INFO - Filling up the DagBag from /opt/airflow/dags/producer.py
[2024-02-28T20:47:06.024+0000] {processor.py:753} INFO - DAG(s) dict_keys(['producer']) retrieved from /opt/airflow/dags/producer.py
[2024-02-28T20:47:06.039+0000] {logging_mixin.py:137} INFO - [2024-02-28T20:47:06.038+0000] {dag.py:2690} INFO - Sync 1 DAGs
[2024-02-28T20:47:06.053+0000] {logging_mixin.py:137} INFO - [2024-02-28T20:47:06.053+0000] {dag.py:3441} INFO - Setting next_dagrun for producer to None, run_after=None
[2024-02-28T20:47:06.067+0000] {processor.py:175} INFO - Processing /opt/airflow/dags/producer.py took 0.054 seconds
[2024-02-28T20:47:11.144+0000] {processor.py:153} INFO - Started process (PID=622) to work on /opt/airflow/dags/producer.py
[2024-02-28T20:47:11.145+0000] {processor.py:743} INFO - Processing file /opt/airflow/dags/producer.py for tasks to queue
[2024-02-28T20:47:11.145+0000] {logging_mixin.py:137} INFO - [2024-02-28T20:47:11.145+0000] {dagbag.py:538} INFO - Filling up the DagBag from /opt/airflow/dags/producer.py
[2024-02-28T20:47:11.153+0000] {processor.py:753} INFO - DAG(s) dict_keys(['producer']) retrieved from /opt/airflow/dags/producer.py
[2024-02-28T20:47:11.167+0000] {logging_mixin.py:137} INFO - [2024-02-28T20:47:11.167+0000] {dag.py:2690} INFO - Sync 1 DAGs
[2024-02-28T20:47:11.181+0000] {logging_mixin.py:137} INFO - [2024-02-28T20:47:11.181+0000] {dag.py:3441} INFO - Setting next_dagrun for producer to None, run_after=None
[2024-02-28T20:47:11.196+0000] {processor.py:175} INFO - Processing /opt/airflow/dags/producer.py took 0.054 seconds
[2024-02-28T20:47:17.146+0000] {processor.py:153} INFO - Started process (PID=650) to work on /opt/airflow/dags/producer.py
[2024-02-28T20:47:17.147+0000] {processor.py:743} INFO - Processing file /opt/airflow/dags/producer.py for tasks to queue
[2024-02-28T20:47:17.147+0000] {logging_mixin.py:137} INFO - [2024-02-28T20:47:17.147+0000] {dagbag.py:538} INFO - Filling up the DagBag from /opt/airflow/dags/producer.py
[2024-02-28T20:47:17.156+0000] {processor.py:753} INFO - DAG(s) dict_keys(['producer']) retrieved from /opt/airflow/dags/producer.py
[2024-02-28T20:47:17.170+0000] {logging_mixin.py:137} INFO - [2024-02-28T20:47:17.170+0000] {dag.py:2690} INFO - Sync 1 DAGs
[2024-02-28T20:47:17.185+0000] {logging_mixin.py:137} INFO - [2024-02-28T20:47:17.185+0000] {dag.py:3441} INFO - Setting next_dagrun for producer to None, run_after=None
[2024-02-28T20:47:17.199+0000] {processor.py:175} INFO - Processing /opt/airflow/dags/producer.py took 0.055 seconds
[2024-02-28T20:47:23.005+0000] {processor.py:153} INFO - Started process (PID=708) to work on /opt/airflow/dags/producer.py
[2024-02-28T20:47:23.006+0000] {processor.py:743} INFO - Processing file /opt/airflow/dags/producer.py for tasks to queue
[2024-02-28T20:47:23.006+0000] {logging_mixin.py:137} INFO - [2024-02-28T20:47:23.006+0000] {dagbag.py:538} INFO - Filling up the DagBag from /opt/airflow/dags/producer.py
[2024-02-28T20:47:23.015+0000] {processor.py:753} INFO - DAG(s) dict_keys(['producer']) retrieved from /opt/airflow/dags/producer.py
[2024-02-28T20:47:23.031+0000] {logging_mixin.py:137} INFO - [2024-02-28T20:47:23.031+0000] {dag.py:2690} INFO - Sync 1 DAGs
[2024-02-28T20:47:23.045+0000] {logging_mixin.py:137} INFO - [2024-02-28T20:47:23.045+0000] {dag.py:3441} INFO - Setting next_dagrun for producer to None, run_after=None
[2024-02-28T20:47:23.060+0000] {processor.py:175} INFO - Processing /opt/airflow/dags/producer.py took 0.057 seconds
[2024-02-28T20:47:28.858+0000] {processor.py:153} INFO - Started process (PID=734) to work on /opt/airflow/dags/producer.py
[2024-02-28T20:47:28.858+0000] {processor.py:743} INFO - Processing file /opt/airflow/dags/producer.py for tasks to queue
[2024-02-28T20:47:28.859+0000] {logging_mixin.py:137} INFO - [2024-02-28T20:47:28.858+0000] {dagbag.py:538} INFO - Filling up the DagBag from /opt/airflow/dags/producer.py
[2024-02-28T20:47:28.868+0000] {processor.py:753} INFO - DAG(s) dict_keys(['producer']) retrieved from /opt/airflow/dags/producer.py
[2024-02-28T20:47:28.883+0000] {logging_mixin.py:137} INFO - [2024-02-28T20:47:28.883+0000] {dag.py:2690} INFO - Sync 1 DAGs
[2024-02-28T20:47:28.899+0000] {logging_mixin.py:137} INFO - [2024-02-28T20:47:28.898+0000] {dag.py:3441} INFO - Setting next_dagrun for producer to None, run_after=None
[2024-02-28T20:47:28.914+0000] {processor.py:175} INFO - Processing /opt/airflow/dags/producer.py took 0.058 seconds
[2024-02-28T20:47:34.741+0000] {processor.py:153} INFO - Started process (PID=792) to work on /opt/airflow/dags/producer.py
[2024-02-28T20:47:34.741+0000] {processor.py:743} INFO - Processing file /opt/airflow/dags/producer.py for tasks to queue
[2024-02-28T20:47:34.741+0000] {logging_mixin.py:137} INFO - [2024-02-28T20:47:34.741+0000] {dagbag.py:538} INFO - Filling up the DagBag from /opt/airflow/dags/producer.py
[2024-02-28T20:47:34.750+0000] {processor.py:753} INFO - DAG(s) dict_keys(['producer']) retrieved from /opt/airflow/dags/producer.py
[2024-02-28T20:47:34.765+0000] {logging_mixin.py:137} INFO - [2024-02-28T20:47:34.765+0000] {dag.py:2690} INFO - Sync 1 DAGs
[2024-02-28T20:47:34.780+0000] {logging_mixin.py:137} INFO - [2024-02-28T20:47:34.780+0000] {dag.py:3441} INFO - Setting next_dagrun for producer to None, run_after=None
[2024-02-28T20:47:34.794+0000] {processor.py:175} INFO - Processing /opt/airflow/dags/producer.py took 0.055 seconds
[2024-02-28T20:47:40.611+0000] {processor.py:153} INFO - Started process (PID=818) to work on /opt/airflow/dags/producer.py
[2024-02-28T20:47:40.612+0000] {processor.py:743} INFO - Processing file /opt/airflow/dags/producer.py for tasks to queue
[2024-02-28T20:47:40.612+0000] {logging_mixin.py:137} INFO - [2024-02-28T20:47:40.612+0000] {dagbag.py:538} INFO - Filling up the DagBag from /opt/airflow/dags/producer.py
[2024-02-28T20:47:40.621+0000] {processor.py:753} INFO - DAG(s) dict_keys(['producer']) retrieved from /opt/airflow/dags/producer.py
[2024-02-28T20:47:40.636+0000] {logging_mixin.py:137} INFO - [2024-02-28T20:47:40.636+0000] {dag.py:2690} INFO - Sync 1 DAGs
[2024-02-28T20:47:40.651+0000] {logging_mixin.py:137} INFO - [2024-02-28T20:47:40.651+0000] {dag.py:3441} INFO - Setting next_dagrun for producer to None, run_after=None
[2024-02-28T20:47:40.666+0000] {processor.py:175} INFO - Processing /opt/airflow/dags/producer.py took 0.056 seconds
[2024-02-28T20:47:46.494+0000] {processor.py:153} INFO - Started process (PID=876) to work on /opt/airflow/dags/producer.py
[2024-02-28T20:47:46.494+0000] {processor.py:743} INFO - Processing file /opt/airflow/dags/producer.py for tasks to queue
[2024-02-28T20:47:46.495+0000] {logging_mixin.py:137} INFO - [2024-02-28T20:47:46.494+0000] {dagbag.py:538} INFO - Filling up the DagBag from /opt/airflow/dags/producer.py
[2024-02-28T20:47:46.503+0000] {processor.py:753} INFO - DAG(s) dict_keys(['producer']) retrieved from /opt/airflow/dags/producer.py
[2024-02-28T20:47:46.518+0000] {logging_mixin.py:137} INFO - [2024-02-28T20:47:46.518+0000] {dag.py:2690} INFO - Sync 1 DAGs
[2024-02-28T20:47:46.532+0000] {logging_mixin.py:137} INFO - [2024-02-28T20:47:46.532+0000] {dag.py:3441} INFO - Setting next_dagrun for producer to None, run_after=None
[2024-02-28T20:47:46.546+0000] {processor.py:175} INFO - Processing /opt/airflow/dags/producer.py took 0.054 seconds
[2024-02-28T20:47:52.304+0000] {processor.py:153} INFO - Started process (PID=902) to work on /opt/airflow/dags/producer.py
[2024-02-28T20:47:52.305+0000] {processor.py:743} INFO - Processing file /opt/airflow/dags/producer.py for tasks to queue
[2024-02-28T20:47:52.305+0000] {logging_mixin.py:137} INFO - [2024-02-28T20:47:52.305+0000] {dagbag.py:538} INFO - Filling up the DagBag from /opt/airflow/dags/producer.py
[2024-02-28T20:47:52.315+0000] {processor.py:753} INFO - DAG(s) dict_keys(['producer']) retrieved from /opt/airflow/dags/producer.py
[2024-02-28T20:47:52.330+0000] {logging_mixin.py:137} INFO - [2024-02-28T20:47:52.329+0000] {dag.py:2690} INFO - Sync 1 DAGs
[2024-02-28T20:47:52.346+0000] {logging_mixin.py:137} INFO - [2024-02-28T20:47:52.346+0000] {dag.py:3441} INFO - Setting next_dagrun for producer to None, run_after=None
[2024-02-28T20:47:52.360+0000] {processor.py:175} INFO - Processing /opt/airflow/dags/producer.py took 0.058 seconds
[2024-02-28T20:47:58.189+0000] {processor.py:153} INFO - Started process (PID=960) to work on /opt/airflow/dags/producer.py
[2024-02-28T20:47:58.190+0000] {processor.py:743} INFO - Processing file /opt/airflow/dags/producer.py for tasks to queue
[2024-02-28T20:47:58.190+0000] {logging_mixin.py:137} INFO - [2024-02-28T20:47:58.190+0000] {dagbag.py:538} INFO - Filling up the DagBag from /opt/airflow/dags/producer.py
[2024-02-28T20:47:58.199+0000] {processor.py:753} INFO - DAG(s) dict_keys(['producer']) retrieved from /opt/airflow/dags/producer.py
[2024-02-28T20:47:58.214+0000] {logging_mixin.py:137} INFO - [2024-02-28T20:47:58.214+0000] {dag.py:2690} INFO - Sync 1 DAGs
[2024-02-28T20:47:58.230+0000] {logging_mixin.py:137} INFO - [2024-02-28T20:47:58.230+0000] {dag.py:3441} INFO - Setting next_dagrun for producer to None, run_after=None
[2024-02-28T20:47:58.245+0000] {processor.py:175} INFO - Processing /opt/airflow/dags/producer.py took 0.058 seconds
[2024-02-28T20:48:04.010+0000] {processor.py:153} INFO - Started process (PID=986) to work on /opt/airflow/dags/producer.py
[2024-02-28T20:48:04.011+0000] {processor.py:743} INFO - Processing file /opt/airflow/dags/producer.py for tasks to queue
[2024-02-28T20:48:04.011+0000] {logging_mixin.py:137} INFO - [2024-02-28T20:48:04.011+0000] {dagbag.py:538} INFO - Filling up the DagBag from /opt/airflow/dags/producer.py
[2024-02-28T20:48:04.021+0000] {processor.py:753} INFO - DAG(s) dict_keys(['producer']) retrieved from /opt/airflow/dags/producer.py
[2024-02-28T20:48:04.036+0000] {logging_mixin.py:137} INFO - [2024-02-28T20:48:04.036+0000] {dag.py:2690} INFO - Sync 1 DAGs
[2024-02-28T20:48:04.052+0000] {logging_mixin.py:137} INFO - [2024-02-28T20:48:04.052+0000] {dag.py:3441} INFO - Setting next_dagrun for producer to None, run_after=None
[2024-02-28T20:48:04.067+0000] {processor.py:175} INFO - Processing /opt/airflow/dags/producer.py took 0.059 seconds
[2024-02-28T20:48:09.809+0000] {processor.py:153} INFO - Started process (PID=1044) to work on /opt/airflow/dags/producer.py
[2024-02-28T20:48:09.809+0000] {processor.py:743} INFO - Processing file /opt/airflow/dags/producer.py for tasks to queue
[2024-02-28T20:48:09.810+0000] {logging_mixin.py:137} INFO - [2024-02-28T20:48:09.810+0000] {dagbag.py:538} INFO - Filling up the DagBag from /opt/airflow/dags/producer.py
[2024-02-28T20:48:09.820+0000] {processor.py:753} INFO - DAG(s) dict_keys(['producer']) retrieved from /opt/airflow/dags/producer.py
[2024-02-28T20:48:09.835+0000] {logging_mixin.py:137} INFO - [2024-02-28T20:48:09.835+0000] {dag.py:2690} INFO - Sync 1 DAGs
[2024-02-28T20:48:09.849+0000] {logging_mixin.py:137} INFO - [2024-02-28T20:48:09.849+0000] {dag.py:3441} INFO - Setting next_dagrun for producer to None, run_after=None
[2024-02-28T20:48:09.864+0000] {processor.py:175} INFO - Processing /opt/airflow/dags/producer.py took 0.057 seconds
[2024-02-28T20:48:15.626+0000] {processor.py:153} INFO - Started process (PID=1070) to work on /opt/airflow/dags/producer.py
[2024-02-28T20:48:15.627+0000] {processor.py:743} INFO - Processing file /opt/airflow/dags/producer.py for tasks to queue
[2024-02-28T20:48:15.627+0000] {logging_mixin.py:137} INFO - [2024-02-28T20:48:15.627+0000] {dagbag.py:538} INFO - Filling up the DagBag from /opt/airflow/dags/producer.py
[2024-02-28T20:48:15.636+0000] {processor.py:753} INFO - DAG(s) dict_keys(['producer']) retrieved from /opt/airflow/dags/producer.py
[2024-02-28T20:48:15.651+0000] {logging_mixin.py:137} INFO - [2024-02-28T20:48:15.650+0000] {dag.py:2690} INFO - Sync 1 DAGs
[2024-02-28T20:48:15.666+0000] {logging_mixin.py:137} INFO - [2024-02-28T20:48:15.666+0000] {dag.py:3441} INFO - Setting next_dagrun for producer to None, run_after=None
[2024-02-28T20:48:15.679+0000] {processor.py:175} INFO - Processing /opt/airflow/dags/producer.py took 0.055 seconds
[2024-02-28T20:48:21.507+0000] {processor.py:153} INFO - Started process (PID=1128) to work on /opt/airflow/dags/producer.py
[2024-02-28T20:48:21.508+0000] {processor.py:743} INFO - Processing file /opt/airflow/dags/producer.py for tasks to queue
[2024-02-28T20:48:21.508+0000] {logging_mixin.py:137} INFO - [2024-02-28T20:48:21.508+0000] {dagbag.py:538} INFO - Filling up the DagBag from /opt/airflow/dags/producer.py
[2024-02-28T20:48:21.517+0000] {processor.py:753} INFO - DAG(s) dict_keys(['producer']) retrieved from /opt/airflow/dags/producer.py
[2024-02-28T20:48:21.532+0000] {logging_mixin.py:137} INFO - [2024-02-28T20:48:21.532+0000] {dag.py:2690} INFO - Sync 1 DAGs
[2024-02-28T20:48:21.547+0000] {logging_mixin.py:137} INFO - [2024-02-28T20:48:21.547+0000] {dag.py:3441} INFO - Setting next_dagrun for producer to None, run_after=None
[2024-02-28T20:48:21.561+0000] {processor.py:175} INFO - Processing /opt/airflow/dags/producer.py took 0.056 seconds
[2024-02-28T20:48:27.384+0000] {processor.py:153} INFO - Started process (PID=1154) to work on /opt/airflow/dags/producer.py
[2024-02-28T20:48:27.385+0000] {processor.py:743} INFO - Processing file /opt/airflow/dags/producer.py for tasks to queue
[2024-02-28T20:48:27.385+0000] {logging_mixin.py:137} INFO - [2024-02-28T20:48:27.385+0000] {dagbag.py:538} INFO - Filling up the DagBag from /opt/airflow/dags/producer.py
[2024-02-28T20:48:27.394+0000] {processor.py:753} INFO - DAG(s) dict_keys(['producer']) retrieved from /opt/airflow/dags/producer.py
[2024-02-28T20:48:27.408+0000] {logging_mixin.py:137} INFO - [2024-02-28T20:48:27.408+0000] {dag.py:2690} INFO - Sync 1 DAGs
[2024-02-28T20:48:27.423+0000] {logging_mixin.py:137} INFO - [2024-02-28T20:48:27.423+0000] {dag.py:3441} INFO - Setting next_dagrun for producer to None, run_after=None
[2024-02-28T20:48:27.437+0000] {processor.py:175} INFO - Processing /opt/airflow/dags/producer.py took 0.055 seconds
[2024-02-28T20:48:33.270+0000] {processor.py:153} INFO - Started process (PID=1212) to work on /opt/airflow/dags/producer.py
[2024-02-28T20:48:33.270+0000] {processor.py:743} INFO - Processing file /opt/airflow/dags/producer.py for tasks to queue
[2024-02-28T20:48:33.271+0000] {logging_mixin.py:137} INFO - [2024-02-28T20:48:33.271+0000] {dagbag.py:538} INFO - Filling up the DagBag from /opt/airflow/dags/producer.py
[2024-02-28T20:48:33.280+0000] {processor.py:753} INFO - DAG(s) dict_keys(['producer']) retrieved from /opt/airflow/dags/producer.py
[2024-02-28T20:48:33.295+0000] {logging_mixin.py:137} INFO - [2024-02-28T20:48:33.294+0000] {dag.py:2690} INFO - Sync 1 DAGs
[2024-02-28T20:48:33.309+0000] {logging_mixin.py:137} INFO - [2024-02-28T20:48:33.309+0000] {dag.py:3441} INFO - Setting next_dagrun for producer to None, run_after=None
[2024-02-28T20:48:33.322+0000] {processor.py:175} INFO - Processing /opt/airflow/dags/producer.py took 0.055 seconds
[2024-02-28T20:48:39.078+0000] {processor.py:153} INFO - Started process (PID=1238) to work on /opt/airflow/dags/producer.py
[2024-02-28T20:48:39.079+0000] {processor.py:743} INFO - Processing file /opt/airflow/dags/producer.py for tasks to queue
[2024-02-28T20:48:39.079+0000] {logging_mixin.py:137} INFO - [2024-02-28T20:48:39.079+0000] {dagbag.py:538} INFO - Filling up the DagBag from /opt/airflow/dags/producer.py
[2024-02-28T20:48:39.088+0000] {processor.py:753} INFO - DAG(s) dict_keys(['producer']) retrieved from /opt/airflow/dags/producer.py
[2024-02-28T20:48:39.102+0000] {logging_mixin.py:137} INFO - [2024-02-28T20:48:39.102+0000] {dag.py:2690} INFO - Sync 1 DAGs
[2024-02-28T20:48:39.119+0000] {logging_mixin.py:137} INFO - [2024-02-28T20:48:39.118+0000] {dag.py:3441} INFO - Setting next_dagrun for producer to None, run_after=None
[2024-02-28T20:48:39.139+0000] {processor.py:175} INFO - Processing /opt/airflow/dags/producer.py took 0.063 seconds
[2024-02-28T20:48:44.882+0000] {processor.py:153} INFO - Started process (PID=1296) to work on /opt/airflow/dags/producer.py
[2024-02-28T20:48:44.882+0000] {processor.py:743} INFO - Processing file /opt/airflow/dags/producer.py for tasks to queue
[2024-02-28T20:48:44.882+0000] {logging_mixin.py:137} INFO - [2024-02-28T20:48:44.882+0000] {dagbag.py:538} INFO - Filling up the DagBag from /opt/airflow/dags/producer.py
[2024-02-28T20:48:44.891+0000] {processor.py:753} INFO - DAG(s) dict_keys(['producer']) retrieved from /opt/airflow/dags/producer.py
[2024-02-28T20:48:44.906+0000] {logging_mixin.py:137} INFO - [2024-02-28T20:48:44.906+0000] {dag.py:2690} INFO - Sync 1 DAGs
[2024-02-28T20:48:44.922+0000] {logging_mixin.py:137} INFO - [2024-02-28T20:48:44.922+0000] {dag.py:3441} INFO - Setting next_dagrun for producer to None, run_after=None
[2024-02-28T20:48:44.936+0000] {processor.py:175} INFO - Processing /opt/airflow/dags/producer.py took 0.056 seconds
[2024-02-28T20:48:50.768+0000] {processor.py:153} INFO - Started process (PID=1322) to work on /opt/airflow/dags/producer.py
[2024-02-28T20:48:50.769+0000] {processor.py:743} INFO - Processing file /opt/airflow/dags/producer.py for tasks to queue
[2024-02-28T20:48:50.769+0000] {logging_mixin.py:137} INFO - [2024-02-28T20:48:50.769+0000] {dagbag.py:538} INFO - Filling up the DagBag from /opt/airflow/dags/producer.py
[2024-02-28T20:48:50.778+0000] {processor.py:753} INFO - DAG(s) dict_keys(['producer']) retrieved from /opt/airflow/dags/producer.py
[2024-02-28T20:48:50.793+0000] {logging_mixin.py:137} INFO - [2024-02-28T20:48:50.793+0000] {dag.py:2690} INFO - Sync 1 DAGs
[2024-02-28T20:48:50.808+0000] {logging_mixin.py:137} INFO - [2024-02-28T20:48:50.808+0000] {dag.py:3441} INFO - Setting next_dagrun for producer to None, run_after=None
[2024-02-28T20:48:50.823+0000] {processor.py:175} INFO - Processing /opt/airflow/dags/producer.py took 0.057 seconds
[2024-02-28T20:48:56.637+0000] {processor.py:153} INFO - Started process (PID=1380) to work on /opt/airflow/dags/producer.py
[2024-02-28T20:48:56.637+0000] {processor.py:743} INFO - Processing file /opt/airflow/dags/producer.py for tasks to queue
[2024-02-28T20:48:56.638+0000] {logging_mixin.py:137} INFO - [2024-02-28T20:48:56.638+0000] {dagbag.py:538} INFO - Filling up the DagBag from /opt/airflow/dags/producer.py
[2024-02-28T20:48:56.647+0000] {processor.py:753} INFO - DAG(s) dict_keys(['producer']) retrieved from /opt/airflow/dags/producer.py
[2024-02-28T20:48:56.661+0000] {logging_mixin.py:137} INFO - [2024-02-28T20:48:56.661+0000] {dag.py:2690} INFO - Sync 1 DAGs
[2024-02-28T20:48:56.677+0000] {logging_mixin.py:137} INFO - [2024-02-28T20:48:56.677+0000] {dag.py:3441} INFO - Setting next_dagrun for producer to None, run_after=None
[2024-02-28T20:48:56.690+0000] {processor.py:175} INFO - Processing /opt/airflow/dags/producer.py took 0.055 seconds
[2024-02-28T20:49:02.507+0000] {processor.py:153} INFO - Started process (PID=1406) to work on /opt/airflow/dags/producer.py
[2024-02-28T20:49:02.508+0000] {processor.py:743} INFO - Processing file /opt/airflow/dags/producer.py for tasks to queue
[2024-02-28T20:49:02.508+0000] {logging_mixin.py:137} INFO - [2024-02-28T20:49:02.508+0000] {dagbag.py:538} INFO - Filling up the DagBag from /opt/airflow/dags/producer.py
[2024-02-28T20:49:02.517+0000] {processor.py:753} INFO - DAG(s) dict_keys(['producer']) retrieved from /opt/airflow/dags/producer.py
[2024-02-28T20:49:02.533+0000] {logging_mixin.py:137} INFO - [2024-02-28T20:49:02.532+0000] {dag.py:2690} INFO - Sync 1 DAGs
[2024-02-28T20:49:02.548+0000] {logging_mixin.py:137} INFO - [2024-02-28T20:49:02.548+0000] {dag.py:3441} INFO - Setting next_dagrun for producer to None, run_after=None
[2024-02-28T20:49:02.563+0000] {processor.py:175} INFO - Processing /opt/airflow/dags/producer.py took 0.057 seconds
[2024-02-28T20:49:08.445+0000] {processor.py:153} INFO - Started process (PID=1464) to work on /opt/airflow/dags/producer.py
[2024-02-28T20:49:08.445+0000] {processor.py:743} INFO - Processing file /opt/airflow/dags/producer.py for tasks to queue
[2024-02-28T20:49:08.446+0000] {logging_mixin.py:137} INFO - [2024-02-28T20:49:08.446+0000] {dagbag.py:538} INFO - Filling up the DagBag from /opt/airflow/dags/producer.py
[2024-02-28T20:49:08.455+0000] {processor.py:753} INFO - DAG(s) dict_keys(['producer']) retrieved from /opt/airflow/dags/producer.py
[2024-02-28T20:49:08.470+0000] {logging_mixin.py:137} INFO - [2024-02-28T20:49:08.470+0000] {dag.py:2690} INFO - Sync 1 DAGs
[2024-02-28T20:49:08.485+0000] {logging_mixin.py:137} INFO - [2024-02-28T20:49:08.485+0000] {dag.py:3441} INFO - Setting next_dagrun for producer to None, run_after=None
[2024-02-28T20:49:08.498+0000] {processor.py:175} INFO - Processing /opt/airflow/dags/producer.py took 0.056 seconds
[2024-02-28T20:49:14.303+0000] {processor.py:153} INFO - Started process (PID=1489) to work on /opt/airflow/dags/producer.py
[2024-02-28T20:49:14.304+0000] {processor.py:743} INFO - Processing file /opt/airflow/dags/producer.py for tasks to queue
[2024-02-28T20:49:14.304+0000] {logging_mixin.py:137} INFO - [2024-02-28T20:49:14.304+0000] {dagbag.py:538} INFO - Filling up the DagBag from /opt/airflow/dags/producer.py
[2024-02-28T20:49:14.313+0000] {processor.py:753} INFO - DAG(s) dict_keys(['producer']) retrieved from /opt/airflow/dags/producer.py
[2024-02-28T20:49:14.328+0000] {logging_mixin.py:137} INFO - [2024-02-28T20:49:14.328+0000] {dag.py:2690} INFO - Sync 1 DAGs
[2024-02-28T20:49:14.342+0000] {logging_mixin.py:137} INFO - [2024-02-28T20:49:14.342+0000] {dag.py:3441} INFO - Setting next_dagrun for producer to None, run_after=None
[2024-02-28T20:49:14.357+0000] {processor.py:175} INFO - Processing /opt/airflow/dags/producer.py took 0.056 seconds
[2024-02-28T20:49:20.347+0000] {processor.py:153} INFO - Started process (PID=1546) to work on /opt/airflow/dags/producer.py
[2024-02-28T20:49:20.347+0000] {processor.py:743} INFO - Processing file /opt/airflow/dags/producer.py for tasks to queue
[2024-02-28T20:49:20.348+0000] {logging_mixin.py:137} INFO - [2024-02-28T20:49:20.347+0000] {dagbag.py:538} INFO - Filling up the DagBag from /opt/airflow/dags/producer.py
[2024-02-28T20:49:20.356+0000] {processor.py:753} INFO - DAG(s) dict_keys(['producer']) retrieved from /opt/airflow/dags/producer.py
[2024-02-28T20:49:20.371+0000] {logging_mixin.py:137} INFO - [2024-02-28T20:49:20.371+0000] {dag.py:2690} INFO - Sync 1 DAGs
[2024-02-28T20:49:20.386+0000] {logging_mixin.py:137} INFO - [2024-02-28T20:49:20.386+0000] {dag.py:3441} INFO - Setting next_dagrun for producer to None, run_after=None
[2024-02-28T20:49:20.401+0000] {processor.py:175} INFO - Processing /opt/airflow/dags/producer.py took 0.056 seconds
[2024-02-28T20:49:26.225+0000] {processor.py:153} INFO - Started process (PID=1571) to work on /opt/airflow/dags/producer.py
[2024-02-28T20:49:26.225+0000] {processor.py:743} INFO - Processing file /opt/airflow/dags/producer.py for tasks to queue
[2024-02-28T20:49:26.226+0000] {logging_mixin.py:137} INFO - [2024-02-28T20:49:26.226+0000] {dagbag.py:538} INFO - Filling up the DagBag from /opt/airflow/dags/producer.py
[2024-02-28T20:49:26.234+0000] {processor.py:753} INFO - DAG(s) dict_keys(['producer']) retrieved from /opt/airflow/dags/producer.py
[2024-02-28T20:49:26.250+0000] {logging_mixin.py:137} INFO - [2024-02-28T20:49:26.250+0000] {dag.py:2690} INFO - Sync 1 DAGs
[2024-02-28T20:49:26.265+0000] {logging_mixin.py:137} INFO - [2024-02-28T20:49:26.265+0000] {dag.py:3441} INFO - Setting next_dagrun for producer to None, run_after=None
[2024-02-28T20:49:26.280+0000] {processor.py:175} INFO - Processing /opt/airflow/dags/producer.py took 0.057 seconds
[2024-02-28T20:49:32.098+0000] {processor.py:153} INFO - Started process (PID=1627) to work on /opt/airflow/dags/producer.py
[2024-02-28T20:49:32.098+0000] {processor.py:743} INFO - Processing file /opt/airflow/dags/producer.py for tasks to queue
[2024-02-28T20:49:32.098+0000] {logging_mixin.py:137} INFO - [2024-02-28T20:49:32.098+0000] {dagbag.py:538} INFO - Filling up the DagBag from /opt/airflow/dags/producer.py
[2024-02-28T20:49:32.107+0000] {processor.py:753} INFO - DAG(s) dict_keys(['producer']) retrieved from /opt/airflow/dags/producer.py
[2024-02-28T20:49:32.123+0000] {logging_mixin.py:137} INFO - [2024-02-28T20:49:32.122+0000] {dag.py:2690} INFO - Sync 1 DAGs
[2024-02-28T20:49:32.137+0000] {logging_mixin.py:137} INFO - [2024-02-28T20:49:32.137+0000] {dag.py:3441} INFO - Setting next_dagrun for producer to None, run_after=None
[2024-02-28T20:49:32.154+0000] {processor.py:175} INFO - Processing /opt/airflow/dags/producer.py took 0.059 seconds
[2024-02-28T20:49:37.263+0000] {processor.py:153} INFO - Started process (PID=1651) to work on /opt/airflow/dags/producer.py
[2024-02-28T20:49:37.264+0000] {processor.py:743} INFO - Processing file /opt/airflow/dags/producer.py for tasks to queue
[2024-02-28T20:49:37.265+0000] {logging_mixin.py:137} INFO - [2024-02-28T20:49:37.265+0000] {dagbag.py:538} INFO - Filling up the DagBag from /opt/airflow/dags/producer.py
[2024-02-28T20:49:37.275+0000] {processor.py:753} INFO - DAG(s) dict_keys(['producer']) retrieved from /opt/airflow/dags/producer.py
[2024-02-28T20:49:37.293+0000] {logging_mixin.py:137} INFO - [2024-02-28T20:49:37.293+0000] {dag.py:2690} INFO - Sync 1 DAGs
[2024-02-28T20:49:37.312+0000] {logging_mixin.py:137} INFO - [2024-02-28T20:49:37.312+0000] {dag.py:3441} INFO - Setting next_dagrun for producer to None, run_after=None
[2024-02-28T20:49:37.335+0000] {processor.py:175} INFO - Processing /opt/airflow/dags/producer.py took 0.074 seconds
[2024-02-28T20:50:21.208+0000] {processor.py:153} INFO - Started process (PID=58) to work on /opt/airflow/dags/producer.py
[2024-02-28T20:50:21.209+0000] {processor.py:743} INFO - Processing file /opt/airflow/dags/producer.py for tasks to queue
[2024-02-28T20:50:21.210+0000] {logging_mixin.py:137} INFO - [2024-02-28T20:50:21.209+0000] {dagbag.py:538} INFO - Filling up the DagBag from /opt/airflow/dags/producer.py
[2024-02-28T20:50:21.226+0000] {processor.py:753} INFO - DAG(s) dict_keys(['producer']) retrieved from /opt/airflow/dags/producer.py
[2024-02-28T20:50:21.286+0000] {logging_mixin.py:137} INFO - [2024-02-28T20:50:21.286+0000] {dag.py:2690} INFO - Sync 1 DAGs
[2024-02-28T20:50:21.307+0000] {logging_mixin.py:137} INFO - [2024-02-28T20:50:21.307+0000] {dag.py:3441} INFO - Setting next_dagrun for producer to None, run_after=None
[2024-02-28T20:50:21.334+0000] {processor.py:175} INFO - Processing /opt/airflow/dags/producer.py took 0.129 seconds
[2024-02-28T20:50:26.461+0000] {processor.py:153} INFO - Started process (PID=114) to work on /opt/airflow/dags/producer.py
[2024-02-28T20:50:26.461+0000] {processor.py:743} INFO - Processing file /opt/airflow/dags/producer.py for tasks to queue
[2024-02-28T20:50:26.462+0000] {logging_mixin.py:137} INFO - [2024-02-28T20:50:26.462+0000] {dagbag.py:538} INFO - Filling up the DagBag from /opt/airflow/dags/producer.py
[2024-02-28T20:50:26.472+0000] {processor.py:753} INFO - DAG(s) dict_keys(['producer']) retrieved from /opt/airflow/dags/producer.py
[2024-02-28T20:50:26.481+0000] {logging_mixin.py:137} INFO - [2024-02-28T20:50:26.481+0000] {dag.py:2690} INFO - Sync 1 DAGs
[2024-02-28T20:50:26.500+0000] {logging_mixin.py:137} INFO - [2024-02-28T20:50:26.500+0000] {dag.py:3441} INFO - Setting next_dagrun for producer to None, run_after=None
[2024-02-28T20:50:26.517+0000] {processor.py:175} INFO - Processing /opt/airflow/dags/producer.py took 0.059 seconds
[2024-02-28T20:50:32.312+0000] {processor.py:153} INFO - Started process (PID=138) to work on /opt/airflow/dags/producer.py
[2024-02-28T20:50:32.312+0000] {processor.py:743} INFO - Processing file /opt/airflow/dags/producer.py for tasks to queue
[2024-02-28T20:50:32.312+0000] {logging_mixin.py:137} INFO - [2024-02-28T20:50:32.312+0000] {dagbag.py:538} INFO - Filling up the DagBag from /opt/airflow/dags/producer.py
[2024-02-28T20:50:32.322+0000] {processor.py:753} INFO - DAG(s) dict_keys(['producer']) retrieved from /opt/airflow/dags/producer.py
[2024-02-28T20:50:32.330+0000] {logging_mixin.py:137} INFO - [2024-02-28T20:50:32.330+0000] {dag.py:2690} INFO - Sync 1 DAGs
[2024-02-28T20:50:32.345+0000] {logging_mixin.py:137} INFO - [2024-02-28T20:50:32.345+0000] {dag.py:3441} INFO - Setting next_dagrun for producer to None, run_after=None
[2024-02-28T20:50:32.360+0000] {processor.py:175} INFO - Processing /opt/airflow/dags/producer.py took 0.051 seconds
[2024-02-28T20:50:38.230+0000] {processor.py:153} INFO - Started process (PID=194) to work on /opt/airflow/dags/producer.py
[2024-02-28T20:50:38.230+0000] {processor.py:743} INFO - Processing file /opt/airflow/dags/producer.py for tasks to queue
[2024-02-28T20:50:38.230+0000] {logging_mixin.py:137} INFO - [2024-02-28T20:50:38.230+0000] {dagbag.py:538} INFO - Filling up the DagBag from /opt/airflow/dags/producer.py
[2024-02-28T20:50:38.240+0000] {processor.py:753} INFO - DAG(s) dict_keys(['producer']) retrieved from /opt/airflow/dags/producer.py
[2024-02-28T20:50:38.248+0000] {logging_mixin.py:137} INFO - [2024-02-28T20:50:38.248+0000] {dag.py:2690} INFO - Sync 1 DAGs
[2024-02-28T20:50:38.263+0000] {logging_mixin.py:137} INFO - [2024-02-28T20:50:38.263+0000] {dag.py:3441} INFO - Setting next_dagrun for producer to None, run_after=None
[2024-02-28T20:50:38.277+0000] {processor.py:175} INFO - Processing /opt/airflow/dags/producer.py took 0.050 seconds
[2024-02-28T20:50:44.098+0000] {processor.py:153} INFO - Started process (PID=218) to work on /opt/airflow/dags/producer.py
[2024-02-28T20:50:44.099+0000] {processor.py:743} INFO - Processing file /opt/airflow/dags/producer.py for tasks to queue
[2024-02-28T20:50:44.099+0000] {logging_mixin.py:137} INFO - [2024-02-28T20:50:44.099+0000] {dagbag.py:538} INFO - Filling up the DagBag from /opt/airflow/dags/producer.py
[2024-02-28T20:50:44.109+0000] {processor.py:753} INFO - DAG(s) dict_keys(['producer']) retrieved from /opt/airflow/dags/producer.py
[2024-02-28T20:50:44.116+0000] {logging_mixin.py:137} INFO - [2024-02-28T20:50:44.116+0000] {dag.py:2690} INFO - Sync 1 DAGs
[2024-02-28T20:50:44.131+0000] {logging_mixin.py:137} INFO - [2024-02-28T20:50:44.131+0000] {dag.py:3441} INFO - Setting next_dagrun for producer to None, run_after=None
[2024-02-28T20:50:44.144+0000] {processor.py:175} INFO - Processing /opt/airflow/dags/producer.py took 0.048 seconds
[2024-02-28T20:50:50.018+0000] {processor.py:153} INFO - Started process (PID=274) to work on /opt/airflow/dags/producer.py
[2024-02-28T20:50:50.019+0000] {processor.py:743} INFO - Processing file /opt/airflow/dags/producer.py for tasks to queue
[2024-02-28T20:50:50.019+0000] {logging_mixin.py:137} INFO - [2024-02-28T20:50:50.019+0000] {dagbag.py:538} INFO - Filling up the DagBag from /opt/airflow/dags/producer.py
[2024-02-28T20:50:50.028+0000] {processor.py:753} INFO - DAG(s) dict_keys(['producer']) retrieved from /opt/airflow/dags/producer.py
[2024-02-28T20:50:50.036+0000] {logging_mixin.py:137} INFO - [2024-02-28T20:50:50.036+0000] {dag.py:2690} INFO - Sync 1 DAGs
[2024-02-28T20:50:50.051+0000] {logging_mixin.py:137} INFO - [2024-02-28T20:50:50.051+0000] {dag.py:3441} INFO - Setting next_dagrun for producer to None, run_after=None
[2024-02-28T20:50:50.064+0000] {processor.py:175} INFO - Processing /opt/airflow/dags/producer.py took 0.048 seconds
[2024-02-28T20:50:55.907+0000] {processor.py:153} INFO - Started process (PID=298) to work on /opt/airflow/dags/producer.py
[2024-02-28T20:50:55.907+0000] {processor.py:743} INFO - Processing file /opt/airflow/dags/producer.py for tasks to queue
[2024-02-28T20:50:55.908+0000] {logging_mixin.py:137} INFO - [2024-02-28T20:50:55.908+0000] {dagbag.py:538} INFO - Filling up the DagBag from /opt/airflow/dags/producer.py
[2024-02-28T20:50:55.916+0000] {processor.py:753} INFO - DAG(s) dict_keys(['producer']) retrieved from /opt/airflow/dags/producer.py
[2024-02-28T20:50:55.931+0000] {logging_mixin.py:137} INFO - [2024-02-28T20:50:55.931+0000] {dag.py:2690} INFO - Sync 1 DAGs
[2024-02-28T20:50:55.946+0000] {logging_mixin.py:137} INFO - [2024-02-28T20:50:55.946+0000] {dag.py:3441} INFO - Setting next_dagrun for producer to None, run_after=None
[2024-02-28T20:50:55.961+0000] {processor.py:175} INFO - Processing /opt/airflow/dags/producer.py took 0.056 seconds
[2024-02-28T20:51:01.824+0000] {processor.py:153} INFO - Started process (PID=354) to work on /opt/airflow/dags/producer.py
[2024-02-28T20:51:01.825+0000] {processor.py:743} INFO - Processing file /opt/airflow/dags/producer.py for tasks to queue
[2024-02-28T20:51:01.825+0000] {logging_mixin.py:137} INFO - [2024-02-28T20:51:01.825+0000] {dagbag.py:538} INFO - Filling up the DagBag from /opt/airflow/dags/producer.py
[2024-02-28T20:51:01.834+0000] {processor.py:753} INFO - DAG(s) dict_keys(['producer']) retrieved from /opt/airflow/dags/producer.py
[2024-02-28T20:51:01.848+0000] {logging_mixin.py:137} INFO - [2024-02-28T20:51:01.848+0000] {dag.py:2690} INFO - Sync 1 DAGs
[2024-02-28T20:51:01.863+0000] {logging_mixin.py:137} INFO - [2024-02-28T20:51:01.863+0000] {dag.py:3441} INFO - Setting next_dagrun for producer to None, run_after=None
[2024-02-28T20:51:01.876+0000] {processor.py:175} INFO - Processing /opt/airflow/dags/producer.py took 0.054 seconds
[2024-02-28T20:51:07.719+0000] {processor.py:153} INFO - Started process (PID=378) to work on /opt/airflow/dags/producer.py
[2024-02-28T20:51:07.720+0000] {processor.py:743} INFO - Processing file /opt/airflow/dags/producer.py for tasks to queue
[2024-02-28T20:51:07.720+0000] {logging_mixin.py:137} INFO - [2024-02-28T20:51:07.720+0000] {dagbag.py:538} INFO - Filling up the DagBag from /opt/airflow/dags/producer.py
[2024-02-28T20:51:07.729+0000] {processor.py:753} INFO - DAG(s) dict_keys(['producer']) retrieved from /opt/airflow/dags/producer.py
[2024-02-28T20:51:07.743+0000] {logging_mixin.py:137} INFO - [2024-02-28T20:51:07.743+0000] {dag.py:2690} INFO - Sync 1 DAGs
[2024-02-28T20:51:07.759+0000] {logging_mixin.py:137} INFO - [2024-02-28T20:51:07.758+0000] {dag.py:3441} INFO - Setting next_dagrun for producer to None, run_after=None
[2024-02-28T20:51:07.774+0000] {processor.py:175} INFO - Processing /opt/airflow/dags/producer.py took 0.057 seconds
[2024-02-28T20:51:13.620+0000] {processor.py:153} INFO - Started process (PID=434) to work on /opt/airflow/dags/producer.py
[2024-02-28T20:51:13.621+0000] {processor.py:743} INFO - Processing file /opt/airflow/dags/producer.py for tasks to queue
[2024-02-28T20:51:13.621+0000] {logging_mixin.py:137} INFO - [2024-02-28T20:51:13.621+0000] {dagbag.py:538} INFO - Filling up the DagBag from /opt/airflow/dags/producer.py
[2024-02-28T20:51:13.630+0000] {processor.py:753} INFO - DAG(s) dict_keys(['producer']) retrieved from /opt/airflow/dags/producer.py
[2024-02-28T20:51:13.645+0000] {logging_mixin.py:137} INFO - [2024-02-28T20:51:13.645+0000] {dag.py:2690} INFO - Sync 1 DAGs
[2024-02-28T20:51:13.660+0000] {logging_mixin.py:137} INFO - [2024-02-28T20:51:13.660+0000] {dag.py:3441} INFO - Setting next_dagrun for producer to None, run_after=None
[2024-02-28T20:51:13.674+0000] {processor.py:175} INFO - Processing /opt/airflow/dags/producer.py took 0.055 seconds
[2024-02-28T20:51:19.511+0000] {processor.py:153} INFO - Started process (PID=458) to work on /opt/airflow/dags/producer.py
[2024-02-28T20:51:19.511+0000] {processor.py:743} INFO - Processing file /opt/airflow/dags/producer.py for tasks to queue
[2024-02-28T20:51:19.512+0000] {logging_mixin.py:137} INFO - [2024-02-28T20:51:19.512+0000] {dagbag.py:538} INFO - Filling up the DagBag from /opt/airflow/dags/producer.py
[2024-02-28T20:51:19.520+0000] {processor.py:753} INFO - DAG(s) dict_keys(['producer']) retrieved from /opt/airflow/dags/producer.py
[2024-02-28T20:51:19.535+0000] {logging_mixin.py:137} INFO - [2024-02-28T20:51:19.535+0000] {dag.py:2690} INFO - Sync 1 DAGs
[2024-02-28T20:51:19.549+0000] {logging_mixin.py:137} INFO - [2024-02-28T20:51:19.549+0000] {dag.py:3441} INFO - Setting next_dagrun for producer to None, run_after=None
[2024-02-28T20:51:19.564+0000] {processor.py:175} INFO - Processing /opt/airflow/dags/producer.py took 0.055 seconds
