[2024-02-28T20:45:58.003+0000] {processor.py:153} INFO - Started process (PID=78) to work on /opt/airflow/dags/segundadag.py
[2024-02-28T20:45:58.004+0000] {processor.py:743} INFO - Processing file /opt/airflow/dags/segundadag.py for tasks to queue
[2024-02-28T20:45:58.004+0000] {logging_mixin.py:137} INFO - [2024-02-28T20:45:58.004+0000] {dagbag.py:538} INFO - Filling up the DagBag from /opt/airflow/dags/segundadag.py
[2024-02-28T20:45:58.014+0000] {processor.py:753} INFO - DAG(s) dict_keys(['segunda_dag']) retrieved from /opt/airflow/dags/segundadag.py
[2024-02-28T20:45:58.087+0000] {logging_mixin.py:137} INFO - [2024-02-28T20:45:58.087+0000] {manager.py:504} INFO - Created Permission View: can edit on DAG:segunda_dag
[2024-02-28T20:45:58.093+0000] {logging_mixin.py:137} INFO - [2024-02-28T20:45:58.093+0000] {manager.py:504} INFO - Created Permission View: can delete on DAG:segunda_dag
[2024-02-28T20:45:58.097+0000] {logging_mixin.py:137} INFO - [2024-02-28T20:45:58.097+0000] {manager.py:504} INFO - Created Permission View: can read on DAG:segunda_dag
[2024-02-28T20:45:58.098+0000] {logging_mixin.py:137} INFO - [2024-02-28T20:45:58.098+0000] {dag.py:2690} INFO - Sync 1 DAGs
[2024-02-28T20:45:58.106+0000] {logging_mixin.py:137} INFO - [2024-02-28T20:45:58.106+0000] {dag.py:2711} INFO - Creating ORM DAG for segunda_dag
[2024-02-28T20:45:58.113+0000] {logging_mixin.py:137} INFO - [2024-02-28T20:45:58.113+0000] {dag.py:3441} INFO - Setting next_dagrun for segunda_dag to None, run_after=None
[2024-02-28T20:45:58.123+0000] {processor.py:175} INFO - Processing /opt/airflow/dags/segundadag.py took 0.122 seconds
[2024-02-28T20:46:03.969+0000] {processor.py:153} INFO - Started process (PID=136) to work on /opt/airflow/dags/segundadag.py
[2024-02-28T20:46:03.969+0000] {processor.py:743} INFO - Processing file /opt/airflow/dags/segundadag.py for tasks to queue
[2024-02-28T20:46:03.969+0000] {logging_mixin.py:137} INFO - [2024-02-28T20:46:03.969+0000] {dagbag.py:538} INFO - Filling up the DagBag from /opt/airflow/dags/segundadag.py
[2024-02-28T20:46:03.979+0000] {processor.py:753} INFO - DAG(s) dict_keys(['segunda_dag']) retrieved from /opt/airflow/dags/segundadag.py
[2024-02-28T20:46:03.987+0000] {logging_mixin.py:137} INFO - [2024-02-28T20:46:03.987+0000] {dag.py:2690} INFO - Sync 1 DAGs
[2024-02-28T20:46:04.002+0000] {logging_mixin.py:137} INFO - [2024-02-28T20:46:04.002+0000] {dag.py:3441} INFO - Setting next_dagrun for segunda_dag to None, run_after=None
[2024-02-28T20:46:04.012+0000] {processor.py:175} INFO - Processing /opt/airflow/dags/segundadag.py took 0.045 seconds
[2024-02-28T20:46:09.860+0000] {processor.py:153} INFO - Started process (PID=162) to work on /opt/airflow/dags/segundadag.py
[2024-02-28T20:46:09.861+0000] {processor.py:743} INFO - Processing file /opt/airflow/dags/segundadag.py for tasks to queue
[2024-02-28T20:46:09.861+0000] {logging_mixin.py:137} INFO - [2024-02-28T20:46:09.861+0000] {dagbag.py:538} INFO - Filling up the DagBag from /opt/airflow/dags/segundadag.py
[2024-02-28T20:46:09.871+0000] {processor.py:753} INFO - DAG(s) dict_keys(['segunda_dag']) retrieved from /opt/airflow/dags/segundadag.py
[2024-02-28T20:46:09.879+0000] {logging_mixin.py:137} INFO - [2024-02-28T20:46:09.879+0000] {dag.py:2690} INFO - Sync 1 DAGs
[2024-02-28T20:46:09.894+0000] {logging_mixin.py:137} INFO - [2024-02-28T20:46:09.894+0000] {dag.py:3441} INFO - Setting next_dagrun for segunda_dag to None, run_after=None
[2024-02-28T20:46:09.905+0000] {processor.py:175} INFO - Processing /opt/airflow/dags/segundadag.py took 0.046 seconds
[2024-02-28T20:46:16.636+0000] {processor.py:153} INFO - Started process (PID=220) to work on /opt/airflow/dags/segundadag.py
[2024-02-28T20:46:16.636+0000] {processor.py:743} INFO - Processing file /opt/airflow/dags/segundadag.py for tasks to queue
[2024-02-28T20:46:16.637+0000] {logging_mixin.py:137} INFO - [2024-02-28T20:46:16.637+0000] {dagbag.py:538} INFO - Filling up the DagBag from /opt/airflow/dags/segundadag.py
[2024-02-28T20:46:16.646+0000] {processor.py:753} INFO - DAG(s) dict_keys(['segunda_dag']) retrieved from /opt/airflow/dags/segundadag.py
[2024-02-28T20:46:16.654+0000] {logging_mixin.py:137} INFO - [2024-02-28T20:46:16.654+0000] {dag.py:2690} INFO - Sync 1 DAGs
[2024-02-28T20:46:16.669+0000] {logging_mixin.py:137} INFO - [2024-02-28T20:46:16.669+0000] {dag.py:3441} INFO - Setting next_dagrun for segunda_dag to None, run_after=None
[2024-02-28T20:46:16.679+0000] {processor.py:175} INFO - Processing /opt/airflow/dags/segundadag.py took 0.046 seconds
[2024-02-28T20:46:22.561+0000] {processor.py:153} INFO - Started process (PID=255) to work on /opt/airflow/dags/segundadag.py
[2024-02-28T20:46:22.561+0000] {processor.py:743} INFO - Processing file /opt/airflow/dags/segundadag.py for tasks to queue
[2024-02-28T20:46:22.562+0000] {logging_mixin.py:137} INFO - [2024-02-28T20:46:22.562+0000] {dagbag.py:538} INFO - Filling up the DagBag from /opt/airflow/dags/segundadag.py
[2024-02-28T20:46:22.571+0000] {processor.py:753} INFO - DAG(s) dict_keys(['segunda_dag']) retrieved from /opt/airflow/dags/segundadag.py
[2024-02-28T20:46:22.582+0000] {logging_mixin.py:137} INFO - [2024-02-28T20:46:22.582+0000] {dag.py:2690} INFO - Sync 1 DAGs
[2024-02-28T20:46:22.598+0000] {logging_mixin.py:137} INFO - [2024-02-28T20:46:22.598+0000] {dag.py:3441} INFO - Setting next_dagrun for segunda_dag to None, run_after=None
[2024-02-28T20:46:22.611+0000] {processor.py:175} INFO - Processing /opt/airflow/dags/segundadag.py took 0.053 seconds
[2024-02-28T20:46:28.402+0000] {processor.py:153} INFO - Started process (PID=304) to work on /opt/airflow/dags/segundadag.py
[2024-02-28T20:46:28.403+0000] {processor.py:743} INFO - Processing file /opt/airflow/dags/segundadag.py for tasks to queue
[2024-02-28T20:46:28.403+0000] {logging_mixin.py:137} INFO - [2024-02-28T20:46:28.403+0000] {dagbag.py:538} INFO - Filling up the DagBag from /opt/airflow/dags/segundadag.py
[2024-02-28T20:46:28.412+0000] {processor.py:753} INFO - DAG(s) dict_keys(['segunda_dag']) retrieved from /opt/airflow/dags/segundadag.py
[2024-02-28T20:46:28.428+0000] {logging_mixin.py:137} INFO - [2024-02-28T20:46:28.427+0000] {dag.py:2690} INFO - Sync 1 DAGs
[2024-02-28T20:46:28.442+0000] {logging_mixin.py:137} INFO - [2024-02-28T20:46:28.442+0000] {dag.py:3441} INFO - Setting next_dagrun for segunda_dag to None, run_after=None
[2024-02-28T20:46:28.453+0000] {processor.py:175} INFO - Processing /opt/airflow/dags/segundadag.py took 0.052 seconds
[2024-02-28T20:46:34.393+0000] {processor.py:153} INFO - Started process (PID=339) to work on /opt/airflow/dags/segundadag.py
[2024-02-28T20:46:34.394+0000] {processor.py:743} INFO - Processing file /opt/airflow/dags/segundadag.py for tasks to queue
[2024-02-28T20:46:34.394+0000] {logging_mixin.py:137} INFO - [2024-02-28T20:46:34.394+0000] {dagbag.py:538} INFO - Filling up the DagBag from /opt/airflow/dags/segundadag.py
[2024-02-28T20:46:34.404+0000] {processor.py:753} INFO - DAG(s) dict_keys(['segunda_dag']) retrieved from /opt/airflow/dags/segundadag.py
[2024-02-28T20:46:34.419+0000] {logging_mixin.py:137} INFO - [2024-02-28T20:46:34.419+0000] {dag.py:2690} INFO - Sync 1 DAGs
[2024-02-28T20:46:34.436+0000] {logging_mixin.py:137} INFO - [2024-02-28T20:46:34.436+0000] {dag.py:3441} INFO - Setting next_dagrun for segunda_dag to None, run_after=None
[2024-02-28T20:46:34.447+0000] {processor.py:175} INFO - Processing /opt/airflow/dags/segundadag.py took 0.056 seconds
[2024-02-28T20:46:39.513+0000] {processor.py:153} INFO - Started process (PID=388) to work on /opt/airflow/dags/segundadag.py
[2024-02-28T20:46:39.514+0000] {processor.py:743} INFO - Processing file /opt/airflow/dags/segundadag.py for tasks to queue
[2024-02-28T20:46:39.515+0000] {logging_mixin.py:137} INFO - [2024-02-28T20:46:39.514+0000] {dagbag.py:538} INFO - Filling up the DagBag from /opt/airflow/dags/segundadag.py
[2024-02-28T20:46:39.523+0000] {processor.py:753} INFO - DAG(s) dict_keys(['segunda_dag']) retrieved from /opt/airflow/dags/segundadag.py
[2024-02-28T20:46:39.539+0000] {logging_mixin.py:137} INFO - [2024-02-28T20:46:39.539+0000] {dag.py:2690} INFO - Sync 1 DAGs
[2024-02-28T20:46:39.554+0000] {logging_mixin.py:137} INFO - [2024-02-28T20:46:39.554+0000] {dag.py:3441} INFO - Setting next_dagrun for segunda_dag to None, run_after=None
[2024-02-28T20:46:39.564+0000] {processor.py:175} INFO - Processing /opt/airflow/dags/segundadag.py took 0.053 seconds
[2024-02-28T20:46:45.520+0000] {processor.py:153} INFO - Started process (PID=421) to work on /opt/airflow/dags/segundadag.py
[2024-02-28T20:46:45.521+0000] {processor.py:743} INFO - Processing file /opt/airflow/dags/segundadag.py for tasks to queue
[2024-02-28T20:46:45.521+0000] {logging_mixin.py:137} INFO - [2024-02-28T20:46:45.521+0000] {dagbag.py:538} INFO - Filling up the DagBag from /opt/airflow/dags/segundadag.py
[2024-02-28T20:46:45.530+0000] {processor.py:753} INFO - DAG(s) dict_keys(['segunda_dag']) retrieved from /opt/airflow/dags/segundadag.py
[2024-02-28T20:46:45.547+0000] {logging_mixin.py:137} INFO - [2024-02-28T20:46:45.547+0000] {dag.py:2690} INFO - Sync 1 DAGs
[2024-02-28T20:46:45.563+0000] {logging_mixin.py:137} INFO - [2024-02-28T20:46:45.562+0000] {dag.py:3441} INFO - Setting next_dagrun for segunda_dag to None, run_after=None
[2024-02-28T20:46:45.574+0000] {processor.py:175} INFO - Processing /opt/airflow/dags/segundadag.py took 0.056 seconds
[2024-02-28T20:46:50.658+0000] {processor.py:153} INFO - Started process (PID=472) to work on /opt/airflow/dags/segundadag.py
[2024-02-28T20:46:50.658+0000] {processor.py:743} INFO - Processing file /opt/airflow/dags/segundadag.py for tasks to queue
[2024-02-28T20:46:50.659+0000] {logging_mixin.py:137} INFO - [2024-02-28T20:46:50.659+0000] {dagbag.py:538} INFO - Filling up the DagBag from /opt/airflow/dags/segundadag.py
[2024-02-28T20:46:50.668+0000] {processor.py:753} INFO - DAG(s) dict_keys(['segunda_dag']) retrieved from /opt/airflow/dags/segundadag.py
[2024-02-28T20:46:50.685+0000] {logging_mixin.py:137} INFO - [2024-02-28T20:46:50.685+0000] {dag.py:2690} INFO - Sync 1 DAGs
[2024-02-28T20:46:50.700+0000] {logging_mixin.py:137} INFO - [2024-02-28T20:46:50.700+0000] {dag.py:3441} INFO - Setting next_dagrun for segunda_dag to None, run_after=None
[2024-02-28T20:46:50.710+0000] {processor.py:175} INFO - Processing /opt/airflow/dags/segundadag.py took 0.054 seconds
[2024-02-28T20:46:55.756+0000] {processor.py:153} INFO - Started process (PID=499) to work on /opt/airflow/dags/segundadag.py
[2024-02-28T20:46:55.757+0000] {processor.py:743} INFO - Processing file /opt/airflow/dags/segundadag.py for tasks to queue
[2024-02-28T20:46:55.757+0000] {logging_mixin.py:137} INFO - [2024-02-28T20:46:55.757+0000] {dagbag.py:538} INFO - Filling up the DagBag from /opt/airflow/dags/segundadag.py
[2024-02-28T20:46:55.767+0000] {processor.py:753} INFO - DAG(s) dict_keys(['segunda_dag']) retrieved from /opt/airflow/dags/segundadag.py
[2024-02-28T20:46:55.784+0000] {logging_mixin.py:137} INFO - [2024-02-28T20:46:55.784+0000] {dag.py:2690} INFO - Sync 1 DAGs
[2024-02-28T20:46:55.799+0000] {logging_mixin.py:137} INFO - [2024-02-28T20:46:55.799+0000] {dag.py:3441} INFO - Setting next_dagrun for segunda_dag to None, run_after=None
[2024-02-28T20:46:55.810+0000] {processor.py:175} INFO - Processing /opt/airflow/dags/segundadag.py took 0.056 seconds
[2024-02-28T20:47:01.783+0000] {processor.py:153} INFO - Started process (PID=558) to work on /opt/airflow/dags/segundadag.py
[2024-02-28T20:47:01.783+0000] {processor.py:743} INFO - Processing file /opt/airflow/dags/segundadag.py for tasks to queue
[2024-02-28T20:47:01.784+0000] {logging_mixin.py:137} INFO - [2024-02-28T20:47:01.784+0000] {dagbag.py:538} INFO - Filling up the DagBag from /opt/airflow/dags/segundadag.py
[2024-02-28T20:47:01.793+0000] {processor.py:753} INFO - DAG(s) dict_keys(['segunda_dag']) retrieved from /opt/airflow/dags/segundadag.py
[2024-02-28T20:47:01.807+0000] {logging_mixin.py:137} INFO - [2024-02-28T20:47:01.807+0000] {dag.py:2690} INFO - Sync 1 DAGs
[2024-02-28T20:47:01.822+0000] {logging_mixin.py:137} INFO - [2024-02-28T20:47:01.821+0000] {dag.py:3441} INFO - Setting next_dagrun for segunda_dag to None, run_after=None
[2024-02-28T20:47:01.832+0000] {processor.py:175} INFO - Processing /opt/airflow/dags/segundadag.py took 0.051 seconds
[2024-02-28T20:47:06.893+0000] {processor.py:153} INFO - Started process (PID=584) to work on /opt/airflow/dags/segundadag.py
[2024-02-28T20:47:06.894+0000] {processor.py:743} INFO - Processing file /opt/airflow/dags/segundadag.py for tasks to queue
[2024-02-28T20:47:06.895+0000] {logging_mixin.py:137} INFO - [2024-02-28T20:47:06.894+0000] {dagbag.py:538} INFO - Filling up the DagBag from /opt/airflow/dags/segundadag.py
[2024-02-28T20:47:06.908+0000] {processor.py:753} INFO - DAG(s) dict_keys(['segunda_dag']) retrieved from /opt/airflow/dags/segundadag.py
[2024-02-28T20:47:06.929+0000] {logging_mixin.py:137} INFO - [2024-02-28T20:47:06.928+0000] {dag.py:2690} INFO - Sync 1 DAGs
[2024-02-28T20:47:06.947+0000] {logging_mixin.py:137} INFO - [2024-02-28T20:47:06.947+0000] {dag.py:3441} INFO - Setting next_dagrun for segunda_dag to None, run_after=None
[2024-02-28T20:47:06.960+0000] {processor.py:175} INFO - Processing /opt/airflow/dags/segundadag.py took 0.069 seconds
[2024-02-28T20:47:12.933+0000] {processor.py:153} INFO - Started process (PID=642) to work on /opt/airflow/dags/segundadag.py
[2024-02-28T20:47:12.934+0000] {processor.py:743} INFO - Processing file /opt/airflow/dags/segundadag.py for tasks to queue
[2024-02-28T20:47:12.935+0000] {logging_mixin.py:137} INFO - [2024-02-28T20:47:12.935+0000] {dagbag.py:538} INFO - Filling up the DagBag from /opt/airflow/dags/segundadag.py
[2024-02-28T20:47:12.945+0000] {processor.py:753} INFO - DAG(s) dict_keys(['segunda_dag']) retrieved from /opt/airflow/dags/segundadag.py
[2024-02-28T20:47:12.963+0000] {logging_mixin.py:137} INFO - [2024-02-28T20:47:12.963+0000] {dag.py:2690} INFO - Sync 1 DAGs
[2024-02-28T20:47:12.979+0000] {logging_mixin.py:137} INFO - [2024-02-28T20:47:12.979+0000] {dag.py:3441} INFO - Setting next_dagrun for segunda_dag to None, run_after=None
[2024-02-28T20:47:12.990+0000] {processor.py:175} INFO - Processing /opt/airflow/dags/segundadag.py took 0.059 seconds
[2024-02-28T20:47:18.747+0000] {processor.py:153} INFO - Started process (PID=668) to work on /opt/airflow/dags/segundadag.py
[2024-02-28T20:47:18.748+0000] {processor.py:743} INFO - Processing file /opt/airflow/dags/segundadag.py for tasks to queue
[2024-02-28T20:47:18.748+0000] {logging_mixin.py:137} INFO - [2024-02-28T20:47:18.748+0000] {dagbag.py:538} INFO - Filling up the DagBag from /opt/airflow/dags/segundadag.py
[2024-02-28T20:47:18.758+0000] {processor.py:753} INFO - DAG(s) dict_keys(['segunda_dag']) retrieved from /opt/airflow/dags/segundadag.py
[2024-02-28T20:47:18.774+0000] {logging_mixin.py:137} INFO - [2024-02-28T20:47:18.774+0000] {dag.py:2690} INFO - Sync 1 DAGs
[2024-02-28T20:47:18.789+0000] {logging_mixin.py:137} INFO - [2024-02-28T20:47:18.789+0000] {dag.py:3441} INFO - Setting next_dagrun for segunda_dag to None, run_after=None
[2024-02-28T20:47:18.800+0000] {processor.py:175} INFO - Processing /opt/airflow/dags/segundadag.py took 0.055 seconds
[2024-02-28T20:47:24.639+0000] {processor.py:153} INFO - Started process (PID=726) to work on /opt/airflow/dags/segundadag.py
[2024-02-28T20:47:24.640+0000] {processor.py:743} INFO - Processing file /opt/airflow/dags/segundadag.py for tasks to queue
[2024-02-28T20:47:24.640+0000] {logging_mixin.py:137} INFO - [2024-02-28T20:47:24.640+0000] {dagbag.py:538} INFO - Filling up the DagBag from /opt/airflow/dags/segundadag.py
[2024-02-28T20:47:24.650+0000] {processor.py:753} INFO - DAG(s) dict_keys(['segunda_dag']) retrieved from /opt/airflow/dags/segundadag.py
[2024-02-28T20:47:24.666+0000] {logging_mixin.py:137} INFO - [2024-02-28T20:47:24.666+0000] {dag.py:2690} INFO - Sync 1 DAGs
[2024-02-28T20:47:24.681+0000] {logging_mixin.py:137} INFO - [2024-02-28T20:47:24.681+0000] {dag.py:3441} INFO - Setting next_dagrun for segunda_dag to None, run_after=None
[2024-02-28T20:47:24.692+0000] {processor.py:175} INFO - Processing /opt/airflow/dags/segundadag.py took 0.055 seconds
[2024-02-28T20:47:30.471+0000] {processor.py:153} INFO - Started process (PID=752) to work on /opt/airflow/dags/segundadag.py
[2024-02-28T20:47:30.471+0000] {processor.py:743} INFO - Processing file /opt/airflow/dags/segundadag.py for tasks to queue
[2024-02-28T20:47:30.472+0000] {logging_mixin.py:137} INFO - [2024-02-28T20:47:30.471+0000] {dagbag.py:538} INFO - Filling up the DagBag from /opt/airflow/dags/segundadag.py
[2024-02-28T20:47:30.480+0000] {processor.py:753} INFO - DAG(s) dict_keys(['segunda_dag']) retrieved from /opt/airflow/dags/segundadag.py
[2024-02-28T20:47:30.499+0000] {logging_mixin.py:137} INFO - [2024-02-28T20:47:30.499+0000] {dag.py:2690} INFO - Sync 1 DAGs
[2024-02-28T20:47:30.514+0000] {logging_mixin.py:137} INFO - [2024-02-28T20:47:30.514+0000] {dag.py:3441} INFO - Setting next_dagrun for segunda_dag to None, run_after=None
[2024-02-28T20:47:30.526+0000] {processor.py:175} INFO - Processing /opt/airflow/dags/segundadag.py took 0.058 seconds
[2024-02-28T20:47:36.328+0000] {processor.py:153} INFO - Started process (PID=810) to work on /opt/airflow/dags/segundadag.py
[2024-02-28T20:47:36.328+0000] {processor.py:743} INFO - Processing file /opt/airflow/dags/segundadag.py for tasks to queue
[2024-02-28T20:47:36.329+0000] {logging_mixin.py:137} INFO - [2024-02-28T20:47:36.329+0000] {dagbag.py:538} INFO - Filling up the DagBag from /opt/airflow/dags/segundadag.py
[2024-02-28T20:47:36.337+0000] {processor.py:753} INFO - DAG(s) dict_keys(['segunda_dag']) retrieved from /opt/airflow/dags/segundadag.py
[2024-02-28T20:47:36.353+0000] {logging_mixin.py:137} INFO - [2024-02-28T20:47:36.353+0000] {dag.py:2690} INFO - Sync 1 DAGs
[2024-02-28T20:47:36.367+0000] {logging_mixin.py:137} INFO - [2024-02-28T20:47:36.367+0000] {dag.py:3441} INFO - Setting next_dagrun for segunda_dag to None, run_after=None
[2024-02-28T20:47:36.378+0000] {processor.py:175} INFO - Processing /opt/airflow/dags/segundadag.py took 0.053 seconds
[2024-02-28T20:47:42.299+0000] {processor.py:153} INFO - Started process (PID=836) to work on /opt/airflow/dags/segundadag.py
[2024-02-28T20:47:42.300+0000] {processor.py:743} INFO - Processing file /opt/airflow/dags/segundadag.py for tasks to queue
[2024-02-28T20:47:42.300+0000] {logging_mixin.py:137} INFO - [2024-02-28T20:47:42.300+0000] {dagbag.py:538} INFO - Filling up the DagBag from /opt/airflow/dags/segundadag.py
[2024-02-28T20:47:42.309+0000] {processor.py:753} INFO - DAG(s) dict_keys(['segunda_dag']) retrieved from /opt/airflow/dags/segundadag.py
[2024-02-28T20:47:42.326+0000] {logging_mixin.py:137} INFO - [2024-02-28T20:47:42.326+0000] {dag.py:2690} INFO - Sync 1 DAGs
[2024-02-28T20:47:42.342+0000] {logging_mixin.py:137} INFO - [2024-02-28T20:47:42.342+0000] {dag.py:3441} INFO - Setting next_dagrun for segunda_dag to None, run_after=None
[2024-02-28T20:47:42.354+0000] {processor.py:175} INFO - Processing /opt/airflow/dags/segundadag.py took 0.057 seconds
[2024-02-28T20:47:48.076+0000] {processor.py:153} INFO - Started process (PID=894) to work on /opt/airflow/dags/segundadag.py
[2024-02-28T20:47:48.076+0000] {processor.py:743} INFO - Processing file /opt/airflow/dags/segundadag.py for tasks to queue
[2024-02-28T20:47:48.077+0000] {logging_mixin.py:137} INFO - [2024-02-28T20:47:48.077+0000] {dagbag.py:538} INFO - Filling up the DagBag from /opt/airflow/dags/segundadag.py
[2024-02-28T20:47:48.085+0000] {processor.py:753} INFO - DAG(s) dict_keys(['segunda_dag']) retrieved from /opt/airflow/dags/segundadag.py
[2024-02-28T20:47:48.101+0000] {logging_mixin.py:137} INFO - [2024-02-28T20:47:48.101+0000] {dag.py:2690} INFO - Sync 1 DAGs
[2024-02-28T20:47:48.116+0000] {logging_mixin.py:137} INFO - [2024-02-28T20:47:48.116+0000] {dag.py:3441} INFO - Setting next_dagrun for segunda_dag to None, run_after=None
[2024-02-28T20:47:48.127+0000] {processor.py:175} INFO - Processing /opt/airflow/dags/segundadag.py took 0.053 seconds
[2024-02-28T20:47:53.918+0000] {processor.py:153} INFO - Started process (PID=920) to work on /opt/airflow/dags/segundadag.py
[2024-02-28T20:47:53.918+0000] {processor.py:743} INFO - Processing file /opt/airflow/dags/segundadag.py for tasks to queue
[2024-02-28T20:47:53.919+0000] {logging_mixin.py:137} INFO - [2024-02-28T20:47:53.919+0000] {dagbag.py:538} INFO - Filling up the DagBag from /opt/airflow/dags/segundadag.py
[2024-02-28T20:47:53.928+0000] {processor.py:753} INFO - DAG(s) dict_keys(['segunda_dag']) retrieved from /opt/airflow/dags/segundadag.py
[2024-02-28T20:47:53.944+0000] {logging_mixin.py:137} INFO - [2024-02-28T20:47:53.944+0000] {dag.py:2690} INFO - Sync 1 DAGs
[2024-02-28T20:47:53.961+0000] {logging_mixin.py:137} INFO - [2024-02-28T20:47:53.960+0000] {dag.py:3441} INFO - Setting next_dagrun for segunda_dag to None, run_after=None
[2024-02-28T20:47:53.971+0000] {processor.py:175} INFO - Processing /opt/airflow/dags/segundadag.py took 0.056 seconds
[2024-02-28T20:47:59.800+0000] {processor.py:153} INFO - Started process (PID=978) to work on /opt/airflow/dags/segundadag.py
[2024-02-28T20:47:59.801+0000] {processor.py:743} INFO - Processing file /opt/airflow/dags/segundadag.py for tasks to queue
[2024-02-28T20:47:59.801+0000] {logging_mixin.py:137} INFO - [2024-02-28T20:47:59.801+0000] {dagbag.py:538} INFO - Filling up the DagBag from /opt/airflow/dags/segundadag.py
[2024-02-28T20:47:59.810+0000] {processor.py:753} INFO - DAG(s) dict_keys(['segunda_dag']) retrieved from /opt/airflow/dags/segundadag.py
[2024-02-28T20:47:59.827+0000] {logging_mixin.py:137} INFO - [2024-02-28T20:47:59.827+0000] {dag.py:2690} INFO - Sync 1 DAGs
[2024-02-28T20:47:59.842+0000] {logging_mixin.py:137} INFO - [2024-02-28T20:47:59.842+0000] {dag.py:3441} INFO - Setting next_dagrun for segunda_dag to None, run_after=None
[2024-02-28T20:47:59.853+0000] {processor.py:175} INFO - Processing /opt/airflow/dags/segundadag.py took 0.054 seconds
[2024-02-28T20:48:05.608+0000] {processor.py:153} INFO - Started process (PID=1004) to work on /opt/airflow/dags/segundadag.py
[2024-02-28T20:48:05.609+0000] {processor.py:743} INFO - Processing file /opt/airflow/dags/segundadag.py for tasks to queue
[2024-02-28T20:48:05.609+0000] {logging_mixin.py:137} INFO - [2024-02-28T20:48:05.609+0000] {dagbag.py:538} INFO - Filling up the DagBag from /opt/airflow/dags/segundadag.py
[2024-02-28T20:48:05.618+0000] {processor.py:753} INFO - DAG(s) dict_keys(['segunda_dag']) retrieved from /opt/airflow/dags/segundadag.py
[2024-02-28T20:48:05.635+0000] {logging_mixin.py:137} INFO - [2024-02-28T20:48:05.634+0000] {dag.py:2690} INFO - Sync 1 DAGs
[2024-02-28T20:48:05.652+0000] {logging_mixin.py:137} INFO - [2024-02-28T20:48:05.652+0000] {dag.py:3441} INFO - Setting next_dagrun for segunda_dag to None, run_after=None
[2024-02-28T20:48:05.668+0000] {processor.py:175} INFO - Processing /opt/airflow/dags/segundadag.py took 0.061 seconds
[2024-02-28T20:48:11.417+0000] {processor.py:153} INFO - Started process (PID=1062) to work on /opt/airflow/dags/segundadag.py
[2024-02-28T20:48:11.418+0000] {processor.py:743} INFO - Processing file /opt/airflow/dags/segundadag.py for tasks to queue
[2024-02-28T20:48:11.418+0000] {logging_mixin.py:137} INFO - [2024-02-28T20:48:11.418+0000] {dagbag.py:538} INFO - Filling up the DagBag from /opt/airflow/dags/segundadag.py
[2024-02-28T20:48:11.427+0000] {processor.py:753} INFO - DAG(s) dict_keys(['segunda_dag']) retrieved from /opt/airflow/dags/segundadag.py
[2024-02-28T20:48:11.443+0000] {logging_mixin.py:137} INFO - [2024-02-28T20:48:11.443+0000] {dag.py:2690} INFO - Sync 1 DAGs
[2024-02-28T20:48:11.458+0000] {logging_mixin.py:137} INFO - [2024-02-28T20:48:11.458+0000] {dag.py:3441} INFO - Setting next_dagrun for segunda_dag to None, run_after=None
[2024-02-28T20:48:11.470+0000] {processor.py:175} INFO - Processing /opt/airflow/dags/segundadag.py took 0.055 seconds
[2024-02-28T20:48:17.234+0000] {processor.py:153} INFO - Started process (PID=1094) to work on /opt/airflow/dags/segundadag.py
[2024-02-28T20:48:17.235+0000] {processor.py:743} INFO - Processing file /opt/airflow/dags/segundadag.py for tasks to queue
[2024-02-28T20:48:17.235+0000] {logging_mixin.py:137} INFO - [2024-02-28T20:48:17.235+0000] {dagbag.py:538} INFO - Filling up the DagBag from /opt/airflow/dags/segundadag.py
[2024-02-28T20:48:17.244+0000] {processor.py:753} INFO - DAG(s) dict_keys(['segunda_dag']) retrieved from /opt/airflow/dags/segundadag.py
[2024-02-28T20:48:17.260+0000] {logging_mixin.py:137} INFO - [2024-02-28T20:48:17.260+0000] {dag.py:2690} INFO - Sync 1 DAGs
[2024-02-28T20:48:17.274+0000] {logging_mixin.py:137} INFO - [2024-02-28T20:48:17.274+0000] {dag.py:3441} INFO - Setting next_dagrun for segunda_dag to None, run_after=None
[2024-02-28T20:48:17.286+0000] {processor.py:175} INFO - Processing /opt/airflow/dags/segundadag.py took 0.055 seconds
[2024-02-28T20:48:23.112+0000] {processor.py:153} INFO - Started process (PID=1146) to work on /opt/airflow/dags/segundadag.py
[2024-02-28T20:48:23.112+0000] {processor.py:743} INFO - Processing file /opt/airflow/dags/segundadag.py for tasks to queue
[2024-02-28T20:48:23.113+0000] {logging_mixin.py:137} INFO - [2024-02-28T20:48:23.113+0000] {dagbag.py:538} INFO - Filling up the DagBag from /opt/airflow/dags/segundadag.py
[2024-02-28T20:48:23.122+0000] {processor.py:753} INFO - DAG(s) dict_keys(['segunda_dag']) retrieved from /opt/airflow/dags/segundadag.py
[2024-02-28T20:48:23.141+0000] {logging_mixin.py:137} INFO - [2024-02-28T20:48:23.141+0000] {dag.py:2690} INFO - Sync 1 DAGs
[2024-02-28T20:48:23.159+0000] {logging_mixin.py:137} INFO - [2024-02-28T20:48:23.159+0000] {dag.py:3441} INFO - Setting next_dagrun for segunda_dag to None, run_after=None
[2024-02-28T20:48:23.172+0000] {processor.py:175} INFO - Processing /opt/airflow/dags/segundadag.py took 0.063 seconds
[2024-02-28T20:48:29.076+0000] {processor.py:153} INFO - Started process (PID=1181) to work on /opt/airflow/dags/segundadag.py
[2024-02-28T20:48:29.076+0000] {processor.py:743} INFO - Processing file /opt/airflow/dags/segundadag.py for tasks to queue
[2024-02-28T20:48:29.077+0000] {logging_mixin.py:137} INFO - [2024-02-28T20:48:29.077+0000] {dagbag.py:538} INFO - Filling up the DagBag from /opt/airflow/dags/segundadag.py
[2024-02-28T20:48:29.090+0000] {processor.py:753} INFO - DAG(s) dict_keys(['segunda_dag']) retrieved from /opt/airflow/dags/segundadag.py
[2024-02-28T20:48:29.113+0000] {logging_mixin.py:137} INFO - [2024-02-28T20:48:29.113+0000] {dag.py:2690} INFO - Sync 1 DAGs
[2024-02-28T20:48:29.134+0000] {logging_mixin.py:137} INFO - [2024-02-28T20:48:29.134+0000] {dag.py:3441} INFO - Setting next_dagrun for segunda_dag to None, run_after=None
[2024-02-28T20:48:29.150+0000] {processor.py:175} INFO - Processing /opt/airflow/dags/segundadag.py took 0.077 seconds
[2024-02-28T20:48:34.857+0000] {processor.py:153} INFO - Started process (PID=1230) to work on /opt/airflow/dags/segundadag.py
[2024-02-28T20:48:34.857+0000] {processor.py:743} INFO - Processing file /opt/airflow/dags/segundadag.py for tasks to queue
[2024-02-28T20:48:34.858+0000] {logging_mixin.py:137} INFO - [2024-02-28T20:48:34.858+0000] {dagbag.py:538} INFO - Filling up the DagBag from /opt/airflow/dags/segundadag.py
[2024-02-28T20:48:34.868+0000] {processor.py:753} INFO - DAG(s) dict_keys(['segunda_dag']) retrieved from /opt/airflow/dags/segundadag.py
[2024-02-28T20:48:34.885+0000] {logging_mixin.py:137} INFO - [2024-02-28T20:48:34.884+0000] {dag.py:2690} INFO - Sync 1 DAGs
[2024-02-28T20:48:34.899+0000] {logging_mixin.py:137} INFO - [2024-02-28T20:48:34.899+0000] {dag.py:3441} INFO - Setting next_dagrun for segunda_dag to None, run_after=None
[2024-02-28T20:48:34.911+0000] {processor.py:175} INFO - Processing /opt/airflow/dags/segundadag.py took 0.056 seconds
[2024-02-28T20:48:40.675+0000] {processor.py:153} INFO - Started process (PID=1263) to work on /opt/airflow/dags/segundadag.py
[2024-02-28T20:48:40.675+0000] {processor.py:743} INFO - Processing file /opt/airflow/dags/segundadag.py for tasks to queue
[2024-02-28T20:48:40.676+0000] {logging_mixin.py:137} INFO - [2024-02-28T20:48:40.676+0000] {dagbag.py:538} INFO - Filling up the DagBag from /opt/airflow/dags/segundadag.py
[2024-02-28T20:48:40.688+0000] {processor.py:753} INFO - DAG(s) dict_keys(['segunda_dag']) retrieved from /opt/airflow/dags/segundadag.py
[2024-02-28T20:48:40.704+0000] {logging_mixin.py:137} INFO - [2024-02-28T20:48:40.704+0000] {dag.py:2690} INFO - Sync 1 DAGs
[2024-02-28T20:48:40.719+0000] {logging_mixin.py:137} INFO - [2024-02-28T20:48:40.719+0000] {dag.py:3441} INFO - Setting next_dagrun for segunda_dag to None, run_after=None
[2024-02-28T20:48:40.730+0000] {processor.py:175} INFO - Processing /opt/airflow/dags/segundadag.py took 0.058 seconds
[2024-02-28T20:48:46.495+0000] {processor.py:153} INFO - Started process (PID=1314) to work on /opt/airflow/dags/segundadag.py
[2024-02-28T20:48:46.496+0000] {processor.py:743} INFO - Processing file /opt/airflow/dags/segundadag.py for tasks to queue
[2024-02-28T20:48:46.496+0000] {logging_mixin.py:137} INFO - [2024-02-28T20:48:46.496+0000] {dagbag.py:538} INFO - Filling up the DagBag from /opt/airflow/dags/segundadag.py
[2024-02-28T20:48:46.505+0000] {processor.py:753} INFO - DAG(s) dict_keys(['segunda_dag']) retrieved from /opt/airflow/dags/segundadag.py
[2024-02-28T20:48:46.522+0000] {logging_mixin.py:137} INFO - [2024-02-28T20:48:46.522+0000] {dag.py:2690} INFO - Sync 1 DAGs
[2024-02-28T20:48:46.538+0000] {logging_mixin.py:137} INFO - [2024-02-28T20:48:46.537+0000] {dag.py:3441} INFO - Setting next_dagrun for segunda_dag to None, run_after=None
[2024-02-28T20:48:46.550+0000] {processor.py:175} INFO - Processing /opt/airflow/dags/segundadag.py took 0.056 seconds
[2024-02-28T20:48:52.369+0000] {processor.py:153} INFO - Started process (PID=1349) to work on /opt/airflow/dags/segundadag.py
[2024-02-28T20:48:52.370+0000] {processor.py:743} INFO - Processing file /opt/airflow/dags/segundadag.py for tasks to queue
[2024-02-28T20:48:52.370+0000] {logging_mixin.py:137} INFO - [2024-02-28T20:48:52.370+0000] {dagbag.py:538} INFO - Filling up the DagBag from /opt/airflow/dags/segundadag.py
[2024-02-28T20:48:52.380+0000] {processor.py:753} INFO - DAG(s) dict_keys(['segunda_dag']) retrieved from /opt/airflow/dags/segundadag.py
[2024-02-28T20:48:52.396+0000] {logging_mixin.py:137} INFO - [2024-02-28T20:48:52.396+0000] {dag.py:2690} INFO - Sync 1 DAGs
[2024-02-28T20:48:52.412+0000] {logging_mixin.py:137} INFO - [2024-02-28T20:48:52.412+0000] {dag.py:3441} INFO - Setting next_dagrun for segunda_dag to None, run_after=None
[2024-02-28T20:48:52.423+0000] {processor.py:175} INFO - Processing /opt/airflow/dags/segundadag.py took 0.056 seconds
[2024-02-28T20:48:58.236+0000] {processor.py:153} INFO - Started process (PID=1398) to work on /opt/airflow/dags/segundadag.py
[2024-02-28T20:48:58.236+0000] {processor.py:743} INFO - Processing file /opt/airflow/dags/segundadag.py for tasks to queue
[2024-02-28T20:48:58.237+0000] {logging_mixin.py:137} INFO - [2024-02-28T20:48:58.236+0000] {dagbag.py:538} INFO - Filling up the DagBag from /opt/airflow/dags/segundadag.py
[2024-02-28T20:48:58.245+0000] {processor.py:753} INFO - DAG(s) dict_keys(['segunda_dag']) retrieved from /opt/airflow/dags/segundadag.py
[2024-02-28T20:48:58.261+0000] {logging_mixin.py:137} INFO - [2024-02-28T20:48:58.261+0000] {dag.py:2690} INFO - Sync 1 DAGs
[2024-02-28T20:48:58.276+0000] {logging_mixin.py:137} INFO - [2024-02-28T20:48:58.276+0000] {dag.py:3441} INFO - Setting next_dagrun for segunda_dag to None, run_after=None
[2024-02-28T20:48:58.287+0000] {processor.py:175} INFO - Processing /opt/airflow/dags/segundadag.py took 0.053 seconds
[2024-02-28T20:49:04.155+0000] {processor.py:153} INFO - Started process (PID=1433) to work on /opt/airflow/dags/segundadag.py
[2024-02-28T20:49:04.156+0000] {processor.py:743} INFO - Processing file /opt/airflow/dags/segundadag.py for tasks to queue
[2024-02-28T20:49:04.157+0000] {logging_mixin.py:137} INFO - [2024-02-28T20:49:04.157+0000] {dagbag.py:538} INFO - Filling up the DagBag from /opt/airflow/dags/segundadag.py
[2024-02-28T20:49:04.170+0000] {processor.py:753} INFO - DAG(s) dict_keys(['segunda_dag']) retrieved from /opt/airflow/dags/segundadag.py
[2024-02-28T20:49:04.196+0000] {logging_mixin.py:137} INFO - [2024-02-28T20:49:04.196+0000] {dag.py:2690} INFO - Sync 1 DAGs
[2024-02-28T20:49:04.217+0000] {logging_mixin.py:137} INFO - [2024-02-28T20:49:04.216+0000] {dag.py:3441} INFO - Setting next_dagrun for segunda_dag to None, run_after=None
[2024-02-28T20:49:04.235+0000] {processor.py:175} INFO - Processing /opt/airflow/dags/segundadag.py took 0.083 seconds
[2024-02-28T20:49:10.062+0000] {processor.py:153} INFO - Started process (PID=1482) to work on /opt/airflow/dags/segundadag.py
[2024-02-28T20:49:10.063+0000] {processor.py:743} INFO - Processing file /opt/airflow/dags/segundadag.py for tasks to queue
[2024-02-28T20:49:10.063+0000] {logging_mixin.py:137} INFO - [2024-02-28T20:49:10.063+0000] {dagbag.py:538} INFO - Filling up the DagBag from /opt/airflow/dags/segundadag.py
[2024-02-28T20:49:10.073+0000] {processor.py:753} INFO - DAG(s) dict_keys(['segunda_dag']) retrieved from /opt/airflow/dags/segundadag.py
[2024-02-28T20:49:10.089+0000] {logging_mixin.py:137} INFO - [2024-02-28T20:49:10.089+0000] {dag.py:2690} INFO - Sync 1 DAGs
[2024-02-28T20:49:10.106+0000] {logging_mixin.py:137} INFO - [2024-02-28T20:49:10.106+0000] {dag.py:3441} INFO - Setting next_dagrun for segunda_dag to None, run_after=None
[2024-02-28T20:49:10.118+0000] {processor.py:175} INFO - Processing /opt/airflow/dags/segundadag.py took 0.058 seconds
[2024-02-28T20:49:16.057+0000] {processor.py:153} INFO - Started process (PID=1539) to work on /opt/airflow/dags/segundadag.py
[2024-02-28T20:49:16.058+0000] {processor.py:743} INFO - Processing file /opt/airflow/dags/segundadag.py for tasks to queue
[2024-02-28T20:49:16.059+0000] {logging_mixin.py:137} INFO - [2024-02-28T20:49:16.058+0000] {dagbag.py:538} INFO - Filling up the DagBag from /opt/airflow/dags/segundadag.py
[2024-02-28T20:49:16.073+0000] {processor.py:753} INFO - DAG(s) dict_keys(['segunda_dag']) retrieved from /opt/airflow/dags/segundadag.py
[2024-02-28T20:49:16.099+0000] {logging_mixin.py:137} INFO - [2024-02-28T20:49:16.099+0000] {dag.py:2690} INFO - Sync 1 DAGs
[2024-02-28T20:49:16.125+0000] {logging_mixin.py:137} INFO - [2024-02-28T20:49:16.125+0000] {dag.py:3441} INFO - Setting next_dagrun for segunda_dag to None, run_after=None
[2024-02-28T20:49:16.145+0000] {processor.py:175} INFO - Processing /opt/airflow/dags/segundadag.py took 0.092 seconds
[2024-02-28T20:49:21.950+0000] {processor.py:153} INFO - Started process (PID=1564) to work on /opt/airflow/dags/segundadag.py
[2024-02-28T20:49:21.951+0000] {processor.py:743} INFO - Processing file /opt/airflow/dags/segundadag.py for tasks to queue
[2024-02-28T20:49:21.951+0000] {logging_mixin.py:137} INFO - [2024-02-28T20:49:21.951+0000] {dagbag.py:538} INFO - Filling up the DagBag from /opt/airflow/dags/segundadag.py
[2024-02-28T20:49:21.963+0000] {processor.py:753} INFO - DAG(s) dict_keys(['segunda_dag']) retrieved from /opt/airflow/dags/segundadag.py
[2024-02-28T20:49:21.987+0000] {logging_mixin.py:137} INFO - [2024-02-28T20:49:21.987+0000] {dag.py:2690} INFO - Sync 1 DAGs
[2024-02-28T20:49:22.009+0000] {logging_mixin.py:137} INFO - [2024-02-28T20:49:22.009+0000] {dag.py:3441} INFO - Setting next_dagrun for segunda_dag to None, run_after=None
[2024-02-28T20:49:22.027+0000] {processor.py:175} INFO - Processing /opt/airflow/dags/segundadag.py took 0.079 seconds
[2024-02-28T20:49:27.837+0000] {processor.py:153} INFO - Started process (PID=1621) to work on /opt/airflow/dags/segundadag.py
[2024-02-28T20:49:27.838+0000] {processor.py:743} INFO - Processing file /opt/airflow/dags/segundadag.py for tasks to queue
[2024-02-28T20:49:27.838+0000] {logging_mixin.py:137} INFO - [2024-02-28T20:49:27.838+0000] {dagbag.py:538} INFO - Filling up the DagBag from /opt/airflow/dags/segundadag.py
[2024-02-28T20:49:27.849+0000] {processor.py:753} INFO - DAG(s) dict_keys(['segunda_dag']) retrieved from /opt/airflow/dags/segundadag.py
[2024-02-28T20:49:27.867+0000] {logging_mixin.py:137} INFO - [2024-02-28T20:49:27.866+0000] {dag.py:2690} INFO - Sync 1 DAGs
[2024-02-28T20:49:27.884+0000] {logging_mixin.py:137} INFO - [2024-02-28T20:49:27.884+0000] {dag.py:3441} INFO - Setting next_dagrun for segunda_dag to None, run_after=None
[2024-02-28T20:49:27.896+0000] {processor.py:175} INFO - Processing /opt/airflow/dags/segundadag.py took 0.061 seconds
[2024-02-28T20:49:32.988+0000] {processor.py:153} INFO - Started process (PID=1645) to work on /opt/airflow/dags/segundadag.py
[2024-02-28T20:49:32.989+0000] {processor.py:743} INFO - Processing file /opt/airflow/dags/segundadag.py for tasks to queue
[2024-02-28T20:49:32.989+0000] {logging_mixin.py:137} INFO - [2024-02-28T20:49:32.989+0000] {dagbag.py:538} INFO - Filling up the DagBag from /opt/airflow/dags/segundadag.py
[2024-02-28T20:49:32.998+0000] {processor.py:753} INFO - DAG(s) dict_keys(['segunda_dag']) retrieved from /opt/airflow/dags/segundadag.py
[2024-02-28T20:49:33.014+0000] {logging_mixin.py:137} INFO - [2024-02-28T20:49:33.014+0000] {dag.py:2690} INFO - Sync 1 DAGs
[2024-02-28T20:49:33.029+0000] {logging_mixin.py:137} INFO - [2024-02-28T20:49:33.029+0000] {dag.py:3441} INFO - Setting next_dagrun for segunda_dag to None, run_after=None
[2024-02-28T20:49:33.041+0000] {processor.py:175} INFO - Processing /opt/airflow/dags/segundadag.py took 0.055 seconds
[2024-02-28T20:50:23.159+0000] {processor.py:153} INFO - Started process (PID=108) to work on /opt/airflow/dags/segundadag.py
[2024-02-28T20:50:23.160+0000] {processor.py:743} INFO - Processing file /opt/airflow/dags/segundadag.py for tasks to queue
[2024-02-28T20:50:23.160+0000] {logging_mixin.py:137} INFO - [2024-02-28T20:50:23.160+0000] {dagbag.py:538} INFO - Filling up the DagBag from /opt/airflow/dags/segundadag.py
[2024-02-28T20:50:23.179+0000] {processor.py:753} INFO - DAG(s) dict_keys(['segunda_dag']) retrieved from /opt/airflow/dags/segundadag.py
[2024-02-28T20:50:23.244+0000] {logging_mixin.py:137} INFO - [2024-02-28T20:50:23.244+0000] {dag.py:2690} INFO - Sync 1 DAGs
[2024-02-28T20:50:23.266+0000] {logging_mixin.py:137} INFO - [2024-02-28T20:50:23.266+0000] {dag.py:3441} INFO - Setting next_dagrun for segunda_dag to None, run_after=None
[2024-02-28T20:50:23.285+0000] {processor.py:175} INFO - Processing /opt/airflow/dags/segundadag.py took 0.129 seconds
[2024-02-28T20:50:29.100+0000] {processor.py:153} INFO - Started process (PID=132) to work on /opt/airflow/dags/segundadag.py
[2024-02-28T20:50:29.100+0000] {processor.py:743} INFO - Processing file /opt/airflow/dags/segundadag.py for tasks to queue
[2024-02-28T20:50:29.101+0000] {logging_mixin.py:137} INFO - [2024-02-28T20:50:29.101+0000] {dagbag.py:538} INFO - Filling up the DagBag from /opt/airflow/dags/segundadag.py
[2024-02-28T20:50:29.112+0000] {processor.py:753} INFO - DAG(s) dict_keys(['segunda_dag']) retrieved from /opt/airflow/dags/segundadag.py
[2024-02-28T20:50:29.121+0000] {logging_mixin.py:137} INFO - [2024-02-28T20:50:29.121+0000] {dag.py:2690} INFO - Sync 1 DAGs
[2024-02-28T20:50:29.139+0000] {logging_mixin.py:137} INFO - [2024-02-28T20:50:29.139+0000] {dag.py:3441} INFO - Setting next_dagrun for segunda_dag to None, run_after=None
[2024-02-28T20:50:29.150+0000] {processor.py:175} INFO - Processing /opt/airflow/dags/segundadag.py took 0.052 seconds
[2024-02-28T20:50:35.012+0000] {processor.py:153} INFO - Started process (PID=188) to work on /opt/airflow/dags/segundadag.py
[2024-02-28T20:50:35.012+0000] {processor.py:743} INFO - Processing file /opt/airflow/dags/segundadag.py for tasks to queue
[2024-02-28T20:50:35.013+0000] {logging_mixin.py:137} INFO - [2024-02-28T20:50:35.013+0000] {dagbag.py:538} INFO - Filling up the DagBag from /opt/airflow/dags/segundadag.py
[2024-02-28T20:50:35.024+0000] {processor.py:753} INFO - DAG(s) dict_keys(['segunda_dag']) retrieved from /opt/airflow/dags/segundadag.py
[2024-02-28T20:50:35.034+0000] {logging_mixin.py:137} INFO - [2024-02-28T20:50:35.034+0000] {dag.py:2690} INFO - Sync 1 DAGs
[2024-02-28T20:50:35.054+0000] {logging_mixin.py:137} INFO - [2024-02-28T20:50:35.054+0000] {dag.py:3441} INFO - Setting next_dagrun for segunda_dag to None, run_after=None
[2024-02-28T20:50:35.066+0000] {processor.py:175} INFO - Processing /opt/airflow/dags/segundadag.py took 0.056 seconds
[2024-02-28T20:50:40.894+0000] {processor.py:153} INFO - Started process (PID=212) to work on /opt/airflow/dags/segundadag.py
[2024-02-28T20:50:40.895+0000] {processor.py:743} INFO - Processing file /opt/airflow/dags/segundadag.py for tasks to queue
[2024-02-28T20:50:40.895+0000] {logging_mixin.py:137} INFO - [2024-02-28T20:50:40.895+0000] {dagbag.py:538} INFO - Filling up the DagBag from /opt/airflow/dags/segundadag.py
[2024-02-28T20:50:40.905+0000] {processor.py:753} INFO - DAG(s) dict_keys(['segunda_dag']) retrieved from /opt/airflow/dags/segundadag.py
[2024-02-28T20:50:40.913+0000] {logging_mixin.py:137} INFO - [2024-02-28T20:50:40.913+0000] {dag.py:2690} INFO - Sync 1 DAGs
[2024-02-28T20:50:40.927+0000] {logging_mixin.py:137} INFO - [2024-02-28T20:50:40.927+0000] {dag.py:3441} INFO - Setting next_dagrun for segunda_dag to None, run_after=None
[2024-02-28T20:50:40.938+0000] {processor.py:175} INFO - Processing /opt/airflow/dags/segundadag.py took 0.045 seconds
[2024-02-28T20:50:46.864+0000] {processor.py:153} INFO - Started process (PID=268) to work on /opt/airflow/dags/segundadag.py
[2024-02-28T20:50:46.865+0000] {processor.py:743} INFO - Processing file /opt/airflow/dags/segundadag.py for tasks to queue
[2024-02-28T20:50:46.865+0000] {logging_mixin.py:137} INFO - [2024-02-28T20:50:46.865+0000] {dagbag.py:538} INFO - Filling up the DagBag from /opt/airflow/dags/segundadag.py
[2024-02-28T20:50:46.875+0000] {processor.py:753} INFO - DAG(s) dict_keys(['segunda_dag']) retrieved from /opt/airflow/dags/segundadag.py
[2024-02-28T20:50:46.884+0000] {logging_mixin.py:137} INFO - [2024-02-28T20:50:46.884+0000] {dag.py:2690} INFO - Sync 1 DAGs
[2024-02-28T20:50:46.899+0000] {logging_mixin.py:137} INFO - [2024-02-28T20:50:46.899+0000] {dag.py:3441} INFO - Setting next_dagrun for segunda_dag to None, run_after=None
[2024-02-28T20:50:46.910+0000] {processor.py:175} INFO - Processing /opt/airflow/dags/segundadag.py took 0.048 seconds
[2024-02-28T20:50:52.732+0000] {processor.py:153} INFO - Started process (PID=292) to work on /opt/airflow/dags/segundadag.py
[2024-02-28T20:50:52.732+0000] {processor.py:743} INFO - Processing file /opt/airflow/dags/segundadag.py for tasks to queue
[2024-02-28T20:50:52.733+0000] {logging_mixin.py:137} INFO - [2024-02-28T20:50:52.733+0000] {dagbag.py:538} INFO - Filling up the DagBag from /opt/airflow/dags/segundadag.py
[2024-02-28T20:50:52.747+0000] {processor.py:753} INFO - DAG(s) dict_keys(['segunda_dag']) retrieved from /opt/airflow/dags/segundadag.py
[2024-02-28T20:50:52.759+0000] {logging_mixin.py:137} INFO - [2024-02-28T20:50:52.759+0000] {dag.py:2690} INFO - Sync 1 DAGs
[2024-02-28T20:50:52.776+0000] {logging_mixin.py:137} INFO - [2024-02-28T20:50:52.776+0000] {dag.py:3441} INFO - Setting next_dagrun for segunda_dag to None, run_after=None
[2024-02-28T20:50:52.789+0000] {processor.py:175} INFO - Processing /opt/airflow/dags/segundadag.py took 0.060 seconds
[2024-02-28T20:50:58.584+0000] {processor.py:153} INFO - Started process (PID=348) to work on /opt/airflow/dags/segundadag.py
[2024-02-28T20:50:58.585+0000] {processor.py:743} INFO - Processing file /opt/airflow/dags/segundadag.py for tasks to queue
[2024-02-28T20:50:58.585+0000] {logging_mixin.py:137} INFO - [2024-02-28T20:50:58.585+0000] {dagbag.py:538} INFO - Filling up the DagBag from /opt/airflow/dags/segundadag.py
[2024-02-28T20:50:58.594+0000] {processor.py:753} INFO - DAG(s) dict_keys(['segunda_dag']) retrieved from /opt/airflow/dags/segundadag.py
[2024-02-28T20:50:58.608+0000] {logging_mixin.py:137} INFO - [2024-02-28T20:50:58.608+0000] {dag.py:2690} INFO - Sync 1 DAGs
[2024-02-28T20:50:58.624+0000] {logging_mixin.py:137} INFO - [2024-02-28T20:50:58.624+0000] {dag.py:3441} INFO - Setting next_dagrun for segunda_dag to None, run_after=None
[2024-02-28T20:50:58.635+0000] {processor.py:175} INFO - Processing /opt/airflow/dags/segundadag.py took 0.053 seconds
[2024-02-28T20:51:04.550+0000] {processor.py:153} INFO - Started process (PID=372) to work on /opt/airflow/dags/segundadag.py
[2024-02-28T20:51:04.551+0000] {processor.py:743} INFO - Processing file /opt/airflow/dags/segundadag.py for tasks to queue
[2024-02-28T20:51:04.551+0000] {logging_mixin.py:137} INFO - [2024-02-28T20:51:04.551+0000] {dagbag.py:538} INFO - Filling up the DagBag from /opt/airflow/dags/segundadag.py
[2024-02-28T20:51:04.560+0000] {processor.py:753} INFO - DAG(s) dict_keys(['segunda_dag']) retrieved from /opt/airflow/dags/segundadag.py
[2024-02-28T20:51:04.577+0000] {logging_mixin.py:137} INFO - [2024-02-28T20:51:04.577+0000] {dag.py:2690} INFO - Sync 1 DAGs
[2024-02-28T20:51:04.592+0000] {logging_mixin.py:137} INFO - [2024-02-28T20:51:04.592+0000] {dag.py:3441} INFO - Setting next_dagrun for segunda_dag to None, run_after=None
[2024-02-28T20:51:04.602+0000] {processor.py:175} INFO - Processing /opt/airflow/dags/segundadag.py took 0.055 seconds
[2024-02-28T20:51:10.400+0000] {processor.py:153} INFO - Started process (PID=428) to work on /opt/airflow/dags/segundadag.py
[2024-02-28T20:51:10.401+0000] {processor.py:743} INFO - Processing file /opt/airflow/dags/segundadag.py for tasks to queue
[2024-02-28T20:51:10.401+0000] {logging_mixin.py:137} INFO - [2024-02-28T20:51:10.401+0000] {dagbag.py:538} INFO - Filling up the DagBag from /opt/airflow/dags/segundadag.py
[2024-02-28T20:51:10.410+0000] {processor.py:753} INFO - DAG(s) dict_keys(['segunda_dag']) retrieved from /opt/airflow/dags/segundadag.py
[2024-02-28T20:51:10.425+0000] {logging_mixin.py:137} INFO - [2024-02-28T20:51:10.425+0000] {dag.py:2690} INFO - Sync 1 DAGs
[2024-02-28T20:51:10.440+0000] {logging_mixin.py:137} INFO - [2024-02-28T20:51:10.440+0000] {dag.py:3441} INFO - Setting next_dagrun for segunda_dag to None, run_after=None
[2024-02-28T20:51:10.451+0000] {processor.py:175} INFO - Processing /opt/airflow/dags/segundadag.py took 0.053 seconds
[2024-02-28T20:51:16.285+0000] {processor.py:153} INFO - Started process (PID=452) to work on /opt/airflow/dags/segundadag.py
[2024-02-28T20:51:16.285+0000] {processor.py:743} INFO - Processing file /opt/airflow/dags/segundadag.py for tasks to queue
[2024-02-28T20:51:16.286+0000] {logging_mixin.py:137} INFO - [2024-02-28T20:51:16.286+0000] {dagbag.py:538} INFO - Filling up the DagBag from /opt/airflow/dags/segundadag.py
[2024-02-28T20:51:16.294+0000] {processor.py:753} INFO - DAG(s) dict_keys(['segunda_dag']) retrieved from /opt/airflow/dags/segundadag.py
[2024-02-28T20:51:16.309+0000] {logging_mixin.py:137} INFO - [2024-02-28T20:51:16.309+0000] {dag.py:2690} INFO - Sync 1 DAGs
[2024-02-28T20:51:16.324+0000] {logging_mixin.py:137} INFO - [2024-02-28T20:51:16.324+0000] {dag.py:3441} INFO - Setting next_dagrun for segunda_dag to None, run_after=None
[2024-02-28T20:51:16.334+0000] {processor.py:175} INFO - Processing /opt/airflow/dags/segundadag.py took 0.051 seconds
