[2024-02-28T20:45:57.881+0000] {processor.py:153} INFO - Started process (PID=77) to work on /opt/airflow/dags/terceiratag.py
[2024-02-28T20:45:57.881+0000] {processor.py:743} INFO - Processing file /opt/airflow/dags/terceiratag.py for tasks to queue
[2024-02-28T20:45:57.882+0000] {logging_mixin.py:137} INFO - [2024-02-28T20:45:57.882+0000] {dagbag.py:538} INFO - Filling up the DagBag from /opt/airflow/dags/terceiratag.py
[2024-02-28T20:45:57.892+0000] {processor.py:753} INFO - DAG(s) dict_keys(['terceira_dag']) retrieved from /opt/airflow/dags/terceiratag.py
[2024-02-28T20:45:57.970+0000] {logging_mixin.py:137} INFO - [2024-02-28T20:45:57.970+0000] {manager.py:504} INFO - Created Permission View: can edit on DAG:terceira_dag
[2024-02-28T20:45:57.976+0000] {logging_mixin.py:137} INFO - [2024-02-28T20:45:57.976+0000] {manager.py:504} INFO - Created Permission View: can delete on DAG:terceira_dag
[2024-02-28T20:45:57.981+0000] {logging_mixin.py:137} INFO - [2024-02-28T20:45:57.981+0000] {manager.py:504} INFO - Created Permission View: can read on DAG:terceira_dag
[2024-02-28T20:45:57.981+0000] {logging_mixin.py:137} INFO - [2024-02-28T20:45:57.981+0000] {dag.py:2690} INFO - Sync 1 DAGs
[2024-02-28T20:45:57.991+0000] {logging_mixin.py:137} INFO - [2024-02-28T20:45:57.991+0000] {dag.py:2711} INFO - Creating ORM DAG for terceira_dag
[2024-02-28T20:45:57.998+0000] {logging_mixin.py:137} INFO - [2024-02-28T20:45:57.998+0000] {dag.py:3441} INFO - Setting next_dagrun for terceira_dag to None, run_after=None
[2024-02-28T20:45:58.009+0000] {processor.py:175} INFO - Processing /opt/airflow/dags/terceiratag.py took 0.131 seconds
[2024-02-28T20:46:03.914+0000] {processor.py:153} INFO - Started process (PID=135) to work on /opt/airflow/dags/terceiratag.py
[2024-02-28T20:46:03.914+0000] {processor.py:743} INFO - Processing file /opt/airflow/dags/terceiratag.py for tasks to queue
[2024-02-28T20:46:03.915+0000] {logging_mixin.py:137} INFO - [2024-02-28T20:46:03.915+0000] {dagbag.py:538} INFO - Filling up the DagBag from /opt/airflow/dags/terceiratag.py
[2024-02-28T20:46:03.924+0000] {processor.py:753} INFO - DAG(s) dict_keys(['terceira_dag']) retrieved from /opt/airflow/dags/terceiratag.py
[2024-02-28T20:46:03.932+0000] {logging_mixin.py:137} INFO - [2024-02-28T20:46:03.932+0000] {dag.py:2690} INFO - Sync 1 DAGs
[2024-02-28T20:46:03.947+0000] {logging_mixin.py:137} INFO - [2024-02-28T20:46:03.946+0000] {dag.py:3441} INFO - Setting next_dagrun for terceira_dag to None, run_after=None
[2024-02-28T20:46:03.957+0000] {processor.py:175} INFO - Processing /opt/airflow/dags/terceiratag.py took 0.045 seconds
[2024-02-28T20:46:09.806+0000] {processor.py:153} INFO - Started process (PID=161) to work on /opt/airflow/dags/terceiratag.py
[2024-02-28T20:46:09.807+0000] {processor.py:743} INFO - Processing file /opt/airflow/dags/terceiratag.py for tasks to queue
[2024-02-28T20:46:09.807+0000] {logging_mixin.py:137} INFO - [2024-02-28T20:46:09.807+0000] {dagbag.py:538} INFO - Filling up the DagBag from /opt/airflow/dags/terceiratag.py
[2024-02-28T20:46:09.817+0000] {processor.py:753} INFO - DAG(s) dict_keys(['terceira_dag']) retrieved from /opt/airflow/dags/terceiratag.py
[2024-02-28T20:46:09.824+0000] {logging_mixin.py:137} INFO - [2024-02-28T20:46:09.824+0000] {dag.py:2690} INFO - Sync 1 DAGs
[2024-02-28T20:46:09.839+0000] {logging_mixin.py:137} INFO - [2024-02-28T20:46:09.839+0000] {dag.py:3441} INFO - Setting next_dagrun for terceira_dag to None, run_after=None
[2024-02-28T20:46:09.849+0000] {processor.py:175} INFO - Processing /opt/airflow/dags/terceiratag.py took 0.044 seconds
[2024-02-28T20:46:16.582+0000] {processor.py:153} INFO - Started process (PID=219) to work on /opt/airflow/dags/terceiratag.py
[2024-02-28T20:46:16.583+0000] {processor.py:743} INFO - Processing file /opt/airflow/dags/terceiratag.py for tasks to queue
[2024-02-28T20:46:16.583+0000] {logging_mixin.py:137} INFO - [2024-02-28T20:46:16.583+0000] {dagbag.py:538} INFO - Filling up the DagBag from /opt/airflow/dags/terceiratag.py
[2024-02-28T20:46:16.593+0000] {processor.py:753} INFO - DAG(s) dict_keys(['terceira_dag']) retrieved from /opt/airflow/dags/terceiratag.py
[2024-02-28T20:46:16.601+0000] {logging_mixin.py:137} INFO - [2024-02-28T20:46:16.601+0000] {dag.py:2690} INFO - Sync 1 DAGs
[2024-02-28T20:46:16.616+0000] {logging_mixin.py:137} INFO - [2024-02-28T20:46:16.615+0000] {dag.py:3441} INFO - Setting next_dagrun for terceira_dag to None, run_after=None
[2024-02-28T20:46:16.627+0000] {processor.py:175} INFO - Processing /opt/airflow/dags/terceiratag.py took 0.047 seconds
[2024-02-28T20:46:22.495+0000] {processor.py:153} INFO - Started process (PID=254) to work on /opt/airflow/dags/terceiratag.py
[2024-02-28T20:46:22.495+0000] {processor.py:743} INFO - Processing file /opt/airflow/dags/terceiratag.py for tasks to queue
[2024-02-28T20:46:22.496+0000] {logging_mixin.py:137} INFO - [2024-02-28T20:46:22.496+0000] {dagbag.py:538} INFO - Filling up the DagBag from /opt/airflow/dags/terceiratag.py
[2024-02-28T20:46:22.506+0000] {processor.py:753} INFO - DAG(s) dict_keys(['terceira_dag']) retrieved from /opt/airflow/dags/terceiratag.py
[2024-02-28T20:46:22.516+0000] {logging_mixin.py:137} INFO - [2024-02-28T20:46:22.516+0000] {dag.py:2690} INFO - Sync 1 DAGs
[2024-02-28T20:46:22.533+0000] {logging_mixin.py:137} INFO - [2024-02-28T20:46:22.533+0000] {dag.py:3441} INFO - Setting next_dagrun for terceira_dag to None, run_after=None
[2024-02-28T20:46:22.547+0000] {processor.py:175} INFO - Processing /opt/airflow/dags/terceiratag.py took 0.054 seconds
[2024-02-28T20:46:28.341+0000] {processor.py:153} INFO - Started process (PID=303) to work on /opt/airflow/dags/terceiratag.py
[2024-02-28T20:46:28.342+0000] {processor.py:743} INFO - Processing file /opt/airflow/dags/terceiratag.py for tasks to queue
[2024-02-28T20:46:28.342+0000] {logging_mixin.py:137} INFO - [2024-02-28T20:46:28.342+0000] {dagbag.py:538} INFO - Filling up the DagBag from /opt/airflow/dags/terceiratag.py
[2024-02-28T20:46:28.351+0000] {processor.py:753} INFO - DAG(s) dict_keys(['terceira_dag']) retrieved from /opt/airflow/dags/terceiratag.py
[2024-02-28T20:46:28.366+0000] {logging_mixin.py:137} INFO - [2024-02-28T20:46:28.366+0000] {dag.py:2690} INFO - Sync 1 DAGs
[2024-02-28T20:46:28.380+0000] {logging_mixin.py:137} INFO - [2024-02-28T20:46:28.380+0000] {dag.py:3441} INFO - Setting next_dagrun for terceira_dag to None, run_after=None
[2024-02-28T20:46:28.391+0000] {processor.py:175} INFO - Processing /opt/airflow/dags/terceiratag.py took 0.052 seconds
[2024-02-28T20:46:34.307+0000] {processor.py:153} INFO - Started process (PID=338) to work on /opt/airflow/dags/terceiratag.py
[2024-02-28T20:46:34.312+0000] {processor.py:743} INFO - Processing file /opt/airflow/dags/terceiratag.py for tasks to queue
[2024-02-28T20:46:34.312+0000] {logging_mixin.py:137} INFO - [2024-02-28T20:46:34.312+0000] {dagbag.py:538} INFO - Filling up the DagBag from /opt/airflow/dags/terceiratag.py
[2024-02-28T20:46:34.325+0000] {processor.py:753} INFO - DAG(s) dict_keys(['terceira_dag']) retrieved from /opt/airflow/dags/terceiratag.py
[2024-02-28T20:46:34.346+0000] {logging_mixin.py:137} INFO - [2024-02-28T20:46:34.346+0000] {dag.py:2690} INFO - Sync 1 DAGs
[2024-02-28T20:46:34.368+0000] {logging_mixin.py:137} INFO - [2024-02-28T20:46:34.368+0000] {dag.py:3441} INFO - Setting next_dagrun for terceira_dag to None, run_after=None
[2024-02-28T20:46:34.382+0000] {processor.py:175} INFO - Processing /opt/airflow/dags/terceiratag.py took 0.078 seconds
[2024-02-28T20:46:39.451+0000] {processor.py:153} INFO - Started process (PID=387) to work on /opt/airflow/dags/terceiratag.py
[2024-02-28T20:46:39.452+0000] {processor.py:743} INFO - Processing file /opt/airflow/dags/terceiratag.py for tasks to queue
[2024-02-28T20:46:39.452+0000] {logging_mixin.py:137} INFO - [2024-02-28T20:46:39.452+0000] {dagbag.py:538} INFO - Filling up the DagBag from /opt/airflow/dags/terceiratag.py
[2024-02-28T20:46:39.461+0000] {processor.py:753} INFO - DAG(s) dict_keys(['terceira_dag']) retrieved from /opt/airflow/dags/terceiratag.py
[2024-02-28T20:46:39.476+0000] {logging_mixin.py:137} INFO - [2024-02-28T20:46:39.476+0000] {dag.py:2690} INFO - Sync 1 DAGs
[2024-02-28T20:46:39.491+0000] {logging_mixin.py:137} INFO - [2024-02-28T20:46:39.491+0000] {dag.py:3441} INFO - Setting next_dagrun for terceira_dag to None, run_after=None
[2024-02-28T20:46:39.502+0000] {processor.py:175} INFO - Processing /opt/airflow/dags/terceiratag.py took 0.052 seconds
[2024-02-28T20:46:45.452+0000] {processor.py:153} INFO - Started process (PID=420) to work on /opt/airflow/dags/terceiratag.py
[2024-02-28T20:46:45.453+0000] {processor.py:743} INFO - Processing file /opt/airflow/dags/terceiratag.py for tasks to queue
[2024-02-28T20:46:45.453+0000] {logging_mixin.py:137} INFO - [2024-02-28T20:46:45.453+0000] {dagbag.py:538} INFO - Filling up the DagBag from /opt/airflow/dags/terceiratag.py
[2024-02-28T20:46:45.461+0000] {processor.py:753} INFO - DAG(s) dict_keys(['terceira_dag']) retrieved from /opt/airflow/dags/terceiratag.py
[2024-02-28T20:46:45.480+0000] {logging_mixin.py:137} INFO - [2024-02-28T20:46:45.480+0000] {dag.py:2690} INFO - Sync 1 DAGs
[2024-02-28T20:46:45.496+0000] {logging_mixin.py:137} INFO - [2024-02-28T20:46:45.496+0000] {dag.py:3441} INFO - Setting next_dagrun for terceira_dag to None, run_after=None
[2024-02-28T20:46:45.508+0000] {processor.py:175} INFO - Processing /opt/airflow/dags/terceiratag.py took 0.058 seconds
[2024-02-28T20:46:50.597+0000] {processor.py:153} INFO - Started process (PID=471) to work on /opt/airflow/dags/terceiratag.py
[2024-02-28T20:46:50.598+0000] {processor.py:743} INFO - Processing file /opt/airflow/dags/terceiratag.py for tasks to queue
[2024-02-28T20:46:50.598+0000] {logging_mixin.py:137} INFO - [2024-02-28T20:46:50.598+0000] {dagbag.py:538} INFO - Filling up the DagBag from /opt/airflow/dags/terceiratag.py
[2024-02-28T20:46:50.606+0000] {processor.py:753} INFO - DAG(s) dict_keys(['terceira_dag']) retrieved from /opt/airflow/dags/terceiratag.py
[2024-02-28T20:46:50.619+0000] {logging_mixin.py:137} INFO - [2024-02-28T20:46:50.619+0000] {dag.py:2690} INFO - Sync 1 DAGs
[2024-02-28T20:46:50.634+0000] {logging_mixin.py:137} INFO - [2024-02-28T20:46:50.634+0000] {dag.py:3441} INFO - Setting next_dagrun for terceira_dag to None, run_after=None
[2024-02-28T20:46:50.645+0000] {processor.py:175} INFO - Processing /opt/airflow/dags/terceiratag.py took 0.049 seconds
[2024-02-28T20:46:55.684+0000] {processor.py:153} INFO - Started process (PID=497) to work on /opt/airflow/dags/terceiratag.py
[2024-02-28T20:46:55.685+0000] {processor.py:743} INFO - Processing file /opt/airflow/dags/terceiratag.py for tasks to queue
[2024-02-28T20:46:55.685+0000] {logging_mixin.py:137} INFO - [2024-02-28T20:46:55.685+0000] {dagbag.py:538} INFO - Filling up the DagBag from /opt/airflow/dags/terceiratag.py
[2024-02-28T20:46:55.695+0000] {processor.py:753} INFO - DAG(s) dict_keys(['terceira_dag']) retrieved from /opt/airflow/dags/terceiratag.py
[2024-02-28T20:46:55.712+0000] {logging_mixin.py:137} INFO - [2024-02-28T20:46:55.712+0000] {dag.py:2690} INFO - Sync 1 DAGs
[2024-02-28T20:46:55.728+0000] {logging_mixin.py:137} INFO - [2024-02-28T20:46:55.728+0000] {dag.py:3441} INFO - Setting next_dagrun for terceira_dag to None, run_after=None
[2024-02-28T20:46:55.740+0000] {processor.py:175} INFO - Processing /opt/airflow/dags/terceiratag.py took 0.058 seconds
[2024-02-28T20:47:01.739+0000] {processor.py:153} INFO - Started process (PID=557) to work on /opt/airflow/dags/terceiratag.py
[2024-02-28T20:47:01.740+0000] {processor.py:743} INFO - Processing file /opt/airflow/dags/terceiratag.py for tasks to queue
[2024-02-28T20:47:01.740+0000] {logging_mixin.py:137} INFO - [2024-02-28T20:47:01.740+0000] {dagbag.py:538} INFO - Filling up the DagBag from /opt/airflow/dags/terceiratag.py
[2024-02-28T20:47:01.749+0000] {processor.py:753} INFO - DAG(s) dict_keys(['terceira_dag']) retrieved from /opt/airflow/dags/terceiratag.py
[2024-02-28T20:47:01.763+0000] {logging_mixin.py:137} INFO - [2024-02-28T20:47:01.763+0000] {dag.py:2690} INFO - Sync 1 DAGs
[2024-02-28T20:47:01.778+0000] {logging_mixin.py:137} INFO - [2024-02-28T20:47:01.778+0000] {dag.py:3441} INFO - Setting next_dagrun for terceira_dag to None, run_after=None
[2024-02-28T20:47:01.788+0000] {processor.py:175} INFO - Processing /opt/airflow/dags/terceiratag.py took 0.051 seconds
[2024-02-28T20:47:06.822+0000] {processor.py:153} INFO - Started process (PID=583) to work on /opt/airflow/dags/terceiratag.py
[2024-02-28T20:47:06.823+0000] {processor.py:743} INFO - Processing file /opt/airflow/dags/terceiratag.py for tasks to queue
[2024-02-28T20:47:06.823+0000] {logging_mixin.py:137} INFO - [2024-02-28T20:47:06.823+0000] {dagbag.py:538} INFO - Filling up the DagBag from /opt/airflow/dags/terceiratag.py
[2024-02-28T20:47:06.833+0000] {processor.py:753} INFO - DAG(s) dict_keys(['terceira_dag']) retrieved from /opt/airflow/dags/terceiratag.py
[2024-02-28T20:47:06.850+0000] {logging_mixin.py:137} INFO - [2024-02-28T20:47:06.849+0000] {dag.py:2690} INFO - Sync 1 DAGs
[2024-02-28T20:47:06.867+0000] {logging_mixin.py:137} INFO - [2024-02-28T20:47:06.866+0000] {dag.py:3441} INFO - Setting next_dagrun for terceira_dag to None, run_after=None
[2024-02-28T20:47:06.880+0000] {processor.py:175} INFO - Processing /opt/airflow/dags/terceiratag.py took 0.060 seconds
[2024-02-28T20:47:12.862+0000] {processor.py:153} INFO - Started process (PID=641) to work on /opt/airflow/dags/terceiratag.py
[2024-02-28T20:47:12.863+0000] {processor.py:743} INFO - Processing file /opt/airflow/dags/terceiratag.py for tasks to queue
[2024-02-28T20:47:12.863+0000] {logging_mixin.py:137} INFO - [2024-02-28T20:47:12.863+0000] {dagbag.py:538} INFO - Filling up the DagBag from /opt/airflow/dags/terceiratag.py
[2024-02-28T20:47:12.873+0000] {processor.py:753} INFO - DAG(s) dict_keys(['terceira_dag']) retrieved from /opt/airflow/dags/terceiratag.py
[2024-02-28T20:47:12.889+0000] {logging_mixin.py:137} INFO - [2024-02-28T20:47:12.889+0000] {dag.py:2690} INFO - Sync 1 DAGs
[2024-02-28T20:47:12.905+0000] {logging_mixin.py:137} INFO - [2024-02-28T20:47:12.904+0000] {dag.py:3441} INFO - Setting next_dagrun for terceira_dag to None, run_after=None
[2024-02-28T20:47:12.918+0000] {processor.py:175} INFO - Processing /opt/airflow/dags/terceiratag.py took 0.058 seconds
[2024-02-28T20:47:18.682+0000] {processor.py:153} INFO - Started process (PID=667) to work on /opt/airflow/dags/terceiratag.py
[2024-02-28T20:47:18.682+0000] {processor.py:743} INFO - Processing file /opt/airflow/dags/terceiratag.py for tasks to queue
[2024-02-28T20:47:18.683+0000] {logging_mixin.py:137} INFO - [2024-02-28T20:47:18.683+0000] {dagbag.py:538} INFO - Filling up the DagBag from /opt/airflow/dags/terceiratag.py
[2024-02-28T20:47:18.692+0000] {processor.py:753} INFO - DAG(s) dict_keys(['terceira_dag']) retrieved from /opt/airflow/dags/terceiratag.py
[2024-02-28T20:47:18.707+0000] {logging_mixin.py:137} INFO - [2024-02-28T20:47:18.707+0000] {dag.py:2690} INFO - Sync 1 DAGs
[2024-02-28T20:47:18.722+0000] {logging_mixin.py:137} INFO - [2024-02-28T20:47:18.722+0000] {dag.py:3441} INFO - Setting next_dagrun for terceira_dag to None, run_after=None
[2024-02-28T20:47:18.734+0000] {processor.py:175} INFO - Processing /opt/airflow/dags/terceiratag.py took 0.054 seconds
[2024-02-28T20:47:24.577+0000] {processor.py:153} INFO - Started process (PID=725) to work on /opt/airflow/dags/terceiratag.py
[2024-02-28T20:47:24.578+0000] {processor.py:743} INFO - Processing file /opt/airflow/dags/terceiratag.py for tasks to queue
[2024-02-28T20:47:24.578+0000] {logging_mixin.py:137} INFO - [2024-02-28T20:47:24.578+0000] {dagbag.py:538} INFO - Filling up the DagBag from /opt/airflow/dags/terceiratag.py
[2024-02-28T20:47:24.587+0000] {processor.py:753} INFO - DAG(s) dict_keys(['terceira_dag']) retrieved from /opt/airflow/dags/terceiratag.py
[2024-02-28T20:47:24.602+0000] {logging_mixin.py:137} INFO - [2024-02-28T20:47:24.602+0000] {dag.py:2690} INFO - Sync 1 DAGs
[2024-02-28T20:47:24.617+0000] {logging_mixin.py:137} INFO - [2024-02-28T20:47:24.617+0000] {dag.py:3441} INFO - Setting next_dagrun for terceira_dag to None, run_after=None
[2024-02-28T20:47:24.628+0000] {processor.py:175} INFO - Processing /opt/airflow/dags/terceiratag.py took 0.052 seconds
[2024-02-28T20:47:30.405+0000] {processor.py:153} INFO - Started process (PID=751) to work on /opt/airflow/dags/terceiratag.py
[2024-02-28T20:47:30.406+0000] {processor.py:743} INFO - Processing file /opt/airflow/dags/terceiratag.py for tasks to queue
[2024-02-28T20:47:30.406+0000] {logging_mixin.py:137} INFO - [2024-02-28T20:47:30.406+0000] {dagbag.py:538} INFO - Filling up the DagBag from /opt/airflow/dags/terceiratag.py
[2024-02-28T20:47:30.414+0000] {processor.py:753} INFO - DAG(s) dict_keys(['terceira_dag']) retrieved from /opt/airflow/dags/terceiratag.py
[2024-02-28T20:47:30.430+0000] {logging_mixin.py:137} INFO - [2024-02-28T20:47:30.430+0000] {dag.py:2690} INFO - Sync 1 DAGs
[2024-02-28T20:47:30.446+0000] {logging_mixin.py:137} INFO - [2024-02-28T20:47:30.446+0000] {dag.py:3441} INFO - Setting next_dagrun for terceira_dag to None, run_after=None
[2024-02-28T20:47:30.458+0000] {processor.py:175} INFO - Processing /opt/airflow/dags/terceiratag.py took 0.054 seconds
[2024-02-28T20:47:36.267+0000] {processor.py:153} INFO - Started process (PID=809) to work on /opt/airflow/dags/terceiratag.py
[2024-02-28T20:47:36.267+0000] {processor.py:743} INFO - Processing file /opt/airflow/dags/terceiratag.py for tasks to queue
[2024-02-28T20:47:36.268+0000] {logging_mixin.py:137} INFO - [2024-02-28T20:47:36.268+0000] {dagbag.py:538} INFO - Filling up the DagBag from /opt/airflow/dags/terceiratag.py
[2024-02-28T20:47:36.276+0000] {processor.py:753} INFO - DAG(s) dict_keys(['terceira_dag']) retrieved from /opt/airflow/dags/terceiratag.py
[2024-02-28T20:47:36.290+0000] {logging_mixin.py:137} INFO - [2024-02-28T20:47:36.290+0000] {dag.py:2690} INFO - Sync 1 DAGs
[2024-02-28T20:47:36.305+0000] {logging_mixin.py:137} INFO - [2024-02-28T20:47:36.304+0000] {dag.py:3441} INFO - Setting next_dagrun for terceira_dag to None, run_after=None
[2024-02-28T20:47:36.315+0000] {processor.py:175} INFO - Processing /opt/airflow/dags/terceiratag.py took 0.051 seconds
[2024-02-28T20:47:42.235+0000] {processor.py:153} INFO - Started process (PID=835) to work on /opt/airflow/dags/terceiratag.py
[2024-02-28T20:47:42.235+0000] {processor.py:743} INFO - Processing file /opt/airflow/dags/terceiratag.py for tasks to queue
[2024-02-28T20:47:42.236+0000] {logging_mixin.py:137} INFO - [2024-02-28T20:47:42.236+0000] {dagbag.py:538} INFO - Filling up the DagBag from /opt/airflow/dags/terceiratag.py
[2024-02-28T20:47:42.244+0000] {processor.py:753} INFO - DAG(s) dict_keys(['terceira_dag']) retrieved from /opt/airflow/dags/terceiratag.py
[2024-02-28T20:47:42.259+0000] {logging_mixin.py:137} INFO - [2024-02-28T20:47:42.259+0000] {dag.py:2690} INFO - Sync 1 DAGs
[2024-02-28T20:47:42.276+0000] {logging_mixin.py:137} INFO - [2024-02-28T20:47:42.276+0000] {dag.py:3441} INFO - Setting next_dagrun for terceira_dag to None, run_after=None
[2024-02-28T20:47:42.286+0000] {processor.py:175} INFO - Processing /opt/airflow/dags/terceiratag.py took 0.053 seconds
[2024-02-28T20:47:48.017+0000] {processor.py:153} INFO - Started process (PID=893) to work on /opt/airflow/dags/terceiratag.py
[2024-02-28T20:47:48.017+0000] {processor.py:743} INFO - Processing file /opt/airflow/dags/terceiratag.py for tasks to queue
[2024-02-28T20:47:48.018+0000] {logging_mixin.py:137} INFO - [2024-02-28T20:47:48.017+0000] {dagbag.py:538} INFO - Filling up the DagBag from /opt/airflow/dags/terceiratag.py
[2024-02-28T20:47:48.026+0000] {processor.py:753} INFO - DAG(s) dict_keys(['terceira_dag']) retrieved from /opt/airflow/dags/terceiratag.py
[2024-02-28T20:47:48.040+0000] {logging_mixin.py:137} INFO - [2024-02-28T20:47:48.040+0000] {dag.py:2690} INFO - Sync 1 DAGs
[2024-02-28T20:47:48.054+0000] {logging_mixin.py:137} INFO - [2024-02-28T20:47:48.054+0000] {dag.py:3441} INFO - Setting next_dagrun for terceira_dag to None, run_after=None
[2024-02-28T20:47:48.064+0000] {processor.py:175} INFO - Processing /opt/airflow/dags/terceiratag.py took 0.049 seconds
[2024-02-28T20:47:53.853+0000] {processor.py:153} INFO - Started process (PID=919) to work on /opt/airflow/dags/terceiratag.py
[2024-02-28T20:47:53.854+0000] {processor.py:743} INFO - Processing file /opt/airflow/dags/terceiratag.py for tasks to queue
[2024-02-28T20:47:53.854+0000] {logging_mixin.py:137} INFO - [2024-02-28T20:47:53.854+0000] {dagbag.py:538} INFO - Filling up the DagBag from /opt/airflow/dags/terceiratag.py
[2024-02-28T20:47:53.863+0000] {processor.py:753} INFO - DAG(s) dict_keys(['terceira_dag']) retrieved from /opt/airflow/dags/terceiratag.py
[2024-02-28T20:47:53.878+0000] {logging_mixin.py:137} INFO - [2024-02-28T20:47:53.878+0000] {dag.py:2690} INFO - Sync 1 DAGs
[2024-02-28T20:47:53.894+0000] {logging_mixin.py:137} INFO - [2024-02-28T20:47:53.893+0000] {dag.py:3441} INFO - Setting next_dagrun for terceira_dag to None, run_after=None
[2024-02-28T20:47:53.911+0000] {processor.py:175} INFO - Processing /opt/airflow/dags/terceiratag.py took 0.059 seconds
[2024-02-28T20:47:59.739+0000] {processor.py:153} INFO - Started process (PID=977) to work on /opt/airflow/dags/terceiratag.py
[2024-02-28T20:47:59.740+0000] {processor.py:743} INFO - Processing file /opt/airflow/dags/terceiratag.py for tasks to queue
[2024-02-28T20:47:59.740+0000] {logging_mixin.py:137} INFO - [2024-02-28T20:47:59.740+0000] {dagbag.py:538} INFO - Filling up the DagBag from /opt/airflow/dags/terceiratag.py
[2024-02-28T20:47:59.748+0000] {processor.py:753} INFO - DAG(s) dict_keys(['terceira_dag']) retrieved from /opt/airflow/dags/terceiratag.py
[2024-02-28T20:47:59.763+0000] {logging_mixin.py:137} INFO - [2024-02-28T20:47:59.762+0000] {dag.py:2690} INFO - Sync 1 DAGs
[2024-02-28T20:47:59.777+0000] {logging_mixin.py:137} INFO - [2024-02-28T20:47:59.777+0000] {dag.py:3441} INFO - Setting next_dagrun for terceira_dag to None, run_after=None
[2024-02-28T20:47:59.788+0000] {processor.py:175} INFO - Processing /opt/airflow/dags/terceiratag.py took 0.051 seconds
[2024-02-28T20:48:05.546+0000] {processor.py:153} INFO - Started process (PID=1003) to work on /opt/airflow/dags/terceiratag.py
[2024-02-28T20:48:05.547+0000] {processor.py:743} INFO - Processing file /opt/airflow/dags/terceiratag.py for tasks to queue
[2024-02-28T20:48:05.547+0000] {logging_mixin.py:137} INFO - [2024-02-28T20:48:05.547+0000] {dagbag.py:538} INFO - Filling up the DagBag from /opt/airflow/dags/terceiratag.py
[2024-02-28T20:48:05.556+0000] {processor.py:753} INFO - DAG(s) dict_keys(['terceira_dag']) retrieved from /opt/airflow/dags/terceiratag.py
[2024-02-28T20:48:05.569+0000] {logging_mixin.py:137} INFO - [2024-02-28T20:48:05.569+0000] {dag.py:2690} INFO - Sync 1 DAGs
[2024-02-28T20:48:05.584+0000] {logging_mixin.py:137} INFO - [2024-02-28T20:48:05.584+0000] {dag.py:3441} INFO - Setting next_dagrun for terceira_dag to None, run_after=None
[2024-02-28T20:48:05.596+0000] {processor.py:175} INFO - Processing /opt/airflow/dags/terceiratag.py took 0.052 seconds
[2024-02-28T20:48:11.357+0000] {processor.py:153} INFO - Started process (PID=1061) to work on /opt/airflow/dags/terceiratag.py
[2024-02-28T20:48:11.358+0000] {processor.py:743} INFO - Processing file /opt/airflow/dags/terceiratag.py for tasks to queue
[2024-02-28T20:48:11.358+0000] {logging_mixin.py:137} INFO - [2024-02-28T20:48:11.358+0000] {dagbag.py:538} INFO - Filling up the DagBag from /opt/airflow/dags/terceiratag.py
[2024-02-28T20:48:11.366+0000] {processor.py:753} INFO - DAG(s) dict_keys(['terceira_dag']) retrieved from /opt/airflow/dags/terceiratag.py
[2024-02-28T20:48:11.380+0000] {logging_mixin.py:137} INFO - [2024-02-28T20:48:11.380+0000] {dag.py:2690} INFO - Sync 1 DAGs
[2024-02-28T20:48:11.394+0000] {logging_mixin.py:137} INFO - [2024-02-28T20:48:11.394+0000] {dag.py:3441} INFO - Setting next_dagrun for terceira_dag to None, run_after=None
[2024-02-28T20:48:11.405+0000] {processor.py:175} INFO - Processing /opt/airflow/dags/terceiratag.py took 0.049 seconds
[2024-02-28T20:48:17.169+0000] {processor.py:153} INFO - Started process (PID=1087) to work on /opt/airflow/dags/terceiratag.py
[2024-02-28T20:48:17.170+0000] {processor.py:743} INFO - Processing file /opt/airflow/dags/terceiratag.py for tasks to queue
[2024-02-28T20:48:17.170+0000] {logging_mixin.py:137} INFO - [2024-02-28T20:48:17.170+0000] {dagbag.py:538} INFO - Filling up the DagBag from /opt/airflow/dags/terceiratag.py
[2024-02-28T20:48:17.178+0000] {processor.py:753} INFO - DAG(s) dict_keys(['terceira_dag']) retrieved from /opt/airflow/dags/terceiratag.py
[2024-02-28T20:48:17.192+0000] {logging_mixin.py:137} INFO - [2024-02-28T20:48:17.192+0000] {dag.py:2690} INFO - Sync 1 DAGs
[2024-02-28T20:48:17.207+0000] {logging_mixin.py:137} INFO - [2024-02-28T20:48:17.207+0000] {dag.py:3441} INFO - Setting next_dagrun for terceira_dag to None, run_after=None
[2024-02-28T20:48:17.221+0000] {processor.py:175} INFO - Processing /opt/airflow/dags/terceiratag.py took 0.054 seconds
[2024-02-28T20:48:23.043+0000] {processor.py:153} INFO - Started process (PID=1145) to work on /opt/airflow/dags/terceiratag.py
[2024-02-28T20:48:23.043+0000] {processor.py:743} INFO - Processing file /opt/airflow/dags/terceiratag.py for tasks to queue
[2024-02-28T20:48:23.043+0000] {logging_mixin.py:137} INFO - [2024-02-28T20:48:23.043+0000] {dagbag.py:538} INFO - Filling up the DagBag from /opt/airflow/dags/terceiratag.py
[2024-02-28T20:48:23.052+0000] {processor.py:753} INFO - DAG(s) dict_keys(['terceira_dag']) retrieved from /opt/airflow/dags/terceiratag.py
[2024-02-28T20:48:23.067+0000] {logging_mixin.py:137} INFO - [2024-02-28T20:48:23.067+0000] {dag.py:2690} INFO - Sync 1 DAGs
[2024-02-28T20:48:23.087+0000] {logging_mixin.py:137} INFO - [2024-02-28T20:48:23.087+0000] {dag.py:3441} INFO - Setting next_dagrun for terceira_dag to None, run_after=None
[2024-02-28T20:48:23.100+0000] {processor.py:175} INFO - Processing /opt/airflow/dags/terceiratag.py took 0.059 seconds
[2024-02-28T20:48:28.993+0000] {processor.py:153} INFO - Started process (PID=1180) to work on /opt/airflow/dags/terceiratag.py
[2024-02-28T20:48:28.993+0000] {processor.py:743} INFO - Processing file /opt/airflow/dags/terceiratag.py for tasks to queue
[2024-02-28T20:48:28.994+0000] {logging_mixin.py:137} INFO - [2024-02-28T20:48:28.994+0000] {dagbag.py:538} INFO - Filling up the DagBag from /opt/airflow/dags/terceiratag.py
[2024-02-28T20:48:29.005+0000] {processor.py:753} INFO - DAG(s) dict_keys(['terceira_dag']) retrieved from /opt/airflow/dags/terceiratag.py
[2024-02-28T20:48:29.024+0000] {logging_mixin.py:137} INFO - [2024-02-28T20:48:29.024+0000] {dag.py:2690} INFO - Sync 1 DAGs
[2024-02-28T20:48:29.045+0000] {logging_mixin.py:137} INFO - [2024-02-28T20:48:29.045+0000] {dag.py:3441} INFO - Setting next_dagrun for terceira_dag to None, run_after=None
[2024-02-28T20:48:29.060+0000] {processor.py:175} INFO - Processing /opt/airflow/dags/terceiratag.py took 0.070 seconds
[2024-02-28T20:48:34.790+0000] {processor.py:153} INFO - Started process (PID=1229) to work on /opt/airflow/dags/terceiratag.py
[2024-02-28T20:48:34.791+0000] {processor.py:743} INFO - Processing file /opt/airflow/dags/terceiratag.py for tasks to queue
[2024-02-28T20:48:34.791+0000] {logging_mixin.py:137} INFO - [2024-02-28T20:48:34.791+0000] {dagbag.py:538} INFO - Filling up the DagBag from /opt/airflow/dags/terceiratag.py
[2024-02-28T20:48:34.800+0000] {processor.py:753} INFO - DAG(s) dict_keys(['terceira_dag']) retrieved from /opt/airflow/dags/terceiratag.py
[2024-02-28T20:48:34.815+0000] {logging_mixin.py:137} INFO - [2024-02-28T20:48:34.815+0000] {dag.py:2690} INFO - Sync 1 DAGs
[2024-02-28T20:48:34.831+0000] {logging_mixin.py:137} INFO - [2024-02-28T20:48:34.831+0000] {dag.py:3441} INFO - Setting next_dagrun for terceira_dag to None, run_after=None
[2024-02-28T20:48:34.843+0000] {processor.py:175} INFO - Processing /opt/airflow/dags/terceiratag.py took 0.055 seconds
[2024-02-28T20:48:40.609+0000] {processor.py:153} INFO - Started process (PID=1255) to work on /opt/airflow/dags/terceiratag.py
[2024-02-28T20:48:40.609+0000] {processor.py:743} INFO - Processing file /opt/airflow/dags/terceiratag.py for tasks to queue
[2024-02-28T20:48:40.610+0000] {logging_mixin.py:137} INFO - [2024-02-28T20:48:40.610+0000] {dagbag.py:538} INFO - Filling up the DagBag from /opt/airflow/dags/terceiratag.py
[2024-02-28T20:48:40.619+0000] {processor.py:753} INFO - DAG(s) dict_keys(['terceira_dag']) retrieved from /opt/airflow/dags/terceiratag.py
[2024-02-28T20:48:40.634+0000] {logging_mixin.py:137} INFO - [2024-02-28T20:48:40.634+0000] {dag.py:2690} INFO - Sync 1 DAGs
[2024-02-28T20:48:40.648+0000] {logging_mixin.py:137} INFO - [2024-02-28T20:48:40.648+0000] {dag.py:3441} INFO - Setting next_dagrun for terceira_dag to None, run_after=None
[2024-02-28T20:48:40.661+0000] {processor.py:175} INFO - Processing /opt/airflow/dags/terceiratag.py took 0.054 seconds
[2024-02-28T20:48:46.431+0000] {processor.py:153} INFO - Started process (PID=1313) to work on /opt/airflow/dags/terceiratag.py
[2024-02-28T20:48:46.431+0000] {processor.py:743} INFO - Processing file /opt/airflow/dags/terceiratag.py for tasks to queue
[2024-02-28T20:48:46.432+0000] {logging_mixin.py:137} INFO - [2024-02-28T20:48:46.432+0000] {dagbag.py:538} INFO - Filling up the DagBag from /opt/airflow/dags/terceiratag.py
[2024-02-28T20:48:46.440+0000] {processor.py:753} INFO - DAG(s) dict_keys(['terceira_dag']) retrieved from /opt/airflow/dags/terceiratag.py
[2024-02-28T20:48:46.455+0000] {logging_mixin.py:137} INFO - [2024-02-28T20:48:46.455+0000] {dag.py:2690} INFO - Sync 1 DAGs
[2024-02-28T20:48:46.471+0000] {logging_mixin.py:137} INFO - [2024-02-28T20:48:46.471+0000] {dag.py:3441} INFO - Setting next_dagrun for terceira_dag to None, run_after=None
[2024-02-28T20:48:46.483+0000] {processor.py:175} INFO - Processing /opt/airflow/dags/terceiratag.py took 0.054 seconds
[2024-02-28T20:48:52.307+0000] {processor.py:153} INFO - Started process (PID=1348) to work on /opt/airflow/dags/terceiratag.py
[2024-02-28T20:48:52.308+0000] {processor.py:743} INFO - Processing file /opt/airflow/dags/terceiratag.py for tasks to queue
[2024-02-28T20:48:52.308+0000] {logging_mixin.py:137} INFO - [2024-02-28T20:48:52.308+0000] {dagbag.py:538} INFO - Filling up the DagBag from /opt/airflow/dags/terceiratag.py
[2024-02-28T20:48:52.317+0000] {processor.py:753} INFO - DAG(s) dict_keys(['terceira_dag']) retrieved from /opt/airflow/dags/terceiratag.py
[2024-02-28T20:48:52.330+0000] {logging_mixin.py:137} INFO - [2024-02-28T20:48:52.330+0000] {dag.py:2690} INFO - Sync 1 DAGs
[2024-02-28T20:48:52.345+0000] {logging_mixin.py:137} INFO - [2024-02-28T20:48:52.345+0000] {dag.py:3441} INFO - Setting next_dagrun for terceira_dag to None, run_after=None
[2024-02-28T20:48:52.357+0000] {processor.py:175} INFO - Processing /opt/airflow/dags/terceiratag.py took 0.051 seconds
[2024-02-28T20:48:58.175+0000] {processor.py:153} INFO - Started process (PID=1397) to work on /opt/airflow/dags/terceiratag.py
[2024-02-28T20:48:58.175+0000] {processor.py:743} INFO - Processing file /opt/airflow/dags/terceiratag.py for tasks to queue
[2024-02-28T20:48:58.176+0000] {logging_mixin.py:137} INFO - [2024-02-28T20:48:58.176+0000] {dagbag.py:538} INFO - Filling up the DagBag from /opt/airflow/dags/terceiratag.py
[2024-02-28T20:48:58.184+0000] {processor.py:753} INFO - DAG(s) dict_keys(['terceira_dag']) retrieved from /opt/airflow/dags/terceiratag.py
[2024-02-28T20:48:58.197+0000] {logging_mixin.py:137} INFO - [2024-02-28T20:48:58.197+0000] {dag.py:2690} INFO - Sync 1 DAGs
[2024-02-28T20:48:58.212+0000] {logging_mixin.py:137} INFO - [2024-02-28T20:48:58.212+0000] {dag.py:3441} INFO - Setting next_dagrun for terceira_dag to None, run_after=None
[2024-02-28T20:48:58.223+0000] {processor.py:175} INFO - Processing /opt/airflow/dags/terceiratag.py took 0.050 seconds
[2024-02-28T20:49:04.057+0000] {processor.py:153} INFO - Started process (PID=1432) to work on /opt/airflow/dags/terceiratag.py
[2024-02-28T20:49:04.058+0000] {processor.py:743} INFO - Processing file /opt/airflow/dags/terceiratag.py for tasks to queue
[2024-02-28T20:49:04.059+0000] {logging_mixin.py:137} INFO - [2024-02-28T20:49:04.058+0000] {dagbag.py:538} INFO - Filling up the DagBag from /opt/airflow/dags/terceiratag.py
[2024-02-28T20:49:04.075+0000] {processor.py:753} INFO - DAG(s) dict_keys(['terceira_dag']) retrieved from /opt/airflow/dags/terceiratag.py
[2024-02-28T20:49:04.102+0000] {logging_mixin.py:137} INFO - [2024-02-28T20:49:04.102+0000] {dag.py:2690} INFO - Sync 1 DAGs
[2024-02-28T20:49:04.132+0000] {logging_mixin.py:137} INFO - [2024-02-28T20:49:04.132+0000] {dag.py:3441} INFO - Setting next_dagrun for terceira_dag to None, run_after=None
[2024-02-28T20:49:04.159+0000] {processor.py:175} INFO - Processing /opt/airflow/dags/terceiratag.py took 0.105 seconds
[2024-02-28T20:49:09.996+0000] {processor.py:153} INFO - Started process (PID=1481) to work on /opt/airflow/dags/terceiratag.py
[2024-02-28T20:49:09.996+0000] {processor.py:743} INFO - Processing file /opt/airflow/dags/terceiratag.py for tasks to queue
[2024-02-28T20:49:09.997+0000] {logging_mixin.py:137} INFO - [2024-02-28T20:49:09.997+0000] {dagbag.py:538} INFO - Filling up the DagBag from /opt/airflow/dags/terceiratag.py
[2024-02-28T20:49:10.006+0000] {processor.py:753} INFO - DAG(s) dict_keys(['terceira_dag']) retrieved from /opt/airflow/dags/terceiratag.py
[2024-02-28T20:49:10.021+0000] {logging_mixin.py:137} INFO - [2024-02-28T20:49:10.021+0000] {dag.py:2690} INFO - Sync 1 DAGs
[2024-02-28T20:49:10.036+0000] {logging_mixin.py:137} INFO - [2024-02-28T20:49:10.036+0000] {dag.py:3441} INFO - Setting next_dagrun for terceira_dag to None, run_after=None
[2024-02-28T20:49:10.049+0000] {processor.py:175} INFO - Processing /opt/airflow/dags/terceiratag.py took 0.055 seconds
[2024-02-28T20:49:15.884+0000] {processor.py:153} INFO - Started process (PID=1538) to work on /opt/airflow/dags/terceiratag.py
[2024-02-28T20:49:15.888+0000] {processor.py:743} INFO - Processing file /opt/airflow/dags/terceiratag.py for tasks to queue
[2024-02-28T20:49:15.889+0000] {logging_mixin.py:137} INFO - [2024-02-28T20:49:15.889+0000] {dagbag.py:538} INFO - Filling up the DagBag from /opt/airflow/dags/terceiratag.py
[2024-02-28T20:49:15.933+0000] {processor.py:753} INFO - DAG(s) dict_keys(['terceira_dag']) retrieved from /opt/airflow/dags/terceiratag.py
[2024-02-28T20:49:15.998+0000] {logging_mixin.py:137} INFO - [2024-02-28T20:49:15.998+0000] {dag.py:2690} INFO - Sync 1 DAGs
[2024-02-28T20:49:16.030+0000] {logging_mixin.py:137} INFO - [2024-02-28T20:49:16.030+0000] {dag.py:3441} INFO - Setting next_dagrun for terceira_dag to None, run_after=None
[2024-02-28T20:49:16.052+0000] {processor.py:175} INFO - Processing /opt/airflow/dags/terceiratag.py took 0.183 seconds
[2024-02-28T20:49:21.890+0000] {processor.py:153} INFO - Started process (PID=1563) to work on /opt/airflow/dags/terceiratag.py
[2024-02-28T20:49:21.890+0000] {processor.py:743} INFO - Processing file /opt/airflow/dags/terceiratag.py for tasks to queue
[2024-02-28T20:49:21.891+0000] {logging_mixin.py:137} INFO - [2024-02-28T20:49:21.891+0000] {dagbag.py:538} INFO - Filling up the DagBag from /opt/airflow/dags/terceiratag.py
[2024-02-28T20:49:21.899+0000] {processor.py:753} INFO - DAG(s) dict_keys(['terceira_dag']) retrieved from /opt/airflow/dags/terceiratag.py
[2024-02-28T20:49:21.914+0000] {logging_mixin.py:137} INFO - [2024-02-28T20:49:21.914+0000] {dag.py:2690} INFO - Sync 1 DAGs
[2024-02-28T20:49:21.928+0000] {logging_mixin.py:137} INFO - [2024-02-28T20:49:21.928+0000] {dag.py:3441} INFO - Setting next_dagrun for terceira_dag to None, run_after=None
[2024-02-28T20:49:21.939+0000] {processor.py:175} INFO - Processing /opt/airflow/dags/terceiratag.py took 0.051 seconds
[2024-02-28T20:49:27.765+0000] {processor.py:153} INFO - Started process (PID=1620) to work on /opt/airflow/dags/terceiratag.py
[2024-02-28T20:49:27.766+0000] {processor.py:743} INFO - Processing file /opt/airflow/dags/terceiratag.py for tasks to queue
[2024-02-28T20:49:27.766+0000] {logging_mixin.py:137} INFO - [2024-02-28T20:49:27.766+0000] {dagbag.py:538} INFO - Filling up the DagBag from /opt/airflow/dags/terceiratag.py
[2024-02-28T20:49:27.776+0000] {processor.py:753} INFO - DAG(s) dict_keys(['terceira_dag']) retrieved from /opt/airflow/dags/terceiratag.py
[2024-02-28T20:49:27.794+0000] {logging_mixin.py:137} INFO - [2024-02-28T20:49:27.794+0000] {dag.py:2690} INFO - Sync 1 DAGs
[2024-02-28T20:49:27.812+0000] {logging_mixin.py:137} INFO - [2024-02-28T20:49:27.812+0000] {dag.py:3441} INFO - Setting next_dagrun for terceira_dag to None, run_after=None
[2024-02-28T20:49:27.827+0000] {processor.py:175} INFO - Processing /opt/airflow/dags/terceiratag.py took 0.063 seconds
[2024-02-28T20:49:32.923+0000] {processor.py:153} INFO - Started process (PID=1644) to work on /opt/airflow/dags/terceiratag.py
[2024-02-28T20:49:32.924+0000] {processor.py:743} INFO - Processing file /opt/airflow/dags/terceiratag.py for tasks to queue
[2024-02-28T20:49:32.924+0000] {logging_mixin.py:137} INFO - [2024-02-28T20:49:32.924+0000] {dagbag.py:538} INFO - Filling up the DagBag from /opt/airflow/dags/terceiratag.py
[2024-02-28T20:49:32.934+0000] {processor.py:753} INFO - DAG(s) dict_keys(['terceira_dag']) retrieved from /opt/airflow/dags/terceiratag.py
[2024-02-28T20:49:32.949+0000] {logging_mixin.py:137} INFO - [2024-02-28T20:49:32.949+0000] {dag.py:2690} INFO - Sync 1 DAGs
[2024-02-28T20:49:32.964+0000] {logging_mixin.py:137} INFO - [2024-02-28T20:49:32.964+0000] {dag.py:3441} INFO - Setting next_dagrun for terceira_dag to None, run_after=None
[2024-02-28T20:49:32.975+0000] {processor.py:175} INFO - Processing /opt/airflow/dags/terceiratag.py took 0.054 seconds
[2024-02-28T20:50:23.155+0000] {processor.py:153} INFO - Started process (PID=107) to work on /opt/airflow/dags/terceiratag.py
[2024-02-28T20:50:23.156+0000] {processor.py:743} INFO - Processing file /opt/airflow/dags/terceiratag.py for tasks to queue
[2024-02-28T20:50:23.156+0000] {logging_mixin.py:137} INFO - [2024-02-28T20:50:23.156+0000] {dagbag.py:538} INFO - Filling up the DagBag from /opt/airflow/dags/terceiratag.py
[2024-02-28T20:50:23.171+0000] {processor.py:753} INFO - DAG(s) dict_keys(['terceira_dag']) retrieved from /opt/airflow/dags/terceiratag.py
[2024-02-28T20:50:23.237+0000] {logging_mixin.py:137} INFO - [2024-02-28T20:50:23.236+0000] {dag.py:2690} INFO - Sync 1 DAGs
[2024-02-28T20:50:23.262+0000] {logging_mixin.py:137} INFO - [2024-02-28T20:50:23.262+0000] {dag.py:3441} INFO - Setting next_dagrun for terceira_dag to None, run_after=None
[2024-02-28T20:50:23.284+0000] {processor.py:175} INFO - Processing /opt/airflow/dags/terceiratag.py took 0.133 seconds
[2024-02-28T20:50:29.043+0000] {processor.py:153} INFO - Started process (PID=131) to work on /opt/airflow/dags/terceiratag.py
[2024-02-28T20:50:29.043+0000] {processor.py:743} INFO - Processing file /opt/airflow/dags/terceiratag.py for tasks to queue
[2024-02-28T20:50:29.044+0000] {logging_mixin.py:137} INFO - [2024-02-28T20:50:29.044+0000] {dagbag.py:538} INFO - Filling up the DagBag from /opt/airflow/dags/terceiratag.py
[2024-02-28T20:50:29.053+0000] {processor.py:753} INFO - DAG(s) dict_keys(['terceira_dag']) retrieved from /opt/airflow/dags/terceiratag.py
[2024-02-28T20:50:29.061+0000] {logging_mixin.py:137} INFO - [2024-02-28T20:50:29.061+0000] {dag.py:2690} INFO - Sync 1 DAGs
[2024-02-28T20:50:29.076+0000] {logging_mixin.py:137} INFO - [2024-02-28T20:50:29.076+0000] {dag.py:3441} INFO - Setting next_dagrun for terceira_dag to None, run_after=None
[2024-02-28T20:50:29.088+0000] {processor.py:175} INFO - Processing /opt/airflow/dags/terceiratag.py took 0.047 seconds
[2024-02-28T20:50:35.009+0000] {processor.py:153} INFO - Started process (PID=187) to work on /opt/airflow/dags/terceiratag.py
[2024-02-28T20:50:35.009+0000] {processor.py:743} INFO - Processing file /opt/airflow/dags/terceiratag.py for tasks to queue
[2024-02-28T20:50:35.010+0000] {logging_mixin.py:137} INFO - [2024-02-28T20:50:35.010+0000] {dagbag.py:538} INFO - Filling up the DagBag from /opt/airflow/dags/terceiratag.py
[2024-02-28T20:50:35.021+0000] {processor.py:753} INFO - DAG(s) dict_keys(['terceira_dag']) retrieved from /opt/airflow/dags/terceiratag.py
[2024-02-28T20:50:35.031+0000] {logging_mixin.py:137} INFO - [2024-02-28T20:50:35.031+0000] {dag.py:2690} INFO - Sync 1 DAGs
[2024-02-28T20:50:35.048+0000] {logging_mixin.py:137} INFO - [2024-02-28T20:50:35.048+0000] {dag.py:3441} INFO - Setting next_dagrun for terceira_dag to None, run_after=None
[2024-02-28T20:50:35.061+0000] {processor.py:175} INFO - Processing /opt/airflow/dags/terceiratag.py took 0.054 seconds
[2024-02-28T20:50:40.839+0000] {processor.py:153} INFO - Started process (PID=211) to work on /opt/airflow/dags/terceiratag.py
[2024-02-28T20:50:40.840+0000] {processor.py:743} INFO - Processing file /opt/airflow/dags/terceiratag.py for tasks to queue
[2024-02-28T20:50:40.840+0000] {logging_mixin.py:137} INFO - [2024-02-28T20:50:40.840+0000] {dagbag.py:538} INFO - Filling up the DagBag from /opt/airflow/dags/terceiratag.py
[2024-02-28T20:50:40.850+0000] {processor.py:753} INFO - DAG(s) dict_keys(['terceira_dag']) retrieved from /opt/airflow/dags/terceiratag.py
[2024-02-28T20:50:40.857+0000] {logging_mixin.py:137} INFO - [2024-02-28T20:50:40.857+0000] {dag.py:2690} INFO - Sync 1 DAGs
[2024-02-28T20:50:40.873+0000] {logging_mixin.py:137} INFO - [2024-02-28T20:50:40.872+0000] {dag.py:3441} INFO - Setting next_dagrun for terceira_dag to None, run_after=None
[2024-02-28T20:50:40.883+0000] {processor.py:175} INFO - Processing /opt/airflow/dags/terceiratag.py took 0.045 seconds
[2024-02-28T20:50:46.796+0000] {processor.py:153} INFO - Started process (PID=267) to work on /opt/airflow/dags/terceiratag.py
[2024-02-28T20:50:46.796+0000] {processor.py:743} INFO - Processing file /opt/airflow/dags/terceiratag.py for tasks to queue
[2024-02-28T20:50:46.797+0000] {logging_mixin.py:137} INFO - [2024-02-28T20:50:46.797+0000] {dagbag.py:538} INFO - Filling up the DagBag from /opt/airflow/dags/terceiratag.py
[2024-02-28T20:50:46.806+0000] {processor.py:753} INFO - DAG(s) dict_keys(['terceira_dag']) retrieved from /opt/airflow/dags/terceiratag.py
[2024-02-28T20:50:46.818+0000] {logging_mixin.py:137} INFO - [2024-02-28T20:50:46.818+0000] {dag.py:2690} INFO - Sync 1 DAGs
[2024-02-28T20:50:46.840+0000] {logging_mixin.py:137} INFO - [2024-02-28T20:50:46.840+0000] {dag.py:3441} INFO - Setting next_dagrun for terceira_dag to None, run_after=None
[2024-02-28T20:50:46.852+0000] {processor.py:175} INFO - Processing /opt/airflow/dags/terceiratag.py took 0.059 seconds
[2024-02-28T20:50:52.666+0000] {processor.py:153} INFO - Started process (PID=291) to work on /opt/airflow/dags/terceiratag.py
[2024-02-28T20:50:52.666+0000] {processor.py:743} INFO - Processing file /opt/airflow/dags/terceiratag.py for tasks to queue
[2024-02-28T20:50:52.667+0000] {logging_mixin.py:137} INFO - [2024-02-28T20:50:52.667+0000] {dagbag.py:538} INFO - Filling up the DagBag from /opt/airflow/dags/terceiratag.py
[2024-02-28T20:50:52.676+0000] {processor.py:753} INFO - DAG(s) dict_keys(['terceira_dag']) retrieved from /opt/airflow/dags/terceiratag.py
[2024-02-28T20:50:52.684+0000] {logging_mixin.py:137} INFO - [2024-02-28T20:50:52.684+0000] {dag.py:2690} INFO - Sync 1 DAGs
[2024-02-28T20:50:52.700+0000] {logging_mixin.py:137} INFO - [2024-02-28T20:50:52.700+0000] {dag.py:3441} INFO - Setting next_dagrun for terceira_dag to None, run_after=None
[2024-02-28T20:50:52.715+0000] {processor.py:175} INFO - Processing /opt/airflow/dags/terceiratag.py took 0.051 seconds
[2024-02-28T20:50:58.531+0000] {processor.py:153} INFO - Started process (PID=347) to work on /opt/airflow/dags/terceiratag.py
[2024-02-28T20:50:58.531+0000] {processor.py:743} INFO - Processing file /opt/airflow/dags/terceiratag.py for tasks to queue
[2024-02-28T20:50:58.532+0000] {logging_mixin.py:137} INFO - [2024-02-28T20:50:58.531+0000] {dagbag.py:538} INFO - Filling up the DagBag from /opt/airflow/dags/terceiratag.py
[2024-02-28T20:50:58.540+0000] {processor.py:753} INFO - DAG(s) dict_keys(['terceira_dag']) retrieved from /opt/airflow/dags/terceiratag.py
[2024-02-28T20:50:58.555+0000] {logging_mixin.py:137} INFO - [2024-02-28T20:50:58.555+0000] {dag.py:2690} INFO - Sync 1 DAGs
[2024-02-28T20:50:58.570+0000] {logging_mixin.py:137} INFO - [2024-02-28T20:50:58.570+0000] {dag.py:3441} INFO - Setting next_dagrun for terceira_dag to None, run_after=None
[2024-02-28T20:50:58.581+0000] {processor.py:175} INFO - Processing /opt/airflow/dags/terceiratag.py took 0.053 seconds
[2024-02-28T20:51:04.487+0000] {processor.py:153} INFO - Started process (PID=371) to work on /opt/airflow/dags/terceiratag.py
[2024-02-28T20:51:04.487+0000] {processor.py:743} INFO - Processing file /opt/airflow/dags/terceiratag.py for tasks to queue
[2024-02-28T20:51:04.488+0000] {logging_mixin.py:137} INFO - [2024-02-28T20:51:04.488+0000] {dagbag.py:538} INFO - Filling up the DagBag from /opt/airflow/dags/terceiratag.py
[2024-02-28T20:51:04.497+0000] {processor.py:753} INFO - DAG(s) dict_keys(['terceira_dag']) retrieved from /opt/airflow/dags/terceiratag.py
[2024-02-28T20:51:04.512+0000] {logging_mixin.py:137} INFO - [2024-02-28T20:51:04.512+0000] {dag.py:2690} INFO - Sync 1 DAGs
[2024-02-28T20:51:04.527+0000] {logging_mixin.py:137} INFO - [2024-02-28T20:51:04.527+0000] {dag.py:3441} INFO - Setting next_dagrun for terceira_dag to None, run_after=None
[2024-02-28T20:51:04.537+0000] {processor.py:175} INFO - Processing /opt/airflow/dags/terceiratag.py took 0.053 seconds
[2024-02-28T20:51:10.340+0000] {processor.py:153} INFO - Started process (PID=427) to work on /opt/airflow/dags/terceiratag.py
[2024-02-28T20:51:10.340+0000] {processor.py:743} INFO - Processing file /opt/airflow/dags/terceiratag.py for tasks to queue
[2024-02-28T20:51:10.340+0000] {logging_mixin.py:137} INFO - [2024-02-28T20:51:10.340+0000] {dagbag.py:538} INFO - Filling up the DagBag from /opt/airflow/dags/terceiratag.py
[2024-02-28T20:51:10.349+0000] {processor.py:753} INFO - DAG(s) dict_keys(['terceira_dag']) retrieved from /opt/airflow/dags/terceiratag.py
[2024-02-28T20:51:10.363+0000] {logging_mixin.py:137} INFO - [2024-02-28T20:51:10.363+0000] {dag.py:2690} INFO - Sync 1 DAGs
[2024-02-28T20:51:10.378+0000] {logging_mixin.py:137} INFO - [2024-02-28T20:51:10.378+0000] {dag.py:3441} INFO - Setting next_dagrun for terceira_dag to None, run_after=None
[2024-02-28T20:51:10.388+0000] {processor.py:175} INFO - Processing /opt/airflow/dags/terceiratag.py took 0.051 seconds
[2024-02-28T20:51:16.222+0000] {processor.py:153} INFO - Started process (PID=451) to work on /opt/airflow/dags/terceiratag.py
[2024-02-28T20:51:16.222+0000] {processor.py:743} INFO - Processing file /opt/airflow/dags/terceiratag.py for tasks to queue
[2024-02-28T20:51:16.223+0000] {logging_mixin.py:137} INFO - [2024-02-28T20:51:16.223+0000] {dagbag.py:538} INFO - Filling up the DagBag from /opt/airflow/dags/terceiratag.py
[2024-02-28T20:51:16.232+0000] {processor.py:753} INFO - DAG(s) dict_keys(['terceira_dag']) retrieved from /opt/airflow/dags/terceiratag.py
[2024-02-28T20:51:16.247+0000] {logging_mixin.py:137} INFO - [2024-02-28T20:51:16.247+0000] {dag.py:2690} INFO - Sync 1 DAGs
[2024-02-28T20:51:16.262+0000] {logging_mixin.py:137} INFO - [2024-02-28T20:51:16.262+0000] {dag.py:3441} INFO - Setting next_dagrun for terceira_dag to None, run_after=None
[2024-02-28T20:51:16.273+0000] {processor.py:175} INFO - Processing /opt/airflow/dags/terceiratag.py took 0.053 seconds
