[2024-02-28T20:45:57.727+0000] {processor.py:153} INFO - Started process (PID=75) to work on /opt/airflow/dags/triggerDag1.py
[2024-02-28T20:45:57.728+0000] {processor.py:743} INFO - Processing file /opt/airflow/dags/triggerDag1.py for tasks to queue
[2024-02-28T20:45:57.728+0000] {logging_mixin.py:137} INFO - [2024-02-28T20:45:57.728+0000] {dagbag.py:538} INFO - Filling up the DagBag from /opt/airflow/dags/triggerDag1.py
[2024-02-28T20:45:57.738+0000] {processor.py:753} INFO - DAG(s) dict_keys(['triggerdag1']) retrieved from /opt/airflow/dags/triggerDag1.py
[2024-02-28T20:45:57.823+0000] {logging_mixin.py:137} INFO - [2024-02-28T20:45:57.823+0000] {manager.py:504} INFO - Created Permission View: can edit on DAG:triggerdag1
[2024-02-28T20:45:57.830+0000] {logging_mixin.py:137} INFO - [2024-02-28T20:45:57.830+0000] {manager.py:504} INFO - Created Permission View: can delete on DAG:triggerdag1
[2024-02-28T20:45:57.835+0000] {logging_mixin.py:137} INFO - [2024-02-28T20:45:57.835+0000] {manager.py:504} INFO - Created Permission View: can read on DAG:triggerdag1
[2024-02-28T20:45:57.835+0000] {logging_mixin.py:137} INFO - [2024-02-28T20:45:57.835+0000] {dag.py:2690} INFO - Sync 1 DAGs
[2024-02-28T20:45:57.845+0000] {logging_mixin.py:137} INFO - [2024-02-28T20:45:57.845+0000] {dag.py:2711} INFO - Creating ORM DAG for triggerdag1
[2024-02-28T20:45:57.853+0000] {logging_mixin.py:137} INFO - [2024-02-28T20:45:57.853+0000] {dag.py:3441} INFO - Setting next_dagrun for triggerdag1 to None, run_after=None
[2024-02-28T20:45:57.864+0000] {processor.py:175} INFO - Processing /opt/airflow/dags/triggerDag1.py took 0.139 seconds
[2024-02-28T20:46:03.858+0000] {processor.py:153} INFO - Started process (PID=133) to work on /opt/airflow/dags/triggerDag1.py
[2024-02-28T20:46:03.859+0000] {processor.py:743} INFO - Processing file /opt/airflow/dags/triggerDag1.py for tasks to queue
[2024-02-28T20:46:03.859+0000] {logging_mixin.py:137} INFO - [2024-02-28T20:46:03.859+0000] {dagbag.py:538} INFO - Filling up the DagBag from /opt/airflow/dags/triggerDag1.py
[2024-02-28T20:46:03.868+0000] {processor.py:753} INFO - DAG(s) dict_keys(['triggerdag1']) retrieved from /opt/airflow/dags/triggerDag1.py
[2024-02-28T20:46:03.875+0000] {logging_mixin.py:137} INFO - [2024-02-28T20:46:03.875+0000] {dag.py:2690} INFO - Sync 1 DAGs
[2024-02-28T20:46:03.889+0000] {logging_mixin.py:137} INFO - [2024-02-28T20:46:03.889+0000] {dag.py:3441} INFO - Setting next_dagrun for triggerdag1 to None, run_after=None
[2024-02-28T20:46:03.900+0000] {processor.py:175} INFO - Processing /opt/airflow/dags/triggerDag1.py took 0.044 seconds
[2024-02-28T20:46:09.747+0000] {processor.py:153} INFO - Started process (PID=159) to work on /opt/airflow/dags/triggerDag1.py
[2024-02-28T20:46:09.748+0000] {processor.py:743} INFO - Processing file /opt/airflow/dags/triggerDag1.py for tasks to queue
[2024-02-28T20:46:09.748+0000] {logging_mixin.py:137} INFO - [2024-02-28T20:46:09.748+0000] {dagbag.py:538} INFO - Filling up the DagBag from /opt/airflow/dags/triggerDag1.py
[2024-02-28T20:46:09.758+0000] {processor.py:753} INFO - DAG(s) dict_keys(['triggerdag1']) retrieved from /opt/airflow/dags/triggerDag1.py
[2024-02-28T20:46:09.765+0000] {logging_mixin.py:137} INFO - [2024-02-28T20:46:09.765+0000] {dag.py:2690} INFO - Sync 1 DAGs
[2024-02-28T20:46:09.780+0000] {logging_mixin.py:137} INFO - [2024-02-28T20:46:09.780+0000] {dag.py:3441} INFO - Setting next_dagrun for triggerdag1 to None, run_after=None
[2024-02-28T20:46:09.792+0000] {processor.py:175} INFO - Processing /opt/airflow/dags/triggerDag1.py took 0.046 seconds
[2024-02-28T20:46:15.555+0000] {processor.py:153} INFO - Started process (PID=217) to work on /opt/airflow/dags/triggerDag1.py
[2024-02-28T20:46:15.556+0000] {processor.py:743} INFO - Processing file /opt/airflow/dags/triggerDag1.py for tasks to queue
[2024-02-28T20:46:15.556+0000] {logging_mixin.py:137} INFO - [2024-02-28T20:46:15.556+0000] {dagbag.py:538} INFO - Filling up the DagBag from /opt/airflow/dags/triggerDag1.py
[2024-02-28T20:46:15.566+0000] {processor.py:753} INFO - DAG(s) dict_keys(['triggerdag1']) retrieved from /opt/airflow/dags/triggerDag1.py
[2024-02-28T20:46:15.574+0000] {logging_mixin.py:137} INFO - [2024-02-28T20:46:15.574+0000] {dag.py:2690} INFO - Sync 1 DAGs
[2024-02-28T20:46:15.589+0000] {logging_mixin.py:137} INFO - [2024-02-28T20:46:15.589+0000] {dag.py:3441} INFO - Setting next_dagrun for triggerdag1 to None, run_after=None
[2024-02-28T20:46:15.599+0000] {processor.py:175} INFO - Processing /opt/airflow/dags/triggerDag1.py took 0.046 seconds
[2024-02-28T20:46:21.437+0000] {processor.py:153} INFO - Started process (PID=243) to work on /opt/airflow/dags/triggerDag1.py
[2024-02-28T20:46:21.437+0000] {processor.py:743} INFO - Processing file /opt/airflow/dags/triggerDag1.py for tasks to queue
[2024-02-28T20:46:21.437+0000] {logging_mixin.py:137} INFO - [2024-02-28T20:46:21.437+0000] {dagbag.py:538} INFO - Filling up the DagBag from /opt/airflow/dags/triggerDag1.py
[2024-02-28T20:46:21.446+0000] {processor.py:753} INFO - DAG(s) dict_keys(['triggerdag1']) retrieved from /opt/airflow/dags/triggerDag1.py
[2024-02-28T20:46:21.455+0000] {logging_mixin.py:137} INFO - [2024-02-28T20:46:21.454+0000] {dag.py:2690} INFO - Sync 1 DAGs
[2024-02-28T20:46:21.470+0000] {logging_mixin.py:137} INFO - [2024-02-28T20:46:21.470+0000] {dag.py:3441} INFO - Setting next_dagrun for triggerdag1 to None, run_after=None
[2024-02-28T20:46:21.481+0000] {processor.py:175} INFO - Processing /opt/airflow/dags/triggerDag1.py took 0.047 seconds
[2024-02-28T20:46:27.292+0000] {processor.py:153} INFO - Started process (PID=301) to work on /opt/airflow/dags/triggerDag1.py
[2024-02-28T20:46:27.293+0000] {processor.py:743} INFO - Processing file /opt/airflow/dags/triggerDag1.py for tasks to queue
[2024-02-28T20:46:27.293+0000] {logging_mixin.py:137} INFO - [2024-02-28T20:46:27.293+0000] {dagbag.py:538} INFO - Filling up the DagBag from /opt/airflow/dags/triggerDag1.py
[2024-02-28T20:46:27.302+0000] {processor.py:753} INFO - DAG(s) dict_keys(['triggerdag1']) retrieved from /opt/airflow/dags/triggerDag1.py
[2024-02-28T20:46:27.309+0000] {logging_mixin.py:137} INFO - [2024-02-28T20:46:27.309+0000] {dag.py:2690} INFO - Sync 1 DAGs
[2024-02-28T20:46:27.324+0000] {logging_mixin.py:137} INFO - [2024-02-28T20:46:27.324+0000] {dag.py:3441} INFO - Setting next_dagrun for triggerdag1 to None, run_after=None
[2024-02-28T20:46:27.337+0000] {processor.py:175} INFO - Processing /opt/airflow/dags/triggerDag1.py took 0.046 seconds
[2024-02-28T20:46:33.241+0000] {processor.py:153} INFO - Started process (PID=327) to work on /opt/airflow/dags/triggerDag1.py
[2024-02-28T20:46:33.242+0000] {processor.py:743} INFO - Processing file /opt/airflow/dags/triggerDag1.py for tasks to queue
[2024-02-28T20:46:33.242+0000] {logging_mixin.py:137} INFO - [2024-02-28T20:46:33.242+0000] {dagbag.py:538} INFO - Filling up the DagBag from /opt/airflow/dags/triggerDag1.py
[2024-02-28T20:46:33.251+0000] {processor.py:753} INFO - DAG(s) dict_keys(['triggerdag1']) retrieved from /opt/airflow/dags/triggerDag1.py
[2024-02-28T20:46:33.268+0000] {logging_mixin.py:137} INFO - [2024-02-28T20:46:33.268+0000] {dag.py:2690} INFO - Sync 1 DAGs
[2024-02-28T20:46:33.285+0000] {logging_mixin.py:137} INFO - [2024-02-28T20:46:33.284+0000] {dag.py:3441} INFO - Setting next_dagrun for triggerdag1 to None, run_after=None
[2024-02-28T20:46:33.296+0000] {processor.py:175} INFO - Processing /opt/airflow/dags/triggerDag1.py took 0.056 seconds
[2024-02-28T20:46:38.378+0000] {processor.py:153} INFO - Started process (PID=385) to work on /opt/airflow/dags/triggerDag1.py
[2024-02-28T20:46:38.379+0000] {processor.py:743} INFO - Processing file /opt/airflow/dags/triggerDag1.py for tasks to queue
[2024-02-28T20:46:38.379+0000] {logging_mixin.py:137} INFO - [2024-02-28T20:46:38.379+0000] {dagbag.py:538} INFO - Filling up the DagBag from /opt/airflow/dags/triggerDag1.py
[2024-02-28T20:46:38.387+0000] {processor.py:753} INFO - DAG(s) dict_keys(['triggerdag1']) retrieved from /opt/airflow/dags/triggerDag1.py
[2024-02-28T20:46:38.401+0000] {logging_mixin.py:137} INFO - [2024-02-28T20:46:38.401+0000] {dag.py:2690} INFO - Sync 1 DAGs
[2024-02-28T20:46:38.416+0000] {logging_mixin.py:137} INFO - [2024-02-28T20:46:38.416+0000] {dag.py:3441} INFO - Setting next_dagrun for triggerdag1 to None, run_after=None
[2024-02-28T20:46:38.427+0000] {processor.py:175} INFO - Processing /opt/airflow/dags/triggerDag1.py took 0.051 seconds
[2024-02-28T20:46:44.442+0000] {processor.py:153} INFO - Started process (PID=411) to work on /opt/airflow/dags/triggerDag1.py
[2024-02-28T20:46:44.442+0000] {processor.py:743} INFO - Processing file /opt/airflow/dags/triggerDag1.py for tasks to queue
[2024-02-28T20:46:44.442+0000] {logging_mixin.py:137} INFO - [2024-02-28T20:46:44.442+0000] {dagbag.py:538} INFO - Filling up the DagBag from /opt/airflow/dags/triggerDag1.py
[2024-02-28T20:46:44.452+0000] {processor.py:753} INFO - DAG(s) dict_keys(['triggerdag1']) retrieved from /opt/airflow/dags/triggerDag1.py
[2024-02-28T20:46:44.467+0000] {logging_mixin.py:137} INFO - [2024-02-28T20:46:44.467+0000] {dag.py:2690} INFO - Sync 1 DAGs
[2024-02-28T20:46:44.481+0000] {logging_mixin.py:137} INFO - [2024-02-28T20:46:44.481+0000] {dag.py:3441} INFO - Setting next_dagrun for triggerdag1 to None, run_after=None
[2024-02-28T20:46:44.493+0000] {processor.py:175} INFO - Processing /opt/airflow/dags/triggerDag1.py took 0.053 seconds
[2024-02-28T20:46:49.527+0000] {processor.py:153} INFO - Started process (PID=469) to work on /opt/airflow/dags/triggerDag1.py
[2024-02-28T20:46:49.527+0000] {processor.py:743} INFO - Processing file /opt/airflow/dags/triggerDag1.py for tasks to queue
[2024-02-28T20:46:49.527+0000] {logging_mixin.py:137} INFO - [2024-02-28T20:46:49.527+0000] {dagbag.py:538} INFO - Filling up the DagBag from /opt/airflow/dags/triggerDag1.py
[2024-02-28T20:46:49.535+0000] {processor.py:753} INFO - DAG(s) dict_keys(['triggerdag1']) retrieved from /opt/airflow/dags/triggerDag1.py
[2024-02-28T20:46:49.550+0000] {logging_mixin.py:137} INFO - [2024-02-28T20:46:49.550+0000] {dag.py:2690} INFO - Sync 1 DAGs
[2024-02-28T20:46:49.566+0000] {logging_mixin.py:137} INFO - [2024-02-28T20:46:49.566+0000] {dag.py:3441} INFO - Setting next_dagrun for triggerdag1 to None, run_after=None
[2024-02-28T20:46:49.578+0000] {processor.py:175} INFO - Processing /opt/airflow/dags/triggerDag1.py took 0.053 seconds
[2024-02-28T20:46:54.618+0000] {processor.py:153} INFO - Started process (PID=495) to work on /opt/airflow/dags/triggerDag1.py
[2024-02-28T20:46:54.619+0000] {processor.py:743} INFO - Processing file /opt/airflow/dags/triggerDag1.py for tasks to queue
[2024-02-28T20:46:54.619+0000] {logging_mixin.py:137} INFO - [2024-02-28T20:46:54.619+0000] {dagbag.py:538} INFO - Filling up the DagBag from /opt/airflow/dags/triggerDag1.py
[2024-02-28T20:46:54.628+0000] {processor.py:753} INFO - DAG(s) dict_keys(['triggerdag1']) retrieved from /opt/airflow/dags/triggerDag1.py
[2024-02-28T20:46:54.642+0000] {logging_mixin.py:137} INFO - [2024-02-28T20:46:54.642+0000] {dag.py:2690} INFO - Sync 1 DAGs
[2024-02-28T20:46:54.657+0000] {logging_mixin.py:137} INFO - [2024-02-28T20:46:54.657+0000] {dag.py:3441} INFO - Setting next_dagrun for triggerdag1 to None, run_after=None
[2024-02-28T20:46:54.667+0000] {processor.py:175} INFO - Processing /opt/airflow/dags/triggerDag1.py took 0.051 seconds
[2024-02-28T20:47:00.681+0000] {processor.py:153} INFO - Started process (PID=553) to work on /opt/airflow/dags/triggerDag1.py
[2024-02-28T20:47:00.682+0000] {processor.py:743} INFO - Processing file /opt/airflow/dags/triggerDag1.py for tasks to queue
[2024-02-28T20:47:00.683+0000] {logging_mixin.py:137} INFO - [2024-02-28T20:47:00.683+0000] {dagbag.py:538} INFO - Filling up the DagBag from /opt/airflow/dags/triggerDag1.py
[2024-02-28T20:47:00.692+0000] {processor.py:753} INFO - DAG(s) dict_keys(['triggerdag1']) retrieved from /opt/airflow/dags/triggerDag1.py
[2024-02-28T20:47:00.709+0000] {logging_mixin.py:137} INFO - [2024-02-28T20:47:00.708+0000] {dag.py:2690} INFO - Sync 1 DAGs
[2024-02-28T20:47:00.724+0000] {logging_mixin.py:137} INFO - [2024-02-28T20:47:00.724+0000] {dag.py:3441} INFO - Setting next_dagrun for triggerdag1 to None, run_after=None
[2024-02-28T20:47:00.734+0000] {processor.py:175} INFO - Processing /opt/airflow/dags/triggerDag1.py took 0.055 seconds
[2024-02-28T20:47:06.671+0000] {processor.py:153} INFO - Started process (PID=579) to work on /opt/airflow/dags/triggerDag1.py
[2024-02-28T20:47:06.672+0000] {processor.py:743} INFO - Processing file /opt/airflow/dags/triggerDag1.py for tasks to queue
[2024-02-28T20:47:06.672+0000] {logging_mixin.py:137} INFO - [2024-02-28T20:47:06.672+0000] {dagbag.py:538} INFO - Filling up the DagBag from /opt/airflow/dags/triggerDag1.py
[2024-02-28T20:47:06.681+0000] {processor.py:753} INFO - DAG(s) dict_keys(['triggerdag1']) retrieved from /opt/airflow/dags/triggerDag1.py
[2024-02-28T20:47:06.696+0000] {logging_mixin.py:137} INFO - [2024-02-28T20:47:06.696+0000] {dag.py:2690} INFO - Sync 1 DAGs
[2024-02-28T20:47:06.711+0000] {logging_mixin.py:137} INFO - [2024-02-28T20:47:06.711+0000] {dag.py:3441} INFO - Setting next_dagrun for triggerdag1 to None, run_after=None
[2024-02-28T20:47:06.722+0000] {processor.py:175} INFO - Processing /opt/airflow/dags/triggerDag1.py took 0.052 seconds
[2024-02-28T20:47:11.788+0000] {processor.py:153} INFO - Started process (PID=638) to work on /opt/airflow/dags/triggerDag1.py
[2024-02-28T20:47:11.789+0000] {processor.py:743} INFO - Processing file /opt/airflow/dags/triggerDag1.py for tasks to queue
[2024-02-28T20:47:11.789+0000] {logging_mixin.py:137} INFO - [2024-02-28T20:47:11.789+0000] {dagbag.py:538} INFO - Filling up the DagBag from /opt/airflow/dags/triggerDag1.py
[2024-02-28T20:47:11.799+0000] {processor.py:753} INFO - DAG(s) dict_keys(['triggerdag1']) retrieved from /opt/airflow/dags/triggerDag1.py
[2024-02-28T20:47:11.817+0000] {logging_mixin.py:137} INFO - [2024-02-28T20:47:11.816+0000] {dag.py:2690} INFO - Sync 1 DAGs
[2024-02-28T20:47:11.831+0000] {logging_mixin.py:137} INFO - [2024-02-28T20:47:11.831+0000] {dag.py:3441} INFO - Setting next_dagrun for triggerdag1 to None, run_after=None
[2024-02-28T20:47:11.842+0000] {processor.py:175} INFO - Processing /opt/airflow/dags/triggerDag1.py took 0.055 seconds
[2024-02-28T20:47:17.626+0000] {processor.py:153} INFO - Started process (PID=665) to work on /opt/airflow/dags/triggerDag1.py
[2024-02-28T20:47:17.626+0000] {processor.py:743} INFO - Processing file /opt/airflow/dags/triggerDag1.py for tasks to queue
[2024-02-28T20:47:17.626+0000] {logging_mixin.py:137} INFO - [2024-02-28T20:47:17.626+0000] {dagbag.py:538} INFO - Filling up the DagBag from /opt/airflow/dags/triggerDag1.py
[2024-02-28T20:47:17.635+0000] {processor.py:753} INFO - DAG(s) dict_keys(['triggerdag1']) retrieved from /opt/airflow/dags/triggerDag1.py
[2024-02-28T20:47:17.651+0000] {logging_mixin.py:137} INFO - [2024-02-28T20:47:17.651+0000] {dag.py:2690} INFO - Sync 1 DAGs
[2024-02-28T20:47:17.666+0000] {logging_mixin.py:137} INFO - [2024-02-28T20:47:17.666+0000] {dag.py:3441} INFO - Setting next_dagrun for triggerdag1 to None, run_after=None
[2024-02-28T20:47:17.676+0000] {processor.py:175} INFO - Processing /opt/airflow/dags/triggerDag1.py took 0.053 seconds
[2024-02-28T20:47:23.506+0000] {processor.py:153} INFO - Started process (PID=723) to work on /opt/airflow/dags/triggerDag1.py
[2024-02-28T20:47:23.506+0000] {processor.py:743} INFO - Processing file /opt/airflow/dags/triggerDag1.py for tasks to queue
[2024-02-28T20:47:23.507+0000] {logging_mixin.py:137} INFO - [2024-02-28T20:47:23.507+0000] {dagbag.py:538} INFO - Filling up the DagBag from /opt/airflow/dags/triggerDag1.py
[2024-02-28T20:47:23.517+0000] {processor.py:753} INFO - DAG(s) dict_keys(['triggerdag1']) retrieved from /opt/airflow/dags/triggerDag1.py
[2024-02-28T20:47:23.535+0000] {logging_mixin.py:137} INFO - [2024-02-28T20:47:23.535+0000] {dag.py:2690} INFO - Sync 1 DAGs
[2024-02-28T20:47:23.552+0000] {logging_mixin.py:137} INFO - [2024-02-28T20:47:23.552+0000] {dag.py:3441} INFO - Setting next_dagrun for triggerdag1 to None, run_after=None
[2024-02-28T20:47:23.563+0000] {processor.py:175} INFO - Processing /opt/airflow/dags/triggerDag1.py took 0.059 seconds
[2024-02-28T20:47:29.336+0000] {processor.py:153} INFO - Started process (PID=749) to work on /opt/airflow/dags/triggerDag1.py
[2024-02-28T20:47:29.336+0000] {processor.py:743} INFO - Processing file /opt/airflow/dags/triggerDag1.py for tasks to queue
[2024-02-28T20:47:29.337+0000] {logging_mixin.py:137} INFO - [2024-02-28T20:47:29.336+0000] {dagbag.py:538} INFO - Filling up the DagBag from /opt/airflow/dags/triggerDag1.py
[2024-02-28T20:47:29.346+0000] {processor.py:753} INFO - DAG(s) dict_keys(['triggerdag1']) retrieved from /opt/airflow/dags/triggerDag1.py
[2024-02-28T20:47:29.362+0000] {logging_mixin.py:137} INFO - [2024-02-28T20:47:29.362+0000] {dag.py:2690} INFO - Sync 1 DAGs
[2024-02-28T20:47:29.377+0000] {logging_mixin.py:137} INFO - [2024-02-28T20:47:29.377+0000] {dag.py:3441} INFO - Setting next_dagrun for triggerdag1 to None, run_after=None
[2024-02-28T20:47:29.389+0000] {processor.py:175} INFO - Processing /opt/airflow/dags/triggerDag1.py took 0.056 seconds
[2024-02-28T20:47:35.211+0000] {processor.py:153} INFO - Started process (PID=807) to work on /opt/airflow/dags/triggerDag1.py
[2024-02-28T20:47:35.211+0000] {processor.py:743} INFO - Processing file /opt/airflow/dags/triggerDag1.py for tasks to queue
[2024-02-28T20:47:35.212+0000] {logging_mixin.py:137} INFO - [2024-02-28T20:47:35.212+0000] {dagbag.py:538} INFO - Filling up the DagBag from /opt/airflow/dags/triggerDag1.py
[2024-02-28T20:47:35.220+0000] {processor.py:753} INFO - DAG(s) dict_keys(['triggerdag1']) retrieved from /opt/airflow/dags/triggerDag1.py
[2024-02-28T20:47:35.235+0000] {logging_mixin.py:137} INFO - [2024-02-28T20:47:35.235+0000] {dag.py:2690} INFO - Sync 1 DAGs
[2024-02-28T20:47:35.250+0000] {logging_mixin.py:137} INFO - [2024-02-28T20:47:35.250+0000] {dag.py:3441} INFO - Setting next_dagrun for triggerdag1 to None, run_after=None
[2024-02-28T20:47:35.260+0000] {processor.py:175} INFO - Processing /opt/airflow/dags/triggerDag1.py took 0.051 seconds
[2024-02-28T20:47:41.171+0000] {processor.py:153} INFO - Started process (PID=833) to work on /opt/airflow/dags/triggerDag1.py
[2024-02-28T20:47:41.171+0000] {processor.py:743} INFO - Processing file /opt/airflow/dags/triggerDag1.py for tasks to queue
[2024-02-28T20:47:41.172+0000] {logging_mixin.py:137} INFO - [2024-02-28T20:47:41.172+0000] {dagbag.py:538} INFO - Filling up the DagBag from /opt/airflow/dags/triggerDag1.py
[2024-02-28T20:47:41.181+0000] {processor.py:753} INFO - DAG(s) dict_keys(['triggerdag1']) retrieved from /opt/airflow/dags/triggerDag1.py
[2024-02-28T20:47:41.196+0000] {logging_mixin.py:137} INFO - [2024-02-28T20:47:41.196+0000] {dag.py:2690} INFO - Sync 1 DAGs
[2024-02-28T20:47:41.212+0000] {logging_mixin.py:137} INFO - [2024-02-28T20:47:41.211+0000] {dag.py:3441} INFO - Setting next_dagrun for triggerdag1 to None, run_after=None
[2024-02-28T20:47:41.224+0000] {processor.py:175} INFO - Processing /opt/airflow/dags/triggerDag1.py took 0.055 seconds
[2024-02-28T20:47:46.957+0000] {processor.py:153} INFO - Started process (PID=891) to work on /opt/airflow/dags/triggerDag1.py
[2024-02-28T20:47:46.958+0000] {processor.py:743} INFO - Processing file /opt/airflow/dags/triggerDag1.py for tasks to queue
[2024-02-28T20:47:46.958+0000] {logging_mixin.py:137} INFO - [2024-02-28T20:47:46.958+0000] {dagbag.py:538} INFO - Filling up the DagBag from /opt/airflow/dags/triggerDag1.py
[2024-02-28T20:47:46.967+0000] {processor.py:753} INFO - DAG(s) dict_keys(['triggerdag1']) retrieved from /opt/airflow/dags/triggerDag1.py
[2024-02-28T20:47:46.982+0000] {logging_mixin.py:137} INFO - [2024-02-28T20:47:46.982+0000] {dag.py:2690} INFO - Sync 1 DAGs
[2024-02-28T20:47:46.996+0000] {logging_mixin.py:137} INFO - [2024-02-28T20:47:46.996+0000] {dag.py:3441} INFO - Setting next_dagrun for triggerdag1 to None, run_after=None
[2024-02-28T20:47:47.006+0000] {processor.py:175} INFO - Processing /opt/airflow/dags/triggerDag1.py took 0.051 seconds
[2024-02-28T20:47:52.791+0000] {processor.py:153} INFO - Started process (PID=917) to work on /opt/airflow/dags/triggerDag1.py
[2024-02-28T20:47:52.792+0000] {processor.py:743} INFO - Processing file /opt/airflow/dags/triggerDag1.py for tasks to queue
[2024-02-28T20:47:52.792+0000] {logging_mixin.py:137} INFO - [2024-02-28T20:47:52.792+0000] {dagbag.py:538} INFO - Filling up the DagBag from /opt/airflow/dags/triggerDag1.py
[2024-02-28T20:47:52.801+0000] {processor.py:753} INFO - DAG(s) dict_keys(['triggerdag1']) retrieved from /opt/airflow/dags/triggerDag1.py
[2024-02-28T20:47:52.816+0000] {logging_mixin.py:137} INFO - [2024-02-28T20:47:52.816+0000] {dag.py:2690} INFO - Sync 1 DAGs
[2024-02-28T20:47:52.831+0000] {logging_mixin.py:137} INFO - [2024-02-28T20:47:52.831+0000] {dag.py:3441} INFO - Setting next_dagrun for triggerdag1 to None, run_after=None
[2024-02-28T20:47:52.841+0000] {processor.py:175} INFO - Processing /opt/airflow/dags/triggerDag1.py took 0.052 seconds
[2024-02-28T20:47:58.678+0000] {processor.py:153} INFO - Started process (PID=975) to work on /opt/airflow/dags/triggerDag1.py
[2024-02-28T20:47:58.678+0000] {processor.py:743} INFO - Processing file /opt/airflow/dags/triggerDag1.py for tasks to queue
[2024-02-28T20:47:58.679+0000] {logging_mixin.py:137} INFO - [2024-02-28T20:47:58.679+0000] {dagbag.py:538} INFO - Filling up the DagBag from /opt/airflow/dags/triggerDag1.py
[2024-02-28T20:47:58.688+0000] {processor.py:753} INFO - DAG(s) dict_keys(['triggerdag1']) retrieved from /opt/airflow/dags/triggerDag1.py
[2024-02-28T20:47:58.703+0000] {logging_mixin.py:137} INFO - [2024-02-28T20:47:58.703+0000] {dag.py:2690} INFO - Sync 1 DAGs
[2024-02-28T20:47:58.719+0000] {logging_mixin.py:137} INFO - [2024-02-28T20:47:58.718+0000] {dag.py:3441} INFO - Setting next_dagrun for triggerdag1 to None, run_after=None
[2024-02-28T20:47:58.730+0000] {processor.py:175} INFO - Processing /opt/airflow/dags/triggerDag1.py took 0.054 seconds
[2024-02-28T20:48:04.490+0000] {processor.py:153} INFO - Started process (PID=1001) to work on /opt/airflow/dags/triggerDag1.py
[2024-02-28T20:48:04.491+0000] {processor.py:743} INFO - Processing file /opt/airflow/dags/triggerDag1.py for tasks to queue
[2024-02-28T20:48:04.491+0000] {logging_mixin.py:137} INFO - [2024-02-28T20:48:04.491+0000] {dagbag.py:538} INFO - Filling up the DagBag from /opt/airflow/dags/triggerDag1.py
[2024-02-28T20:48:04.500+0000] {processor.py:753} INFO - DAG(s) dict_keys(['triggerdag1']) retrieved from /opt/airflow/dags/triggerDag1.py
[2024-02-28T20:48:04.515+0000] {logging_mixin.py:137} INFO - [2024-02-28T20:48:04.515+0000] {dag.py:2690} INFO - Sync 1 DAGs
[2024-02-28T20:48:04.530+0000] {logging_mixin.py:137} INFO - [2024-02-28T20:48:04.530+0000] {dag.py:3441} INFO - Setting next_dagrun for triggerdag1 to None, run_after=None
[2024-02-28T20:48:04.542+0000] {processor.py:175} INFO - Processing /opt/airflow/dags/triggerDag1.py took 0.054 seconds
[2024-02-28T20:48:10.291+0000] {processor.py:153} INFO - Started process (PID=1059) to work on /opt/airflow/dags/triggerDag1.py
[2024-02-28T20:48:10.291+0000] {processor.py:743} INFO - Processing file /opt/airflow/dags/triggerDag1.py for tasks to queue
[2024-02-28T20:48:10.291+0000] {logging_mixin.py:137} INFO - [2024-02-28T20:48:10.291+0000] {dagbag.py:538} INFO - Filling up the DagBag from /opt/airflow/dags/triggerDag1.py
[2024-02-28T20:48:10.301+0000] {processor.py:753} INFO - DAG(s) dict_keys(['triggerdag1']) retrieved from /opt/airflow/dags/triggerDag1.py
[2024-02-28T20:48:10.316+0000] {logging_mixin.py:137} INFO - [2024-02-28T20:48:10.316+0000] {dag.py:2690} INFO - Sync 1 DAGs
[2024-02-28T20:48:10.332+0000] {logging_mixin.py:137} INFO - [2024-02-28T20:48:10.331+0000] {dag.py:3441} INFO - Setting next_dagrun for triggerdag1 to None, run_after=None
[2024-02-28T20:48:10.343+0000] {processor.py:175} INFO - Processing /opt/airflow/dags/triggerDag1.py took 0.055 seconds
[2024-02-28T20:48:16.113+0000] {processor.py:153} INFO - Started process (PID=1085) to work on /opt/airflow/dags/triggerDag1.py
[2024-02-28T20:48:16.114+0000] {processor.py:743} INFO - Processing file /opt/airflow/dags/triggerDag1.py for tasks to queue
[2024-02-28T20:48:16.114+0000] {logging_mixin.py:137} INFO - [2024-02-28T20:48:16.114+0000] {dagbag.py:538} INFO - Filling up the DagBag from /opt/airflow/dags/triggerDag1.py
[2024-02-28T20:48:16.123+0000] {processor.py:753} INFO - DAG(s) dict_keys(['triggerdag1']) retrieved from /opt/airflow/dags/triggerDag1.py
[2024-02-28T20:48:16.137+0000] {logging_mixin.py:137} INFO - [2024-02-28T20:48:16.137+0000] {dag.py:2690} INFO - Sync 1 DAGs
[2024-02-28T20:48:16.152+0000] {logging_mixin.py:137} INFO - [2024-02-28T20:48:16.152+0000] {dag.py:3441} INFO - Setting next_dagrun for triggerdag1 to None, run_after=None
[2024-02-28T20:48:16.162+0000] {processor.py:175} INFO - Processing /opt/airflow/dags/triggerDag1.py took 0.051 seconds
[2024-02-28T20:48:21.979+0000] {processor.py:153} INFO - Started process (PID=1143) to work on /opt/airflow/dags/triggerDag1.py
[2024-02-28T20:48:21.979+0000] {processor.py:743} INFO - Processing file /opt/airflow/dags/triggerDag1.py for tasks to queue
[2024-02-28T20:48:21.980+0000] {logging_mixin.py:137} INFO - [2024-02-28T20:48:21.980+0000] {dagbag.py:538} INFO - Filling up the DagBag from /opt/airflow/dags/triggerDag1.py
[2024-02-28T20:48:21.988+0000] {processor.py:753} INFO - DAG(s) dict_keys(['triggerdag1']) retrieved from /opt/airflow/dags/triggerDag1.py
[2024-02-28T20:48:22.003+0000] {logging_mixin.py:137} INFO - [2024-02-28T20:48:22.003+0000] {dag.py:2690} INFO - Sync 1 DAGs
[2024-02-28T20:48:22.018+0000] {logging_mixin.py:137} INFO - [2024-02-28T20:48:22.018+0000] {dag.py:3441} INFO - Setting next_dagrun for triggerdag1 to None, run_after=None
[2024-02-28T20:48:22.028+0000] {processor.py:175} INFO - Processing /opt/airflow/dags/triggerDag1.py took 0.052 seconds
[2024-02-28T20:48:27.923+0000] {processor.py:153} INFO - Started process (PID=1169) to work on /opt/airflow/dags/triggerDag1.py
[2024-02-28T20:48:27.923+0000] {processor.py:743} INFO - Processing file /opt/airflow/dags/triggerDag1.py for tasks to queue
[2024-02-28T20:48:27.924+0000] {logging_mixin.py:137} INFO - [2024-02-28T20:48:27.924+0000] {dagbag.py:538} INFO - Filling up the DagBag from /opt/airflow/dags/triggerDag1.py
[2024-02-28T20:48:27.934+0000] {processor.py:753} INFO - DAG(s) dict_keys(['triggerdag1']) retrieved from /opt/airflow/dags/triggerDag1.py
[2024-02-28T20:48:27.953+0000] {logging_mixin.py:137} INFO - [2024-02-28T20:48:27.953+0000] {dag.py:2690} INFO - Sync 1 DAGs
[2024-02-28T20:48:27.971+0000] {logging_mixin.py:137} INFO - [2024-02-28T20:48:27.971+0000] {dag.py:3441} INFO - Setting next_dagrun for triggerdag1 to None, run_after=None
[2024-02-28T20:48:27.984+0000] {processor.py:175} INFO - Processing /opt/airflow/dags/triggerDag1.py took 0.064 seconds
[2024-02-28T20:48:33.736+0000] {processor.py:153} INFO - Started process (PID=1227) to work on /opt/airflow/dags/triggerDag1.py
[2024-02-28T20:48:33.736+0000] {processor.py:743} INFO - Processing file /opt/airflow/dags/triggerDag1.py for tasks to queue
[2024-02-28T20:48:33.737+0000] {logging_mixin.py:137} INFO - [2024-02-28T20:48:33.737+0000] {dagbag.py:538} INFO - Filling up the DagBag from /opt/airflow/dags/triggerDag1.py
[2024-02-28T20:48:33.745+0000] {processor.py:753} INFO - DAG(s) dict_keys(['triggerdag1']) retrieved from /opt/airflow/dags/triggerDag1.py
[2024-02-28T20:48:33.760+0000] {logging_mixin.py:137} INFO - [2024-02-28T20:48:33.760+0000] {dag.py:2690} INFO - Sync 1 DAGs
[2024-02-28T20:48:33.774+0000] {logging_mixin.py:137} INFO - [2024-02-28T20:48:33.774+0000] {dag.py:3441} INFO - Setting next_dagrun for triggerdag1 to None, run_after=None
[2024-02-28T20:48:33.784+0000] {processor.py:175} INFO - Processing /opt/airflow/dags/triggerDag1.py took 0.050 seconds
[2024-02-28T20:48:39.549+0000] {processor.py:153} INFO - Started process (PID=1253) to work on /opt/airflow/dags/triggerDag1.py
[2024-02-28T20:48:39.550+0000] {processor.py:743} INFO - Processing file /opt/airflow/dags/triggerDag1.py for tasks to queue
[2024-02-28T20:48:39.550+0000] {logging_mixin.py:137} INFO - [2024-02-28T20:48:39.550+0000] {dagbag.py:538} INFO - Filling up the DagBag from /opt/airflow/dags/triggerDag1.py
[2024-02-28T20:48:39.558+0000] {processor.py:753} INFO - DAG(s) dict_keys(['triggerdag1']) retrieved from /opt/airflow/dags/triggerDag1.py
[2024-02-28T20:48:39.573+0000] {logging_mixin.py:137} INFO - [2024-02-28T20:48:39.573+0000] {dag.py:2690} INFO - Sync 1 DAGs
[2024-02-28T20:48:39.587+0000] {logging_mixin.py:137} INFO - [2024-02-28T20:48:39.587+0000] {dag.py:3441} INFO - Setting next_dagrun for triggerdag1 to None, run_after=None
[2024-02-28T20:48:39.597+0000] {processor.py:175} INFO - Processing /opt/airflow/dags/triggerDag1.py took 0.051 seconds
[2024-02-28T20:48:45.355+0000] {processor.py:153} INFO - Started process (PID=1311) to work on /opt/airflow/dags/triggerDag1.py
[2024-02-28T20:48:45.355+0000] {processor.py:743} INFO - Processing file /opt/airflow/dags/triggerDag1.py for tasks to queue
[2024-02-28T20:48:45.356+0000] {logging_mixin.py:137} INFO - [2024-02-28T20:48:45.356+0000] {dagbag.py:538} INFO - Filling up the DagBag from /opt/airflow/dags/triggerDag1.py
[2024-02-28T20:48:45.365+0000] {processor.py:753} INFO - DAG(s) dict_keys(['triggerdag1']) retrieved from /opt/airflow/dags/triggerDag1.py
[2024-02-28T20:48:45.383+0000] {logging_mixin.py:137} INFO - [2024-02-28T20:48:45.383+0000] {dag.py:2690} INFO - Sync 1 DAGs
[2024-02-28T20:48:45.405+0000] {logging_mixin.py:137} INFO - [2024-02-28T20:48:45.405+0000] {dag.py:3441} INFO - Setting next_dagrun for triggerdag1 to None, run_after=None
[2024-02-28T20:48:45.418+0000] {processor.py:175} INFO - Processing /opt/airflow/dags/triggerDag1.py took 0.065 seconds
[2024-02-28T20:48:51.246+0000] {processor.py:153} INFO - Started process (PID=1337) to work on /opt/airflow/dags/triggerDag1.py
[2024-02-28T20:48:51.247+0000] {processor.py:743} INFO - Processing file /opt/airflow/dags/triggerDag1.py for tasks to queue
[2024-02-28T20:48:51.247+0000] {logging_mixin.py:137} INFO - [2024-02-28T20:48:51.247+0000] {dagbag.py:538} INFO - Filling up the DagBag from /opt/airflow/dags/triggerDag1.py
[2024-02-28T20:48:51.256+0000] {processor.py:753} INFO - DAG(s) dict_keys(['triggerdag1']) retrieved from /opt/airflow/dags/triggerDag1.py
[2024-02-28T20:48:51.271+0000] {logging_mixin.py:137} INFO - [2024-02-28T20:48:51.271+0000] {dag.py:2690} INFO - Sync 1 DAGs
[2024-02-28T20:48:51.286+0000] {logging_mixin.py:137} INFO - [2024-02-28T20:48:51.286+0000] {dag.py:3441} INFO - Setting next_dagrun for triggerdag1 to None, run_after=None
[2024-02-28T20:48:51.297+0000] {processor.py:175} INFO - Processing /opt/airflow/dags/triggerDag1.py took 0.052 seconds
[2024-02-28T20:48:57.115+0000] {processor.py:153} INFO - Started process (PID=1395) to work on /opt/airflow/dags/triggerDag1.py
[2024-02-28T20:48:57.116+0000] {processor.py:743} INFO - Processing file /opt/airflow/dags/triggerDag1.py for tasks to queue
[2024-02-28T20:48:57.116+0000] {logging_mixin.py:137} INFO - [2024-02-28T20:48:57.116+0000] {dagbag.py:538} INFO - Filling up the DagBag from /opt/airflow/dags/triggerDag1.py
[2024-02-28T20:48:57.125+0000] {processor.py:753} INFO - DAG(s) dict_keys(['triggerdag1']) retrieved from /opt/airflow/dags/triggerDag1.py
[2024-02-28T20:48:57.140+0000] {logging_mixin.py:137} INFO - [2024-02-28T20:48:57.140+0000] {dag.py:2690} INFO - Sync 1 DAGs
[2024-02-28T20:48:57.156+0000] {logging_mixin.py:137} INFO - [2024-02-28T20:48:57.156+0000] {dag.py:3441} INFO - Setting next_dagrun for triggerdag1 to None, run_after=None
[2024-02-28T20:48:57.166+0000] {processor.py:175} INFO - Processing /opt/airflow/dags/triggerDag1.py took 0.053 seconds
[2024-02-28T20:49:02.981+0000] {processor.py:153} INFO - Started process (PID=1421) to work on /opt/airflow/dags/triggerDag1.py
[2024-02-28T20:49:02.982+0000] {processor.py:743} INFO - Processing file /opt/airflow/dags/triggerDag1.py for tasks to queue
[2024-02-28T20:49:02.982+0000] {logging_mixin.py:137} INFO - [2024-02-28T20:49:02.982+0000] {dagbag.py:538} INFO - Filling up the DagBag from /opt/airflow/dags/triggerDag1.py
[2024-02-28T20:49:02.991+0000] {processor.py:753} INFO - DAG(s) dict_keys(['triggerdag1']) retrieved from /opt/airflow/dags/triggerDag1.py
[2024-02-28T20:49:03.005+0000] {logging_mixin.py:137} INFO - [2024-02-28T20:49:03.005+0000] {dag.py:2690} INFO - Sync 1 DAGs
[2024-02-28T20:49:03.020+0000] {logging_mixin.py:137} INFO - [2024-02-28T20:49:03.020+0000] {dag.py:3441} INFO - Setting next_dagrun for triggerdag1 to None, run_after=None
[2024-02-28T20:49:03.030+0000] {processor.py:175} INFO - Processing /opt/airflow/dags/triggerDag1.py took 0.051 seconds
[2024-02-28T20:49:08.935+0000] {processor.py:153} INFO - Started process (PID=1479) to work on /opt/airflow/dags/triggerDag1.py
[2024-02-28T20:49:08.936+0000] {processor.py:743} INFO - Processing file /opt/airflow/dags/triggerDag1.py for tasks to queue
[2024-02-28T20:49:08.936+0000] {logging_mixin.py:137} INFO - [2024-02-28T20:49:08.936+0000] {dagbag.py:538} INFO - Filling up the DagBag from /opt/airflow/dags/triggerDag1.py
[2024-02-28T20:49:08.945+0000] {processor.py:753} INFO - DAG(s) dict_keys(['triggerdag1']) retrieved from /opt/airflow/dags/triggerDag1.py
[2024-02-28T20:49:08.961+0000] {logging_mixin.py:137} INFO - [2024-02-28T20:49:08.961+0000] {dag.py:2690} INFO - Sync 1 DAGs
[2024-02-28T20:49:08.977+0000] {logging_mixin.py:137} INFO - [2024-02-28T20:49:08.977+0000] {dag.py:3441} INFO - Setting next_dagrun for triggerdag1 to None, run_after=None
[2024-02-28T20:49:08.989+0000] {processor.py:175} INFO - Processing /opt/airflow/dags/triggerDag1.py took 0.056 seconds
[2024-02-28T20:49:14.798+0000] {processor.py:153} INFO - Started process (PID=1504) to work on /opt/airflow/dags/triggerDag1.py
[2024-02-28T20:49:14.798+0000] {processor.py:743} INFO - Processing file /opt/airflow/dags/triggerDag1.py for tasks to queue
[2024-02-28T20:49:14.799+0000] {logging_mixin.py:137} INFO - [2024-02-28T20:49:14.799+0000] {dagbag.py:538} INFO - Filling up the DagBag from /opt/airflow/dags/triggerDag1.py
[2024-02-28T20:49:14.807+0000] {processor.py:753} INFO - DAG(s) dict_keys(['triggerdag1']) retrieved from /opt/airflow/dags/triggerDag1.py
[2024-02-28T20:49:14.822+0000] {logging_mixin.py:137} INFO - [2024-02-28T20:49:14.822+0000] {dag.py:2690} INFO - Sync 1 DAGs
[2024-02-28T20:49:14.837+0000] {logging_mixin.py:137} INFO - [2024-02-28T20:49:14.837+0000] {dag.py:3441} INFO - Setting next_dagrun for triggerdag1 to None, run_after=None
[2024-02-28T20:49:14.847+0000] {processor.py:175} INFO - Processing /opt/airflow/dags/triggerDag1.py took 0.051 seconds
[2024-02-28T20:49:20.859+0000] {processor.py:153} INFO - Started process (PID=1561) to work on /opt/airflow/dags/triggerDag1.py
[2024-02-28T20:49:20.860+0000] {processor.py:743} INFO - Processing file /opt/airflow/dags/triggerDag1.py for tasks to queue
[2024-02-28T20:49:20.860+0000] {logging_mixin.py:137} INFO - [2024-02-28T20:49:20.860+0000] {dagbag.py:538} INFO - Filling up the DagBag from /opt/airflow/dags/triggerDag1.py
[2024-02-28T20:49:20.869+0000] {processor.py:753} INFO - DAG(s) dict_keys(['triggerdag1']) retrieved from /opt/airflow/dags/triggerDag1.py
[2024-02-28T20:49:20.885+0000] {logging_mixin.py:137} INFO - [2024-02-28T20:49:20.885+0000] {dag.py:2690} INFO - Sync 1 DAGs
[2024-02-28T20:49:20.900+0000] {logging_mixin.py:137} INFO - [2024-02-28T20:49:20.900+0000] {dag.py:3441} INFO - Setting next_dagrun for triggerdag1 to None, run_after=None
[2024-02-28T20:49:20.910+0000] {processor.py:175} INFO - Processing /opt/airflow/dags/triggerDag1.py took 0.054 seconds
[2024-02-28T20:49:26.736+0000] {processor.py:153} INFO - Started process (PID=1586) to work on /opt/airflow/dags/triggerDag1.py
[2024-02-28T20:49:26.737+0000] {processor.py:743} INFO - Processing file /opt/airflow/dags/triggerDag1.py for tasks to queue
[2024-02-28T20:49:26.737+0000] {logging_mixin.py:137} INFO - [2024-02-28T20:49:26.737+0000] {dagbag.py:538} INFO - Filling up the DagBag from /opt/airflow/dags/triggerDag1.py
[2024-02-28T20:49:26.747+0000] {processor.py:753} INFO - DAG(s) dict_keys(['triggerdag1']) retrieved from /opt/airflow/dags/triggerDag1.py
[2024-02-28T20:49:26.762+0000] {logging_mixin.py:137} INFO - [2024-02-28T20:49:26.762+0000] {dag.py:2690} INFO - Sync 1 DAGs
[2024-02-28T20:49:26.778+0000] {logging_mixin.py:137} INFO - [2024-02-28T20:49:26.778+0000] {dag.py:3441} INFO - Setting next_dagrun for triggerdag1 to None, run_after=None
[2024-02-28T20:49:26.790+0000] {processor.py:175} INFO - Processing /opt/airflow/dags/triggerDag1.py took 0.056 seconds
[2024-02-28T20:49:32.785+0000] {processor.py:153} INFO - Started process (PID=1642) to work on /opt/airflow/dags/triggerDag1.py
[2024-02-28T20:49:32.786+0000] {processor.py:743} INFO - Processing file /opt/airflow/dags/triggerDag1.py for tasks to queue
[2024-02-28T20:49:32.786+0000] {logging_mixin.py:137} INFO - [2024-02-28T20:49:32.786+0000] {dagbag.py:538} INFO - Filling up the DagBag from /opt/airflow/dags/triggerDag1.py
[2024-02-28T20:49:32.795+0000] {processor.py:753} INFO - DAG(s) dict_keys(['triggerdag1']) retrieved from /opt/airflow/dags/triggerDag1.py
[2024-02-28T20:49:32.810+0000] {logging_mixin.py:137} INFO - [2024-02-28T20:49:32.810+0000] {dag.py:2690} INFO - Sync 1 DAGs
[2024-02-28T20:49:32.824+0000] {logging_mixin.py:137} INFO - [2024-02-28T20:49:32.824+0000] {dag.py:3441} INFO - Setting next_dagrun for triggerdag1 to None, run_after=None
[2024-02-28T20:49:32.840+0000] {processor.py:175} INFO - Processing /opt/airflow/dags/triggerDag1.py took 0.057 seconds
[2024-02-28T20:50:22.831+0000] {processor.py:153} INFO - Started process (PID=105) to work on /opt/airflow/dags/triggerDag1.py
[2024-02-28T20:50:22.832+0000] {processor.py:743} INFO - Processing file /opt/airflow/dags/triggerDag1.py for tasks to queue
[2024-02-28T20:50:22.833+0000] {logging_mixin.py:137} INFO - [2024-02-28T20:50:22.833+0000] {dagbag.py:538} INFO - Filling up the DagBag from /opt/airflow/dags/triggerDag1.py
[2024-02-28T20:50:22.849+0000] {processor.py:753} INFO - DAG(s) dict_keys(['triggerdag1']) retrieved from /opt/airflow/dags/triggerDag1.py
[2024-02-28T20:50:22.922+0000] {logging_mixin.py:137} INFO - [2024-02-28T20:50:22.922+0000] {dag.py:2690} INFO - Sync 1 DAGs
[2024-02-28T20:50:22.947+0000] {logging_mixin.py:137} INFO - [2024-02-28T20:50:22.947+0000] {dag.py:3441} INFO - Setting next_dagrun for triggerdag1 to None, run_after=None
[2024-02-28T20:50:22.971+0000] {processor.py:175} INFO - Processing /opt/airflow/dags/triggerDag1.py took 0.143 seconds
[2024-02-28T20:50:28.983+0000] {processor.py:153} INFO - Started process (PID=129) to work on /opt/airflow/dags/triggerDag1.py
[2024-02-28T20:50:28.983+0000] {processor.py:743} INFO - Processing file /opt/airflow/dags/triggerDag1.py for tasks to queue
[2024-02-28T20:50:28.983+0000] {logging_mixin.py:137} INFO - [2024-02-28T20:50:28.983+0000] {dagbag.py:538} INFO - Filling up the DagBag from /opt/airflow/dags/triggerDag1.py
[2024-02-28T20:50:28.992+0000] {processor.py:753} INFO - DAG(s) dict_keys(['triggerdag1']) retrieved from /opt/airflow/dags/triggerDag1.py
[2024-02-28T20:50:29.001+0000] {logging_mixin.py:137} INFO - [2024-02-28T20:50:29.001+0000] {dag.py:2690} INFO - Sync 1 DAGs
[2024-02-28T20:50:29.017+0000] {logging_mixin.py:137} INFO - [2024-02-28T20:50:29.017+0000] {dag.py:3441} INFO - Setting next_dagrun for triggerdag1 to None, run_after=None
[2024-02-28T20:50:29.028+0000] {processor.py:175} INFO - Processing /opt/airflow/dags/triggerDag1.py took 0.048 seconds
[2024-02-28T20:50:34.888+0000] {processor.py:153} INFO - Started process (PID=185) to work on /opt/airflow/dags/triggerDag1.py
[2024-02-28T20:50:34.889+0000] {processor.py:743} INFO - Processing file /opt/airflow/dags/triggerDag1.py for tasks to queue
[2024-02-28T20:50:34.889+0000] {logging_mixin.py:137} INFO - [2024-02-28T20:50:34.889+0000] {dagbag.py:538} INFO - Filling up the DagBag from /opt/airflow/dags/triggerDag1.py
[2024-02-28T20:50:34.899+0000] {processor.py:753} INFO - DAG(s) dict_keys(['triggerdag1']) retrieved from /opt/airflow/dags/triggerDag1.py
[2024-02-28T20:50:34.908+0000] {logging_mixin.py:137} INFO - [2024-02-28T20:50:34.908+0000] {dag.py:2690} INFO - Sync 1 DAGs
[2024-02-28T20:50:34.925+0000] {logging_mixin.py:137} INFO - [2024-02-28T20:50:34.925+0000] {dag.py:3441} INFO - Setting next_dagrun for triggerdag1 to None, run_after=None
[2024-02-28T20:50:34.937+0000] {processor.py:175} INFO - Processing /opt/airflow/dags/triggerDag1.py took 0.051 seconds
[2024-02-28T20:50:40.782+0000] {processor.py:153} INFO - Started process (PID=209) to work on /opt/airflow/dags/triggerDag1.py
[2024-02-28T20:50:40.782+0000] {processor.py:743} INFO - Processing file /opt/airflow/dags/triggerDag1.py for tasks to queue
[2024-02-28T20:50:40.783+0000] {logging_mixin.py:137} INFO - [2024-02-28T20:50:40.783+0000] {dagbag.py:538} INFO - Filling up the DagBag from /opt/airflow/dags/triggerDag1.py
[2024-02-28T20:50:40.793+0000] {processor.py:753} INFO - DAG(s) dict_keys(['triggerdag1']) retrieved from /opt/airflow/dags/triggerDag1.py
[2024-02-28T20:50:40.801+0000] {logging_mixin.py:137} INFO - [2024-02-28T20:50:40.801+0000] {dag.py:2690} INFO - Sync 1 DAGs
[2024-02-28T20:50:40.815+0000] {logging_mixin.py:137} INFO - [2024-02-28T20:50:40.815+0000] {dag.py:3441} INFO - Setting next_dagrun for triggerdag1 to None, run_after=None
[2024-02-28T20:50:40.825+0000] {processor.py:175} INFO - Processing /opt/airflow/dags/triggerDag1.py took 0.045 seconds
[2024-02-28T20:50:46.724+0000] {processor.py:153} INFO - Started process (PID=265) to work on /opt/airflow/dags/triggerDag1.py
[2024-02-28T20:50:46.725+0000] {processor.py:743} INFO - Processing file /opt/airflow/dags/triggerDag1.py for tasks to queue
[2024-02-28T20:50:46.726+0000] {logging_mixin.py:137} INFO - [2024-02-28T20:50:46.726+0000] {dagbag.py:538} INFO - Filling up the DagBag from /opt/airflow/dags/triggerDag1.py
[2024-02-28T20:50:46.742+0000] {processor.py:753} INFO - DAG(s) dict_keys(['triggerdag1']) retrieved from /opt/airflow/dags/triggerDag1.py
[2024-02-28T20:50:46.752+0000] {logging_mixin.py:137} INFO - [2024-02-28T20:50:46.752+0000] {dag.py:2690} INFO - Sync 1 DAGs
[2024-02-28T20:50:46.768+0000] {logging_mixin.py:137} INFO - [2024-02-28T20:50:46.768+0000] {dag.py:3441} INFO - Setting next_dagrun for triggerdag1 to None, run_after=None
[2024-02-28T20:50:46.783+0000] {processor.py:175} INFO - Processing /opt/airflow/dags/triggerDag1.py took 0.062 seconds
[2024-02-28T20:50:52.604+0000] {processor.py:153} INFO - Started process (PID=289) to work on /opt/airflow/dags/triggerDag1.py
[2024-02-28T20:50:52.604+0000] {processor.py:743} INFO - Processing file /opt/airflow/dags/triggerDag1.py for tasks to queue
[2024-02-28T20:50:52.605+0000] {logging_mixin.py:137} INFO - [2024-02-28T20:50:52.605+0000] {dagbag.py:538} INFO - Filling up the DagBag from /opt/airflow/dags/triggerDag1.py
[2024-02-28T20:50:52.614+0000] {processor.py:753} INFO - DAG(s) dict_keys(['triggerdag1']) retrieved from /opt/airflow/dags/triggerDag1.py
[2024-02-28T20:50:52.623+0000] {logging_mixin.py:137} INFO - [2024-02-28T20:50:52.623+0000] {dag.py:2690} INFO - Sync 1 DAGs
[2024-02-28T20:50:52.639+0000] {logging_mixin.py:137} INFO - [2024-02-28T20:50:52.639+0000] {dag.py:3441} INFO - Setting next_dagrun for triggerdag1 to None, run_after=None
[2024-02-28T20:50:52.650+0000] {processor.py:175} INFO - Processing /opt/airflow/dags/triggerDag1.py took 0.048 seconds
[2024-02-28T20:50:58.462+0000] {processor.py:153} INFO - Started process (PID=345) to work on /opt/airflow/dags/triggerDag1.py
[2024-02-28T20:50:58.462+0000] {processor.py:743} INFO - Processing file /opt/airflow/dags/triggerDag1.py for tasks to queue
[2024-02-28T20:50:58.463+0000] {logging_mixin.py:137} INFO - [2024-02-28T20:50:58.463+0000] {dagbag.py:538} INFO - Filling up the DagBag from /opt/airflow/dags/triggerDag1.py
[2024-02-28T20:50:58.472+0000] {processor.py:753} INFO - DAG(s) dict_keys(['triggerdag1']) retrieved from /opt/airflow/dags/triggerDag1.py
[2024-02-28T20:50:58.488+0000] {logging_mixin.py:137} INFO - [2024-02-28T20:50:58.488+0000] {dag.py:2690} INFO - Sync 1 DAGs
[2024-02-28T20:50:58.504+0000] {logging_mixin.py:137} INFO - [2024-02-28T20:50:58.503+0000] {dag.py:3441} INFO - Setting next_dagrun for triggerdag1 to None, run_after=None
[2024-02-28T20:50:58.516+0000] {processor.py:175} INFO - Processing /opt/airflow/dags/triggerDag1.py took 0.056 seconds
[2024-02-28T20:51:04.423+0000] {processor.py:153} INFO - Started process (PID=369) to work on /opt/airflow/dags/triggerDag1.py
[2024-02-28T20:51:04.424+0000] {processor.py:743} INFO - Processing file /opt/airflow/dags/triggerDag1.py for tasks to queue
[2024-02-28T20:51:04.424+0000] {logging_mixin.py:137} INFO - [2024-02-28T20:51:04.424+0000] {dagbag.py:538} INFO - Filling up the DagBag from /opt/airflow/dags/triggerDag1.py
[2024-02-28T20:51:04.433+0000] {processor.py:753} INFO - DAG(s) dict_keys(['triggerdag1']) retrieved from /opt/airflow/dags/triggerDag1.py
[2024-02-28T20:51:04.448+0000] {logging_mixin.py:137} INFO - [2024-02-28T20:51:04.448+0000] {dag.py:2690} INFO - Sync 1 DAGs
[2024-02-28T20:51:04.463+0000] {logging_mixin.py:137} INFO - [2024-02-28T20:51:04.463+0000] {dag.py:3441} INFO - Setting next_dagrun for triggerdag1 to None, run_after=None
[2024-02-28T20:51:04.473+0000] {processor.py:175} INFO - Processing /opt/airflow/dags/triggerDag1.py took 0.052 seconds
[2024-02-28T20:51:10.277+0000] {processor.py:153} INFO - Started process (PID=425) to work on /opt/airflow/dags/triggerDag1.py
[2024-02-28T20:51:10.277+0000] {processor.py:743} INFO - Processing file /opt/airflow/dags/triggerDag1.py for tasks to queue
[2024-02-28T20:51:10.278+0000] {logging_mixin.py:137} INFO - [2024-02-28T20:51:10.278+0000] {dagbag.py:538} INFO - Filling up the DagBag from /opt/airflow/dags/triggerDag1.py
[2024-02-28T20:51:10.286+0000] {processor.py:753} INFO - DAG(s) dict_keys(['triggerdag1']) retrieved from /opt/airflow/dags/triggerDag1.py
[2024-02-28T20:51:10.301+0000] {logging_mixin.py:137} INFO - [2024-02-28T20:51:10.300+0000] {dag.py:2690} INFO - Sync 1 DAGs
[2024-02-28T20:51:10.315+0000] {logging_mixin.py:137} INFO - [2024-02-28T20:51:10.315+0000] {dag.py:3441} INFO - Setting next_dagrun for triggerdag1 to None, run_after=None
[2024-02-28T20:51:10.325+0000] {processor.py:175} INFO - Processing /opt/airflow/dags/triggerDag1.py took 0.050 seconds
[2024-02-28T20:51:16.158+0000] {processor.py:153} INFO - Started process (PID=449) to work on /opt/airflow/dags/triggerDag1.py
[2024-02-28T20:51:16.158+0000] {processor.py:743} INFO - Processing file /opt/airflow/dags/triggerDag1.py for tasks to queue
[2024-02-28T20:51:16.158+0000] {logging_mixin.py:137} INFO - [2024-02-28T20:51:16.158+0000] {dagbag.py:538} INFO - Filling up the DagBag from /opt/airflow/dags/triggerDag1.py
[2024-02-28T20:51:16.167+0000] {processor.py:753} INFO - DAG(s) dict_keys(['triggerdag1']) retrieved from /opt/airflow/dags/triggerDag1.py
[2024-02-28T20:51:16.181+0000] {logging_mixin.py:137} INFO - [2024-02-28T20:51:16.181+0000] {dag.py:2690} INFO - Sync 1 DAGs
[2024-02-28T20:51:16.196+0000] {logging_mixin.py:137} INFO - [2024-02-28T20:51:16.196+0000] {dag.py:3441} INFO - Setting next_dagrun for triggerdag1 to None, run_after=None
[2024-02-28T20:51:16.207+0000] {processor.py:175} INFO - Processing /opt/airflow/dags/triggerDag1.py took 0.052 seconds
