[2024-02-28T20:45:56.967+0000] {processor.py:153} INFO - Started process (PID=64) to work on /opt/airflow/dags/variaveis.py
[2024-02-28T20:45:56.967+0000] {processor.py:743} INFO - Processing file /opt/airflow/dags/variaveis.py for tasks to queue
[2024-02-28T20:45:56.968+0000] {logging_mixin.py:137} INFO - [2024-02-28T20:45:56.968+0000] {dagbag.py:538} INFO - Filling up the DagBag from /opt/airflow/dags/variaveis.py
[2024-02-28T20:45:56.979+0000] {processor.py:753} INFO - DAG(s) dict_keys(['variaveis']) retrieved from /opt/airflow/dags/variaveis.py
[2024-02-28T20:45:57.058+0000] {logging_mixin.py:137} INFO - [2024-02-28T20:45:57.058+0000] {manager.py:504} INFO - Created Permission View: can edit on DAG:variaveis
[2024-02-28T20:45:57.064+0000] {logging_mixin.py:137} INFO - [2024-02-28T20:45:57.064+0000] {manager.py:504} INFO - Created Permission View: can delete on DAG:variaveis
[2024-02-28T20:45:57.069+0000] {logging_mixin.py:137} INFO - [2024-02-28T20:45:57.069+0000] {manager.py:504} INFO - Created Permission View: can read on DAG:variaveis
[2024-02-28T20:45:57.070+0000] {logging_mixin.py:137} INFO - [2024-02-28T20:45:57.070+0000] {dag.py:2690} INFO - Sync 1 DAGs
[2024-02-28T20:45:57.078+0000] {logging_mixin.py:137} INFO - [2024-02-28T20:45:57.078+0000] {dag.py:2711} INFO - Creating ORM DAG for variaveis
[2024-02-28T20:45:57.086+0000] {logging_mixin.py:137} INFO - [2024-02-28T20:45:57.086+0000] {dag.py:3441} INFO - Setting next_dagrun for variaveis to None, run_after=None
[2024-02-28T20:45:57.098+0000] {processor.py:175} INFO - Processing /opt/airflow/dags/variaveis.py took 0.133 seconds
[2024-02-28T20:46:02.443+0000] {processor.py:153} INFO - Started process (PID=122) to work on /opt/airflow/dags/variaveis.py
[2024-02-28T20:46:02.443+0000] {processor.py:743} INFO - Processing file /opt/airflow/dags/variaveis.py for tasks to queue
[2024-02-28T20:46:02.444+0000] {logging_mixin.py:137} INFO - [2024-02-28T20:46:02.444+0000] {dagbag.py:538} INFO - Filling up the DagBag from /opt/airflow/dags/variaveis.py
[2024-02-28T20:46:02.452+0000] {processor.py:753} INFO - DAG(s) dict_keys(['variaveis']) retrieved from /opt/airflow/dags/variaveis.py
[2024-02-28T20:46:02.461+0000] {logging_mixin.py:137} INFO - [2024-02-28T20:46:02.460+0000] {dag.py:2690} INFO - Sync 1 DAGs
[2024-02-28T20:46:02.475+0000] {logging_mixin.py:137} INFO - [2024-02-28T20:46:02.475+0000] {dag.py:3441} INFO - Setting next_dagrun for variaveis to None, run_after=None
[2024-02-28T20:46:02.486+0000] {processor.py:175} INFO - Processing /opt/airflow/dags/variaveis.py took 0.045 seconds
[2024-02-28T20:46:08.384+0000] {processor.py:153} INFO - Started process (PID=148) to work on /opt/airflow/dags/variaveis.py
[2024-02-28T20:46:08.384+0000] {processor.py:743} INFO - Processing file /opt/airflow/dags/variaveis.py for tasks to queue
[2024-02-28T20:46:08.385+0000] {logging_mixin.py:137} INFO - [2024-02-28T20:46:08.385+0000] {dagbag.py:538} INFO - Filling up the DagBag from /opt/airflow/dags/variaveis.py
[2024-02-28T20:46:08.394+0000] {processor.py:753} INFO - DAG(s) dict_keys(['variaveis']) retrieved from /opt/airflow/dags/variaveis.py
[2024-02-28T20:46:08.402+0000] {logging_mixin.py:137} INFO - [2024-02-28T20:46:08.402+0000] {dag.py:2690} INFO - Sync 1 DAGs
[2024-02-28T20:46:08.417+0000] {logging_mixin.py:137} INFO - [2024-02-28T20:46:08.417+0000] {dag.py:3441} INFO - Setting next_dagrun for variaveis to None, run_after=None
[2024-02-28T20:46:08.427+0000] {processor.py:175} INFO - Processing /opt/airflow/dags/variaveis.py took 0.045 seconds
[2024-02-28T20:46:14.241+0000] {processor.py:153} INFO - Started process (PID=206) to work on /opt/airflow/dags/variaveis.py
[2024-02-28T20:46:14.241+0000] {processor.py:743} INFO - Processing file /opt/airflow/dags/variaveis.py for tasks to queue
[2024-02-28T20:46:14.242+0000] {logging_mixin.py:137} INFO - [2024-02-28T20:46:14.242+0000] {dagbag.py:538} INFO - Filling up the DagBag from /opt/airflow/dags/variaveis.py
[2024-02-28T20:46:14.251+0000] {processor.py:753} INFO - DAG(s) dict_keys(['variaveis']) retrieved from /opt/airflow/dags/variaveis.py
[2024-02-28T20:46:14.259+0000] {logging_mixin.py:137} INFO - [2024-02-28T20:46:14.259+0000] {dag.py:2690} INFO - Sync 1 DAGs
[2024-02-28T20:46:14.274+0000] {logging_mixin.py:137} INFO - [2024-02-28T20:46:14.274+0000] {dag.py:3441} INFO - Setting next_dagrun for variaveis to None, run_after=None
[2024-02-28T20:46:14.285+0000] {processor.py:175} INFO - Processing /opt/airflow/dags/variaveis.py took 0.046 seconds
[2024-02-28T20:46:20.068+0000] {processor.py:153} INFO - Started process (PID=232) to work on /opt/airflow/dags/variaveis.py
[2024-02-28T20:46:20.068+0000] {processor.py:743} INFO - Processing file /opt/airflow/dags/variaveis.py for tasks to queue
[2024-02-28T20:46:20.069+0000] {logging_mixin.py:137} INFO - [2024-02-28T20:46:20.069+0000] {dagbag.py:538} INFO - Filling up the DagBag from /opt/airflow/dags/variaveis.py
[2024-02-28T20:46:20.079+0000] {processor.py:753} INFO - DAG(s) dict_keys(['variaveis']) retrieved from /opt/airflow/dags/variaveis.py
[2024-02-28T20:46:20.087+0000] {logging_mixin.py:137} INFO - [2024-02-28T20:46:20.086+0000] {dag.py:2690} INFO - Sync 1 DAGs
[2024-02-28T20:46:20.102+0000] {logging_mixin.py:137} INFO - [2024-02-28T20:46:20.102+0000] {dag.py:3441} INFO - Setting next_dagrun for variaveis to None, run_after=None
[2024-02-28T20:46:20.113+0000] {processor.py:175} INFO - Processing /opt/airflow/dags/variaveis.py took 0.047 seconds
[2024-02-28T20:46:25.922+0000] {processor.py:153} INFO - Started process (PID=290) to work on /opt/airflow/dags/variaveis.py
[2024-02-28T20:46:25.923+0000] {processor.py:743} INFO - Processing file /opt/airflow/dags/variaveis.py for tasks to queue
[2024-02-28T20:46:25.923+0000] {logging_mixin.py:137} INFO - [2024-02-28T20:46:25.923+0000] {dagbag.py:538} INFO - Filling up the DagBag from /opt/airflow/dags/variaveis.py
[2024-02-28T20:46:25.932+0000] {processor.py:753} INFO - DAG(s) dict_keys(['variaveis']) retrieved from /opt/airflow/dags/variaveis.py
[2024-02-28T20:46:25.940+0000] {logging_mixin.py:137} INFO - [2024-02-28T20:46:25.940+0000] {dag.py:2690} INFO - Sync 1 DAGs
[2024-02-28T20:46:25.956+0000] {logging_mixin.py:137} INFO - [2024-02-28T20:46:25.955+0000] {dag.py:3441} INFO - Setting next_dagrun for variaveis to None, run_after=None
[2024-02-28T20:46:25.966+0000] {processor.py:175} INFO - Processing /opt/airflow/dags/variaveis.py took 0.046 seconds
[2024-02-28T20:46:31.852+0000] {processor.py:153} INFO - Started process (PID=316) to work on /opt/airflow/dags/variaveis.py
[2024-02-28T20:46:31.852+0000] {processor.py:743} INFO - Processing file /opt/airflow/dags/variaveis.py for tasks to queue
[2024-02-28T20:46:31.853+0000] {logging_mixin.py:137} INFO - [2024-02-28T20:46:31.853+0000] {dagbag.py:538} INFO - Filling up the DagBag from /opt/airflow/dags/variaveis.py
[2024-02-28T20:46:31.861+0000] {processor.py:753} INFO - DAG(s) dict_keys(['variaveis']) retrieved from /opt/airflow/dags/variaveis.py
[2024-02-28T20:46:31.877+0000] {logging_mixin.py:137} INFO - [2024-02-28T20:46:31.877+0000] {dag.py:2690} INFO - Sync 1 DAGs
[2024-02-28T20:46:31.892+0000] {logging_mixin.py:137} INFO - [2024-02-28T20:46:31.892+0000] {dag.py:3441} INFO - Setting next_dagrun for variaveis to None, run_after=None
[2024-02-28T20:46:31.903+0000] {processor.py:175} INFO - Processing /opt/airflow/dags/variaveis.py took 0.053 seconds
[2024-02-28T20:46:37.929+0000] {processor.py:153} INFO - Started process (PID=374) to work on /opt/airflow/dags/variaveis.py
[2024-02-28T20:46:37.929+0000] {processor.py:743} INFO - Processing file /opt/airflow/dags/variaveis.py for tasks to queue
[2024-02-28T20:46:37.930+0000] {logging_mixin.py:137} INFO - [2024-02-28T20:46:37.929+0000] {dagbag.py:538} INFO - Filling up the DagBag from /opt/airflow/dags/variaveis.py
[2024-02-28T20:46:37.938+0000] {processor.py:753} INFO - DAG(s) dict_keys(['variaveis']) retrieved from /opt/airflow/dags/variaveis.py
[2024-02-28T20:46:37.953+0000] {logging_mixin.py:137} INFO - [2024-02-28T20:46:37.953+0000] {dag.py:2690} INFO - Sync 1 DAGs
[2024-02-28T20:46:37.968+0000] {logging_mixin.py:137} INFO - [2024-02-28T20:46:37.968+0000] {dag.py:3441} INFO - Setting next_dagrun for variaveis to None, run_after=None
[2024-02-28T20:46:37.978+0000] {processor.py:175} INFO - Processing /opt/airflow/dags/variaveis.py took 0.051 seconds
[2024-02-28T20:46:43.989+0000] {processor.py:153} INFO - Started process (PID=400) to work on /opt/airflow/dags/variaveis.py
[2024-02-28T20:46:43.990+0000] {processor.py:743} INFO - Processing file /opt/airflow/dags/variaveis.py for tasks to queue
[2024-02-28T20:46:43.990+0000] {logging_mixin.py:137} INFO - [2024-02-28T20:46:43.990+0000] {dagbag.py:538} INFO - Filling up the DagBag from /opt/airflow/dags/variaveis.py
[2024-02-28T20:46:43.999+0000] {processor.py:753} INFO - DAG(s) dict_keys(['variaveis']) retrieved from /opt/airflow/dags/variaveis.py
[2024-02-28T20:46:44.014+0000] {logging_mixin.py:137} INFO - [2024-02-28T20:46:44.014+0000] {dag.py:2690} INFO - Sync 1 DAGs
[2024-02-28T20:46:44.030+0000] {logging_mixin.py:137} INFO - [2024-02-28T20:46:44.030+0000] {dag.py:3441} INFO - Setting next_dagrun for variaveis to None, run_after=None
[2024-02-28T20:46:44.040+0000] {processor.py:175} INFO - Processing /opt/airflow/dags/variaveis.py took 0.053 seconds
[2024-02-28T20:46:49.072+0000] {processor.py:153} INFO - Started process (PID=458) to work on /opt/airflow/dags/variaveis.py
[2024-02-28T20:46:49.073+0000] {processor.py:743} INFO - Processing file /opt/airflow/dags/variaveis.py for tasks to queue
[2024-02-28T20:46:49.073+0000] {logging_mixin.py:137} INFO - [2024-02-28T20:46:49.073+0000] {dagbag.py:538} INFO - Filling up the DagBag from /opt/airflow/dags/variaveis.py
[2024-02-28T20:46:49.082+0000] {processor.py:753} INFO - DAG(s) dict_keys(['variaveis']) retrieved from /opt/airflow/dags/variaveis.py
[2024-02-28T20:46:49.096+0000] {logging_mixin.py:137} INFO - [2024-02-28T20:46:49.096+0000] {dag.py:2690} INFO - Sync 1 DAGs
[2024-02-28T20:46:49.110+0000] {logging_mixin.py:137} INFO - [2024-02-28T20:46:49.110+0000] {dag.py:3441} INFO - Setting next_dagrun for variaveis to None, run_after=None
[2024-02-28T20:46:49.120+0000] {processor.py:175} INFO - Processing /opt/airflow/dags/variaveis.py took 0.050 seconds
[2024-02-28T20:46:54.168+0000] {processor.py:153} INFO - Started process (PID=484) to work on /opt/airflow/dags/variaveis.py
[2024-02-28T20:46:54.169+0000] {processor.py:743} INFO - Processing file /opt/airflow/dags/variaveis.py for tasks to queue
[2024-02-28T20:46:54.169+0000] {logging_mixin.py:137} INFO - [2024-02-28T20:46:54.169+0000] {dagbag.py:538} INFO - Filling up the DagBag from /opt/airflow/dags/variaveis.py
[2024-02-28T20:46:54.178+0000] {processor.py:753} INFO - DAG(s) dict_keys(['variaveis']) retrieved from /opt/airflow/dags/variaveis.py
[2024-02-28T20:46:54.194+0000] {logging_mixin.py:137} INFO - [2024-02-28T20:46:54.193+0000] {dag.py:2690} INFO - Sync 1 DAGs
[2024-02-28T20:46:54.209+0000] {logging_mixin.py:137} INFO - [2024-02-28T20:46:54.209+0000] {dag.py:3441} INFO - Setting next_dagrun for variaveis to None, run_after=None
[2024-02-28T20:46:54.219+0000] {processor.py:175} INFO - Processing /opt/airflow/dags/variaveis.py took 0.053 seconds
[2024-02-28T20:47:00.210+0000] {processor.py:153} INFO - Started process (PID=542) to work on /opt/airflow/dags/variaveis.py
[2024-02-28T20:47:00.211+0000] {processor.py:743} INFO - Processing file /opt/airflow/dags/variaveis.py for tasks to queue
[2024-02-28T20:47:00.211+0000] {logging_mixin.py:137} INFO - [2024-02-28T20:47:00.211+0000] {dagbag.py:538} INFO - Filling up the DagBag from /opt/airflow/dags/variaveis.py
[2024-02-28T20:47:00.220+0000] {processor.py:753} INFO - DAG(s) dict_keys(['variaveis']) retrieved from /opt/airflow/dags/variaveis.py
[2024-02-28T20:47:00.235+0000] {logging_mixin.py:137} INFO - [2024-02-28T20:47:00.235+0000] {dag.py:2690} INFO - Sync 1 DAGs
[2024-02-28T20:47:00.249+0000] {logging_mixin.py:137} INFO - [2024-02-28T20:47:00.249+0000] {dag.py:3441} INFO - Setting next_dagrun for variaveis to None, run_after=None
[2024-02-28T20:47:00.260+0000] {processor.py:175} INFO - Processing /opt/airflow/dags/variaveis.py took 0.051 seconds
[2024-02-28T20:47:06.210+0000] {processor.py:153} INFO - Started process (PID=568) to work on /opt/airflow/dags/variaveis.py
[2024-02-28T20:47:06.210+0000] {processor.py:743} INFO - Processing file /opt/airflow/dags/variaveis.py for tasks to queue
[2024-02-28T20:47:06.211+0000] {logging_mixin.py:137} INFO - [2024-02-28T20:47:06.211+0000] {dagbag.py:538} INFO - Filling up the DagBag from /opt/airflow/dags/variaveis.py
[2024-02-28T20:47:06.220+0000] {processor.py:753} INFO - DAG(s) dict_keys(['variaveis']) retrieved from /opt/airflow/dags/variaveis.py
[2024-02-28T20:47:06.237+0000] {logging_mixin.py:137} INFO - [2024-02-28T20:47:06.237+0000] {dag.py:2690} INFO - Sync 1 DAGs
[2024-02-28T20:47:06.253+0000] {logging_mixin.py:137} INFO - [2024-02-28T20:47:06.253+0000] {dag.py:3441} INFO - Setting next_dagrun for variaveis to None, run_after=None
[2024-02-28T20:47:06.266+0000] {processor.py:175} INFO - Processing /opt/airflow/dags/variaveis.py took 0.058 seconds
[2024-02-28T20:47:11.335+0000] {processor.py:153} INFO - Started process (PID=626) to work on /opt/airflow/dags/variaveis.py
[2024-02-28T20:47:11.335+0000] {processor.py:743} INFO - Processing file /opt/airflow/dags/variaveis.py for tasks to queue
[2024-02-28T20:47:11.335+0000] {logging_mixin.py:137} INFO - [2024-02-28T20:47:11.335+0000] {dagbag.py:538} INFO - Filling up the DagBag from /opt/airflow/dags/variaveis.py
[2024-02-28T20:47:11.344+0000] {processor.py:753} INFO - DAG(s) dict_keys(['variaveis']) retrieved from /opt/airflow/dags/variaveis.py
[2024-02-28T20:47:11.359+0000] {logging_mixin.py:137} INFO - [2024-02-28T20:47:11.359+0000] {dag.py:2690} INFO - Sync 1 DAGs
[2024-02-28T20:47:11.373+0000] {logging_mixin.py:137} INFO - [2024-02-28T20:47:11.373+0000] {dag.py:3441} INFO - Setting next_dagrun for variaveis to None, run_after=None
[2024-02-28T20:47:11.384+0000] {processor.py:175} INFO - Processing /opt/airflow/dags/variaveis.py took 0.051 seconds
[2024-02-28T20:47:17.278+0000] {processor.py:153} INFO - Started process (PID=654) to work on /opt/airflow/dags/variaveis.py
[2024-02-28T20:47:17.279+0000] {processor.py:743} INFO - Processing file /opt/airflow/dags/variaveis.py for tasks to queue
[2024-02-28T20:47:17.279+0000] {logging_mixin.py:137} INFO - [2024-02-28T20:47:17.279+0000] {dagbag.py:538} INFO - Filling up the DagBag from /opt/airflow/dags/variaveis.py
[2024-02-28T20:47:17.288+0000] {processor.py:753} INFO - DAG(s) dict_keys(['variaveis']) retrieved from /opt/airflow/dags/variaveis.py
[2024-02-28T20:47:17.302+0000] {logging_mixin.py:137} INFO - [2024-02-28T20:47:17.302+0000] {dag.py:2690} INFO - Sync 1 DAGs
[2024-02-28T20:47:17.316+0000] {logging_mixin.py:137} INFO - [2024-02-28T20:47:17.316+0000] {dag.py:3441} INFO - Setting next_dagrun for variaveis to None, run_after=None
[2024-02-28T20:47:17.327+0000] {processor.py:175} INFO - Processing /opt/airflow/dags/variaveis.py took 0.051 seconds
[2024-02-28T20:47:23.149+0000] {processor.py:153} INFO - Started process (PID=712) to work on /opt/airflow/dags/variaveis.py
[2024-02-28T20:47:23.149+0000] {processor.py:743} INFO - Processing file /opt/airflow/dags/variaveis.py for tasks to queue
[2024-02-28T20:47:23.150+0000] {logging_mixin.py:137} INFO - [2024-02-28T20:47:23.150+0000] {dagbag.py:538} INFO - Filling up the DagBag from /opt/airflow/dags/variaveis.py
[2024-02-28T20:47:23.159+0000] {processor.py:753} INFO - DAG(s) dict_keys(['variaveis']) retrieved from /opt/airflow/dags/variaveis.py
[2024-02-28T20:47:23.174+0000] {logging_mixin.py:137} INFO - [2024-02-28T20:47:23.173+0000] {dag.py:2690} INFO - Sync 1 DAGs
[2024-02-28T20:47:23.189+0000] {logging_mixin.py:137} INFO - [2024-02-28T20:47:23.189+0000] {dag.py:3441} INFO - Setting next_dagrun for variaveis to None, run_after=None
[2024-02-28T20:47:23.200+0000] {processor.py:175} INFO - Processing /opt/airflow/dags/variaveis.py took 0.054 seconds
[2024-02-28T20:47:28.996+0000] {processor.py:153} INFO - Started process (PID=738) to work on /opt/airflow/dags/variaveis.py
[2024-02-28T20:47:28.997+0000] {processor.py:743} INFO - Processing file /opt/airflow/dags/variaveis.py for tasks to queue
[2024-02-28T20:47:28.997+0000] {logging_mixin.py:137} INFO - [2024-02-28T20:47:28.997+0000] {dagbag.py:538} INFO - Filling up the DagBag from /opt/airflow/dags/variaveis.py
[2024-02-28T20:47:29.006+0000] {processor.py:753} INFO - DAG(s) dict_keys(['variaveis']) retrieved from /opt/airflow/dags/variaveis.py
[2024-02-28T20:47:29.021+0000] {logging_mixin.py:137} INFO - [2024-02-28T20:47:29.021+0000] {dag.py:2690} INFO - Sync 1 DAGs
[2024-02-28T20:47:29.037+0000] {logging_mixin.py:137} INFO - [2024-02-28T20:47:29.037+0000] {dag.py:3441} INFO - Setting next_dagrun for variaveis to None, run_after=None
[2024-02-28T20:47:29.047+0000] {processor.py:175} INFO - Processing /opt/airflow/dags/variaveis.py took 0.053 seconds
[2024-02-28T20:47:34.874+0000] {processor.py:153} INFO - Started process (PID=796) to work on /opt/airflow/dags/variaveis.py
[2024-02-28T20:47:34.874+0000] {processor.py:743} INFO - Processing file /opt/airflow/dags/variaveis.py for tasks to queue
[2024-02-28T20:47:34.874+0000] {logging_mixin.py:137} INFO - [2024-02-28T20:47:34.874+0000] {dagbag.py:538} INFO - Filling up the DagBag from /opt/airflow/dags/variaveis.py
[2024-02-28T20:47:34.884+0000] {processor.py:753} INFO - DAG(s) dict_keys(['variaveis']) retrieved from /opt/airflow/dags/variaveis.py
[2024-02-28T20:47:34.898+0000] {logging_mixin.py:137} INFO - [2024-02-28T20:47:34.897+0000] {dag.py:2690} INFO - Sync 1 DAGs
[2024-02-28T20:47:34.913+0000] {logging_mixin.py:137} INFO - [2024-02-28T20:47:34.913+0000] {dag.py:3441} INFO - Setting next_dagrun for variaveis to None, run_after=None
[2024-02-28T20:47:34.923+0000] {processor.py:175} INFO - Processing /opt/airflow/dags/variaveis.py took 0.051 seconds
[2024-02-28T20:47:40.767+0000] {processor.py:153} INFO - Started process (PID=822) to work on /opt/airflow/dags/variaveis.py
[2024-02-28T20:47:40.768+0000] {processor.py:743} INFO - Processing file /opt/airflow/dags/variaveis.py for tasks to queue
[2024-02-28T20:47:40.768+0000] {logging_mixin.py:137} INFO - [2024-02-28T20:47:40.768+0000] {dagbag.py:538} INFO - Filling up the DagBag from /opt/airflow/dags/variaveis.py
[2024-02-28T20:47:40.780+0000] {processor.py:753} INFO - DAG(s) dict_keys(['variaveis']) retrieved from /opt/airflow/dags/variaveis.py
[2024-02-28T20:47:40.808+0000] {logging_mixin.py:137} INFO - [2024-02-28T20:47:40.808+0000] {dag.py:2690} INFO - Sync 1 DAGs
[2024-02-28T20:47:40.837+0000] {logging_mixin.py:137} INFO - [2024-02-28T20:47:40.836+0000] {dag.py:3441} INFO - Setting next_dagrun for variaveis to None, run_after=None
[2024-02-28T20:47:40.860+0000] {processor.py:175} INFO - Processing /opt/airflow/dags/variaveis.py took 0.096 seconds
[2024-02-28T20:47:46.623+0000] {processor.py:153} INFO - Started process (PID=880) to work on /opt/airflow/dags/variaveis.py
[2024-02-28T20:47:46.623+0000] {processor.py:743} INFO - Processing file /opt/airflow/dags/variaveis.py for tasks to queue
[2024-02-28T20:47:46.624+0000] {logging_mixin.py:137} INFO - [2024-02-28T20:47:46.624+0000] {dagbag.py:538} INFO - Filling up the DagBag from /opt/airflow/dags/variaveis.py
[2024-02-28T20:47:46.632+0000] {processor.py:753} INFO - DAG(s) dict_keys(['variaveis']) retrieved from /opt/airflow/dags/variaveis.py
[2024-02-28T20:47:46.647+0000] {logging_mixin.py:137} INFO - [2024-02-28T20:47:46.646+0000] {dag.py:2690} INFO - Sync 1 DAGs
[2024-02-28T20:47:46.661+0000] {logging_mixin.py:137} INFO - [2024-02-28T20:47:46.661+0000] {dag.py:3441} INFO - Setting next_dagrun for variaveis to None, run_after=None
[2024-02-28T20:47:46.672+0000] {processor.py:175} INFO - Processing /opt/airflow/dags/variaveis.py took 0.051 seconds
[2024-02-28T20:47:52.446+0000] {processor.py:153} INFO - Started process (PID=906) to work on /opt/airflow/dags/variaveis.py
[2024-02-28T20:47:52.446+0000] {processor.py:743} INFO - Processing file /opt/airflow/dags/variaveis.py for tasks to queue
[2024-02-28T20:47:52.447+0000] {logging_mixin.py:137} INFO - [2024-02-28T20:47:52.446+0000] {dagbag.py:538} INFO - Filling up the DagBag from /opt/airflow/dags/variaveis.py
[2024-02-28T20:47:52.455+0000] {processor.py:753} INFO - DAG(s) dict_keys(['variaveis']) retrieved from /opt/airflow/dags/variaveis.py
[2024-02-28T20:47:52.470+0000] {logging_mixin.py:137} INFO - [2024-02-28T20:47:52.470+0000] {dag.py:2690} INFO - Sync 1 DAGs
[2024-02-28T20:47:52.484+0000] {logging_mixin.py:137} INFO - [2024-02-28T20:47:52.484+0000] {dag.py:3441} INFO - Setting next_dagrun for variaveis to None, run_after=None
[2024-02-28T20:47:52.496+0000] {processor.py:175} INFO - Processing /opt/airflow/dags/variaveis.py took 0.052 seconds
[2024-02-28T20:47:58.325+0000] {processor.py:153} INFO - Started process (PID=964) to work on /opt/airflow/dags/variaveis.py
[2024-02-28T20:47:58.326+0000] {processor.py:743} INFO - Processing file /opt/airflow/dags/variaveis.py for tasks to queue
[2024-02-28T20:47:58.326+0000] {logging_mixin.py:137} INFO - [2024-02-28T20:47:58.326+0000] {dagbag.py:538} INFO - Filling up the DagBag from /opt/airflow/dags/variaveis.py
[2024-02-28T20:47:58.335+0000] {processor.py:753} INFO - DAG(s) dict_keys(['variaveis']) retrieved from /opt/airflow/dags/variaveis.py
[2024-02-28T20:47:58.350+0000] {logging_mixin.py:137} INFO - [2024-02-28T20:47:58.350+0000] {dag.py:2690} INFO - Sync 1 DAGs
[2024-02-28T20:47:58.366+0000] {logging_mixin.py:137} INFO - [2024-02-28T20:47:58.365+0000] {dag.py:3441} INFO - Setting next_dagrun for variaveis to None, run_after=None
[2024-02-28T20:47:58.378+0000] {processor.py:175} INFO - Processing /opt/airflow/dags/variaveis.py took 0.055 seconds
[2024-02-28T20:48:04.150+0000] {processor.py:153} INFO - Started process (PID=990) to work on /opt/airflow/dags/variaveis.py
[2024-02-28T20:48:04.150+0000] {processor.py:743} INFO - Processing file /opt/airflow/dags/variaveis.py for tasks to queue
[2024-02-28T20:48:04.151+0000] {logging_mixin.py:137} INFO - [2024-02-28T20:48:04.150+0000] {dagbag.py:538} INFO - Filling up the DagBag from /opt/airflow/dags/variaveis.py
[2024-02-28T20:48:04.160+0000] {processor.py:753} INFO - DAG(s) dict_keys(['variaveis']) retrieved from /opt/airflow/dags/variaveis.py
[2024-02-28T20:48:04.174+0000] {logging_mixin.py:137} INFO - [2024-02-28T20:48:04.174+0000] {dag.py:2690} INFO - Sync 1 DAGs
[2024-02-28T20:48:04.190+0000] {logging_mixin.py:137} INFO - [2024-02-28T20:48:04.190+0000] {dag.py:3441} INFO - Setting next_dagrun for variaveis to None, run_after=None
[2024-02-28T20:48:04.201+0000] {processor.py:175} INFO - Processing /opt/airflow/dags/variaveis.py took 0.053 seconds
[2024-02-28T20:48:09.944+0000] {processor.py:153} INFO - Started process (PID=1048) to work on /opt/airflow/dags/variaveis.py
[2024-02-28T20:48:09.944+0000] {processor.py:743} INFO - Processing file /opt/airflow/dags/variaveis.py for tasks to queue
[2024-02-28T20:48:09.945+0000] {logging_mixin.py:137} INFO - [2024-02-28T20:48:09.945+0000] {dagbag.py:538} INFO - Filling up the DagBag from /opt/airflow/dags/variaveis.py
[2024-02-28T20:48:09.954+0000] {processor.py:753} INFO - DAG(s) dict_keys(['variaveis']) retrieved from /opt/airflow/dags/variaveis.py
[2024-02-28T20:48:09.968+0000] {logging_mixin.py:137} INFO - [2024-02-28T20:48:09.968+0000] {dag.py:2690} INFO - Sync 1 DAGs
[2024-02-28T20:48:09.983+0000] {logging_mixin.py:137} INFO - [2024-02-28T20:48:09.983+0000] {dag.py:3441} INFO - Setting next_dagrun for variaveis to None, run_after=None
[2024-02-28T20:48:09.994+0000] {processor.py:175} INFO - Processing /opt/airflow/dags/variaveis.py took 0.052 seconds
[2024-02-28T20:48:15.768+0000] {processor.py:153} INFO - Started process (PID=1074) to work on /opt/airflow/dags/variaveis.py
[2024-02-28T20:48:15.769+0000] {processor.py:743} INFO - Processing file /opt/airflow/dags/variaveis.py for tasks to queue
[2024-02-28T20:48:15.769+0000] {logging_mixin.py:137} INFO - [2024-02-28T20:48:15.769+0000] {dagbag.py:538} INFO - Filling up the DagBag from /opt/airflow/dags/variaveis.py
[2024-02-28T20:48:15.779+0000] {processor.py:753} INFO - DAG(s) dict_keys(['variaveis']) retrieved from /opt/airflow/dags/variaveis.py
[2024-02-28T20:48:15.796+0000] {logging_mixin.py:137} INFO - [2024-02-28T20:48:15.796+0000] {dag.py:2690} INFO - Sync 1 DAGs
[2024-02-28T20:48:15.813+0000] {logging_mixin.py:137} INFO - [2024-02-28T20:48:15.813+0000] {dag.py:3441} INFO - Setting next_dagrun for variaveis to None, run_after=None
[2024-02-28T20:48:15.824+0000] {processor.py:175} INFO - Processing /opt/airflow/dags/variaveis.py took 0.058 seconds
[2024-02-28T20:48:21.640+0000] {processor.py:153} INFO - Started process (PID=1132) to work on /opt/airflow/dags/variaveis.py
[2024-02-28T20:48:21.640+0000] {processor.py:743} INFO - Processing file /opt/airflow/dags/variaveis.py for tasks to queue
[2024-02-28T20:48:21.641+0000] {logging_mixin.py:137} INFO - [2024-02-28T20:48:21.641+0000] {dagbag.py:538} INFO - Filling up the DagBag from /opt/airflow/dags/variaveis.py
[2024-02-28T20:48:21.649+0000] {processor.py:753} INFO - DAG(s) dict_keys(['variaveis']) retrieved from /opt/airflow/dags/variaveis.py
[2024-02-28T20:48:21.663+0000] {logging_mixin.py:137} INFO - [2024-02-28T20:48:21.663+0000] {dag.py:2690} INFO - Sync 1 DAGs
[2024-02-28T20:48:21.677+0000] {logging_mixin.py:137} INFO - [2024-02-28T20:48:21.677+0000] {dag.py:3441} INFO - Setting next_dagrun for variaveis to None, run_after=None
[2024-02-28T20:48:21.688+0000] {processor.py:175} INFO - Processing /opt/airflow/dags/variaveis.py took 0.050 seconds
[2024-02-28T20:48:27.520+0000] {processor.py:153} INFO - Started process (PID=1158) to work on /opt/airflow/dags/variaveis.py
[2024-02-28T20:48:27.520+0000] {processor.py:743} INFO - Processing file /opt/airflow/dags/variaveis.py for tasks to queue
[2024-02-28T20:48:27.521+0000] {logging_mixin.py:137} INFO - [2024-02-28T20:48:27.521+0000] {dagbag.py:538} INFO - Filling up the DagBag from /opt/airflow/dags/variaveis.py
[2024-02-28T20:48:27.529+0000] {processor.py:753} INFO - DAG(s) dict_keys(['variaveis']) retrieved from /opt/airflow/dags/variaveis.py
[2024-02-28T20:48:27.544+0000] {logging_mixin.py:137} INFO - [2024-02-28T20:48:27.543+0000] {dag.py:2690} INFO - Sync 1 DAGs
[2024-02-28T20:48:27.558+0000] {logging_mixin.py:137} INFO - [2024-02-28T20:48:27.558+0000] {dag.py:3441} INFO - Setting next_dagrun for variaveis to None, run_after=None
[2024-02-28T20:48:27.568+0000] {processor.py:175} INFO - Processing /opt/airflow/dags/variaveis.py took 0.050 seconds
[2024-02-28T20:48:33.400+0000] {processor.py:153} INFO - Started process (PID=1216) to work on /opt/airflow/dags/variaveis.py
[2024-02-28T20:48:33.401+0000] {processor.py:743} INFO - Processing file /opt/airflow/dags/variaveis.py for tasks to queue
[2024-02-28T20:48:33.401+0000] {logging_mixin.py:137} INFO - [2024-02-28T20:48:33.401+0000] {dagbag.py:538} INFO - Filling up the DagBag from /opt/airflow/dags/variaveis.py
[2024-02-28T20:48:33.410+0000] {processor.py:753} INFO - DAG(s) dict_keys(['variaveis']) retrieved from /opt/airflow/dags/variaveis.py
[2024-02-28T20:48:33.424+0000] {logging_mixin.py:137} INFO - [2024-02-28T20:48:33.424+0000] {dag.py:2690} INFO - Sync 1 DAGs
[2024-02-28T20:48:33.439+0000] {logging_mixin.py:137} INFO - [2024-02-28T20:48:33.439+0000] {dag.py:3441} INFO - Setting next_dagrun for variaveis to None, run_after=None
[2024-02-28T20:48:33.450+0000] {processor.py:175} INFO - Processing /opt/airflow/dags/variaveis.py took 0.051 seconds
[2024-02-28T20:48:39.219+0000] {processor.py:153} INFO - Started process (PID=1242) to work on /opt/airflow/dags/variaveis.py
[2024-02-28T20:48:39.219+0000] {processor.py:743} INFO - Processing file /opt/airflow/dags/variaveis.py for tasks to queue
[2024-02-28T20:48:39.220+0000] {logging_mixin.py:137} INFO - [2024-02-28T20:48:39.220+0000] {dagbag.py:538} INFO - Filling up the DagBag from /opt/airflow/dags/variaveis.py
[2024-02-28T20:48:39.229+0000] {processor.py:753} INFO - DAG(s) dict_keys(['variaveis']) retrieved from /opt/airflow/dags/variaveis.py
[2024-02-28T20:48:39.243+0000] {logging_mixin.py:137} INFO - [2024-02-28T20:48:39.243+0000] {dag.py:2690} INFO - Sync 1 DAGs
[2024-02-28T20:48:39.257+0000] {logging_mixin.py:137} INFO - [2024-02-28T20:48:39.257+0000] {dag.py:3441} INFO - Setting next_dagrun for variaveis to None, run_after=None
[2024-02-28T20:48:39.268+0000] {processor.py:175} INFO - Processing /opt/airflow/dags/variaveis.py took 0.051 seconds
[2024-02-28T20:48:45.016+0000] {processor.py:153} INFO - Started process (PID=1300) to work on /opt/airflow/dags/variaveis.py
[2024-02-28T20:48:45.016+0000] {processor.py:743} INFO - Processing file /opt/airflow/dags/variaveis.py for tasks to queue
[2024-02-28T20:48:45.016+0000] {logging_mixin.py:137} INFO - [2024-02-28T20:48:45.016+0000] {dagbag.py:538} INFO - Filling up the DagBag from /opt/airflow/dags/variaveis.py
[2024-02-28T20:48:45.025+0000] {processor.py:753} INFO - DAG(s) dict_keys(['variaveis']) retrieved from /opt/airflow/dags/variaveis.py
[2024-02-28T20:48:45.039+0000] {logging_mixin.py:137} INFO - [2024-02-28T20:48:45.039+0000] {dag.py:2690} INFO - Sync 1 DAGs
[2024-02-28T20:48:45.054+0000] {logging_mixin.py:137} INFO - [2024-02-28T20:48:45.054+0000] {dag.py:3441} INFO - Setting next_dagrun for variaveis to None, run_after=None
[2024-02-28T20:48:45.064+0000] {processor.py:175} INFO - Processing /opt/airflow/dags/variaveis.py took 0.051 seconds
[2024-02-28T20:48:50.909+0000] {processor.py:153} INFO - Started process (PID=1326) to work on /opt/airflow/dags/variaveis.py
[2024-02-28T20:48:50.909+0000] {processor.py:743} INFO - Processing file /opt/airflow/dags/variaveis.py for tasks to queue
[2024-02-28T20:48:50.909+0000] {logging_mixin.py:137} INFO - [2024-02-28T20:48:50.909+0000] {dagbag.py:538} INFO - Filling up the DagBag from /opt/airflow/dags/variaveis.py
[2024-02-28T20:48:50.918+0000] {processor.py:753} INFO - DAG(s) dict_keys(['variaveis']) retrieved from /opt/airflow/dags/variaveis.py
[2024-02-28T20:48:50.935+0000] {logging_mixin.py:137} INFO - [2024-02-28T20:48:50.934+0000] {dag.py:2690} INFO - Sync 1 DAGs
[2024-02-28T20:48:50.949+0000] {logging_mixin.py:137} INFO - [2024-02-28T20:48:50.949+0000] {dag.py:3441} INFO - Setting next_dagrun for variaveis to None, run_after=None
[2024-02-28T20:48:50.961+0000] {processor.py:175} INFO - Processing /opt/airflow/dags/variaveis.py took 0.054 seconds
[2024-02-28T20:48:56.769+0000] {processor.py:153} INFO - Started process (PID=1384) to work on /opt/airflow/dags/variaveis.py
[2024-02-28T20:48:56.769+0000] {processor.py:743} INFO - Processing file /opt/airflow/dags/variaveis.py for tasks to queue
[2024-02-28T20:48:56.770+0000] {logging_mixin.py:137} INFO - [2024-02-28T20:48:56.770+0000] {dagbag.py:538} INFO - Filling up the DagBag from /opt/airflow/dags/variaveis.py
[2024-02-28T20:48:56.779+0000] {processor.py:753} INFO - DAG(s) dict_keys(['variaveis']) retrieved from /opt/airflow/dags/variaveis.py
[2024-02-28T20:48:56.794+0000] {logging_mixin.py:137} INFO - [2024-02-28T20:48:56.793+0000] {dag.py:2690} INFO - Sync 1 DAGs
[2024-02-28T20:48:56.811+0000] {logging_mixin.py:137} INFO - [2024-02-28T20:48:56.811+0000] {dag.py:3441} INFO - Setting next_dagrun for variaveis to None, run_after=None
[2024-02-28T20:48:56.822+0000] {processor.py:175} INFO - Processing /opt/airflow/dags/variaveis.py took 0.055 seconds
[2024-02-28T20:49:02.642+0000] {processor.py:153} INFO - Started process (PID=1410) to work on /opt/airflow/dags/variaveis.py
[2024-02-28T20:49:02.642+0000] {processor.py:743} INFO - Processing file /opt/airflow/dags/variaveis.py for tasks to queue
[2024-02-28T20:49:02.643+0000] {logging_mixin.py:137} INFO - [2024-02-28T20:49:02.642+0000] {dagbag.py:538} INFO - Filling up the DagBag from /opt/airflow/dags/variaveis.py
[2024-02-28T20:49:02.651+0000] {processor.py:753} INFO - DAG(s) dict_keys(['variaveis']) retrieved from /opt/airflow/dags/variaveis.py
[2024-02-28T20:49:02.666+0000] {logging_mixin.py:137} INFO - [2024-02-28T20:49:02.666+0000] {dag.py:2690} INFO - Sync 1 DAGs
[2024-02-28T20:49:02.682+0000] {logging_mixin.py:137} INFO - [2024-02-28T20:49:02.681+0000] {dag.py:3441} INFO - Setting next_dagrun for variaveis to None, run_after=None
[2024-02-28T20:49:02.692+0000] {processor.py:175} INFO - Processing /opt/airflow/dags/variaveis.py took 0.052 seconds
[2024-02-28T20:49:08.581+0000] {processor.py:153} INFO - Started process (PID=1468) to work on /opt/airflow/dags/variaveis.py
[2024-02-28T20:49:08.581+0000] {processor.py:743} INFO - Processing file /opt/airflow/dags/variaveis.py for tasks to queue
[2024-02-28T20:49:08.582+0000] {logging_mixin.py:137} INFO - [2024-02-28T20:49:08.582+0000] {dagbag.py:538} INFO - Filling up the DagBag from /opt/airflow/dags/variaveis.py
[2024-02-28T20:49:08.592+0000] {processor.py:753} INFO - DAG(s) dict_keys(['variaveis']) retrieved from /opt/airflow/dags/variaveis.py
[2024-02-28T20:49:08.608+0000] {logging_mixin.py:137} INFO - [2024-02-28T20:49:08.608+0000] {dag.py:2690} INFO - Sync 1 DAGs
[2024-02-28T20:49:08.624+0000] {logging_mixin.py:137} INFO - [2024-02-28T20:49:08.624+0000] {dag.py:3441} INFO - Setting next_dagrun for variaveis to None, run_after=None
[2024-02-28T20:49:08.636+0000] {processor.py:175} INFO - Processing /opt/airflow/dags/variaveis.py took 0.057 seconds
[2024-02-28T20:49:14.436+0000] {processor.py:153} INFO - Started process (PID=1493) to work on /opt/airflow/dags/variaveis.py
[2024-02-28T20:49:14.436+0000] {processor.py:743} INFO - Processing file /opt/airflow/dags/variaveis.py for tasks to queue
[2024-02-28T20:49:14.437+0000] {logging_mixin.py:137} INFO - [2024-02-28T20:49:14.437+0000] {dagbag.py:538} INFO - Filling up the DagBag from /opt/airflow/dags/variaveis.py
[2024-02-28T20:49:14.445+0000] {processor.py:753} INFO - DAG(s) dict_keys(['variaveis']) retrieved from /opt/airflow/dags/variaveis.py
[2024-02-28T20:49:14.459+0000] {logging_mixin.py:137} INFO - [2024-02-28T20:49:14.459+0000] {dag.py:2690} INFO - Sync 1 DAGs
[2024-02-28T20:49:14.474+0000] {logging_mixin.py:137} INFO - [2024-02-28T20:49:14.474+0000] {dag.py:3441} INFO - Setting next_dagrun for variaveis to None, run_after=None
[2024-02-28T20:49:14.484+0000] {processor.py:175} INFO - Processing /opt/airflow/dags/variaveis.py took 0.050 seconds
[2024-02-28T20:49:20.483+0000] {processor.py:153} INFO - Started process (PID=1550) to work on /opt/airflow/dags/variaveis.py
[2024-02-28T20:49:20.483+0000] {processor.py:743} INFO - Processing file /opt/airflow/dags/variaveis.py for tasks to queue
[2024-02-28T20:49:20.484+0000] {logging_mixin.py:137} INFO - [2024-02-28T20:49:20.483+0000] {dagbag.py:538} INFO - Filling up the DagBag from /opt/airflow/dags/variaveis.py
[2024-02-28T20:49:20.493+0000] {processor.py:753} INFO - DAG(s) dict_keys(['variaveis']) retrieved from /opt/airflow/dags/variaveis.py
[2024-02-28T20:49:20.508+0000] {logging_mixin.py:137} INFO - [2024-02-28T20:49:20.508+0000] {dag.py:2690} INFO - Sync 1 DAGs
[2024-02-28T20:49:20.524+0000] {logging_mixin.py:137} INFO - [2024-02-28T20:49:20.523+0000] {dag.py:3441} INFO - Setting next_dagrun for variaveis to None, run_after=None
[2024-02-28T20:49:20.535+0000] {processor.py:175} INFO - Processing /opt/airflow/dags/variaveis.py took 0.054 seconds
[2024-02-28T20:49:26.361+0000] {processor.py:153} INFO - Started process (PID=1575) to work on /opt/airflow/dags/variaveis.py
[2024-02-28T20:49:26.361+0000] {processor.py:743} INFO - Processing file /opt/airflow/dags/variaveis.py for tasks to queue
[2024-02-28T20:49:26.362+0000] {logging_mixin.py:137} INFO - [2024-02-28T20:49:26.362+0000] {dagbag.py:538} INFO - Filling up the DagBag from /opt/airflow/dags/variaveis.py
[2024-02-28T20:49:26.370+0000] {processor.py:753} INFO - DAG(s) dict_keys(['variaveis']) retrieved from /opt/airflow/dags/variaveis.py
[2024-02-28T20:49:26.386+0000] {logging_mixin.py:137} INFO - [2024-02-28T20:49:26.385+0000] {dag.py:2690} INFO - Sync 1 DAGs
[2024-02-28T20:49:26.400+0000] {logging_mixin.py:137} INFO - [2024-02-28T20:49:26.400+0000] {dag.py:3441} INFO - Setting next_dagrun for variaveis to None, run_after=None
[2024-02-28T20:49:26.410+0000] {processor.py:175} INFO - Processing /opt/airflow/dags/variaveis.py took 0.052 seconds
[2024-02-28T20:49:32.303+0000] {processor.py:153} INFO - Started process (PID=1631) to work on /opt/airflow/dags/variaveis.py
[2024-02-28T20:49:32.304+0000] {processor.py:743} INFO - Processing file /opt/airflow/dags/variaveis.py for tasks to queue
[2024-02-28T20:49:32.304+0000] {logging_mixin.py:137} INFO - [2024-02-28T20:49:32.304+0000] {dagbag.py:538} INFO - Filling up the DagBag from /opt/airflow/dags/variaveis.py
[2024-02-28T20:49:32.313+0000] {processor.py:753} INFO - DAG(s) dict_keys(['variaveis']) retrieved from /opt/airflow/dags/variaveis.py
[2024-02-28T20:49:32.329+0000] {logging_mixin.py:137} INFO - [2024-02-28T20:49:32.329+0000] {dag.py:2690} INFO - Sync 1 DAGs
[2024-02-28T20:49:32.345+0000] {logging_mixin.py:137} INFO - [2024-02-28T20:49:32.345+0000] {dag.py:3441} INFO - Setting next_dagrun for variaveis to None, run_after=None
[2024-02-28T20:49:32.356+0000] {processor.py:175} INFO - Processing /opt/airflow/dags/variaveis.py took 0.055 seconds
[2024-02-28T20:49:37.435+0000] {processor.py:153} INFO - Started process (PID=1655) to work on /opt/airflow/dags/variaveis.py
[2024-02-28T20:49:37.435+0000] {processor.py:743} INFO - Processing file /opt/airflow/dags/variaveis.py for tasks to queue
[2024-02-28T20:49:37.436+0000] {logging_mixin.py:137} INFO - [2024-02-28T20:49:37.436+0000] {dagbag.py:538} INFO - Filling up the DagBag from /opt/airflow/dags/variaveis.py
[2024-02-28T20:49:37.446+0000] {processor.py:753} INFO - DAG(s) dict_keys(['variaveis']) retrieved from /opt/airflow/dags/variaveis.py
[2024-02-28T20:49:37.466+0000] {logging_mixin.py:137} INFO - [2024-02-28T20:49:37.466+0000] {dag.py:2690} INFO - Sync 1 DAGs
[2024-02-28T20:49:37.485+0000] {logging_mixin.py:137} INFO - [2024-02-28T20:49:37.485+0000] {dag.py:3441} INFO - Setting next_dagrun for variaveis to None, run_after=None
[2024-02-28T20:49:37.500+0000] {processor.py:175} INFO - Processing /opt/airflow/dags/variaveis.py took 0.067 seconds
[2024-02-28T20:50:21.665+0000] {processor.py:153} INFO - Started process (PID=71) to work on /opt/airflow/dags/variaveis.py
[2024-02-28T20:50:21.666+0000] {processor.py:743} INFO - Processing file /opt/airflow/dags/variaveis.py for tasks to queue
[2024-02-28T20:50:21.667+0000] {logging_mixin.py:137} INFO - [2024-02-28T20:50:21.667+0000] {dagbag.py:538} INFO - Filling up the DagBag from /opt/airflow/dags/variaveis.py
[2024-02-28T20:50:21.682+0000] {processor.py:753} INFO - DAG(s) dict_keys(['variaveis']) retrieved from /opt/airflow/dags/variaveis.py
[2024-02-28T20:50:21.754+0000] {logging_mixin.py:137} INFO - [2024-02-28T20:50:21.754+0000] {dag.py:2690} INFO - Sync 1 DAGs
[2024-02-28T20:50:21.778+0000] {logging_mixin.py:137} INFO - [2024-02-28T20:50:21.778+0000] {dag.py:3441} INFO - Setting next_dagrun for variaveis to None, run_after=None
[2024-02-28T20:50:21.801+0000] {processor.py:175} INFO - Processing /opt/airflow/dags/variaveis.py took 0.139 seconds
[2024-02-28T20:50:28.551+0000] {processor.py:153} INFO - Started process (PID=118) to work on /opt/airflow/dags/variaveis.py
[2024-02-28T20:50:28.553+0000] {processor.py:743} INFO - Processing file /opt/airflow/dags/variaveis.py for tasks to queue
[2024-02-28T20:50:28.553+0000] {logging_mixin.py:137} INFO - [2024-02-28T20:50:28.553+0000] {dagbag.py:538} INFO - Filling up the DagBag from /opt/airflow/dags/variaveis.py
[2024-02-28T20:50:28.562+0000] {processor.py:753} INFO - DAG(s) dict_keys(['variaveis']) retrieved from /opt/airflow/dags/variaveis.py
[2024-02-28T20:50:28.571+0000] {logging_mixin.py:137} INFO - [2024-02-28T20:50:28.571+0000] {dag.py:2690} INFO - Sync 1 DAGs
[2024-02-28T20:50:28.591+0000] {logging_mixin.py:137} INFO - [2024-02-28T20:50:28.591+0000] {dag.py:3441} INFO - Setting next_dagrun for variaveis to None, run_after=None
[2024-02-28T20:50:28.603+0000] {processor.py:175} INFO - Processing /opt/airflow/dags/variaveis.py took 0.054 seconds
[2024-02-28T20:50:34.443+0000] {processor.py:153} INFO - Started process (PID=174) to work on /opt/airflow/dags/variaveis.py
[2024-02-28T20:50:34.447+0000] {processor.py:743} INFO - Processing file /opt/airflow/dags/variaveis.py for tasks to queue
[2024-02-28T20:50:34.448+0000] {logging_mixin.py:137} INFO - [2024-02-28T20:50:34.447+0000] {dagbag.py:538} INFO - Filling up the DagBag from /opt/airflow/dags/variaveis.py
[2024-02-28T20:50:34.472+0000] {processor.py:753} INFO - DAG(s) dict_keys(['variaveis']) retrieved from /opt/airflow/dags/variaveis.py
[2024-02-28T20:50:34.502+0000] {logging_mixin.py:137} INFO - [2024-02-28T20:50:34.502+0000] {dag.py:2690} INFO - Sync 1 DAGs
[2024-02-28T20:50:34.541+0000] {logging_mixin.py:137} INFO - [2024-02-28T20:50:34.541+0000] {dag.py:3441} INFO - Setting next_dagrun for variaveis to None, run_after=None
[2024-02-28T20:50:34.557+0000] {processor.py:175} INFO - Processing /opt/airflow/dags/variaveis.py took 0.117 seconds
[2024-02-28T20:50:40.364+0000] {processor.py:153} INFO - Started process (PID=198) to work on /opt/airflow/dags/variaveis.py
[2024-02-28T20:50:40.366+0000] {processor.py:743} INFO - Processing file /opt/airflow/dags/variaveis.py for tasks to queue
[2024-02-28T20:50:40.366+0000] {logging_mixin.py:137} INFO - [2024-02-28T20:50:40.366+0000] {dagbag.py:538} INFO - Filling up the DagBag from /opt/airflow/dags/variaveis.py
[2024-02-28T20:50:40.376+0000] {processor.py:753} INFO - DAG(s) dict_keys(['variaveis']) retrieved from /opt/airflow/dags/variaveis.py
[2024-02-28T20:50:40.385+0000] {logging_mixin.py:137} INFO - [2024-02-28T20:50:40.384+0000] {dag.py:2690} INFO - Sync 1 DAGs
[2024-02-28T20:50:40.400+0000] {logging_mixin.py:137} INFO - [2024-02-28T20:50:40.400+0000] {dag.py:3441} INFO - Setting next_dagrun for variaveis to None, run_after=None
[2024-02-28T20:50:40.410+0000] {processor.py:175} INFO - Processing /opt/airflow/dags/variaveis.py took 0.048 seconds
[2024-02-28T20:50:46.222+0000] {processor.py:153} INFO - Started process (PID=254) to work on /opt/airflow/dags/variaveis.py
[2024-02-28T20:50:46.223+0000] {processor.py:743} INFO - Processing file /opt/airflow/dags/variaveis.py for tasks to queue
[2024-02-28T20:50:46.224+0000] {logging_mixin.py:137} INFO - [2024-02-28T20:50:46.224+0000] {dagbag.py:538} INFO - Filling up the DagBag from /opt/airflow/dags/variaveis.py
[2024-02-28T20:50:46.234+0000] {processor.py:753} INFO - DAG(s) dict_keys(['variaveis']) retrieved from /opt/airflow/dags/variaveis.py
[2024-02-28T20:50:46.243+0000] {logging_mixin.py:137} INFO - [2024-02-28T20:50:46.243+0000] {dag.py:2690} INFO - Sync 1 DAGs
[2024-02-28T20:50:46.259+0000] {logging_mixin.py:137} INFO - [2024-02-28T20:50:46.259+0000] {dag.py:3441} INFO - Setting next_dagrun for variaveis to None, run_after=None
[2024-02-28T20:50:46.271+0000] {processor.py:175} INFO - Processing /opt/airflow/dags/variaveis.py took 0.051 seconds
[2024-02-28T20:50:52.148+0000] {processor.py:153} INFO - Started process (PID=278) to work on /opt/airflow/dags/variaveis.py
[2024-02-28T20:50:52.150+0000] {processor.py:743} INFO - Processing file /opt/airflow/dags/variaveis.py for tasks to queue
[2024-02-28T20:50:52.150+0000] {logging_mixin.py:137} INFO - [2024-02-28T20:50:52.150+0000] {dagbag.py:538} INFO - Filling up the DagBag from /opt/airflow/dags/variaveis.py
[2024-02-28T20:50:52.159+0000] {processor.py:753} INFO - DAG(s) dict_keys(['variaveis']) retrieved from /opt/airflow/dags/variaveis.py
[2024-02-28T20:50:52.174+0000] {logging_mixin.py:137} INFO - [2024-02-28T20:50:52.174+0000] {dag.py:2690} INFO - Sync 1 DAGs
[2024-02-28T20:50:52.188+0000] {logging_mixin.py:137} INFO - [2024-02-28T20:50:52.188+0000] {dag.py:3441} INFO - Setting next_dagrun for variaveis to None, run_after=None
[2024-02-28T20:50:52.200+0000] {processor.py:175} INFO - Processing /opt/airflow/dags/variaveis.py took 0.053 seconds
[2024-02-28T20:50:58.051+0000] {processor.py:153} INFO - Started process (PID=334) to work on /opt/airflow/dags/variaveis.py
[2024-02-28T20:50:58.053+0000] {processor.py:743} INFO - Processing file /opt/airflow/dags/variaveis.py for tasks to queue
[2024-02-28T20:50:58.054+0000] {logging_mixin.py:137} INFO - [2024-02-28T20:50:58.054+0000] {dagbag.py:538} INFO - Filling up the DagBag from /opt/airflow/dags/variaveis.py
[2024-02-28T20:50:58.071+0000] {processor.py:753} INFO - DAG(s) dict_keys(['variaveis']) retrieved from /opt/airflow/dags/variaveis.py
[2024-02-28T20:50:58.097+0000] {logging_mixin.py:137} INFO - [2024-02-28T20:50:58.097+0000] {dag.py:2690} INFO - Sync 1 DAGs
[2024-02-28T20:50:58.123+0000] {logging_mixin.py:137} INFO - [2024-02-28T20:50:58.123+0000] {dag.py:3441} INFO - Setting next_dagrun for variaveis to None, run_after=None
[2024-02-28T20:50:58.137+0000] {processor.py:175} INFO - Processing /opt/airflow/dags/variaveis.py took 0.091 seconds
[2024-02-28T20:51:03.967+0000] {processor.py:153} INFO - Started process (PID=358) to work on /opt/airflow/dags/variaveis.py
[2024-02-28T20:51:03.968+0000] {processor.py:743} INFO - Processing file /opt/airflow/dags/variaveis.py for tasks to queue
[2024-02-28T20:51:03.969+0000] {logging_mixin.py:137} INFO - [2024-02-28T20:51:03.969+0000] {dagbag.py:538} INFO - Filling up the DagBag from /opt/airflow/dags/variaveis.py
[2024-02-28T20:51:03.977+0000] {processor.py:753} INFO - DAG(s) dict_keys(['variaveis']) retrieved from /opt/airflow/dags/variaveis.py
[2024-02-28T20:51:03.992+0000] {logging_mixin.py:137} INFO - [2024-02-28T20:51:03.992+0000] {dag.py:2690} INFO - Sync 1 DAGs
[2024-02-28T20:51:04.007+0000] {logging_mixin.py:137} INFO - [2024-02-28T20:51:04.007+0000] {dag.py:3441} INFO - Setting next_dagrun for variaveis to None, run_after=None
[2024-02-28T20:51:04.018+0000] {processor.py:175} INFO - Processing /opt/airflow/dags/variaveis.py took 0.053 seconds
[2024-02-28T20:51:09.860+0000] {processor.py:153} INFO - Started process (PID=414) to work on /opt/airflow/dags/variaveis.py
[2024-02-28T20:51:09.861+0000] {processor.py:743} INFO - Processing file /opt/airflow/dags/variaveis.py for tasks to queue
[2024-02-28T20:51:09.862+0000] {logging_mixin.py:137} INFO - [2024-02-28T20:51:09.862+0000] {dagbag.py:538} INFO - Filling up the DagBag from /opt/airflow/dags/variaveis.py
[2024-02-28T20:51:09.874+0000] {processor.py:753} INFO - DAG(s) dict_keys(['variaveis']) retrieved from /opt/airflow/dags/variaveis.py
[2024-02-28T20:51:09.893+0000] {logging_mixin.py:137} INFO - [2024-02-28T20:51:09.893+0000] {dag.py:2690} INFO - Sync 1 DAGs
[2024-02-28T20:51:09.912+0000] {logging_mixin.py:137} INFO - [2024-02-28T20:51:09.912+0000] {dag.py:3441} INFO - Setting next_dagrun for variaveis to None, run_after=None
[2024-02-28T20:51:09.925+0000] {processor.py:175} INFO - Processing /opt/airflow/dags/variaveis.py took 0.067 seconds
[2024-02-28T20:51:15.711+0000] {processor.py:153} INFO - Started process (PID=438) to work on /opt/airflow/dags/variaveis.py
[2024-02-28T20:51:15.713+0000] {processor.py:743} INFO - Processing file /opt/airflow/dags/variaveis.py for tasks to queue
[2024-02-28T20:51:15.713+0000] {logging_mixin.py:137} INFO - [2024-02-28T20:51:15.713+0000] {dagbag.py:538} INFO - Filling up the DagBag from /opt/airflow/dags/variaveis.py
[2024-02-28T20:51:15.722+0000] {processor.py:753} INFO - DAG(s) dict_keys(['variaveis']) retrieved from /opt/airflow/dags/variaveis.py
[2024-02-28T20:51:15.737+0000] {logging_mixin.py:137} INFO - [2024-02-28T20:51:15.737+0000] {dag.py:2690} INFO - Sync 1 DAGs
[2024-02-28T20:51:15.752+0000] {logging_mixin.py:137} INFO - [2024-02-28T20:51:15.752+0000] {dag.py:3441} INFO - Setting next_dagrun for variaveis to None, run_after=None
[2024-02-28T20:51:15.762+0000] {processor.py:175} INFO - Processing /opt/airflow/dags/variaveis.py took 0.053 seconds
