[2024-03-04T17:56:01.412+0000] {taskinstance.py:1083} INFO - Dependencies all met for <TaskInstance: gera_dados_turbina.file_sensor_task scheduled__2024-03-04T17:55:00+00:00 [queued]>
[2024-03-04T17:56:01.417+0000] {taskinstance.py:1083} INFO - Dependencies all met for <TaskInstance: gera_dados_turbina.file_sensor_task scheduled__2024-03-04T17:55:00+00:00 [queued]>
[2024-03-04T17:56:01.417+0000] {taskinstance.py:1279} INFO - 
--------------------------------------------------------------------------------
[2024-03-04T17:56:01.417+0000] {taskinstance.py:1280} INFO - Starting attempt 1 of 2
[2024-03-04T17:56:01.417+0000] {taskinstance.py:1281} INFO - 
--------------------------------------------------------------------------------
[2024-03-04T17:56:01.425+0000] {taskinstance.py:1300} INFO - Executing <Task(FileSensor): file_sensor_task> on 2024-03-04 17:55:00+00:00
[2024-03-04T17:56:01.430+0000] {standard_task_runner.py:55} INFO - Started process 1546 to run task
[2024-03-04T17:56:01.431+0000] {standard_task_runner.py:82} INFO - Running: ['***', 'tasks', 'run', 'gera_dados_turbina', 'file_sensor_task', 'scheduled__2024-03-04T17:55:00+00:00', '--job-id', '3453', '--raw', '--subdir', 'DAGS_FOLDER/pipeline.py', '--cfg-path', '/tmp/tmppxnmu9pg']
[2024-03-04T17:56:01.433+0000] {standard_task_runner.py:83} INFO - Job 3453: Subtask file_sensor_task
[2024-03-04T17:56:01.470+0000] {task_command.py:388} INFO - Running <TaskInstance: gera_dados_turbina.file_sensor_task scheduled__2024-03-04T17:55:00+00:00 [running]> on host f002d2097047
[2024-03-04T17:56:01.512+0000] {taskinstance.py:1509} INFO - Exporting the following env vars:
AIRFLOW_CTX_DAG_EMAIL=adrianolima095@gmail.com
AIRFLOW_CTX_DAG_OWNER=***
AIRFLOW_CTX_DAG_ID=gera_dados_turbina
AIRFLOW_CTX_TASK_ID=file_sensor_task
AIRFLOW_CTX_EXECUTION_DATE=2024-03-04T17:55:00+00:00
AIRFLOW_CTX_TRY_NUMBER=1
AIRFLOW_CTX_DAG_RUN_ID=scheduled__2024-03-04T17:55:00+00:00
[2024-03-04T17:56:01.517+0000] {base.py:73} INFO - Using connection ID 'fs_default' for task execution.
[2024-03-04T17:56:01.517+0000] {filesystem.py:64} INFO - Poking for file /home/adriano/ed/APP/data/data_turbine.json
[2024-03-04T17:56:01.517+0000] {filesystem.py:69} INFO - Found File /home/adriano/ed/APP/data/data_turbine.json last modified: 20240304175600
[2024-03-04T17:56:01.517+0000] {base.py:228} INFO - Success criteria met. Exiting.
[2024-03-04T17:56:01.523+0000] {taskinstance.py:1323} INFO - Marking task as SUCCESS. dag_id=gera_dados_turbina, task_id=file_sensor_task, execution_date=20240304T175500, start_date=20240304T175601, end_date=20240304T175601
[2024-03-04T17:56:01.563+0000] {local_task_job.py:208} INFO - Task exited with return code 0
[2024-03-04T17:56:01.584+0000] {taskinstance.py:2578} INFO - 1 downstream tasks scheduled from follow-on schedule check
