[2024-02-21T15:04:14.214+0000] {taskinstance.py:1083} INFO - Dependencies all met for <TaskInstance: poll.tsk4 manual__2024-02-21T15:04:13.714127+00:00 [queued]>
[2024-02-21T15:04:14.219+0000] {taskinstance.py:1083} INFO - Dependencies all met for <TaskInstance: poll.tsk4 manual__2024-02-21T15:04:13.714127+00:00 [queued]>
[2024-02-21T15:04:14.219+0000] {taskinstance.py:1279} INFO - 
--------------------------------------------------------------------------------
[2024-02-21T15:04:14.219+0000] {taskinstance.py:1280} INFO - Starting attempt 1 of 1
[2024-02-21T15:04:14.219+0000] {taskinstance.py:1281} INFO - 
--------------------------------------------------------------------------------
[2024-02-21T15:04:14.228+0000] {taskinstance.py:1300} INFO - Executing <Task(BashOperator): tsk4> on 2024-02-21 15:04:13.714127+00:00
[2024-02-21T15:04:14.232+0000] {standard_task_runner.py:55} INFO - Started process 584 to run task
[2024-02-21T15:04:14.233+0000] {standard_task_runner.py:82} INFO - Running: ['***', 'tasks', 'run', 'poll', 'tsk4', 'manual__2024-02-21T15:04:13.714127+00:00', '--job-id', '43', '--raw', '--subdir', 'DAGS_FOLDER/pools.py', '--cfg-path', '/tmp/tmp75_929gf']
[2024-02-21T15:04:14.234+0000] {standard_task_runner.py:83} INFO - Job 43: Subtask tsk4
[2024-02-21T15:04:14.270+0000] {task_command.py:388} INFO - Running <TaskInstance: poll.tsk4 manual__2024-02-21T15:04:13.714127+00:00 [running]> on host 3cf2d103fdd0
[2024-02-21T15:04:14.311+0000] {taskinstance.py:1509} INFO - Exporting the following env vars:
AIRFLOW_CTX_DAG_OWNER=***
AIRFLOW_CTX_DAG_ID=poll
AIRFLOW_CTX_TASK_ID=tsk4
AIRFLOW_CTX_EXECUTION_DATE=2024-02-21T15:04:13.714127+00:00
AIRFLOW_CTX_TRY_NUMBER=1
AIRFLOW_CTX_DAG_RUN_ID=manual__2024-02-21T15:04:13.714127+00:00
[2024-02-21T15:04:14.311+0000] {subprocess.py:63} INFO - Tmp dir root location: 
 /tmp
[2024-02-21T15:04:14.311+0000] {subprocess.py:75} INFO - Running command: ['/bin/bash', '-c', 'sleep 5']
[2024-02-21T15:04:14.318+0000] {subprocess.py:86} INFO - Output:
[2024-02-21T15:04:19.320+0000] {subprocess.py:97} INFO - Command exited with return code 0
[2024-02-21T15:04:19.338+0000] {taskinstance.py:1323} INFO - Marking task as SUCCESS. dag_id=poll, task_id=tsk4, execution_date=20240221T150413, start_date=20240221T150414, end_date=20240221T150419
[2024-02-21T15:04:19.381+0000] {local_task_job.py:208} INFO - Task exited with return code 0
[2024-02-21T15:04:19.393+0000] {taskinstance.py:2578} INFO - 0 downstream tasks scheduled from follow-on schedule check
