[2024-03-04T17:50:00.609+0000] {taskinstance.py:1083} INFO - Dependencies all met for <TaskInstance: gera_dados_turbina.task_generates_data scheduled__2024-03-04T17:49:00+00:00 [queued]>
[2024-03-04T17:50:00.615+0000] {taskinstance.py:1083} INFO - Dependencies all met for <TaskInstance: gera_dados_turbina.task_generates_data scheduled__2024-03-04T17:49:00+00:00 [queued]>
[2024-03-04T17:50:00.615+0000] {taskinstance.py:1279} INFO - 
--------------------------------------------------------------------------------
[2024-03-04T17:50:00.615+0000] {taskinstance.py:1280} INFO - Starting attempt 1 of 2
[2024-03-04T17:50:00.615+0000] {taskinstance.py:1281} INFO - 
--------------------------------------------------------------------------------
[2024-03-04T17:50:00.623+0000] {taskinstance.py:1300} INFO - Executing <Task(PythonOperator): task_generates_data> on 2024-03-04 17:49:00+00:00
[2024-03-04T17:50:00.627+0000] {standard_task_runner.py:55} INFO - Started process 392 to run task
[2024-03-04T17:50:00.628+0000] {standard_task_runner.py:82} INFO - Running: ['***', 'tasks', 'run', 'gera_dados_turbina', 'task_generates_data', 'scheduled__2024-03-04T17:49:00+00:00', '--job-id', '3410', '--raw', '--subdir', 'DAGS_FOLDER/pipeline.py', '--cfg-path', '/tmp/tmp_u1f23bp']
[2024-03-04T17:50:00.630+0000] {standard_task_runner.py:83} INFO - Job 3410: Subtask task_generates_data
[2024-03-04T17:50:00.666+0000] {task_command.py:388} INFO - Running <TaskInstance: gera_dados_turbina.task_generates_data scheduled__2024-03-04T17:49:00+00:00 [running]> on host f002d2097047
[2024-03-04T17:50:00.705+0000] {taskinstance.py:1509} INFO - Exporting the following env vars:
AIRFLOW_CTX_DAG_EMAIL=adrianolima095@gmail.com
AIRFLOW_CTX_DAG_OWNER=***
AIRFLOW_CTX_DAG_ID=gera_dados_turbina
AIRFLOW_CTX_TASK_ID=task_generates_data
AIRFLOW_CTX_EXECUTION_DATE=2024-03-04T17:49:00+00:00
AIRFLOW_CTX_TRY_NUMBER=1
AIRFLOW_CTX_DAG_RUN_ID=scheduled__2024-03-04T17:49:00+00:00
[2024-03-04T17:50:00.706+0000] {python.py:177} INFO - Done. Returned value was: None
[2024-03-04T17:50:00.711+0000] {taskinstance.py:1323} INFO - Marking task as SUCCESS. dag_id=gera_dados_turbina, task_id=task_generates_data, execution_date=20240304T174900, start_date=20240304T175000, end_date=20240304T175000
[2024-03-04T17:50:00.760+0000] {local_task_job.py:208} INFO - Task exited with return code 0
[2024-03-04T17:50:00.778+0000] {taskinstance.py:2578} INFO - 1 downstream tasks scheduled from follow-on schedule check
