[2024-02-20T13:06:02.752+0000] {taskinstance.py:1083} INFO - Dependencies all met for <TaskInstance: dagcomplexa.tsk5 manual__2024-02-20T13:05:49.734724+00:00 [queued]>
[2024-02-20T13:06:02.757+0000] {taskinstance.py:1083} INFO - Dependencies all met for <TaskInstance: dagcomplexa.tsk5 manual__2024-02-20T13:05:49.734724+00:00 [queued]>
[2024-02-20T13:06:02.757+0000] {taskinstance.py:1279} INFO - 
--------------------------------------------------------------------------------
[2024-02-20T13:06:02.757+0000] {taskinstance.py:1280} INFO - Starting attempt 1 of 1
[2024-02-20T13:06:02.757+0000] {taskinstance.py:1281} INFO - 
--------------------------------------------------------------------------------
[2024-02-20T13:06:02.765+0000] {taskinstance.py:1300} INFO - Executing <Task(BashOperator): tsk5> on 2024-02-20 13:05:49.734724+00:00
[2024-02-20T13:06:02.769+0000] {standard_task_runner.py:55} INFO - Started process 212 to run task
[2024-02-20T13:06:02.770+0000] {standard_task_runner.py:82} INFO - Running: ['***', 'tasks', 'run', 'dagcomplexa', 'tsk5', 'manual__2024-02-20T13:05:49.734724+00:00', '--job-id', '101', '--raw', '--subdir', 'DAGS_FOLDER/dagcomplexa.py', '--cfg-path', '/tmp/tmpynm1vpek']
[2024-02-20T13:06:02.771+0000] {standard_task_runner.py:83} INFO - Job 101: Subtask tsk5
[2024-02-20T13:06:02.803+0000] {task_command.py:388} INFO - Running <TaskInstance: dagcomplexa.tsk5 manual__2024-02-20T13:05:49.734724+00:00 [running]> on host 8aa4196d52c5
[2024-02-20T13:06:02.841+0000] {taskinstance.py:1509} INFO - Exporting the following env vars:
AIRFLOW_CTX_DAG_OWNER=***
AIRFLOW_CTX_DAG_ID=dagcomplexa
AIRFLOW_CTX_TASK_ID=tsk5
AIRFLOW_CTX_EXECUTION_DATE=2024-02-20T13:05:49.734724+00:00
AIRFLOW_CTX_TRY_NUMBER=1
AIRFLOW_CTX_DAG_RUN_ID=manual__2024-02-20T13:05:49.734724+00:00
[2024-02-20T13:06:02.841+0000] {subprocess.py:63} INFO - Tmp dir root location: 
 /tmp
[2024-02-20T13:06:02.842+0000] {subprocess.py:75} INFO - Running command: ['/bin/bash', '-c', 'sleep 5']
[2024-02-20T13:06:02.847+0000] {subprocess.py:86} INFO - Output:
[2024-02-20T13:06:07.849+0000] {subprocess.py:97} INFO - Command exited with return code 0
[2024-02-20T13:06:07.869+0000] {taskinstance.py:1323} INFO - Marking task as SUCCESS. dag_id=dagcomplexa, task_id=tsk5, execution_date=20240220T130549, start_date=20240220T130602, end_date=20240220T130607
[2024-02-20T13:06:07.909+0000] {local_task_job.py:208} INFO - Task exited with return code 0
[2024-02-20T13:06:07.930+0000] {taskinstance.py:2578} INFO - 1 downstream tasks scheduled from follow-on schedule check
