[2024-02-29T23:07:01.323+0000] {taskinstance.py:1083} INFO - Dependencies all met for <TaskInstance: gera_dados_turbina.file_sensor_task manual__2024-02-29T23:06:59.549022+00:00 [queued]>
[2024-02-29T23:07:01.328+0000] {taskinstance.py:1083} INFO - Dependencies all met for <TaskInstance: gera_dados_turbina.file_sensor_task manual__2024-02-29T23:06:59.549022+00:00 [queued]>
[2024-02-29T23:07:01.328+0000] {taskinstance.py:1279} INFO - 
--------------------------------------------------------------------------------
[2024-02-29T23:07:01.328+0000] {taskinstance.py:1280} INFO - Starting attempt 1 of 1
[2024-02-29T23:07:01.328+0000] {taskinstance.py:1281} INFO - 
--------------------------------------------------------------------------------
[2024-02-29T23:07:01.337+0000] {taskinstance.py:1300} INFO - Executing <Task(FileSensor): file_sensor_task> on 2024-02-29 23:06:59.549022+00:00
[2024-02-29T23:07:01.341+0000] {standard_task_runner.py:55} INFO - Started process 171 to run task
[2024-02-29T23:07:01.343+0000] {standard_task_runner.py:82} INFO - Running: ['***', 'tasks', 'run', 'gera_dados_turbina', 'file_sensor_task', 'manual__2024-02-29T23:06:59.549022+00:00', '--job-id', '3181', '--raw', '--subdir', 'DAGS_FOLDER/pipeline.py', '--cfg-path', '/tmp/tmponkl1mue']
[2024-02-29T23:07:01.344+0000] {standard_task_runner.py:83} INFO - Job 3181: Subtask file_sensor_task
[2024-02-29T23:07:01.381+0000] {task_command.py:388} INFO - Running <TaskInstance: gera_dados_turbina.file_sensor_task manual__2024-02-29T23:06:59.549022+00:00 [running]> on host 411c72685cec
[2024-02-29T23:07:01.421+0000] {taskinstance.py:1509} INFO - Exporting the following env vars:
AIRFLOW_CTX_DAG_OWNER=***
AIRFLOW_CTX_DAG_ID=gera_dados_turbina
AIRFLOW_CTX_TASK_ID=file_sensor_task
AIRFLOW_CTX_EXECUTION_DATE=2024-02-29T23:06:59.549022+00:00
AIRFLOW_CTX_TRY_NUMBER=1
AIRFLOW_CTX_DAG_RUN_ID=manual__2024-02-29T23:06:59.549022+00:00
[2024-02-29T23:07:01.430+0000] {taskinstance.py:1768} ERROR - Task failed with exception
Traceback (most recent call last):
  File "/home/airflow/.local/lib/python3.7/site-packages/airflow/sensors/base.py", line 199, in execute
    poke_return = self.poke(context)
  File "/home/airflow/.local/lib/python3.7/site-packages/airflow/sensors/filesystem.py", line 61, in poke
    hook = FSHook(self.fs_conn_id)
  File "/home/airflow/.local/lib/python3.7/site-packages/airflow/hooks/filesystem.py", line 38, in __init__
    conn = self.get_connection(conn_id)
  File "/home/airflow/.local/lib/python3.7/site-packages/airflow/hooks/base.py", line 72, in get_connection
    conn = Connection.get_connection_from_secrets(conn_id)
  File "/home/airflow/.local/lib/python3.7/site-packages/airflow/models/connection.py", line 435, in get_connection_from_secrets
    raise AirflowNotFoundException(f"The conn_id `{conn_id}` isn't defined")
airflow.exceptions.AirflowNotFoundException: The conn_id `fs_default` isn't defined
[2024-02-29T23:07:01.432+0000] {taskinstance.py:1323} INFO - Marking task as FAILED. dag_id=gera_dados_turbina, task_id=file_sensor_task, execution_date=20240229T230659, start_date=20240229T230701, end_date=20240229T230701
[2024-02-29T23:07:01.439+0000] {standard_task_runner.py:105} ERROR - Failed to execute job 3181 for task file_sensor_task (The conn_id `fs_default` isn't defined; 171)
[2024-02-29T23:07:01.474+0000] {local_task_job.py:208} INFO - Task exited with return code 1
[2024-02-29T23:07:01.486+0000] {taskinstance.py:2578} INFO - 0 downstream tasks scheduled from follow-on schedule check
