[2024-02-09T18:28:12.624+0000] {taskinstance.py:1083} INFO - Dependencies all met for <TaskInstance: example_branch_operator.branching scheduled__2024-02-08T00:00:00+00:00 [queued]>
[2024-02-09T18:28:12.629+0000] {taskinstance.py:1083} INFO - Dependencies all met for <TaskInstance: example_branch_operator.branching scheduled__2024-02-08T00:00:00+00:00 [queued]>
[2024-02-09T18:28:12.629+0000] {taskinstance.py:1279} INFO - 
--------------------------------------------------------------------------------
[2024-02-09T18:28:12.629+0000] {taskinstance.py:1280} INFO - Starting attempt 1 of 1
[2024-02-09T18:28:12.629+0000] {taskinstance.py:1281} INFO - 
--------------------------------------------------------------------------------
[2024-02-09T18:28:12.638+0000] {taskinstance.py:1300} INFO - Executing <Task(BranchPythonOperator): branching> on 2024-02-08 00:00:00+00:00
[2024-02-09T18:28:12.641+0000] {standard_task_runner.py:55} INFO - Started process 2921 to run task
[2024-02-09T18:28:12.643+0000] {standard_task_runner.py:82} INFO - Running: ['***', 'tasks', 'run', 'example_branch_operator', 'branching', 'scheduled__2024-02-08T00:00:00+00:00', '--job-id', '3', '--raw', '--subdir', '/home/***/.local/lib/python3.7/site-packages/***/example_dags/example_branch_operator.py', '--cfg-path', '/tmp/tmprt9_8f_7']
[2024-02-09T18:28:12.643+0000] {standard_task_runner.py:83} INFO - Job 3: Subtask branching
[2024-02-09T18:28:12.678+0000] {task_command.py:388} INFO - Running <TaskInstance: example_branch_operator.branching scheduled__2024-02-08T00:00:00+00:00 [running]> on host 00d5ec07a62f
[2024-02-09T18:28:12.718+0000] {taskinstance.py:1509} INFO - Exporting the following env vars:
AIRFLOW_CTX_DAG_OWNER=***
AIRFLOW_CTX_DAG_ID=example_branch_operator
AIRFLOW_CTX_TASK_ID=branching
AIRFLOW_CTX_EXECUTION_DATE=2024-02-08T00:00:00+00:00
AIRFLOW_CTX_TRY_NUMBER=1
AIRFLOW_CTX_DAG_RUN_ID=scheduled__2024-02-08T00:00:00+00:00
[2024-02-09T18:28:12.719+0000] {python.py:177} INFO - Done. Returned value was: branch_d
[2024-02-09T18:28:12.719+0000] {python.py:211} INFO - Branch callable return branch_d
[2024-02-09T18:28:12.719+0000] {skipmixin.py:155} INFO - Following branch branch_d
[2024-02-09T18:28:12.719+0000] {skipmixin.py:211} INFO - Skipping tasks ['branch_b', 'branch_c', 'branch_a']
[2024-02-09T18:28:12.744+0000] {taskinstance.py:1323} INFO - Marking task as SUCCESS. dag_id=example_branch_operator, task_id=branching, execution_date=20240208T000000, start_date=20240209T182812, end_date=20240209T182812
[2024-02-09T18:28:12.775+0000] {local_task_job.py:208} INFO - Task exited with return code 0
[2024-02-09T18:28:12.801+0000] {taskinstance.py:2578} INFO - 1 downstream tasks scheduled from follow-on schedule check
