[2024-02-23T14:09:02.775+0000] {taskinstance.py:1083} INFO - Dependencies all met for <TaskInstance: hook.select_data_task manual__2024-02-23T14:08:59.482465+00:00 [queued]>
[2024-02-23T14:09:02.782+0000] {taskinstance.py:1083} INFO - Dependencies all met for <TaskInstance: hook.select_data_task manual__2024-02-23T14:08:59.482465+00:00 [queued]>
[2024-02-23T14:09:02.782+0000] {taskinstance.py:1279} INFO - 
--------------------------------------------------------------------------------
[2024-02-23T14:09:02.782+0000] {taskinstance.py:1280} INFO - Starting attempt 1 of 1
[2024-02-23T14:09:02.782+0000] {taskinstance.py:1281} INFO - 
--------------------------------------------------------------------------------
[2024-02-23T14:09:02.790+0000] {taskinstance.py:1300} INFO - Executing <Task(PythonOperator): select_data_task> on 2024-02-23 14:08:59.482465+00:00
[2024-02-23T14:09:02.795+0000] {standard_task_runner.py:55} INFO - Started process 348 to run task
[2024-02-23T14:09:02.797+0000] {standard_task_runner.py:82} INFO - Running: ['***', 'tasks', 'run', 'hook', 'select_data_task', 'manual__2024-02-23T14:08:59.482465+00:00', '--job-id', '94', '--raw', '--subdir', 'DAGS_FOLDER/hooks.py', '--cfg-path', '/tmp/tmp5vn29bru']
[2024-02-23T14:09:02.798+0000] {standard_task_runner.py:83} INFO - Job 94: Subtask select_data_task
[2024-02-23T14:09:02.837+0000] {task_command.py:388} INFO - Running <TaskInstance: hook.select_data_task manual__2024-02-23T14:08:59.482465+00:00 [running]> on host 902608fbf7c9
[2024-02-23T14:09:02.876+0000] {taskinstance.py:1509} INFO - Exporting the following env vars:
AIRFLOW_CTX_DAG_OWNER=***
AIRFLOW_CTX_DAG_ID=hook
AIRFLOW_CTX_TASK_ID=select_data_task
AIRFLOW_CTX_EXECUTION_DATE=2024-02-23T14:08:59.482465+00:00
AIRFLOW_CTX_TRY_NUMBER=1
AIRFLOW_CTX_DAG_RUN_ID=manual__2024-02-23T14:08:59.482465+00:00
[2024-02-23T14:09:02.881+0000] {base.py:73} INFO - Using connection ID 'postgres' for task execution.
[2024-02-23T14:09:02.883+0000] {sql.py:375} INFO - Running statement: select * from teste2;, parameters: None
[2024-02-23T14:09:02.883+0000] {sql.py:384} INFO - Rows affected: 3
[2024-02-23T14:09:02.891+0000] {python.py:177} INFO - Done. Returned value was: None
[2024-02-23T14:09:02.897+0000] {taskinstance.py:1323} INFO - Marking task as SUCCESS. dag_id=hook, task_id=select_data_task, execution_date=20240223T140859, start_date=20240223T140902, end_date=20240223T140902
[2024-02-23T14:09:02.929+0000] {local_task_job.py:208} INFO - Task exited with return code 0
[2024-02-23T14:09:02.943+0000] {taskinstance.py:2578} INFO - 1 downstream tasks scheduled from follow-on schedule check
