[2024-02-20T12:15:59.600+0000] {taskinstance.py:1083} INFO - Dependencies all met for <TaskInstance: triggerdag2.tsk3 manual__2024-02-20T12:15:58.088386+00:00 [queued]>
[2024-02-20T12:15:59.605+0000] {taskinstance.py:1083} INFO - Dependencies all met for <TaskInstance: triggerdag2.tsk3 manual__2024-02-20T12:15:58.088386+00:00 [queued]>
[2024-02-20T12:15:59.605+0000] {taskinstance.py:1279} INFO - 
--------------------------------------------------------------------------------
[2024-02-20T12:15:59.605+0000] {taskinstance.py:1280} INFO - Starting attempt 1 of 1
[2024-02-20T12:15:59.605+0000] {taskinstance.py:1281} INFO - 
--------------------------------------------------------------------------------
[2024-02-20T12:15:59.613+0000] {taskinstance.py:1300} INFO - Executing <Task(BashOperator): tsk3> on 2024-02-20 12:15:58.088386+00:00
[2024-02-20T12:15:59.616+0000] {standard_task_runner.py:55} INFO - Started process 238 to run task
[2024-02-20T12:15:59.618+0000] {standard_task_runner.py:82} INFO - Running: ['***', 'tasks', 'run', 'triggerdag2', 'tsk3', 'manual__2024-02-20T12:15:58.088386+00:00', '--job-id', '85', '--raw', '--subdir', 'DAGS_FOLDER/triggerdag2.py', '--cfg-path', '/tmp/tmphbofmo3l']
[2024-02-20T12:15:59.618+0000] {standard_task_runner.py:83} INFO - Job 85: Subtask tsk3
[2024-02-20T12:15:59.648+0000] {task_command.py:388} INFO - Running <TaskInstance: triggerdag2.tsk3 manual__2024-02-20T12:15:58.088386+00:00 [running]> on host b2dcbfecb460
[2024-02-20T12:15:59.683+0000] {taskinstance.py:1509} INFO - Exporting the following env vars:
AIRFLOW_CTX_DAG_OWNER=***
AIRFLOW_CTX_DAG_ID=triggerdag2
AIRFLOW_CTX_TASK_ID=tsk3
AIRFLOW_CTX_EXECUTION_DATE=2024-02-20T12:15:58.088386+00:00
AIRFLOW_CTX_TRY_NUMBER=1
AIRFLOW_CTX_DAG_RUN_ID=manual__2024-02-20T12:15:58.088386+00:00
[2024-02-20T12:15:59.684+0000] {subprocess.py:63} INFO - Tmp dir root location: 
 /tmp
[2024-02-20T12:15:59.684+0000] {subprocess.py:75} INFO - Running command: ['/bin/bash', '-c', 'sleep 5']
[2024-02-20T12:15:59.690+0000] {subprocess.py:86} INFO - Output:
[2024-02-20T12:16:04.692+0000] {subprocess.py:97} INFO - Command exited with return code 0
[2024-02-20T12:16:04.707+0000] {taskinstance.py:1323} INFO - Marking task as SUCCESS. dag_id=triggerdag2, task_id=tsk3, execution_date=20240220T121558, start_date=20240220T121559, end_date=20240220T121604
[2024-02-20T12:16:04.750+0000] {local_task_job.py:208} INFO - Task exited with return code 0
[2024-02-20T12:16:04.759+0000] {taskinstance.py:2578} INFO - 0 downstream tasks scheduled from follow-on schedule check
