[2024-03-04T17:45:19.453+0000] {taskinstance.py:1083} INFO - Dependencies all met for <TaskInstance: gera_dados_turbina.group_database.insert_data_task manual__2024-03-04T17:37:12.716458+00:00 [queued]>
[2024-03-04T17:45:19.458+0000] {taskinstance.py:1083} INFO - Dependencies all met for <TaskInstance: gera_dados_turbina.group_database.insert_data_task manual__2024-03-04T17:37:12.716458+00:00 [queued]>
[2024-03-04T17:45:19.458+0000] {taskinstance.py:1279} INFO - 
--------------------------------------------------------------------------------
[2024-03-04T17:45:19.458+0000] {taskinstance.py:1280} INFO - Starting attempt 1 of 2
[2024-03-04T17:45:19.458+0000] {taskinstance.py:1281} INFO - 
--------------------------------------------------------------------------------
[2024-03-04T17:45:19.466+0000] {taskinstance.py:1300} INFO - Executing <Task(PostgresOperator): group_database.insert_data_task> on 2024-03-04 17:37:12.716458+00:00
[2024-03-04T17:45:19.470+0000] {standard_task_runner.py:55} INFO - Started process 672 to run task
[2024-03-04T17:45:19.472+0000] {standard_task_runner.py:82} INFO - Running: ['***', 'tasks', 'run', 'gera_dados_turbina', 'group_database.insert_data_task', 'manual__2024-03-04T17:37:12.716458+00:00', '--job-id', '3376', '--raw', '--subdir', 'DAGS_FOLDER/pipeline.py', '--cfg-path', '/tmp/tmphsdv55w8']
[2024-03-04T17:45:19.473+0000] {standard_task_runner.py:83} INFO - Job 3376: Subtask group_database.insert_data_task
[2024-03-04T17:45:19.507+0000] {task_command.py:388} INFO - Running <TaskInstance: gera_dados_turbina.group_database.insert_data_task manual__2024-03-04T17:37:12.716458+00:00 [running]> on host 06e5b3fc014c
[2024-03-04T17:45:19.546+0000] {taskinstance.py:1509} INFO - Exporting the following env vars:
AIRFLOW_CTX_DAG_EMAIL=adrianolima095@gmail.com
AIRFLOW_CTX_DAG_OWNER=***
AIRFLOW_CTX_DAG_ID=gera_dados_turbina
AIRFLOW_CTX_TASK_ID=group_database.insert_data_task
AIRFLOW_CTX_EXECUTION_DATE=2024-03-04T17:37:12.716458+00:00
AIRFLOW_CTX_TRY_NUMBER=1
AIRFLOW_CTX_DAG_RUN_ID=manual__2024-03-04T17:37:12.716458+00:00
[2024-03-04T17:45:19.546+0000] {sql.py:254} INFO - Executing: INSERT INTO sensors (  idtemp 
                                                                  , powerfactor
                                                                  , hydraulicpressure
                                                                  , temperature
                                                                  , timestamp
                                                                  )
                                                          VALUES (  %s
                                                                  , %s
                                                                  , %s
                                                                  , %s
                                                                  , %s
                                                                  ); 
                                          
[2024-03-04T17:45:19.550+0000] {base.py:73} INFO - Using connection ID 'postgres' for task execution.
[2024-03-04T17:45:19.680+0000] {base.py:73} INFO - Using connection ID 'postgres' for task execution.
[2024-03-04T17:45:19.682+0000] {sql.py:375} INFO - Running statement: INSERT INTO sensors (  idtemp 
                                                                  , powerfactor
                                                                  , hydraulicpressure
                                                                  , temperature
                                                                  , timestamp
                                                                  )
                                                          VALUES (  %s
                                                                  , %s
                                                                  , %s
                                                                  , %s
                                                                  , %s
                                                                  ); 
                                          , parameters: ('{{ ti.xcom_pull(task_ids="get_data_task",key="idtemp") }}', '{{ ti.xcom_pull(task_ids="get_data_task",key="powerfactor") }}', '{{ ti.xcom_pull(task_ids="get_data_task",key="hydraulicpressure") }}', '{{ ti.xcom_pull(task_ids="get_data_task",key="temperature") }}', '{{ ti.xcom_pull(task_ids="get_data_task",key="timestamp") }}')
[2024-03-04T17:45:19.683+0000] {sql.py:384} INFO - Rows affected: 1
[2024-03-04T17:45:19.689+0000] {taskinstance.py:1323} INFO - Marking task as SUCCESS. dag_id=gera_dados_turbina, task_id=group_database.insert_data_task, execution_date=20240304T173712, start_date=20240304T174519, end_date=20240304T174519
[2024-03-04T17:45:19.724+0000] {local_task_job.py:208} INFO - Task exited with return code 0
[2024-03-04T17:45:19.735+0000] {taskinstance.py:2578} INFO - 0 downstream tasks scheduled from follow-on schedule check
