[2024-03-04T17:42:35.904+0000] {taskinstance.py:1083} INFO - Dependencies all met for <TaskInstance: gera_dados_turbina.task_generates_data manual__2024-03-04T17:31:20.572719+00:00 [queued]>
[2024-03-04T17:42:35.910+0000] {taskinstance.py:1083} INFO - Dependencies all met for <TaskInstance: gera_dados_turbina.task_generates_data manual__2024-03-04T17:31:20.572719+00:00 [queued]>
[2024-03-04T17:42:35.910+0000] {taskinstance.py:1279} INFO - 
--------------------------------------------------------------------------------
[2024-03-04T17:42:35.910+0000] {taskinstance.py:1280} INFO - Starting attempt 2 of 2
[2024-03-04T17:42:35.911+0000] {taskinstance.py:1281} INFO - 
--------------------------------------------------------------------------------
[2024-03-04T17:42:35.918+0000] {taskinstance.py:1300} INFO - Executing <Task(PythonOperator): task_generates_data> on 2024-03-04 17:31:20.572719+00:00
[2024-03-04T17:42:35.922+0000] {standard_task_runner.py:55} INFO - Started process 137 to run task
[2024-03-04T17:42:35.924+0000] {standard_task_runner.py:82} INFO - Running: ['***', 'tasks', 'run', 'gera_dados_turbina', 'task_generates_data', 'manual__2024-03-04T17:31:20.572719+00:00', '--job-id', '3359', '--raw', '--subdir', 'DAGS_FOLDER/pipeline.py', '--cfg-path', '/tmp/tmpqwew8u8t']
[2024-03-04T17:42:35.925+0000] {standard_task_runner.py:83} INFO - Job 3359: Subtask task_generates_data
[2024-03-04T17:42:35.958+0000] {task_command.py:388} INFO - Running <TaskInstance: gera_dados_turbina.task_generates_data manual__2024-03-04T17:31:20.572719+00:00 [running]> on host 06e5b3fc014c
[2024-03-04T17:42:35.997+0000] {taskinstance.py:1509} INFO - Exporting the following env vars:
AIRFLOW_CTX_DAG_EMAIL=adrianolima095@gmail.com
AIRFLOW_CTX_DAG_OWNER=***
AIRFLOW_CTX_DAG_ID=gera_dados_turbina
AIRFLOW_CTX_TASK_ID=task_generates_data
AIRFLOW_CTX_EXECUTION_DATE=2024-03-04T17:31:20.572719+00:00
AIRFLOW_CTX_TRY_NUMBER=2
AIRFLOW_CTX_DAG_RUN_ID=manual__2024-03-04T17:31:20.572719+00:00
[2024-03-04T17:42:35.997+0000] {python.py:177} INFO - Done. Returned value was: None
[2024-03-04T17:42:36.002+0000] {taskinstance.py:1323} INFO - Marking task as SUCCESS. dag_id=gera_dados_turbina, task_id=task_generates_data, execution_date=20240304T173120, start_date=20240304T174235, end_date=20240304T174236
[2024-03-04T17:42:36.016+0000] {local_task_job.py:208} INFO - Task exited with return code 0
[2024-03-04T17:42:36.034+0000] {taskinstance.py:2578} INFO - 1 downstream tasks scheduled from follow-on schedule check
