[2024-02-20T13:59:13.438+0000] {taskinstance.py:1083} INFO - Dependencies all met for <TaskInstance: dagrundag1.task2 manual__2024-02-20T13:59:07.159950+00:00 [queued]>
[2024-02-20T13:59:13.444+0000] {taskinstance.py:1083} INFO - Dependencies all met for <TaskInstance: dagrundag1.task2 manual__2024-02-20T13:59:07.159950+00:00 [queued]>
[2024-02-20T13:59:13.444+0000] {taskinstance.py:1279} INFO - 
--------------------------------------------------------------------------------
[2024-02-20T13:59:13.444+0000] {taskinstance.py:1280} INFO - Starting attempt 1 of 1
[2024-02-20T13:59:13.444+0000] {taskinstance.py:1281} INFO - 
--------------------------------------------------------------------------------
[2024-02-20T13:59:13.454+0000] {taskinstance.py:1300} INFO - Executing <Task(TriggerDagRunOperator): task2> on 2024-02-20 13:59:07.159950+00:00
[2024-02-20T13:59:13.457+0000] {standard_task_runner.py:55} INFO - Started process 203 to run task
[2024-02-20T13:59:13.459+0000] {standard_task_runner.py:82} INFO - Running: ['***', 'tasks', 'run', 'dagrundag1', 'task2', 'manual__2024-02-20T13:59:07.159950+00:00', '--job-id', '120', '--raw', '--subdir', 'DAGS_FOLDER/dagrundag1.py', '--cfg-path', '/tmp/tmprrrahqt4']
[2024-02-20T13:59:13.459+0000] {standard_task_runner.py:83} INFO - Job 120: Subtask task2
[2024-02-20T13:59:13.496+0000] {task_command.py:388} INFO - Running <TaskInstance: dagrundag1.task2 manual__2024-02-20T13:59:07.159950+00:00 [running]> on host feb6dad20195
[2024-02-20T13:59:13.541+0000] {taskinstance.py:1509} INFO - Exporting the following env vars:
AIRFLOW_CTX_DAG_OWNER=***
AIRFLOW_CTX_DAG_ID=dagrundag1
AIRFLOW_CTX_TASK_ID=task2
AIRFLOW_CTX_EXECUTION_DATE=2024-02-20T13:59:07.159950+00:00
AIRFLOW_CTX_TRY_NUMBER=1
AIRFLOW_CTX_DAG_RUN_ID=manual__2024-02-20T13:59:07.159950+00:00
[2024-02-20T13:59:13.593+0000] {taskinstance.py:1323} INFO - Marking task as SUCCESS. dag_id=dagrundag1, task_id=task2, execution_date=20240220T135907, start_date=20240220T135913, end_date=20240220T135913
[2024-02-20T13:59:13.631+0000] {local_task_job.py:208} INFO - Task exited with return code 0
[2024-02-20T13:59:13.642+0000] {taskinstance.py:2578} INFO - 0 downstream tasks scheduled from follow-on schedule check
