[2024-02-23T13:17:10.029+0000] {taskinstance.py:1083} INFO - Dependencies all met for <TaskInstance: bancodedados.query_data manual__2024-02-23T13:17:07.463374+00:00 [queued]>
[2024-02-23T13:17:10.034+0000] {taskinstance.py:1083} INFO - Dependencies all met for <TaskInstance: bancodedados.query_data manual__2024-02-23T13:17:07.463374+00:00 [queued]>
[2024-02-23T13:17:10.035+0000] {taskinstance.py:1279} INFO - 
--------------------------------------------------------------------------------
[2024-02-23T13:17:10.035+0000] {taskinstance.py:1280} INFO - Starting attempt 1 of 1
[2024-02-23T13:17:10.035+0000] {taskinstance.py:1281} INFO - 
--------------------------------------------------------------------------------
[2024-02-23T13:17:10.042+0000] {taskinstance.py:1300} INFO - Executing <Task(PostgresOperator): query_data> on 2024-02-23 13:17:07.463374+00:00
[2024-02-23T13:17:10.046+0000] {standard_task_runner.py:55} INFO - Started process 140 to run task
[2024-02-23T13:17:10.048+0000] {standard_task_runner.py:82} INFO - Running: ['***', 'tasks', 'run', 'bancodedados', 'query_data', 'manual__2024-02-23T13:17:07.463374+00:00', '--job-id', '63', '--raw', '--subdir', 'DAGS_FOLDER/bancodedados.py', '--cfg-path', '/tmp/tmpagze0byp']
[2024-02-23T13:17:10.048+0000] {standard_task_runner.py:83} INFO - Job 63: Subtask query_data
[2024-02-23T13:17:10.080+0000] {task_command.py:388} INFO - Running <TaskInstance: bancodedados.query_data manual__2024-02-23T13:17:07.463374+00:00 [running]> on host 3a5113300af0
[2024-02-23T13:17:10.118+0000] {taskinstance.py:1509} INFO - Exporting the following env vars:
AIRFLOW_CTX_DAG_OWNER=***
AIRFLOW_CTX_DAG_ID=bancodedados
AIRFLOW_CTX_TASK_ID=query_data
AIRFLOW_CTX_EXECUTION_DATE=2024-02-23T13:17:07.463374+00:00
AIRFLOW_CTX_TRY_NUMBER=1
AIRFLOW_CTX_DAG_RUN_ID=manual__2024-02-23T13:17:07.463374+00:00
[2024-02-23T13:17:10.118+0000] {sql.py:254} INFO - Executing: select * from teste;
[2024-02-23T13:17:10.122+0000] {base.py:73} INFO - Using connection ID 'postgres' for task execution.
[2024-02-23T13:17:10.243+0000] {base.py:73} INFO - Using connection ID 'postgres' for task execution.
[2024-02-23T13:17:10.245+0000] {sql.py:375} INFO - Running statement: select * from teste;, parameters: None
[2024-02-23T13:17:10.245+0000] {sql.py:384} INFO - Rows affected: 5
[2024-02-23T13:17:10.259+0000] {taskinstance.py:1323} INFO - Marking task as SUCCESS. dag_id=bancodedados, task_id=query_data, execution_date=20240223T131707, start_date=20240223T131710, end_date=20240223T131710
[2024-02-23T13:17:10.300+0000] {local_task_job.py:208} INFO - Task exited with return code 0
[2024-02-23T13:17:10.318+0000] {taskinstance.py:2578} INFO - 1 downstream tasks scheduled from follow-on schedule check
