[2024-02-21T15:04:20.197+0000] {taskinstance.py:1083} INFO - Dependencies all met for <TaskInstance: poll.tsk2 manual__2024-02-21T15:04:13.714127+00:00 [queued]>
[2024-02-21T15:04:20.202+0000] {taskinstance.py:1083} INFO - Dependencies all met for <TaskInstance: poll.tsk2 manual__2024-02-21T15:04:13.714127+00:00 [queued]>
[2024-02-21T15:04:20.202+0000] {taskinstance.py:1279} INFO - 
--------------------------------------------------------------------------------
[2024-02-21T15:04:20.202+0000] {taskinstance.py:1280} INFO - Starting attempt 1 of 1
[2024-02-21T15:04:20.202+0000] {taskinstance.py:1281} INFO - 
--------------------------------------------------------------------------------
[2024-02-21T15:04:20.210+0000] {taskinstance.py:1300} INFO - Executing <Task(BashOperator): tsk2> on 2024-02-21 15:04:13.714127+00:00
[2024-02-21T15:04:20.214+0000] {standard_task_runner.py:55} INFO - Started process 619 to run task
[2024-02-21T15:04:20.216+0000] {standard_task_runner.py:82} INFO - Running: ['***', 'tasks', 'run', 'poll', 'tsk2', 'manual__2024-02-21T15:04:13.714127+00:00', '--job-id', '44', '--raw', '--subdir', 'DAGS_FOLDER/pools.py', '--cfg-path', '/tmp/tmp7jqt1cys']
[2024-02-21T15:04:20.216+0000] {standard_task_runner.py:83} INFO - Job 44: Subtask tsk2
[2024-02-21T15:04:20.251+0000] {task_command.py:388} INFO - Running <TaskInstance: poll.tsk2 manual__2024-02-21T15:04:13.714127+00:00 [running]> on host 3cf2d103fdd0
[2024-02-21T15:04:20.291+0000] {taskinstance.py:1509} INFO - Exporting the following env vars:
AIRFLOW_CTX_DAG_OWNER=***
AIRFLOW_CTX_DAG_ID=poll
AIRFLOW_CTX_TASK_ID=tsk2
AIRFLOW_CTX_EXECUTION_DATE=2024-02-21T15:04:13.714127+00:00
AIRFLOW_CTX_TRY_NUMBER=1
AIRFLOW_CTX_DAG_RUN_ID=manual__2024-02-21T15:04:13.714127+00:00
[2024-02-21T15:04:20.291+0000] {subprocess.py:63} INFO - Tmp dir root location: 
 /tmp
[2024-02-21T15:04:20.292+0000] {subprocess.py:75} INFO - Running command: ['/bin/bash', '-c', 'sleep 5']
[2024-02-21T15:04:20.298+0000] {subprocess.py:86} INFO - Output:
[2024-02-21T15:04:25.300+0000] {subprocess.py:97} INFO - Command exited with return code 0
[2024-02-21T15:04:25.316+0000] {taskinstance.py:1323} INFO - Marking task as SUCCESS. dag_id=poll, task_id=tsk2, execution_date=20240221T150413, start_date=20240221T150420, end_date=20240221T150425
[2024-02-21T15:04:25.362+0000] {local_task_job.py:208} INFO - Task exited with return code 0
[2024-02-21T15:04:25.376+0000] {taskinstance.py:2578} INFO - 0 downstream tasks scheduled from follow-on schedule check
