[2024-02-22T22:55:33.566+0000] {taskinstance.py:1083} INFO - Dependencies all met for <TaskInstance: bancodedados.insert_data manual__2024-02-22T22:55:31.544057+00:00 [queued]>
[2024-02-22T22:55:33.572+0000] {taskinstance.py:1083} INFO - Dependencies all met for <TaskInstance: bancodedados.insert_data manual__2024-02-22T22:55:31.544057+00:00 [queued]>
[2024-02-22T22:55:33.572+0000] {taskinstance.py:1279} INFO - 
--------------------------------------------------------------------------------
[2024-02-22T22:55:33.572+0000] {taskinstance.py:1280} INFO - Starting attempt 1 of 1
[2024-02-22T22:55:33.572+0000] {taskinstance.py:1281} INFO - 
--------------------------------------------------------------------------------
[2024-02-22T22:55:33.581+0000] {taskinstance.py:1300} INFO - Executing <Task(PostgresOperator): insert_data> on 2024-02-22 22:55:31.544057+00:00
[2024-02-22T22:55:33.585+0000] {standard_task_runner.py:55} INFO - Started process 234 to run task
[2024-02-22T22:55:33.587+0000] {standard_task_runner.py:82} INFO - Running: ['***', 'tasks', 'run', 'bancodedados', 'insert_data', 'manual__2024-02-22T22:55:31.544057+00:00', '--job-id', '44', '--raw', '--subdir', 'DAGS_FOLDER/bancodedados.py', '--cfg-path', '/tmp/tmpjbt1a1gp']
[2024-02-22T22:55:33.587+0000] {standard_task_runner.py:83} INFO - Job 44: Subtask insert_data
[2024-02-22T22:55:33.622+0000] {task_command.py:388} INFO - Running <TaskInstance: bancodedados.insert_data manual__2024-02-22T22:55:31.544057+00:00 [running]> on host 33f43f9fc0ed
[2024-02-22T22:55:33.662+0000] {taskinstance.py:1509} INFO - Exporting the following env vars:
AIRFLOW_CTX_DAG_OWNER=***
AIRFLOW_CTX_DAG_ID=bancodedados
AIRFLOW_CTX_TASK_ID=insert_data
AIRFLOW_CTX_EXECUTION_DATE=2024-02-22T22:55:31.544057+00:00
AIRFLOW_CTX_TRY_NUMBER=1
AIRFLOW_CTX_DAG_RUN_ID=manual__2024-02-22T22:55:31.544057+00:00
[2024-02-22T22:55:33.662+0000] {sql.py:254} INFO - Executing: insert into teste values(1);
[2024-02-22T22:55:33.667+0000] {base.py:73} INFO - Using connection ID 'postgres' for task execution.
[2024-02-22T22:55:33.806+0000] {base.py:73} INFO - Using connection ID 'postgres' for task execution.
[2024-02-22T22:55:33.808+0000] {sql.py:375} INFO - Running statement: insert into teste values(1);, parameters: None
[2024-02-22T22:55:33.808+0000] {sql.py:384} INFO - Rows affected: 1
[2024-02-22T22:55:33.814+0000] {taskinstance.py:1323} INFO - Marking task as SUCCESS. dag_id=bancodedados, task_id=insert_data, execution_date=20240222T225531, start_date=20240222T225533, end_date=20240222T225533
[2024-02-22T22:55:33.839+0000] {local_task_job.py:208} INFO - Task exited with return code 0
[2024-02-22T22:55:33.858+0000] {taskinstance.py:2578} INFO - 1 downstream tasks scheduled from follow-on schedule check
