[2024-02-19T20:32:26.990+0000] {taskinstance.py:1083} INFO - Dependencies all met for <TaskInstance: primeira_dag.tsk3 manual__2024-02-19T20:32:14.443279+00:00 [queued]>
[2024-02-19T20:32:26.996+0000] {taskinstance.py:1083} INFO - Dependencies all met for <TaskInstance: primeira_dag.tsk3 manual__2024-02-19T20:32:14.443279+00:00 [queued]>
[2024-02-19T20:32:26.997+0000] {taskinstance.py:1279} INFO - 
--------------------------------------------------------------------------------
[2024-02-19T20:32:26.997+0000] {taskinstance.py:1280} INFO - Starting attempt 1 of 1
[2024-02-19T20:32:26.997+0000] {taskinstance.py:1281} INFO - 
--------------------------------------------------------------------------------
[2024-02-19T20:32:27.006+0000] {taskinstance.py:1300} INFO - Executing <Task(BashOperator): tsk3> on 2024-02-19 20:32:14.443279+00:00
[2024-02-19T20:32:27.009+0000] {standard_task_runner.py:55} INFO - Started process 206 to run task
[2024-02-19T20:32:27.011+0000] {standard_task_runner.py:82} INFO - Running: ['***', 'tasks', 'run', 'primeira_dag', 'tsk3', 'manual__2024-02-19T20:32:14.443279+00:00', '--job-id', '59', '--raw', '--subdir', 'DAGS_FOLDER/primeiradag.py', '--cfg-path', '/tmp/tmp8fey0y24']
[2024-02-19T20:32:27.011+0000] {standard_task_runner.py:83} INFO - Job 59: Subtask tsk3
[2024-02-19T20:32:27.043+0000] {task_command.py:388} INFO - Running <TaskInstance: primeira_dag.tsk3 manual__2024-02-19T20:32:14.443279+00:00 [running]> on host fe921f05706f
[2024-02-19T20:32:27.081+0000] {taskinstance.py:1509} INFO - Exporting the following env vars:
AIRFLOW_CTX_DAG_OWNER=***
AIRFLOW_CTX_DAG_ID=primeira_dag
AIRFLOW_CTX_TASK_ID=tsk3
AIRFLOW_CTX_EXECUTION_DATE=2024-02-19T20:32:14.443279+00:00
AIRFLOW_CTX_TRY_NUMBER=1
AIRFLOW_CTX_DAG_RUN_ID=manual__2024-02-19T20:32:14.443279+00:00
[2024-02-19T20:32:27.081+0000] {subprocess.py:63} INFO - Tmp dir root location: 
 /tmp
[2024-02-19T20:32:27.082+0000] {subprocess.py:75} INFO - Running command: ['/bin/bash', '-c', 'sleep 5']
[2024-02-19T20:32:27.088+0000] {subprocess.py:86} INFO - Output:
[2024-02-19T20:32:32.090+0000] {subprocess.py:97} INFO - Command exited with return code 0
[2024-02-19T20:32:32.108+0000] {taskinstance.py:1323} INFO - Marking task as SUCCESS. dag_id=primeira_dag, task_id=tsk3, execution_date=20240219T203214, start_date=20240219T203226, end_date=20240219T203232
[2024-02-19T20:32:32.149+0000] {local_task_job.py:208} INFO - Task exited with return code 0
[2024-02-19T20:32:32.158+0000] {taskinstance.py:2578} INFO - 0 downstream tasks scheduled from follow-on schedule check
