[2024-03-04T13:59:32.488+0000] {taskinstance.py:1083} INFO - Dependencies all met for <TaskInstance: gera_dados_turbina.group_database.create_table_task manual__2024-03-04T13:59:28.144030+00:00 [queued]>
[2024-03-04T13:59:32.497+0000] {taskinstance.py:1083} INFO - Dependencies all met for <TaskInstance: gera_dados_turbina.group_database.create_table_task manual__2024-03-04T13:59:28.144030+00:00 [queued]>
[2024-03-04T13:59:32.497+0000] {taskinstance.py:1279} INFO - 
--------------------------------------------------------------------------------
[2024-03-04T13:59:32.497+0000] {taskinstance.py:1280} INFO - Starting attempt 1 of 1
[2024-03-04T13:59:32.497+0000] {taskinstance.py:1281} INFO - 
--------------------------------------------------------------------------------
[2024-03-04T13:59:32.508+0000] {taskinstance.py:1300} INFO - Executing <Task(PostgresOperator): group_database.create_table_task> on 2024-03-04 13:59:28.144030+00:00
[2024-03-04T13:59:32.512+0000] {standard_task_runner.py:55} INFO - Started process 180 to run task
[2024-03-04T13:59:32.514+0000] {standard_task_runner.py:82} INFO - Running: ['***', 'tasks', 'run', 'gera_dados_turbina', 'group_database.create_table_task', 'manual__2024-03-04T13:59:28.144030+00:00', '--job-id', '3265', '--raw', '--subdir', 'DAGS_FOLDER/pipeline.py', '--cfg-path', '/tmp/tmp72vof_bo']
[2024-03-04T13:59:32.516+0000] {standard_task_runner.py:83} INFO - Job 3265: Subtask group_database.create_table_task
[2024-03-04T13:59:32.564+0000] {task_command.py:388} INFO - Running <TaskInstance: gera_dados_turbina.group_database.create_table_task manual__2024-03-04T13:59:28.144030+00:00 [running]> on host e2bf648b1dfb
[2024-03-04T13:59:32.621+0000] {taskinstance.py:1509} INFO - Exporting the following env vars:
AIRFLOW_CTX_DAG_EMAIL=adrianolima095@gmail.com
AIRFLOW_CTX_DAG_OWNER=***
AIRFLOW_CTX_DAG_ID=gera_dados_turbina
AIRFLOW_CTX_TASK_ID=group_database.create_table_task
AIRFLOW_CTX_EXECUTION_DATE=2024-03-04T13:59:28.144030+00:00
AIRFLOW_CTX_TRY_NUMBER=1
AIRFLOW_CTX_DAG_RUN_ID=manual__2024-03-04T13:59:28.144030+00:00
[2024-03-04T13:59:32.621+0000] {sql.py:254} INFO - Executing: create table if not exists sensors 
                                        (  idtemp            varchar
                                         , powerfactor       varchar
                                         , hydraulicpressure varchar
                                         , temperature       varchar
                                         , timestamp         varchar
                                         );
                                    
[2024-03-04T13:59:32.627+0000] {base.py:73} INFO - Using connection ID 'postgres' for task execution.
[2024-03-04T13:59:32.813+0000] {base.py:73} INFO - Using connection ID 'postgres' for task execution.
[2024-03-04T13:59:32.815+0000] {sql.py:375} INFO - Running statement: create table if not exists sensors 
                                        (  idtemp            varchar
                                         , powerfactor       varchar
                                         , hydraulicpressure varchar
                                         , temperature       varchar
                                         , timestamp         varchar
                                         );
                                    , parameters: None
[2024-03-04T13:59:32.822+0000] {taskinstance.py:1323} INFO - Marking task as SUCCESS. dag_id=gera_dados_turbina, task_id=group_database.create_table_task, execution_date=20240304T135928, start_date=20240304T135932, end_date=20240304T135932
[2024-03-04T13:59:32.846+0000] {local_task_job.py:208} INFO - Task exited with return code 0
[2024-03-04T13:59:32.863+0000] {taskinstance.py:2578} INFO - 1 downstream tasks scheduled from follow-on schedule check
