[2024-02-19T17:55:59.645+0000] {processor.py:153} INFO - Started process (PID=53) to work on /opt/airflow/dags/primeira-dag.py
[2024-02-19T17:55:59.646+0000] {processor.py:743} INFO - Processing file /opt/airflow/dags/primeira-dag.py for tasks to queue
[2024-02-19T17:55:59.646+0000] {logging_mixin.py:137} INFO - [2024-02-19T17:55:59.646+0000] {dagbag.py:538} INFO - Filling up the DagBag from /opt/airflow/dags/primeira-dag.py
[2024-02-19T17:55:59.666+0000] {processor.py:753} INFO - DAG(s) dict_keys(['primeira_dag']) retrieved from /opt/airflow/dags/primeira-dag.py
[2024-02-19T17:55:59.715+0000] {logging_mixin.py:137} INFO - [2024-02-19T17:55:59.715+0000] {dag.py:2690} INFO - Sync 1 DAGs
[2024-02-19T17:55:59.731+0000] {logging_mixin.py:137} INFO - [2024-02-19T17:55:59.731+0000] {dag.py:3441} INFO - Setting next_dagrun for primeira_dag to None, run_after=None
[2024-02-19T17:55:59.745+0000] {processor.py:175} INFO - Processing /opt/airflow/dags/primeira-dag.py took 0.101 seconds
[2024-02-19T17:56:29.808+0000] {processor.py:153} INFO - Started process (PID=150) to work on /opt/airflow/dags/primeira-dag.py
[2024-02-19T17:56:29.809+0000] {processor.py:743} INFO - Processing file /opt/airflow/dags/primeira-dag.py for tasks to queue
[2024-02-19T17:56:29.809+0000] {logging_mixin.py:137} INFO - [2024-02-19T17:56:29.809+0000] {dagbag.py:538} INFO - Filling up the DagBag from /opt/airflow/dags/primeira-dag.py
[2024-02-19T17:56:29.816+0000] {processor.py:753} INFO - DAG(s) dict_keys(['primeira_dag']) retrieved from /opt/airflow/dags/primeira-dag.py
[2024-02-19T17:56:29.831+0000] {logging_mixin.py:137} INFO - [2024-02-19T17:56:29.830+0000] {dag.py:2690} INFO - Sync 1 DAGs
[2024-02-19T17:56:29.844+0000] {logging_mixin.py:137} INFO - [2024-02-19T17:56:29.844+0000] {dag.py:3441} INFO - Setting next_dagrun for primeira_dag to None, run_after=None
[2024-02-19T17:56:29.853+0000] {processor.py:175} INFO - Processing /opt/airflow/dags/primeira-dag.py took 0.047 seconds
[2024-02-19T17:57:00.013+0000] {processor.py:153} INFO - Started process (PID=215) to work on /opt/airflow/dags/primeira-dag.py
[2024-02-19T17:57:00.016+0000] {processor.py:743} INFO - Processing file /opt/airflow/dags/primeira-dag.py for tasks to queue
[2024-02-19T17:57:00.016+0000] {logging_mixin.py:137} INFO - [2024-02-19T17:57:00.016+0000] {dagbag.py:538} INFO - Filling up the DagBag from /opt/airflow/dags/primeira-dag.py
[2024-02-19T17:57:00.026+0000] {processor.py:753} INFO - DAG(s) dict_keys(['primeira_dag']) retrieved from /opt/airflow/dags/primeira-dag.py
[2024-02-19T17:57:00.045+0000] {logging_mixin.py:137} INFO - [2024-02-19T17:57:00.045+0000] {dag.py:2690} INFO - Sync 1 DAGs
[2024-02-19T17:57:00.066+0000] {logging_mixin.py:137} INFO - [2024-02-19T17:57:00.066+0000] {dag.py:3441} INFO - Setting next_dagrun for primeira_dag to None, run_after=None
[2024-02-19T17:57:00.081+0000] {processor.py:175} INFO - Processing /opt/airflow/dags/primeira-dag.py took 0.070 seconds
[2024-02-19T17:57:30.175+0000] {processor.py:153} INFO - Started process (PID=313) to work on /opt/airflow/dags/primeira-dag.py
[2024-02-19T17:57:30.175+0000] {processor.py:743} INFO - Processing file /opt/airflow/dags/primeira-dag.py for tasks to queue
[2024-02-19T17:57:30.175+0000] {logging_mixin.py:137} INFO - [2024-02-19T17:57:30.175+0000] {dagbag.py:538} INFO - Filling up the DagBag from /opt/airflow/dags/primeira-dag.py
[2024-02-19T17:57:30.182+0000] {processor.py:753} INFO - DAG(s) dict_keys(['primeira_dag']) retrieved from /opt/airflow/dags/primeira-dag.py
[2024-02-19T17:57:30.197+0000] {logging_mixin.py:137} INFO - [2024-02-19T17:57:30.197+0000] {dag.py:2690} INFO - Sync 1 DAGs
[2024-02-19T17:57:30.211+0000] {logging_mixin.py:137} INFO - [2024-02-19T17:57:30.211+0000] {dag.py:3441} INFO - Setting next_dagrun for primeira_dag to None, run_after=None
[2024-02-19T17:57:30.220+0000] {processor.py:175} INFO - Processing /opt/airflow/dags/primeira-dag.py took 0.047 seconds
[2024-02-19T17:58:00.347+0000] {processor.py:153} INFO - Started process (PID=410) to work on /opt/airflow/dags/primeira-dag.py
[2024-02-19T17:58:00.349+0000] {processor.py:743} INFO - Processing file /opt/airflow/dags/primeira-dag.py for tasks to queue
[2024-02-19T17:58:00.349+0000] {logging_mixin.py:137} INFO - [2024-02-19T17:58:00.349+0000] {dagbag.py:538} INFO - Filling up the DagBag from /opt/airflow/dags/primeira-dag.py
[2024-02-19T17:58:00.356+0000] {processor.py:753} INFO - DAG(s) dict_keys(['primeira_dag']) retrieved from /opt/airflow/dags/primeira-dag.py
[2024-02-19T17:58:00.369+0000] {logging_mixin.py:137} INFO - [2024-02-19T17:58:00.369+0000] {dag.py:2690} INFO - Sync 1 DAGs
[2024-02-19T17:58:00.383+0000] {logging_mixin.py:137} INFO - [2024-02-19T17:58:00.382+0000] {dag.py:3441} INFO - Setting next_dagrun for primeira_dag to None, run_after=None
[2024-02-19T17:58:00.392+0000] {processor.py:175} INFO - Processing /opt/airflow/dags/primeira-dag.py took 0.046 seconds
[2024-02-19T17:58:30.507+0000] {processor.py:153} INFO - Started process (PID=475) to work on /opt/airflow/dags/primeira-dag.py
[2024-02-19T17:58:30.507+0000] {processor.py:743} INFO - Processing file /opt/airflow/dags/primeira-dag.py for tasks to queue
[2024-02-19T17:58:30.508+0000] {logging_mixin.py:137} INFO - [2024-02-19T17:58:30.508+0000] {dagbag.py:538} INFO - Filling up the DagBag from /opt/airflow/dags/primeira-dag.py
[2024-02-19T17:58:30.515+0000] {processor.py:753} INFO - DAG(s) dict_keys(['primeira_dag']) retrieved from /opt/airflow/dags/primeira-dag.py
[2024-02-19T17:58:30.528+0000] {logging_mixin.py:137} INFO - [2024-02-19T17:58:30.528+0000] {dag.py:2690} INFO - Sync 1 DAGs
[2024-02-19T17:58:30.543+0000] {logging_mixin.py:137} INFO - [2024-02-19T17:58:30.542+0000] {dag.py:3441} INFO - Setting next_dagrun for primeira_dag to None, run_after=None
[2024-02-19T17:58:30.552+0000] {processor.py:175} INFO - Processing /opt/airflow/dags/primeira-dag.py took 0.046 seconds
[2024-02-19T17:59:00.664+0000] {processor.py:153} INFO - Started process (PID=572) to work on /opt/airflow/dags/primeira-dag.py
[2024-02-19T17:59:00.666+0000] {processor.py:743} INFO - Processing file /opt/airflow/dags/primeira-dag.py for tasks to queue
[2024-02-19T17:59:00.666+0000] {logging_mixin.py:137} INFO - [2024-02-19T17:59:00.666+0000] {dagbag.py:538} INFO - Filling up the DagBag from /opt/airflow/dags/primeira-dag.py
[2024-02-19T17:59:00.673+0000] {processor.py:753} INFO - DAG(s) dict_keys(['primeira_dag']) retrieved from /opt/airflow/dags/primeira-dag.py
[2024-02-19T17:59:00.687+0000] {logging_mixin.py:137} INFO - [2024-02-19T17:59:00.687+0000] {dag.py:2690} INFO - Sync 1 DAGs
[2024-02-19T17:59:00.700+0000] {logging_mixin.py:137} INFO - [2024-02-19T17:59:00.700+0000] {dag.py:3441} INFO - Setting next_dagrun for primeira_dag to None, run_after=None
[2024-02-19T17:59:00.709+0000] {processor.py:175} INFO - Processing /opt/airflow/dags/primeira-dag.py took 0.047 seconds
[2024-02-19T17:59:30.800+0000] {processor.py:153} INFO - Started process (PID=669) to work on /opt/airflow/dags/primeira-dag.py
[2024-02-19T17:59:30.800+0000] {processor.py:743} INFO - Processing file /opt/airflow/dags/primeira-dag.py for tasks to queue
[2024-02-19T17:59:30.800+0000] {logging_mixin.py:137} INFO - [2024-02-19T17:59:30.800+0000] {dagbag.py:538} INFO - Filling up the DagBag from /opt/airflow/dags/primeira-dag.py
[2024-02-19T17:59:30.808+0000] {processor.py:753} INFO - DAG(s) dict_keys(['primeira_dag']) retrieved from /opt/airflow/dags/primeira-dag.py
[2024-02-19T17:59:30.823+0000] {logging_mixin.py:137} INFO - [2024-02-19T17:59:30.823+0000] {dag.py:2690} INFO - Sync 1 DAGs
[2024-02-19T17:59:30.837+0000] {logging_mixin.py:137} INFO - [2024-02-19T17:59:30.837+0000] {dag.py:3441} INFO - Setting next_dagrun for primeira_dag to None, run_after=None
[2024-02-19T17:59:30.849+0000] {processor.py:175} INFO - Processing /opt/airflow/dags/primeira-dag.py took 0.052 seconds
[2024-02-19T18:00:00.960+0000] {processor.py:153} INFO - Started process (PID=734) to work on /opt/airflow/dags/primeira-dag.py
[2024-02-19T18:00:00.962+0000] {processor.py:743} INFO - Processing file /opt/airflow/dags/primeira-dag.py for tasks to queue
[2024-02-19T18:00:00.962+0000] {logging_mixin.py:137} INFO - [2024-02-19T18:00:00.962+0000] {dagbag.py:538} INFO - Filling up the DagBag from /opt/airflow/dags/primeira-dag.py
[2024-02-19T18:00:00.969+0000] {processor.py:753} INFO - DAG(s) dict_keys(['primeira_dag']) retrieved from /opt/airflow/dags/primeira-dag.py
[2024-02-19T18:00:00.982+0000] {logging_mixin.py:137} INFO - [2024-02-19T18:00:00.982+0000] {dag.py:2690} INFO - Sync 1 DAGs
[2024-02-19T18:00:00.996+0000] {logging_mixin.py:137} INFO - [2024-02-19T18:00:00.996+0000] {dag.py:3441} INFO - Setting next_dagrun for primeira_dag to None, run_after=None
[2024-02-19T18:00:01.006+0000] {processor.py:175} INFO - Processing /opt/airflow/dags/primeira-dag.py took 0.047 seconds
[2024-02-19T18:00:31.098+0000] {processor.py:153} INFO - Started process (PID=831) to work on /opt/airflow/dags/primeira-dag.py
[2024-02-19T18:00:31.098+0000] {processor.py:743} INFO - Processing file /opt/airflow/dags/primeira-dag.py for tasks to queue
[2024-02-19T18:00:31.098+0000] {logging_mixin.py:137} INFO - [2024-02-19T18:00:31.098+0000] {dagbag.py:538} INFO - Filling up the DagBag from /opt/airflow/dags/primeira-dag.py
[2024-02-19T18:00:31.105+0000] {processor.py:753} INFO - DAG(s) dict_keys(['primeira_dag']) retrieved from /opt/airflow/dags/primeira-dag.py
[2024-02-19T18:00:31.119+0000] {logging_mixin.py:137} INFO - [2024-02-19T18:00:31.119+0000] {dag.py:2690} INFO - Sync 1 DAGs
[2024-02-19T18:00:31.133+0000] {logging_mixin.py:137} INFO - [2024-02-19T18:00:31.133+0000] {dag.py:3441} INFO - Setting next_dagrun for primeira_dag to None, run_after=None
[2024-02-19T18:00:31.143+0000] {processor.py:175} INFO - Processing /opt/airflow/dags/primeira-dag.py took 0.047 seconds
[2024-02-19T18:01:01.244+0000] {processor.py:153} INFO - Started process (PID=896) to work on /opt/airflow/dags/primeira-dag.py
[2024-02-19T18:01:01.245+0000] {processor.py:743} INFO - Processing file /opt/airflow/dags/primeira-dag.py for tasks to queue
[2024-02-19T18:01:01.245+0000] {logging_mixin.py:137} INFO - [2024-02-19T18:01:01.245+0000] {dagbag.py:538} INFO - Filling up the DagBag from /opt/airflow/dags/primeira-dag.py
[2024-02-19T18:01:01.252+0000] {processor.py:753} INFO - DAG(s) dict_keys(['primeira_dag']) retrieved from /opt/airflow/dags/primeira-dag.py
[2024-02-19T18:01:01.267+0000] {logging_mixin.py:137} INFO - [2024-02-19T18:01:01.267+0000] {dag.py:2690} INFO - Sync 1 DAGs
[2024-02-19T18:01:01.281+0000] {logging_mixin.py:137} INFO - [2024-02-19T18:01:01.281+0000] {dag.py:3441} INFO - Setting next_dagrun for primeira_dag to None, run_after=None
[2024-02-19T18:01:01.291+0000] {processor.py:175} INFO - Processing /opt/airflow/dags/primeira-dag.py took 0.049 seconds
[2024-02-19T18:01:31.390+0000] {processor.py:153} INFO - Started process (PID=992) to work on /opt/airflow/dags/primeira-dag.py
[2024-02-19T18:01:31.390+0000] {processor.py:743} INFO - Processing file /opt/airflow/dags/primeira-dag.py for tasks to queue
[2024-02-19T18:01:31.390+0000] {logging_mixin.py:137} INFO - [2024-02-19T18:01:31.390+0000] {dagbag.py:538} INFO - Filling up the DagBag from /opt/airflow/dags/primeira-dag.py
[2024-02-19T18:01:31.397+0000] {processor.py:753} INFO - DAG(s) dict_keys(['primeira_dag']) retrieved from /opt/airflow/dags/primeira-dag.py
[2024-02-19T18:01:31.411+0000] {logging_mixin.py:137} INFO - [2024-02-19T18:01:31.411+0000] {dag.py:2690} INFO - Sync 1 DAGs
[2024-02-19T18:01:31.425+0000] {logging_mixin.py:137} INFO - [2024-02-19T18:01:31.425+0000] {dag.py:3441} INFO - Setting next_dagrun for primeira_dag to None, run_after=None
[2024-02-19T18:01:31.435+0000] {processor.py:175} INFO - Processing /opt/airflow/dags/primeira-dag.py took 0.047 seconds
[2024-02-19T18:02:01.549+0000] {processor.py:153} INFO - Started process (PID=1089) to work on /opt/airflow/dags/primeira-dag.py
[2024-02-19T18:02:01.551+0000] {processor.py:743} INFO - Processing file /opt/airflow/dags/primeira-dag.py for tasks to queue
[2024-02-19T18:02:01.551+0000] {logging_mixin.py:137} INFO - [2024-02-19T18:02:01.551+0000] {dagbag.py:538} INFO - Filling up the DagBag from /opt/airflow/dags/primeira-dag.py
[2024-02-19T18:02:01.558+0000] {processor.py:753} INFO - DAG(s) dict_keys(['primeira_dag']) retrieved from /opt/airflow/dags/primeira-dag.py
[2024-02-19T18:02:01.573+0000] {logging_mixin.py:137} INFO - [2024-02-19T18:02:01.573+0000] {dag.py:2690} INFO - Sync 1 DAGs
[2024-02-19T18:02:01.587+0000] {logging_mixin.py:137} INFO - [2024-02-19T18:02:01.587+0000] {dag.py:3441} INFO - Setting next_dagrun for primeira_dag to None, run_after=None
[2024-02-19T18:02:01.597+0000] {processor.py:175} INFO - Processing /opt/airflow/dags/primeira-dag.py took 0.050 seconds
[2024-02-19T18:02:31.699+0000] {processor.py:153} INFO - Started process (PID=1154) to work on /opt/airflow/dags/primeira-dag.py
[2024-02-19T18:02:31.699+0000] {processor.py:743} INFO - Processing file /opt/airflow/dags/primeira-dag.py for tasks to queue
[2024-02-19T18:02:31.700+0000] {logging_mixin.py:137} INFO - [2024-02-19T18:02:31.700+0000] {dagbag.py:538} INFO - Filling up the DagBag from /opt/airflow/dags/primeira-dag.py
[2024-02-19T18:02:31.706+0000] {processor.py:753} INFO - DAG(s) dict_keys(['primeira_dag']) retrieved from /opt/airflow/dags/primeira-dag.py
[2024-02-19T18:02:31.720+0000] {logging_mixin.py:137} INFO - [2024-02-19T18:02:31.720+0000] {dag.py:2690} INFO - Sync 1 DAGs
[2024-02-19T18:02:31.734+0000] {logging_mixin.py:137} INFO - [2024-02-19T18:02:31.733+0000] {dag.py:3441} INFO - Setting next_dagrun for primeira_dag to None, run_after=None
[2024-02-19T18:02:31.743+0000] {processor.py:175} INFO - Processing /opt/airflow/dags/primeira-dag.py took 0.046 seconds
[2024-02-19T18:03:01.854+0000] {processor.py:153} INFO - Started process (PID=1251) to work on /opt/airflow/dags/primeira-dag.py
[2024-02-19T18:03:01.855+0000] {processor.py:743} INFO - Processing file /opt/airflow/dags/primeira-dag.py for tasks to queue
[2024-02-19T18:03:01.856+0000] {logging_mixin.py:137} INFO - [2024-02-19T18:03:01.855+0000] {dagbag.py:538} INFO - Filling up the DagBag from /opt/airflow/dags/primeira-dag.py
[2024-02-19T18:03:01.863+0000] {processor.py:753} INFO - DAG(s) dict_keys(['primeira_dag']) retrieved from /opt/airflow/dags/primeira-dag.py
[2024-02-19T18:03:01.877+0000] {logging_mixin.py:137} INFO - [2024-02-19T18:03:01.877+0000] {dag.py:2690} INFO - Sync 1 DAGs
[2024-02-19T18:03:01.891+0000] {logging_mixin.py:137} INFO - [2024-02-19T18:03:01.891+0000] {dag.py:3441} INFO - Setting next_dagrun for primeira_dag to None, run_after=None
[2024-02-19T18:03:01.902+0000] {processor.py:175} INFO - Processing /opt/airflow/dags/primeira-dag.py took 0.050 seconds
[2024-02-19T18:03:32.000+0000] {processor.py:153} INFO - Started process (PID=1348) to work on /opt/airflow/dags/primeira-dag.py
[2024-02-19T18:03:32.000+0000] {processor.py:743} INFO - Processing file /opt/airflow/dags/primeira-dag.py for tasks to queue
[2024-02-19T18:03:32.001+0000] {logging_mixin.py:137} INFO - [2024-02-19T18:03:32.001+0000] {dagbag.py:538} INFO - Filling up the DagBag from /opt/airflow/dags/primeira-dag.py
[2024-02-19T18:03:32.008+0000] {processor.py:753} INFO - DAG(s) dict_keys(['primeira_dag']) retrieved from /opt/airflow/dags/primeira-dag.py
[2024-02-19T18:03:32.025+0000] {logging_mixin.py:137} INFO - [2024-02-19T18:03:32.025+0000] {dag.py:2690} INFO - Sync 1 DAGs
[2024-02-19T18:03:32.045+0000] {logging_mixin.py:137} INFO - [2024-02-19T18:03:32.045+0000] {dag.py:3441} INFO - Setting next_dagrun for primeira_dag to None, run_after=None
[2024-02-19T18:03:32.061+0000] {processor.py:175} INFO - Processing /opt/airflow/dags/primeira-dag.py took 0.063 seconds
[2024-02-19T18:04:02.152+0000] {processor.py:153} INFO - Started process (PID=1413) to work on /opt/airflow/dags/primeira-dag.py
[2024-02-19T18:04:02.154+0000] {processor.py:743} INFO - Processing file /opt/airflow/dags/primeira-dag.py for tasks to queue
[2024-02-19T18:04:02.154+0000] {logging_mixin.py:137} INFO - [2024-02-19T18:04:02.154+0000] {dagbag.py:538} INFO - Filling up the DagBag from /opt/airflow/dags/primeira-dag.py
[2024-02-19T18:04:02.161+0000] {processor.py:753} INFO - DAG(s) dict_keys(['primeira_dag']) retrieved from /opt/airflow/dags/primeira-dag.py
[2024-02-19T18:04:02.176+0000] {logging_mixin.py:137} INFO - [2024-02-19T18:04:02.176+0000] {dag.py:2690} INFO - Sync 1 DAGs
[2024-02-19T18:04:02.192+0000] {logging_mixin.py:137} INFO - [2024-02-19T18:04:02.192+0000] {dag.py:3441} INFO - Setting next_dagrun for primeira_dag to None, run_after=None
[2024-02-19T18:04:02.204+0000] {processor.py:175} INFO - Processing /opt/airflow/dags/primeira-dag.py took 0.054 seconds
[2024-02-19T18:05:08.616+0000] {processor.py:153} INFO - Started process (PID=53) to work on /opt/airflow/dags/primeira-dag.py
[2024-02-19T18:05:08.616+0000] {processor.py:743} INFO - Processing file /opt/airflow/dags/primeira-dag.py for tasks to queue
[2024-02-19T18:05:08.617+0000] {logging_mixin.py:137} INFO - [2024-02-19T18:05:08.617+0000] {dagbag.py:538} INFO - Filling up the DagBag from /opt/airflow/dags/primeira-dag.py
[2024-02-19T18:05:08.644+0000] {processor.py:753} INFO - DAG(s) dict_keys(['primeira_dag']) retrieved from /opt/airflow/dags/primeira-dag.py
[2024-02-19T18:05:08.711+0000] {logging_mixin.py:137} INFO - [2024-02-19T18:05:08.711+0000] {dag.py:2690} INFO - Sync 1 DAGs
[2024-02-19T18:05:08.732+0000] {logging_mixin.py:137} INFO - [2024-02-19T18:05:08.732+0000] {dag.py:3441} INFO - Setting next_dagrun for primeira_dag to None, run_after=None
[2024-02-19T18:05:08.752+0000] {processor.py:175} INFO - Processing /opt/airflow/dags/primeira-dag.py took 0.138 seconds
[2024-02-19T18:05:13.778+0000] {processor.py:153} INFO - Started process (PID=86) to work on /opt/airflow/dags/primeira-dag.py
[2024-02-19T18:05:13.779+0000] {processor.py:743} INFO - Processing file /opt/airflow/dags/primeira-dag.py for tasks to queue
[2024-02-19T18:05:13.780+0000] {logging_mixin.py:137} INFO - [2024-02-19T18:05:13.780+0000] {dagbag.py:538} INFO - Filling up the DagBag from /opt/airflow/dags/primeira-dag.py
[2024-02-19T18:05:13.795+0000] {processor.py:753} INFO - DAG(s) dict_keys(['primeira_dag']) retrieved from /opt/airflow/dags/primeira-dag.py
[2024-02-19T18:05:13.805+0000] {logging_mixin.py:137} INFO - [2024-02-19T18:05:13.805+0000] {dag.py:2690} INFO - Sync 1 DAGs
[2024-02-19T18:05:13.828+0000] {logging_mixin.py:137} INFO - [2024-02-19T18:05:13.828+0000] {dag.py:3441} INFO - Setting next_dagrun for primeira_dag to None, run_after=None
[2024-02-19T18:05:13.849+0000] {processor.py:175} INFO - Processing /opt/airflow/dags/primeira-dag.py took 0.073 seconds
[2024-02-19T18:05:18.884+0000] {processor.py:153} INFO - Started process (PID=87) to work on /opt/airflow/dags/primeira-dag.py
[2024-02-19T18:05:18.885+0000] {processor.py:743} INFO - Processing file /opt/airflow/dags/primeira-dag.py for tasks to queue
[2024-02-19T18:05:18.885+0000] {logging_mixin.py:137} INFO - [2024-02-19T18:05:18.885+0000] {dagbag.py:538} INFO - Filling up the DagBag from /opt/airflow/dags/primeira-dag.py
[2024-02-19T18:05:18.893+0000] {processor.py:753} INFO - DAG(s) dict_keys(['primeira_dag']) retrieved from /opt/airflow/dags/primeira-dag.py
[2024-02-19T18:05:18.899+0000] {logging_mixin.py:137} INFO - [2024-02-19T18:05:18.899+0000] {dag.py:2690} INFO - Sync 1 DAGs
[2024-02-19T18:05:18.914+0000] {logging_mixin.py:137} INFO - [2024-02-19T18:05:18.914+0000] {dag.py:3441} INFO - Setting next_dagrun for primeira_dag to None, run_after=None
[2024-02-19T18:05:18.924+0000] {processor.py:175} INFO - Processing /opt/airflow/dags/primeira-dag.py took 0.041 seconds
[2024-02-19T18:05:23.953+0000] {processor.py:153} INFO - Started process (PID=95) to work on /opt/airflow/dags/primeira-dag.py
[2024-02-19T18:05:23.956+0000] {processor.py:743} INFO - Processing file /opt/airflow/dags/primeira-dag.py for tasks to queue
[2024-02-19T18:05:23.957+0000] {logging_mixin.py:137} INFO - [2024-02-19T18:05:23.957+0000] {dagbag.py:538} INFO - Filling up the DagBag from /opt/airflow/dags/primeira-dag.py
[2024-02-19T18:05:23.971+0000] {processor.py:753} INFO - DAG(s) dict_keys(['primeira_dag']) retrieved from /opt/airflow/dags/primeira-dag.py
[2024-02-19T18:05:23.983+0000] {logging_mixin.py:137} INFO - [2024-02-19T18:05:23.983+0000] {dag.py:2690} INFO - Sync 1 DAGs
[2024-02-19T18:05:24.012+0000] {logging_mixin.py:137} INFO - [2024-02-19T18:05:24.012+0000] {dag.py:3441} INFO - Setting next_dagrun for primeira_dag to None, run_after=None
[2024-02-19T18:05:24.032+0000] {processor.py:175} INFO - Processing /opt/airflow/dags/primeira-dag.py took 0.081 seconds
[2024-02-19T18:05:29.066+0000] {processor.py:153} INFO - Started process (PID=121) to work on /opt/airflow/dags/primeira-dag.py
[2024-02-19T18:05:29.066+0000] {processor.py:743} INFO - Processing file /opt/airflow/dags/primeira-dag.py for tasks to queue
[2024-02-19T18:05:29.067+0000] {logging_mixin.py:137} INFO - [2024-02-19T18:05:29.067+0000] {dagbag.py:538} INFO - Filling up the DagBag from /opt/airflow/dags/primeira-dag.py
[2024-02-19T18:05:29.074+0000] {processor.py:753} INFO - DAG(s) dict_keys(['primeira_dag']) retrieved from /opt/airflow/dags/primeira-dag.py
[2024-02-19T18:05:29.081+0000] {logging_mixin.py:137} INFO - [2024-02-19T18:05:29.081+0000] {dag.py:2690} INFO - Sync 1 DAGs
[2024-02-19T18:05:29.096+0000] {logging_mixin.py:137} INFO - [2024-02-19T18:05:29.096+0000] {dag.py:3441} INFO - Setting next_dagrun for primeira_dag to None, run_after=None
[2024-02-19T18:05:29.106+0000] {processor.py:175} INFO - Processing /opt/airflow/dags/primeira-dag.py took 0.042 seconds
[2024-02-19T18:05:34.138+0000] {processor.py:153} INFO - Started process (PID=122) to work on /opt/airflow/dags/primeira-dag.py
[2024-02-19T18:05:34.139+0000] {processor.py:743} INFO - Processing file /opt/airflow/dags/primeira-dag.py for tasks to queue
[2024-02-19T18:05:34.139+0000] {logging_mixin.py:137} INFO - [2024-02-19T18:05:34.139+0000] {dagbag.py:538} INFO - Filling up the DagBag from /opt/airflow/dags/primeira-dag.py
[2024-02-19T18:05:34.146+0000] {processor.py:753} INFO - DAG(s) dict_keys(['primeira_dag']) retrieved from /opt/airflow/dags/primeira-dag.py
[2024-02-19T18:05:34.154+0000] {logging_mixin.py:137} INFO - [2024-02-19T18:05:34.154+0000] {dag.py:2690} INFO - Sync 1 DAGs
[2024-02-19T18:05:34.169+0000] {logging_mixin.py:137} INFO - [2024-02-19T18:05:34.169+0000] {dag.py:3441} INFO - Setting next_dagrun for primeira_dag to None, run_after=None
[2024-02-19T18:05:34.180+0000] {processor.py:175} INFO - Processing /opt/airflow/dags/primeira-dag.py took 0.044 seconds
[2024-02-19T18:05:39.204+0000] {processor.py:153} INFO - Started process (PID=155) to work on /opt/airflow/dags/primeira-dag.py
[2024-02-19T18:05:39.204+0000] {processor.py:743} INFO - Processing file /opt/airflow/dags/primeira-dag.py for tasks to queue
[2024-02-19T18:05:39.204+0000] {logging_mixin.py:137} INFO - [2024-02-19T18:05:39.204+0000] {dagbag.py:538} INFO - Filling up the DagBag from /opt/airflow/dags/primeira-dag.py
[2024-02-19T18:05:39.211+0000] {processor.py:753} INFO - DAG(s) dict_keys(['primeira_dag']) retrieved from /opt/airflow/dags/primeira-dag.py
[2024-02-19T18:05:39.225+0000] {logging_mixin.py:137} INFO - [2024-02-19T18:05:39.225+0000] {dag.py:2690} INFO - Sync 1 DAGs
[2024-02-19T18:05:39.239+0000] {logging_mixin.py:137} INFO - [2024-02-19T18:05:39.239+0000] {dag.py:3441} INFO - Setting next_dagrun for primeira_dag to None, run_after=None
[2024-02-19T18:05:39.249+0000] {processor.py:175} INFO - Processing /opt/airflow/dags/primeira-dag.py took 0.048 seconds
[2024-02-19T18:05:44.280+0000] {processor.py:153} INFO - Started process (PID=156) to work on /opt/airflow/dags/primeira-dag.py
[2024-02-19T18:05:44.280+0000] {processor.py:743} INFO - Processing file /opt/airflow/dags/primeira-dag.py for tasks to queue
[2024-02-19T18:05:44.281+0000] {logging_mixin.py:137} INFO - [2024-02-19T18:05:44.280+0000] {dagbag.py:538} INFO - Filling up the DagBag from /opt/airflow/dags/primeira-dag.py
[2024-02-19T18:05:44.287+0000] {processor.py:753} INFO - DAG(s) dict_keys(['primeira_dag']) retrieved from /opt/airflow/dags/primeira-dag.py
[2024-02-19T18:05:44.301+0000] {logging_mixin.py:137} INFO - [2024-02-19T18:05:44.301+0000] {dag.py:2690} INFO - Sync 1 DAGs
[2024-02-19T18:05:44.315+0000] {logging_mixin.py:137} INFO - [2024-02-19T18:05:44.314+0000] {dag.py:3441} INFO - Setting next_dagrun for primeira_dag to None, run_after=None
[2024-02-19T18:05:44.324+0000] {processor.py:175} INFO - Processing /opt/airflow/dags/primeira-dag.py took 0.047 seconds
[2024-02-19T18:05:49.348+0000] {processor.py:153} INFO - Started process (PID=189) to work on /opt/airflow/dags/primeira-dag.py
[2024-02-19T18:05:49.349+0000] {processor.py:743} INFO - Processing file /opt/airflow/dags/primeira-dag.py for tasks to queue
[2024-02-19T18:05:49.349+0000] {logging_mixin.py:137} INFO - [2024-02-19T18:05:49.349+0000] {dagbag.py:538} INFO - Filling up the DagBag from /opt/airflow/dags/primeira-dag.py
[2024-02-19T18:05:49.356+0000] {processor.py:753} INFO - DAG(s) dict_keys(['primeira_dag']) retrieved from /opt/airflow/dags/primeira-dag.py
[2024-02-19T18:05:49.370+0000] {logging_mixin.py:137} INFO - [2024-02-19T18:05:49.370+0000] {dag.py:2690} INFO - Sync 1 DAGs
[2024-02-19T18:05:49.385+0000] {logging_mixin.py:137} INFO - [2024-02-19T18:05:49.384+0000] {dag.py:3441} INFO - Setting next_dagrun for primeira_dag to None, run_after=None
[2024-02-19T18:05:49.396+0000] {processor.py:175} INFO - Processing /opt/airflow/dags/primeira-dag.py took 0.049 seconds
[2024-02-19T18:05:54.426+0000] {processor.py:153} INFO - Started process (PID=190) to work on /opt/airflow/dags/primeira-dag.py
[2024-02-19T18:05:54.427+0000] {processor.py:743} INFO - Processing file /opt/airflow/dags/primeira-dag.py for tasks to queue
[2024-02-19T18:05:54.427+0000] {logging_mixin.py:137} INFO - [2024-02-19T18:05:54.427+0000] {dagbag.py:538} INFO - Filling up the DagBag from /opt/airflow/dags/primeira-dag.py
[2024-02-19T18:05:54.434+0000] {processor.py:753} INFO - DAG(s) dict_keys(['primeira_dag']) retrieved from /opt/airflow/dags/primeira-dag.py
[2024-02-19T18:05:54.448+0000] {logging_mixin.py:137} INFO - [2024-02-19T18:05:54.448+0000] {dag.py:2690} INFO - Sync 1 DAGs
[2024-02-19T18:05:54.462+0000] {logging_mixin.py:137} INFO - [2024-02-19T18:05:54.462+0000] {dag.py:3441} INFO - Setting next_dagrun for primeira_dag to None, run_after=None
[2024-02-19T18:05:54.472+0000] {processor.py:175} INFO - Processing /opt/airflow/dags/primeira-dag.py took 0.048 seconds
[2024-02-19T18:05:59.496+0000] {processor.py:153} INFO - Started process (PID=223) to work on /opt/airflow/dags/primeira-dag.py
[2024-02-19T18:05:59.497+0000] {processor.py:743} INFO - Processing file /opt/airflow/dags/primeira-dag.py for tasks to queue
[2024-02-19T18:05:59.497+0000] {logging_mixin.py:137} INFO - [2024-02-19T18:05:59.497+0000] {dagbag.py:538} INFO - Filling up the DagBag from /opt/airflow/dags/primeira-dag.py
[2024-02-19T18:05:59.505+0000] {processor.py:753} INFO - DAG(s) dict_keys(['primeira_dag']) retrieved from /opt/airflow/dags/primeira-dag.py
[2024-02-19T18:05:59.520+0000] {logging_mixin.py:137} INFO - [2024-02-19T18:05:59.520+0000] {dag.py:2690} INFO - Sync 1 DAGs
[2024-02-19T18:05:59.535+0000] {logging_mixin.py:137} INFO - [2024-02-19T18:05:59.535+0000] {dag.py:3441} INFO - Setting next_dagrun for primeira_dag to None, run_after=None
[2024-02-19T18:05:59.545+0000] {processor.py:175} INFO - Processing /opt/airflow/dags/primeira-dag.py took 0.052 seconds
[2024-02-19T18:06:04.576+0000] {processor.py:153} INFO - Started process (PID=224) to work on /opt/airflow/dags/primeira-dag.py
[2024-02-19T18:06:04.576+0000] {processor.py:743} INFO - Processing file /opt/airflow/dags/primeira-dag.py for tasks to queue
[2024-02-19T18:06:04.577+0000] {logging_mixin.py:137} INFO - [2024-02-19T18:06:04.576+0000] {dagbag.py:538} INFO - Filling up the DagBag from /opt/airflow/dags/primeira-dag.py
[2024-02-19T18:06:04.583+0000] {processor.py:753} INFO - DAG(s) dict_keys(['primeira_dag']) retrieved from /opt/airflow/dags/primeira-dag.py
[2024-02-19T18:06:04.597+0000] {logging_mixin.py:137} INFO - [2024-02-19T18:06:04.597+0000] {dag.py:2690} INFO - Sync 1 DAGs
[2024-02-19T18:06:04.611+0000] {logging_mixin.py:137} INFO - [2024-02-19T18:06:04.610+0000] {dag.py:3441} INFO - Setting next_dagrun for primeira_dag to None, run_after=None
[2024-02-19T18:06:04.620+0000] {processor.py:175} INFO - Processing /opt/airflow/dags/primeira-dag.py took 0.047 seconds
[2024-02-19T18:06:09.647+0000] {processor.py:153} INFO - Started process (PID=225) to work on /opt/airflow/dags/primeira-dag.py
[2024-02-19T18:06:09.648+0000] {processor.py:743} INFO - Processing file /opt/airflow/dags/primeira-dag.py for tasks to queue
[2024-02-19T18:06:09.648+0000] {logging_mixin.py:137} INFO - [2024-02-19T18:06:09.648+0000] {dagbag.py:538} INFO - Filling up the DagBag from /opt/airflow/dags/primeira-dag.py
[2024-02-19T18:06:09.655+0000] {processor.py:753} INFO - DAG(s) dict_keys(['primeira_dag']) retrieved from /opt/airflow/dags/primeira-dag.py
[2024-02-19T18:06:09.669+0000] {logging_mixin.py:137} INFO - [2024-02-19T18:06:09.669+0000] {dag.py:2690} INFO - Sync 1 DAGs
[2024-02-19T18:06:09.685+0000] {logging_mixin.py:137} INFO - [2024-02-19T18:06:09.685+0000] {dag.py:3441} INFO - Setting next_dagrun for primeira_dag to None, run_after=None
[2024-02-19T18:06:09.695+0000] {processor.py:175} INFO - Processing /opt/airflow/dags/primeira-dag.py took 0.050 seconds
[2024-02-19T18:06:14.728+0000] {processor.py:153} INFO - Started process (PID=258) to work on /opt/airflow/dags/primeira-dag.py
[2024-02-19T18:06:14.728+0000] {processor.py:743} INFO - Processing file /opt/airflow/dags/primeira-dag.py for tasks to queue
[2024-02-19T18:06:14.728+0000] {logging_mixin.py:137} INFO - [2024-02-19T18:06:14.728+0000] {dagbag.py:538} INFO - Filling up the DagBag from /opt/airflow/dags/primeira-dag.py
[2024-02-19T18:06:14.735+0000] {processor.py:753} INFO - DAG(s) dict_keys(['primeira_dag']) retrieved from /opt/airflow/dags/primeira-dag.py
[2024-02-19T18:06:14.749+0000] {logging_mixin.py:137} INFO - [2024-02-19T18:06:14.749+0000] {dag.py:2690} INFO - Sync 1 DAGs
[2024-02-19T18:06:14.763+0000] {logging_mixin.py:137} INFO - [2024-02-19T18:06:14.763+0000] {dag.py:3441} INFO - Setting next_dagrun for primeira_dag to None, run_after=None
[2024-02-19T18:06:14.773+0000] {processor.py:175} INFO - Processing /opt/airflow/dags/primeira-dag.py took 0.048 seconds
[2024-02-19T18:06:19.801+0000] {processor.py:153} INFO - Started process (PID=259) to work on /opt/airflow/dags/primeira-dag.py
[2024-02-19T18:06:19.801+0000] {processor.py:743} INFO - Processing file /opt/airflow/dags/primeira-dag.py for tasks to queue
[2024-02-19T18:06:19.802+0000] {logging_mixin.py:137} INFO - [2024-02-19T18:06:19.801+0000] {dagbag.py:538} INFO - Filling up the DagBag from /opt/airflow/dags/primeira-dag.py
[2024-02-19T18:06:19.808+0000] {processor.py:753} INFO - DAG(s) dict_keys(['primeira_dag']) retrieved from /opt/airflow/dags/primeira-dag.py
[2024-02-19T18:06:19.823+0000] {logging_mixin.py:137} INFO - [2024-02-19T18:06:19.823+0000] {dag.py:2690} INFO - Sync 1 DAGs
[2024-02-19T18:06:19.838+0000] {logging_mixin.py:137} INFO - [2024-02-19T18:06:19.838+0000] {dag.py:3441} INFO - Setting next_dagrun for primeira_dag to None, run_after=None
[2024-02-19T18:06:19.849+0000] {processor.py:175} INFO - Processing /opt/airflow/dags/primeira-dag.py took 0.050 seconds
[2024-02-19T18:06:24.881+0000] {processor.py:153} INFO - Started process (PID=292) to work on /opt/airflow/dags/primeira-dag.py
[2024-02-19T18:06:24.882+0000] {processor.py:743} INFO - Processing file /opt/airflow/dags/primeira-dag.py for tasks to queue
[2024-02-19T18:06:24.882+0000] {logging_mixin.py:137} INFO - [2024-02-19T18:06:24.882+0000] {dagbag.py:538} INFO - Filling up the DagBag from /opt/airflow/dags/primeira-dag.py
[2024-02-19T18:06:24.889+0000] {processor.py:753} INFO - DAG(s) dict_keys(['primeira_dag']) retrieved from /opt/airflow/dags/primeira-dag.py
[2024-02-19T18:06:24.903+0000] {logging_mixin.py:137} INFO - [2024-02-19T18:06:24.903+0000] {dag.py:2690} INFO - Sync 1 DAGs
[2024-02-19T18:06:24.917+0000] {logging_mixin.py:137} INFO - [2024-02-19T18:06:24.917+0000] {dag.py:3441} INFO - Setting next_dagrun for primeira_dag to None, run_after=None
[2024-02-19T18:06:24.927+0000] {processor.py:175} INFO - Processing /opt/airflow/dags/primeira-dag.py took 0.048 seconds
[2024-02-19T18:06:29.958+0000] {processor.py:153} INFO - Started process (PID=293) to work on /opt/airflow/dags/primeira-dag.py
[2024-02-19T18:06:29.958+0000] {processor.py:743} INFO - Processing file /opt/airflow/dags/primeira-dag.py for tasks to queue
[2024-02-19T18:06:29.959+0000] {logging_mixin.py:137} INFO - [2024-02-19T18:06:29.958+0000] {dagbag.py:538} INFO - Filling up the DagBag from /opt/airflow/dags/primeira-dag.py
[2024-02-19T18:06:29.965+0000] {processor.py:753} INFO - DAG(s) dict_keys(['primeira_dag']) retrieved from /opt/airflow/dags/primeira-dag.py
[2024-02-19T18:06:29.981+0000] {logging_mixin.py:137} INFO - [2024-02-19T18:06:29.981+0000] {dag.py:2690} INFO - Sync 1 DAGs
[2024-02-19T18:06:29.997+0000] {logging_mixin.py:137} INFO - [2024-02-19T18:06:29.997+0000] {dag.py:3441} INFO - Setting next_dagrun for primeira_dag to None, run_after=None
[2024-02-19T18:06:30.008+0000] {processor.py:175} INFO - Processing /opt/airflow/dags/primeira-dag.py took 0.052 seconds
[2024-02-19T18:06:35.033+0000] {processor.py:153} INFO - Started process (PID=326) to work on /opt/airflow/dags/primeira-dag.py
[2024-02-19T18:06:35.035+0000] {processor.py:743} INFO - Processing file /opt/airflow/dags/primeira-dag.py for tasks to queue
[2024-02-19T18:06:35.035+0000] {logging_mixin.py:137} INFO - [2024-02-19T18:06:35.035+0000] {dagbag.py:538} INFO - Filling up the DagBag from /opt/airflow/dags/primeira-dag.py
[2024-02-19T18:06:35.042+0000] {processor.py:753} INFO - DAG(s) dict_keys(['primeira_dag']) retrieved from /opt/airflow/dags/primeira-dag.py
[2024-02-19T18:06:35.057+0000] {logging_mixin.py:137} INFO - [2024-02-19T18:06:35.057+0000] {dag.py:2690} INFO - Sync 1 DAGs
[2024-02-19T18:06:35.072+0000] {logging_mixin.py:137} INFO - [2024-02-19T18:06:35.072+0000] {dag.py:3441} INFO - Setting next_dagrun for primeira_dag to None, run_after=None
[2024-02-19T18:06:35.082+0000] {processor.py:175} INFO - Processing /opt/airflow/dags/primeira-dag.py took 0.051 seconds
[2024-02-19T18:06:40.113+0000] {processor.py:153} INFO - Started process (PID=327) to work on /opt/airflow/dags/primeira-dag.py
[2024-02-19T18:06:40.114+0000] {processor.py:743} INFO - Processing file /opt/airflow/dags/primeira-dag.py for tasks to queue
[2024-02-19T18:06:40.114+0000] {logging_mixin.py:137} INFO - [2024-02-19T18:06:40.114+0000] {dagbag.py:538} INFO - Filling up the DagBag from /opt/airflow/dags/primeira-dag.py
[2024-02-19T18:06:40.121+0000] {processor.py:753} INFO - DAG(s) dict_keys(['primeira_dag']) retrieved from /opt/airflow/dags/primeira-dag.py
[2024-02-19T18:06:40.135+0000] {logging_mixin.py:137} INFO - [2024-02-19T18:06:40.135+0000] {dag.py:2690} INFO - Sync 1 DAGs
[2024-02-19T18:06:40.150+0000] {logging_mixin.py:137} INFO - [2024-02-19T18:06:40.150+0000] {dag.py:3441} INFO - Setting next_dagrun for primeira_dag to None, run_after=None
[2024-02-19T18:06:40.160+0000] {processor.py:175} INFO - Processing /opt/airflow/dags/primeira-dag.py took 0.049 seconds
[2024-02-19T18:06:45.184+0000] {processor.py:153} INFO - Started process (PID=360) to work on /opt/airflow/dags/primeira-dag.py
[2024-02-19T18:06:45.185+0000] {processor.py:743} INFO - Processing file /opt/airflow/dags/primeira-dag.py for tasks to queue
[2024-02-19T18:06:45.185+0000] {logging_mixin.py:137} INFO - [2024-02-19T18:06:45.185+0000] {dagbag.py:538} INFO - Filling up the DagBag from /opt/airflow/dags/primeira-dag.py
[2024-02-19T18:06:45.192+0000] {processor.py:753} INFO - DAG(s) dict_keys(['primeira_dag']) retrieved from /opt/airflow/dags/primeira-dag.py
[2024-02-19T18:06:45.207+0000] {logging_mixin.py:137} INFO - [2024-02-19T18:06:45.207+0000] {dag.py:2690} INFO - Sync 1 DAGs
[2024-02-19T18:06:45.221+0000] {logging_mixin.py:137} INFO - [2024-02-19T18:06:45.221+0000] {dag.py:3441} INFO - Setting next_dagrun for primeira_dag to None, run_after=None
[2024-02-19T18:06:45.231+0000] {processor.py:175} INFO - Processing /opt/airflow/dags/primeira-dag.py took 0.049 seconds
[2024-02-19T18:06:50.263+0000] {processor.py:153} INFO - Started process (PID=361) to work on /opt/airflow/dags/primeira-dag.py
[2024-02-19T18:06:50.263+0000] {processor.py:743} INFO - Processing file /opt/airflow/dags/primeira-dag.py for tasks to queue
[2024-02-19T18:06:50.263+0000] {logging_mixin.py:137} INFO - [2024-02-19T18:06:50.263+0000] {dagbag.py:538} INFO - Filling up the DagBag from /opt/airflow/dags/primeira-dag.py
[2024-02-19T18:06:50.270+0000] {processor.py:753} INFO - DAG(s) dict_keys(['primeira_dag']) retrieved from /opt/airflow/dags/primeira-dag.py
[2024-02-19T18:06:50.285+0000] {logging_mixin.py:137} INFO - [2024-02-19T18:06:50.285+0000] {dag.py:2690} INFO - Sync 1 DAGs
[2024-02-19T18:06:50.300+0000] {logging_mixin.py:137} INFO - [2024-02-19T18:06:50.300+0000] {dag.py:3441} INFO - Setting next_dagrun for primeira_dag to None, run_after=None
[2024-02-19T18:06:50.311+0000] {processor.py:175} INFO - Processing /opt/airflow/dags/primeira-dag.py took 0.050 seconds
[2024-02-19T18:06:55.337+0000] {processor.py:153} INFO - Started process (PID=362) to work on /opt/airflow/dags/primeira-dag.py
[2024-02-19T18:06:55.338+0000] {processor.py:743} INFO - Processing file /opt/airflow/dags/primeira-dag.py for tasks to queue
[2024-02-19T18:06:55.338+0000] {logging_mixin.py:137} INFO - [2024-02-19T18:06:55.338+0000] {dagbag.py:538} INFO - Filling up the DagBag from /opt/airflow/dags/primeira-dag.py
[2024-02-19T18:06:55.345+0000] {processor.py:753} INFO - DAG(s) dict_keys(['primeira_dag']) retrieved from /opt/airflow/dags/primeira-dag.py
[2024-02-19T18:06:55.359+0000] {logging_mixin.py:137} INFO - [2024-02-19T18:06:55.359+0000] {dag.py:2690} INFO - Sync 1 DAGs
[2024-02-19T18:06:55.373+0000] {logging_mixin.py:137} INFO - [2024-02-19T18:06:55.373+0000] {dag.py:3441} INFO - Setting next_dagrun for primeira_dag to None, run_after=None
[2024-02-19T18:06:55.384+0000] {processor.py:175} INFO - Processing /opt/airflow/dags/primeira-dag.py took 0.048 seconds
[2024-02-19T18:07:00.414+0000] {processor.py:153} INFO - Started process (PID=395) to work on /opt/airflow/dags/primeira-dag.py
[2024-02-19T18:07:00.415+0000] {processor.py:743} INFO - Processing file /opt/airflow/dags/primeira-dag.py for tasks to queue
[2024-02-19T18:07:00.415+0000] {logging_mixin.py:137} INFO - [2024-02-19T18:07:00.415+0000] {dagbag.py:538} INFO - Filling up the DagBag from /opt/airflow/dags/primeira-dag.py
[2024-02-19T18:07:00.423+0000] {processor.py:753} INFO - DAG(s) dict_keys(['primeira_dag']) retrieved from /opt/airflow/dags/primeira-dag.py
[2024-02-19T18:07:00.437+0000] {logging_mixin.py:137} INFO - [2024-02-19T18:07:00.437+0000] {dag.py:2690} INFO - Sync 1 DAGs
[2024-02-19T18:07:00.450+0000] {logging_mixin.py:137} INFO - [2024-02-19T18:07:00.450+0000] {dag.py:3441} INFO - Setting next_dagrun for primeira_dag to None, run_after=None
[2024-02-19T18:07:00.460+0000] {processor.py:175} INFO - Processing /opt/airflow/dags/primeira-dag.py took 0.048 seconds
[2024-02-19T18:07:05.486+0000] {processor.py:153} INFO - Started process (PID=396) to work on /opt/airflow/dags/primeira-dag.py
[2024-02-19T18:07:05.486+0000] {processor.py:743} INFO - Processing file /opt/airflow/dags/primeira-dag.py for tasks to queue
[2024-02-19T18:07:05.487+0000] {logging_mixin.py:137} INFO - [2024-02-19T18:07:05.487+0000] {dagbag.py:538} INFO - Filling up the DagBag from /opt/airflow/dags/primeira-dag.py
[2024-02-19T18:07:05.494+0000] {processor.py:753} INFO - DAG(s) dict_keys(['primeira_dag']) retrieved from /opt/airflow/dags/primeira-dag.py
[2024-02-19T18:07:05.508+0000] {logging_mixin.py:137} INFO - [2024-02-19T18:07:05.508+0000] {dag.py:2690} INFO - Sync 1 DAGs
[2024-02-19T18:07:05.524+0000] {logging_mixin.py:137} INFO - [2024-02-19T18:07:05.524+0000] {dag.py:3441} INFO - Setting next_dagrun for primeira_dag to None, run_after=None
[2024-02-19T18:07:05.535+0000] {processor.py:175} INFO - Processing /opt/airflow/dags/primeira-dag.py took 0.051 seconds
[2024-02-19T18:07:10.564+0000] {processor.py:153} INFO - Started process (PID=429) to work on /opt/airflow/dags/primeira-dag.py
[2024-02-19T18:07:10.565+0000] {processor.py:743} INFO - Processing file /opt/airflow/dags/primeira-dag.py for tasks to queue
[2024-02-19T18:07:10.565+0000] {logging_mixin.py:137} INFO - [2024-02-19T18:07:10.565+0000] {dagbag.py:538} INFO - Filling up the DagBag from /opt/airflow/dags/primeira-dag.py
[2024-02-19T18:07:10.572+0000] {processor.py:753} INFO - DAG(s) dict_keys(['primeira_dag']) retrieved from /opt/airflow/dags/primeira-dag.py
[2024-02-19T18:07:10.586+0000] {logging_mixin.py:137} INFO - [2024-02-19T18:07:10.586+0000] {dag.py:2690} INFO - Sync 1 DAGs
[2024-02-19T18:07:10.600+0000] {logging_mixin.py:137} INFO - [2024-02-19T18:07:10.600+0000] {dag.py:3441} INFO - Setting next_dagrun for primeira_dag to None, run_after=None
[2024-02-19T18:07:10.610+0000] {processor.py:175} INFO - Processing /opt/airflow/dags/primeira-dag.py took 0.049 seconds
[2024-02-19T18:07:15.632+0000] {processor.py:153} INFO - Started process (PID=430) to work on /opt/airflow/dags/primeira-dag.py
[2024-02-19T18:07:15.633+0000] {processor.py:743} INFO - Processing file /opt/airflow/dags/primeira-dag.py for tasks to queue
[2024-02-19T18:07:15.633+0000] {logging_mixin.py:137} INFO - [2024-02-19T18:07:15.633+0000] {dagbag.py:538} INFO - Filling up the DagBag from /opt/airflow/dags/primeira-dag.py
[2024-02-19T18:07:15.640+0000] {processor.py:753} INFO - DAG(s) dict_keys(['primeira_dag']) retrieved from /opt/airflow/dags/primeira-dag.py
[2024-02-19T18:07:15.655+0000] {logging_mixin.py:137} INFO - [2024-02-19T18:07:15.655+0000] {dag.py:2690} INFO - Sync 1 DAGs
[2024-02-19T18:07:15.670+0000] {logging_mixin.py:137} INFO - [2024-02-19T18:07:15.670+0000] {dag.py:3441} INFO - Setting next_dagrun for primeira_dag to None, run_after=None
[2024-02-19T18:07:15.681+0000] {processor.py:175} INFO - Processing /opt/airflow/dags/primeira-dag.py took 0.051 seconds
[2024-02-19T18:07:20.707+0000] {processor.py:153} INFO - Started process (PID=463) to work on /opt/airflow/dags/primeira-dag.py
[2024-02-19T18:07:20.708+0000] {processor.py:743} INFO - Processing file /opt/airflow/dags/primeira-dag.py for tasks to queue
[2024-02-19T18:07:20.708+0000] {logging_mixin.py:137} INFO - [2024-02-19T18:07:20.708+0000] {dagbag.py:538} INFO - Filling up the DagBag from /opt/airflow/dags/primeira-dag.py
[2024-02-19T18:07:20.715+0000] {processor.py:753} INFO - DAG(s) dict_keys(['primeira_dag']) retrieved from /opt/airflow/dags/primeira-dag.py
[2024-02-19T18:07:20.729+0000] {logging_mixin.py:137} INFO - [2024-02-19T18:07:20.729+0000] {dag.py:2690} INFO - Sync 1 DAGs
[2024-02-19T18:07:20.742+0000] {logging_mixin.py:137} INFO - [2024-02-19T18:07:20.742+0000] {dag.py:3441} INFO - Setting next_dagrun for primeira_dag to None, run_after=None
[2024-02-19T18:07:20.752+0000] {processor.py:175} INFO - Processing /opt/airflow/dags/primeira-dag.py took 0.047 seconds
[2024-02-19T18:07:25.786+0000] {processor.py:153} INFO - Started process (PID=464) to work on /opt/airflow/dags/primeira-dag.py
[2024-02-19T18:07:25.787+0000] {processor.py:743} INFO - Processing file /opt/airflow/dags/primeira-dag.py for tasks to queue
[2024-02-19T18:07:25.787+0000] {logging_mixin.py:137} INFO - [2024-02-19T18:07:25.787+0000] {dagbag.py:538} INFO - Filling up the DagBag from /opt/airflow/dags/primeira-dag.py
[2024-02-19T18:07:25.794+0000] {processor.py:753} INFO - DAG(s) dict_keys(['primeira_dag']) retrieved from /opt/airflow/dags/primeira-dag.py
[2024-02-19T18:07:25.808+0000] {logging_mixin.py:137} INFO - [2024-02-19T18:07:25.808+0000] {dag.py:2690} INFO - Sync 1 DAGs
[2024-02-19T18:07:25.821+0000] {logging_mixin.py:137} INFO - [2024-02-19T18:07:25.821+0000] {dag.py:3441} INFO - Setting next_dagrun for primeira_dag to None, run_after=None
[2024-02-19T18:07:25.831+0000] {processor.py:175} INFO - Processing /opt/airflow/dags/primeira-dag.py took 0.046 seconds
[2024-02-19T18:07:30.853+0000] {processor.py:153} INFO - Started process (PID=497) to work on /opt/airflow/dags/primeira-dag.py
[2024-02-19T18:07:30.853+0000] {processor.py:743} INFO - Processing file /opt/airflow/dags/primeira-dag.py for tasks to queue
[2024-02-19T18:07:30.854+0000] {logging_mixin.py:137} INFO - [2024-02-19T18:07:30.854+0000] {dagbag.py:538} INFO - Filling up the DagBag from /opt/airflow/dags/primeira-dag.py
[2024-02-19T18:07:30.860+0000] {processor.py:753} INFO - DAG(s) dict_keys(['primeira_dag']) retrieved from /opt/airflow/dags/primeira-dag.py
[2024-02-19T18:07:30.875+0000] {logging_mixin.py:137} INFO - [2024-02-19T18:07:30.875+0000] {dag.py:2690} INFO - Sync 1 DAGs
[2024-02-19T18:07:30.891+0000] {logging_mixin.py:137} INFO - [2024-02-19T18:07:30.891+0000] {dag.py:3441} INFO - Setting next_dagrun for primeira_dag to None, run_after=None
[2024-02-19T18:07:30.901+0000] {processor.py:175} INFO - Processing /opt/airflow/dags/primeira-dag.py took 0.050 seconds
[2024-02-19T18:07:35.939+0000] {processor.py:153} INFO - Started process (PID=498) to work on /opt/airflow/dags/primeira-dag.py
[2024-02-19T18:07:35.939+0000] {processor.py:743} INFO - Processing file /opt/airflow/dags/primeira-dag.py for tasks to queue
[2024-02-19T18:07:35.940+0000] {logging_mixin.py:137} INFO - [2024-02-19T18:07:35.940+0000] {dagbag.py:538} INFO - Filling up the DagBag from /opt/airflow/dags/primeira-dag.py
[2024-02-19T18:07:35.947+0000] {processor.py:753} INFO - DAG(s) dict_keys(['primeira_dag']) retrieved from /opt/airflow/dags/primeira-dag.py
[2024-02-19T18:07:35.961+0000] {logging_mixin.py:137} INFO - [2024-02-19T18:07:35.961+0000] {dag.py:2690} INFO - Sync 1 DAGs
[2024-02-19T18:07:35.974+0000] {logging_mixin.py:137} INFO - [2024-02-19T18:07:35.974+0000] {dag.py:3441} INFO - Setting next_dagrun for primeira_dag to None, run_after=None
[2024-02-19T18:07:35.984+0000] {processor.py:175} INFO - Processing /opt/airflow/dags/primeira-dag.py took 0.048 seconds
[2024-02-19T18:07:41.012+0000] {processor.py:153} INFO - Started process (PID=499) to work on /opt/airflow/dags/primeira-dag.py
[2024-02-19T18:07:41.013+0000] {processor.py:743} INFO - Processing file /opt/airflow/dags/primeira-dag.py for tasks to queue
[2024-02-19T18:07:41.013+0000] {logging_mixin.py:137} INFO - [2024-02-19T18:07:41.013+0000] {dagbag.py:538} INFO - Filling up the DagBag from /opt/airflow/dags/primeira-dag.py
[2024-02-19T18:07:41.024+0000] {processor.py:753} INFO - DAG(s) dict_keys(['primeira_dag']) retrieved from /opt/airflow/dags/primeira-dag.py
[2024-02-19T18:07:41.045+0000] {logging_mixin.py:137} INFO - [2024-02-19T18:07:41.045+0000] {dag.py:2690} INFO - Sync 1 DAGs
[2024-02-19T18:07:41.063+0000] {logging_mixin.py:137} INFO - [2024-02-19T18:07:41.062+0000] {dag.py:3441} INFO - Setting next_dagrun for primeira_dag to None, run_after=None
[2024-02-19T18:07:41.074+0000] {processor.py:175} INFO - Processing /opt/airflow/dags/primeira-dag.py took 0.064 seconds
[2024-02-19T18:07:46.110+0000] {processor.py:153} INFO - Started process (PID=532) to work on /opt/airflow/dags/primeira-dag.py
[2024-02-19T18:07:46.111+0000] {processor.py:743} INFO - Processing file /opt/airflow/dags/primeira-dag.py for tasks to queue
[2024-02-19T18:07:46.112+0000] {logging_mixin.py:137} INFO - [2024-02-19T18:07:46.112+0000] {dagbag.py:538} INFO - Filling up the DagBag from /opt/airflow/dags/primeira-dag.py
[2024-02-19T18:07:46.119+0000] {processor.py:753} INFO - DAG(s) dict_keys(['primeira_dag']) retrieved from /opt/airflow/dags/primeira-dag.py
[2024-02-19T18:07:46.132+0000] {logging_mixin.py:137} INFO - [2024-02-19T18:07:46.132+0000] {dag.py:2690} INFO - Sync 1 DAGs
[2024-02-19T18:07:46.145+0000] {logging_mixin.py:137} INFO - [2024-02-19T18:07:46.145+0000] {dag.py:3441} INFO - Setting next_dagrun for primeira_dag to None, run_after=None
[2024-02-19T18:07:46.155+0000] {processor.py:175} INFO - Processing /opt/airflow/dags/primeira-dag.py took 0.048 seconds
[2024-02-19T18:07:51.184+0000] {processor.py:153} INFO - Started process (PID=533) to work on /opt/airflow/dags/primeira-dag.py
[2024-02-19T18:07:51.185+0000] {processor.py:743} INFO - Processing file /opt/airflow/dags/primeira-dag.py for tasks to queue
[2024-02-19T18:07:51.185+0000] {logging_mixin.py:137} INFO - [2024-02-19T18:07:51.185+0000] {dagbag.py:538} INFO - Filling up the DagBag from /opt/airflow/dags/primeira-dag.py
[2024-02-19T18:07:51.192+0000] {processor.py:753} INFO - DAG(s) dict_keys(['primeira_dag']) retrieved from /opt/airflow/dags/primeira-dag.py
[2024-02-19T18:07:51.206+0000] {logging_mixin.py:137} INFO - [2024-02-19T18:07:51.205+0000] {dag.py:2690} INFO - Sync 1 DAGs
[2024-02-19T18:07:51.220+0000] {logging_mixin.py:137} INFO - [2024-02-19T18:07:51.220+0000] {dag.py:3441} INFO - Setting next_dagrun for primeira_dag to None, run_after=None
[2024-02-19T18:07:51.230+0000] {processor.py:175} INFO - Processing /opt/airflow/dags/primeira-dag.py took 0.048 seconds
[2024-02-19T18:07:56.259+0000] {processor.py:153} INFO - Started process (PID=566) to work on /opt/airflow/dags/primeira-dag.py
[2024-02-19T18:07:56.259+0000] {processor.py:743} INFO - Processing file /opt/airflow/dags/primeira-dag.py for tasks to queue
[2024-02-19T18:07:56.260+0000] {logging_mixin.py:137} INFO - [2024-02-19T18:07:56.260+0000] {dagbag.py:538} INFO - Filling up the DagBag from /opt/airflow/dags/primeira-dag.py
[2024-02-19T18:07:56.266+0000] {processor.py:753} INFO - DAG(s) dict_keys(['primeira_dag']) retrieved from /opt/airflow/dags/primeira-dag.py
[2024-02-19T18:07:56.280+0000] {logging_mixin.py:137} INFO - [2024-02-19T18:07:56.280+0000] {dag.py:2690} INFO - Sync 1 DAGs
[2024-02-19T18:07:56.294+0000] {logging_mixin.py:137} INFO - [2024-02-19T18:07:56.294+0000] {dag.py:3441} INFO - Setting next_dagrun for primeira_dag to None, run_after=None
[2024-02-19T18:07:56.304+0000] {processor.py:175} INFO - Processing /opt/airflow/dags/primeira-dag.py took 0.046 seconds
[2024-02-19T18:08:01.333+0000] {processor.py:153} INFO - Started process (PID=567) to work on /opt/airflow/dags/primeira-dag.py
[2024-02-19T18:08:01.333+0000] {processor.py:743} INFO - Processing file /opt/airflow/dags/primeira-dag.py for tasks to queue
[2024-02-19T18:08:01.334+0000] {logging_mixin.py:137} INFO - [2024-02-19T18:08:01.333+0000] {dagbag.py:538} INFO - Filling up the DagBag from /opt/airflow/dags/primeira-dag.py
[2024-02-19T18:08:01.341+0000] {processor.py:753} INFO - DAG(s) dict_keys(['primeira_dag']) retrieved from /opt/airflow/dags/primeira-dag.py
[2024-02-19T18:08:01.355+0000] {logging_mixin.py:137} INFO - [2024-02-19T18:08:01.355+0000] {dag.py:2690} INFO - Sync 1 DAGs
[2024-02-19T18:08:01.369+0000] {logging_mixin.py:137} INFO - [2024-02-19T18:08:01.369+0000] {dag.py:3441} INFO - Setting next_dagrun for primeira_dag to None, run_after=None
[2024-02-19T18:08:01.380+0000] {processor.py:175} INFO - Processing /opt/airflow/dags/primeira-dag.py took 0.049 seconds
[2024-02-19T18:08:06.406+0000] {processor.py:153} INFO - Started process (PID=600) to work on /opt/airflow/dags/primeira-dag.py
[2024-02-19T18:08:06.406+0000] {processor.py:743} INFO - Processing file /opt/airflow/dags/primeira-dag.py for tasks to queue
[2024-02-19T18:08:06.406+0000] {logging_mixin.py:137} INFO - [2024-02-19T18:08:06.406+0000] {dagbag.py:538} INFO - Filling up the DagBag from /opt/airflow/dags/primeira-dag.py
[2024-02-19T18:08:06.413+0000] {processor.py:753} INFO - DAG(s) dict_keys(['primeira_dag']) retrieved from /opt/airflow/dags/primeira-dag.py
[2024-02-19T18:08:06.427+0000] {logging_mixin.py:137} INFO - [2024-02-19T18:08:06.427+0000] {dag.py:2690} INFO - Sync 1 DAGs
[2024-02-19T18:08:06.441+0000] {logging_mixin.py:137} INFO - [2024-02-19T18:08:06.441+0000] {dag.py:3441} INFO - Setting next_dagrun for primeira_dag to None, run_after=None
[2024-02-19T18:08:06.451+0000] {processor.py:175} INFO - Processing /opt/airflow/dags/primeira-dag.py took 0.047 seconds
[2024-02-19T18:08:11.476+0000] {processor.py:153} INFO - Started process (PID=601) to work on /opt/airflow/dags/primeira-dag.py
[2024-02-19T18:08:11.476+0000] {processor.py:743} INFO - Processing file /opt/airflow/dags/primeira-dag.py for tasks to queue
[2024-02-19T18:08:11.477+0000] {logging_mixin.py:137} INFO - [2024-02-19T18:08:11.477+0000] {dagbag.py:538} INFO - Filling up the DagBag from /opt/airflow/dags/primeira-dag.py
[2024-02-19T18:08:11.483+0000] {processor.py:753} INFO - DAG(s) dict_keys(['primeira_dag']) retrieved from /opt/airflow/dags/primeira-dag.py
[2024-02-19T18:08:11.498+0000] {logging_mixin.py:137} INFO - [2024-02-19T18:08:11.498+0000] {dag.py:2690} INFO - Sync 1 DAGs
[2024-02-19T18:08:11.513+0000] {logging_mixin.py:137} INFO - [2024-02-19T18:08:11.513+0000] {dag.py:3441} INFO - Setting next_dagrun for primeira_dag to None, run_after=None
[2024-02-19T18:08:11.524+0000] {processor.py:175} INFO - Processing /opt/airflow/dags/primeira-dag.py took 0.050 seconds
[2024-02-19T18:08:16.553+0000] {processor.py:153} INFO - Started process (PID=634) to work on /opt/airflow/dags/primeira-dag.py
[2024-02-19T18:08:16.553+0000] {processor.py:743} INFO - Processing file /opt/airflow/dags/primeira-dag.py for tasks to queue
[2024-02-19T18:08:16.554+0000] {logging_mixin.py:137} INFO - [2024-02-19T18:08:16.554+0000] {dagbag.py:538} INFO - Filling up the DagBag from /opt/airflow/dags/primeira-dag.py
[2024-02-19T18:08:16.561+0000] {processor.py:753} INFO - DAG(s) dict_keys(['primeira_dag']) retrieved from /opt/airflow/dags/primeira-dag.py
[2024-02-19T18:08:16.575+0000] {logging_mixin.py:137} INFO - [2024-02-19T18:08:16.575+0000] {dag.py:2690} INFO - Sync 1 DAGs
[2024-02-19T18:08:16.589+0000] {logging_mixin.py:137} INFO - [2024-02-19T18:08:16.589+0000] {dag.py:3441} INFO - Setting next_dagrun for primeira_dag to None, run_after=None
[2024-02-19T18:08:16.599+0000] {processor.py:175} INFO - Processing /opt/airflow/dags/primeira-dag.py took 0.048 seconds
[2024-02-19T18:08:21.634+0000] {processor.py:153} INFO - Started process (PID=635) to work on /opt/airflow/dags/primeira-dag.py
[2024-02-19T18:08:21.635+0000] {processor.py:743} INFO - Processing file /opt/airflow/dags/primeira-dag.py for tasks to queue
[2024-02-19T18:08:21.636+0000] {logging_mixin.py:137} INFO - [2024-02-19T18:08:21.636+0000] {dagbag.py:538} INFO - Filling up the DagBag from /opt/airflow/dags/primeira-dag.py
[2024-02-19T18:08:21.643+0000] {processor.py:753} INFO - DAG(s) dict_keys(['primeira_dag']) retrieved from /opt/airflow/dags/primeira-dag.py
[2024-02-19T18:08:21.657+0000] {logging_mixin.py:137} INFO - [2024-02-19T18:08:21.657+0000] {dag.py:2690} INFO - Sync 1 DAGs
[2024-02-19T18:08:21.671+0000] {logging_mixin.py:137} INFO - [2024-02-19T18:08:21.671+0000] {dag.py:3441} INFO - Setting next_dagrun for primeira_dag to None, run_after=None
[2024-02-19T18:08:21.680+0000] {processor.py:175} INFO - Processing /opt/airflow/dags/primeira-dag.py took 0.049 seconds
[2024-02-19T18:08:26.704+0000] {processor.py:153} INFO - Started process (PID=645) to work on /opt/airflow/dags/primeira-dag.py
[2024-02-19T18:08:26.705+0000] {processor.py:743} INFO - Processing file /opt/airflow/dags/primeira-dag.py for tasks to queue
[2024-02-19T18:08:26.705+0000] {logging_mixin.py:137} INFO - [2024-02-19T18:08:26.705+0000] {dagbag.py:538} INFO - Filling up the DagBag from /opt/airflow/dags/primeira-dag.py
[2024-02-19T18:08:26.712+0000] {processor.py:753} INFO - DAG(s) dict_keys(['primeira_dag']) retrieved from /opt/airflow/dags/primeira-dag.py
[2024-02-19T18:08:26.726+0000] {logging_mixin.py:137} INFO - [2024-02-19T18:08:26.725+0000] {dag.py:2690} INFO - Sync 1 DAGs
[2024-02-19T18:08:26.740+0000] {logging_mixin.py:137} INFO - [2024-02-19T18:08:26.740+0000] {dag.py:3441} INFO - Setting next_dagrun for primeira_dag to None, run_after=None
[2024-02-19T18:08:26.752+0000] {processor.py:175} INFO - Processing /opt/airflow/dags/primeira-dag.py took 0.049 seconds
[2024-02-19T18:08:31.777+0000] {processor.py:153} INFO - Started process (PID=669) to work on /opt/airflow/dags/primeira-dag.py
[2024-02-19T18:08:31.778+0000] {processor.py:743} INFO - Processing file /opt/airflow/dags/primeira-dag.py for tasks to queue
[2024-02-19T18:08:31.778+0000] {logging_mixin.py:137} INFO - [2024-02-19T18:08:31.778+0000] {dagbag.py:538} INFO - Filling up the DagBag from /opt/airflow/dags/primeira-dag.py
[2024-02-19T18:08:31.785+0000] {processor.py:753} INFO - DAG(s) dict_keys(['primeira_dag']) retrieved from /opt/airflow/dags/primeira-dag.py
[2024-02-19T18:08:31.799+0000] {logging_mixin.py:137} INFO - [2024-02-19T18:08:31.799+0000] {dag.py:2690} INFO - Sync 1 DAGs
[2024-02-19T18:08:31.815+0000] {logging_mixin.py:137} INFO - [2024-02-19T18:08:31.815+0000] {dag.py:3441} INFO - Setting next_dagrun for primeira_dag to None, run_after=None
[2024-02-19T18:08:31.825+0000] {processor.py:175} INFO - Processing /opt/airflow/dags/primeira-dag.py took 0.050 seconds
[2024-02-19T18:08:36.857+0000] {processor.py:153} INFO - Started process (PID=670) to work on /opt/airflow/dags/primeira-dag.py
[2024-02-19T18:08:36.858+0000] {processor.py:743} INFO - Processing file /opt/airflow/dags/primeira-dag.py for tasks to queue
[2024-02-19T18:08:36.858+0000] {logging_mixin.py:137} INFO - [2024-02-19T18:08:36.858+0000] {dagbag.py:538} INFO - Filling up the DagBag from /opt/airflow/dags/primeira-dag.py
[2024-02-19T18:08:36.865+0000] {processor.py:753} INFO - DAG(s) dict_keys(['primeira_dag']) retrieved from /opt/airflow/dags/primeira-dag.py
[2024-02-19T18:08:36.879+0000] {logging_mixin.py:137} INFO - [2024-02-19T18:08:36.879+0000] {dag.py:2690} INFO - Sync 1 DAGs
[2024-02-19T18:08:36.894+0000] {logging_mixin.py:137} INFO - [2024-02-19T18:08:36.893+0000] {dag.py:3441} INFO - Setting next_dagrun for primeira_dag to None, run_after=None
[2024-02-19T18:08:36.904+0000] {processor.py:175} INFO - Processing /opt/airflow/dags/primeira-dag.py took 0.049 seconds
[2024-02-19T18:08:41.930+0000] {processor.py:153} INFO - Started process (PID=703) to work on /opt/airflow/dags/primeira-dag.py
[2024-02-19T18:08:41.931+0000] {processor.py:743} INFO - Processing file /opt/airflow/dags/primeira-dag.py for tasks to queue
[2024-02-19T18:08:41.931+0000] {logging_mixin.py:137} INFO - [2024-02-19T18:08:41.931+0000] {dagbag.py:538} INFO - Filling up the DagBag from /opt/airflow/dags/primeira-dag.py
[2024-02-19T18:08:41.938+0000] {processor.py:753} INFO - DAG(s) dict_keys(['primeira_dag']) retrieved from /opt/airflow/dags/primeira-dag.py
[2024-02-19T18:08:41.953+0000] {logging_mixin.py:137} INFO - [2024-02-19T18:08:41.953+0000] {dag.py:2690} INFO - Sync 1 DAGs
[2024-02-19T18:08:41.968+0000] {logging_mixin.py:137} INFO - [2024-02-19T18:08:41.968+0000] {dag.py:3441} INFO - Setting next_dagrun for primeira_dag to None, run_after=None
[2024-02-19T18:08:41.978+0000] {processor.py:175} INFO - Processing /opt/airflow/dags/primeira-dag.py took 0.050 seconds
[2024-02-19T18:08:47.005+0000] {processor.py:153} INFO - Started process (PID=704) to work on /opt/airflow/dags/primeira-dag.py
[2024-02-19T18:08:47.006+0000] {processor.py:743} INFO - Processing file /opt/airflow/dags/primeira-dag.py for tasks to queue
[2024-02-19T18:08:47.006+0000] {logging_mixin.py:137} INFO - [2024-02-19T18:08:47.006+0000] {dagbag.py:538} INFO - Filling up the DagBag from /opt/airflow/dags/primeira-dag.py
[2024-02-19T18:08:47.013+0000] {processor.py:753} INFO - DAG(s) dict_keys(['primeira_dag']) retrieved from /opt/airflow/dags/primeira-dag.py
[2024-02-19T18:08:47.028+0000] {logging_mixin.py:137} INFO - [2024-02-19T18:08:47.028+0000] {dag.py:2690} INFO - Sync 1 DAGs
[2024-02-19T18:08:47.043+0000] {logging_mixin.py:137} INFO - [2024-02-19T18:08:47.042+0000] {dag.py:3441} INFO - Setting next_dagrun for primeira_dag to None, run_after=None
[2024-02-19T18:08:47.053+0000] {processor.py:175} INFO - Processing /opt/airflow/dags/primeira-dag.py took 0.050 seconds
[2024-02-19T18:08:52.080+0000] {processor.py:153} INFO - Started process (PID=737) to work on /opt/airflow/dags/primeira-dag.py
[2024-02-19T18:08:52.081+0000] {processor.py:743} INFO - Processing file /opt/airflow/dags/primeira-dag.py for tasks to queue
[2024-02-19T18:08:52.081+0000] {logging_mixin.py:137} INFO - [2024-02-19T18:08:52.081+0000] {dagbag.py:538} INFO - Filling up the DagBag from /opt/airflow/dags/primeira-dag.py
[2024-02-19T18:08:52.088+0000] {processor.py:753} INFO - DAG(s) dict_keys(['primeira_dag']) retrieved from /opt/airflow/dags/primeira-dag.py
[2024-02-19T18:08:52.103+0000] {logging_mixin.py:137} INFO - [2024-02-19T18:08:52.103+0000] {dag.py:2690} INFO - Sync 1 DAGs
[2024-02-19T18:08:52.118+0000] {logging_mixin.py:137} INFO - [2024-02-19T18:08:52.117+0000] {dag.py:3441} INFO - Setting next_dagrun for primeira_dag to None, run_after=None
[2024-02-19T18:08:52.128+0000] {processor.py:175} INFO - Processing /opt/airflow/dags/primeira-dag.py took 0.050 seconds
[2024-02-19T18:08:57.153+0000] {processor.py:153} INFO - Started process (PID=738) to work on /opt/airflow/dags/primeira-dag.py
[2024-02-19T18:08:57.153+0000] {processor.py:743} INFO - Processing file /opt/airflow/dags/primeira-dag.py for tasks to queue
[2024-02-19T18:08:57.154+0000] {logging_mixin.py:137} INFO - [2024-02-19T18:08:57.154+0000] {dagbag.py:538} INFO - Filling up the DagBag from /opt/airflow/dags/primeira-dag.py
[2024-02-19T18:08:57.161+0000] {processor.py:753} INFO - DAG(s) dict_keys(['primeira_dag']) retrieved from /opt/airflow/dags/primeira-dag.py
[2024-02-19T18:08:57.175+0000] {logging_mixin.py:137} INFO - [2024-02-19T18:08:57.175+0000] {dag.py:2690} INFO - Sync 1 DAGs
[2024-02-19T18:08:57.189+0000] {logging_mixin.py:137} INFO - [2024-02-19T18:08:57.189+0000] {dag.py:3441} INFO - Setting next_dagrun for primeira_dag to None, run_after=None
[2024-02-19T18:08:57.199+0000] {processor.py:175} INFO - Processing /opt/airflow/dags/primeira-dag.py took 0.048 seconds
[2024-02-19T18:09:02.225+0000] {processor.py:153} INFO - Started process (PID=771) to work on /opt/airflow/dags/primeira-dag.py
[2024-02-19T18:09:02.225+0000] {processor.py:743} INFO - Processing file /opt/airflow/dags/primeira-dag.py for tasks to queue
[2024-02-19T18:09:02.226+0000] {logging_mixin.py:137} INFO - [2024-02-19T18:09:02.225+0000] {dagbag.py:538} INFO - Filling up the DagBag from /opt/airflow/dags/primeira-dag.py
[2024-02-19T18:09:02.233+0000] {processor.py:753} INFO - DAG(s) dict_keys(['primeira_dag']) retrieved from /opt/airflow/dags/primeira-dag.py
[2024-02-19T18:09:02.248+0000] {logging_mixin.py:137} INFO - [2024-02-19T18:09:02.248+0000] {dag.py:2690} INFO - Sync 1 DAGs
[2024-02-19T18:09:02.264+0000] {logging_mixin.py:137} INFO - [2024-02-19T18:09:02.263+0000] {dag.py:3441} INFO - Setting next_dagrun for primeira_dag to None, run_after=None
[2024-02-19T18:09:02.274+0000] {processor.py:175} INFO - Processing /opt/airflow/dags/primeira-dag.py took 0.051 seconds
[2024-02-19T18:09:07.303+0000] {processor.py:153} INFO - Started process (PID=772) to work on /opt/airflow/dags/primeira-dag.py
[2024-02-19T18:09:07.303+0000] {processor.py:743} INFO - Processing file /opt/airflow/dags/primeira-dag.py for tasks to queue
[2024-02-19T18:09:07.304+0000] {logging_mixin.py:137} INFO - [2024-02-19T18:09:07.304+0000] {dagbag.py:538} INFO - Filling up the DagBag from /opt/airflow/dags/primeira-dag.py
[2024-02-19T18:09:07.311+0000] {processor.py:753} INFO - DAG(s) dict_keys(['primeira_dag']) retrieved from /opt/airflow/dags/primeira-dag.py
[2024-02-19T18:09:07.326+0000] {logging_mixin.py:137} INFO - [2024-02-19T18:09:07.326+0000] {dag.py:2690} INFO - Sync 1 DAGs
[2024-02-19T18:09:07.346+0000] {logging_mixin.py:137} INFO - [2024-02-19T18:09:07.346+0000] {dag.py:3441} INFO - Setting next_dagrun for primeira_dag to None, run_after=None
[2024-02-19T18:09:07.357+0000] {processor.py:175} INFO - Processing /opt/airflow/dags/primeira-dag.py took 0.056 seconds
[2024-02-19T18:09:12.381+0000] {processor.py:153} INFO - Started process (PID=782) to work on /opt/airflow/dags/primeira-dag.py
[2024-02-19T18:09:12.381+0000] {processor.py:743} INFO - Processing file /opt/airflow/dags/primeira-dag.py for tasks to queue
[2024-02-19T18:09:12.382+0000] {logging_mixin.py:137} INFO - [2024-02-19T18:09:12.382+0000] {dagbag.py:538} INFO - Filling up the DagBag from /opt/airflow/dags/primeira-dag.py
[2024-02-19T18:09:12.389+0000] {processor.py:753} INFO - DAG(s) dict_keys(['primeira_dag']) retrieved from /opt/airflow/dags/primeira-dag.py
[2024-02-19T18:09:12.406+0000] {logging_mixin.py:137} INFO - [2024-02-19T18:09:12.406+0000] {dag.py:2690} INFO - Sync 1 DAGs
[2024-02-19T18:09:12.421+0000] {logging_mixin.py:137} INFO - [2024-02-19T18:09:12.421+0000] {dag.py:3441} INFO - Setting next_dagrun for primeira_dag to None, run_after=None
[2024-02-19T18:09:12.433+0000] {processor.py:175} INFO - Processing /opt/airflow/dags/primeira-dag.py took 0.054 seconds
[2024-02-19T18:09:17.463+0000] {processor.py:153} INFO - Started process (PID=806) to work on /opt/airflow/dags/primeira-dag.py
[2024-02-19T18:09:17.464+0000] {processor.py:743} INFO - Processing file /opt/airflow/dags/primeira-dag.py for tasks to queue
[2024-02-19T18:09:17.464+0000] {logging_mixin.py:137} INFO - [2024-02-19T18:09:17.464+0000] {dagbag.py:538} INFO - Filling up the DagBag from /opt/airflow/dags/primeira-dag.py
[2024-02-19T18:09:17.472+0000] {processor.py:753} INFO - DAG(s) dict_keys(['primeira_dag']) retrieved from /opt/airflow/dags/primeira-dag.py
[2024-02-19T18:09:17.489+0000] {logging_mixin.py:137} INFO - [2024-02-19T18:09:17.489+0000] {dag.py:2690} INFO - Sync 1 DAGs
[2024-02-19T18:09:17.504+0000] {logging_mixin.py:137} INFO - [2024-02-19T18:09:17.503+0000] {dag.py:3441} INFO - Setting next_dagrun for primeira_dag to None, run_after=None
[2024-02-19T18:09:17.514+0000] {processor.py:175} INFO - Processing /opt/airflow/dags/primeira-dag.py took 0.053 seconds
[2024-02-19T18:09:22.542+0000] {processor.py:153} INFO - Started process (PID=807) to work on /opt/airflow/dags/primeira-dag.py
[2024-02-19T18:09:22.544+0000] {processor.py:743} INFO - Processing file /opt/airflow/dags/primeira-dag.py for tasks to queue
[2024-02-19T18:09:22.544+0000] {logging_mixin.py:137} INFO - [2024-02-19T18:09:22.544+0000] {dagbag.py:538} INFO - Filling up the DagBag from /opt/airflow/dags/primeira-dag.py
[2024-02-19T18:09:22.552+0000] {processor.py:753} INFO - DAG(s) dict_keys(['primeira_dag']) retrieved from /opt/airflow/dags/primeira-dag.py
[2024-02-19T18:09:22.567+0000] {logging_mixin.py:137} INFO - [2024-02-19T18:09:22.567+0000] {dag.py:2690} INFO - Sync 1 DAGs
[2024-02-19T18:09:22.581+0000] {logging_mixin.py:137} INFO - [2024-02-19T18:09:22.581+0000] {dag.py:3441} INFO - Setting next_dagrun for primeira_dag to None, run_after=None
[2024-02-19T18:09:22.591+0000] {processor.py:175} INFO - Processing /opt/airflow/dags/primeira-dag.py took 0.051 seconds
[2024-02-19T18:09:27.619+0000] {processor.py:153} INFO - Started process (PID=839) to work on /opt/airflow/dags/primeira-dag.py
[2024-02-19T18:09:27.620+0000] {processor.py:743} INFO - Processing file /opt/airflow/dags/primeira-dag.py for tasks to queue
[2024-02-19T18:09:27.620+0000] {logging_mixin.py:137} INFO - [2024-02-19T18:09:27.620+0000] {dagbag.py:538} INFO - Filling up the DagBag from /opt/airflow/dags/primeira-dag.py
[2024-02-19T18:09:27.627+0000] {processor.py:753} INFO - DAG(s) dict_keys(['primeira_dag']) retrieved from /opt/airflow/dags/primeira-dag.py
[2024-02-19T18:09:27.641+0000] {logging_mixin.py:137} INFO - [2024-02-19T18:09:27.641+0000] {dag.py:2690} INFO - Sync 1 DAGs
[2024-02-19T18:09:27.656+0000] {logging_mixin.py:137} INFO - [2024-02-19T18:09:27.656+0000] {dag.py:3441} INFO - Setting next_dagrun for primeira_dag to None, run_after=None
[2024-02-19T18:09:27.666+0000] {processor.py:175} INFO - Processing /opt/airflow/dags/primeira-dag.py took 0.049 seconds
[2024-02-19T18:09:32.691+0000] {processor.py:153} INFO - Started process (PID=840) to work on /opt/airflow/dags/primeira-dag.py
[2024-02-19T18:09:32.692+0000] {processor.py:743} INFO - Processing file /opt/airflow/dags/primeira-dag.py for tasks to queue
[2024-02-19T18:09:32.692+0000] {logging_mixin.py:137} INFO - [2024-02-19T18:09:32.692+0000] {dagbag.py:538} INFO - Filling up the DagBag from /opt/airflow/dags/primeira-dag.py
[2024-02-19T18:09:32.700+0000] {processor.py:753} INFO - DAG(s) dict_keys(['primeira_dag']) retrieved from /opt/airflow/dags/primeira-dag.py
[2024-02-19T18:09:32.715+0000] {logging_mixin.py:137} INFO - [2024-02-19T18:09:32.714+0000] {dag.py:2690} INFO - Sync 1 DAGs
[2024-02-19T18:09:32.730+0000] {logging_mixin.py:137} INFO - [2024-02-19T18:09:32.730+0000] {dag.py:3441} INFO - Setting next_dagrun for primeira_dag to None, run_after=None
[2024-02-19T18:09:32.742+0000] {processor.py:175} INFO - Processing /opt/airflow/dags/primeira-dag.py took 0.052 seconds
[2024-02-19T18:09:37.768+0000] {processor.py:153} INFO - Started process (PID=873) to work on /opt/airflow/dags/primeira-dag.py
[2024-02-19T18:09:37.769+0000] {processor.py:743} INFO - Processing file /opt/airflow/dags/primeira-dag.py for tasks to queue
[2024-02-19T18:09:37.769+0000] {logging_mixin.py:137} INFO - [2024-02-19T18:09:37.769+0000] {dagbag.py:538} INFO - Filling up the DagBag from /opt/airflow/dags/primeira-dag.py
[2024-02-19T18:09:37.777+0000] {processor.py:753} INFO - DAG(s) dict_keys(['primeira_dag']) retrieved from /opt/airflow/dags/primeira-dag.py
[2024-02-19T18:09:37.791+0000] {logging_mixin.py:137} INFO - [2024-02-19T18:09:37.791+0000] {dag.py:2690} INFO - Sync 1 DAGs
[2024-02-19T18:09:37.805+0000] {logging_mixin.py:137} INFO - [2024-02-19T18:09:37.805+0000] {dag.py:3441} INFO - Setting next_dagrun for primeira_dag to None, run_after=None
[2024-02-19T18:09:37.815+0000] {processor.py:175} INFO - Processing /opt/airflow/dags/primeira-dag.py took 0.049 seconds
[2024-02-19T18:09:42.840+0000] {processor.py:153} INFO - Started process (PID=874) to work on /opt/airflow/dags/primeira-dag.py
[2024-02-19T18:09:42.841+0000] {processor.py:743} INFO - Processing file /opt/airflow/dags/primeira-dag.py for tasks to queue
[2024-02-19T18:09:42.841+0000] {logging_mixin.py:137} INFO - [2024-02-19T18:09:42.841+0000] {dagbag.py:538} INFO - Filling up the DagBag from /opt/airflow/dags/primeira-dag.py
[2024-02-19T18:09:42.848+0000] {processor.py:753} INFO - DAG(s) dict_keys(['primeira_dag']) retrieved from /opt/airflow/dags/primeira-dag.py
[2024-02-19T18:09:42.864+0000] {logging_mixin.py:137} INFO - [2024-02-19T18:09:42.863+0000] {dag.py:2690} INFO - Sync 1 DAGs
[2024-02-19T18:09:42.878+0000] {logging_mixin.py:137} INFO - [2024-02-19T18:09:42.878+0000] {dag.py:3441} INFO - Setting next_dagrun for primeira_dag to None, run_after=None
[2024-02-19T18:09:42.888+0000] {processor.py:175} INFO - Processing /opt/airflow/dags/primeira-dag.py took 0.050 seconds
[2024-02-19T18:09:47.919+0000] {processor.py:153} INFO - Started process (PID=907) to work on /opt/airflow/dags/primeira-dag.py
[2024-02-19T18:09:47.920+0000] {processor.py:743} INFO - Processing file /opt/airflow/dags/primeira-dag.py for tasks to queue
[2024-02-19T18:09:47.920+0000] {logging_mixin.py:137} INFO - [2024-02-19T18:09:47.920+0000] {dagbag.py:538} INFO - Filling up the DagBag from /opt/airflow/dags/primeira-dag.py
[2024-02-19T18:09:47.928+0000] {processor.py:753} INFO - DAG(s) dict_keys(['primeira_dag']) retrieved from /opt/airflow/dags/primeira-dag.py
[2024-02-19T18:09:47.943+0000] {logging_mixin.py:137} INFO - [2024-02-19T18:09:47.943+0000] {dag.py:2690} INFO - Sync 1 DAGs
[2024-02-19T18:09:47.958+0000] {logging_mixin.py:137} INFO - [2024-02-19T18:09:47.958+0000] {dag.py:3441} INFO - Setting next_dagrun for primeira_dag to None, run_after=None
[2024-02-19T18:09:47.969+0000] {processor.py:175} INFO - Processing /opt/airflow/dags/primeira-dag.py took 0.052 seconds
[2024-02-19T18:09:53.000+0000] {processor.py:153} INFO - Started process (PID=908) to work on /opt/airflow/dags/primeira-dag.py
[2024-02-19T18:09:53.002+0000] {processor.py:743} INFO - Processing file /opt/airflow/dags/primeira-dag.py for tasks to queue
[2024-02-19T18:09:53.002+0000] {logging_mixin.py:137} INFO - [2024-02-19T18:09:53.002+0000] {dagbag.py:538} INFO - Filling up the DagBag from /opt/airflow/dags/primeira-dag.py
[2024-02-19T18:09:53.014+0000] {processor.py:753} INFO - DAG(s) dict_keys(['primeira_dag']) retrieved from /opt/airflow/dags/primeira-dag.py
[2024-02-19T18:09:53.038+0000] {logging_mixin.py:137} INFO - [2024-02-19T18:09:53.038+0000] {dag.py:2690} INFO - Sync 1 DAGs
[2024-02-19T18:09:53.065+0000] {logging_mixin.py:137} INFO - [2024-02-19T18:09:53.065+0000] {dag.py:3441} INFO - Setting next_dagrun for primeira_dag to None, run_after=None
[2024-02-19T18:09:53.084+0000] {processor.py:175} INFO - Processing /opt/airflow/dags/primeira-dag.py took 0.087 seconds
[2024-02-19T18:09:58.112+0000] {processor.py:153} INFO - Started process (PID=918) to work on /opt/airflow/dags/primeira-dag.py
[2024-02-19T18:09:58.113+0000] {processor.py:743} INFO - Processing file /opt/airflow/dags/primeira-dag.py for tasks to queue
[2024-02-19T18:09:58.113+0000] {logging_mixin.py:137} INFO - [2024-02-19T18:09:58.113+0000] {dagbag.py:538} INFO - Filling up the DagBag from /opt/airflow/dags/primeira-dag.py
[2024-02-19T18:09:58.123+0000] {processor.py:753} INFO - DAG(s) dict_keys(['primeira_dag']) retrieved from /opt/airflow/dags/primeira-dag.py
[2024-02-19T18:09:58.142+0000] {logging_mixin.py:137} INFO - [2024-02-19T18:09:58.142+0000] {dag.py:2690} INFO - Sync 1 DAGs
[2024-02-19T18:09:58.161+0000] {logging_mixin.py:137} INFO - [2024-02-19T18:09:58.161+0000] {dag.py:3441} INFO - Setting next_dagrun for primeira_dag to None, run_after=None
[2024-02-19T18:09:58.177+0000] {processor.py:175} INFO - Processing /opt/airflow/dags/primeira-dag.py took 0.067 seconds
[2024-02-19T18:10:03.212+0000] {processor.py:153} INFO - Started process (PID=942) to work on /opt/airflow/dags/primeira-dag.py
[2024-02-19T18:10:03.212+0000] {processor.py:743} INFO - Processing file /opt/airflow/dags/primeira-dag.py for tasks to queue
[2024-02-19T18:10:03.212+0000] {logging_mixin.py:137} INFO - [2024-02-19T18:10:03.212+0000] {dagbag.py:538} INFO - Filling up the DagBag from /opt/airflow/dags/primeira-dag.py
[2024-02-19T18:10:03.219+0000] {processor.py:753} INFO - DAG(s) dict_keys(['primeira_dag']) retrieved from /opt/airflow/dags/primeira-dag.py
[2024-02-19T18:10:03.234+0000] {logging_mixin.py:137} INFO - [2024-02-19T18:10:03.233+0000] {dag.py:2690} INFO - Sync 1 DAGs
[2024-02-19T18:10:03.248+0000] {logging_mixin.py:137} INFO - [2024-02-19T18:10:03.248+0000] {dag.py:3441} INFO - Setting next_dagrun for primeira_dag to None, run_after=None
[2024-02-19T18:10:03.258+0000] {processor.py:175} INFO - Processing /opt/airflow/dags/primeira-dag.py took 0.049 seconds
[2024-02-19T18:10:08.283+0000] {processor.py:153} INFO - Started process (PID=943) to work on /opt/airflow/dags/primeira-dag.py
[2024-02-19T18:10:08.284+0000] {processor.py:743} INFO - Processing file /opt/airflow/dags/primeira-dag.py for tasks to queue
[2024-02-19T18:10:08.284+0000] {logging_mixin.py:137} INFO - [2024-02-19T18:10:08.284+0000] {dagbag.py:538} INFO - Filling up the DagBag from /opt/airflow/dags/primeira-dag.py
[2024-02-19T18:10:08.290+0000] {processor.py:753} INFO - DAG(s) dict_keys(['primeira_dag']) retrieved from /opt/airflow/dags/primeira-dag.py
[2024-02-19T18:10:08.305+0000] {logging_mixin.py:137} INFO - [2024-02-19T18:10:08.305+0000] {dag.py:2690} INFO - Sync 1 DAGs
[2024-02-19T18:10:08.320+0000] {logging_mixin.py:137} INFO - [2024-02-19T18:10:08.320+0000] {dag.py:3441} INFO - Setting next_dagrun for primeira_dag to None, run_after=None
[2024-02-19T18:10:08.330+0000] {processor.py:175} INFO - Processing /opt/airflow/dags/primeira-dag.py took 0.049 seconds
[2024-02-19T18:10:13.357+0000] {processor.py:153} INFO - Started process (PID=976) to work on /opt/airflow/dags/primeira-dag.py
[2024-02-19T18:10:13.358+0000] {processor.py:743} INFO - Processing file /opt/airflow/dags/primeira-dag.py for tasks to queue
[2024-02-19T18:10:13.358+0000] {logging_mixin.py:137} INFO - [2024-02-19T18:10:13.358+0000] {dagbag.py:538} INFO - Filling up the DagBag from /opt/airflow/dags/primeira-dag.py
[2024-02-19T18:10:13.365+0000] {processor.py:753} INFO - DAG(s) dict_keys(['primeira_dag']) retrieved from /opt/airflow/dags/primeira-dag.py
[2024-02-19T18:10:13.381+0000] {logging_mixin.py:137} INFO - [2024-02-19T18:10:13.381+0000] {dag.py:2690} INFO - Sync 1 DAGs
[2024-02-19T18:10:13.399+0000] {logging_mixin.py:137} INFO - [2024-02-19T18:10:13.399+0000] {dag.py:3441} INFO - Setting next_dagrun for primeira_dag to None, run_after=None
[2024-02-19T18:10:13.412+0000] {processor.py:175} INFO - Processing /opt/airflow/dags/primeira-dag.py took 0.056 seconds
[2024-02-19T18:10:18.441+0000] {processor.py:153} INFO - Started process (PID=977) to work on /opt/airflow/dags/primeira-dag.py
[2024-02-19T18:10:18.441+0000] {processor.py:743} INFO - Processing file /opt/airflow/dags/primeira-dag.py for tasks to queue
[2024-02-19T18:10:18.441+0000] {logging_mixin.py:137} INFO - [2024-02-19T18:10:18.441+0000] {dagbag.py:538} INFO - Filling up the DagBag from /opt/airflow/dags/primeira-dag.py
[2024-02-19T18:10:18.448+0000] {processor.py:753} INFO - DAG(s) dict_keys(['primeira_dag']) retrieved from /opt/airflow/dags/primeira-dag.py
[2024-02-19T18:10:18.462+0000] {logging_mixin.py:137} INFO - [2024-02-19T18:10:18.462+0000] {dag.py:2690} INFO - Sync 1 DAGs
[2024-02-19T18:10:18.478+0000] {logging_mixin.py:137} INFO - [2024-02-19T18:10:18.477+0000] {dag.py:3441} INFO - Setting next_dagrun for primeira_dag to None, run_after=None
[2024-02-19T18:10:18.489+0000] {processor.py:175} INFO - Processing /opt/airflow/dags/primeira-dag.py took 0.051 seconds
[2024-02-19T18:10:23.521+0000] {processor.py:153} INFO - Started process (PID=1010) to work on /opt/airflow/dags/primeira-dag.py
[2024-02-19T18:10:23.522+0000] {processor.py:743} INFO - Processing file /opt/airflow/dags/primeira-dag.py for tasks to queue
[2024-02-19T18:10:23.522+0000] {logging_mixin.py:137} INFO - [2024-02-19T18:10:23.522+0000] {dagbag.py:538} INFO - Filling up the DagBag from /opt/airflow/dags/primeira-dag.py
[2024-02-19T18:10:23.529+0000] {processor.py:753} INFO - DAG(s) dict_keys(['primeira_dag']) retrieved from /opt/airflow/dags/primeira-dag.py
[2024-02-19T18:10:23.544+0000] {logging_mixin.py:137} INFO - [2024-02-19T18:10:23.544+0000] {dag.py:2690} INFO - Sync 1 DAGs
[2024-02-19T18:10:23.558+0000] {logging_mixin.py:137} INFO - [2024-02-19T18:10:23.558+0000] {dag.py:3441} INFO - Setting next_dagrun for primeira_dag to None, run_after=None
[2024-02-19T18:10:23.568+0000] {processor.py:175} INFO - Processing /opt/airflow/dags/primeira-dag.py took 0.050 seconds
[2024-02-19T18:10:28.599+0000] {processor.py:153} INFO - Started process (PID=1011) to work on /opt/airflow/dags/primeira-dag.py
[2024-02-19T18:10:28.600+0000] {processor.py:743} INFO - Processing file /opt/airflow/dags/primeira-dag.py for tasks to queue
[2024-02-19T18:10:28.601+0000] {logging_mixin.py:137} INFO - [2024-02-19T18:10:28.601+0000] {dagbag.py:538} INFO - Filling up the DagBag from /opt/airflow/dags/primeira-dag.py
[2024-02-19T18:10:28.608+0000] {processor.py:753} INFO - DAG(s) dict_keys(['primeira_dag']) retrieved from /opt/airflow/dags/primeira-dag.py
[2024-02-19T18:10:28.621+0000] {logging_mixin.py:137} INFO - [2024-02-19T18:10:28.621+0000] {dag.py:2690} INFO - Sync 1 DAGs
[2024-02-19T18:10:28.635+0000] {logging_mixin.py:137} INFO - [2024-02-19T18:10:28.635+0000] {dag.py:3441} INFO - Setting next_dagrun for primeira_dag to None, run_after=None
[2024-02-19T18:10:28.645+0000] {processor.py:175} INFO - Processing /opt/airflow/dags/primeira-dag.py took 0.049 seconds
[2024-02-19T18:10:33.675+0000] {processor.py:153} INFO - Started process (PID=1044) to work on /opt/airflow/dags/primeira-dag.py
[2024-02-19T18:10:33.675+0000] {processor.py:743} INFO - Processing file /opt/airflow/dags/primeira-dag.py for tasks to queue
[2024-02-19T18:10:33.676+0000] {logging_mixin.py:137} INFO - [2024-02-19T18:10:33.676+0000] {dagbag.py:538} INFO - Filling up the DagBag from /opt/airflow/dags/primeira-dag.py
[2024-02-19T18:10:33.685+0000] {processor.py:753} INFO - DAG(s) dict_keys(['primeira_dag']) retrieved from /opt/airflow/dags/primeira-dag.py
[2024-02-19T18:10:33.700+0000] {logging_mixin.py:137} INFO - [2024-02-19T18:10:33.700+0000] {dag.py:2690} INFO - Sync 1 DAGs
[2024-02-19T18:10:33.715+0000] {logging_mixin.py:137} INFO - [2024-02-19T18:10:33.715+0000] {dag.py:3441} INFO - Setting next_dagrun for primeira_dag to None, run_after=None
[2024-02-19T18:10:33.726+0000] {processor.py:175} INFO - Processing /opt/airflow/dags/primeira-dag.py took 0.054 seconds
[2024-02-19T18:10:38.758+0000] {processor.py:153} INFO - Started process (PID=1045) to work on /opt/airflow/dags/primeira-dag.py
[2024-02-19T18:10:38.758+0000] {processor.py:743} INFO - Processing file /opt/airflow/dags/primeira-dag.py for tasks to queue
[2024-02-19T18:10:38.759+0000] {logging_mixin.py:137} INFO - [2024-02-19T18:10:38.759+0000] {dagbag.py:538} INFO - Filling up the DagBag from /opt/airflow/dags/primeira-dag.py
[2024-02-19T18:10:38.765+0000] {processor.py:753} INFO - DAG(s) dict_keys(['primeira_dag']) retrieved from /opt/airflow/dags/primeira-dag.py
[2024-02-19T18:10:38.779+0000] {logging_mixin.py:137} INFO - [2024-02-19T18:10:38.779+0000] {dag.py:2690} INFO - Sync 1 DAGs
[2024-02-19T18:10:38.793+0000] {logging_mixin.py:137} INFO - [2024-02-19T18:10:38.793+0000] {dag.py:3441} INFO - Setting next_dagrun for primeira_dag to None, run_after=None
[2024-02-19T18:10:38.802+0000] {processor.py:175} INFO - Processing /opt/airflow/dags/primeira-dag.py took 0.047 seconds
[2024-02-19T18:10:43.835+0000] {processor.py:153} INFO - Started process (PID=1078) to work on /opt/airflow/dags/primeira-dag.py
[2024-02-19T18:10:43.836+0000] {processor.py:743} INFO - Processing file /opt/airflow/dags/primeira-dag.py for tasks to queue
[2024-02-19T18:10:43.836+0000] {logging_mixin.py:137} INFO - [2024-02-19T18:10:43.836+0000] {dagbag.py:538} INFO - Filling up the DagBag from /opt/airflow/dags/primeira-dag.py
[2024-02-19T18:10:43.846+0000] {processor.py:753} INFO - DAG(s) dict_keys(['primeira_dag']) retrieved from /opt/airflow/dags/primeira-dag.py
[2024-02-19T18:10:43.866+0000] {logging_mixin.py:137} INFO - [2024-02-19T18:10:43.866+0000] {dag.py:2690} INFO - Sync 1 DAGs
[2024-02-19T18:10:43.881+0000] {logging_mixin.py:137} INFO - [2024-02-19T18:10:43.881+0000] {dag.py:3441} INFO - Setting next_dagrun for primeira_dag to None, run_after=None
[2024-02-19T18:10:43.892+0000] {processor.py:175} INFO - Processing /opt/airflow/dags/primeira-dag.py took 0.059 seconds
[2024-02-19T18:10:48.918+0000] {processor.py:153} INFO - Started process (PID=1079) to work on /opt/airflow/dags/primeira-dag.py
[2024-02-19T18:10:48.918+0000] {processor.py:743} INFO - Processing file /opt/airflow/dags/primeira-dag.py for tasks to queue
[2024-02-19T18:10:48.918+0000] {logging_mixin.py:137} INFO - [2024-02-19T18:10:48.918+0000] {dagbag.py:538} INFO - Filling up the DagBag from /opt/airflow/dags/primeira-dag.py
[2024-02-19T18:10:48.925+0000] {processor.py:753} INFO - DAG(s) dict_keys(['primeira_dag']) retrieved from /opt/airflow/dags/primeira-dag.py
[2024-02-19T18:10:48.940+0000] {logging_mixin.py:137} INFO - [2024-02-19T18:10:48.940+0000] {dag.py:2690} INFO - Sync 1 DAGs
[2024-02-19T18:10:48.953+0000] {logging_mixin.py:137} INFO - [2024-02-19T18:10:48.953+0000] {dag.py:3441} INFO - Setting next_dagrun for primeira_dag to None, run_after=None
[2024-02-19T18:10:48.963+0000] {processor.py:175} INFO - Processing /opt/airflow/dags/primeira-dag.py took 0.047 seconds
