[2024-02-20T20:33:20.550+0000] {taskinstance.py:1083} INFO - Dependencies all met for <TaskInstance: exemplo_excom.tsk2 manual__2024-02-20T20:33:18.327728+00:00 [queued]>
[2024-02-20T20:33:20.555+0000] {taskinstance.py:1083} INFO - Dependencies all met for <TaskInstance: exemplo_excom.tsk2 manual__2024-02-20T20:33:18.327728+00:00 [queued]>
[2024-02-20T20:33:20.555+0000] {taskinstance.py:1279} INFO - 
--------------------------------------------------------------------------------
[2024-02-20T20:33:20.556+0000] {taskinstance.py:1280} INFO - Starting attempt 1 of 1
[2024-02-20T20:33:20.556+0000] {taskinstance.py:1281} INFO - 
--------------------------------------------------------------------------------
[2024-02-20T20:33:20.564+0000] {taskinstance.py:1300} INFO - Executing <Task(PythonOperator): tsk2> on 2024-02-20 20:33:18.327728+00:00
[2024-02-20T20:33:20.567+0000] {standard_task_runner.py:55} INFO - Started process 202 to run task
[2024-02-20T20:33:20.569+0000] {standard_task_runner.py:82} INFO - Running: ['***', 'tasks', 'run', 'exemplo_excom', 'tsk2', 'manual__2024-02-20T20:33:18.327728+00:00', '--job-id', '141', '--raw', '--subdir', 'DAGS_FOLDER/xcom.py', '--cfg-path', '/tmp/tmpvm8esh5g']
[2024-02-20T20:33:20.569+0000] {standard_task_runner.py:83} INFO - Job 141: Subtask tsk2
[2024-02-20T20:33:20.603+0000] {task_command.py:388} INFO - Running <TaskInstance: exemplo_excom.tsk2 manual__2024-02-20T20:33:18.327728+00:00 [running]> on host 5ebca7c5f018
[2024-02-20T20:33:20.648+0000] {taskinstance.py:1509} INFO - Exporting the following env vars:
AIRFLOW_CTX_DAG_OWNER=***
AIRFLOW_CTX_DAG_ID=exemplo_excom
AIRFLOW_CTX_TASK_ID=tsk2
AIRFLOW_CTX_EXECUTION_DATE=2024-02-20T20:33:18.327728+00:00
AIRFLOW_CTX_TRY_NUMBER=1
AIRFLOW_CTX_DAG_RUN_ID=manual__2024-02-20T20:33:18.327728+00:00
[2024-02-20T20:33:20.657+0000] {logging_mixin.py:137} INFO - Valor Recuperado : 10200
[2024-02-20T20:33:20.657+0000] {python.py:177} INFO - Done. Returned value was: None
[2024-02-20T20:33:20.663+0000] {taskinstance.py:1323} INFO - Marking task as SUCCESS. dag_id=exemplo_excom, task_id=tsk2, execution_date=20240220T203318, start_date=20240220T203320, end_date=20240220T203320
[2024-02-20T20:33:20.700+0000] {local_task_job.py:208} INFO - Task exited with return code 0
[2024-02-20T20:33:20.711+0000] {taskinstance.py:2578} INFO - 0 downstream tasks scheduled from follow-on schedule check
