[2024-02-23T13:11:49.528+0000] {taskinstance.py:1083} INFO - Dependencies all met for <TaskInstance: bancodedados.create_table manual__2024-02-23T13:11:48.170729+00:00 [queued]>
[2024-02-23T13:11:49.533+0000] {taskinstance.py:1083} INFO - Dependencies all met for <TaskInstance: bancodedados.create_table manual__2024-02-23T13:11:48.170729+00:00 [queued]>
[2024-02-23T13:11:49.534+0000] {taskinstance.py:1279} INFO - 
--------------------------------------------------------------------------------
[2024-02-23T13:11:49.534+0000] {taskinstance.py:1280} INFO - Starting attempt 1 of 1
[2024-02-23T13:11:49.534+0000] {taskinstance.py:1281} INFO - 
--------------------------------------------------------------------------------
[2024-02-23T13:11:49.542+0000] {taskinstance.py:1300} INFO - Executing <Task(PostgresOperator): create_table> on 2024-02-23 13:11:48.170729+00:00
[2024-02-23T13:11:49.545+0000] {standard_task_runner.py:55} INFO - Started process 136 to run task
[2024-02-23T13:11:49.547+0000] {standard_task_runner.py:82} INFO - Running: ['***', 'tasks', 'run', 'bancodedados', 'create_table', 'manual__2024-02-23T13:11:48.170729+00:00', '--job-id', '55', '--raw', '--subdir', 'DAGS_FOLDER/bancodedados.py', '--cfg-path', '/tmp/tmpq7qowm3l']
[2024-02-23T13:11:49.547+0000] {standard_task_runner.py:83} INFO - Job 55: Subtask create_table
[2024-02-23T13:11:49.579+0000] {task_command.py:388} INFO - Running <TaskInstance: bancodedados.create_table manual__2024-02-23T13:11:48.170729+00:00 [running]> on host a03208ea8c06
[2024-02-23T13:11:49.616+0000] {taskinstance.py:1509} INFO - Exporting the following env vars:
AIRFLOW_CTX_DAG_OWNER=***
AIRFLOW_CTX_DAG_ID=bancodedados
AIRFLOW_CTX_TASK_ID=create_table
AIRFLOW_CTX_EXECUTION_DATE=2024-02-23T13:11:48.170729+00:00
AIRFLOW_CTX_TRY_NUMBER=1
AIRFLOW_CTX_DAG_RUN_ID=manual__2024-02-23T13:11:48.170729+00:00
[2024-02-23T13:11:49.617+0000] {sql.py:254} INFO - Executing: create table if not exists teste(id int);
[2024-02-23T13:11:49.621+0000] {base.py:73} INFO - Using connection ID 'postgres' for task execution.
[2024-02-23T13:11:49.755+0000] {base.py:73} INFO - Using connection ID 'postgres' for task execution.
[2024-02-23T13:11:49.757+0000] {sql.py:375} INFO - Running statement: create table if not exists teste(id int);, parameters: None
[2024-02-23T13:11:49.763+0000] {taskinstance.py:1323} INFO - Marking task as SUCCESS. dag_id=bancodedados, task_id=create_table, execution_date=20240223T131148, start_date=20240223T131149, end_date=20240223T131149
[2024-02-23T13:11:49.799+0000] {local_task_job.py:208} INFO - Task exited with return code 0
[2024-02-23T13:11:49.816+0000] {taskinstance.py:2578} INFO - 1 downstream tasks scheduled from follow-on schedule check
