[2024-03-04T14:56:26.595+0000] {taskinstance.py:1083} INFO - Dependencies all met for <TaskInstance: gera_dados_turbina.gera_dados_task manual__2024-03-04T14:56:24.910721+00:00 [queued]>
[2024-03-04T14:56:26.603+0000] {taskinstance.py:1083} INFO - Dependencies all met for <TaskInstance: gera_dados_turbina.gera_dados_task manual__2024-03-04T14:56:24.910721+00:00 [queued]>
[2024-03-04T14:56:26.604+0000] {taskinstance.py:1279} INFO - 
--------------------------------------------------------------------------------
[2024-03-04T14:56:26.604+0000] {taskinstance.py:1280} INFO - Starting attempt 1 of 1
[2024-03-04T14:56:26.604+0000] {taskinstance.py:1281} INFO - 
--------------------------------------------------------------------------------
[2024-03-04T14:56:26.619+0000] {taskinstance.py:1300} INFO - Executing <Task(PythonOperator): gera_dados_task> on 2024-03-04 14:56:24.910721+00:00
[2024-03-04T14:56:26.623+0000] {standard_task_runner.py:55} INFO - Started process 169 to run task
[2024-03-04T14:56:26.633+0000] {standard_task_runner.py:82} INFO - Running: ['***', 'tasks', 'run', 'gera_dados_turbina', 'gera_dados_task', 'manual__2024-03-04T14:56:24.910721+00:00', '--job-id', '3321', '--raw', '--subdir', 'DAGS_FOLDER/pipeline.py', '--cfg-path', '/tmp/tmpdpvy9qhz']
[2024-03-04T14:56:26.635+0000] {standard_task_runner.py:83} INFO - Job 3321: Subtask gera_dados_task
[2024-03-04T14:56:26.706+0000] {task_command.py:388} INFO - Running <TaskInstance: gera_dados_turbina.gera_dados_task manual__2024-03-04T14:56:24.910721+00:00 [running]> on host c630d9eea737
[2024-03-04T14:56:26.751+0000] {taskinstance.py:1509} INFO - Exporting the following env vars:
AIRFLOW_CTX_DAG_EMAIL=adrianolima095@gmail.com
AIRFLOW_CTX_DAG_OWNER=***
AIRFLOW_CTX_DAG_ID=gera_dados_turbina
AIRFLOW_CTX_TASK_ID=gera_dados_task
AIRFLOW_CTX_EXECUTION_DATE=2024-03-04T14:56:24.910721+00:00
AIRFLOW_CTX_TRY_NUMBER=1
AIRFLOW_CTX_DAG_RUN_ID=manual__2024-03-04T14:56:24.910721+00:00
[2024-03-04T14:56:26.751+0000] {python.py:177} INFO - Done. Returned value was: None
[2024-03-04T14:56:26.757+0000] {taskinstance.py:1323} INFO - Marking task as SUCCESS. dag_id=gera_dados_turbina, task_id=gera_dados_task, execution_date=20240304T145624, start_date=20240304T145626, end_date=20240304T145626
[2024-03-04T14:56:26.797+0000] {local_task_job.py:208} INFO - Task exited with return code 0
[2024-03-04T14:56:26.817+0000] {taskinstance.py:2578} INFO - 1 downstream tasks scheduled from follow-on schedule check
