[2024-02-20T13:06:08.835+0000] {taskinstance.py:1083} INFO - Dependencies all met for <TaskInstance: dagcomplexa.tsk6 manual__2024-02-20T13:05:49.734724+00:00 [queued]>
[2024-02-20T13:06:08.843+0000] {taskinstance.py:1083} INFO - Dependencies all met for <TaskInstance: dagcomplexa.tsk6 manual__2024-02-20T13:05:49.734724+00:00 [queued]>
[2024-02-20T13:06:08.843+0000] {taskinstance.py:1279} INFO - 
--------------------------------------------------------------------------------
[2024-02-20T13:06:08.843+0000] {taskinstance.py:1280} INFO - Starting attempt 1 of 1
[2024-02-20T13:06:08.843+0000] {taskinstance.py:1281} INFO - 
--------------------------------------------------------------------------------
[2024-02-20T13:06:08.853+0000] {taskinstance.py:1300} INFO - Executing <Task(BashOperator): tsk6> on 2024-02-20 13:05:49.734724+00:00
[2024-02-20T13:06:08.857+0000] {standard_task_runner.py:55} INFO - Started process 247 to run task
[2024-02-20T13:06:08.858+0000] {standard_task_runner.py:82} INFO - Running: ['***', 'tasks', 'run', 'dagcomplexa', 'tsk6', 'manual__2024-02-20T13:05:49.734724+00:00', '--job-id', '102', '--raw', '--subdir', 'DAGS_FOLDER/dagcomplexa.py', '--cfg-path', '/tmp/tmpouccz61i']
[2024-02-20T13:06:08.859+0000] {standard_task_runner.py:83} INFO - Job 102: Subtask tsk6
[2024-02-20T13:06:08.889+0000] {task_command.py:388} INFO - Running <TaskInstance: dagcomplexa.tsk6 manual__2024-02-20T13:05:49.734724+00:00 [running]> on host 8aa4196d52c5
[2024-02-20T13:06:08.925+0000] {taskinstance.py:1509} INFO - Exporting the following env vars:
AIRFLOW_CTX_DAG_OWNER=***
AIRFLOW_CTX_DAG_ID=dagcomplexa
AIRFLOW_CTX_TASK_ID=tsk6
AIRFLOW_CTX_EXECUTION_DATE=2024-02-20T13:05:49.734724+00:00
AIRFLOW_CTX_TRY_NUMBER=1
AIRFLOW_CTX_DAG_RUN_ID=manual__2024-02-20T13:05:49.734724+00:00
[2024-02-20T13:06:08.925+0000] {subprocess.py:63} INFO - Tmp dir root location: 
 /tmp
[2024-02-20T13:06:08.926+0000] {subprocess.py:75} INFO - Running command: ['/bin/bash', '-c', 'sleep 5']
[2024-02-20T13:06:08.932+0000] {subprocess.py:86} INFO - Output:
[2024-02-20T13:06:13.934+0000] {subprocess.py:97} INFO - Command exited with return code 0
[2024-02-20T13:06:13.949+0000] {taskinstance.py:1323} INFO - Marking task as SUCCESS. dag_id=dagcomplexa, task_id=tsk6, execution_date=20240220T130549, start_date=20240220T130608, end_date=20240220T130613
[2024-02-20T13:06:13.965+0000] {local_task_job.py:208} INFO - Task exited with return code 0
[2024-02-20T13:06:13.980+0000] {taskinstance.py:2578} INFO - 2 downstream tasks scheduled from follow-on schedule check
