[2024-03-02T16:24:15.719+0000] {taskinstance.py:1083} INFO - Dependencies all met for <TaskInstance: gera_dados_turbina.file_sensor_task manual__2024-03-02T16:24:13.929301+00:00 [queued]>
[2024-03-02T16:24:15.724+0000] {taskinstance.py:1083} INFO - Dependencies all met for <TaskInstance: gera_dados_turbina.file_sensor_task manual__2024-03-02T16:24:13.929301+00:00 [queued]>
[2024-03-02T16:24:15.724+0000] {taskinstance.py:1279} INFO - 
--------------------------------------------------------------------------------
[2024-03-02T16:24:15.724+0000] {taskinstance.py:1280} INFO - Starting attempt 1 of 1
[2024-03-02T16:24:15.724+0000] {taskinstance.py:1281} INFO - 
--------------------------------------------------------------------------------
[2024-03-02T16:24:15.732+0000] {taskinstance.py:1300} INFO - Executing <Task(FileSensor): file_sensor_task> on 2024-03-02 16:24:13.929301+00:00
[2024-03-02T16:24:15.735+0000] {standard_task_runner.py:55} INFO - Started process 204 to run task
[2024-03-02T16:24:15.737+0000] {standard_task_runner.py:82} INFO - Running: ['***', 'tasks', 'run', 'gera_dados_turbina', 'file_sensor_task', 'manual__2024-03-02T16:24:13.929301+00:00', '--job-id', '3212', '--raw', '--subdir', 'DAGS_FOLDER/pipeline.py', '--cfg-path', '/tmp/tmpkfrk14xq']
[2024-03-02T16:24:15.738+0000] {standard_task_runner.py:83} INFO - Job 3212: Subtask file_sensor_task
[2024-03-02T16:24:15.770+0000] {task_command.py:388} INFO - Running <TaskInstance: gera_dados_turbina.file_sensor_task manual__2024-03-02T16:24:13.929301+00:00 [running]> on host a4d4fd32659a
[2024-03-02T16:24:15.812+0000] {taskinstance.py:1509} INFO - Exporting the following env vars:
AIRFLOW_CTX_DAG_OWNER=***
AIRFLOW_CTX_DAG_ID=gera_dados_turbina
AIRFLOW_CTX_TASK_ID=file_sensor_task
AIRFLOW_CTX_EXECUTION_DATE=2024-03-02T16:24:13.929301+00:00
AIRFLOW_CTX_TRY_NUMBER=1
AIRFLOW_CTX_DAG_RUN_ID=manual__2024-03-02T16:24:13.929301+00:00
[2024-03-02T16:24:15.821+0000] {taskinstance.py:1768} ERROR - Task failed with exception
Traceback (most recent call last):
  File "/home/airflow/.local/lib/python3.7/site-packages/airflow/sensors/base.py", line 199, in execute
    poke_return = self.poke(context)
  File "/home/airflow/.local/lib/python3.7/site-packages/airflow/sensors/filesystem.py", line 61, in poke
    hook = FSHook(self.fs_conn_id)
  File "/home/airflow/.local/lib/python3.7/site-packages/airflow/hooks/filesystem.py", line 38, in __init__
    conn = self.get_connection(conn_id)
  File "/home/airflow/.local/lib/python3.7/site-packages/airflow/hooks/base.py", line 72, in get_connection
    conn = Connection.get_connection_from_secrets(conn_id)
  File "/home/airflow/.local/lib/python3.7/site-packages/airflow/models/connection.py", line 435, in get_connection_from_secrets
    raise AirflowNotFoundException(f"The conn_id `{conn_id}` isn't defined")
airflow.exceptions.AirflowNotFoundException: The conn_id `fs_default` isn't defined
[2024-03-02T16:24:15.823+0000] {taskinstance.py:1323} INFO - Marking task as FAILED. dag_id=gera_dados_turbina, task_id=file_sensor_task, execution_date=20240302T162413, start_date=20240302T162415, end_date=20240302T162415
[2024-03-02T16:24:15.829+0000] {standard_task_runner.py:105} ERROR - Failed to execute job 3212 for task file_sensor_task (The conn_id `fs_default` isn't defined; 204)
[2024-03-02T16:24:15.868+0000] {local_task_job.py:208} INFO - Task exited with return code 1
[2024-03-02T16:24:15.888+0000] {taskinstance.py:2578} INFO - 0 downstream tasks scheduled from follow-on schedule check
