[2024-02-21T13:06:08.562+0000] {taskinstance.py:1083} INFO - Dependencies all met for <TaskInstance: dummy.tsk2 manual__2024-02-21T13:06:07.335638+00:00 [queued]>
[2024-02-21T13:06:08.568+0000] {taskinstance.py:1083} INFO - Dependencies all met for <TaskInstance: dummy.tsk2 manual__2024-02-21T13:06:07.335638+00:00 [queued]>
[2024-02-21T13:06:08.568+0000] {taskinstance.py:1279} INFO - 
--------------------------------------------------------------------------------
[2024-02-21T13:06:08.568+0000] {taskinstance.py:1280} INFO - Starting attempt 1 of 1
[2024-02-21T13:06:08.568+0000] {taskinstance.py:1281} INFO - 
--------------------------------------------------------------------------------
[2024-02-21T13:06:08.577+0000] {taskinstance.py:1300} INFO - Executing <Task(BashOperator): tsk2> on 2024-02-21 13:06:07.335638+00:00
[2024-02-21T13:06:08.580+0000] {standard_task_runner.py:55} INFO - Started process 172 to run task
[2024-02-21T13:06:08.581+0000] {standard_task_runner.py:82} INFO - Running: ['***', 'tasks', 'run', 'dummy', 'tsk2', 'manual__2024-02-21T13:06:07.335638+00:00', '--job-id', '12', '--raw', '--subdir', 'DAGS_FOLDER/dummy.py', '--cfg-path', '/tmp/tmptx2rlj4c']
[2024-02-21T13:06:08.582+0000] {standard_task_runner.py:83} INFO - Job 12: Subtask tsk2
[2024-02-21T13:06:08.617+0000] {task_command.py:388} INFO - Running <TaskInstance: dummy.tsk2 manual__2024-02-21T13:06:07.335638+00:00 [running]> on host 9003613dfa4d
[2024-02-21T13:06:08.656+0000] {taskinstance.py:1509} INFO - Exporting the following env vars:
AIRFLOW_CTX_DAG_OWNER=***
AIRFLOW_CTX_DAG_ID=dummy
AIRFLOW_CTX_TASK_ID=tsk2
AIRFLOW_CTX_EXECUTION_DATE=2024-02-21T13:06:07.335638+00:00
AIRFLOW_CTX_TRY_NUMBER=1
AIRFLOW_CTX_DAG_RUN_ID=manual__2024-02-21T13:06:07.335638+00:00
[2024-02-21T13:06:08.657+0000] {subprocess.py:63} INFO - Tmp dir root location: 
 /tmp
[2024-02-21T13:06:08.657+0000] {subprocess.py:75} INFO - Running command: ['/bin/bash', '-c', 'sleep 1']
[2024-02-21T13:06:08.663+0000] {subprocess.py:86} INFO - Output:
[2024-02-21T13:06:09.666+0000] {subprocess.py:97} INFO - Command exited with return code 0
[2024-02-21T13:06:09.689+0000] {taskinstance.py:1323} INFO - Marking task as SUCCESS. dag_id=dummy, task_id=tsk2, execution_date=20240221T130607, start_date=20240221T130608, end_date=20240221T130609
[2024-02-21T13:06:09.717+0000] {local_task_job.py:208} INFO - Task exited with return code 0
[2024-02-21T13:06:09.734+0000] {taskinstance.py:2578} INFO - 1 downstream tasks scheduled from follow-on schedule check
