[2024-02-20T12:05:48.249+0000] {taskinstance.py:1083} INFO - Dependencies all met for <TaskInstance: triggerdag1.tsk2 manual__2024-02-20T12:05:47.505959+00:00 [queued]>
[2024-02-20T12:05:48.254+0000] {taskinstance.py:1083} INFO - Dependencies all met for <TaskInstance: triggerdag1.tsk2 manual__2024-02-20T12:05:47.505959+00:00 [queued]>
[2024-02-20T12:05:48.254+0000] {taskinstance.py:1279} INFO - 
--------------------------------------------------------------------------------
[2024-02-20T12:05:48.254+0000] {taskinstance.py:1280} INFO - Starting attempt 1 of 1
[2024-02-20T12:05:48.254+0000] {taskinstance.py:1281} INFO - 
--------------------------------------------------------------------------------
[2024-02-20T12:05:48.262+0000] {taskinstance.py:1300} INFO - Executing <Task(BashOperator): tsk2> on 2024-02-20 12:05:47.505959+00:00
[2024-02-20T12:05:48.265+0000] {standard_task_runner.py:55} INFO - Started process 169 to run task
[2024-02-20T12:05:48.267+0000] {standard_task_runner.py:82} INFO - Running: ['***', 'tasks', 'run', 'triggerdag1', 'tsk2', 'manual__2024-02-20T12:05:47.505959+00:00', '--job-id', '79', '--raw', '--subdir', 'DAGS_FOLDER/triggerDag1.py', '--cfg-path', '/tmp/tmp_hi5qi5y']
[2024-02-20T12:05:48.267+0000] {standard_task_runner.py:83} INFO - Job 79: Subtask tsk2
[2024-02-20T12:05:48.298+0000] {task_command.py:388} INFO - Running <TaskInstance: triggerdag1.tsk2 manual__2024-02-20T12:05:47.505959+00:00 [running]> on host f73d1ad47779
[2024-02-20T12:05:48.335+0000] {taskinstance.py:1509} INFO - Exporting the following env vars:
AIRFLOW_CTX_DAG_OWNER=***
AIRFLOW_CTX_DAG_ID=triggerdag1
AIRFLOW_CTX_TASK_ID=tsk2
AIRFLOW_CTX_EXECUTION_DATE=2024-02-20T12:05:47.505959+00:00
AIRFLOW_CTX_TRY_NUMBER=1
AIRFLOW_CTX_DAG_RUN_ID=manual__2024-02-20T12:05:47.505959+00:00
[2024-02-20T12:05:48.336+0000] {subprocess.py:63} INFO - Tmp dir root location: 
 /tmp
[2024-02-20T12:05:48.336+0000] {subprocess.py:75} INFO - Running command: ['/bin/bash', '-c', 'sleep 5']
[2024-02-20T12:05:48.342+0000] {subprocess.py:86} INFO - Output:
[2024-02-20T12:05:53.344+0000] {subprocess.py:97} INFO - Command exited with return code 0
[2024-02-20T12:05:53.363+0000] {taskinstance.py:1323} INFO - Marking task as SUCCESS. dag_id=triggerdag1, task_id=tsk2, execution_date=20240220T120547, start_date=20240220T120548, end_date=20240220T120553
[2024-02-20T12:05:53.406+0000] {local_task_job.py:208} INFO - Task exited with return code 0
[2024-02-20T12:05:53.422+0000] {taskinstance.py:2578} INFO - 0 downstream tasks scheduled from follow-on schedule check
