[2024-03-04T12:40:18.965+0000] {taskinstance.py:1083} INFO - Dependencies all met for <TaskInstance: gera_dados_turbina.gera_dados_task manual__2024-03-04T12:40:17.679276+00:00 [queued]>
[2024-03-04T12:40:18.972+0000] {taskinstance.py:1083} INFO - Dependencies all met for <TaskInstance: gera_dados_turbina.gera_dados_task manual__2024-03-04T12:40:17.679276+00:00 [queued]>
[2024-03-04T12:40:18.972+0000] {taskinstance.py:1279} INFO - 
--------------------------------------------------------------------------------
[2024-03-04T12:40:18.972+0000] {taskinstance.py:1280} INFO - Starting attempt 1 of 1
[2024-03-04T12:40:18.972+0000] {taskinstance.py:1281} INFO - 
--------------------------------------------------------------------------------
[2024-03-04T12:40:18.982+0000] {taskinstance.py:1300} INFO - Executing <Task(PythonOperator): gera_dados_task> on 2024-03-04 12:40:17.679276+00:00
[2024-03-04T12:40:18.985+0000] {standard_task_runner.py:55} INFO - Started process 169 to run task
[2024-03-04T12:40:18.987+0000] {standard_task_runner.py:82} INFO - Running: ['***', 'tasks', 'run', 'gera_dados_turbina', 'gera_dados_task', 'manual__2024-03-04T12:40:17.679276+00:00', '--job-id', '3227', '--raw', '--subdir', 'DAGS_FOLDER/pipeline.py', '--cfg-path', '/tmp/tmpu2d_r2l6']
[2024-03-04T12:40:18.988+0000] {standard_task_runner.py:83} INFO - Job 3227: Subtask gera_dados_task
[2024-03-04T12:40:19.028+0000] {task_command.py:388} INFO - Running <TaskInstance: gera_dados_turbina.gera_dados_task manual__2024-03-04T12:40:17.679276+00:00 [running]> on host 6d7d00f325e8
[2024-03-04T12:40:19.082+0000] {taskinstance.py:1509} INFO - Exporting the following env vars:
AIRFLOW_CTX_DAG_EMAIL=adrianolima095@gmail.com
AIRFLOW_CTX_DAG_OWNER=***
AIRFLOW_CTX_DAG_ID=gera_dados_turbina
AIRFLOW_CTX_TASK_ID=gera_dados_task
AIRFLOW_CTX_EXECUTION_DATE=2024-03-04T12:40:17.679276+00:00
AIRFLOW_CTX_TRY_NUMBER=1
AIRFLOW_CTX_DAG_RUN_ID=manual__2024-03-04T12:40:17.679276+00:00
[2024-03-04T12:40:19.083+0000] {python.py:177} INFO - Done. Returned value was: None
[2024-03-04T12:40:19.091+0000] {taskinstance.py:1323} INFO - Marking task as SUCCESS. dag_id=gera_dados_turbina, task_id=gera_dados_task, execution_date=20240304T124017, start_date=20240304T124018, end_date=20240304T124019
[2024-03-04T12:40:19.118+0000] {local_task_job.py:208} INFO - Task exited with return code 0
[2024-03-04T12:40:19.139+0000] {taskinstance.py:2578} INFO - 1 downstream tasks scheduled from follow-on schedule check
