[2024-02-23T14:01:40.856+0000] {taskinstance.py:1083} INFO - Dependencies all met for <TaskInstance: hooks.create_table_task manual__2024-02-23T14:01:40.246681+00:00 [queued]>
[2024-02-23T14:01:40.862+0000] {taskinstance.py:1083} INFO - Dependencies all met for <TaskInstance: hooks.create_table_task manual__2024-02-23T14:01:40.246681+00:00 [queued]>
[2024-02-23T14:01:40.862+0000] {taskinstance.py:1279} INFO - 
--------------------------------------------------------------------------------
[2024-02-23T14:01:40.862+0000] {taskinstance.py:1280} INFO - Starting attempt 1 of 1
[2024-02-23T14:01:40.862+0000] {taskinstance.py:1281} INFO - 
--------------------------------------------------------------------------------
[2024-02-23T14:01:40.871+0000] {taskinstance.py:1300} INFO - Executing <Task(PythonOperator): create_table_task> on 2024-02-23 14:01:40.246681+00:00
[2024-02-23T14:01:40.875+0000] {standard_task_runner.py:55} INFO - Started process 168 to run task
[2024-02-23T14:01:40.877+0000] {standard_task_runner.py:82} INFO - Running: ['***', 'tasks', 'run', 'hooks', 'create_table_task', 'manual__2024-02-23T14:01:40.246681+00:00', '--job-id', '77', '--raw', '--subdir', 'DAGS_FOLDER/hooks.py', '--cfg-path', '/tmp/tmpssdzw000']
[2024-02-23T14:01:40.877+0000] {standard_task_runner.py:83} INFO - Job 77: Subtask create_table_task
[2024-02-23T14:01:40.914+0000] {task_command.py:388} INFO - Running <TaskInstance: hooks.create_table_task manual__2024-02-23T14:01:40.246681+00:00 [running]> on host 0b7509b0ccc4
[2024-02-23T14:01:40.955+0000] {taskinstance.py:1509} INFO - Exporting the following env vars:
AIRFLOW_CTX_DAG_OWNER=***
AIRFLOW_CTX_DAG_ID=hooks
AIRFLOW_CTX_TASK_ID=create_table_task
AIRFLOW_CTX_EXECUTION_DATE=2024-02-23T14:01:40.246681+00:00
AIRFLOW_CTX_TRY_NUMBER=1
AIRFLOW_CTX_DAG_RUN_ID=manual__2024-02-23T14:01:40.246681+00:00
[2024-02-23T14:01:40.964+0000] {taskinstance.py:1768} ERROR - Task failed with exception
Traceback (most recent call last):
  File "/home/airflow/.local/lib/python3.7/site-packages/airflow/operators/python.py", line 175, in execute
    return_value = self.execute_callable()
  File "/home/airflow/.local/lib/python3.7/site-packages/airflow/operators/python.py", line 192, in execute_callable
    return self.python_callable(*self.op_args, **self.op_kwargs)
  File "/opt/airflow/dags/hooks.py", line 15, in create_table
    pg_hook.run("create table if not exists teste2(id int);", autocommit=True)
  File "/home/airflow/.local/lib/python3.7/site-packages/airflow/providers/common/sql/hooks/sql.py", line 342, in run
    with closing(self.get_conn()) as conn:
  File "/home/airflow/.local/lib/python3.7/site-packages/airflow/providers/postgres/hooks/postgres.py", line 117, in get_conn
    conn = deepcopy(self.connection or self.get_connection(conn_id))
  File "/home/airflow/.local/lib/python3.7/site-packages/airflow/hooks/base.py", line 72, in get_connection
    conn = Connection.get_connection_from_secrets(conn_id)
  File "/home/airflow/.local/lib/python3.7/site-packages/airflow/models/connection.py", line 435, in get_connection_from_secrets
    raise AirflowNotFoundException(f"The conn_id `{conn_id}` isn't defined")
airflow.exceptions.AirflowNotFoundException: The conn_id `postgres_default` isn't defined
[2024-02-23T14:01:40.966+0000] {taskinstance.py:1323} INFO - Marking task as FAILED. dag_id=hooks, task_id=create_table_task, execution_date=20240223T140140, start_date=20240223T140140, end_date=20240223T140140
[2024-02-23T14:01:40.974+0000] {standard_task_runner.py:105} ERROR - Failed to execute job 77 for task create_table_task (The conn_id `postgres_default` isn't defined; 168)
[2024-02-23T14:01:41.008+0000] {local_task_job.py:208} INFO - Task exited with return code 1
[2024-02-23T14:01:41.025+0000] {taskinstance.py:2578} INFO - 0 downstream tasks scheduled from follow-on schedule check
