[2024-03-04T13:59:33.598+0000] {taskinstance.py:1083} INFO - Dependencies all met for <TaskInstance: gera_dados_turbina.group_database.insert_data_task manual__2024-03-04T13:59:28.144030+00:00 [queued]>
[2024-03-04T13:59:33.606+0000] {taskinstance.py:1083} INFO - Dependencies all met for <TaskInstance: gera_dados_turbina.group_database.insert_data_task manual__2024-03-04T13:59:28.144030+00:00 [queued]>
[2024-03-04T13:59:33.606+0000] {taskinstance.py:1279} INFO - 
--------------------------------------------------------------------------------
[2024-03-04T13:59:33.606+0000] {taskinstance.py:1280} INFO - Starting attempt 1 of 1
[2024-03-04T13:59:33.606+0000] {taskinstance.py:1281} INFO - 
--------------------------------------------------------------------------------
[2024-03-04T13:59:33.617+0000] {taskinstance.py:1300} INFO - Executing <Task(PostgresOperator): group_database.insert_data_task> on 2024-03-04 13:59:28.144030+00:00
[2024-03-04T13:59:33.621+0000] {standard_task_runner.py:55} INFO - Started process 184 to run task
[2024-03-04T13:59:33.623+0000] {standard_task_runner.py:82} INFO - Running: ['***', 'tasks', 'run', 'gera_dados_turbina', 'group_database.insert_data_task', 'manual__2024-03-04T13:59:28.144030+00:00', '--job-id', '3267', '--raw', '--subdir', 'DAGS_FOLDER/pipeline.py', '--cfg-path', '/tmp/tmp7vtfpyhd']
[2024-03-04T13:59:33.624+0000] {standard_task_runner.py:83} INFO - Job 3267: Subtask group_database.insert_data_task
[2024-03-04T13:59:33.664+0000] {task_command.py:388} INFO - Running <TaskInstance: gera_dados_turbina.group_database.insert_data_task manual__2024-03-04T13:59:28.144030+00:00 [running]> on host e2bf648b1dfb
[2024-03-04T13:59:33.712+0000] {taskinstance.py:1509} INFO - Exporting the following env vars:
AIRFLOW_CTX_DAG_EMAIL=adrianolima095@gmail.com
AIRFLOW_CTX_DAG_OWNER=***
AIRFLOW_CTX_DAG_ID=gera_dados_turbina
AIRFLOW_CTX_TASK_ID=group_database.insert_data_task
AIRFLOW_CTX_EXECUTION_DATE=2024-03-04T13:59:28.144030+00:00
AIRFLOW_CTX_TRY_NUMBER=1
AIRFLOW_CTX_DAG_RUN_ID=manual__2024-03-04T13:59:28.144030+00:00
[2024-03-04T13:59:33.712+0000] {sql.py:254} INFO - Executing: INSERT INTO sensors (  idtemp 
                                                                  , powerfactor
                                                                  , hydraulicpressure
                                                                  , temperature
                                                                  , timestamp
                                                                  )
                                                          VALUES (  %s
                                                                  , %s
                                                                  , %s
                                                                  , %s
                                                                  , %s
                                                                  ); 
                                          
[2024-03-04T13:59:33.717+0000] {base.py:73} INFO - Using connection ID 'postgres' for task execution.
[2024-03-04T13:59:33.870+0000] {base.py:73} INFO - Using connection ID 'postgres' for task execution.
[2024-03-04T13:59:33.873+0000] {sql.py:375} INFO - Running statement: INSERT INTO sensors (  idtemp 
                                                                  , powerfactor
                                                                  , hydraulicpressure
                                                                  , temperature
                                                                  , timestamp
                                                                  )
                                                          VALUES (  %s
                                                                  , %s
                                                                  , %s
                                                                  , %s
                                                                  , %s
                                                                  ); 
                                          , parameters: ('{{ ti.xcom_pull(task_ids="get_data_task",key="idtemp") }}', '{{ ti.xcom_pull(task_ids="get_data_task",key="powerfactor") }}', '{{ ti.xcom_pull(task_ids="get_data_task",key="hydraulicpressure") }}', '{{ ti.xcom_pull(task_ids="get_data_task",key="temperature") }}', '{{ ti.xcom_pull(task_ids="get_data_task",key="timestamp") }}')
[2024-03-04T13:59:33.873+0000] {sql.py:384} INFO - Rows affected: 1
[2024-03-04T13:59:33.881+0000] {taskinstance.py:1323} INFO - Marking task as SUCCESS. dag_id=gera_dados_turbina, task_id=group_database.insert_data_task, execution_date=20240304T135928, start_date=20240304T135933, end_date=20240304T135933
[2024-03-04T13:59:33.915+0000] {local_task_job.py:208} INFO - Task exited with return code 0
[2024-03-04T13:59:33.928+0000] {taskinstance.py:2578} INFO - 0 downstream tasks scheduled from follow-on schedule check
