[2024-02-23T14:08:20.326+0000] {taskinstance.py:1083} INFO - Dependencies all met for <TaskInstance: hook.insert_data manual__2024-02-23T14:08:18.195077+00:00 [queued]>
[2024-02-23T14:08:20.332+0000] {taskinstance.py:1083} INFO - Dependencies all met for <TaskInstance: hook.insert_data manual__2024-02-23T14:08:18.195077+00:00 [queued]>
[2024-02-23T14:08:20.332+0000] {taskinstance.py:1279} INFO - 
--------------------------------------------------------------------------------
[2024-02-23T14:08:20.332+0000] {taskinstance.py:1280} INFO - Starting attempt 1 of 1
[2024-02-23T14:08:20.332+0000] {taskinstance.py:1281} INFO - 
--------------------------------------------------------------------------------
[2024-02-23T14:08:20.340+0000] {taskinstance.py:1300} INFO - Executing <Task(PythonOperator): insert_data> on 2024-02-23 14:08:18.195077+00:00
[2024-02-23T14:08:20.343+0000] {standard_task_runner.py:55} INFO - Started process 210 to run task
[2024-02-23T14:08:20.345+0000] {standard_task_runner.py:82} INFO - Running: ['***', 'tasks', 'run', 'hook', 'insert_data', 'manual__2024-02-23T14:08:18.195077+00:00', '--job-id', '89', '--raw', '--subdir', 'DAGS_FOLDER/hooks.py', '--cfg-path', '/tmp/tmph5tbvp1g']
[2024-02-23T14:08:20.345+0000] {standard_task_runner.py:83} INFO - Job 89: Subtask insert_data
[2024-02-23T14:08:20.379+0000] {task_command.py:388} INFO - Running <TaskInstance: hook.insert_data manual__2024-02-23T14:08:18.195077+00:00 [running]> on host 902608fbf7c9
[2024-02-23T14:08:20.416+0000] {taskinstance.py:1509} INFO - Exporting the following env vars:
AIRFLOW_CTX_DAG_OWNER=***
AIRFLOW_CTX_DAG_ID=hook
AIRFLOW_CTX_TASK_ID=insert_data
AIRFLOW_CTX_EXECUTION_DATE=2024-02-23T14:08:18.195077+00:00
AIRFLOW_CTX_TRY_NUMBER=1
AIRFLOW_CTX_DAG_RUN_ID=manual__2024-02-23T14:08:18.195077+00:00
[2024-02-23T14:08:20.421+0000] {base.py:73} INFO - Using connection ID 'postgres' for task execution.
[2024-02-23T14:08:20.422+0000] {sql.py:375} INFO - Running statement: insert into teste2 values(1);, parameters: None
[2024-02-23T14:08:20.423+0000] {sql.py:384} INFO - Rows affected: 1
[2024-02-23T14:08:20.424+0000] {python.py:177} INFO - Done. Returned value was: None
[2024-02-23T14:08:20.429+0000] {taskinstance.py:1323} INFO - Marking task as SUCCESS. dag_id=hook, task_id=insert_data, execution_date=20240223T140818, start_date=20240223T140820, end_date=20240223T140820
[2024-02-23T14:08:20.477+0000] {local_task_job.py:208} INFO - Task exited with return code 0
[2024-02-23T14:08:20.499+0000] {taskinstance.py:2578} INFO - 1 downstream tasks scheduled from follow-on schedule check
