[2024-03-04T17:48:50.190+0000] {taskinstance.py:1083} INFO - Dependencies all met for <TaskInstance: gera_dados_turbina.group_check_temp.send_email_normal_task manual__2024-03-04T17:48:44.892614+00:00 [queued]>
[2024-03-04T17:48:50.196+0000] {taskinstance.py:1083} INFO - Dependencies all met for <TaskInstance: gera_dados_turbina.group_check_temp.send_email_normal_task manual__2024-03-04T17:48:44.892614+00:00 [queued]>
[2024-03-04T17:48:50.196+0000] {taskinstance.py:1279} INFO - 
--------------------------------------------------------------------------------
[2024-03-04T17:48:50.196+0000] {taskinstance.py:1280} INFO - Starting attempt 1 of 2
[2024-03-04T17:48:50.196+0000] {taskinstance.py:1281} INFO - 
--------------------------------------------------------------------------------
[2024-03-04T17:48:50.205+0000] {taskinstance.py:1300} INFO - Executing <Task(EmailOperator): group_check_temp.send_email_normal_task> on 2024-03-04 17:48:44.892614+00:00
[2024-03-04T17:48:50.209+0000] {standard_task_runner.py:55} INFO - Started process 176 to run task
[2024-03-04T17:48:50.211+0000] {standard_task_runner.py:82} INFO - Running: ['***', 'tasks', 'run', 'gera_dados_turbina', 'group_check_temp.send_email_normal_task', 'manual__2024-03-04T17:48:44.892614+00:00', '--job-id', '3402', '--raw', '--subdir', 'DAGS_FOLDER/pipeline.py', '--cfg-path', '/tmp/tmpvrryyh4_']
[2024-03-04T17:48:50.212+0000] {standard_task_runner.py:83} INFO - Job 3402: Subtask group_check_temp.send_email_normal_task
[2024-03-04T17:48:50.246+0000] {task_command.py:388} INFO - Running <TaskInstance: gera_dados_turbina.group_check_temp.send_email_normal_task manual__2024-03-04T17:48:44.892614+00:00 [running]> on host f002d2097047
[2024-03-04T17:48:50.284+0000] {taskinstance.py:1509} INFO - Exporting the following env vars:
AIRFLOW_CTX_DAG_EMAIL=adrianolima095@gmail.com
AIRFLOW_CTX_DAG_OWNER=***
AIRFLOW_CTX_DAG_ID=gera_dados_turbina
AIRFLOW_CTX_TASK_ID=group_check_temp.send_email_normal_task
AIRFLOW_CTX_EXECUTION_DATE=2024-03-04T17:48:44.892614+00:00
AIRFLOW_CTX_TRY_NUMBER=1
AIRFLOW_CTX_DAG_RUN_ID=manual__2024-03-04T17:48:44.892614+00:00
[2024-03-04T17:48:50.289+0000] {warnings.py:110} WARNING - /home/***/.local/lib/python3.7/site-packages/***/utils/email.py:152: RemovedInAirflow3Warning: Fetching SMTP credentials from configuration variables will be deprecated in a future release. Please set credentials using a connection instead.
  send_mime_email(e_from=mail_from, e_to=recipients, mime_msg=msg, conn_id=conn_id, dryrun=dryrun)

[2024-03-04T17:48:50.289+0000] {email.py:268} INFO - Email alerting: attempt 1
[2024-03-04T17:48:51.576+0000] {email.py:280} INFO - Sent an alert email to ['adrianolima095@gmail.com']
[2024-03-04T17:48:53.141+0000] {taskinstance.py:1323} INFO - Marking task as SUCCESS. dag_id=gera_dados_turbina, task_id=group_check_temp.send_email_normal_task, execution_date=20240304T174844, start_date=20240304T174850, end_date=20240304T174853
[2024-03-04T17:48:53.193+0000] {local_task_job.py:208} INFO - Task exited with return code 0
[2024-03-04T17:48:53.217+0000] {taskinstance.py:2578} INFO - 0 downstream tasks scheduled from follow-on schedule check
