[2024-02-20T14:03:32.467+0000] {taskinstance.py:1083} INFO - Dependencies all met for <TaskInstance: dagrundag2.tsk2 manual__2024-02-20T14:03:25.447372+00:00 [queued]>
[2024-02-20T14:03:32.472+0000] {taskinstance.py:1083} INFO - Dependencies all met for <TaskInstance: dagrundag2.tsk2 manual__2024-02-20T14:03:25.447372+00:00 [queued]>
[2024-02-20T14:03:32.472+0000] {taskinstance.py:1279} INFO - 
--------------------------------------------------------------------------------
[2024-02-20T14:03:32.473+0000] {taskinstance.py:1280} INFO - Starting attempt 1 of 1
[2024-02-20T14:03:32.473+0000] {taskinstance.py:1281} INFO - 
--------------------------------------------------------------------------------
[2024-02-20T14:03:32.481+0000] {taskinstance.py:1300} INFO - Executing <Task(BashOperator): tsk2> on 2024-02-20 14:03:25.447372+00:00
[2024-02-20T14:03:32.484+0000] {standard_task_runner.py:55} INFO - Started process 506 to run task
[2024-02-20T14:03:32.486+0000] {standard_task_runner.py:82} INFO - Running: ['***', 'tasks', 'run', 'dagrundag2', 'tsk2', 'manual__2024-02-20T14:03:25.447372+00:00', '--job-id', '132', '--raw', '--subdir', 'DAGS_FOLDER/dagrundag2.py', '--cfg-path', '/tmp/tmpu7o6ha43']
[2024-02-20T14:03:32.486+0000] {standard_task_runner.py:83} INFO - Job 132: Subtask tsk2
[2024-02-20T14:03:32.520+0000] {task_command.py:388} INFO - Running <TaskInstance: dagrundag2.tsk2 manual__2024-02-20T14:03:25.447372+00:00 [running]> on host 8bdf191d1a25
[2024-02-20T14:03:32.560+0000] {taskinstance.py:1509} INFO - Exporting the following env vars:
AIRFLOW_CTX_DAG_OWNER=***
AIRFLOW_CTX_DAG_ID=dagrundag2
AIRFLOW_CTX_TASK_ID=tsk2
AIRFLOW_CTX_EXECUTION_DATE=2024-02-20T14:03:25.447372+00:00
AIRFLOW_CTX_TRY_NUMBER=1
AIRFLOW_CTX_DAG_RUN_ID=manual__2024-02-20T14:03:25.447372+00:00
[2024-02-20T14:03:32.561+0000] {subprocess.py:63} INFO - Tmp dir root location: 
 /tmp
[2024-02-20T14:03:32.561+0000] {subprocess.py:75} INFO - Running command: ['/bin/bash', '-c', 'sleep 5']
[2024-02-20T14:03:32.567+0000] {subprocess.py:86} INFO - Output:
[2024-02-20T14:03:37.569+0000] {subprocess.py:97} INFO - Command exited with return code 0
[2024-02-20T14:03:37.587+0000] {taskinstance.py:1323} INFO - Marking task as SUCCESS. dag_id=dagrundag2, task_id=tsk2, execution_date=20240220T140325, start_date=20240220T140332, end_date=20240220T140337
[2024-02-20T14:03:37.619+0000] {local_task_job.py:208} INFO - Task exited with return code 0
[2024-02-20T14:03:37.630+0000] {taskinstance.py:2578} INFO - 0 downstream tasks scheduled from follow-on schedule check
