[2024-03-04T17:28:28.278+0000] {taskinstance.py:1083} INFO - Dependencies all met for <TaskInstance: gera_dados_turbina.task_generates_data manual__2024-03-04T17:28:16.783205+00:00 [queued]>
[2024-03-04T17:28:28.283+0000] {taskinstance.py:1083} INFO - Dependencies all met for <TaskInstance: gera_dados_turbina.task_generates_data manual__2024-03-04T17:28:16.783205+00:00 [queued]>
[2024-03-04T17:28:28.283+0000] {taskinstance.py:1279} INFO - 
--------------------------------------------------------------------------------
[2024-03-04T17:28:28.283+0000] {taskinstance.py:1280} INFO - Starting attempt 2 of 2
[2024-03-04T17:28:28.284+0000] {taskinstance.py:1281} INFO - 
--------------------------------------------------------------------------------
[2024-03-04T17:28:28.291+0000] {taskinstance.py:1300} INFO - Executing <Task(PythonOperator): task_generates_data> on 2024-03-04 17:28:16.783205+00:00
[2024-03-04T17:28:28.295+0000] {standard_task_runner.py:55} INFO - Started process 172 to run task
[2024-03-04T17:28:28.296+0000] {standard_task_runner.py:82} INFO - Running: ['***', 'tasks', 'run', 'gera_dados_turbina', 'task_generates_data', 'manual__2024-03-04T17:28:16.783205+00:00', '--job-id', '3350', '--raw', '--subdir', 'DAGS_FOLDER/pipeline.py', '--cfg-path', '/tmp/tmpn5d3y0zn']
[2024-03-04T17:28:28.297+0000] {standard_task_runner.py:83} INFO - Job 3350: Subtask task_generates_data
[2024-03-04T17:28:28.330+0000] {task_command.py:388} INFO - Running <TaskInstance: gera_dados_turbina.task_generates_data manual__2024-03-04T17:28:16.783205+00:00 [running]> on host c3bd6947f044
[2024-03-04T17:28:28.368+0000] {taskinstance.py:1509} INFO - Exporting the following env vars:
AIRFLOW_CTX_DAG_EMAIL=adrianolima095@gmail.com
AIRFLOW_CTX_DAG_OWNER=***
AIRFLOW_CTX_DAG_ID=gera_dados_turbina
AIRFLOW_CTX_TASK_ID=task_generates_data
AIRFLOW_CTX_EXECUTION_DATE=2024-03-04T17:28:16.783205+00:00
AIRFLOW_CTX_TRY_NUMBER=2
AIRFLOW_CTX_DAG_RUN_ID=manual__2024-03-04T17:28:16.783205+00:00
[2024-03-04T17:28:28.369+0000] {taskinstance.py:1768} ERROR - Task failed with exception
Traceback (most recent call last):
  File "/home/airflow/.local/lib/python3.7/site-packages/airflow/operators/python.py", line 175, in execute
    return_value = self.execute_callable()
  File "/home/airflow/.local/lib/python3.7/site-packages/airflow/operators/python.py", line 192, in execute_callable
    return self.python_callable(*self.op_args, **self.op_kwargs)
  File "/opt/airflow/dags/pipeline.py", line 67, in gera_dados
    time.sleep(1000)
AttributeError: type object 'datetime.time' has no attribute 'sleep'
[2024-03-04T17:28:28.373+0000] {taskinstance.py:1323} INFO - Marking task as FAILED. dag_id=gera_dados_turbina, task_id=task_generates_data, execution_date=20240304T172816, start_date=20240304T172828, end_date=20240304T172828
[2024-03-04T17:28:28.382+0000] {warnings.py:110} WARNING - /home/***/.local/lib/python3.7/site-packages/***/utils/email.py:152: RemovedInAirflow3Warning: Fetching SMTP credentials from configuration variables will be deprecated in a future release. Please set credentials using a connection instead.
  send_mime_email(e_from=mail_from, e_to=recipients, mime_msg=msg, conn_id=conn_id, dryrun=dryrun)

[2024-03-04T17:28:28.382+0000] {email.py:268} INFO - Email alerting: attempt 1
[2024-03-04T17:28:29.793+0000] {email.py:280} INFO - Sent an alert email to ['adrianolima095@gmail.com']
[2024-03-04T17:28:31.428+0000] {standard_task_runner.py:105} ERROR - Failed to execute job 3350 for task task_generates_data (type object 'datetime.time' has no attribute 'sleep'; 172)
[2024-03-04T17:28:31.438+0000] {local_task_job.py:208} INFO - Task exited with return code 1
[2024-03-04T17:28:31.455+0000] {taskinstance.py:2578} INFO - 0 downstream tasks scheduled from follow-on schedule check
