[2024-02-09T18:29:42.794+0000] {taskinstance.py:1083} INFO - Dependencies all met for <TaskInstance: example_bash_operator.this_will_skip scheduled__2024-02-08T00:00:00+00:00 [queued]>
[2024-02-09T18:29:42.800+0000] {taskinstance.py:1083} INFO - Dependencies all met for <TaskInstance: example_bash_operator.this_will_skip scheduled__2024-02-08T00:00:00+00:00 [queued]>
[2024-02-09T18:29:42.801+0000] {taskinstance.py:1279} INFO - 
--------------------------------------------------------------------------------
[2024-02-09T18:29:42.801+0000] {taskinstance.py:1280} INFO - Starting attempt 1 of 1
[2024-02-09T18:29:42.801+0000] {taskinstance.py:1281} INFO - 
--------------------------------------------------------------------------------
[2024-02-09T18:29:42.811+0000] {taskinstance.py:1300} INFO - Executing <Task(BashOperator): this_will_skip> on 2024-02-08 00:00:00+00:00
[2024-02-09T18:29:42.814+0000] {standard_task_runner.py:55} INFO - Started process 3184 to run task
[2024-02-09T18:29:42.816+0000] {standard_task_runner.py:82} INFO - Running: ['***', 'tasks', 'run', 'example_bash_operator', 'this_will_skip', 'scheduled__2024-02-08T00:00:00+00:00', '--job-id', '5', '--raw', '--subdir', '/home/***/.local/lib/python3.7/site-packages/***/example_dags/example_bash_operator.py', '--cfg-path', '/tmp/tmpgtirb2pj']
[2024-02-09T18:29:42.816+0000] {standard_task_runner.py:83} INFO - Job 5: Subtask this_will_skip
[2024-02-09T18:29:42.856+0000] {task_command.py:388} INFO - Running <TaskInstance: example_bash_operator.this_will_skip scheduled__2024-02-08T00:00:00+00:00 [running]> on host 00d5ec07a62f
[2024-02-09T18:29:42.900+0000] {taskinstance.py:1509} INFO - Exporting the following env vars:
AIRFLOW_CTX_DAG_OWNER=***
AIRFLOW_CTX_DAG_ID=example_bash_operator
AIRFLOW_CTX_TASK_ID=this_will_skip
AIRFLOW_CTX_EXECUTION_DATE=2024-02-08T00:00:00+00:00
AIRFLOW_CTX_TRY_NUMBER=1
AIRFLOW_CTX_DAG_RUN_ID=scheduled__2024-02-08T00:00:00+00:00
[2024-02-09T18:29:42.901+0000] {subprocess.py:63} INFO - Tmp dir root location: 
 /tmp
[2024-02-09T18:29:42.901+0000] {subprocess.py:75} INFO - Running command: ['/bin/bash', '-c', 'echo "hello world"; exit 99;']
[2024-02-09T18:29:42.907+0000] {subprocess.py:86} INFO - Output:
[2024-02-09T18:29:42.908+0000] {subprocess.py:93} INFO - hello world
[2024-02-09T18:29:42.908+0000] {subprocess.py:97} INFO - Command exited with return code 99
[2024-02-09T18:29:42.909+0000] {taskinstance.py:1398} INFO - Bash command returned exit code 99. Skipping.
[2024-02-09T18:29:42.915+0000] {taskinstance.py:1323} INFO - Marking task as SKIPPED. dag_id=example_bash_operator, task_id=this_will_skip, execution_date=20240208T000000, start_date=20240209T182942, end_date=20240209T182942
[2024-02-09T18:29:42.947+0000] {local_task_job.py:208} INFO - Task exited with return code 0
[2024-02-09T18:29:42.963+0000] {taskinstance.py:2578} INFO - 0 downstream tasks scheduled from follow-on schedule check
