[2024-02-20T12:24:52.042+0000] {taskinstance.py:1083} INFO - Dependencies all met for <TaskInstance: triggerdag3.tsk3 manual__2024-02-20T12:24:50.685958+00:00 [queued]>
[2024-02-20T12:24:52.047+0000] {taskinstance.py:1083} INFO - Dependencies all met for <TaskInstance: triggerdag3.tsk3 manual__2024-02-20T12:24:50.685958+00:00 [queued]>
[2024-02-20T12:24:52.048+0000] {taskinstance.py:1279} INFO - 
--------------------------------------------------------------------------------
[2024-02-20T12:24:52.048+0000] {taskinstance.py:1280} INFO - Starting attempt 1 of 1
[2024-02-20T12:24:52.048+0000] {taskinstance.py:1281} INFO - 
--------------------------------------------------------------------------------
[2024-02-20T12:24:52.055+0000] {taskinstance.py:1300} INFO - Executing <Task(BashOperator): tsk3> on 2024-02-20 12:24:50.685958+00:00
[2024-02-20T12:24:52.059+0000] {standard_task_runner.py:55} INFO - Started process 174 to run task
[2024-02-20T12:24:52.061+0000] {standard_task_runner.py:82} INFO - Running: ['***', 'tasks', 'run', 'triggerdag3', 'tsk3', 'manual__2024-02-20T12:24:50.685958+00:00', '--job-id', '94', '--raw', '--subdir', 'DAGS_FOLDER/triggerdag3.py', '--cfg-path', '/tmp/tmpow9l746l']
[2024-02-20T12:24:52.061+0000] {standard_task_runner.py:83} INFO - Job 94: Subtask tsk3
[2024-02-20T12:24:52.092+0000] {task_command.py:388} INFO - Running <TaskInstance: triggerdag3.tsk3 manual__2024-02-20T12:24:50.685958+00:00 [running]> on host d405f097ba80
[2024-02-20T12:24:52.128+0000] {taskinstance.py:1509} INFO - Exporting the following env vars:
AIRFLOW_CTX_DAG_OWNER=***
AIRFLOW_CTX_DAG_ID=triggerdag3
AIRFLOW_CTX_TASK_ID=tsk3
AIRFLOW_CTX_EXECUTION_DATE=2024-02-20T12:24:50.685958+00:00
AIRFLOW_CTX_TRY_NUMBER=1
AIRFLOW_CTX_DAG_RUN_ID=manual__2024-02-20T12:24:50.685958+00:00
[2024-02-20T12:24:52.129+0000] {subprocess.py:63} INFO - Tmp dir root location: 
 /tmp
[2024-02-20T12:24:52.129+0000] {subprocess.py:75} INFO - Running command: ['/bin/bash', '-c', 'sleep 5']
[2024-02-20T12:24:52.136+0000] {subprocess.py:86} INFO - Output:
[2024-02-20T12:24:57.138+0000] {subprocess.py:97} INFO - Command exited with return code 0
[2024-02-20T12:24:57.155+0000] {taskinstance.py:1323} INFO - Marking task as SUCCESS. dag_id=triggerdag3, task_id=tsk3, execution_date=20240220T122450, start_date=20240220T122452, end_date=20240220T122457
[2024-02-20T12:24:57.167+0000] {local_task_job.py:208} INFO - Task exited with return code 0
[2024-02-20T12:24:57.178+0000] {taskinstance.py:2578} INFO - 0 downstream tasks scheduled from follow-on schedule check
