[2024-02-09T18:29:42.799+0000] {taskinstance.py:1083} INFO - Dependencies all met for <TaskInstance: example_bash_operator.runme_1 scheduled__2024-02-08T00:00:00+00:00 [queued]>
[2024-02-09T18:29:42.805+0000] {taskinstance.py:1083} INFO - Dependencies all met for <TaskInstance: example_bash_operator.runme_1 scheduled__2024-02-08T00:00:00+00:00 [queued]>
[2024-02-09T18:29:42.805+0000] {taskinstance.py:1279} INFO - 
--------------------------------------------------------------------------------
[2024-02-09T18:29:42.805+0000] {taskinstance.py:1280} INFO - Starting attempt 1 of 1
[2024-02-09T18:29:42.805+0000] {taskinstance.py:1281} INFO - 
--------------------------------------------------------------------------------
[2024-02-09T18:29:42.815+0000] {taskinstance.py:1300} INFO - Executing <Task(BashOperator): runme_1> on 2024-02-08 00:00:00+00:00
[2024-02-09T18:29:42.818+0000] {standard_task_runner.py:55} INFO - Started process 3186 to run task
[2024-02-09T18:29:42.820+0000] {standard_task_runner.py:82} INFO - Running: ['***', 'tasks', 'run', 'example_bash_operator', 'runme_1', 'scheduled__2024-02-08T00:00:00+00:00', '--job-id', '7', '--raw', '--subdir', '/home/***/.local/lib/python3.7/site-packages/***/example_dags/example_bash_operator.py', '--cfg-path', '/tmp/tmp8ix6n8s_']
[2024-02-09T18:29:42.821+0000] {standard_task_runner.py:83} INFO - Job 7: Subtask runme_1
[2024-02-09T18:29:42.859+0000] {task_command.py:388} INFO - Running <TaskInstance: example_bash_operator.runme_1 scheduled__2024-02-08T00:00:00+00:00 [running]> on host 00d5ec07a62f
[2024-02-09T18:29:42.902+0000] {taskinstance.py:1509} INFO - Exporting the following env vars:
AIRFLOW_CTX_DAG_OWNER=***
AIRFLOW_CTX_DAG_ID=example_bash_operator
AIRFLOW_CTX_TASK_ID=runme_1
AIRFLOW_CTX_EXECUTION_DATE=2024-02-08T00:00:00+00:00
AIRFLOW_CTX_TRY_NUMBER=1
AIRFLOW_CTX_DAG_RUN_ID=scheduled__2024-02-08T00:00:00+00:00
[2024-02-09T18:29:42.903+0000] {subprocess.py:63} INFO - Tmp dir root location: 
 /tmp
[2024-02-09T18:29:42.903+0000] {subprocess.py:75} INFO - Running command: ['/bin/bash', '-c', 'echo "example_bash_operator__runme_1__20240208" && sleep 1']
[2024-02-09T18:29:42.909+0000] {subprocess.py:86} INFO - Output:
[2024-02-09T18:29:42.910+0000] {subprocess.py:93} INFO - example_bash_operator__runme_1__20240208
[2024-02-09T18:29:43.911+0000] {subprocess.py:97} INFO - Command exited with return code 0
[2024-02-09T18:29:43.926+0000] {taskinstance.py:1323} INFO - Marking task as SUCCESS. dag_id=example_bash_operator, task_id=runme_1, execution_date=20240208T000000, start_date=20240209T182942, end_date=20240209T182943
[2024-02-09T18:29:43.955+0000] {local_task_job.py:208} INFO - Task exited with return code 0
[2024-02-09T18:29:43.966+0000] {taskinstance.py:2578} INFO - 0 downstream tasks scheduled from follow-on schedule check
