[2024-02-21T13:32:00.117+0000] {taskinstance.py:1083} INFO - Dependencies all met for <TaskInstance: variaveis.tsk1 manual__2024-02-21T13:31:59.162997+00:00 [queued]>
[2024-02-21T13:32:00.123+0000] {taskinstance.py:1083} INFO - Dependencies all met for <TaskInstance: variaveis.tsk1 manual__2024-02-21T13:31:59.162997+00:00 [queued]>
[2024-02-21T13:32:00.123+0000] {taskinstance.py:1279} INFO - 
--------------------------------------------------------------------------------
[2024-02-21T13:32:00.123+0000] {taskinstance.py:1280} INFO - Starting attempt 1 of 1
[2024-02-21T13:32:00.123+0000] {taskinstance.py:1281} INFO - 
--------------------------------------------------------------------------------
[2024-02-21T13:32:00.132+0000] {taskinstance.py:1300} INFO - Executing <Task(PythonOperator): tsk1> on 2024-02-21 13:31:59.162997+00:00
[2024-02-21T13:32:00.135+0000] {standard_task_runner.py:55} INFO - Started process 231 to run task
[2024-02-21T13:32:00.136+0000] {standard_task_runner.py:82} INFO - Running: ['***', 'tasks', 'run', 'variaveis', 'tsk1', 'manual__2024-02-21T13:31:59.162997+00:00', '--job-id', '24', '--raw', '--subdir', 'DAGS_FOLDER/variaveis.py', '--cfg-path', '/tmp/tmppyryu6w1']
[2024-02-21T13:32:00.136+0000] {standard_task_runner.py:83} INFO - Job 24: Subtask tsk1
[2024-02-21T13:32:00.168+0000] {task_command.py:388} INFO - Running <TaskInstance: variaveis.tsk1 manual__2024-02-21T13:31:59.162997+00:00 [running]> on host 6f06f9edb5ce
[2024-02-21T13:32:00.205+0000] {taskinstance.py:1509} INFO - Exporting the following env vars:
AIRFLOW_CTX_DAG_OWNER=***
AIRFLOW_CTX_DAG_ID=variaveis
AIRFLOW_CTX_TASK_ID=tsk1
AIRFLOW_CTX_EXECUTION_DATE=2024-02-21T13:31:59.162997+00:00
AIRFLOW_CTX_TRY_NUMBER=1
AIRFLOW_CTX_DAG_RUN_ID=manual__2024-02-21T13:31:59.162997+00:00
[2024-02-21T13:32:00.209+0000] {logging_mixin.py:137} INFO - O valor da variável é: cd /home/adriano/ed/APP
[2024-02-21T13:32:00.209+0000] {python.py:177} INFO - Done. Returned value was: None
[2024-02-21T13:32:00.214+0000] {taskinstance.py:1323} INFO - Marking task as SUCCESS. dag_id=variaveis, task_id=tsk1, execution_date=20240221T133159, start_date=20240221T133200, end_date=20240221T133200
[2024-02-21T13:32:00.228+0000] {local_task_job.py:208} INFO - Task exited with return code 0
[2024-02-21T13:32:00.238+0000] {taskinstance.py:2578} INFO - 0 downstream tasks scheduled from follow-on schedule check
