[2024-03-04T17:42:39.493+0000] {taskinstance.py:1083} INFO - Dependencies all met for <TaskInstance: gera_dados_turbina.group_check_temp.send_email_normal_task manual__2024-03-04T17:31:20.572719+00:00 [queued]>
[2024-03-04T17:42:39.501+0000] {taskinstance.py:1083} INFO - Dependencies all met for <TaskInstance: gera_dados_turbina.group_check_temp.send_email_normal_task manual__2024-03-04T17:31:20.572719+00:00 [queued]>
[2024-03-04T17:42:39.501+0000] {taskinstance.py:1279} INFO - 
--------------------------------------------------------------------------------
[2024-03-04T17:42:39.501+0000] {taskinstance.py:1280} INFO - Starting attempt 1 of 2
[2024-03-04T17:42:39.501+0000] {taskinstance.py:1281} INFO - 
--------------------------------------------------------------------------------
[2024-03-04T17:42:39.510+0000] {taskinstance.py:1300} INFO - Executing <Task(EmailOperator): group_check_temp.send_email_normal_task> on 2024-03-04 17:31:20.572719+00:00
[2024-03-04T17:42:39.514+0000] {standard_task_runner.py:55} INFO - Started process 162 to run task
[2024-03-04T17:42:39.516+0000] {standard_task_runner.py:82} INFO - Running: ['***', 'tasks', 'run', 'gera_dados_turbina', 'group_check_temp.send_email_normal_task', 'manual__2024-03-04T17:31:20.572719+00:00', '--job-id', '3365', '--raw', '--subdir', 'DAGS_FOLDER/pipeline.py', '--cfg-path', '/tmp/tmpdz1mel2z']
[2024-03-04T17:42:39.517+0000] {standard_task_runner.py:83} INFO - Job 3365: Subtask group_check_temp.send_email_normal_task
[2024-03-04T17:42:39.552+0000] {task_command.py:388} INFO - Running <TaskInstance: gera_dados_turbina.group_check_temp.send_email_normal_task manual__2024-03-04T17:31:20.572719+00:00 [running]> on host 06e5b3fc014c
[2024-03-04T17:42:39.595+0000] {taskinstance.py:1509} INFO - Exporting the following env vars:
AIRFLOW_CTX_DAG_EMAIL=adrianolima095@gmail.com
AIRFLOW_CTX_DAG_OWNER=***
AIRFLOW_CTX_DAG_ID=gera_dados_turbina
AIRFLOW_CTX_TASK_ID=group_check_temp.send_email_normal_task
AIRFLOW_CTX_EXECUTION_DATE=2024-03-04T17:31:20.572719+00:00
AIRFLOW_CTX_TRY_NUMBER=1
AIRFLOW_CTX_DAG_RUN_ID=manual__2024-03-04T17:31:20.572719+00:00
[2024-03-04T17:42:39.601+0000] {warnings.py:110} WARNING - /home/***/.local/lib/python3.7/site-packages/***/utils/email.py:152: RemovedInAirflow3Warning: Fetching SMTP credentials from configuration variables will be deprecated in a future release. Please set credentials using a connection instead.
  send_mime_email(e_from=mail_from, e_to=recipients, mime_msg=msg, conn_id=conn_id, dryrun=dryrun)

[2024-03-04T17:42:39.601+0000] {email.py:268} INFO - Email alerting: attempt 1
[2024-03-04T17:42:41.172+0000] {email.py:280} INFO - Sent an alert email to ['adrianolima095@gmail.com']
[2024-03-04T17:42:42.657+0000] {taskinstance.py:1323} INFO - Marking task as SUCCESS. dag_id=gera_dados_turbina, task_id=group_check_temp.send_email_normal_task, execution_date=20240304T173120, start_date=20240304T174239, end_date=20240304T174242
[2024-03-04T17:42:42.697+0000] {local_task_job.py:208} INFO - Task exited with return code 0
[2024-03-04T17:42:42.708+0000] {taskinstance.py:2578} INFO - 0 downstream tasks scheduled from follow-on schedule check
