[2024-03-04T17:48:34.043+0000] {taskinstance.py:1083} INFO - Dependencies all met for <TaskInstance: gera_dados_turbina.group_check_temp.check_temp_branc_task scheduled__2024-03-04T17:47:00+00:00 [queued]>
[2024-03-04T17:48:34.052+0000] {taskinstance.py:1083} INFO - Dependencies all met for <TaskInstance: gera_dados_turbina.group_check_temp.check_temp_branc_task scheduled__2024-03-04T17:47:00+00:00 [queued]>
[2024-03-04T17:48:34.052+0000] {taskinstance.py:1279} INFO - 
--------------------------------------------------------------------------------
[2024-03-04T17:48:34.053+0000] {taskinstance.py:1280} INFO - Starting attempt 1 of 2
[2024-03-04T17:48:34.053+0000] {taskinstance.py:1281} INFO - 
--------------------------------------------------------------------------------
[2024-03-04T17:48:34.064+0000] {taskinstance.py:1300} INFO - Executing <Task(BranchPythonOperator): group_check_temp.check_temp_branc_task> on 2024-03-04 17:47:00+00:00
[2024-03-04T17:48:34.069+0000] {standard_task_runner.py:55} INFO - Started process 120 to run task
[2024-03-04T17:48:34.072+0000] {standard_task_runner.py:82} INFO - Running: ['***', 'tasks', 'run', 'gera_dados_turbina', 'group_check_temp.check_temp_branc_task', 'scheduled__2024-03-04T17:47:00+00:00', '--job-id', '3393', '--raw', '--subdir', 'DAGS_FOLDER/pipeline.py', '--cfg-path', '/tmp/tmplsj2y4pw']
[2024-03-04T17:48:34.073+0000] {standard_task_runner.py:83} INFO - Job 3393: Subtask group_check_temp.check_temp_branc_task
[2024-03-04T17:48:34.125+0000] {task_command.py:388} INFO - Running <TaskInstance: gera_dados_turbina.group_check_temp.check_temp_branc_task scheduled__2024-03-04T17:47:00+00:00 [running]> on host f002d2097047
[2024-03-04T17:48:34.183+0000] {taskinstance.py:1509} INFO - Exporting the following env vars:
AIRFLOW_CTX_DAG_EMAIL=adrianolima095@gmail.com
AIRFLOW_CTX_DAG_OWNER=***
AIRFLOW_CTX_DAG_ID=gera_dados_turbina
AIRFLOW_CTX_TASK_ID=group_check_temp.check_temp_branc_task
AIRFLOW_CTX_EXECUTION_DATE=2024-03-04T17:47:00+00:00
AIRFLOW_CTX_TRY_NUMBER=1
AIRFLOW_CTX_DAG_RUN_ID=scheduled__2024-03-04T17:47:00+00:00
[2024-03-04T17:48:34.191+0000] {python.py:177} INFO - Done. Returned value was: group_check_temp.send_email_normal_task
[2024-03-04T17:48:34.192+0000] {python.py:211} INFO - Branch callable return group_check_temp.send_email_normal_task
[2024-03-04T17:48:34.192+0000] {skipmixin.py:155} INFO - Following branch group_check_temp.send_email_normal_task
[2024-03-04T17:48:34.192+0000] {skipmixin.py:211} INFO - Skipping tasks ['group_check_temp.send_email_alert_task']
[2024-03-04T17:48:34.222+0000] {taskinstance.py:1323} INFO - Marking task as SUCCESS. dag_id=gera_dados_turbina, task_id=group_check_temp.check_temp_branc_task, execution_date=20240304T174700, start_date=20240304T174834, end_date=20240304T174834
[2024-03-04T17:48:34.243+0000] {local_task_job.py:208} INFO - Task exited with return code 0
[2024-03-04T17:48:34.267+0000] {taskinstance.py:2578} INFO - 1 downstream tasks scheduled from follow-on schedule check
