[2024-02-20T13:37:19.063+0000] {taskinstance.py:1083} INFO - Dependencies all met for <TaskInstance: daggroup.tsk4 manual__2024-02-20T13:37:12.146258+00:00 [queued]>
[2024-02-20T13:37:19.070+0000] {taskinstance.py:1083} INFO - Dependencies all met for <TaskInstance: daggroup.tsk4 manual__2024-02-20T13:37:12.146258+00:00 [queued]>
[2024-02-20T13:37:19.070+0000] {taskinstance.py:1279} INFO - 
--------------------------------------------------------------------------------
[2024-02-20T13:37:19.070+0000] {taskinstance.py:1280} INFO - Starting attempt 1 of 1
[2024-02-20T13:37:19.070+0000] {taskinstance.py:1281} INFO - 
--------------------------------------------------------------------------------
[2024-02-20T13:37:19.079+0000] {taskinstance.py:1300} INFO - Executing <Task(BashOperator): tsk4> on 2024-02-20 13:37:12.146258+00:00
[2024-02-20T13:37:19.082+0000] {standard_task_runner.py:55} INFO - Started process 278 to run task
[2024-02-20T13:37:19.084+0000] {standard_task_runner.py:82} INFO - Running: ['***', 'tasks', 'run', 'daggroup', 'tsk4', 'manual__2024-02-20T13:37:12.146258+00:00', '--job-id', '111', '--raw', '--subdir', 'DAGS_FOLDER/daggroup.py', '--cfg-path', '/tmp/tmp_qz9_qbd']
[2024-02-20T13:37:19.084+0000] {standard_task_runner.py:83} INFO - Job 111: Subtask tsk4
[2024-02-20T13:37:19.119+0000] {task_command.py:388} INFO - Running <TaskInstance: daggroup.tsk4 manual__2024-02-20T13:37:12.146258+00:00 [running]> on host ed00afd7b3a6
[2024-02-20T13:37:19.162+0000] {taskinstance.py:1509} INFO - Exporting the following env vars:
AIRFLOW_CTX_DAG_OWNER=***
AIRFLOW_CTX_DAG_ID=daggroup
AIRFLOW_CTX_TASK_ID=tsk4
AIRFLOW_CTX_EXECUTION_DATE=2024-02-20T13:37:12.146258+00:00
AIRFLOW_CTX_TRY_NUMBER=1
AIRFLOW_CTX_DAG_RUN_ID=manual__2024-02-20T13:37:12.146258+00:00
[2024-02-20T13:37:19.163+0000] {subprocess.py:63} INFO - Tmp dir root location: 
 /tmp
[2024-02-20T13:37:19.163+0000] {subprocess.py:75} INFO - Running command: ['/bin/bash', '-c', 'sleep 5']
[2024-02-20T13:37:19.168+0000] {subprocess.py:86} INFO - Output:
[2024-02-20T13:37:24.170+0000] {subprocess.py:97} INFO - Command exited with return code 0
[2024-02-20T13:37:24.189+0000] {taskinstance.py:1323} INFO - Marking task as SUCCESS. dag_id=daggroup, task_id=tsk4, execution_date=20240220T133712, start_date=20240220T133719, end_date=20240220T133724
[2024-02-20T13:37:24.222+0000] {local_task_job.py:208} INFO - Task exited with return code 0
[2024-02-20T13:37:24.252+0000] {taskinstance.py:2578} INFO - 0 downstream tasks scheduled from follow-on schedule check
