[2024-02-20T12:15:58.506+0000] {taskinstance.py:1083} INFO - Dependencies all met for <TaskInstance: triggerdag2.tsk2 manual__2024-02-20T12:15:58.088386+00:00 [queued]>
[2024-02-20T12:15:58.512+0000] {taskinstance.py:1083} INFO - Dependencies all met for <TaskInstance: triggerdag2.tsk2 manual__2024-02-20T12:15:58.088386+00:00 [queued]>
[2024-02-20T12:15:58.512+0000] {taskinstance.py:1279} INFO - 
--------------------------------------------------------------------------------
[2024-02-20T12:15:58.512+0000] {taskinstance.py:1280} INFO - Starting attempt 1 of 1
[2024-02-20T12:15:58.512+0000] {taskinstance.py:1281} INFO - 
--------------------------------------------------------------------------------
[2024-02-20T12:15:58.521+0000] {taskinstance.py:1300} INFO - Executing <Task(BashOperator): tsk2> on 2024-02-20 12:15:58.088386+00:00
[2024-02-20T12:15:58.524+0000] {standard_task_runner.py:55} INFO - Started process 234 to run task
[2024-02-20T12:15:58.526+0000] {standard_task_runner.py:82} INFO - Running: ['***', 'tasks', 'run', 'triggerdag2', 'tsk2', 'manual__2024-02-20T12:15:58.088386+00:00', '--job-id', '83', '--raw', '--subdir', 'DAGS_FOLDER/triggerdag2.py', '--cfg-path', '/tmp/tmpfes47v55']
[2024-02-20T12:15:58.526+0000] {standard_task_runner.py:83} INFO - Job 83: Subtask tsk2
[2024-02-20T12:15:58.561+0000] {task_command.py:388} INFO - Running <TaskInstance: triggerdag2.tsk2 manual__2024-02-20T12:15:58.088386+00:00 [running]> on host b2dcbfecb460
[2024-02-20T12:15:58.603+0000] {taskinstance.py:1509} INFO - Exporting the following env vars:
AIRFLOW_CTX_DAG_OWNER=***
AIRFLOW_CTX_DAG_ID=triggerdag2
AIRFLOW_CTX_TASK_ID=tsk2
AIRFLOW_CTX_EXECUTION_DATE=2024-02-20T12:15:58.088386+00:00
AIRFLOW_CTX_TRY_NUMBER=1
AIRFLOW_CTX_DAG_RUN_ID=manual__2024-02-20T12:15:58.088386+00:00
[2024-02-20T12:15:58.604+0000] {subprocess.py:63} INFO - Tmp dir root location: 
 /tmp
[2024-02-20T12:15:58.604+0000] {subprocess.py:75} INFO - Running command: ['/bin/bash', '-c', 'sleep 5']
[2024-02-20T12:15:58.611+0000] {subprocess.py:86} INFO - Output:
[2024-02-20T12:16:03.613+0000] {subprocess.py:97} INFO - Command exited with return code 0
[2024-02-20T12:16:03.640+0000] {taskinstance.py:1323} INFO - Marking task as SUCCESS. dag_id=triggerdag2, task_id=tsk2, execution_date=20240220T121558, start_date=20240220T121558, end_date=20240220T121603
[2024-02-20T12:16:03.661+0000] {local_task_job.py:208} INFO - Task exited with return code 0
[2024-02-20T12:16:03.674+0000] {taskinstance.py:2578} INFO - 0 downstream tasks scheduled from follow-on schedule check
