[2024-02-19T12:24:38.311+0000] {processor.py:153} INFO - Started process (PID=82) to work on /home/airflow/.local/lib/python3.7/site-packages/airflow/example_dags/example_short_circuit_decorator.py
[2024-02-19T12:24:38.311+0000] {processor.py:743} INFO - Processing file /home/airflow/.local/lib/python3.7/site-packages/airflow/example_dags/example_short_circuit_decorator.py for tasks to queue
[2024-02-19T12:24:38.311+0000] {logging_mixin.py:137} INFO - [2024-02-19T12:24:38.311+0000] {dagbag.py:538} INFO - Filling up the DagBag from /home/airflow/.local/lib/python3.7/site-packages/airflow/example_dags/example_short_circuit_decorator.py
[2024-02-19T12:24:38.327+0000] {processor.py:753} INFO - DAG(s) dict_keys(['example_short_circuit_decorator']) retrieved from /home/airflow/.local/lib/python3.7/site-packages/airflow/example_dags/example_short_circuit_decorator.py
[2024-02-19T12:24:38.334+0000] {logging_mixin.py:137} INFO - [2024-02-19T12:24:38.334+0000] {dag.py:2690} INFO - Sync 1 DAGs
[2024-02-19T12:24:38.350+0000] {logging_mixin.py:137} INFO - [2024-02-19T12:24:38.350+0000] {dag.py:3441} INFO - Setting next_dagrun for example_short_circuit_decorator to 2024-02-18T12:24:38.350188+00:00, run_after=2024-02-19T12:24:38.350188+00:00
[2024-02-19T12:24:38.364+0000] {processor.py:175} INFO - Processing /home/airflow/.local/lib/python3.7/site-packages/airflow/example_dags/example_short_circuit_decorator.py took 0.055 seconds
[2024-02-19T12:25:08.776+0000] {processor.py:153} INFO - Started process (PID=217) to work on /home/airflow/.local/lib/python3.7/site-packages/airflow/example_dags/example_short_circuit_decorator.py
[2024-02-19T12:25:08.777+0000] {processor.py:743} INFO - Processing file /home/airflow/.local/lib/python3.7/site-packages/airflow/example_dags/example_short_circuit_decorator.py for tasks to queue
[2024-02-19T12:25:08.777+0000] {logging_mixin.py:137} INFO - [2024-02-19T12:25:08.777+0000] {dagbag.py:538} INFO - Filling up the DagBag from /home/airflow/.local/lib/python3.7/site-packages/airflow/example_dags/example_short_circuit_decorator.py
[2024-02-19T12:25:08.791+0000] {processor.py:753} INFO - DAG(s) dict_keys(['example_short_circuit_decorator']) retrieved from /home/airflow/.local/lib/python3.7/site-packages/airflow/example_dags/example_short_circuit_decorator.py
[2024-02-19T12:25:08.804+0000] {logging_mixin.py:137} INFO - [2024-02-19T12:25:08.804+0000] {dag.py:2690} INFO - Sync 1 DAGs
[2024-02-19T12:25:08.819+0000] {logging_mixin.py:137} INFO - [2024-02-19T12:25:08.819+0000] {dag.py:3441} INFO - Setting next_dagrun for example_short_circuit_decorator to 2024-02-18T12:25:08.819059+00:00, run_after=2024-02-19T12:25:08.819059+00:00
[2024-02-19T12:25:08.829+0000] {processor.py:175} INFO - Processing /home/airflow/.local/lib/python3.7/site-packages/airflow/example_dags/example_short_circuit_decorator.py took 0.055 seconds
[2024-02-19T12:25:39.232+0000] {processor.py:153} INFO - Started process (PID=327) to work on /home/airflow/.local/lib/python3.7/site-packages/airflow/example_dags/example_short_circuit_decorator.py
[2024-02-19T12:25:39.233+0000] {processor.py:743} INFO - Processing file /home/airflow/.local/lib/python3.7/site-packages/airflow/example_dags/example_short_circuit_decorator.py for tasks to queue
[2024-02-19T12:25:39.233+0000] {logging_mixin.py:137} INFO - [2024-02-19T12:25:39.233+0000] {dagbag.py:538} INFO - Filling up the DagBag from /home/airflow/.local/lib/python3.7/site-packages/airflow/example_dags/example_short_circuit_decorator.py
[2024-02-19T12:25:39.247+0000] {processor.py:753} INFO - DAG(s) dict_keys(['example_short_circuit_decorator']) retrieved from /home/airflow/.local/lib/python3.7/site-packages/airflow/example_dags/example_short_circuit_decorator.py
[2024-02-19T12:25:39.262+0000] {logging_mixin.py:137} INFO - [2024-02-19T12:25:39.262+0000] {dag.py:2690} INFO - Sync 1 DAGs
[2024-02-19T12:25:39.276+0000] {logging_mixin.py:137} INFO - [2024-02-19T12:25:39.276+0000] {dag.py:3441} INFO - Setting next_dagrun for example_short_circuit_decorator to 2024-02-18T12:25:39.276459+00:00, run_after=2024-02-19T12:25:39.276459+00:00
[2024-02-19T12:25:39.287+0000] {processor.py:175} INFO - Processing /home/airflow/.local/lib/python3.7/site-packages/airflow/example_dags/example_short_circuit_decorator.py took 0.056 seconds
[2024-02-19T12:26:09.650+0000] {processor.py:153} INFO - Started process (PID=455) to work on /home/airflow/.local/lib/python3.7/site-packages/airflow/example_dags/example_short_circuit_decorator.py
[2024-02-19T12:26:09.651+0000] {processor.py:743} INFO - Processing file /home/airflow/.local/lib/python3.7/site-packages/airflow/example_dags/example_short_circuit_decorator.py for tasks to queue
[2024-02-19T12:26:09.651+0000] {logging_mixin.py:137} INFO - [2024-02-19T12:26:09.651+0000] {dagbag.py:538} INFO - Filling up the DagBag from /home/airflow/.local/lib/python3.7/site-packages/airflow/example_dags/example_short_circuit_decorator.py
[2024-02-19T12:26:09.665+0000] {processor.py:753} INFO - DAG(s) dict_keys(['example_short_circuit_decorator']) retrieved from /home/airflow/.local/lib/python3.7/site-packages/airflow/example_dags/example_short_circuit_decorator.py
[2024-02-19T12:26:09.678+0000] {logging_mixin.py:137} INFO - [2024-02-19T12:26:09.678+0000] {dag.py:2690} INFO - Sync 1 DAGs
[2024-02-19T12:26:09.691+0000] {logging_mixin.py:137} INFO - [2024-02-19T12:26:09.691+0000] {dag.py:3441} INFO - Setting next_dagrun for example_short_circuit_decorator to 2024-02-18T12:26:09.691642+00:00, run_after=2024-02-19T12:26:09.691642+00:00
[2024-02-19T12:26:09.702+0000] {processor.py:175} INFO - Processing /home/airflow/.local/lib/python3.7/site-packages/airflow/example_dags/example_short_circuit_decorator.py took 0.053 seconds
[2024-02-19T12:26:40.047+0000] {processor.py:153} INFO - Started process (PID=590) to work on /home/airflow/.local/lib/python3.7/site-packages/airflow/example_dags/example_short_circuit_decorator.py
[2024-02-19T12:26:40.048+0000] {processor.py:743} INFO - Processing file /home/airflow/.local/lib/python3.7/site-packages/airflow/example_dags/example_short_circuit_decorator.py for tasks to queue
[2024-02-19T12:26:40.048+0000] {logging_mixin.py:137} INFO - [2024-02-19T12:26:40.048+0000] {dagbag.py:538} INFO - Filling up the DagBag from /home/airflow/.local/lib/python3.7/site-packages/airflow/example_dags/example_short_circuit_decorator.py
[2024-02-19T12:26:40.062+0000] {processor.py:753} INFO - DAG(s) dict_keys(['example_short_circuit_decorator']) retrieved from /home/airflow/.local/lib/python3.7/site-packages/airflow/example_dags/example_short_circuit_decorator.py
[2024-02-19T12:26:40.076+0000] {logging_mixin.py:137} INFO - [2024-02-19T12:26:40.076+0000] {dag.py:2690} INFO - Sync 1 DAGs
[2024-02-19T12:26:40.090+0000] {logging_mixin.py:137} INFO - [2024-02-19T12:26:40.090+0000] {dag.py:3441} INFO - Setting next_dagrun for example_short_circuit_decorator to 2024-02-18T12:26:40.090053+00:00, run_after=2024-02-19T12:26:40.090053+00:00
[2024-02-19T12:26:40.101+0000] {processor.py:175} INFO - Processing /home/airflow/.local/lib/python3.7/site-packages/airflow/example_dags/example_short_circuit_decorator.py took 0.055 seconds
[2024-02-19T12:27:10.400+0000] {processor.py:153} INFO - Started process (PID=693) to work on /home/airflow/.local/lib/python3.7/site-packages/airflow/example_dags/example_short_circuit_decorator.py
[2024-02-19T12:27:10.400+0000] {processor.py:743} INFO - Processing file /home/airflow/.local/lib/python3.7/site-packages/airflow/example_dags/example_short_circuit_decorator.py for tasks to queue
[2024-02-19T12:27:10.400+0000] {logging_mixin.py:137} INFO - [2024-02-19T12:27:10.400+0000] {dagbag.py:538} INFO - Filling up the DagBag from /home/airflow/.local/lib/python3.7/site-packages/airflow/example_dags/example_short_circuit_decorator.py
[2024-02-19T12:27:10.414+0000] {processor.py:753} INFO - DAG(s) dict_keys(['example_short_circuit_decorator']) retrieved from /home/airflow/.local/lib/python3.7/site-packages/airflow/example_dags/example_short_circuit_decorator.py
[2024-02-19T12:27:10.428+0000] {logging_mixin.py:137} INFO - [2024-02-19T12:27:10.428+0000] {dag.py:2690} INFO - Sync 1 DAGs
[2024-02-19T12:27:10.443+0000] {logging_mixin.py:137} INFO - [2024-02-19T12:27:10.443+0000] {dag.py:3441} INFO - Setting next_dagrun for example_short_circuit_decorator to 2024-02-18T12:27:10.443127+00:00, run_after=2024-02-19T12:27:10.443127+00:00
[2024-02-19T12:27:10.454+0000] {processor.py:175} INFO - Processing /home/airflow/.local/lib/python3.7/site-packages/airflow/example_dags/example_short_circuit_decorator.py took 0.056 seconds
[2024-02-19T12:27:40.829+0000] {processor.py:153} INFO - Started process (PID=828) to work on /home/airflow/.local/lib/python3.7/site-packages/airflow/example_dags/example_short_circuit_decorator.py
[2024-02-19T12:27:40.830+0000] {processor.py:743} INFO - Processing file /home/airflow/.local/lib/python3.7/site-packages/airflow/example_dags/example_short_circuit_decorator.py for tasks to queue
[2024-02-19T12:27:40.830+0000] {logging_mixin.py:137} INFO - [2024-02-19T12:27:40.830+0000] {dagbag.py:538} INFO - Filling up the DagBag from /home/airflow/.local/lib/python3.7/site-packages/airflow/example_dags/example_short_circuit_decorator.py
[2024-02-19T12:27:40.844+0000] {processor.py:753} INFO - DAG(s) dict_keys(['example_short_circuit_decorator']) retrieved from /home/airflow/.local/lib/python3.7/site-packages/airflow/example_dags/example_short_circuit_decorator.py
[2024-02-19T12:27:40.858+0000] {logging_mixin.py:137} INFO - [2024-02-19T12:27:40.858+0000] {dag.py:2690} INFO - Sync 1 DAGs
[2024-02-19T12:27:40.871+0000] {logging_mixin.py:137} INFO - [2024-02-19T12:27:40.871+0000] {dag.py:3441} INFO - Setting next_dagrun for example_short_circuit_decorator to 2024-02-18T12:27:40.871331+00:00, run_after=2024-02-19T12:27:40.871331+00:00
[2024-02-19T12:27:40.882+0000] {processor.py:175} INFO - Processing /home/airflow/.local/lib/python3.7/site-packages/airflow/example_dags/example_short_circuit_decorator.py took 0.054 seconds
[2024-02-19T12:28:11.219+0000] {processor.py:153} INFO - Started process (PID=964) to work on /home/airflow/.local/lib/python3.7/site-packages/airflow/example_dags/example_short_circuit_decorator.py
[2024-02-19T12:28:11.220+0000] {processor.py:743} INFO - Processing file /home/airflow/.local/lib/python3.7/site-packages/airflow/example_dags/example_short_circuit_decorator.py for tasks to queue
[2024-02-19T12:28:11.220+0000] {logging_mixin.py:137} INFO - [2024-02-19T12:28:11.220+0000] {dagbag.py:538} INFO - Filling up the DagBag from /home/airflow/.local/lib/python3.7/site-packages/airflow/example_dags/example_short_circuit_decorator.py
[2024-02-19T12:28:11.233+0000] {processor.py:753} INFO - DAG(s) dict_keys(['example_short_circuit_decorator']) retrieved from /home/airflow/.local/lib/python3.7/site-packages/airflow/example_dags/example_short_circuit_decorator.py
[2024-02-19T12:28:11.247+0000] {logging_mixin.py:137} INFO - [2024-02-19T12:28:11.247+0000] {dag.py:2690} INFO - Sync 1 DAGs
[2024-02-19T12:28:11.261+0000] {logging_mixin.py:137} INFO - [2024-02-19T12:28:11.261+0000] {dag.py:3441} INFO - Setting next_dagrun for example_short_circuit_decorator to 2024-02-18T12:28:11.261327+00:00, run_after=2024-02-19T12:28:11.261327+00:00
[2024-02-19T12:28:11.272+0000] {processor.py:175} INFO - Processing /home/airflow/.local/lib/python3.7/site-packages/airflow/example_dags/example_short_circuit_decorator.py took 0.054 seconds
[2024-02-19T12:28:41.702+0000] {processor.py:153} INFO - Started process (PID=1067) to work on /home/airflow/.local/lib/python3.7/site-packages/airflow/example_dags/example_short_circuit_decorator.py
[2024-02-19T12:28:41.703+0000] {processor.py:743} INFO - Processing file /home/airflow/.local/lib/python3.7/site-packages/airflow/example_dags/example_short_circuit_decorator.py for tasks to queue
[2024-02-19T12:28:41.703+0000] {logging_mixin.py:137} INFO - [2024-02-19T12:28:41.703+0000] {dagbag.py:538} INFO - Filling up the DagBag from /home/airflow/.local/lib/python3.7/site-packages/airflow/example_dags/example_short_circuit_decorator.py
[2024-02-19T12:28:41.717+0000] {processor.py:753} INFO - DAG(s) dict_keys(['example_short_circuit_decorator']) retrieved from /home/airflow/.local/lib/python3.7/site-packages/airflow/example_dags/example_short_circuit_decorator.py
[2024-02-19T12:28:41.731+0000] {logging_mixin.py:137} INFO - [2024-02-19T12:28:41.731+0000] {dag.py:2690} INFO - Sync 1 DAGs
[2024-02-19T12:28:41.746+0000] {logging_mixin.py:137} INFO - [2024-02-19T12:28:41.745+0000] {dag.py:3441} INFO - Setting next_dagrun for example_short_circuit_decorator to 2024-02-18T12:28:41.745785+00:00, run_after=2024-02-19T12:28:41.745785+00:00
[2024-02-19T12:28:41.756+0000] {processor.py:175} INFO - Processing /home/airflow/.local/lib/python3.7/site-packages/airflow/example_dags/example_short_circuit_decorator.py took 0.055 seconds
[2024-02-19T12:29:12.390+0000] {processor.py:153} INFO - Started process (PID=1202) to work on /home/airflow/.local/lib/python3.7/site-packages/airflow/example_dags/example_short_circuit_decorator.py
[2024-02-19T12:29:12.391+0000] {processor.py:743} INFO - Processing file /home/airflow/.local/lib/python3.7/site-packages/airflow/example_dags/example_short_circuit_decorator.py for tasks to queue
[2024-02-19T12:29:12.391+0000] {logging_mixin.py:137} INFO - [2024-02-19T12:29:12.391+0000] {dagbag.py:538} INFO - Filling up the DagBag from /home/airflow/.local/lib/python3.7/site-packages/airflow/example_dags/example_short_circuit_decorator.py
[2024-02-19T12:29:12.407+0000] {processor.py:753} INFO - DAG(s) dict_keys(['example_short_circuit_decorator']) retrieved from /home/airflow/.local/lib/python3.7/site-packages/airflow/example_dags/example_short_circuit_decorator.py
[2024-02-19T12:29:12.421+0000] {logging_mixin.py:137} INFO - [2024-02-19T12:29:12.421+0000] {dag.py:2690} INFO - Sync 1 DAGs
[2024-02-19T12:29:12.436+0000] {logging_mixin.py:137} INFO - [2024-02-19T12:29:12.436+0000] {dag.py:3441} INFO - Setting next_dagrun for example_short_circuit_decorator to 2024-02-18T12:29:12.435876+00:00, run_after=2024-02-19T12:29:12.435876+00:00
[2024-02-19T12:29:12.447+0000] {processor.py:175} INFO - Processing /home/airflow/.local/lib/python3.7/site-packages/airflow/example_dags/example_short_circuit_decorator.py took 0.059 seconds
[2024-02-19T12:29:42.841+0000] {processor.py:153} INFO - Started process (PID=1337) to work on /home/airflow/.local/lib/python3.7/site-packages/airflow/example_dags/example_short_circuit_decorator.py
[2024-02-19T12:29:42.842+0000] {processor.py:743} INFO - Processing file /home/airflow/.local/lib/python3.7/site-packages/airflow/example_dags/example_short_circuit_decorator.py for tasks to queue
[2024-02-19T12:29:42.842+0000] {logging_mixin.py:137} INFO - [2024-02-19T12:29:42.842+0000] {dagbag.py:538} INFO - Filling up the DagBag from /home/airflow/.local/lib/python3.7/site-packages/airflow/example_dags/example_short_circuit_decorator.py
[2024-02-19T12:29:42.856+0000] {processor.py:753} INFO - DAG(s) dict_keys(['example_short_circuit_decorator']) retrieved from /home/airflow/.local/lib/python3.7/site-packages/airflow/example_dags/example_short_circuit_decorator.py
[2024-02-19T12:29:42.870+0000] {logging_mixin.py:137} INFO - [2024-02-19T12:29:42.870+0000] {dag.py:2690} INFO - Sync 1 DAGs
[2024-02-19T12:29:42.883+0000] {logging_mixin.py:137} INFO - [2024-02-19T12:29:42.883+0000] {dag.py:3441} INFO - Setting next_dagrun for example_short_circuit_decorator to 2024-02-18T12:29:42.883500+00:00, run_after=2024-02-19T12:29:42.883500+00:00
[2024-02-19T12:29:42.894+0000] {processor.py:175} INFO - Processing /home/airflow/.local/lib/python3.7/site-packages/airflow/example_dags/example_short_circuit_decorator.py took 0.054 seconds
[2024-02-19T12:30:13.360+0000] {processor.py:153} INFO - Started process (PID=1440) to work on /home/airflow/.local/lib/python3.7/site-packages/airflow/example_dags/example_short_circuit_decorator.py
[2024-02-19T12:30:13.361+0000] {processor.py:743} INFO - Processing file /home/airflow/.local/lib/python3.7/site-packages/airflow/example_dags/example_short_circuit_decorator.py for tasks to queue
[2024-02-19T12:30:13.361+0000] {logging_mixin.py:137} INFO - [2024-02-19T12:30:13.361+0000] {dagbag.py:538} INFO - Filling up the DagBag from /home/airflow/.local/lib/python3.7/site-packages/airflow/example_dags/example_short_circuit_decorator.py
[2024-02-19T12:30:13.380+0000] {processor.py:753} INFO - DAG(s) dict_keys(['example_short_circuit_decorator']) retrieved from /home/airflow/.local/lib/python3.7/site-packages/airflow/example_dags/example_short_circuit_decorator.py
[2024-02-19T12:30:13.396+0000] {logging_mixin.py:137} INFO - [2024-02-19T12:30:13.396+0000] {dag.py:2690} INFO - Sync 1 DAGs
[2024-02-19T12:30:13.409+0000] {logging_mixin.py:137} INFO - [2024-02-19T12:30:13.409+0000] {dag.py:3441} INFO - Setting next_dagrun for example_short_circuit_decorator to 2024-02-18T12:30:13.409348+00:00, run_after=2024-02-19T12:30:13.409348+00:00
[2024-02-19T12:30:13.421+0000] {processor.py:175} INFO - Processing /home/airflow/.local/lib/python3.7/site-packages/airflow/example_dags/example_short_circuit_decorator.py took 0.062 seconds
[2024-02-19T12:30:43.822+0000] {processor.py:153} INFO - Started process (PID=1575) to work on /home/airflow/.local/lib/python3.7/site-packages/airflow/example_dags/example_short_circuit_decorator.py
[2024-02-19T12:30:43.823+0000] {processor.py:743} INFO - Processing file /home/airflow/.local/lib/python3.7/site-packages/airflow/example_dags/example_short_circuit_decorator.py for tasks to queue
[2024-02-19T12:30:43.823+0000] {logging_mixin.py:137} INFO - [2024-02-19T12:30:43.823+0000] {dagbag.py:538} INFO - Filling up the DagBag from /home/airflow/.local/lib/python3.7/site-packages/airflow/example_dags/example_short_circuit_decorator.py
[2024-02-19T12:30:43.837+0000] {processor.py:753} INFO - DAG(s) dict_keys(['example_short_circuit_decorator']) retrieved from /home/airflow/.local/lib/python3.7/site-packages/airflow/example_dags/example_short_circuit_decorator.py
[2024-02-19T12:30:43.850+0000] {logging_mixin.py:137} INFO - [2024-02-19T12:30:43.850+0000] {dag.py:2690} INFO - Sync 1 DAGs
[2024-02-19T12:30:43.865+0000] {logging_mixin.py:137} INFO - [2024-02-19T12:30:43.865+0000] {dag.py:3441} INFO - Setting next_dagrun for example_short_circuit_decorator to 2024-02-18T12:30:43.865663+00:00, run_after=2024-02-19T12:30:43.865663+00:00
[2024-02-19T12:30:43.877+0000] {processor.py:175} INFO - Processing /home/airflow/.local/lib/python3.7/site-packages/airflow/example_dags/example_short_circuit_decorator.py took 0.056 seconds
[2024-02-19T12:31:14.315+0000] {processor.py:153} INFO - Started process (PID=1710) to work on /home/airflow/.local/lib/python3.7/site-packages/airflow/example_dags/example_short_circuit_decorator.py
[2024-02-19T12:31:14.315+0000] {processor.py:743} INFO - Processing file /home/airflow/.local/lib/python3.7/site-packages/airflow/example_dags/example_short_circuit_decorator.py for tasks to queue
[2024-02-19T12:31:14.316+0000] {logging_mixin.py:137} INFO - [2024-02-19T12:31:14.316+0000] {dagbag.py:538} INFO - Filling up the DagBag from /home/airflow/.local/lib/python3.7/site-packages/airflow/example_dags/example_short_circuit_decorator.py
[2024-02-19T12:31:14.330+0000] {processor.py:753} INFO - DAG(s) dict_keys(['example_short_circuit_decorator']) retrieved from /home/airflow/.local/lib/python3.7/site-packages/airflow/example_dags/example_short_circuit_decorator.py
[2024-02-19T12:31:14.344+0000] {logging_mixin.py:137} INFO - [2024-02-19T12:31:14.344+0000] {dag.py:2690} INFO - Sync 1 DAGs
[2024-02-19T12:31:14.362+0000] {logging_mixin.py:137} INFO - [2024-02-19T12:31:14.362+0000] {dag.py:3441} INFO - Setting next_dagrun for example_short_circuit_decorator to 2024-02-18T12:31:14.362146+00:00, run_after=2024-02-19T12:31:14.362146+00:00
[2024-02-19T12:31:14.373+0000] {processor.py:175} INFO - Processing /home/airflow/.local/lib/python3.7/site-packages/airflow/example_dags/example_short_circuit_decorator.py took 0.061 seconds
[2024-02-19T12:31:44.702+0000] {processor.py:153} INFO - Started process (PID=1813) to work on /home/airflow/.local/lib/python3.7/site-packages/airflow/example_dags/example_short_circuit_decorator.py
[2024-02-19T12:31:44.703+0000] {processor.py:743} INFO - Processing file /home/airflow/.local/lib/python3.7/site-packages/airflow/example_dags/example_short_circuit_decorator.py for tasks to queue
[2024-02-19T12:31:44.703+0000] {logging_mixin.py:137} INFO - [2024-02-19T12:31:44.703+0000] {dagbag.py:538} INFO - Filling up the DagBag from /home/airflow/.local/lib/python3.7/site-packages/airflow/example_dags/example_short_circuit_decorator.py
[2024-02-19T12:31:44.718+0000] {processor.py:753} INFO - DAG(s) dict_keys(['example_short_circuit_decorator']) retrieved from /home/airflow/.local/lib/python3.7/site-packages/airflow/example_dags/example_short_circuit_decorator.py
[2024-02-19T12:31:44.732+0000] {logging_mixin.py:137} INFO - [2024-02-19T12:31:44.732+0000] {dag.py:2690} INFO - Sync 1 DAGs
[2024-02-19T12:31:44.746+0000] {logging_mixin.py:137} INFO - [2024-02-19T12:31:44.746+0000] {dag.py:3441} INFO - Setting next_dagrun for example_short_circuit_decorator to 2024-02-18T12:31:44.745893+00:00, run_after=2024-02-19T12:31:44.745893+00:00
[2024-02-19T12:31:44.756+0000] {processor.py:175} INFO - Processing /home/airflow/.local/lib/python3.7/site-packages/airflow/example_dags/example_short_circuit_decorator.py took 0.055 seconds
[2024-02-19T12:32:15.219+0000] {processor.py:153} INFO - Started process (PID=1948) to work on /home/airflow/.local/lib/python3.7/site-packages/airflow/example_dags/example_short_circuit_decorator.py
[2024-02-19T12:32:15.220+0000] {processor.py:743} INFO - Processing file /home/airflow/.local/lib/python3.7/site-packages/airflow/example_dags/example_short_circuit_decorator.py for tasks to queue
[2024-02-19T12:32:15.220+0000] {logging_mixin.py:137} INFO - [2024-02-19T12:32:15.220+0000] {dagbag.py:538} INFO - Filling up the DagBag from /home/airflow/.local/lib/python3.7/site-packages/airflow/example_dags/example_short_circuit_decorator.py
[2024-02-19T12:32:15.234+0000] {processor.py:753} INFO - DAG(s) dict_keys(['example_short_circuit_decorator']) retrieved from /home/airflow/.local/lib/python3.7/site-packages/airflow/example_dags/example_short_circuit_decorator.py
[2024-02-19T12:32:15.248+0000] {logging_mixin.py:137} INFO - [2024-02-19T12:32:15.248+0000] {dag.py:2690} INFO - Sync 1 DAGs
[2024-02-19T12:32:15.264+0000] {logging_mixin.py:137} INFO - [2024-02-19T12:32:15.264+0000] {dag.py:3441} INFO - Setting next_dagrun for example_short_circuit_decorator to 2024-02-18T12:32:15.263337+00:00, run_after=2024-02-19T12:32:15.263337+00:00
[2024-02-19T12:32:15.274+0000] {processor.py:175} INFO - Processing /home/airflow/.local/lib/python3.7/site-packages/airflow/example_dags/example_short_circuit_decorator.py took 0.057 seconds
[2024-02-19T12:32:45.764+0000] {processor.py:153} INFO - Started process (PID=2083) to work on /home/airflow/.local/lib/python3.7/site-packages/airflow/example_dags/example_short_circuit_decorator.py
[2024-02-19T12:32:45.764+0000] {processor.py:743} INFO - Processing file /home/airflow/.local/lib/python3.7/site-packages/airflow/example_dags/example_short_circuit_decorator.py for tasks to queue
[2024-02-19T12:32:45.764+0000] {logging_mixin.py:137} INFO - [2024-02-19T12:32:45.764+0000] {dagbag.py:538} INFO - Filling up the DagBag from /home/airflow/.local/lib/python3.7/site-packages/airflow/example_dags/example_short_circuit_decorator.py
[2024-02-19T12:32:45.778+0000] {processor.py:753} INFO - DAG(s) dict_keys(['example_short_circuit_decorator']) retrieved from /home/airflow/.local/lib/python3.7/site-packages/airflow/example_dags/example_short_circuit_decorator.py
[2024-02-19T12:32:45.792+0000] {logging_mixin.py:137} INFO - [2024-02-19T12:32:45.791+0000] {dag.py:2690} INFO - Sync 1 DAGs
[2024-02-19T12:32:45.805+0000] {logging_mixin.py:137} INFO - [2024-02-19T12:32:45.805+0000] {dag.py:3441} INFO - Setting next_dagrun for example_short_circuit_decorator to 2024-02-18T12:32:45.805651+00:00, run_after=2024-02-19T12:32:45.805651+00:00
[2024-02-19T12:32:45.815+0000] {processor.py:175} INFO - Processing /home/airflow/.local/lib/python3.7/site-packages/airflow/example_dags/example_short_circuit_decorator.py took 0.054 seconds
[2024-02-19T12:33:16.291+0000] {processor.py:153} INFO - Started process (PID=2186) to work on /home/airflow/.local/lib/python3.7/site-packages/airflow/example_dags/example_short_circuit_decorator.py
[2024-02-19T12:33:16.292+0000] {processor.py:743} INFO - Processing file /home/airflow/.local/lib/python3.7/site-packages/airflow/example_dags/example_short_circuit_decorator.py for tasks to queue
[2024-02-19T12:33:16.292+0000] {logging_mixin.py:137} INFO - [2024-02-19T12:33:16.292+0000] {dagbag.py:538} INFO - Filling up the DagBag from /home/airflow/.local/lib/python3.7/site-packages/airflow/example_dags/example_short_circuit_decorator.py
[2024-02-19T12:33:16.306+0000] {processor.py:753} INFO - DAG(s) dict_keys(['example_short_circuit_decorator']) retrieved from /home/airflow/.local/lib/python3.7/site-packages/airflow/example_dags/example_short_circuit_decorator.py
[2024-02-19T12:33:16.321+0000] {logging_mixin.py:137} INFO - [2024-02-19T12:33:16.321+0000] {dag.py:2690} INFO - Sync 1 DAGs
[2024-02-19T12:33:16.336+0000] {logging_mixin.py:137} INFO - [2024-02-19T12:33:16.336+0000] {dag.py:3441} INFO - Setting next_dagrun for example_short_circuit_decorator to 2024-02-18T12:33:16.336229+00:00, run_after=2024-02-19T12:33:16.336229+00:00
[2024-02-19T12:33:16.347+0000] {processor.py:175} INFO - Processing /home/airflow/.local/lib/python3.7/site-packages/airflow/example_dags/example_short_circuit_decorator.py took 0.057 seconds
[2024-02-19T12:33:46.728+0000] {processor.py:153} INFO - Started process (PID=2321) to work on /home/airflow/.local/lib/python3.7/site-packages/airflow/example_dags/example_short_circuit_decorator.py
[2024-02-19T12:33:46.729+0000] {processor.py:743} INFO - Processing file /home/airflow/.local/lib/python3.7/site-packages/airflow/example_dags/example_short_circuit_decorator.py for tasks to queue
[2024-02-19T12:33:46.729+0000] {logging_mixin.py:137} INFO - [2024-02-19T12:33:46.729+0000] {dagbag.py:538} INFO - Filling up the DagBag from /home/airflow/.local/lib/python3.7/site-packages/airflow/example_dags/example_short_circuit_decorator.py
[2024-02-19T12:33:46.743+0000] {processor.py:753} INFO - DAG(s) dict_keys(['example_short_circuit_decorator']) retrieved from /home/airflow/.local/lib/python3.7/site-packages/airflow/example_dags/example_short_circuit_decorator.py
[2024-02-19T12:33:46.757+0000] {logging_mixin.py:137} INFO - [2024-02-19T12:33:46.757+0000] {dag.py:2690} INFO - Sync 1 DAGs
[2024-02-19T12:33:46.770+0000] {logging_mixin.py:137} INFO - [2024-02-19T12:33:46.770+0000] {dag.py:3441} INFO - Setting next_dagrun for example_short_circuit_decorator to 2024-02-18T12:33:46.770660+00:00, run_after=2024-02-19T12:33:46.770660+00:00
[2024-02-19T12:33:46.781+0000] {processor.py:175} INFO - Processing /home/airflow/.local/lib/python3.7/site-packages/airflow/example_dags/example_short_circuit_decorator.py took 0.054 seconds
[2024-02-19T12:34:17.109+0000] {processor.py:153} INFO - Started process (PID=2456) to work on /home/airflow/.local/lib/python3.7/site-packages/airflow/example_dags/example_short_circuit_decorator.py
[2024-02-19T12:34:17.109+0000] {processor.py:743} INFO - Processing file /home/airflow/.local/lib/python3.7/site-packages/airflow/example_dags/example_short_circuit_decorator.py for tasks to queue
[2024-02-19T12:34:17.110+0000] {logging_mixin.py:137} INFO - [2024-02-19T12:34:17.110+0000] {dagbag.py:538} INFO - Filling up the DagBag from /home/airflow/.local/lib/python3.7/site-packages/airflow/example_dags/example_short_circuit_decorator.py
[2024-02-19T12:34:17.123+0000] {processor.py:753} INFO - DAG(s) dict_keys(['example_short_circuit_decorator']) retrieved from /home/airflow/.local/lib/python3.7/site-packages/airflow/example_dags/example_short_circuit_decorator.py
[2024-02-19T12:34:17.136+0000] {logging_mixin.py:137} INFO - [2024-02-19T12:34:17.136+0000] {dag.py:2690} INFO - Sync 1 DAGs
[2024-02-19T12:34:17.151+0000] {logging_mixin.py:137} INFO - [2024-02-19T12:34:17.150+0000] {dag.py:3441} INFO - Setting next_dagrun for example_short_circuit_decorator to 2024-02-18T12:34:17.150800+00:00, run_after=2024-02-19T12:34:17.150800+00:00
[2024-02-19T12:34:17.161+0000] {processor.py:175} INFO - Processing /home/airflow/.local/lib/python3.7/site-packages/airflow/example_dags/example_short_circuit_decorator.py took 0.054 seconds
[2024-02-19T12:34:47.711+0000] {processor.py:153} INFO - Started process (PID=2559) to work on /home/airflow/.local/lib/python3.7/site-packages/airflow/example_dags/example_short_circuit_decorator.py
[2024-02-19T12:34:47.712+0000] {processor.py:743} INFO - Processing file /home/airflow/.local/lib/python3.7/site-packages/airflow/example_dags/example_short_circuit_decorator.py for tasks to queue
[2024-02-19T12:34:47.712+0000] {logging_mixin.py:137} INFO - [2024-02-19T12:34:47.712+0000] {dagbag.py:538} INFO - Filling up the DagBag from /home/airflow/.local/lib/python3.7/site-packages/airflow/example_dags/example_short_circuit_decorator.py
[2024-02-19T12:34:47.726+0000] {processor.py:753} INFO - DAG(s) dict_keys(['example_short_circuit_decorator']) retrieved from /home/airflow/.local/lib/python3.7/site-packages/airflow/example_dags/example_short_circuit_decorator.py
[2024-02-19T12:34:47.740+0000] {logging_mixin.py:137} INFO - [2024-02-19T12:34:47.740+0000] {dag.py:2690} INFO - Sync 1 DAGs
[2024-02-19T12:34:47.755+0000] {logging_mixin.py:137} INFO - [2024-02-19T12:34:47.755+0000] {dag.py:3441} INFO - Setting next_dagrun for example_short_circuit_decorator to 2024-02-18T12:34:47.755322+00:00, run_after=2024-02-19T12:34:47.755322+00:00
[2024-02-19T12:34:47.766+0000] {processor.py:175} INFO - Processing /home/airflow/.local/lib/python3.7/site-packages/airflow/example_dags/example_short_circuit_decorator.py took 0.056 seconds
[2024-02-19T12:35:18.280+0000] {processor.py:153} INFO - Started process (PID=2694) to work on /home/airflow/.local/lib/python3.7/site-packages/airflow/example_dags/example_short_circuit_decorator.py
[2024-02-19T12:35:18.281+0000] {processor.py:743} INFO - Processing file /home/airflow/.local/lib/python3.7/site-packages/airflow/example_dags/example_short_circuit_decorator.py for tasks to queue
[2024-02-19T12:35:18.281+0000] {logging_mixin.py:137} INFO - [2024-02-19T12:35:18.281+0000] {dagbag.py:538} INFO - Filling up the DagBag from /home/airflow/.local/lib/python3.7/site-packages/airflow/example_dags/example_short_circuit_decorator.py
[2024-02-19T12:35:18.295+0000] {processor.py:753} INFO - DAG(s) dict_keys(['example_short_circuit_decorator']) retrieved from /home/airflow/.local/lib/python3.7/site-packages/airflow/example_dags/example_short_circuit_decorator.py
[2024-02-19T12:35:18.310+0000] {logging_mixin.py:137} INFO - [2024-02-19T12:35:18.310+0000] {dag.py:2690} INFO - Sync 1 DAGs
[2024-02-19T12:35:18.324+0000] {logging_mixin.py:137} INFO - [2024-02-19T12:35:18.324+0000] {dag.py:3441} INFO - Setting next_dagrun for example_short_circuit_decorator to 2024-02-18T12:35:18.324115+00:00, run_after=2024-02-19T12:35:18.324115+00:00
[2024-02-19T12:35:18.335+0000] {processor.py:175} INFO - Processing /home/airflow/.local/lib/python3.7/site-packages/airflow/example_dags/example_short_circuit_decorator.py took 0.056 seconds
[2024-02-19T12:35:48.771+0000] {processor.py:153} INFO - Started process (PID=2829) to work on /home/airflow/.local/lib/python3.7/site-packages/airflow/example_dags/example_short_circuit_decorator.py
[2024-02-19T12:35:48.771+0000] {processor.py:743} INFO - Processing file /home/airflow/.local/lib/python3.7/site-packages/airflow/example_dags/example_short_circuit_decorator.py for tasks to queue
[2024-02-19T12:35:48.772+0000] {logging_mixin.py:137} INFO - [2024-02-19T12:35:48.771+0000] {dagbag.py:538} INFO - Filling up the DagBag from /home/airflow/.local/lib/python3.7/site-packages/airflow/example_dags/example_short_circuit_decorator.py
[2024-02-19T12:35:48.786+0000] {processor.py:753} INFO - DAG(s) dict_keys(['example_short_circuit_decorator']) retrieved from /home/airflow/.local/lib/python3.7/site-packages/airflow/example_dags/example_short_circuit_decorator.py
[2024-02-19T12:35:48.799+0000] {logging_mixin.py:137} INFO - [2024-02-19T12:35:48.799+0000] {dag.py:2690} INFO - Sync 1 DAGs
[2024-02-19T12:35:48.813+0000] {logging_mixin.py:137} INFO - [2024-02-19T12:35:48.813+0000] {dag.py:3441} INFO - Setting next_dagrun for example_short_circuit_decorator to 2024-02-18T12:35:48.813536+00:00, run_after=2024-02-19T12:35:48.813536+00:00
[2024-02-19T12:35:48.824+0000] {processor.py:175} INFO - Processing /home/airflow/.local/lib/python3.7/site-packages/airflow/example_dags/example_short_circuit_decorator.py took 0.056 seconds
[2024-02-19T12:36:19.364+0000] {processor.py:153} INFO - Started process (PID=2932) to work on /home/airflow/.local/lib/python3.7/site-packages/airflow/example_dags/example_short_circuit_decorator.py
[2024-02-19T12:36:19.364+0000] {processor.py:743} INFO - Processing file /home/airflow/.local/lib/python3.7/site-packages/airflow/example_dags/example_short_circuit_decorator.py for tasks to queue
[2024-02-19T12:36:19.365+0000] {logging_mixin.py:137} INFO - [2024-02-19T12:36:19.365+0000] {dagbag.py:538} INFO - Filling up the DagBag from /home/airflow/.local/lib/python3.7/site-packages/airflow/example_dags/example_short_circuit_decorator.py
[2024-02-19T12:36:19.379+0000] {processor.py:753} INFO - DAG(s) dict_keys(['example_short_circuit_decorator']) retrieved from /home/airflow/.local/lib/python3.7/site-packages/airflow/example_dags/example_short_circuit_decorator.py
[2024-02-19T12:36:19.392+0000] {logging_mixin.py:137} INFO - [2024-02-19T12:36:19.392+0000] {dag.py:2690} INFO - Sync 1 DAGs
[2024-02-19T12:36:19.407+0000] {logging_mixin.py:137} INFO - [2024-02-19T12:36:19.407+0000] {dag.py:3441} INFO - Setting next_dagrun for example_short_circuit_decorator to 2024-02-18T12:36:19.407424+00:00, run_after=2024-02-19T12:36:19.407424+00:00
[2024-02-19T12:36:19.418+0000] {processor.py:175} INFO - Processing /home/airflow/.local/lib/python3.7/site-packages/airflow/example_dags/example_short_circuit_decorator.py took 0.056 seconds
[2024-02-19T12:36:49.808+0000] {processor.py:153} INFO - Started process (PID=3067) to work on /home/airflow/.local/lib/python3.7/site-packages/airflow/example_dags/example_short_circuit_decorator.py
[2024-02-19T12:36:49.808+0000] {processor.py:743} INFO - Processing file /home/airflow/.local/lib/python3.7/site-packages/airflow/example_dags/example_short_circuit_decorator.py for tasks to queue
[2024-02-19T12:36:49.809+0000] {logging_mixin.py:137} INFO - [2024-02-19T12:36:49.808+0000] {dagbag.py:538} INFO - Filling up the DagBag from /home/airflow/.local/lib/python3.7/site-packages/airflow/example_dags/example_short_circuit_decorator.py
[2024-02-19T12:36:49.823+0000] {processor.py:753} INFO - DAG(s) dict_keys(['example_short_circuit_decorator']) retrieved from /home/airflow/.local/lib/python3.7/site-packages/airflow/example_dags/example_short_circuit_decorator.py
[2024-02-19T12:36:49.838+0000] {logging_mixin.py:137} INFO - [2024-02-19T12:36:49.838+0000] {dag.py:2690} INFO - Sync 1 DAGs
[2024-02-19T12:36:49.852+0000] {logging_mixin.py:137} INFO - [2024-02-19T12:36:49.852+0000] {dag.py:3441} INFO - Setting next_dagrun for example_short_circuit_decorator to 2024-02-18T12:36:49.852034+00:00, run_after=2024-02-19T12:36:49.852034+00:00
[2024-02-19T12:36:49.863+0000] {processor.py:175} INFO - Processing /home/airflow/.local/lib/python3.7/site-packages/airflow/example_dags/example_short_circuit_decorator.py took 0.057 seconds
[2024-02-19T12:37:20.280+0000] {processor.py:153} INFO - Started process (PID=3202) to work on /home/airflow/.local/lib/python3.7/site-packages/airflow/example_dags/example_short_circuit_decorator.py
[2024-02-19T12:37:20.281+0000] {processor.py:743} INFO - Processing file /home/airflow/.local/lib/python3.7/site-packages/airflow/example_dags/example_short_circuit_decorator.py for tasks to queue
[2024-02-19T12:37:20.281+0000] {logging_mixin.py:137} INFO - [2024-02-19T12:37:20.281+0000] {dagbag.py:538} INFO - Filling up the DagBag from /home/airflow/.local/lib/python3.7/site-packages/airflow/example_dags/example_short_circuit_decorator.py
[2024-02-19T12:37:20.296+0000] {processor.py:753} INFO - DAG(s) dict_keys(['example_short_circuit_decorator']) retrieved from /home/airflow/.local/lib/python3.7/site-packages/airflow/example_dags/example_short_circuit_decorator.py
[2024-02-19T12:37:20.309+0000] {logging_mixin.py:137} INFO - [2024-02-19T12:37:20.309+0000] {dag.py:2690} INFO - Sync 1 DAGs
[2024-02-19T12:37:20.323+0000] {logging_mixin.py:137} INFO - [2024-02-19T12:37:20.323+0000] {dag.py:3441} INFO - Setting next_dagrun for example_short_circuit_decorator to 2024-02-18T12:37:20.323407+00:00, run_after=2024-02-19T12:37:20.323407+00:00
[2024-02-19T12:37:20.338+0000] {processor.py:175} INFO - Processing /home/airflow/.local/lib/python3.7/site-packages/airflow/example_dags/example_short_circuit_decorator.py took 0.060 seconds
[2024-02-19T12:37:50.729+0000] {processor.py:153} INFO - Started process (PID=3305) to work on /home/airflow/.local/lib/python3.7/site-packages/airflow/example_dags/example_short_circuit_decorator.py
[2024-02-19T12:37:50.729+0000] {processor.py:743} INFO - Processing file /home/airflow/.local/lib/python3.7/site-packages/airflow/example_dags/example_short_circuit_decorator.py for tasks to queue
[2024-02-19T12:37:50.729+0000] {logging_mixin.py:137} INFO - [2024-02-19T12:37:50.729+0000] {dagbag.py:538} INFO - Filling up the DagBag from /home/airflow/.local/lib/python3.7/site-packages/airflow/example_dags/example_short_circuit_decorator.py
[2024-02-19T12:37:50.743+0000] {processor.py:753} INFO - DAG(s) dict_keys(['example_short_circuit_decorator']) retrieved from /home/airflow/.local/lib/python3.7/site-packages/airflow/example_dags/example_short_circuit_decorator.py
[2024-02-19T12:37:50.758+0000] {logging_mixin.py:137} INFO - [2024-02-19T12:37:50.758+0000] {dag.py:2690} INFO - Sync 1 DAGs
[2024-02-19T12:37:50.773+0000] {logging_mixin.py:137} INFO - [2024-02-19T12:37:50.773+0000] {dag.py:3441} INFO - Setting next_dagrun for example_short_circuit_decorator to 2024-02-18T12:37:50.773164+00:00, run_after=2024-02-19T12:37:50.773164+00:00
[2024-02-19T12:37:50.783+0000] {processor.py:175} INFO - Processing /home/airflow/.local/lib/python3.7/site-packages/airflow/example_dags/example_short_circuit_decorator.py took 0.056 seconds
[2024-02-19T12:38:21.349+0000] {processor.py:153} INFO - Started process (PID=3440) to work on /home/airflow/.local/lib/python3.7/site-packages/airflow/example_dags/example_short_circuit_decorator.py
[2024-02-19T12:38:21.350+0000] {processor.py:743} INFO - Processing file /home/airflow/.local/lib/python3.7/site-packages/airflow/example_dags/example_short_circuit_decorator.py for tasks to queue
[2024-02-19T12:38:21.350+0000] {logging_mixin.py:137} INFO - [2024-02-19T12:38:21.350+0000] {dagbag.py:538} INFO - Filling up the DagBag from /home/airflow/.local/lib/python3.7/site-packages/airflow/example_dags/example_short_circuit_decorator.py
[2024-02-19T12:38:21.364+0000] {processor.py:753} INFO - DAG(s) dict_keys(['example_short_circuit_decorator']) retrieved from /home/airflow/.local/lib/python3.7/site-packages/airflow/example_dags/example_short_circuit_decorator.py
[2024-02-19T12:38:21.378+0000] {logging_mixin.py:137} INFO - [2024-02-19T12:38:21.378+0000] {dag.py:2690} INFO - Sync 1 DAGs
[2024-02-19T12:38:21.392+0000] {logging_mixin.py:137} INFO - [2024-02-19T12:38:21.392+0000] {dag.py:3441} INFO - Setting next_dagrun for example_short_circuit_decorator to 2024-02-18T12:38:21.392714+00:00, run_after=2024-02-19T12:38:21.392714+00:00
[2024-02-19T12:38:21.404+0000] {processor.py:175} INFO - Processing /home/airflow/.local/lib/python3.7/site-packages/airflow/example_dags/example_short_circuit_decorator.py took 0.057 seconds
[2024-02-19T12:38:51.890+0000] {processor.py:153} INFO - Started process (PID=3575) to work on /home/airflow/.local/lib/python3.7/site-packages/airflow/example_dags/example_short_circuit_decorator.py
[2024-02-19T12:38:51.891+0000] {processor.py:743} INFO - Processing file /home/airflow/.local/lib/python3.7/site-packages/airflow/example_dags/example_short_circuit_decorator.py for tasks to queue
[2024-02-19T12:38:51.891+0000] {logging_mixin.py:137} INFO - [2024-02-19T12:38:51.891+0000] {dagbag.py:538} INFO - Filling up the DagBag from /home/airflow/.local/lib/python3.7/site-packages/airflow/example_dags/example_short_circuit_decorator.py
[2024-02-19T12:38:51.905+0000] {processor.py:753} INFO - DAG(s) dict_keys(['example_short_circuit_decorator']) retrieved from /home/airflow/.local/lib/python3.7/site-packages/airflow/example_dags/example_short_circuit_decorator.py
[2024-02-19T12:38:51.919+0000] {logging_mixin.py:137} INFO - [2024-02-19T12:38:51.919+0000] {dag.py:2690} INFO - Sync 1 DAGs
[2024-02-19T12:38:51.933+0000] {logging_mixin.py:137} INFO - [2024-02-19T12:38:51.933+0000] {dag.py:3441} INFO - Setting next_dagrun for example_short_circuit_decorator to 2024-02-18T12:38:51.933366+00:00, run_after=2024-02-19T12:38:51.933366+00:00
[2024-02-19T12:38:51.944+0000] {processor.py:175} INFO - Processing /home/airflow/.local/lib/python3.7/site-packages/airflow/example_dags/example_short_circuit_decorator.py took 0.055 seconds
[2024-02-19T12:39:22.430+0000] {processor.py:153} INFO - Started process (PID=3678) to work on /home/airflow/.local/lib/python3.7/site-packages/airflow/example_dags/example_short_circuit_decorator.py
[2024-02-19T12:39:22.431+0000] {processor.py:743} INFO - Processing file /home/airflow/.local/lib/python3.7/site-packages/airflow/example_dags/example_short_circuit_decorator.py for tasks to queue
[2024-02-19T12:39:22.431+0000] {logging_mixin.py:137} INFO - [2024-02-19T12:39:22.431+0000] {dagbag.py:538} INFO - Filling up the DagBag from /home/airflow/.local/lib/python3.7/site-packages/airflow/example_dags/example_short_circuit_decorator.py
[2024-02-19T12:39:22.445+0000] {processor.py:753} INFO - DAG(s) dict_keys(['example_short_circuit_decorator']) retrieved from /home/airflow/.local/lib/python3.7/site-packages/airflow/example_dags/example_short_circuit_decorator.py
[2024-02-19T12:39:22.460+0000] {logging_mixin.py:137} INFO - [2024-02-19T12:39:22.460+0000] {dag.py:2690} INFO - Sync 1 DAGs
[2024-02-19T12:39:22.474+0000] {logging_mixin.py:137} INFO - [2024-02-19T12:39:22.474+0000] {dag.py:3441} INFO - Setting next_dagrun for example_short_circuit_decorator to 2024-02-18T12:39:22.474343+00:00, run_after=2024-02-19T12:39:22.474343+00:00
[2024-02-19T12:39:22.485+0000] {processor.py:175} INFO - Processing /home/airflow/.local/lib/python3.7/site-packages/airflow/example_dags/example_short_circuit_decorator.py took 0.057 seconds
[2024-02-19T12:39:52.973+0000] {processor.py:153} INFO - Started process (PID=3813) to work on /home/airflow/.local/lib/python3.7/site-packages/airflow/example_dags/example_short_circuit_decorator.py
[2024-02-19T12:39:52.974+0000] {processor.py:743} INFO - Processing file /home/airflow/.local/lib/python3.7/site-packages/airflow/example_dags/example_short_circuit_decorator.py for tasks to queue
[2024-02-19T12:39:52.974+0000] {logging_mixin.py:137} INFO - [2024-02-19T12:39:52.974+0000] {dagbag.py:538} INFO - Filling up the DagBag from /home/airflow/.local/lib/python3.7/site-packages/airflow/example_dags/example_short_circuit_decorator.py
[2024-02-19T12:39:52.988+0000] {processor.py:753} INFO - DAG(s) dict_keys(['example_short_circuit_decorator']) retrieved from /home/airflow/.local/lib/python3.7/site-packages/airflow/example_dags/example_short_circuit_decorator.py
[2024-02-19T12:39:53.004+0000] {logging_mixin.py:137} INFO - [2024-02-19T12:39:53.004+0000] {dag.py:2690} INFO - Sync 1 DAGs
[2024-02-19T12:39:53.019+0000] {logging_mixin.py:137} INFO - [2024-02-19T12:39:53.018+0000] {dag.py:3441} INFO - Setting next_dagrun for example_short_circuit_decorator to 2024-02-18T12:39:53.018761+00:00, run_after=2024-02-19T12:39:53.018761+00:00
[2024-02-19T12:39:53.030+0000] {processor.py:175} INFO - Processing /home/airflow/.local/lib/python3.7/site-packages/airflow/example_dags/example_short_circuit_decorator.py took 0.059 seconds
[2024-02-19T12:40:23.429+0000] {processor.py:153} INFO - Started process (PID=3948) to work on /home/airflow/.local/lib/python3.7/site-packages/airflow/example_dags/example_short_circuit_decorator.py
[2024-02-19T12:40:23.429+0000] {processor.py:743} INFO - Processing file /home/airflow/.local/lib/python3.7/site-packages/airflow/example_dags/example_short_circuit_decorator.py for tasks to queue
[2024-02-19T12:40:23.430+0000] {logging_mixin.py:137} INFO - [2024-02-19T12:40:23.430+0000] {dagbag.py:538} INFO - Filling up the DagBag from /home/airflow/.local/lib/python3.7/site-packages/airflow/example_dags/example_short_circuit_decorator.py
[2024-02-19T12:40:23.444+0000] {processor.py:753} INFO - DAG(s) dict_keys(['example_short_circuit_decorator']) retrieved from /home/airflow/.local/lib/python3.7/site-packages/airflow/example_dags/example_short_circuit_decorator.py
[2024-02-19T12:40:23.459+0000] {logging_mixin.py:137} INFO - [2024-02-19T12:40:23.458+0000] {dag.py:2690} INFO - Sync 1 DAGs
[2024-02-19T12:40:23.473+0000] {logging_mixin.py:137} INFO - [2024-02-19T12:40:23.472+0000] {dag.py:3441} INFO - Setting next_dagrun for example_short_circuit_decorator to 2024-02-18T12:40:23.472863+00:00, run_after=2024-02-19T12:40:23.472863+00:00
[2024-02-19T12:40:23.485+0000] {processor.py:175} INFO - Processing /home/airflow/.local/lib/python3.7/site-packages/airflow/example_dags/example_short_circuit_decorator.py took 0.058 seconds
[2024-02-19T12:40:53.892+0000] {processor.py:153} INFO - Started process (PID=4052) to work on /home/airflow/.local/lib/python3.7/site-packages/airflow/example_dags/example_short_circuit_decorator.py
[2024-02-19T12:40:53.893+0000] {processor.py:743} INFO - Processing file /home/airflow/.local/lib/python3.7/site-packages/airflow/example_dags/example_short_circuit_decorator.py for tasks to queue
[2024-02-19T12:40:53.893+0000] {logging_mixin.py:137} INFO - [2024-02-19T12:40:53.893+0000] {dagbag.py:538} INFO - Filling up the DagBag from /home/airflow/.local/lib/python3.7/site-packages/airflow/example_dags/example_short_circuit_decorator.py
[2024-02-19T12:40:53.908+0000] {processor.py:753} INFO - DAG(s) dict_keys(['example_short_circuit_decorator']) retrieved from /home/airflow/.local/lib/python3.7/site-packages/airflow/example_dags/example_short_circuit_decorator.py
[2024-02-19T12:40:53.922+0000] {logging_mixin.py:137} INFO - [2024-02-19T12:40:53.922+0000] {dag.py:2690} INFO - Sync 1 DAGs
[2024-02-19T12:40:53.936+0000] {logging_mixin.py:137} INFO - [2024-02-19T12:40:53.936+0000] {dag.py:3441} INFO - Setting next_dagrun for example_short_circuit_decorator to 2024-02-18T12:40:53.936403+00:00, run_after=2024-02-19T12:40:53.936403+00:00
[2024-02-19T12:40:53.948+0000] {processor.py:175} INFO - Processing /home/airflow/.local/lib/python3.7/site-packages/airflow/example_dags/example_short_circuit_decorator.py took 0.057 seconds
[2024-02-19T12:41:24.299+0000] {processor.py:153} INFO - Started process (PID=4187) to work on /home/airflow/.local/lib/python3.7/site-packages/airflow/example_dags/example_short_circuit_decorator.py
[2024-02-19T12:41:24.299+0000] {processor.py:743} INFO - Processing file /home/airflow/.local/lib/python3.7/site-packages/airflow/example_dags/example_short_circuit_decorator.py for tasks to queue
[2024-02-19T12:41:24.299+0000] {logging_mixin.py:137} INFO - [2024-02-19T12:41:24.299+0000] {dagbag.py:538} INFO - Filling up the DagBag from /home/airflow/.local/lib/python3.7/site-packages/airflow/example_dags/example_short_circuit_decorator.py
[2024-02-19T12:41:24.313+0000] {processor.py:753} INFO - DAG(s) dict_keys(['example_short_circuit_decorator']) retrieved from /home/airflow/.local/lib/python3.7/site-packages/airflow/example_dags/example_short_circuit_decorator.py
[2024-02-19T12:41:24.327+0000] {logging_mixin.py:137} INFO - [2024-02-19T12:41:24.327+0000] {dag.py:2690} INFO - Sync 1 DAGs
[2024-02-19T12:41:24.341+0000] {logging_mixin.py:137} INFO - [2024-02-19T12:41:24.341+0000] {dag.py:3441} INFO - Setting next_dagrun for example_short_circuit_decorator to 2024-02-18T12:41:24.341387+00:00, run_after=2024-02-19T12:41:24.341387+00:00
[2024-02-19T12:41:24.351+0000] {processor.py:175} INFO - Processing /home/airflow/.local/lib/python3.7/site-packages/airflow/example_dags/example_short_circuit_decorator.py took 0.055 seconds
[2024-02-19T12:41:55.136+0000] {processor.py:153} INFO - Started process (PID=4322) to work on /home/airflow/.local/lib/python3.7/site-packages/airflow/example_dags/example_short_circuit_decorator.py
[2024-02-19T12:41:55.137+0000] {processor.py:743} INFO - Processing file /home/airflow/.local/lib/python3.7/site-packages/airflow/example_dags/example_short_circuit_decorator.py for tasks to queue
[2024-02-19T12:41:55.137+0000] {logging_mixin.py:137} INFO - [2024-02-19T12:41:55.137+0000] {dagbag.py:538} INFO - Filling up the DagBag from /home/airflow/.local/lib/python3.7/site-packages/airflow/example_dags/example_short_circuit_decorator.py
[2024-02-19T12:41:55.152+0000] {processor.py:753} INFO - DAG(s) dict_keys(['example_short_circuit_decorator']) retrieved from /home/airflow/.local/lib/python3.7/site-packages/airflow/example_dags/example_short_circuit_decorator.py
[2024-02-19T12:41:55.168+0000] {logging_mixin.py:137} INFO - [2024-02-19T12:41:55.168+0000] {dag.py:2690} INFO - Sync 1 DAGs
[2024-02-19T12:41:55.184+0000] {logging_mixin.py:137} INFO - [2024-02-19T12:41:55.184+0000] {dag.py:3441} INFO - Setting next_dagrun for example_short_circuit_decorator to 2024-02-18T12:41:55.184702+00:00, run_after=2024-02-19T12:41:55.184702+00:00
[2024-02-19T12:41:55.196+0000] {processor.py:175} INFO - Processing /home/airflow/.local/lib/python3.7/site-packages/airflow/example_dags/example_short_circuit_decorator.py took 0.063 seconds
[2024-02-19T12:42:25.616+0000] {processor.py:153} INFO - Started process (PID=4425) to work on /home/airflow/.local/lib/python3.7/site-packages/airflow/example_dags/example_short_circuit_decorator.py
[2024-02-19T12:42:25.616+0000] {processor.py:743} INFO - Processing file /home/airflow/.local/lib/python3.7/site-packages/airflow/example_dags/example_short_circuit_decorator.py for tasks to queue
[2024-02-19T12:42:25.617+0000] {logging_mixin.py:137} INFO - [2024-02-19T12:42:25.617+0000] {dagbag.py:538} INFO - Filling up the DagBag from /home/airflow/.local/lib/python3.7/site-packages/airflow/example_dags/example_short_circuit_decorator.py
[2024-02-19T12:42:25.631+0000] {processor.py:753} INFO - DAG(s) dict_keys(['example_short_circuit_decorator']) retrieved from /home/airflow/.local/lib/python3.7/site-packages/airflow/example_dags/example_short_circuit_decorator.py
[2024-02-19T12:42:25.646+0000] {logging_mixin.py:137} INFO - [2024-02-19T12:42:25.646+0000] {dag.py:2690} INFO - Sync 1 DAGs
[2024-02-19T12:42:25.661+0000] {logging_mixin.py:137} INFO - [2024-02-19T12:42:25.661+0000] {dag.py:3441} INFO - Setting next_dagrun for example_short_circuit_decorator to 2024-02-18T12:42:25.661010+00:00, run_after=2024-02-19T12:42:25.661010+00:00
[2024-02-19T12:42:25.671+0000] {processor.py:175} INFO - Processing /home/airflow/.local/lib/python3.7/site-packages/airflow/example_dags/example_short_circuit_decorator.py took 0.057 seconds
[2024-02-19T12:42:56.085+0000] {processor.py:153} INFO - Started process (PID=4560) to work on /home/airflow/.local/lib/python3.7/site-packages/airflow/example_dags/example_short_circuit_decorator.py
[2024-02-19T12:42:56.086+0000] {processor.py:743} INFO - Processing file /home/airflow/.local/lib/python3.7/site-packages/airflow/example_dags/example_short_circuit_decorator.py for tasks to queue
[2024-02-19T12:42:56.086+0000] {logging_mixin.py:137} INFO - [2024-02-19T12:42:56.086+0000] {dagbag.py:538} INFO - Filling up the DagBag from /home/airflow/.local/lib/python3.7/site-packages/airflow/example_dags/example_short_circuit_decorator.py
[2024-02-19T12:42:56.100+0000] {processor.py:753} INFO - DAG(s) dict_keys(['example_short_circuit_decorator']) retrieved from /home/airflow/.local/lib/python3.7/site-packages/airflow/example_dags/example_short_circuit_decorator.py
[2024-02-19T12:42:56.114+0000] {logging_mixin.py:137} INFO - [2024-02-19T12:42:56.114+0000] {dag.py:2690} INFO - Sync 1 DAGs
[2024-02-19T12:42:56.128+0000] {logging_mixin.py:137} INFO - [2024-02-19T12:42:56.127+0000] {dag.py:3441} INFO - Setting next_dagrun for example_short_circuit_decorator to 2024-02-18T12:42:56.127817+00:00, run_after=2024-02-19T12:42:56.127817+00:00
[2024-02-19T12:42:56.138+0000] {processor.py:175} INFO - Processing /home/airflow/.local/lib/python3.7/site-packages/airflow/example_dags/example_short_circuit_decorator.py took 0.055 seconds
[2024-02-19T12:43:26.948+0000] {processor.py:153} INFO - Started process (PID=4695) to work on /home/airflow/.local/lib/python3.7/site-packages/airflow/example_dags/example_short_circuit_decorator.py
[2024-02-19T12:43:26.949+0000] {processor.py:743} INFO - Processing file /home/airflow/.local/lib/python3.7/site-packages/airflow/example_dags/example_short_circuit_decorator.py for tasks to queue
[2024-02-19T12:43:26.949+0000] {logging_mixin.py:137} INFO - [2024-02-19T12:43:26.949+0000] {dagbag.py:538} INFO - Filling up the DagBag from /home/airflow/.local/lib/python3.7/site-packages/airflow/example_dags/example_short_circuit_decorator.py
[2024-02-19T12:43:26.963+0000] {processor.py:753} INFO - DAG(s) dict_keys(['example_short_circuit_decorator']) retrieved from /home/airflow/.local/lib/python3.7/site-packages/airflow/example_dags/example_short_circuit_decorator.py
[2024-02-19T12:43:26.977+0000] {logging_mixin.py:137} INFO - [2024-02-19T12:43:26.977+0000] {dag.py:2690} INFO - Sync 1 DAGs
[2024-02-19T12:43:26.991+0000] {logging_mixin.py:137} INFO - [2024-02-19T12:43:26.991+0000] {dag.py:3441} INFO - Setting next_dagrun for example_short_circuit_decorator to 2024-02-18T12:43:26.991440+00:00, run_after=2024-02-19T12:43:26.991440+00:00
[2024-02-19T12:43:27.002+0000] {processor.py:175} INFO - Processing /home/airflow/.local/lib/python3.7/site-packages/airflow/example_dags/example_short_circuit_decorator.py took 0.057 seconds
[2024-02-19T12:43:57.358+0000] {processor.py:153} INFO - Started process (PID=4798) to work on /home/airflow/.local/lib/python3.7/site-packages/airflow/example_dags/example_short_circuit_decorator.py
[2024-02-19T12:43:57.359+0000] {processor.py:743} INFO - Processing file /home/airflow/.local/lib/python3.7/site-packages/airflow/example_dags/example_short_circuit_decorator.py for tasks to queue
[2024-02-19T12:43:57.359+0000] {logging_mixin.py:137} INFO - [2024-02-19T12:43:57.359+0000] {dagbag.py:538} INFO - Filling up the DagBag from /home/airflow/.local/lib/python3.7/site-packages/airflow/example_dags/example_short_circuit_decorator.py
[2024-02-19T12:43:57.373+0000] {processor.py:753} INFO - DAG(s) dict_keys(['example_short_circuit_decorator']) retrieved from /home/airflow/.local/lib/python3.7/site-packages/airflow/example_dags/example_short_circuit_decorator.py
[2024-02-19T12:43:57.387+0000] {logging_mixin.py:137} INFO - [2024-02-19T12:43:57.387+0000] {dag.py:2690} INFO - Sync 1 DAGs
[2024-02-19T12:43:57.401+0000] {logging_mixin.py:137} INFO - [2024-02-19T12:43:57.401+0000] {dag.py:3441} INFO - Setting next_dagrun for example_short_circuit_decorator to 2024-02-18T12:43:57.401535+00:00, run_after=2024-02-19T12:43:57.401535+00:00
[2024-02-19T12:43:57.412+0000] {processor.py:175} INFO - Processing /home/airflow/.local/lib/python3.7/site-packages/airflow/example_dags/example_short_circuit_decorator.py took 0.055 seconds
[2024-02-19T12:44:27.809+0000] {processor.py:153} INFO - Started process (PID=4932) to work on /home/airflow/.local/lib/python3.7/site-packages/airflow/example_dags/example_short_circuit_decorator.py
[2024-02-19T12:44:27.810+0000] {processor.py:743} INFO - Processing file /home/airflow/.local/lib/python3.7/site-packages/airflow/example_dags/example_short_circuit_decorator.py for tasks to queue
[2024-02-19T12:44:27.810+0000] {logging_mixin.py:137} INFO - [2024-02-19T12:44:27.810+0000] {dagbag.py:538} INFO - Filling up the DagBag from /home/airflow/.local/lib/python3.7/site-packages/airflow/example_dags/example_short_circuit_decorator.py
[2024-02-19T12:44:27.826+0000] {processor.py:753} INFO - DAG(s) dict_keys(['example_short_circuit_decorator']) retrieved from /home/airflow/.local/lib/python3.7/site-packages/airflow/example_dags/example_short_circuit_decorator.py
[2024-02-19T12:44:27.840+0000] {logging_mixin.py:137} INFO - [2024-02-19T12:44:27.840+0000] {dag.py:2690} INFO - Sync 1 DAGs
[2024-02-19T12:44:27.854+0000] {logging_mixin.py:137} INFO - [2024-02-19T12:44:27.853+0000] {dag.py:3441} INFO - Setting next_dagrun for example_short_circuit_decorator to 2024-02-18T12:44:27.853829+00:00, run_after=2024-02-19T12:44:27.853829+00:00
[2024-02-19T12:44:27.864+0000] {processor.py:175} INFO - Processing /home/airflow/.local/lib/python3.7/site-packages/airflow/example_dags/example_short_circuit_decorator.py took 0.057 seconds
[2024-02-19T12:44:58.645+0000] {processor.py:153} INFO - Started process (PID=5067) to work on /home/airflow/.local/lib/python3.7/site-packages/airflow/example_dags/example_short_circuit_decorator.py
[2024-02-19T12:44:58.646+0000] {processor.py:743} INFO - Processing file /home/airflow/.local/lib/python3.7/site-packages/airflow/example_dags/example_short_circuit_decorator.py for tasks to queue
[2024-02-19T12:44:58.646+0000] {logging_mixin.py:137} INFO - [2024-02-19T12:44:58.646+0000] {dagbag.py:538} INFO - Filling up the DagBag from /home/airflow/.local/lib/python3.7/site-packages/airflow/example_dags/example_short_circuit_decorator.py
[2024-02-19T12:44:58.660+0000] {processor.py:753} INFO - DAG(s) dict_keys(['example_short_circuit_decorator']) retrieved from /home/airflow/.local/lib/python3.7/site-packages/airflow/example_dags/example_short_circuit_decorator.py
[2024-02-19T12:44:58.676+0000] {logging_mixin.py:137} INFO - [2024-02-19T12:44:58.676+0000] {dag.py:2690} INFO - Sync 1 DAGs
[2024-02-19T12:44:58.691+0000] {logging_mixin.py:137} INFO - [2024-02-19T12:44:58.691+0000] {dag.py:3441} INFO - Setting next_dagrun for example_short_circuit_decorator to 2024-02-18T12:44:58.691075+00:00, run_after=2024-02-19T12:44:58.691075+00:00
[2024-02-19T12:44:58.703+0000] {processor.py:175} INFO - Processing /home/airflow/.local/lib/python3.7/site-packages/airflow/example_dags/example_short_circuit_decorator.py took 0.060 seconds
[2024-02-19T12:45:29.105+0000] {processor.py:153} INFO - Started process (PID=5170) to work on /home/airflow/.local/lib/python3.7/site-packages/airflow/example_dags/example_short_circuit_decorator.py
[2024-02-19T12:45:29.106+0000] {processor.py:743} INFO - Processing file /home/airflow/.local/lib/python3.7/site-packages/airflow/example_dags/example_short_circuit_decorator.py for tasks to queue
[2024-02-19T12:45:29.107+0000] {logging_mixin.py:137} INFO - [2024-02-19T12:45:29.106+0000] {dagbag.py:538} INFO - Filling up the DagBag from /home/airflow/.local/lib/python3.7/site-packages/airflow/example_dags/example_short_circuit_decorator.py
[2024-02-19T12:45:29.135+0000] {processor.py:753} INFO - DAG(s) dict_keys(['example_short_circuit_decorator']) retrieved from /home/airflow/.local/lib/python3.7/site-packages/airflow/example_dags/example_short_circuit_decorator.py
[2024-02-19T12:45:29.160+0000] {logging_mixin.py:137} INFO - [2024-02-19T12:45:29.159+0000] {dag.py:2690} INFO - Sync 1 DAGs
[2024-02-19T12:45:29.189+0000] {logging_mixin.py:137} INFO - [2024-02-19T12:45:29.189+0000] {dag.py:3441} INFO - Setting next_dagrun for example_short_circuit_decorator to 2024-02-18T12:45:29.188841+00:00, run_after=2024-02-19T12:45:29.188841+00:00
[2024-02-19T12:45:29.212+0000] {processor.py:175} INFO - Processing /home/airflow/.local/lib/python3.7/site-packages/airflow/example_dags/example_short_circuit_decorator.py took 0.110 seconds
[2024-02-19T12:45:59.606+0000] {processor.py:153} INFO - Started process (PID=5305) to work on /home/airflow/.local/lib/python3.7/site-packages/airflow/example_dags/example_short_circuit_decorator.py
[2024-02-19T12:45:59.607+0000] {processor.py:743} INFO - Processing file /home/airflow/.local/lib/python3.7/site-packages/airflow/example_dags/example_short_circuit_decorator.py for tasks to queue
[2024-02-19T12:45:59.607+0000] {logging_mixin.py:137} INFO - [2024-02-19T12:45:59.607+0000] {dagbag.py:538} INFO - Filling up the DagBag from /home/airflow/.local/lib/python3.7/site-packages/airflow/example_dags/example_short_circuit_decorator.py
[2024-02-19T12:45:59.621+0000] {processor.py:753} INFO - DAG(s) dict_keys(['example_short_circuit_decorator']) retrieved from /home/airflow/.local/lib/python3.7/site-packages/airflow/example_dags/example_short_circuit_decorator.py
[2024-02-19T12:45:59.635+0000] {logging_mixin.py:137} INFO - [2024-02-19T12:45:59.634+0000] {dag.py:2690} INFO - Sync 1 DAGs
[2024-02-19T12:45:59.648+0000] {logging_mixin.py:137} INFO - [2024-02-19T12:45:59.648+0000] {dag.py:3441} INFO - Setting next_dagrun for example_short_circuit_decorator to 2024-02-18T12:45:59.648388+00:00, run_after=2024-02-19T12:45:59.648388+00:00
[2024-02-19T12:45:59.659+0000] {processor.py:175} INFO - Processing /home/airflow/.local/lib/python3.7/site-packages/airflow/example_dags/example_short_circuit_decorator.py took 0.055 seconds
[2024-02-19T12:46:30.376+0000] {processor.py:153} INFO - Started process (PID=5440) to work on /home/airflow/.local/lib/python3.7/site-packages/airflow/example_dags/example_short_circuit_decorator.py
[2024-02-19T12:46:30.377+0000] {processor.py:743} INFO - Processing file /home/airflow/.local/lib/python3.7/site-packages/airflow/example_dags/example_short_circuit_decorator.py for tasks to queue
[2024-02-19T12:46:30.377+0000] {logging_mixin.py:137} INFO - [2024-02-19T12:46:30.377+0000] {dagbag.py:538} INFO - Filling up the DagBag from /home/airflow/.local/lib/python3.7/site-packages/airflow/example_dags/example_short_circuit_decorator.py
[2024-02-19T12:46:30.393+0000] {processor.py:753} INFO - DAG(s) dict_keys(['example_short_circuit_decorator']) retrieved from /home/airflow/.local/lib/python3.7/site-packages/airflow/example_dags/example_short_circuit_decorator.py
[2024-02-19T12:46:30.409+0000] {logging_mixin.py:137} INFO - [2024-02-19T12:46:30.409+0000] {dag.py:2690} INFO - Sync 1 DAGs
[2024-02-19T12:46:30.426+0000] {logging_mixin.py:137} INFO - [2024-02-19T12:46:30.425+0000] {dag.py:3441} INFO - Setting next_dagrun for example_short_circuit_decorator to 2024-02-18T12:46:30.425759+00:00, run_after=2024-02-19T12:46:30.425759+00:00
[2024-02-19T12:46:30.438+0000] {processor.py:175} INFO - Processing /home/airflow/.local/lib/python3.7/site-packages/airflow/example_dags/example_short_circuit_decorator.py took 0.064 seconds
[2024-02-19T12:47:00.803+0000] {processor.py:153} INFO - Started process (PID=5543) to work on /home/airflow/.local/lib/python3.7/site-packages/airflow/example_dags/example_short_circuit_decorator.py
[2024-02-19T12:47:00.803+0000] {processor.py:743} INFO - Processing file /home/airflow/.local/lib/python3.7/site-packages/airflow/example_dags/example_short_circuit_decorator.py for tasks to queue
[2024-02-19T12:47:00.804+0000] {logging_mixin.py:137} INFO - [2024-02-19T12:47:00.804+0000] {dagbag.py:538} INFO - Filling up the DagBag from /home/airflow/.local/lib/python3.7/site-packages/airflow/example_dags/example_short_circuit_decorator.py
[2024-02-19T12:47:00.818+0000] {processor.py:753} INFO - DAG(s) dict_keys(['example_short_circuit_decorator']) retrieved from /home/airflow/.local/lib/python3.7/site-packages/airflow/example_dags/example_short_circuit_decorator.py
[2024-02-19T12:47:00.833+0000] {logging_mixin.py:137} INFO - [2024-02-19T12:47:00.833+0000] {dag.py:2690} INFO - Sync 1 DAGs
[2024-02-19T12:47:00.848+0000] {logging_mixin.py:137} INFO - [2024-02-19T12:47:00.848+0000] {dag.py:3441} INFO - Setting next_dagrun for example_short_circuit_decorator to 2024-02-18T12:47:00.848261+00:00, run_after=2024-02-19T12:47:00.848261+00:00
[2024-02-19T12:47:00.860+0000] {processor.py:175} INFO - Processing /home/airflow/.local/lib/python3.7/site-packages/airflow/example_dags/example_short_circuit_decorator.py took 0.059 seconds
[2024-02-19T12:47:31.252+0000] {processor.py:153} INFO - Started process (PID=5678) to work on /home/airflow/.local/lib/python3.7/site-packages/airflow/example_dags/example_short_circuit_decorator.py
[2024-02-19T12:47:31.253+0000] {processor.py:743} INFO - Processing file /home/airflow/.local/lib/python3.7/site-packages/airflow/example_dags/example_short_circuit_decorator.py for tasks to queue
[2024-02-19T12:47:31.253+0000] {logging_mixin.py:137} INFO - [2024-02-19T12:47:31.253+0000] {dagbag.py:538} INFO - Filling up the DagBag from /home/airflow/.local/lib/python3.7/site-packages/airflow/example_dags/example_short_circuit_decorator.py
[2024-02-19T12:47:31.267+0000] {processor.py:753} INFO - DAG(s) dict_keys(['example_short_circuit_decorator']) retrieved from /home/airflow/.local/lib/python3.7/site-packages/airflow/example_dags/example_short_circuit_decorator.py
[2024-02-19T12:47:31.281+0000] {logging_mixin.py:137} INFO - [2024-02-19T12:47:31.281+0000] {dag.py:2690} INFO - Sync 1 DAGs
[2024-02-19T12:47:31.296+0000] {logging_mixin.py:137} INFO - [2024-02-19T12:47:31.296+0000] {dag.py:3441} INFO - Setting next_dagrun for example_short_circuit_decorator to 2024-02-18T12:47:31.295935+00:00, run_after=2024-02-19T12:47:31.295935+00:00
[2024-02-19T12:47:31.307+0000] {processor.py:175} INFO - Processing /home/airflow/.local/lib/python3.7/site-packages/airflow/example_dags/example_short_circuit_decorator.py took 0.057 seconds
[2024-02-19T12:48:01.890+0000] {processor.py:153} INFO - Started process (PID=5813) to work on /home/airflow/.local/lib/python3.7/site-packages/airflow/example_dags/example_short_circuit_decorator.py
[2024-02-19T12:48:01.891+0000] {processor.py:743} INFO - Processing file /home/airflow/.local/lib/python3.7/site-packages/airflow/example_dags/example_short_circuit_decorator.py for tasks to queue
[2024-02-19T12:48:01.891+0000] {logging_mixin.py:137} INFO - [2024-02-19T12:48:01.891+0000] {dagbag.py:538} INFO - Filling up the DagBag from /home/airflow/.local/lib/python3.7/site-packages/airflow/example_dags/example_short_circuit_decorator.py
[2024-02-19T12:48:01.906+0000] {processor.py:753} INFO - DAG(s) dict_keys(['example_short_circuit_decorator']) retrieved from /home/airflow/.local/lib/python3.7/site-packages/airflow/example_dags/example_short_circuit_decorator.py
[2024-02-19T12:48:01.923+0000] {logging_mixin.py:137} INFO - [2024-02-19T12:48:01.923+0000] {dag.py:2690} INFO - Sync 1 DAGs
[2024-02-19T12:48:01.939+0000] {logging_mixin.py:137} INFO - [2024-02-19T12:48:01.939+0000] {dag.py:3441} INFO - Setting next_dagrun for example_short_circuit_decorator to 2024-02-18T12:48:01.939345+00:00, run_after=2024-02-19T12:48:01.939345+00:00
[2024-02-19T12:48:01.951+0000] {processor.py:175} INFO - Processing /home/airflow/.local/lib/python3.7/site-packages/airflow/example_dags/example_short_circuit_decorator.py took 0.063 seconds
[2024-02-19T12:48:32.420+0000] {processor.py:153} INFO - Started process (PID=5916) to work on /home/airflow/.local/lib/python3.7/site-packages/airflow/example_dags/example_short_circuit_decorator.py
[2024-02-19T12:48:32.420+0000] {processor.py:743} INFO - Processing file /home/airflow/.local/lib/python3.7/site-packages/airflow/example_dags/example_short_circuit_decorator.py for tasks to queue
[2024-02-19T12:48:32.421+0000] {logging_mixin.py:137} INFO - [2024-02-19T12:48:32.421+0000] {dagbag.py:538} INFO - Filling up the DagBag from /home/airflow/.local/lib/python3.7/site-packages/airflow/example_dags/example_short_circuit_decorator.py
[2024-02-19T12:48:32.435+0000] {processor.py:753} INFO - DAG(s) dict_keys(['example_short_circuit_decorator']) retrieved from /home/airflow/.local/lib/python3.7/site-packages/airflow/example_dags/example_short_circuit_decorator.py
[2024-02-19T12:48:32.449+0000] {logging_mixin.py:137} INFO - [2024-02-19T12:48:32.449+0000] {dag.py:2690} INFO - Sync 1 DAGs
[2024-02-19T12:48:32.463+0000] {logging_mixin.py:137} INFO - [2024-02-19T12:48:32.463+0000] {dag.py:3441} INFO - Setting next_dagrun for example_short_circuit_decorator to 2024-02-18T12:48:32.463729+00:00, run_after=2024-02-19T12:48:32.463729+00:00
[2024-02-19T12:48:32.477+0000] {processor.py:175} INFO - Processing /home/airflow/.local/lib/python3.7/site-packages/airflow/example_dags/example_short_circuit_decorator.py took 0.059 seconds
[2024-02-19T12:49:03.030+0000] {processor.py:153} INFO - Started process (PID=6051) to work on /home/airflow/.local/lib/python3.7/site-packages/airflow/example_dags/example_short_circuit_decorator.py
[2024-02-19T12:49:03.031+0000] {processor.py:743} INFO - Processing file /home/airflow/.local/lib/python3.7/site-packages/airflow/example_dags/example_short_circuit_decorator.py for tasks to queue
[2024-02-19T12:49:03.031+0000] {logging_mixin.py:137} INFO - [2024-02-19T12:49:03.031+0000] {dagbag.py:538} INFO - Filling up the DagBag from /home/airflow/.local/lib/python3.7/site-packages/airflow/example_dags/example_short_circuit_decorator.py
[2024-02-19T12:49:03.046+0000] {processor.py:753} INFO - DAG(s) dict_keys(['example_short_circuit_decorator']) retrieved from /home/airflow/.local/lib/python3.7/site-packages/airflow/example_dags/example_short_circuit_decorator.py
[2024-02-19T12:49:03.060+0000] {logging_mixin.py:137} INFO - [2024-02-19T12:49:03.060+0000] {dag.py:2690} INFO - Sync 1 DAGs
[2024-02-19T12:49:03.074+0000] {logging_mixin.py:137} INFO - [2024-02-19T12:49:03.074+0000] {dag.py:3441} INFO - Setting next_dagrun for example_short_circuit_decorator to 2024-02-18T12:49:03.074543+00:00, run_after=2024-02-19T12:49:03.074543+00:00
[2024-02-19T12:49:03.086+0000] {processor.py:175} INFO - Processing /home/airflow/.local/lib/python3.7/site-packages/airflow/example_dags/example_short_circuit_decorator.py took 0.058 seconds
[2024-02-19T12:49:33.730+0000] {processor.py:153} INFO - Started process (PID=6186) to work on /home/airflow/.local/lib/python3.7/site-packages/airflow/example_dags/example_short_circuit_decorator.py
[2024-02-19T12:49:33.731+0000] {processor.py:743} INFO - Processing file /home/airflow/.local/lib/python3.7/site-packages/airflow/example_dags/example_short_circuit_decorator.py for tasks to queue
[2024-02-19T12:49:33.731+0000] {logging_mixin.py:137} INFO - [2024-02-19T12:49:33.731+0000] {dagbag.py:538} INFO - Filling up the DagBag from /home/airflow/.local/lib/python3.7/site-packages/airflow/example_dags/example_short_circuit_decorator.py
[2024-02-19T12:49:33.746+0000] {processor.py:753} INFO - DAG(s) dict_keys(['example_short_circuit_decorator']) retrieved from /home/airflow/.local/lib/python3.7/site-packages/airflow/example_dags/example_short_circuit_decorator.py
[2024-02-19T12:49:33.764+0000] {logging_mixin.py:137} INFO - [2024-02-19T12:49:33.764+0000] {dag.py:2690} INFO - Sync 1 DAGs
[2024-02-19T12:49:33.781+0000] {logging_mixin.py:137} INFO - [2024-02-19T12:49:33.781+0000] {dag.py:3441} INFO - Setting next_dagrun for example_short_circuit_decorator to 2024-02-18T12:49:33.780942+00:00, run_after=2024-02-19T12:49:33.780942+00:00
[2024-02-19T12:49:33.795+0000] {processor.py:175} INFO - Processing /home/airflow/.local/lib/python3.7/site-packages/airflow/example_dags/example_short_circuit_decorator.py took 0.067 seconds
[2024-02-19T12:50:04.291+0000] {processor.py:153} INFO - Started process (PID=6288) to work on /home/airflow/.local/lib/python3.7/site-packages/airflow/example_dags/example_short_circuit_decorator.py
[2024-02-19T12:50:04.292+0000] {processor.py:743} INFO - Processing file /home/airflow/.local/lib/python3.7/site-packages/airflow/example_dags/example_short_circuit_decorator.py for tasks to queue
[2024-02-19T12:50:04.292+0000] {logging_mixin.py:137} INFO - [2024-02-19T12:50:04.292+0000] {dagbag.py:538} INFO - Filling up the DagBag from /home/airflow/.local/lib/python3.7/site-packages/airflow/example_dags/example_short_circuit_decorator.py
[2024-02-19T12:50:04.307+0000] {processor.py:753} INFO - DAG(s) dict_keys(['example_short_circuit_decorator']) retrieved from /home/airflow/.local/lib/python3.7/site-packages/airflow/example_dags/example_short_circuit_decorator.py
[2024-02-19T12:50:04.321+0000] {logging_mixin.py:137} INFO - [2024-02-19T12:50:04.321+0000] {dag.py:2690} INFO - Sync 1 DAGs
[2024-02-19T12:50:04.335+0000] {logging_mixin.py:137} INFO - [2024-02-19T12:50:04.335+0000] {dag.py:3441} INFO - Setting next_dagrun for example_short_circuit_decorator to 2024-02-18T12:50:04.335551+00:00, run_after=2024-02-19T12:50:04.335551+00:00
[2024-02-19T12:50:04.347+0000] {processor.py:175} INFO - Processing /home/airflow/.local/lib/python3.7/site-packages/airflow/example_dags/example_short_circuit_decorator.py took 0.057 seconds
[2024-02-19T12:50:34.749+0000] {processor.py:153} INFO - Started process (PID=6424) to work on /home/airflow/.local/lib/python3.7/site-packages/airflow/example_dags/example_short_circuit_decorator.py
[2024-02-19T12:50:34.750+0000] {processor.py:743} INFO - Processing file /home/airflow/.local/lib/python3.7/site-packages/airflow/example_dags/example_short_circuit_decorator.py for tasks to queue
[2024-02-19T12:50:34.750+0000] {logging_mixin.py:137} INFO - [2024-02-19T12:50:34.750+0000] {dagbag.py:538} INFO - Filling up the DagBag from /home/airflow/.local/lib/python3.7/site-packages/airflow/example_dags/example_short_circuit_decorator.py
[2024-02-19T12:50:34.764+0000] {processor.py:753} INFO - DAG(s) dict_keys(['example_short_circuit_decorator']) retrieved from /home/airflow/.local/lib/python3.7/site-packages/airflow/example_dags/example_short_circuit_decorator.py
[2024-02-19T12:50:34.779+0000] {logging_mixin.py:137} INFO - [2024-02-19T12:50:34.779+0000] {dag.py:2690} INFO - Sync 1 DAGs
[2024-02-19T12:50:34.795+0000] {logging_mixin.py:137} INFO - [2024-02-19T12:50:34.795+0000] {dag.py:3441} INFO - Setting next_dagrun for example_short_circuit_decorator to 2024-02-18T12:50:34.795129+00:00, run_after=2024-02-19T12:50:34.795129+00:00
[2024-02-19T12:50:34.809+0000] {processor.py:175} INFO - Processing /home/airflow/.local/lib/python3.7/site-packages/airflow/example_dags/example_short_circuit_decorator.py took 0.062 seconds
[2024-02-19T12:51:05.410+0000] {processor.py:153} INFO - Started process (PID=6533) to work on /home/airflow/.local/lib/python3.7/site-packages/airflow/example_dags/example_short_circuit_decorator.py
[2024-02-19T12:51:05.411+0000] {processor.py:743} INFO - Processing file /home/airflow/.local/lib/python3.7/site-packages/airflow/example_dags/example_short_circuit_decorator.py for tasks to queue
[2024-02-19T12:51:05.412+0000] {logging_mixin.py:137} INFO - [2024-02-19T12:51:05.412+0000] {dagbag.py:538} INFO - Filling up the DagBag from /home/airflow/.local/lib/python3.7/site-packages/airflow/example_dags/example_short_circuit_decorator.py
[2024-02-19T12:51:05.432+0000] {processor.py:753} INFO - DAG(s) dict_keys(['example_short_circuit_decorator']) retrieved from /home/airflow/.local/lib/python3.7/site-packages/airflow/example_dags/example_short_circuit_decorator.py
[2024-02-19T12:51:05.453+0000] {logging_mixin.py:137} INFO - [2024-02-19T12:51:05.453+0000] {dag.py:2690} INFO - Sync 1 DAGs
[2024-02-19T12:51:05.475+0000] {logging_mixin.py:137} INFO - [2024-02-19T12:51:05.475+0000] {dag.py:3441} INFO - Setting next_dagrun for example_short_circuit_decorator to 2024-02-18T12:51:05.475153+00:00, run_after=2024-02-19T12:51:05.475153+00:00
[2024-02-19T12:51:05.491+0000] {processor.py:175} INFO - Processing /home/airflow/.local/lib/python3.7/site-packages/airflow/example_dags/example_short_circuit_decorator.py took 0.084 seconds
[2024-02-19T12:51:36.195+0000] {processor.py:153} INFO - Started process (PID=6661) to work on /home/airflow/.local/lib/python3.7/site-packages/airflow/example_dags/example_short_circuit_decorator.py
[2024-02-19T12:51:36.195+0000] {processor.py:743} INFO - Processing file /home/airflow/.local/lib/python3.7/site-packages/airflow/example_dags/example_short_circuit_decorator.py for tasks to queue
[2024-02-19T12:51:36.196+0000] {logging_mixin.py:137} INFO - [2024-02-19T12:51:36.196+0000] {dagbag.py:538} INFO - Filling up the DagBag from /home/airflow/.local/lib/python3.7/site-packages/airflow/example_dags/example_short_circuit_decorator.py
[2024-02-19T12:51:36.213+0000] {processor.py:753} INFO - DAG(s) dict_keys(['example_short_circuit_decorator']) retrieved from /home/airflow/.local/lib/python3.7/site-packages/airflow/example_dags/example_short_circuit_decorator.py
[2024-02-19T12:51:36.234+0000] {logging_mixin.py:137} INFO - [2024-02-19T12:51:36.234+0000] {dag.py:2690} INFO - Sync 1 DAGs
[2024-02-19T12:51:36.255+0000] {logging_mixin.py:137} INFO - [2024-02-19T12:51:36.255+0000] {dag.py:3441} INFO - Setting next_dagrun for example_short_circuit_decorator to 2024-02-18T12:51:36.254867+00:00, run_after=2024-02-19T12:51:36.254867+00:00
[2024-02-19T12:51:36.270+0000] {processor.py:175} INFO - Processing /home/airflow/.local/lib/python3.7/site-packages/airflow/example_dags/example_short_circuit_decorator.py took 0.078 seconds
[2024-02-19T12:52:07.555+0000] {processor.py:153} INFO - Started process (PID=6796) to work on /home/airflow/.local/lib/python3.7/site-packages/airflow/example_dags/example_short_circuit_decorator.py
[2024-02-19T12:52:07.556+0000] {processor.py:743} INFO - Processing file /home/airflow/.local/lib/python3.7/site-packages/airflow/example_dags/example_short_circuit_decorator.py for tasks to queue
[2024-02-19T12:52:07.556+0000] {logging_mixin.py:137} INFO - [2024-02-19T12:52:07.556+0000] {dagbag.py:538} INFO - Filling up the DagBag from /home/airflow/.local/lib/python3.7/site-packages/airflow/example_dags/example_short_circuit_decorator.py
[2024-02-19T12:52:07.581+0000] {processor.py:753} INFO - DAG(s) dict_keys(['example_short_circuit_decorator']) retrieved from /home/airflow/.local/lib/python3.7/site-packages/airflow/example_dags/example_short_circuit_decorator.py
[2024-02-19T12:52:07.605+0000] {logging_mixin.py:137} INFO - [2024-02-19T12:52:07.605+0000] {dag.py:2690} INFO - Sync 1 DAGs
[2024-02-19T12:52:07.630+0000] {logging_mixin.py:137} INFO - [2024-02-19T12:52:07.630+0000] {dag.py:3441} INFO - Setting next_dagrun for example_short_circuit_decorator to 2024-02-18T12:52:07.630056+00:00, run_after=2024-02-19T12:52:07.630056+00:00
[2024-02-19T12:52:07.649+0000] {processor.py:175} INFO - Processing /home/airflow/.local/lib/python3.7/site-packages/airflow/example_dags/example_short_circuit_decorator.py took 0.097 seconds
[2024-02-19T12:52:38.320+0000] {processor.py:153} INFO - Started process (PID=6899) to work on /home/airflow/.local/lib/python3.7/site-packages/airflow/example_dags/example_short_circuit_decorator.py
[2024-02-19T12:52:38.321+0000] {processor.py:743} INFO - Processing file /home/airflow/.local/lib/python3.7/site-packages/airflow/example_dags/example_short_circuit_decorator.py for tasks to queue
[2024-02-19T12:52:38.321+0000] {logging_mixin.py:137} INFO - [2024-02-19T12:52:38.321+0000] {dagbag.py:538} INFO - Filling up the DagBag from /home/airflow/.local/lib/python3.7/site-packages/airflow/example_dags/example_short_circuit_decorator.py
[2024-02-19T12:52:38.338+0000] {processor.py:753} INFO - DAG(s) dict_keys(['example_short_circuit_decorator']) retrieved from /home/airflow/.local/lib/python3.7/site-packages/airflow/example_dags/example_short_circuit_decorator.py
[2024-02-19T12:52:38.355+0000] {logging_mixin.py:137} INFO - [2024-02-19T12:52:38.355+0000] {dag.py:2690} INFO - Sync 1 DAGs
[2024-02-19T12:52:38.374+0000] {logging_mixin.py:137} INFO - [2024-02-19T12:52:38.374+0000] {dag.py:3441} INFO - Setting next_dagrun for example_short_circuit_decorator to 2024-02-18T12:52:38.374176+00:00, run_after=2024-02-19T12:52:38.374176+00:00
[2024-02-19T12:52:38.388+0000] {processor.py:175} INFO - Processing /home/airflow/.local/lib/python3.7/site-packages/airflow/example_dags/example_short_circuit_decorator.py took 0.070 seconds
[2024-02-19T12:53:09.260+0000] {processor.py:153} INFO - Started process (PID=7034) to work on /home/airflow/.local/lib/python3.7/site-packages/airflow/example_dags/example_short_circuit_decorator.py
[2024-02-19T12:53:09.260+0000] {processor.py:743} INFO - Processing file /home/airflow/.local/lib/python3.7/site-packages/airflow/example_dags/example_short_circuit_decorator.py for tasks to queue
[2024-02-19T12:53:09.261+0000] {logging_mixin.py:137} INFO - [2024-02-19T12:53:09.260+0000] {dagbag.py:538} INFO - Filling up the DagBag from /home/airflow/.local/lib/python3.7/site-packages/airflow/example_dags/example_short_circuit_decorator.py
[2024-02-19T12:53:09.277+0000] {processor.py:753} INFO - DAG(s) dict_keys(['example_short_circuit_decorator']) retrieved from /home/airflow/.local/lib/python3.7/site-packages/airflow/example_dags/example_short_circuit_decorator.py
[2024-02-19T12:53:09.294+0000] {logging_mixin.py:137} INFO - [2024-02-19T12:53:09.294+0000] {dag.py:2690} INFO - Sync 1 DAGs
[2024-02-19T12:53:09.311+0000] {logging_mixin.py:137} INFO - [2024-02-19T12:53:09.311+0000] {dag.py:3441} INFO - Setting next_dagrun for example_short_circuit_decorator to 2024-02-18T12:53:09.311420+00:00, run_after=2024-02-19T12:53:09.311420+00:00
[2024-02-19T12:53:09.324+0000] {processor.py:175} INFO - Processing /home/airflow/.local/lib/python3.7/site-packages/airflow/example_dags/example_short_circuit_decorator.py took 0.066 seconds
[2024-02-19T12:53:39.988+0000] {processor.py:153} INFO - Started process (PID=7170) to work on /home/airflow/.local/lib/python3.7/site-packages/airflow/example_dags/example_short_circuit_decorator.py
[2024-02-19T12:53:39.989+0000] {processor.py:743} INFO - Processing file /home/airflow/.local/lib/python3.7/site-packages/airflow/example_dags/example_short_circuit_decorator.py for tasks to queue
[2024-02-19T12:53:39.989+0000] {logging_mixin.py:137} INFO - [2024-02-19T12:53:39.989+0000] {dagbag.py:538} INFO - Filling up the DagBag from /home/airflow/.local/lib/python3.7/site-packages/airflow/example_dags/example_short_circuit_decorator.py
[2024-02-19T12:53:40.013+0000] {processor.py:753} INFO - DAG(s) dict_keys(['example_short_circuit_decorator']) retrieved from /home/airflow/.local/lib/python3.7/site-packages/airflow/example_dags/example_short_circuit_decorator.py
[2024-02-19T12:53:40.035+0000] {logging_mixin.py:137} INFO - [2024-02-19T12:53:40.035+0000] {dag.py:2690} INFO - Sync 1 DAGs
[2024-02-19T12:53:40.059+0000] {logging_mixin.py:137} INFO - [2024-02-19T12:53:40.058+0000] {dag.py:3441} INFO - Setting next_dagrun for example_short_circuit_decorator to 2024-02-18T12:53:40.058745+00:00, run_after=2024-02-19T12:53:40.058745+00:00
[2024-02-19T12:53:40.076+0000] {processor.py:175} INFO - Processing /home/airflow/.local/lib/python3.7/site-packages/airflow/example_dags/example_short_circuit_decorator.py took 0.090 seconds
[2024-02-19T12:54:10.181+0000] {processor.py:153} INFO - Started process (PID=7273) to work on /home/airflow/.local/lib/python3.7/site-packages/airflow/example_dags/example_short_circuit_decorator.py
[2024-02-19T12:54:10.181+0000] {processor.py:743} INFO - Processing file /home/airflow/.local/lib/python3.7/site-packages/airflow/example_dags/example_short_circuit_decorator.py for tasks to queue
[2024-02-19T12:54:10.181+0000] {logging_mixin.py:137} INFO - [2024-02-19T12:54:10.181+0000] {dagbag.py:538} INFO - Filling up the DagBag from /home/airflow/.local/lib/python3.7/site-packages/airflow/example_dags/example_short_circuit_decorator.py
[2024-02-19T12:54:10.199+0000] {processor.py:753} INFO - DAG(s) dict_keys(['example_short_circuit_decorator']) retrieved from /home/airflow/.local/lib/python3.7/site-packages/airflow/example_dags/example_short_circuit_decorator.py
[2024-02-19T12:54:10.217+0000] {logging_mixin.py:137} INFO - [2024-02-19T12:54:10.217+0000] {dag.py:2690} INFO - Sync 1 DAGs
[2024-02-19T12:54:10.235+0000] {logging_mixin.py:137} INFO - [2024-02-19T12:54:10.235+0000] {dag.py:3441} INFO - Setting next_dagrun for example_short_circuit_decorator to 2024-02-18T12:54:10.234979+00:00, run_after=2024-02-19T12:54:10.234979+00:00
[2024-02-19T12:54:10.249+0000] {processor.py:175} INFO - Processing /home/airflow/.local/lib/python3.7/site-packages/airflow/example_dags/example_short_circuit_decorator.py took 0.071 seconds
[2024-02-19T12:54:41.146+0000] {processor.py:153} INFO - Started process (PID=7408) to work on /home/airflow/.local/lib/python3.7/site-packages/airflow/example_dags/example_short_circuit_decorator.py
[2024-02-19T12:54:41.147+0000] {processor.py:743} INFO - Processing file /home/airflow/.local/lib/python3.7/site-packages/airflow/example_dags/example_short_circuit_decorator.py for tasks to queue
[2024-02-19T12:54:41.147+0000] {logging_mixin.py:137} INFO - [2024-02-19T12:54:41.147+0000] {dagbag.py:538} INFO - Filling up the DagBag from /home/airflow/.local/lib/python3.7/site-packages/airflow/example_dags/example_short_circuit_decorator.py
[2024-02-19T12:54:41.167+0000] {processor.py:753} INFO - DAG(s) dict_keys(['example_short_circuit_decorator']) retrieved from /home/airflow/.local/lib/python3.7/site-packages/airflow/example_dags/example_short_circuit_decorator.py
[2024-02-19T12:54:41.187+0000] {logging_mixin.py:137} INFO - [2024-02-19T12:54:41.187+0000] {dag.py:2690} INFO - Sync 1 DAGs
[2024-02-19T12:54:41.207+0000] {logging_mixin.py:137} INFO - [2024-02-19T12:54:41.207+0000] {dag.py:3441} INFO - Setting next_dagrun for example_short_circuit_decorator to 2024-02-18T12:54:41.207597+00:00, run_after=2024-02-19T12:54:41.207597+00:00
[2024-02-19T12:54:41.223+0000] {processor.py:175} INFO - Processing /home/airflow/.local/lib/python3.7/site-packages/airflow/example_dags/example_short_circuit_decorator.py took 0.080 seconds
[2024-02-19T12:55:11.850+0000] {processor.py:153} INFO - Started process (PID=7511) to work on /home/airflow/.local/lib/python3.7/site-packages/airflow/example_dags/example_short_circuit_decorator.py
[2024-02-19T12:55:11.851+0000] {processor.py:743} INFO - Processing file /home/airflow/.local/lib/python3.7/site-packages/airflow/example_dags/example_short_circuit_decorator.py for tasks to queue
[2024-02-19T12:55:11.851+0000] {logging_mixin.py:137} INFO - [2024-02-19T12:55:11.851+0000] {dagbag.py:538} INFO - Filling up the DagBag from /home/airflow/.local/lib/python3.7/site-packages/airflow/example_dags/example_short_circuit_decorator.py
[2024-02-19T12:55:11.869+0000] {processor.py:753} INFO - DAG(s) dict_keys(['example_short_circuit_decorator']) retrieved from /home/airflow/.local/lib/python3.7/site-packages/airflow/example_dags/example_short_circuit_decorator.py
[2024-02-19T12:55:11.887+0000] {logging_mixin.py:137} INFO - [2024-02-19T12:55:11.887+0000] {dag.py:2690} INFO - Sync 1 DAGs
[2024-02-19T12:55:11.905+0000] {logging_mixin.py:137} INFO - [2024-02-19T12:55:11.904+0000] {dag.py:3441} INFO - Setting next_dagrun for example_short_circuit_decorator to 2024-02-18T12:55:11.904732+00:00, run_after=2024-02-19T12:55:11.904732+00:00
[2024-02-19T12:55:11.918+0000] {processor.py:175} INFO - Processing /home/airflow/.local/lib/python3.7/site-packages/airflow/example_dags/example_short_circuit_decorator.py took 0.070 seconds
[2024-02-19T12:55:42.629+0000] {processor.py:153} INFO - Started process (PID=7646) to work on /home/airflow/.local/lib/python3.7/site-packages/airflow/example_dags/example_short_circuit_decorator.py
[2024-02-19T12:55:42.630+0000] {processor.py:743} INFO - Processing file /home/airflow/.local/lib/python3.7/site-packages/airflow/example_dags/example_short_circuit_decorator.py for tasks to queue
[2024-02-19T12:55:42.630+0000] {logging_mixin.py:137} INFO - [2024-02-19T12:55:42.630+0000] {dagbag.py:538} INFO - Filling up the DagBag from /home/airflow/.local/lib/python3.7/site-packages/airflow/example_dags/example_short_circuit_decorator.py
[2024-02-19T12:55:42.650+0000] {processor.py:753} INFO - DAG(s) dict_keys(['example_short_circuit_decorator']) retrieved from /home/airflow/.local/lib/python3.7/site-packages/airflow/example_dags/example_short_circuit_decorator.py
[2024-02-19T12:55:42.670+0000] {logging_mixin.py:137} INFO - [2024-02-19T12:55:42.670+0000] {dag.py:2690} INFO - Sync 1 DAGs
[2024-02-19T12:55:42.690+0000] {logging_mixin.py:137} INFO - [2024-02-19T12:55:42.690+0000] {dag.py:3441} INFO - Setting next_dagrun for example_short_circuit_decorator to 2024-02-18T12:55:42.689926+00:00, run_after=2024-02-19T12:55:42.689926+00:00
[2024-02-19T12:55:42.707+0000] {processor.py:175} INFO - Processing /home/airflow/.local/lib/python3.7/site-packages/airflow/example_dags/example_short_circuit_decorator.py took 0.080 seconds
[2024-02-19T12:56:13.496+0000] {processor.py:153} INFO - Started process (PID=7781) to work on /home/airflow/.local/lib/python3.7/site-packages/airflow/example_dags/example_short_circuit_decorator.py
[2024-02-19T12:56:13.496+0000] {processor.py:743} INFO - Processing file /home/airflow/.local/lib/python3.7/site-packages/airflow/example_dags/example_short_circuit_decorator.py for tasks to queue
[2024-02-19T12:56:13.496+0000] {logging_mixin.py:137} INFO - [2024-02-19T12:56:13.496+0000] {dagbag.py:538} INFO - Filling up the DagBag from /home/airflow/.local/lib/python3.7/site-packages/airflow/example_dags/example_short_circuit_decorator.py
[2024-02-19T12:56:13.517+0000] {processor.py:753} INFO - DAG(s) dict_keys(['example_short_circuit_decorator']) retrieved from /home/airflow/.local/lib/python3.7/site-packages/airflow/example_dags/example_short_circuit_decorator.py
[2024-02-19T12:56:13.537+0000] {logging_mixin.py:137} INFO - [2024-02-19T12:56:13.537+0000] {dag.py:2690} INFO - Sync 1 DAGs
[2024-02-19T12:56:13.558+0000] {logging_mixin.py:137} INFO - [2024-02-19T12:56:13.558+0000] {dag.py:3441} INFO - Setting next_dagrun for example_short_circuit_decorator to 2024-02-18T12:56:13.558320+00:00, run_after=2024-02-19T12:56:13.558320+00:00
[2024-02-19T12:56:13.575+0000] {processor.py:175} INFO - Processing /home/airflow/.local/lib/python3.7/site-packages/airflow/example_dags/example_short_circuit_decorator.py took 0.082 seconds
[2024-02-19T12:56:44.270+0000] {processor.py:153} INFO - Started process (PID=7884) to work on /home/airflow/.local/lib/python3.7/site-packages/airflow/example_dags/example_short_circuit_decorator.py
[2024-02-19T12:56:44.271+0000] {processor.py:743} INFO - Processing file /home/airflow/.local/lib/python3.7/site-packages/airflow/example_dags/example_short_circuit_decorator.py for tasks to queue
[2024-02-19T12:56:44.272+0000] {logging_mixin.py:137} INFO - [2024-02-19T12:56:44.272+0000] {dagbag.py:538} INFO - Filling up the DagBag from /home/airflow/.local/lib/python3.7/site-packages/airflow/example_dags/example_short_circuit_decorator.py
[2024-02-19T12:56:44.291+0000] {processor.py:753} INFO - DAG(s) dict_keys(['example_short_circuit_decorator']) retrieved from /home/airflow/.local/lib/python3.7/site-packages/airflow/example_dags/example_short_circuit_decorator.py
[2024-02-19T12:56:44.311+0000] {logging_mixin.py:137} INFO - [2024-02-19T12:56:44.311+0000] {dag.py:2690} INFO - Sync 1 DAGs
[2024-02-19T12:56:44.332+0000] {logging_mixin.py:137} INFO - [2024-02-19T12:56:44.332+0000] {dag.py:3441} INFO - Setting next_dagrun for example_short_circuit_decorator to 2024-02-18T12:56:44.332301+00:00, run_after=2024-02-19T12:56:44.332301+00:00
[2024-02-19T12:56:44.348+0000] {processor.py:175} INFO - Processing /home/airflow/.local/lib/python3.7/site-packages/airflow/example_dags/example_short_circuit_decorator.py took 0.081 seconds
[2024-02-19T12:57:15.265+0000] {processor.py:153} INFO - Started process (PID=8019) to work on /home/airflow/.local/lib/python3.7/site-packages/airflow/example_dags/example_short_circuit_decorator.py
[2024-02-19T12:57:15.266+0000] {processor.py:743} INFO - Processing file /home/airflow/.local/lib/python3.7/site-packages/airflow/example_dags/example_short_circuit_decorator.py for tasks to queue
[2024-02-19T12:57:15.267+0000] {logging_mixin.py:137} INFO - [2024-02-19T12:57:15.267+0000] {dagbag.py:538} INFO - Filling up the DagBag from /home/airflow/.local/lib/python3.7/site-packages/airflow/example_dags/example_short_circuit_decorator.py
[2024-02-19T12:57:15.285+0000] {processor.py:753} INFO - DAG(s) dict_keys(['example_short_circuit_decorator']) retrieved from /home/airflow/.local/lib/python3.7/site-packages/airflow/example_dags/example_short_circuit_decorator.py
[2024-02-19T12:57:15.304+0000] {logging_mixin.py:137} INFO - [2024-02-19T12:57:15.304+0000] {dag.py:2690} INFO - Sync 1 DAGs
[2024-02-19T12:57:15.323+0000] {logging_mixin.py:137} INFO - [2024-02-19T12:57:15.323+0000] {dag.py:3441} INFO - Setting next_dagrun for example_short_circuit_decorator to 2024-02-18T12:57:15.323089+00:00, run_after=2024-02-19T12:57:15.323089+00:00
[2024-02-19T12:57:15.338+0000] {processor.py:175} INFO - Processing /home/airflow/.local/lib/python3.7/site-packages/airflow/example_dags/example_short_circuit_decorator.py took 0.075 seconds
[2024-02-19T12:57:46.080+0000] {processor.py:153} INFO - Started process (PID=8154) to work on /home/airflow/.local/lib/python3.7/site-packages/airflow/example_dags/example_short_circuit_decorator.py
[2024-02-19T12:57:46.081+0000] {processor.py:743} INFO - Processing file /home/airflow/.local/lib/python3.7/site-packages/airflow/example_dags/example_short_circuit_decorator.py for tasks to queue
[2024-02-19T12:57:46.081+0000] {logging_mixin.py:137} INFO - [2024-02-19T12:57:46.081+0000] {dagbag.py:538} INFO - Filling up the DagBag from /home/airflow/.local/lib/python3.7/site-packages/airflow/example_dags/example_short_circuit_decorator.py
[2024-02-19T12:57:46.104+0000] {processor.py:753} INFO - DAG(s) dict_keys(['example_short_circuit_decorator']) retrieved from /home/airflow/.local/lib/python3.7/site-packages/airflow/example_dags/example_short_circuit_decorator.py
[2024-02-19T12:57:46.128+0000] {logging_mixin.py:137} INFO - [2024-02-19T12:57:46.128+0000] {dag.py:2690} INFO - Sync 1 DAGs
[2024-02-19T12:57:46.150+0000] {logging_mixin.py:137} INFO - [2024-02-19T12:57:46.150+0000] {dag.py:3441} INFO - Setting next_dagrun for example_short_circuit_decorator to 2024-02-18T12:57:46.149814+00:00, run_after=2024-02-19T12:57:46.149814+00:00
[2024-02-19T12:57:46.167+0000] {processor.py:175} INFO - Processing /home/airflow/.local/lib/python3.7/site-packages/airflow/example_dags/example_short_circuit_decorator.py took 0.091 seconds
[2024-02-19T12:58:16.238+0000] {processor.py:153} INFO - Started process (PID=8256) to work on /home/airflow/.local/lib/python3.7/site-packages/airflow/example_dags/example_short_circuit_decorator.py
[2024-02-19T12:58:16.238+0000] {processor.py:743} INFO - Processing file /home/airflow/.local/lib/python3.7/site-packages/airflow/example_dags/example_short_circuit_decorator.py for tasks to queue
[2024-02-19T12:58:16.238+0000] {logging_mixin.py:137} INFO - [2024-02-19T12:58:16.238+0000] {dagbag.py:538} INFO - Filling up the DagBag from /home/airflow/.local/lib/python3.7/site-packages/airflow/example_dags/example_short_circuit_decorator.py
[2024-02-19T12:58:16.255+0000] {processor.py:753} INFO - DAG(s) dict_keys(['example_short_circuit_decorator']) retrieved from /home/airflow/.local/lib/python3.7/site-packages/airflow/example_dags/example_short_circuit_decorator.py
[2024-02-19T12:58:16.273+0000] {logging_mixin.py:137} INFO - [2024-02-19T12:58:16.273+0000] {dag.py:2690} INFO - Sync 1 DAGs
[2024-02-19T12:58:16.292+0000] {logging_mixin.py:137} INFO - [2024-02-19T12:58:16.291+0000] {dag.py:3441} INFO - Setting next_dagrun for example_short_circuit_decorator to 2024-02-18T12:58:16.291826+00:00, run_after=2024-02-19T12:58:16.291826+00:00
[2024-02-19T12:58:16.306+0000] {processor.py:175} INFO - Processing /home/airflow/.local/lib/python3.7/site-packages/airflow/example_dags/example_short_circuit_decorator.py took 0.071 seconds
