[2024-02-19T12:24:38.545+0000] {processor.py:153} INFO - Started process (PID=89) to work on /home/airflow/.local/lib/python3.7/site-packages/airflow/example_dags/example_latest_only.py
[2024-02-19T12:24:38.546+0000] {processor.py:743} INFO - Processing file /home/airflow/.local/lib/python3.7/site-packages/airflow/example_dags/example_latest_only.py for tasks to queue
[2024-02-19T12:24:38.546+0000] {logging_mixin.py:137} INFO - [2024-02-19T12:24:38.546+0000] {dagbag.py:538} INFO - Filling up the DagBag from /home/airflow/.local/lib/python3.7/site-packages/airflow/example_dags/example_latest_only.py
[2024-02-19T12:24:38.555+0000] {processor.py:753} INFO - DAG(s) dict_keys(['latest_only']) retrieved from /home/airflow/.local/lib/python3.7/site-packages/airflow/example_dags/example_latest_only.py
[2024-02-19T12:24:38.563+0000] {logging_mixin.py:137} INFO - [2024-02-19T12:24:38.563+0000] {dag.py:2690} INFO - Sync 1 DAGs
[2024-02-19T12:24:38.578+0000] {logging_mixin.py:137} INFO - [2024-02-19T12:24:38.578+0000] {dag.py:3441} INFO - Setting next_dagrun for latest_only to 2024-02-19T08:24:38.578735+00:00, run_after=2024-02-19T12:24:38.578735+00:00
[2024-02-19T12:24:38.590+0000] {processor.py:175} INFO - Processing /home/airflow/.local/lib/python3.7/site-packages/airflow/example_dags/example_latest_only.py took 0.046 seconds
[2024-02-19T12:25:09.036+0000] {processor.py:153} INFO - Started process (PID=224) to work on /home/airflow/.local/lib/python3.7/site-packages/airflow/example_dags/example_latest_only.py
[2024-02-19T12:25:09.037+0000] {processor.py:743} INFO - Processing file /home/airflow/.local/lib/python3.7/site-packages/airflow/example_dags/example_latest_only.py for tasks to queue
[2024-02-19T12:25:09.037+0000] {logging_mixin.py:137} INFO - [2024-02-19T12:25:09.037+0000] {dagbag.py:538} INFO - Filling up the DagBag from /home/airflow/.local/lib/python3.7/site-packages/airflow/example_dags/example_latest_only.py
[2024-02-19T12:25:09.045+0000] {processor.py:753} INFO - DAG(s) dict_keys(['latest_only']) retrieved from /home/airflow/.local/lib/python3.7/site-packages/airflow/example_dags/example_latest_only.py
[2024-02-19T12:25:09.057+0000] {logging_mixin.py:137} INFO - [2024-02-19T12:25:09.057+0000] {dag.py:2690} INFO - Sync 1 DAGs
[2024-02-19T12:25:09.072+0000] {logging_mixin.py:137} INFO - [2024-02-19T12:25:09.072+0000] {dag.py:3441} INFO - Setting next_dagrun for latest_only to 2024-02-19T08:25:09.072215+00:00, run_after=2024-02-19T12:25:09.072215+00:00
[2024-02-19T12:25:09.084+0000] {processor.py:175} INFO - Processing /home/airflow/.local/lib/python3.7/site-packages/airflow/example_dags/example_latest_only.py took 0.049 seconds
[2024-02-19T12:25:39.461+0000] {processor.py:153} INFO - Started process (PID=336) to work on /home/airflow/.local/lib/python3.7/site-packages/airflow/example_dags/example_latest_only.py
[2024-02-19T12:25:39.462+0000] {processor.py:743} INFO - Processing file /home/airflow/.local/lib/python3.7/site-packages/airflow/example_dags/example_latest_only.py for tasks to queue
[2024-02-19T12:25:39.462+0000] {logging_mixin.py:137} INFO - [2024-02-19T12:25:39.462+0000] {dagbag.py:538} INFO - Filling up the DagBag from /home/airflow/.local/lib/python3.7/site-packages/airflow/example_dags/example_latest_only.py
[2024-02-19T12:25:39.469+0000] {processor.py:753} INFO - DAG(s) dict_keys(['latest_only']) retrieved from /home/airflow/.local/lib/python3.7/site-packages/airflow/example_dags/example_latest_only.py
[2024-02-19T12:25:39.483+0000] {logging_mixin.py:137} INFO - [2024-02-19T12:25:39.483+0000] {dag.py:2690} INFO - Sync 1 DAGs
[2024-02-19T12:25:39.499+0000] {logging_mixin.py:137} INFO - [2024-02-19T12:25:39.499+0000] {dag.py:3441} INFO - Setting next_dagrun for latest_only to 2024-02-19T08:25:39.499569+00:00, run_after=2024-02-19T12:25:39.499569+00:00
[2024-02-19T12:25:39.511+0000] {processor.py:175} INFO - Processing /home/airflow/.local/lib/python3.7/site-packages/airflow/example_dags/example_latest_only.py took 0.052 seconds
[2024-02-19T12:26:09.871+0000] {processor.py:153} INFO - Started process (PID=462) to work on /home/airflow/.local/lib/python3.7/site-packages/airflow/example_dags/example_latest_only.py
[2024-02-19T12:26:09.871+0000] {processor.py:743} INFO - Processing file /home/airflow/.local/lib/python3.7/site-packages/airflow/example_dags/example_latest_only.py for tasks to queue
[2024-02-19T12:26:09.872+0000] {logging_mixin.py:137} INFO - [2024-02-19T12:26:09.872+0000] {dagbag.py:538} INFO - Filling up the DagBag from /home/airflow/.local/lib/python3.7/site-packages/airflow/example_dags/example_latest_only.py
[2024-02-19T12:26:09.879+0000] {processor.py:753} INFO - DAG(s) dict_keys(['latest_only']) retrieved from /home/airflow/.local/lib/python3.7/site-packages/airflow/example_dags/example_latest_only.py
[2024-02-19T12:26:09.892+0000] {logging_mixin.py:137} INFO - [2024-02-19T12:26:09.892+0000] {dag.py:2690} INFO - Sync 1 DAGs
[2024-02-19T12:26:09.906+0000] {logging_mixin.py:137} INFO - [2024-02-19T12:26:09.906+0000] {dag.py:3441} INFO - Setting next_dagrun for latest_only to 2024-02-19T08:26:09.905891+00:00, run_after=2024-02-19T12:26:09.905891+00:00
[2024-02-19T12:26:09.917+0000] {processor.py:175} INFO - Processing /home/airflow/.local/lib/python3.7/site-packages/airflow/example_dags/example_latest_only.py took 0.048 seconds
[2024-02-19T12:26:40.264+0000] {processor.py:153} INFO - Started process (PID=597) to work on /home/airflow/.local/lib/python3.7/site-packages/airflow/example_dags/example_latest_only.py
[2024-02-19T12:26:40.265+0000] {processor.py:743} INFO - Processing file /home/airflow/.local/lib/python3.7/site-packages/airflow/example_dags/example_latest_only.py for tasks to queue
[2024-02-19T12:26:40.265+0000] {logging_mixin.py:137} INFO - [2024-02-19T12:26:40.265+0000] {dagbag.py:538} INFO - Filling up the DagBag from /home/airflow/.local/lib/python3.7/site-packages/airflow/example_dags/example_latest_only.py
[2024-02-19T12:26:40.273+0000] {processor.py:753} INFO - DAG(s) dict_keys(['latest_only']) retrieved from /home/airflow/.local/lib/python3.7/site-packages/airflow/example_dags/example_latest_only.py
[2024-02-19T12:26:40.286+0000] {logging_mixin.py:137} INFO - [2024-02-19T12:26:40.285+0000] {dag.py:2690} INFO - Sync 1 DAGs
[2024-02-19T12:26:40.299+0000] {logging_mixin.py:137} INFO - [2024-02-19T12:26:40.299+0000] {dag.py:3441} INFO - Setting next_dagrun for latest_only to 2024-02-19T08:26:40.299654+00:00, run_after=2024-02-19T12:26:40.299654+00:00
[2024-02-19T12:26:40.310+0000] {processor.py:175} INFO - Processing /home/airflow/.local/lib/python3.7/site-packages/airflow/example_dags/example_latest_only.py took 0.047 seconds
[2024-02-19T12:27:10.667+0000] {processor.py:153} INFO - Started process (PID=700) to work on /home/airflow/.local/lib/python3.7/site-packages/airflow/example_dags/example_latest_only.py
[2024-02-19T12:27:10.668+0000] {processor.py:743} INFO - Processing file /home/airflow/.local/lib/python3.7/site-packages/airflow/example_dags/example_latest_only.py for tasks to queue
[2024-02-19T12:27:10.668+0000] {logging_mixin.py:137} INFO - [2024-02-19T12:27:10.668+0000] {dagbag.py:538} INFO - Filling up the DagBag from /home/airflow/.local/lib/python3.7/site-packages/airflow/example_dags/example_latest_only.py
[2024-02-19T12:27:10.675+0000] {processor.py:753} INFO - DAG(s) dict_keys(['latest_only']) retrieved from /home/airflow/.local/lib/python3.7/site-packages/airflow/example_dags/example_latest_only.py
[2024-02-19T12:27:10.689+0000] {logging_mixin.py:137} INFO - [2024-02-19T12:27:10.688+0000] {dag.py:2690} INFO - Sync 1 DAGs
[2024-02-19T12:27:10.703+0000] {logging_mixin.py:137} INFO - [2024-02-19T12:27:10.703+0000] {dag.py:3441} INFO - Setting next_dagrun for latest_only to 2024-02-19T08:27:10.703500+00:00, run_after=2024-02-19T12:27:10.703500+00:00
[2024-02-19T12:27:10.714+0000] {processor.py:175} INFO - Processing /home/airflow/.local/lib/python3.7/site-packages/airflow/example_dags/example_latest_only.py took 0.048 seconds
[2024-02-19T12:27:41.092+0000] {processor.py:153} INFO - Started process (PID=835) to work on /home/airflow/.local/lib/python3.7/site-packages/airflow/example_dags/example_latest_only.py
[2024-02-19T12:27:41.092+0000] {processor.py:743} INFO - Processing file /home/airflow/.local/lib/python3.7/site-packages/airflow/example_dags/example_latest_only.py for tasks to queue
[2024-02-19T12:27:41.093+0000] {logging_mixin.py:137} INFO - [2024-02-19T12:27:41.093+0000] {dagbag.py:538} INFO - Filling up the DagBag from /home/airflow/.local/lib/python3.7/site-packages/airflow/example_dags/example_latest_only.py
[2024-02-19T12:27:41.100+0000] {processor.py:753} INFO - DAG(s) dict_keys(['latest_only']) retrieved from /home/airflow/.local/lib/python3.7/site-packages/airflow/example_dags/example_latest_only.py
[2024-02-19T12:27:41.113+0000] {logging_mixin.py:137} INFO - [2024-02-19T12:27:41.113+0000] {dag.py:2690} INFO - Sync 1 DAGs
[2024-02-19T12:27:41.126+0000] {logging_mixin.py:137} INFO - [2024-02-19T12:27:41.126+0000] {dag.py:3441} INFO - Setting next_dagrun for latest_only to 2024-02-19T08:27:41.126433+00:00, run_after=2024-02-19T12:27:41.126433+00:00
[2024-02-19T12:27:41.136+0000] {processor.py:175} INFO - Processing /home/airflow/.local/lib/python3.7/site-packages/airflow/example_dags/example_latest_only.py took 0.046 seconds
[2024-02-19T12:28:11.541+0000] {processor.py:153} INFO - Started process (PID=971) to work on /home/airflow/.local/lib/python3.7/site-packages/airflow/example_dags/example_latest_only.py
[2024-02-19T12:28:11.541+0000] {processor.py:743} INFO - Processing file /home/airflow/.local/lib/python3.7/site-packages/airflow/example_dags/example_latest_only.py for tasks to queue
[2024-02-19T12:28:11.542+0000] {logging_mixin.py:137} INFO - [2024-02-19T12:28:11.542+0000] {dagbag.py:538} INFO - Filling up the DagBag from /home/airflow/.local/lib/python3.7/site-packages/airflow/example_dags/example_latest_only.py
[2024-02-19T12:28:11.551+0000] {processor.py:753} INFO - DAG(s) dict_keys(['latest_only']) retrieved from /home/airflow/.local/lib/python3.7/site-packages/airflow/example_dags/example_latest_only.py
[2024-02-19T12:28:11.566+0000] {logging_mixin.py:137} INFO - [2024-02-19T12:28:11.566+0000] {dag.py:2690} INFO - Sync 1 DAGs
[2024-02-19T12:28:11.581+0000] {logging_mixin.py:137} INFO - [2024-02-19T12:28:11.581+0000] {dag.py:3441} INFO - Setting next_dagrun for latest_only to 2024-02-19T08:28:11.581236+00:00, run_after=2024-02-19T12:28:11.581236+00:00
[2024-02-19T12:28:11.592+0000] {processor.py:175} INFO - Processing /home/airflow/.local/lib/python3.7/site-packages/airflow/example_dags/example_latest_only.py took 0.053 seconds
[2024-02-19T12:28:41.952+0000] {processor.py:153} INFO - Started process (PID=1074) to work on /home/airflow/.local/lib/python3.7/site-packages/airflow/example_dags/example_latest_only.py
[2024-02-19T12:28:41.953+0000] {processor.py:743} INFO - Processing file /home/airflow/.local/lib/python3.7/site-packages/airflow/example_dags/example_latest_only.py for tasks to queue
[2024-02-19T12:28:41.953+0000] {logging_mixin.py:137} INFO - [2024-02-19T12:28:41.953+0000] {dagbag.py:538} INFO - Filling up the DagBag from /home/airflow/.local/lib/python3.7/site-packages/airflow/example_dags/example_latest_only.py
[2024-02-19T12:28:41.961+0000] {processor.py:753} INFO - DAG(s) dict_keys(['latest_only']) retrieved from /home/airflow/.local/lib/python3.7/site-packages/airflow/example_dags/example_latest_only.py
[2024-02-19T12:28:41.974+0000] {logging_mixin.py:137} INFO - [2024-02-19T12:28:41.973+0000] {dag.py:2690} INFO - Sync 1 DAGs
[2024-02-19T12:28:41.987+0000] {logging_mixin.py:137} INFO - [2024-02-19T12:28:41.987+0000] {dag.py:3441} INFO - Setting next_dagrun for latest_only to 2024-02-19T08:28:41.987570+00:00, run_after=2024-02-19T12:28:41.987570+00:00
[2024-02-19T12:28:41.998+0000] {processor.py:175} INFO - Processing /home/airflow/.local/lib/python3.7/site-packages/airflow/example_dags/example_latest_only.py took 0.047 seconds
[2024-02-19T12:29:12.649+0000] {processor.py:153} INFO - Started process (PID=1209) to work on /home/airflow/.local/lib/python3.7/site-packages/airflow/example_dags/example_latest_only.py
[2024-02-19T12:29:12.650+0000] {processor.py:743} INFO - Processing file /home/airflow/.local/lib/python3.7/site-packages/airflow/example_dags/example_latest_only.py for tasks to queue
[2024-02-19T12:29:12.650+0000] {logging_mixin.py:137} INFO - [2024-02-19T12:29:12.650+0000] {dagbag.py:538} INFO - Filling up the DagBag from /home/airflow/.local/lib/python3.7/site-packages/airflow/example_dags/example_latest_only.py
[2024-02-19T12:29:12.658+0000] {processor.py:753} INFO - DAG(s) dict_keys(['latest_only']) retrieved from /home/airflow/.local/lib/python3.7/site-packages/airflow/example_dags/example_latest_only.py
[2024-02-19T12:29:12.670+0000] {logging_mixin.py:137} INFO - [2024-02-19T12:29:12.670+0000] {dag.py:2690} INFO - Sync 1 DAGs
[2024-02-19T12:29:12.684+0000] {logging_mixin.py:137} INFO - [2024-02-19T12:29:12.684+0000] {dag.py:3441} INFO - Setting next_dagrun for latest_only to 2024-02-19T08:29:12.684420+00:00, run_after=2024-02-19T12:29:12.684420+00:00
[2024-02-19T12:29:12.698+0000] {processor.py:175} INFO - Processing /home/airflow/.local/lib/python3.7/site-packages/airflow/example_dags/example_latest_only.py took 0.050 seconds
[2024-02-19T12:29:43.154+0000] {processor.py:153} INFO - Started process (PID=1344) to work on /home/airflow/.local/lib/python3.7/site-packages/airflow/example_dags/example_latest_only.py
[2024-02-19T12:29:43.155+0000] {processor.py:743} INFO - Processing file /home/airflow/.local/lib/python3.7/site-packages/airflow/example_dags/example_latest_only.py for tasks to queue
[2024-02-19T12:29:43.155+0000] {logging_mixin.py:137} INFO - [2024-02-19T12:29:43.155+0000] {dagbag.py:538} INFO - Filling up the DagBag from /home/airflow/.local/lib/python3.7/site-packages/airflow/example_dags/example_latest_only.py
[2024-02-19T12:29:43.162+0000] {processor.py:753} INFO - DAG(s) dict_keys(['latest_only']) retrieved from /home/airflow/.local/lib/python3.7/site-packages/airflow/example_dags/example_latest_only.py
[2024-02-19T12:29:43.175+0000] {logging_mixin.py:137} INFO - [2024-02-19T12:29:43.175+0000] {dag.py:2690} INFO - Sync 1 DAGs
[2024-02-19T12:29:43.189+0000] {logging_mixin.py:137} INFO - [2024-02-19T12:29:43.189+0000] {dag.py:3441} INFO - Setting next_dagrun for latest_only to 2024-02-19T08:29:43.189257+00:00, run_after=2024-02-19T12:29:43.189257+00:00
[2024-02-19T12:29:43.199+0000] {processor.py:175} INFO - Processing /home/airflow/.local/lib/python3.7/site-packages/airflow/example_dags/example_latest_only.py took 0.047 seconds
[2024-02-19T12:30:13.635+0000] {processor.py:153} INFO - Started process (PID=1447) to work on /home/airflow/.local/lib/python3.7/site-packages/airflow/example_dags/example_latest_only.py
[2024-02-19T12:30:13.636+0000] {processor.py:743} INFO - Processing file /home/airflow/.local/lib/python3.7/site-packages/airflow/example_dags/example_latest_only.py for tasks to queue
[2024-02-19T12:30:13.636+0000] {logging_mixin.py:137} INFO - [2024-02-19T12:30:13.636+0000] {dagbag.py:538} INFO - Filling up the DagBag from /home/airflow/.local/lib/python3.7/site-packages/airflow/example_dags/example_latest_only.py
[2024-02-19T12:30:13.643+0000] {processor.py:753} INFO - DAG(s) dict_keys(['latest_only']) retrieved from /home/airflow/.local/lib/python3.7/site-packages/airflow/example_dags/example_latest_only.py
[2024-02-19T12:30:13.657+0000] {logging_mixin.py:137} INFO - [2024-02-19T12:30:13.656+0000] {dag.py:2690} INFO - Sync 1 DAGs
[2024-02-19T12:30:13.673+0000] {logging_mixin.py:137} INFO - [2024-02-19T12:30:13.673+0000] {dag.py:3441} INFO - Setting next_dagrun for latest_only to 2024-02-19T08:30:13.673111+00:00, run_after=2024-02-19T12:30:13.673111+00:00
[2024-02-19T12:30:13.683+0000] {processor.py:175} INFO - Processing /home/airflow/.local/lib/python3.7/site-packages/airflow/example_dags/example_latest_only.py took 0.050 seconds
[2024-02-19T12:30:44.085+0000] {processor.py:153} INFO - Started process (PID=1582) to work on /home/airflow/.local/lib/python3.7/site-packages/airflow/example_dags/example_latest_only.py
[2024-02-19T12:30:44.085+0000] {processor.py:743} INFO - Processing file /home/airflow/.local/lib/python3.7/site-packages/airflow/example_dags/example_latest_only.py for tasks to queue
[2024-02-19T12:30:44.086+0000] {logging_mixin.py:137} INFO - [2024-02-19T12:30:44.086+0000] {dagbag.py:538} INFO - Filling up the DagBag from /home/airflow/.local/lib/python3.7/site-packages/airflow/example_dags/example_latest_only.py
[2024-02-19T12:30:44.093+0000] {processor.py:753} INFO - DAG(s) dict_keys(['latest_only']) retrieved from /home/airflow/.local/lib/python3.7/site-packages/airflow/example_dags/example_latest_only.py
[2024-02-19T12:30:44.107+0000] {logging_mixin.py:137} INFO - [2024-02-19T12:30:44.106+0000] {dag.py:2690} INFO - Sync 1 DAGs
[2024-02-19T12:30:44.121+0000] {logging_mixin.py:137} INFO - [2024-02-19T12:30:44.121+0000] {dag.py:3441} INFO - Setting next_dagrun for latest_only to 2024-02-19T08:30:44.121313+00:00, run_after=2024-02-19T12:30:44.121313+00:00
[2024-02-19T12:30:44.132+0000] {processor.py:175} INFO - Processing /home/airflow/.local/lib/python3.7/site-packages/airflow/example_dags/example_latest_only.py took 0.049 seconds
[2024-02-19T12:31:14.546+0000] {processor.py:153} INFO - Started process (PID=1717) to work on /home/airflow/.local/lib/python3.7/site-packages/airflow/example_dags/example_latest_only.py
[2024-02-19T12:31:14.547+0000] {processor.py:743} INFO - Processing file /home/airflow/.local/lib/python3.7/site-packages/airflow/example_dags/example_latest_only.py for tasks to queue
[2024-02-19T12:31:14.547+0000] {logging_mixin.py:137} INFO - [2024-02-19T12:31:14.547+0000] {dagbag.py:538} INFO - Filling up the DagBag from /home/airflow/.local/lib/python3.7/site-packages/airflow/example_dags/example_latest_only.py
[2024-02-19T12:31:14.554+0000] {processor.py:753} INFO - DAG(s) dict_keys(['latest_only']) retrieved from /home/airflow/.local/lib/python3.7/site-packages/airflow/example_dags/example_latest_only.py
[2024-02-19T12:31:14.568+0000] {logging_mixin.py:137} INFO - [2024-02-19T12:31:14.568+0000] {dag.py:2690} INFO - Sync 1 DAGs
[2024-02-19T12:31:14.582+0000] {logging_mixin.py:137} INFO - [2024-02-19T12:31:14.582+0000] {dag.py:3441} INFO - Setting next_dagrun for latest_only to 2024-02-19T08:31:14.582749+00:00, run_after=2024-02-19T12:31:14.582749+00:00
[2024-02-19T12:31:14.593+0000] {processor.py:175} INFO - Processing /home/airflow/.local/lib/python3.7/site-packages/airflow/example_dags/example_latest_only.py took 0.049 seconds
[2024-02-19T12:31:44.972+0000] {processor.py:153} INFO - Started process (PID=1820) to work on /home/airflow/.local/lib/python3.7/site-packages/airflow/example_dags/example_latest_only.py
[2024-02-19T12:31:44.972+0000] {processor.py:743} INFO - Processing file /home/airflow/.local/lib/python3.7/site-packages/airflow/example_dags/example_latest_only.py for tasks to queue
[2024-02-19T12:31:44.973+0000] {logging_mixin.py:137} INFO - [2024-02-19T12:31:44.973+0000] {dagbag.py:538} INFO - Filling up the DagBag from /home/airflow/.local/lib/python3.7/site-packages/airflow/example_dags/example_latest_only.py
[2024-02-19T12:31:44.980+0000] {processor.py:753} INFO - DAG(s) dict_keys(['latest_only']) retrieved from /home/airflow/.local/lib/python3.7/site-packages/airflow/example_dags/example_latest_only.py
[2024-02-19T12:31:44.993+0000] {logging_mixin.py:137} INFO - [2024-02-19T12:31:44.993+0000] {dag.py:2690} INFO - Sync 1 DAGs
[2024-02-19T12:31:45.007+0000] {logging_mixin.py:137} INFO - [2024-02-19T12:31:45.007+0000] {dag.py:3441} INFO - Setting next_dagrun for latest_only to 2024-02-19T08:31:45.006938+00:00, run_after=2024-02-19T12:31:45.006938+00:00
[2024-02-19T12:31:45.017+0000] {processor.py:175} INFO - Processing /home/airflow/.local/lib/python3.7/site-packages/airflow/example_dags/example_latest_only.py took 0.047 seconds
[2024-02-19T12:32:15.449+0000] {processor.py:153} INFO - Started process (PID=1955) to work on /home/airflow/.local/lib/python3.7/site-packages/airflow/example_dags/example_latest_only.py
[2024-02-19T12:32:15.449+0000] {processor.py:743} INFO - Processing file /home/airflow/.local/lib/python3.7/site-packages/airflow/example_dags/example_latest_only.py for tasks to queue
[2024-02-19T12:32:15.449+0000] {logging_mixin.py:137} INFO - [2024-02-19T12:32:15.449+0000] {dagbag.py:538} INFO - Filling up the DagBag from /home/airflow/.local/lib/python3.7/site-packages/airflow/example_dags/example_latest_only.py
[2024-02-19T12:32:15.459+0000] {processor.py:753} INFO - DAG(s) dict_keys(['latest_only']) retrieved from /home/airflow/.local/lib/python3.7/site-packages/airflow/example_dags/example_latest_only.py
[2024-02-19T12:32:15.475+0000] {logging_mixin.py:137} INFO - [2024-02-19T12:32:15.475+0000] {dag.py:2690} INFO - Sync 1 DAGs
[2024-02-19T12:32:15.491+0000] {logging_mixin.py:137} INFO - [2024-02-19T12:32:15.491+0000] {dag.py:3441} INFO - Setting next_dagrun for latest_only to 2024-02-19T08:32:15.491603+00:00, run_after=2024-02-19T12:32:15.491603+00:00
[2024-02-19T12:32:15.505+0000] {processor.py:175} INFO - Processing /home/airflow/.local/lib/python3.7/site-packages/airflow/example_dags/example_latest_only.py took 0.058 seconds
[2024-02-19T12:32:46.014+0000] {processor.py:153} INFO - Started process (PID=2090) to work on /home/airflow/.local/lib/python3.7/site-packages/airflow/example_dags/example_latest_only.py
[2024-02-19T12:32:46.015+0000] {processor.py:743} INFO - Processing file /home/airflow/.local/lib/python3.7/site-packages/airflow/example_dags/example_latest_only.py for tasks to queue
[2024-02-19T12:32:46.015+0000] {logging_mixin.py:137} INFO - [2024-02-19T12:32:46.015+0000] {dagbag.py:538} INFO - Filling up the DagBag from /home/airflow/.local/lib/python3.7/site-packages/airflow/example_dags/example_latest_only.py
[2024-02-19T12:32:46.022+0000] {processor.py:753} INFO - DAG(s) dict_keys(['latest_only']) retrieved from /home/airflow/.local/lib/python3.7/site-packages/airflow/example_dags/example_latest_only.py
[2024-02-19T12:32:46.035+0000] {logging_mixin.py:137} INFO - [2024-02-19T12:32:46.035+0000] {dag.py:2690} INFO - Sync 1 DAGs
[2024-02-19T12:32:46.050+0000] {logging_mixin.py:137} INFO - [2024-02-19T12:32:46.050+0000] {dag.py:3441} INFO - Setting next_dagrun for latest_only to 2024-02-19T08:32:46.050247+00:00, run_after=2024-02-19T12:32:46.050247+00:00
[2024-02-19T12:32:46.061+0000] {processor.py:175} INFO - Processing /home/airflow/.local/lib/python3.7/site-packages/airflow/example_dags/example_latest_only.py took 0.048 seconds
[2024-02-19T12:33:16.506+0000] {processor.py:153} INFO - Started process (PID=2193) to work on /home/airflow/.local/lib/python3.7/site-packages/airflow/example_dags/example_latest_only.py
[2024-02-19T12:33:16.506+0000] {processor.py:743} INFO - Processing file /home/airflow/.local/lib/python3.7/site-packages/airflow/example_dags/example_latest_only.py for tasks to queue
[2024-02-19T12:33:16.507+0000] {logging_mixin.py:137} INFO - [2024-02-19T12:33:16.507+0000] {dagbag.py:538} INFO - Filling up the DagBag from /home/airflow/.local/lib/python3.7/site-packages/airflow/example_dags/example_latest_only.py
[2024-02-19T12:33:16.514+0000] {processor.py:753} INFO - DAG(s) dict_keys(['latest_only']) retrieved from /home/airflow/.local/lib/python3.7/site-packages/airflow/example_dags/example_latest_only.py
[2024-02-19T12:33:16.527+0000] {logging_mixin.py:137} INFO - [2024-02-19T12:33:16.527+0000] {dag.py:2690} INFO - Sync 1 DAGs
[2024-02-19T12:33:16.541+0000] {logging_mixin.py:137} INFO - [2024-02-19T12:33:16.541+0000] {dag.py:3441} INFO - Setting next_dagrun for latest_only to 2024-02-19T08:33:16.541318+00:00, run_after=2024-02-19T12:33:16.541318+00:00
[2024-02-19T12:33:16.552+0000] {processor.py:175} INFO - Processing /home/airflow/.local/lib/python3.7/site-packages/airflow/example_dags/example_latest_only.py took 0.048 seconds
[2024-02-19T12:33:46.945+0000] {processor.py:153} INFO - Started process (PID=2328) to work on /home/airflow/.local/lib/python3.7/site-packages/airflow/example_dags/example_latest_only.py
[2024-02-19T12:33:46.946+0000] {processor.py:743} INFO - Processing file /home/airflow/.local/lib/python3.7/site-packages/airflow/example_dags/example_latest_only.py for tasks to queue
[2024-02-19T12:33:46.946+0000] {logging_mixin.py:137} INFO - [2024-02-19T12:33:46.946+0000] {dagbag.py:538} INFO - Filling up the DagBag from /home/airflow/.local/lib/python3.7/site-packages/airflow/example_dags/example_latest_only.py
[2024-02-19T12:33:46.953+0000] {processor.py:753} INFO - DAG(s) dict_keys(['latest_only']) retrieved from /home/airflow/.local/lib/python3.7/site-packages/airflow/example_dags/example_latest_only.py
[2024-02-19T12:33:46.968+0000] {logging_mixin.py:137} INFO - [2024-02-19T12:33:46.968+0000] {dag.py:2690} INFO - Sync 1 DAGs
[2024-02-19T12:33:46.982+0000] {logging_mixin.py:137} INFO - [2024-02-19T12:33:46.982+0000] {dag.py:3441} INFO - Setting next_dagrun for latest_only to 2024-02-19T08:33:46.981988+00:00, run_after=2024-02-19T12:33:46.981988+00:00
[2024-02-19T12:33:46.993+0000] {processor.py:175} INFO - Processing /home/airflow/.local/lib/python3.7/site-packages/airflow/example_dags/example_latest_only.py took 0.049 seconds
[2024-02-19T12:34:17.358+0000] {processor.py:153} INFO - Started process (PID=2463) to work on /home/airflow/.local/lib/python3.7/site-packages/airflow/example_dags/example_latest_only.py
[2024-02-19T12:34:17.359+0000] {processor.py:743} INFO - Processing file /home/airflow/.local/lib/python3.7/site-packages/airflow/example_dags/example_latest_only.py for tasks to queue
[2024-02-19T12:34:17.359+0000] {logging_mixin.py:137} INFO - [2024-02-19T12:34:17.359+0000] {dagbag.py:538} INFO - Filling up the DagBag from /home/airflow/.local/lib/python3.7/site-packages/airflow/example_dags/example_latest_only.py
[2024-02-19T12:34:17.366+0000] {processor.py:753} INFO - DAG(s) dict_keys(['latest_only']) retrieved from /home/airflow/.local/lib/python3.7/site-packages/airflow/example_dags/example_latest_only.py
[2024-02-19T12:34:17.380+0000] {logging_mixin.py:137} INFO - [2024-02-19T12:34:17.380+0000] {dag.py:2690} INFO - Sync 1 DAGs
[2024-02-19T12:34:17.394+0000] {logging_mixin.py:137} INFO - [2024-02-19T12:34:17.394+0000] {dag.py:3441} INFO - Setting next_dagrun for latest_only to 2024-02-19T08:34:17.394085+00:00, run_after=2024-02-19T12:34:17.394085+00:00
[2024-02-19T12:34:17.404+0000] {processor.py:175} INFO - Processing /home/airflow/.local/lib/python3.7/site-packages/airflow/example_dags/example_latest_only.py took 0.048 seconds
[2024-02-19T12:34:47.935+0000] {processor.py:153} INFO - Started process (PID=2566) to work on /home/airflow/.local/lib/python3.7/site-packages/airflow/example_dags/example_latest_only.py
[2024-02-19T12:34:47.935+0000] {processor.py:743} INFO - Processing file /home/airflow/.local/lib/python3.7/site-packages/airflow/example_dags/example_latest_only.py for tasks to queue
[2024-02-19T12:34:47.936+0000] {logging_mixin.py:137} INFO - [2024-02-19T12:34:47.936+0000] {dagbag.py:538} INFO - Filling up the DagBag from /home/airflow/.local/lib/python3.7/site-packages/airflow/example_dags/example_latest_only.py
[2024-02-19T12:34:47.943+0000] {processor.py:753} INFO - DAG(s) dict_keys(['latest_only']) retrieved from /home/airflow/.local/lib/python3.7/site-packages/airflow/example_dags/example_latest_only.py
[2024-02-19T12:34:47.957+0000] {logging_mixin.py:137} INFO - [2024-02-19T12:34:47.957+0000] {dag.py:2690} INFO - Sync 1 DAGs
[2024-02-19T12:34:47.971+0000] {logging_mixin.py:137} INFO - [2024-02-19T12:34:47.971+0000] {dag.py:3441} INFO - Setting next_dagrun for latest_only to 2024-02-19T08:34:47.971163+00:00, run_after=2024-02-19T12:34:47.971163+00:00
[2024-02-19T12:34:47.981+0000] {processor.py:175} INFO - Processing /home/airflow/.local/lib/python3.7/site-packages/airflow/example_dags/example_latest_only.py took 0.048 seconds
[2024-02-19T12:35:18.493+0000] {processor.py:153} INFO - Started process (PID=2701) to work on /home/airflow/.local/lib/python3.7/site-packages/airflow/example_dags/example_latest_only.py
[2024-02-19T12:35:18.493+0000] {processor.py:743} INFO - Processing file /home/airflow/.local/lib/python3.7/site-packages/airflow/example_dags/example_latest_only.py for tasks to queue
[2024-02-19T12:35:18.494+0000] {logging_mixin.py:137} INFO - [2024-02-19T12:35:18.494+0000] {dagbag.py:538} INFO - Filling up the DagBag from /home/airflow/.local/lib/python3.7/site-packages/airflow/example_dags/example_latest_only.py
[2024-02-19T12:35:18.501+0000] {processor.py:753} INFO - DAG(s) dict_keys(['latest_only']) retrieved from /home/airflow/.local/lib/python3.7/site-packages/airflow/example_dags/example_latest_only.py
[2024-02-19T12:35:18.515+0000] {logging_mixin.py:137} INFO - [2024-02-19T12:35:18.515+0000] {dag.py:2690} INFO - Sync 1 DAGs
[2024-02-19T12:35:18.529+0000] {logging_mixin.py:137} INFO - [2024-02-19T12:35:18.529+0000] {dag.py:3441} INFO - Setting next_dagrun for latest_only to 2024-02-19T08:35:18.529252+00:00, run_after=2024-02-19T12:35:18.529252+00:00
[2024-02-19T12:35:18.540+0000] {processor.py:175} INFO - Processing /home/airflow/.local/lib/python3.7/site-packages/airflow/example_dags/example_latest_only.py took 0.049 seconds
[2024-02-19T12:35:48.993+0000] {processor.py:153} INFO - Started process (PID=2836) to work on /home/airflow/.local/lib/python3.7/site-packages/airflow/example_dags/example_latest_only.py
[2024-02-19T12:35:48.994+0000] {processor.py:743} INFO - Processing file /home/airflow/.local/lib/python3.7/site-packages/airflow/example_dags/example_latest_only.py for tasks to queue
[2024-02-19T12:35:48.994+0000] {logging_mixin.py:137} INFO - [2024-02-19T12:35:48.994+0000] {dagbag.py:538} INFO - Filling up the DagBag from /home/airflow/.local/lib/python3.7/site-packages/airflow/example_dags/example_latest_only.py
[2024-02-19T12:35:49.001+0000] {processor.py:753} INFO - DAG(s) dict_keys(['latest_only']) retrieved from /home/airflow/.local/lib/python3.7/site-packages/airflow/example_dags/example_latest_only.py
[2024-02-19T12:35:49.015+0000] {logging_mixin.py:137} INFO - [2024-02-19T12:35:49.015+0000] {dag.py:2690} INFO - Sync 1 DAGs
[2024-02-19T12:35:49.030+0000] {logging_mixin.py:137} INFO - [2024-02-19T12:35:49.030+0000] {dag.py:3441} INFO - Setting next_dagrun for latest_only to 2024-02-19T08:35:49.030543+00:00, run_after=2024-02-19T12:35:49.030543+00:00
[2024-02-19T12:35:49.043+0000] {processor.py:175} INFO - Processing /home/airflow/.local/lib/python3.7/site-packages/airflow/example_dags/example_latest_only.py took 0.052 seconds
[2024-02-19T12:36:19.587+0000] {processor.py:153} INFO - Started process (PID=2939) to work on /home/airflow/.local/lib/python3.7/site-packages/airflow/example_dags/example_latest_only.py
[2024-02-19T12:36:19.588+0000] {processor.py:743} INFO - Processing file /home/airflow/.local/lib/python3.7/site-packages/airflow/example_dags/example_latest_only.py for tasks to queue
[2024-02-19T12:36:19.588+0000] {logging_mixin.py:137} INFO - [2024-02-19T12:36:19.588+0000] {dagbag.py:538} INFO - Filling up the DagBag from /home/airflow/.local/lib/python3.7/site-packages/airflow/example_dags/example_latest_only.py
[2024-02-19T12:36:19.596+0000] {processor.py:753} INFO - DAG(s) dict_keys(['latest_only']) retrieved from /home/airflow/.local/lib/python3.7/site-packages/airflow/example_dags/example_latest_only.py
[2024-02-19T12:36:19.609+0000] {logging_mixin.py:137} INFO - [2024-02-19T12:36:19.609+0000] {dag.py:2690} INFO - Sync 1 DAGs
[2024-02-19T12:36:19.624+0000] {logging_mixin.py:137} INFO - [2024-02-19T12:36:19.624+0000] {dag.py:3441} INFO - Setting next_dagrun for latest_only to 2024-02-19T08:36:19.624252+00:00, run_after=2024-02-19T12:36:19.624252+00:00
[2024-02-19T12:36:19.635+0000] {processor.py:175} INFO - Processing /home/airflow/.local/lib/python3.7/site-packages/airflow/example_dags/example_latest_only.py took 0.049 seconds
[2024-02-19T12:36:50.086+0000] {processor.py:153} INFO - Started process (PID=3074) to work on /home/airflow/.local/lib/python3.7/site-packages/airflow/example_dags/example_latest_only.py
[2024-02-19T12:36:50.087+0000] {processor.py:743} INFO - Processing file /home/airflow/.local/lib/python3.7/site-packages/airflow/example_dags/example_latest_only.py for tasks to queue
[2024-02-19T12:36:50.087+0000] {logging_mixin.py:137} INFO - [2024-02-19T12:36:50.087+0000] {dagbag.py:538} INFO - Filling up the DagBag from /home/airflow/.local/lib/python3.7/site-packages/airflow/example_dags/example_latest_only.py
[2024-02-19T12:36:50.094+0000] {processor.py:753} INFO - DAG(s) dict_keys(['latest_only']) retrieved from /home/airflow/.local/lib/python3.7/site-packages/airflow/example_dags/example_latest_only.py
[2024-02-19T12:36:50.108+0000] {logging_mixin.py:137} INFO - [2024-02-19T12:36:50.108+0000] {dag.py:2690} INFO - Sync 1 DAGs
[2024-02-19T12:36:50.122+0000] {logging_mixin.py:137} INFO - [2024-02-19T12:36:50.122+0000] {dag.py:3441} INFO - Setting next_dagrun for latest_only to 2024-02-19T08:36:50.122408+00:00, run_after=2024-02-19T12:36:50.122408+00:00
[2024-02-19T12:36:50.133+0000] {processor.py:175} INFO - Processing /home/airflow/.local/lib/python3.7/site-packages/airflow/example_dags/example_latest_only.py took 0.048 seconds
[2024-02-19T12:37:20.542+0000] {processor.py:153} INFO - Started process (PID=3209) to work on /home/airflow/.local/lib/python3.7/site-packages/airflow/example_dags/example_latest_only.py
[2024-02-19T12:37:20.543+0000] {processor.py:743} INFO - Processing file /home/airflow/.local/lib/python3.7/site-packages/airflow/example_dags/example_latest_only.py for tasks to queue
[2024-02-19T12:37:20.543+0000] {logging_mixin.py:137} INFO - [2024-02-19T12:37:20.543+0000] {dagbag.py:538} INFO - Filling up the DagBag from /home/airflow/.local/lib/python3.7/site-packages/airflow/example_dags/example_latest_only.py
[2024-02-19T12:37:20.551+0000] {processor.py:753} INFO - DAG(s) dict_keys(['latest_only']) retrieved from /home/airflow/.local/lib/python3.7/site-packages/airflow/example_dags/example_latest_only.py
[2024-02-19T12:37:20.563+0000] {logging_mixin.py:137} INFO - [2024-02-19T12:37:20.563+0000] {dag.py:2690} INFO - Sync 1 DAGs
[2024-02-19T12:37:20.577+0000] {logging_mixin.py:137} INFO - [2024-02-19T12:37:20.577+0000] {dag.py:3441} INFO - Setting next_dagrun for latest_only to 2024-02-19T08:37:20.577585+00:00, run_after=2024-02-19T12:37:20.577585+00:00
[2024-02-19T12:37:20.588+0000] {processor.py:175} INFO - Processing /home/airflow/.local/lib/python3.7/site-packages/airflow/example_dags/example_latest_only.py took 0.048 seconds
[2024-02-19T12:37:50.994+0000] {processor.py:153} INFO - Started process (PID=3312) to work on /home/airflow/.local/lib/python3.7/site-packages/airflow/example_dags/example_latest_only.py
[2024-02-19T12:37:50.995+0000] {processor.py:743} INFO - Processing file /home/airflow/.local/lib/python3.7/site-packages/airflow/example_dags/example_latest_only.py for tasks to queue
[2024-02-19T12:37:50.995+0000] {logging_mixin.py:137} INFO - [2024-02-19T12:37:50.995+0000] {dagbag.py:538} INFO - Filling up the DagBag from /home/airflow/.local/lib/python3.7/site-packages/airflow/example_dags/example_latest_only.py
[2024-02-19T12:37:51.002+0000] {processor.py:753} INFO - DAG(s) dict_keys(['latest_only']) retrieved from /home/airflow/.local/lib/python3.7/site-packages/airflow/example_dags/example_latest_only.py
[2024-02-19T12:37:51.017+0000] {logging_mixin.py:137} INFO - [2024-02-19T12:37:51.017+0000] {dag.py:2690} INFO - Sync 1 DAGs
[2024-02-19T12:37:51.031+0000] {logging_mixin.py:137} INFO - [2024-02-19T12:37:51.031+0000] {dag.py:3441} INFO - Setting next_dagrun for latest_only to 2024-02-19T08:37:51.031602+00:00, run_after=2024-02-19T12:37:51.031602+00:00
[2024-02-19T12:37:51.043+0000] {processor.py:175} INFO - Processing /home/airflow/.local/lib/python3.7/site-packages/airflow/example_dags/example_latest_only.py took 0.051 seconds
[2024-02-19T12:38:21.576+0000] {processor.py:153} INFO - Started process (PID=3447) to work on /home/airflow/.local/lib/python3.7/site-packages/airflow/example_dags/example_latest_only.py
[2024-02-19T12:38:21.577+0000] {processor.py:743} INFO - Processing file /home/airflow/.local/lib/python3.7/site-packages/airflow/example_dags/example_latest_only.py for tasks to queue
[2024-02-19T12:38:21.577+0000] {logging_mixin.py:137} INFO - [2024-02-19T12:38:21.577+0000] {dagbag.py:538} INFO - Filling up the DagBag from /home/airflow/.local/lib/python3.7/site-packages/airflow/example_dags/example_latest_only.py
[2024-02-19T12:38:21.584+0000] {processor.py:753} INFO - DAG(s) dict_keys(['latest_only']) retrieved from /home/airflow/.local/lib/python3.7/site-packages/airflow/example_dags/example_latest_only.py
[2024-02-19T12:38:21.597+0000] {logging_mixin.py:137} INFO - [2024-02-19T12:38:21.597+0000] {dag.py:2690} INFO - Sync 1 DAGs
[2024-02-19T12:38:21.612+0000] {logging_mixin.py:137} INFO - [2024-02-19T12:38:21.612+0000] {dag.py:3441} INFO - Setting next_dagrun for latest_only to 2024-02-19T08:38:21.612406+00:00, run_after=2024-02-19T12:38:21.612406+00:00
[2024-02-19T12:38:21.622+0000] {processor.py:175} INFO - Processing /home/airflow/.local/lib/python3.7/site-packages/airflow/example_dags/example_latest_only.py took 0.048 seconds
[2024-02-19T12:38:52.169+0000] {processor.py:153} INFO - Started process (PID=3582) to work on /home/airflow/.local/lib/python3.7/site-packages/airflow/example_dags/example_latest_only.py
[2024-02-19T12:38:52.170+0000] {processor.py:743} INFO - Processing file /home/airflow/.local/lib/python3.7/site-packages/airflow/example_dags/example_latest_only.py for tasks to queue
[2024-02-19T12:38:52.170+0000] {logging_mixin.py:137} INFO - [2024-02-19T12:38:52.170+0000] {dagbag.py:538} INFO - Filling up the DagBag from /home/airflow/.local/lib/python3.7/site-packages/airflow/example_dags/example_latest_only.py
[2024-02-19T12:38:52.178+0000] {processor.py:753} INFO - DAG(s) dict_keys(['latest_only']) retrieved from /home/airflow/.local/lib/python3.7/site-packages/airflow/example_dags/example_latest_only.py
[2024-02-19T12:38:52.191+0000] {logging_mixin.py:137} INFO - [2024-02-19T12:38:52.191+0000] {dag.py:2690} INFO - Sync 1 DAGs
[2024-02-19T12:38:52.206+0000] {logging_mixin.py:137} INFO - [2024-02-19T12:38:52.206+0000] {dag.py:3441} INFO - Setting next_dagrun for latest_only to 2024-02-19T08:38:52.205881+00:00, run_after=2024-02-19T12:38:52.205881+00:00
[2024-02-19T12:38:52.216+0000] {processor.py:175} INFO - Processing /home/airflow/.local/lib/python3.7/site-packages/airflow/example_dags/example_latest_only.py took 0.049 seconds
[2024-02-19T12:39:22.655+0000] {processor.py:153} INFO - Started process (PID=3685) to work on /home/airflow/.local/lib/python3.7/site-packages/airflow/example_dags/example_latest_only.py
[2024-02-19T12:39:22.655+0000] {processor.py:743} INFO - Processing file /home/airflow/.local/lib/python3.7/site-packages/airflow/example_dags/example_latest_only.py for tasks to queue
[2024-02-19T12:39:22.656+0000] {logging_mixin.py:137} INFO - [2024-02-19T12:39:22.656+0000] {dagbag.py:538} INFO - Filling up the DagBag from /home/airflow/.local/lib/python3.7/site-packages/airflow/example_dags/example_latest_only.py
[2024-02-19T12:39:22.663+0000] {processor.py:753} INFO - DAG(s) dict_keys(['latest_only']) retrieved from /home/airflow/.local/lib/python3.7/site-packages/airflow/example_dags/example_latest_only.py
[2024-02-19T12:39:22.676+0000] {logging_mixin.py:137} INFO - [2024-02-19T12:39:22.676+0000] {dag.py:2690} INFO - Sync 1 DAGs
[2024-02-19T12:39:22.694+0000] {logging_mixin.py:137} INFO - [2024-02-19T12:39:22.694+0000] {dag.py:3441} INFO - Setting next_dagrun for latest_only to 2024-02-19T08:39:22.694612+00:00, run_after=2024-02-19T12:39:22.694612+00:00
[2024-02-19T12:39:22.705+0000] {processor.py:175} INFO - Processing /home/airflow/.local/lib/python3.7/site-packages/airflow/example_dags/example_latest_only.py took 0.052 seconds
[2024-02-19T12:39:53.215+0000] {processor.py:153} INFO - Started process (PID=3820) to work on /home/airflow/.local/lib/python3.7/site-packages/airflow/example_dags/example_latest_only.py
[2024-02-19T12:39:53.215+0000] {processor.py:743} INFO - Processing file /home/airflow/.local/lib/python3.7/site-packages/airflow/example_dags/example_latest_only.py for tasks to queue
[2024-02-19T12:39:53.216+0000] {logging_mixin.py:137} INFO - [2024-02-19T12:39:53.216+0000] {dagbag.py:538} INFO - Filling up the DagBag from /home/airflow/.local/lib/python3.7/site-packages/airflow/example_dags/example_latest_only.py
[2024-02-19T12:39:53.224+0000] {processor.py:753} INFO - DAG(s) dict_keys(['latest_only']) retrieved from /home/airflow/.local/lib/python3.7/site-packages/airflow/example_dags/example_latest_only.py
[2024-02-19T12:39:53.237+0000] {logging_mixin.py:137} INFO - [2024-02-19T12:39:53.237+0000] {dag.py:2690} INFO - Sync 1 DAGs
[2024-02-19T12:39:53.252+0000] {logging_mixin.py:137} INFO - [2024-02-19T12:39:53.252+0000] {dag.py:3441} INFO - Setting next_dagrun for latest_only to 2024-02-19T08:39:53.252541+00:00, run_after=2024-02-19T12:39:53.252541+00:00
[2024-02-19T12:39:53.263+0000] {processor.py:175} INFO - Processing /home/airflow/.local/lib/python3.7/site-packages/airflow/example_dags/example_latest_only.py took 0.050 seconds
[2024-02-19T12:40:23.706+0000] {processor.py:153} INFO - Started process (PID=3955) to work on /home/airflow/.local/lib/python3.7/site-packages/airflow/example_dags/example_latest_only.py
[2024-02-19T12:40:23.707+0000] {processor.py:743} INFO - Processing file /home/airflow/.local/lib/python3.7/site-packages/airflow/example_dags/example_latest_only.py for tasks to queue
[2024-02-19T12:40:23.707+0000] {logging_mixin.py:137} INFO - [2024-02-19T12:40:23.707+0000] {dagbag.py:538} INFO - Filling up the DagBag from /home/airflow/.local/lib/python3.7/site-packages/airflow/example_dags/example_latest_only.py
[2024-02-19T12:40:23.715+0000] {processor.py:753} INFO - DAG(s) dict_keys(['latest_only']) retrieved from /home/airflow/.local/lib/python3.7/site-packages/airflow/example_dags/example_latest_only.py
[2024-02-19T12:40:23.728+0000] {logging_mixin.py:137} INFO - [2024-02-19T12:40:23.728+0000] {dag.py:2690} INFO - Sync 1 DAGs
[2024-02-19T12:40:23.743+0000] {logging_mixin.py:137} INFO - [2024-02-19T12:40:23.742+0000] {dag.py:3441} INFO - Setting next_dagrun for latest_only to 2024-02-19T08:40:23.742827+00:00, run_after=2024-02-19T12:40:23.742827+00:00
[2024-02-19T12:40:23.754+0000] {processor.py:175} INFO - Processing /home/airflow/.local/lib/python3.7/site-packages/airflow/example_dags/example_latest_only.py took 0.049 seconds
[2024-02-19T12:40:54.152+0000] {processor.py:153} INFO - Started process (PID=4059) to work on /home/airflow/.local/lib/python3.7/site-packages/airflow/example_dags/example_latest_only.py
[2024-02-19T12:40:54.152+0000] {processor.py:743} INFO - Processing file /home/airflow/.local/lib/python3.7/site-packages/airflow/example_dags/example_latest_only.py for tasks to queue
[2024-02-19T12:40:54.153+0000] {logging_mixin.py:137} INFO - [2024-02-19T12:40:54.153+0000] {dagbag.py:538} INFO - Filling up the DagBag from /home/airflow/.local/lib/python3.7/site-packages/airflow/example_dags/example_latest_only.py
[2024-02-19T12:40:54.160+0000] {processor.py:753} INFO - DAG(s) dict_keys(['latest_only']) retrieved from /home/airflow/.local/lib/python3.7/site-packages/airflow/example_dags/example_latest_only.py
[2024-02-19T12:40:54.177+0000] {logging_mixin.py:137} INFO - [2024-02-19T12:40:54.177+0000] {dag.py:2690} INFO - Sync 1 DAGs
[2024-02-19T12:40:54.192+0000] {logging_mixin.py:137} INFO - [2024-02-19T12:40:54.192+0000] {dag.py:3441} INFO - Setting next_dagrun for latest_only to 2024-02-19T08:40:54.192316+00:00, run_after=2024-02-19T12:40:54.192316+00:00
[2024-02-19T12:40:54.203+0000] {processor.py:175} INFO - Processing /home/airflow/.local/lib/python3.7/site-packages/airflow/example_dags/example_latest_only.py took 0.053 seconds
[2024-02-19T12:41:24.562+0000] {processor.py:153} INFO - Started process (PID=4194) to work on /home/airflow/.local/lib/python3.7/site-packages/airflow/example_dags/example_latest_only.py
[2024-02-19T12:41:24.563+0000] {processor.py:743} INFO - Processing file /home/airflow/.local/lib/python3.7/site-packages/airflow/example_dags/example_latest_only.py for tasks to queue
[2024-02-19T12:41:24.563+0000] {logging_mixin.py:137} INFO - [2024-02-19T12:41:24.563+0000] {dagbag.py:538} INFO - Filling up the DagBag from /home/airflow/.local/lib/python3.7/site-packages/airflow/example_dags/example_latest_only.py
[2024-02-19T12:41:24.570+0000] {processor.py:753} INFO - DAG(s) dict_keys(['latest_only']) retrieved from /home/airflow/.local/lib/python3.7/site-packages/airflow/example_dags/example_latest_only.py
[2024-02-19T12:41:24.582+0000] {logging_mixin.py:137} INFO - [2024-02-19T12:41:24.582+0000] {dag.py:2690} INFO - Sync 1 DAGs
[2024-02-19T12:41:24.596+0000] {logging_mixin.py:137} INFO - [2024-02-19T12:41:24.596+0000] {dag.py:3441} INFO - Setting next_dagrun for latest_only to 2024-02-19T08:41:24.596020+00:00, run_after=2024-02-19T12:41:24.596020+00:00
[2024-02-19T12:41:24.607+0000] {processor.py:175} INFO - Processing /home/airflow/.local/lib/python3.7/site-packages/airflow/example_dags/example_latest_only.py took 0.047 seconds
[2024-02-19T12:41:55.368+0000] {processor.py:153} INFO - Started process (PID=4329) to work on /home/airflow/.local/lib/python3.7/site-packages/airflow/example_dags/example_latest_only.py
[2024-02-19T12:41:55.369+0000] {processor.py:743} INFO - Processing file /home/airflow/.local/lib/python3.7/site-packages/airflow/example_dags/example_latest_only.py for tasks to queue
[2024-02-19T12:41:55.369+0000] {logging_mixin.py:137} INFO - [2024-02-19T12:41:55.369+0000] {dagbag.py:538} INFO - Filling up the DagBag from /home/airflow/.local/lib/python3.7/site-packages/airflow/example_dags/example_latest_only.py
[2024-02-19T12:41:55.377+0000] {processor.py:753} INFO - DAG(s) dict_keys(['latest_only']) retrieved from /home/airflow/.local/lib/python3.7/site-packages/airflow/example_dags/example_latest_only.py
[2024-02-19T12:41:55.390+0000] {logging_mixin.py:137} INFO - [2024-02-19T12:41:55.390+0000] {dag.py:2690} INFO - Sync 1 DAGs
[2024-02-19T12:41:55.404+0000] {logging_mixin.py:137} INFO - [2024-02-19T12:41:55.404+0000] {dag.py:3441} INFO - Setting next_dagrun for latest_only to 2024-02-19T08:41:55.404577+00:00, run_after=2024-02-19T12:41:55.404577+00:00
[2024-02-19T12:41:55.415+0000] {processor.py:175} INFO - Processing /home/airflow/.local/lib/python3.7/site-packages/airflow/example_dags/example_latest_only.py took 0.048 seconds
[2024-02-19T12:42:25.833+0000] {processor.py:153} INFO - Started process (PID=4432) to work on /home/airflow/.local/lib/python3.7/site-packages/airflow/example_dags/example_latest_only.py
[2024-02-19T12:42:25.833+0000] {processor.py:743} INFO - Processing file /home/airflow/.local/lib/python3.7/site-packages/airflow/example_dags/example_latest_only.py for tasks to queue
[2024-02-19T12:42:25.834+0000] {logging_mixin.py:137} INFO - [2024-02-19T12:42:25.833+0000] {dagbag.py:538} INFO - Filling up the DagBag from /home/airflow/.local/lib/python3.7/site-packages/airflow/example_dags/example_latest_only.py
[2024-02-19T12:42:25.841+0000] {processor.py:753} INFO - DAG(s) dict_keys(['latest_only']) retrieved from /home/airflow/.local/lib/python3.7/site-packages/airflow/example_dags/example_latest_only.py
[2024-02-19T12:42:25.854+0000] {logging_mixin.py:137} INFO - [2024-02-19T12:42:25.854+0000] {dag.py:2690} INFO - Sync 1 DAGs
[2024-02-19T12:42:25.869+0000] {logging_mixin.py:137} INFO - [2024-02-19T12:42:25.869+0000] {dag.py:3441} INFO - Setting next_dagrun for latest_only to 2024-02-19T08:42:25.869362+00:00, run_after=2024-02-19T12:42:25.869362+00:00
[2024-02-19T12:42:25.881+0000] {processor.py:175} INFO - Processing /home/airflow/.local/lib/python3.7/site-packages/airflow/example_dags/example_latest_only.py took 0.050 seconds
[2024-02-19T12:42:56.353+0000] {processor.py:153} INFO - Started process (PID=4567) to work on /home/airflow/.local/lib/python3.7/site-packages/airflow/example_dags/example_latest_only.py
[2024-02-19T12:42:56.353+0000] {processor.py:743} INFO - Processing file /home/airflow/.local/lib/python3.7/site-packages/airflow/example_dags/example_latest_only.py for tasks to queue
[2024-02-19T12:42:56.353+0000] {logging_mixin.py:137} INFO - [2024-02-19T12:42:56.353+0000] {dagbag.py:538} INFO - Filling up the DagBag from /home/airflow/.local/lib/python3.7/site-packages/airflow/example_dags/example_latest_only.py
[2024-02-19T12:42:56.361+0000] {processor.py:753} INFO - DAG(s) dict_keys(['latest_only']) retrieved from /home/airflow/.local/lib/python3.7/site-packages/airflow/example_dags/example_latest_only.py
[2024-02-19T12:42:56.373+0000] {logging_mixin.py:137} INFO - [2024-02-19T12:42:56.373+0000] {dag.py:2690} INFO - Sync 1 DAGs
[2024-02-19T12:42:56.387+0000] {logging_mixin.py:137} INFO - [2024-02-19T12:42:56.387+0000] {dag.py:3441} INFO - Setting next_dagrun for latest_only to 2024-02-19T08:42:56.387617+00:00, run_after=2024-02-19T12:42:56.387617+00:00
[2024-02-19T12:42:56.398+0000] {processor.py:175} INFO - Processing /home/airflow/.local/lib/python3.7/site-packages/airflow/example_dags/example_latest_only.py took 0.047 seconds
[2024-02-19T12:43:27.165+0000] {processor.py:153} INFO - Started process (PID=4702) to work on /home/airflow/.local/lib/python3.7/site-packages/airflow/example_dags/example_latest_only.py
[2024-02-19T12:43:27.166+0000] {processor.py:743} INFO - Processing file /home/airflow/.local/lib/python3.7/site-packages/airflow/example_dags/example_latest_only.py for tasks to queue
[2024-02-19T12:43:27.166+0000] {logging_mixin.py:137} INFO - [2024-02-19T12:43:27.166+0000] {dagbag.py:538} INFO - Filling up the DagBag from /home/airflow/.local/lib/python3.7/site-packages/airflow/example_dags/example_latest_only.py
[2024-02-19T12:43:27.173+0000] {processor.py:753} INFO - DAG(s) dict_keys(['latest_only']) retrieved from /home/airflow/.local/lib/python3.7/site-packages/airflow/example_dags/example_latest_only.py
[2024-02-19T12:43:27.188+0000] {logging_mixin.py:137} INFO - [2024-02-19T12:43:27.188+0000] {dag.py:2690} INFO - Sync 1 DAGs
[2024-02-19T12:43:27.203+0000] {logging_mixin.py:137} INFO - [2024-02-19T12:43:27.203+0000] {dag.py:3441} INFO - Setting next_dagrun for latest_only to 2024-02-19T08:43:27.203179+00:00, run_after=2024-02-19T12:43:27.203179+00:00
[2024-02-19T12:43:27.214+0000] {processor.py:175} INFO - Processing /home/airflow/.local/lib/python3.7/site-packages/airflow/example_dags/example_latest_only.py took 0.051 seconds
[2024-02-19T12:43:57.612+0000] {processor.py:153} INFO - Started process (PID=4805) to work on /home/airflow/.local/lib/python3.7/site-packages/airflow/example_dags/example_latest_only.py
[2024-02-19T12:43:57.612+0000] {processor.py:743} INFO - Processing file /home/airflow/.local/lib/python3.7/site-packages/airflow/example_dags/example_latest_only.py for tasks to queue
[2024-02-19T12:43:57.613+0000] {logging_mixin.py:137} INFO - [2024-02-19T12:43:57.612+0000] {dagbag.py:538} INFO - Filling up the DagBag from /home/airflow/.local/lib/python3.7/site-packages/airflow/example_dags/example_latest_only.py
[2024-02-19T12:43:57.620+0000] {processor.py:753} INFO - DAG(s) dict_keys(['latest_only']) retrieved from /home/airflow/.local/lib/python3.7/site-packages/airflow/example_dags/example_latest_only.py
[2024-02-19T12:43:57.633+0000] {logging_mixin.py:137} INFO - [2024-02-19T12:43:57.633+0000] {dag.py:2690} INFO - Sync 1 DAGs
[2024-02-19T12:43:57.647+0000] {logging_mixin.py:137} INFO - [2024-02-19T12:43:57.647+0000] {dag.py:3441} INFO - Setting next_dagrun for latest_only to 2024-02-19T08:43:57.647312+00:00, run_after=2024-02-19T12:43:57.647312+00:00
[2024-02-19T12:43:57.658+0000] {processor.py:175} INFO - Processing /home/airflow/.local/lib/python3.7/site-packages/airflow/example_dags/example_latest_only.py took 0.048 seconds
[2024-02-19T12:44:28.128+0000] {processor.py:153} INFO - Started process (PID=4939) to work on /home/airflow/.local/lib/python3.7/site-packages/airflow/example_dags/example_latest_only.py
[2024-02-19T12:44:28.128+0000] {processor.py:743} INFO - Processing file /home/airflow/.local/lib/python3.7/site-packages/airflow/example_dags/example_latest_only.py for tasks to queue
[2024-02-19T12:44:28.128+0000] {logging_mixin.py:137} INFO - [2024-02-19T12:44:28.128+0000] {dagbag.py:538} INFO - Filling up the DagBag from /home/airflow/.local/lib/python3.7/site-packages/airflow/example_dags/example_latest_only.py
[2024-02-19T12:44:28.136+0000] {processor.py:753} INFO - DAG(s) dict_keys(['latest_only']) retrieved from /home/airflow/.local/lib/python3.7/site-packages/airflow/example_dags/example_latest_only.py
[2024-02-19T12:44:28.150+0000] {logging_mixin.py:137} INFO - [2024-02-19T12:44:28.150+0000] {dag.py:2690} INFO - Sync 1 DAGs
[2024-02-19T12:44:28.165+0000] {logging_mixin.py:137} INFO - [2024-02-19T12:44:28.165+0000] {dag.py:3441} INFO - Setting next_dagrun for latest_only to 2024-02-19T08:44:28.165046+00:00, run_after=2024-02-19T12:44:28.165046+00:00
[2024-02-19T12:44:28.175+0000] {processor.py:175} INFO - Processing /home/airflow/.local/lib/python3.7/site-packages/airflow/example_dags/example_latest_only.py took 0.049 seconds
[2024-02-19T12:44:58.899+0000] {processor.py:153} INFO - Started process (PID=5074) to work on /home/airflow/.local/lib/python3.7/site-packages/airflow/example_dags/example_latest_only.py
[2024-02-19T12:44:58.900+0000] {processor.py:743} INFO - Processing file /home/airflow/.local/lib/python3.7/site-packages/airflow/example_dags/example_latest_only.py for tasks to queue
[2024-02-19T12:44:58.900+0000] {logging_mixin.py:137} INFO - [2024-02-19T12:44:58.900+0000] {dagbag.py:538} INFO - Filling up the DagBag from /home/airflow/.local/lib/python3.7/site-packages/airflow/example_dags/example_latest_only.py
[2024-02-19T12:44:58.908+0000] {processor.py:753} INFO - DAG(s) dict_keys(['latest_only']) retrieved from /home/airflow/.local/lib/python3.7/site-packages/airflow/example_dags/example_latest_only.py
[2024-02-19T12:44:58.922+0000] {logging_mixin.py:137} INFO - [2024-02-19T12:44:58.922+0000] {dag.py:2690} INFO - Sync 1 DAGs
[2024-02-19T12:44:58.936+0000] {logging_mixin.py:137} INFO - [2024-02-19T12:44:58.936+0000] {dag.py:3441} INFO - Setting next_dagrun for latest_only to 2024-02-19T08:44:58.936517+00:00, run_after=2024-02-19T12:44:58.936517+00:00
[2024-02-19T12:44:58.947+0000] {processor.py:175} INFO - Processing /home/airflow/.local/lib/python3.7/site-packages/airflow/example_dags/example_latest_only.py took 0.050 seconds
[2024-02-19T12:45:29.440+0000] {processor.py:153} INFO - Started process (PID=5177) to work on /home/airflow/.local/lib/python3.7/site-packages/airflow/example_dags/example_latest_only.py
[2024-02-19T12:45:29.440+0000] {processor.py:743} INFO - Processing file /home/airflow/.local/lib/python3.7/site-packages/airflow/example_dags/example_latest_only.py for tasks to queue
[2024-02-19T12:45:29.441+0000] {logging_mixin.py:137} INFO - [2024-02-19T12:45:29.441+0000] {dagbag.py:538} INFO - Filling up the DagBag from /home/airflow/.local/lib/python3.7/site-packages/airflow/example_dags/example_latest_only.py
[2024-02-19T12:45:29.448+0000] {processor.py:753} INFO - DAG(s) dict_keys(['latest_only']) retrieved from /home/airflow/.local/lib/python3.7/site-packages/airflow/example_dags/example_latest_only.py
[2024-02-19T12:45:29.462+0000] {logging_mixin.py:137} INFO - [2024-02-19T12:45:29.462+0000] {dag.py:2690} INFO - Sync 1 DAGs
[2024-02-19T12:45:29.478+0000] {logging_mixin.py:137} INFO - [2024-02-19T12:45:29.478+0000] {dag.py:3441} INFO - Setting next_dagrun for latest_only to 2024-02-19T08:45:29.477927+00:00, run_after=2024-02-19T12:45:29.477927+00:00
[2024-02-19T12:45:29.489+0000] {processor.py:175} INFO - Processing /home/airflow/.local/lib/python3.7/site-packages/airflow/example_dags/example_latest_only.py took 0.052 seconds
[2024-02-19T12:45:59.880+0000] {processor.py:153} INFO - Started process (PID=5312) to work on /home/airflow/.local/lib/python3.7/site-packages/airflow/example_dags/example_latest_only.py
[2024-02-19T12:45:59.880+0000] {processor.py:743} INFO - Processing file /home/airflow/.local/lib/python3.7/site-packages/airflow/example_dags/example_latest_only.py for tasks to queue
[2024-02-19T12:45:59.880+0000] {logging_mixin.py:137} INFO - [2024-02-19T12:45:59.880+0000] {dagbag.py:538} INFO - Filling up the DagBag from /home/airflow/.local/lib/python3.7/site-packages/airflow/example_dags/example_latest_only.py
[2024-02-19T12:45:59.888+0000] {processor.py:753} INFO - DAG(s) dict_keys(['latest_only']) retrieved from /home/airflow/.local/lib/python3.7/site-packages/airflow/example_dags/example_latest_only.py
[2024-02-19T12:45:59.902+0000] {logging_mixin.py:137} INFO - [2024-02-19T12:45:59.902+0000] {dag.py:2690} INFO - Sync 1 DAGs
[2024-02-19T12:45:59.915+0000] {logging_mixin.py:137} INFO - [2024-02-19T12:45:59.915+0000] {dag.py:3441} INFO - Setting next_dagrun for latest_only to 2024-02-19T08:45:59.915743+00:00, run_after=2024-02-19T12:45:59.915743+00:00
[2024-02-19T12:45:59.927+0000] {processor.py:175} INFO - Processing /home/airflow/.local/lib/python3.7/site-packages/airflow/example_dags/example_latest_only.py took 0.050 seconds
[2024-02-19T12:46:30.619+0000] {processor.py:153} INFO - Started process (PID=5447) to work on /home/airflow/.local/lib/python3.7/site-packages/airflow/example_dags/example_latest_only.py
[2024-02-19T12:46:30.619+0000] {processor.py:743} INFO - Processing file /home/airflow/.local/lib/python3.7/site-packages/airflow/example_dags/example_latest_only.py for tasks to queue
[2024-02-19T12:46:30.620+0000] {logging_mixin.py:137} INFO - [2024-02-19T12:46:30.620+0000] {dagbag.py:538} INFO - Filling up the DagBag from /home/airflow/.local/lib/python3.7/site-packages/airflow/example_dags/example_latest_only.py
[2024-02-19T12:46:30.627+0000] {processor.py:753} INFO - DAG(s) dict_keys(['latest_only']) retrieved from /home/airflow/.local/lib/python3.7/site-packages/airflow/example_dags/example_latest_only.py
[2024-02-19T12:46:30.642+0000] {logging_mixin.py:137} INFO - [2024-02-19T12:46:30.642+0000] {dag.py:2690} INFO - Sync 1 DAGs
[2024-02-19T12:46:30.656+0000] {logging_mixin.py:137} INFO - [2024-02-19T12:46:30.656+0000] {dag.py:3441} INFO - Setting next_dagrun for latest_only to 2024-02-19T08:46:30.656562+00:00, run_after=2024-02-19T12:46:30.656562+00:00
[2024-02-19T12:46:30.668+0000] {processor.py:175} INFO - Processing /home/airflow/.local/lib/python3.7/site-packages/airflow/example_dags/example_latest_only.py took 0.051 seconds
[2024-02-19T12:47:01.066+0000] {processor.py:153} INFO - Started process (PID=5550) to work on /home/airflow/.local/lib/python3.7/site-packages/airflow/example_dags/example_latest_only.py
[2024-02-19T12:47:01.066+0000] {processor.py:743} INFO - Processing file /home/airflow/.local/lib/python3.7/site-packages/airflow/example_dags/example_latest_only.py for tasks to queue
[2024-02-19T12:47:01.067+0000] {logging_mixin.py:137} INFO - [2024-02-19T12:47:01.067+0000] {dagbag.py:538} INFO - Filling up the DagBag from /home/airflow/.local/lib/python3.7/site-packages/airflow/example_dags/example_latest_only.py
[2024-02-19T12:47:01.074+0000] {processor.py:753} INFO - DAG(s) dict_keys(['latest_only']) retrieved from /home/airflow/.local/lib/python3.7/site-packages/airflow/example_dags/example_latest_only.py
[2024-02-19T12:47:01.088+0000] {logging_mixin.py:137} INFO - [2024-02-19T12:47:01.088+0000] {dag.py:2690} INFO - Sync 1 DAGs
[2024-02-19T12:47:01.103+0000] {logging_mixin.py:137} INFO - [2024-02-19T12:47:01.103+0000] {dag.py:3441} INFO - Setting next_dagrun for latest_only to 2024-02-19T08:47:01.103140+00:00, run_after=2024-02-19T12:47:01.103140+00:00
[2024-02-19T12:47:01.115+0000] {processor.py:175} INFO - Processing /home/airflow/.local/lib/python3.7/site-packages/airflow/example_dags/example_latest_only.py took 0.051 seconds
[2024-02-19T12:47:31.527+0000] {processor.py:153} INFO - Started process (PID=5685) to work on /home/airflow/.local/lib/python3.7/site-packages/airflow/example_dags/example_latest_only.py
[2024-02-19T12:47:31.527+0000] {processor.py:743} INFO - Processing file /home/airflow/.local/lib/python3.7/site-packages/airflow/example_dags/example_latest_only.py for tasks to queue
[2024-02-19T12:47:31.527+0000] {logging_mixin.py:137} INFO - [2024-02-19T12:47:31.527+0000] {dagbag.py:538} INFO - Filling up the DagBag from /home/airflow/.local/lib/python3.7/site-packages/airflow/example_dags/example_latest_only.py
[2024-02-19T12:47:31.535+0000] {processor.py:753} INFO - DAG(s) dict_keys(['latest_only']) retrieved from /home/airflow/.local/lib/python3.7/site-packages/airflow/example_dags/example_latest_only.py
[2024-02-19T12:47:31.548+0000] {logging_mixin.py:137} INFO - [2024-02-19T12:47:31.548+0000] {dag.py:2690} INFO - Sync 1 DAGs
[2024-02-19T12:47:31.563+0000] {logging_mixin.py:137} INFO - [2024-02-19T12:47:31.563+0000] {dag.py:3441} INFO - Setting next_dagrun for latest_only to 2024-02-19T08:47:31.563244+00:00, run_after=2024-02-19T12:47:31.563244+00:00
[2024-02-19T12:47:31.575+0000] {processor.py:175} INFO - Processing /home/airflow/.local/lib/python3.7/site-packages/airflow/example_dags/example_latest_only.py took 0.050 seconds
[2024-02-19T12:48:02.176+0000] {processor.py:153} INFO - Started process (PID=5820) to work on /home/airflow/.local/lib/python3.7/site-packages/airflow/example_dags/example_latest_only.py
[2024-02-19T12:48:02.176+0000] {processor.py:743} INFO - Processing file /home/airflow/.local/lib/python3.7/site-packages/airflow/example_dags/example_latest_only.py for tasks to queue
[2024-02-19T12:48:02.177+0000] {logging_mixin.py:137} INFO - [2024-02-19T12:48:02.177+0000] {dagbag.py:538} INFO - Filling up the DagBag from /home/airflow/.local/lib/python3.7/site-packages/airflow/example_dags/example_latest_only.py
[2024-02-19T12:48:02.185+0000] {processor.py:753} INFO - DAG(s) dict_keys(['latest_only']) retrieved from /home/airflow/.local/lib/python3.7/site-packages/airflow/example_dags/example_latest_only.py
[2024-02-19T12:48:02.200+0000] {logging_mixin.py:137} INFO - [2024-02-19T12:48:02.199+0000] {dag.py:2690} INFO - Sync 1 DAGs
[2024-02-19T12:48:02.214+0000] {logging_mixin.py:137} INFO - [2024-02-19T12:48:02.214+0000] {dag.py:3441} INFO - Setting next_dagrun for latest_only to 2024-02-19T08:48:02.214609+00:00, run_after=2024-02-19T12:48:02.214609+00:00
[2024-02-19T12:48:02.227+0000] {processor.py:175} INFO - Processing /home/airflow/.local/lib/python3.7/site-packages/airflow/example_dags/example_latest_only.py took 0.053 seconds
[2024-02-19T12:48:32.759+0000] {processor.py:153} INFO - Started process (PID=5923) to work on /home/airflow/.local/lib/python3.7/site-packages/airflow/example_dags/example_latest_only.py
[2024-02-19T12:48:32.759+0000] {processor.py:743} INFO - Processing file /home/airflow/.local/lib/python3.7/site-packages/airflow/example_dags/example_latest_only.py for tasks to queue
[2024-02-19T12:48:32.760+0000] {logging_mixin.py:137} INFO - [2024-02-19T12:48:32.760+0000] {dagbag.py:538} INFO - Filling up the DagBag from /home/airflow/.local/lib/python3.7/site-packages/airflow/example_dags/example_latest_only.py
[2024-02-19T12:48:32.767+0000] {processor.py:753} INFO - DAG(s) dict_keys(['latest_only']) retrieved from /home/airflow/.local/lib/python3.7/site-packages/airflow/example_dags/example_latest_only.py
[2024-02-19T12:48:32.780+0000] {logging_mixin.py:137} INFO - [2024-02-19T12:48:32.780+0000] {dag.py:2690} INFO - Sync 1 DAGs
[2024-02-19T12:48:32.794+0000] {logging_mixin.py:137} INFO - [2024-02-19T12:48:32.794+0000] {dag.py:3441} INFO - Setting next_dagrun for latest_only to 2024-02-19T08:48:32.794228+00:00, run_after=2024-02-19T12:48:32.794228+00:00
[2024-02-19T12:48:32.807+0000] {processor.py:175} INFO - Processing /home/airflow/.local/lib/python3.7/site-packages/airflow/example_dags/example_latest_only.py took 0.050 seconds
[2024-02-19T12:49:03.293+0000] {processor.py:153} INFO - Started process (PID=6058) to work on /home/airflow/.local/lib/python3.7/site-packages/airflow/example_dags/example_latest_only.py
[2024-02-19T12:49:03.294+0000] {processor.py:743} INFO - Processing file /home/airflow/.local/lib/python3.7/site-packages/airflow/example_dags/example_latest_only.py for tasks to queue
[2024-02-19T12:49:03.294+0000] {logging_mixin.py:137} INFO - [2024-02-19T12:49:03.294+0000] {dagbag.py:538} INFO - Filling up the DagBag from /home/airflow/.local/lib/python3.7/site-packages/airflow/example_dags/example_latest_only.py
[2024-02-19T12:49:03.302+0000] {processor.py:753} INFO - DAG(s) dict_keys(['latest_only']) retrieved from /home/airflow/.local/lib/python3.7/site-packages/airflow/example_dags/example_latest_only.py
[2024-02-19T12:49:03.317+0000] {logging_mixin.py:137} INFO - [2024-02-19T12:49:03.317+0000] {dag.py:2690} INFO - Sync 1 DAGs
[2024-02-19T12:49:03.334+0000] {logging_mixin.py:137} INFO - [2024-02-19T12:49:03.333+0000] {dag.py:3441} INFO - Setting next_dagrun for latest_only to 2024-02-19T08:49:03.333817+00:00, run_after=2024-02-19T12:49:03.333817+00:00
[2024-02-19T12:49:03.345+0000] {processor.py:175} INFO - Processing /home/airflow/.local/lib/python3.7/site-packages/airflow/example_dags/example_latest_only.py took 0.054 seconds
[2024-02-19T12:49:34.034+0000] {processor.py:153} INFO - Started process (PID=6193) to work on /home/airflow/.local/lib/python3.7/site-packages/airflow/example_dags/example_latest_only.py
[2024-02-19T12:49:34.035+0000] {processor.py:743} INFO - Processing file /home/airflow/.local/lib/python3.7/site-packages/airflow/example_dags/example_latest_only.py for tasks to queue
[2024-02-19T12:49:34.035+0000] {logging_mixin.py:137} INFO - [2024-02-19T12:49:34.035+0000] {dagbag.py:538} INFO - Filling up the DagBag from /home/airflow/.local/lib/python3.7/site-packages/airflow/example_dags/example_latest_only.py
[2024-02-19T12:49:34.043+0000] {processor.py:753} INFO - DAG(s) dict_keys(['latest_only']) retrieved from /home/airflow/.local/lib/python3.7/site-packages/airflow/example_dags/example_latest_only.py
[2024-02-19T12:49:34.056+0000] {logging_mixin.py:137} INFO - [2024-02-19T12:49:34.056+0000] {dag.py:2690} INFO - Sync 1 DAGs
[2024-02-19T12:49:34.070+0000] {logging_mixin.py:137} INFO - [2024-02-19T12:49:34.070+0000] {dag.py:3441} INFO - Setting next_dagrun for latest_only to 2024-02-19T08:49:34.070452+00:00, run_after=2024-02-19T12:49:34.070452+00:00
[2024-02-19T12:49:34.081+0000] {processor.py:175} INFO - Processing /home/airflow/.local/lib/python3.7/site-packages/airflow/example_dags/example_latest_only.py took 0.048 seconds
[2024-02-19T12:50:04.569+0000] {processor.py:153} INFO - Started process (PID=6296) to work on /home/airflow/.local/lib/python3.7/site-packages/airflow/example_dags/example_latest_only.py
[2024-02-19T12:50:04.570+0000] {processor.py:743} INFO - Processing file /home/airflow/.local/lib/python3.7/site-packages/airflow/example_dags/example_latest_only.py for tasks to queue
[2024-02-19T12:50:04.570+0000] {logging_mixin.py:137} INFO - [2024-02-19T12:50:04.570+0000] {dagbag.py:538} INFO - Filling up the DagBag from /home/airflow/.local/lib/python3.7/site-packages/airflow/example_dags/example_latest_only.py
[2024-02-19T12:50:04.578+0000] {processor.py:753} INFO - DAG(s) dict_keys(['latest_only']) retrieved from /home/airflow/.local/lib/python3.7/site-packages/airflow/example_dags/example_latest_only.py
[2024-02-19T12:50:04.592+0000] {logging_mixin.py:137} INFO - [2024-02-19T12:50:04.592+0000] {dag.py:2690} INFO - Sync 1 DAGs
[2024-02-19T12:50:04.607+0000] {logging_mixin.py:137} INFO - [2024-02-19T12:50:04.607+0000] {dag.py:3441} INFO - Setting next_dagrun for latest_only to 2024-02-19T08:50:04.607319+00:00, run_after=2024-02-19T12:50:04.607319+00:00
[2024-02-19T12:50:04.621+0000] {processor.py:175} INFO - Processing /home/airflow/.local/lib/python3.7/site-packages/airflow/example_dags/example_latest_only.py took 0.054 seconds
[2024-02-19T12:50:35.025+0000] {processor.py:153} INFO - Started process (PID=6431) to work on /home/airflow/.local/lib/python3.7/site-packages/airflow/example_dags/example_latest_only.py
[2024-02-19T12:50:35.025+0000] {processor.py:743} INFO - Processing file /home/airflow/.local/lib/python3.7/site-packages/airflow/example_dags/example_latest_only.py for tasks to queue
[2024-02-19T12:50:35.026+0000] {logging_mixin.py:137} INFO - [2024-02-19T12:50:35.026+0000] {dagbag.py:538} INFO - Filling up the DagBag from /home/airflow/.local/lib/python3.7/site-packages/airflow/example_dags/example_latest_only.py
[2024-02-19T12:50:35.033+0000] {processor.py:753} INFO - DAG(s) dict_keys(['latest_only']) retrieved from /home/airflow/.local/lib/python3.7/site-packages/airflow/example_dags/example_latest_only.py
[2024-02-19T12:50:35.048+0000] {logging_mixin.py:137} INFO - [2024-02-19T12:50:35.048+0000] {dag.py:2690} INFO - Sync 1 DAGs
[2024-02-19T12:50:35.064+0000] {logging_mixin.py:137} INFO - [2024-02-19T12:50:35.064+0000] {dag.py:3441} INFO - Setting next_dagrun for latest_only to 2024-02-19T08:50:35.064434+00:00, run_after=2024-02-19T12:50:35.064434+00:00
[2024-02-19T12:50:35.076+0000] {processor.py:175} INFO - Processing /home/airflow/.local/lib/python3.7/site-packages/airflow/example_dags/example_latest_only.py took 0.053 seconds
[2024-02-19T12:51:05.812+0000] {processor.py:153} INFO - Started process (PID=6542) to work on /home/airflow/.local/lib/python3.7/site-packages/airflow/example_dags/example_latest_only.py
[2024-02-19T12:51:05.813+0000] {processor.py:743} INFO - Processing file /home/airflow/.local/lib/python3.7/site-packages/airflow/example_dags/example_latest_only.py for tasks to queue
[2024-02-19T12:51:05.813+0000] {logging_mixin.py:137} INFO - [2024-02-19T12:51:05.813+0000] {dagbag.py:538} INFO - Filling up the DagBag from /home/airflow/.local/lib/python3.7/site-packages/airflow/example_dags/example_latest_only.py
[2024-02-19T12:51:05.824+0000] {processor.py:753} INFO - DAG(s) dict_keys(['latest_only']) retrieved from /home/airflow/.local/lib/python3.7/site-packages/airflow/example_dags/example_latest_only.py
[2024-02-19T12:51:05.845+0000] {logging_mixin.py:137} INFO - [2024-02-19T12:51:05.845+0000] {dag.py:2690} INFO - Sync 1 DAGs
[2024-02-19T12:51:05.867+0000] {logging_mixin.py:137} INFO - [2024-02-19T12:51:05.867+0000] {dag.py:3441} INFO - Setting next_dagrun for latest_only to 2024-02-19T08:51:05.867133+00:00, run_after=2024-02-19T12:51:05.867133+00:00
[2024-02-19T12:51:05.883+0000] {processor.py:175} INFO - Processing /home/airflow/.local/lib/python3.7/site-packages/airflow/example_dags/example_latest_only.py took 0.073 seconds
[2024-02-19T12:51:36.551+0000] {processor.py:153} INFO - Started process (PID=6668) to work on /home/airflow/.local/lib/python3.7/site-packages/airflow/example_dags/example_latest_only.py
[2024-02-19T12:51:36.552+0000] {processor.py:743} INFO - Processing file /home/airflow/.local/lib/python3.7/site-packages/airflow/example_dags/example_latest_only.py for tasks to queue
[2024-02-19T12:51:36.552+0000] {logging_mixin.py:137} INFO - [2024-02-19T12:51:36.552+0000] {dagbag.py:538} INFO - Filling up the DagBag from /home/airflow/.local/lib/python3.7/site-packages/airflow/example_dags/example_latest_only.py
[2024-02-19T12:51:36.561+0000] {processor.py:753} INFO - DAG(s) dict_keys(['latest_only']) retrieved from /home/airflow/.local/lib/python3.7/site-packages/airflow/example_dags/example_latest_only.py
[2024-02-19T12:51:36.578+0000] {logging_mixin.py:137} INFO - [2024-02-19T12:51:36.578+0000] {dag.py:2690} INFO - Sync 1 DAGs
[2024-02-19T12:51:36.597+0000] {logging_mixin.py:137} INFO - [2024-02-19T12:51:36.596+0000] {dag.py:3441} INFO - Setting next_dagrun for latest_only to 2024-02-19T08:51:36.596803+00:00, run_after=2024-02-19T12:51:36.596803+00:00
[2024-02-19T12:51:36.613+0000] {processor.py:175} INFO - Processing /home/airflow/.local/lib/python3.7/site-packages/airflow/example_dags/example_latest_only.py took 0.064 seconds
[2024-02-19T12:52:07.910+0000] {processor.py:153} INFO - Started process (PID=6803) to work on /home/airflow/.local/lib/python3.7/site-packages/airflow/example_dags/example_latest_only.py
[2024-02-19T12:52:07.911+0000] {processor.py:743} INFO - Processing file /home/airflow/.local/lib/python3.7/site-packages/airflow/example_dags/example_latest_only.py for tasks to queue
[2024-02-19T12:52:07.911+0000] {logging_mixin.py:137} INFO - [2024-02-19T12:52:07.911+0000] {dagbag.py:538} INFO - Filling up the DagBag from /home/airflow/.local/lib/python3.7/site-packages/airflow/example_dags/example_latest_only.py
[2024-02-19T12:52:07.925+0000] {processor.py:753} INFO - DAG(s) dict_keys(['latest_only']) retrieved from /home/airflow/.local/lib/python3.7/site-packages/airflow/example_dags/example_latest_only.py
[2024-02-19T12:52:07.949+0000] {logging_mixin.py:137} INFO - [2024-02-19T12:52:07.948+0000] {dag.py:2690} INFO - Sync 1 DAGs
[2024-02-19T12:52:07.974+0000] {logging_mixin.py:137} INFO - [2024-02-19T12:52:07.974+0000] {dag.py:3441} INFO - Setting next_dagrun for latest_only to 2024-02-19T08:52:07.974326+00:00, run_after=2024-02-19T12:52:07.974326+00:00
[2024-02-19T12:52:07.994+0000] {processor.py:175} INFO - Processing /home/airflow/.local/lib/python3.7/site-packages/airflow/example_dags/example_latest_only.py took 0.087 seconds
[2024-02-19T12:52:38.606+0000] {processor.py:153} INFO - Started process (PID=6906) to work on /home/airflow/.local/lib/python3.7/site-packages/airflow/example_dags/example_latest_only.py
[2024-02-19T12:52:38.607+0000] {processor.py:743} INFO - Processing file /home/airflow/.local/lib/python3.7/site-packages/airflow/example_dags/example_latest_only.py for tasks to queue
[2024-02-19T12:52:38.607+0000] {logging_mixin.py:137} INFO - [2024-02-19T12:52:38.607+0000] {dagbag.py:538} INFO - Filling up the DagBag from /home/airflow/.local/lib/python3.7/site-packages/airflow/example_dags/example_latest_only.py
[2024-02-19T12:52:38.617+0000] {processor.py:753} INFO - DAG(s) dict_keys(['latest_only']) retrieved from /home/airflow/.local/lib/python3.7/site-packages/airflow/example_dags/example_latest_only.py
[2024-02-19T12:52:38.635+0000] {logging_mixin.py:137} INFO - [2024-02-19T12:52:38.635+0000] {dag.py:2690} INFO - Sync 1 DAGs
[2024-02-19T12:52:38.654+0000] {logging_mixin.py:137} INFO - [2024-02-19T12:52:38.654+0000] {dag.py:3441} INFO - Setting next_dagrun for latest_only to 2024-02-19T08:52:38.654446+00:00, run_after=2024-02-19T12:52:38.654446+00:00
[2024-02-19T12:52:38.669+0000] {processor.py:175} INFO - Processing /home/airflow/.local/lib/python3.7/site-packages/airflow/example_dags/example_latest_only.py took 0.066 seconds
[2024-02-19T12:53:09.516+0000] {processor.py:153} INFO - Started process (PID=7041) to work on /home/airflow/.local/lib/python3.7/site-packages/airflow/example_dags/example_latest_only.py
[2024-02-19T12:53:09.516+0000] {processor.py:743} INFO - Processing file /home/airflow/.local/lib/python3.7/site-packages/airflow/example_dags/example_latest_only.py for tasks to queue
[2024-02-19T12:53:09.517+0000] {logging_mixin.py:137} INFO - [2024-02-19T12:53:09.517+0000] {dagbag.py:538} INFO - Filling up the DagBag from /home/airflow/.local/lib/python3.7/site-packages/airflow/example_dags/example_latest_only.py
[2024-02-19T12:53:09.526+0000] {processor.py:753} INFO - DAG(s) dict_keys(['latest_only']) retrieved from /home/airflow/.local/lib/python3.7/site-packages/airflow/example_dags/example_latest_only.py
[2024-02-19T12:53:09.542+0000] {logging_mixin.py:137} INFO - [2024-02-19T12:53:09.542+0000] {dag.py:2690} INFO - Sync 1 DAGs
[2024-02-19T12:53:09.560+0000] {logging_mixin.py:137} INFO - [2024-02-19T12:53:09.560+0000] {dag.py:3441} INFO - Setting next_dagrun for latest_only to 2024-02-19T08:53:09.560705+00:00, run_after=2024-02-19T12:53:09.560705+00:00
[2024-02-19T12:53:09.576+0000] {processor.py:175} INFO - Processing /home/airflow/.local/lib/python3.7/site-packages/airflow/example_dags/example_latest_only.py took 0.062 seconds
[2024-02-19T12:53:40.414+0000] {processor.py:153} INFO - Started process (PID=7177) to work on /home/airflow/.local/lib/python3.7/site-packages/airflow/example_dags/example_latest_only.py
[2024-02-19T12:53:40.416+0000] {processor.py:743} INFO - Processing file /home/airflow/.local/lib/python3.7/site-packages/airflow/example_dags/example_latest_only.py for tasks to queue
[2024-02-19T12:53:40.417+0000] {logging_mixin.py:137} INFO - [2024-02-19T12:53:40.416+0000] {dagbag.py:538} INFO - Filling up the DagBag from /home/airflow/.local/lib/python3.7/site-packages/airflow/example_dags/example_latest_only.py
[2024-02-19T12:53:40.432+0000] {processor.py:753} INFO - DAG(s) dict_keys(['latest_only']) retrieved from /home/airflow/.local/lib/python3.7/site-packages/airflow/example_dags/example_latest_only.py
[2024-02-19T12:53:40.475+0000] {logging_mixin.py:137} INFO - [2024-02-19T12:53:40.475+0000] {dag.py:2690} INFO - Sync 1 DAGs
[2024-02-19T12:53:40.511+0000] {logging_mixin.py:137} INFO - [2024-02-19T12:53:40.511+0000] {dag.py:3441} INFO - Setting next_dagrun for latest_only to 2024-02-19T08:53:40.511315+00:00, run_after=2024-02-19T12:53:40.511315+00:00
[2024-02-19T12:53:40.542+0000] {processor.py:175} INFO - Processing /home/airflow/.local/lib/python3.7/site-packages/airflow/example_dags/example_latest_only.py took 0.132 seconds
[2024-02-19T12:54:11.359+0000] {processor.py:153} INFO - Started process (PID=7280) to work on /home/airflow/.local/lib/python3.7/site-packages/airflow/example_dags/example_latest_only.py
[2024-02-19T12:54:11.360+0000] {processor.py:743} INFO - Processing file /home/airflow/.local/lib/python3.7/site-packages/airflow/example_dags/example_latest_only.py for tasks to queue
[2024-02-19T12:54:11.360+0000] {logging_mixin.py:137} INFO - [2024-02-19T12:54:11.360+0000] {dagbag.py:538} INFO - Filling up the DagBag from /home/airflow/.local/lib/python3.7/site-packages/airflow/example_dags/example_latest_only.py
[2024-02-19T12:54:11.370+0000] {processor.py:753} INFO - DAG(s) dict_keys(['latest_only']) retrieved from /home/airflow/.local/lib/python3.7/site-packages/airflow/example_dags/example_latest_only.py
[2024-02-19T12:54:11.386+0000] {logging_mixin.py:137} INFO - [2024-02-19T12:54:11.386+0000] {dag.py:2690} INFO - Sync 1 DAGs
[2024-02-19T12:54:11.404+0000] {logging_mixin.py:137} INFO - [2024-02-19T12:54:11.404+0000] {dag.py:3441} INFO - Setting next_dagrun for latest_only to 2024-02-19T08:54:11.404618+00:00, run_after=2024-02-19T12:54:11.404618+00:00
[2024-02-19T12:54:11.419+0000] {processor.py:175} INFO - Processing /home/airflow/.local/lib/python3.7/site-packages/airflow/example_dags/example_latest_only.py took 0.062 seconds
[2024-02-19T12:54:41.528+0000] {processor.py:153} INFO - Started process (PID=7415) to work on /home/airflow/.local/lib/python3.7/site-packages/airflow/example_dags/example_latest_only.py
[2024-02-19T12:54:41.528+0000] {processor.py:743} INFO - Processing file /home/airflow/.local/lib/python3.7/site-packages/airflow/example_dags/example_latest_only.py for tasks to queue
[2024-02-19T12:54:41.529+0000] {logging_mixin.py:137} INFO - [2024-02-19T12:54:41.528+0000] {dagbag.py:538} INFO - Filling up the DagBag from /home/airflow/.local/lib/python3.7/site-packages/airflow/example_dags/example_latest_only.py
[2024-02-19T12:54:41.538+0000] {processor.py:753} INFO - DAG(s) dict_keys(['latest_only']) retrieved from /home/airflow/.local/lib/python3.7/site-packages/airflow/example_dags/example_latest_only.py
[2024-02-19T12:54:41.556+0000] {logging_mixin.py:137} INFO - [2024-02-19T12:54:41.556+0000] {dag.py:2690} INFO - Sync 1 DAGs
[2024-02-19T12:54:41.576+0000] {logging_mixin.py:137} INFO - [2024-02-19T12:54:41.576+0000] {dag.py:3441} INFO - Setting next_dagrun for latest_only to 2024-02-19T08:54:41.576318+00:00, run_after=2024-02-19T12:54:41.576318+00:00
[2024-02-19T12:54:41.591+0000] {processor.py:175} INFO - Processing /home/airflow/.local/lib/python3.7/site-packages/airflow/example_dags/example_latest_only.py took 0.065 seconds
[2024-02-19T12:55:12.234+0000] {processor.py:153} INFO - Started process (PID=7525) to work on /home/airflow/.local/lib/python3.7/site-packages/airflow/example_dags/example_latest_only.py
[2024-02-19T12:55:12.234+0000] {processor.py:743} INFO - Processing file /home/airflow/.local/lib/python3.7/site-packages/airflow/example_dags/example_latest_only.py for tasks to queue
[2024-02-19T12:55:12.235+0000] {logging_mixin.py:137} INFO - [2024-02-19T12:55:12.235+0000] {dagbag.py:538} INFO - Filling up the DagBag from /home/airflow/.local/lib/python3.7/site-packages/airflow/example_dags/example_latest_only.py
[2024-02-19T12:55:12.245+0000] {processor.py:753} INFO - DAG(s) dict_keys(['latest_only']) retrieved from /home/airflow/.local/lib/python3.7/site-packages/airflow/example_dags/example_latest_only.py
[2024-02-19T12:55:12.265+0000] {logging_mixin.py:137} INFO - [2024-02-19T12:55:12.265+0000] {dag.py:2690} INFO - Sync 1 DAGs
[2024-02-19T12:55:12.286+0000] {logging_mixin.py:137} INFO - [2024-02-19T12:55:12.285+0000] {dag.py:3441} INFO - Setting next_dagrun for latest_only to 2024-02-19T08:55:12.285786+00:00, run_after=2024-02-19T12:55:12.285786+00:00
[2024-02-19T12:55:12.301+0000] {processor.py:175} INFO - Processing /home/airflow/.local/lib/python3.7/site-packages/airflow/example_dags/example_latest_only.py took 0.071 seconds
[2024-02-19T12:55:43.020+0000] {processor.py:153} INFO - Started process (PID=7653) to work on /home/airflow/.local/lib/python3.7/site-packages/airflow/example_dags/example_latest_only.py
[2024-02-19T12:55:43.020+0000] {processor.py:743} INFO - Processing file /home/airflow/.local/lib/python3.7/site-packages/airflow/example_dags/example_latest_only.py for tasks to queue
[2024-02-19T12:55:43.021+0000] {logging_mixin.py:137} INFO - [2024-02-19T12:55:43.021+0000] {dagbag.py:538} INFO - Filling up the DagBag from /home/airflow/.local/lib/python3.7/site-packages/airflow/example_dags/example_latest_only.py
[2024-02-19T12:55:43.032+0000] {processor.py:753} INFO - DAG(s) dict_keys(['latest_only']) retrieved from /home/airflow/.local/lib/python3.7/site-packages/airflow/example_dags/example_latest_only.py
[2024-02-19T12:55:43.051+0000] {logging_mixin.py:137} INFO - [2024-02-19T12:55:43.051+0000] {dag.py:2690} INFO - Sync 1 DAGs
[2024-02-19T12:55:43.072+0000] {logging_mixin.py:137} INFO - [2024-02-19T12:55:43.072+0000] {dag.py:3441} INFO - Setting next_dagrun for latest_only to 2024-02-19T08:55:43.072407+00:00, run_after=2024-02-19T12:55:43.072407+00:00
[2024-02-19T12:55:43.089+0000] {processor.py:175} INFO - Processing /home/airflow/.local/lib/python3.7/site-packages/airflow/example_dags/example_latest_only.py took 0.072 seconds
[2024-02-19T12:56:13.896+0000] {processor.py:153} INFO - Started process (PID=7788) to work on /home/airflow/.local/lib/python3.7/site-packages/airflow/example_dags/example_latest_only.py
[2024-02-19T12:56:13.896+0000] {processor.py:743} INFO - Processing file /home/airflow/.local/lib/python3.7/site-packages/airflow/example_dags/example_latest_only.py for tasks to queue
[2024-02-19T12:56:13.897+0000] {logging_mixin.py:137} INFO - [2024-02-19T12:56:13.897+0000] {dagbag.py:538} INFO - Filling up the DagBag from /home/airflow/.local/lib/python3.7/site-packages/airflow/example_dags/example_latest_only.py
[2024-02-19T12:56:13.908+0000] {processor.py:753} INFO - DAG(s) dict_keys(['latest_only']) retrieved from /home/airflow/.local/lib/python3.7/site-packages/airflow/example_dags/example_latest_only.py
[2024-02-19T12:56:13.927+0000] {logging_mixin.py:137} INFO - [2024-02-19T12:56:13.927+0000] {dag.py:2690} INFO - Sync 1 DAGs
[2024-02-19T12:56:13.947+0000] {logging_mixin.py:137} INFO - [2024-02-19T12:56:13.947+0000] {dag.py:3441} INFO - Setting next_dagrun for latest_only to 2024-02-19T08:56:13.947210+00:00, run_after=2024-02-19T12:56:13.947210+00:00
[2024-02-19T12:56:13.966+0000] {processor.py:175} INFO - Processing /home/airflow/.local/lib/python3.7/site-packages/airflow/example_dags/example_latest_only.py took 0.073 seconds
[2024-02-19T12:56:44.651+0000] {processor.py:153} INFO - Started process (PID=7891) to work on /home/airflow/.local/lib/python3.7/site-packages/airflow/example_dags/example_latest_only.py
[2024-02-19T12:56:44.652+0000] {processor.py:743} INFO - Processing file /home/airflow/.local/lib/python3.7/site-packages/airflow/example_dags/example_latest_only.py for tasks to queue
[2024-02-19T12:56:44.652+0000] {logging_mixin.py:137} INFO - [2024-02-19T12:56:44.652+0000] {dagbag.py:538} INFO - Filling up the DagBag from /home/airflow/.local/lib/python3.7/site-packages/airflow/example_dags/example_latest_only.py
[2024-02-19T12:56:44.662+0000] {processor.py:753} INFO - DAG(s) dict_keys(['latest_only']) retrieved from /home/airflow/.local/lib/python3.7/site-packages/airflow/example_dags/example_latest_only.py
[2024-02-19T12:56:44.680+0000] {logging_mixin.py:137} INFO - [2024-02-19T12:56:44.680+0000] {dag.py:2690} INFO - Sync 1 DAGs
[2024-02-19T12:56:44.700+0000] {logging_mixin.py:137} INFO - [2024-02-19T12:56:44.700+0000] {dag.py:3441} INFO - Setting next_dagrun for latest_only to 2024-02-19T08:56:44.700187+00:00, run_after=2024-02-19T12:56:44.700187+00:00
[2024-02-19T12:56:44.715+0000] {processor.py:175} INFO - Processing /home/airflow/.local/lib/python3.7/site-packages/airflow/example_dags/example_latest_only.py took 0.066 seconds
[2024-02-19T12:57:15.568+0000] {processor.py:153} INFO - Started process (PID=8026) to work on /home/airflow/.local/lib/python3.7/site-packages/airflow/example_dags/example_latest_only.py
[2024-02-19T12:57:15.569+0000] {processor.py:743} INFO - Processing file /home/airflow/.local/lib/python3.7/site-packages/airflow/example_dags/example_latest_only.py for tasks to queue
[2024-02-19T12:57:15.569+0000] {logging_mixin.py:137} INFO - [2024-02-19T12:57:15.569+0000] {dagbag.py:538} INFO - Filling up the DagBag from /home/airflow/.local/lib/python3.7/site-packages/airflow/example_dags/example_latest_only.py
[2024-02-19T12:57:15.579+0000] {processor.py:753} INFO - DAG(s) dict_keys(['latest_only']) retrieved from /home/airflow/.local/lib/python3.7/site-packages/airflow/example_dags/example_latest_only.py
[2024-02-19T12:57:15.598+0000] {logging_mixin.py:137} INFO - [2024-02-19T12:57:15.598+0000] {dag.py:2690} INFO - Sync 1 DAGs
[2024-02-19T12:57:15.617+0000] {logging_mixin.py:137} INFO - [2024-02-19T12:57:15.617+0000] {dag.py:3441} INFO - Setting next_dagrun for latest_only to 2024-02-19T08:57:15.616951+00:00, run_after=2024-02-19T12:57:15.616951+00:00
[2024-02-19T12:57:15.632+0000] {processor.py:175} INFO - Processing /home/airflow/.local/lib/python3.7/site-packages/airflow/example_dags/example_latest_only.py took 0.066 seconds
[2024-02-19T12:57:46.631+0000] {processor.py:153} INFO - Started process (PID=8161) to work on /home/airflow/.local/lib/python3.7/site-packages/airflow/example_dags/example_latest_only.py
[2024-02-19T12:57:46.632+0000] {processor.py:743} INFO - Processing file /home/airflow/.local/lib/python3.7/site-packages/airflow/example_dags/example_latest_only.py for tasks to queue
[2024-02-19T12:57:46.632+0000] {logging_mixin.py:137} INFO - [2024-02-19T12:57:46.632+0000] {dagbag.py:538} INFO - Filling up the DagBag from /home/airflow/.local/lib/python3.7/site-packages/airflow/example_dags/example_latest_only.py
[2024-02-19T12:57:46.645+0000] {processor.py:753} INFO - DAG(s) dict_keys(['latest_only']) retrieved from /home/airflow/.local/lib/python3.7/site-packages/airflow/example_dags/example_latest_only.py
[2024-02-19T12:57:46.667+0000] {logging_mixin.py:137} INFO - [2024-02-19T12:57:46.666+0000] {dag.py:2690} INFO - Sync 1 DAGs
[2024-02-19T12:57:46.693+0000] {logging_mixin.py:137} INFO - [2024-02-19T12:57:46.693+0000] {dag.py:3441} INFO - Setting next_dagrun for latest_only to 2024-02-19T08:57:46.693251+00:00, run_after=2024-02-19T12:57:46.693251+00:00
[2024-02-19T12:57:46.715+0000] {processor.py:175} INFO - Processing /home/airflow/.local/lib/python3.7/site-packages/airflow/example_dags/example_latest_only.py took 0.087 seconds
[2024-02-19T12:58:17.491+0000] {processor.py:153} INFO - Started process (PID=8263) to work on /home/airflow/.local/lib/python3.7/site-packages/airflow/example_dags/example_latest_only.py
[2024-02-19T12:58:17.492+0000] {processor.py:743} INFO - Processing file /home/airflow/.local/lib/python3.7/site-packages/airflow/example_dags/example_latest_only.py for tasks to queue
[2024-02-19T12:58:17.492+0000] {logging_mixin.py:137} INFO - [2024-02-19T12:58:17.492+0000] {dagbag.py:538} INFO - Filling up the DagBag from /home/airflow/.local/lib/python3.7/site-packages/airflow/example_dags/example_latest_only.py
[2024-02-19T12:58:17.501+0000] {processor.py:753} INFO - DAG(s) dict_keys(['latest_only']) retrieved from /home/airflow/.local/lib/python3.7/site-packages/airflow/example_dags/example_latest_only.py
[2024-02-19T12:58:17.517+0000] {logging_mixin.py:137} INFO - [2024-02-19T12:58:17.517+0000] {dag.py:2690} INFO - Sync 1 DAGs
[2024-02-19T12:58:17.535+0000] {logging_mixin.py:137} INFO - [2024-02-19T12:58:17.535+0000] {dag.py:3441} INFO - Setting next_dagrun for latest_only to 2024-02-19T08:58:17.534897+00:00, run_after=2024-02-19T12:58:17.534897+00:00
[2024-02-19T12:58:17.548+0000] {processor.py:175} INFO - Processing /home/airflow/.local/lib/python3.7/site-packages/airflow/example_dags/example_latest_only.py took 0.059 seconds
