[2024-02-19T12:24:38.035+0000] {processor.py:153} INFO - Started process (PID=73) to work on /home/airflow/.local/lib/python3.7/site-packages/airflow/example_dags/example_branch_python_dop_operator_3.py
[2024-02-19T12:24:38.036+0000] {processor.py:743} INFO - Processing file /home/airflow/.local/lib/python3.7/site-packages/airflow/example_dags/example_branch_python_dop_operator_3.py for tasks to queue
[2024-02-19T12:24:38.036+0000] {logging_mixin.py:137} INFO - [2024-02-19T12:24:38.036+0000] {dagbag.py:538} INFO - Filling up the DagBag from /home/airflow/.local/lib/python3.7/site-packages/airflow/example_dags/example_branch_python_dop_operator_3.py
[2024-02-19T12:24:38.051+0000] {processor.py:753} INFO - DAG(s) dict_keys(['example_branch_dop_operator_v3']) retrieved from /home/airflow/.local/lib/python3.7/site-packages/airflow/example_dags/example_branch_python_dop_operator_3.py
[2024-02-19T12:24:38.058+0000] {logging_mixin.py:137} INFO - [2024-02-19T12:24:38.058+0000] {dag.py:2690} INFO - Sync 1 DAGs
[2024-02-19T12:24:38.077+0000] {logging_mixin.py:137} INFO - [2024-02-19T12:24:38.077+0000] {dag.py:3441} INFO - Setting next_dagrun for example_branch_dop_operator_v3 to 2024-02-19T12:23:00+00:00, run_after=2024-02-19T12:24:00+00:00
[2024-02-19T12:24:38.089+0000] {processor.py:175} INFO - Processing /home/airflow/.local/lib/python3.7/site-packages/airflow/example_dags/example_branch_python_dop_operator_3.py took 0.055 seconds
[2024-02-19T12:25:08.489+0000] {processor.py:153} INFO - Started process (PID=208) to work on /home/airflow/.local/lib/python3.7/site-packages/airflow/example_dags/example_branch_python_dop_operator_3.py
[2024-02-19T12:25:08.489+0000] {processor.py:743} INFO - Processing file /home/airflow/.local/lib/python3.7/site-packages/airflow/example_dags/example_branch_python_dop_operator_3.py for tasks to queue
[2024-02-19T12:25:08.490+0000] {logging_mixin.py:137} INFO - [2024-02-19T12:25:08.490+0000] {dagbag.py:538} INFO - Filling up the DagBag from /home/airflow/.local/lib/python3.7/site-packages/airflow/example_dags/example_branch_python_dop_operator_3.py
[2024-02-19T12:25:08.503+0000] {processor.py:753} INFO - DAG(s) dict_keys(['example_branch_dop_operator_v3']) retrieved from /home/airflow/.local/lib/python3.7/site-packages/airflow/example_dags/example_branch_python_dop_operator_3.py
[2024-02-19T12:25:08.517+0000] {logging_mixin.py:137} INFO - [2024-02-19T12:25:08.517+0000] {dag.py:2690} INFO - Sync 1 DAGs
[2024-02-19T12:25:08.535+0000] {logging_mixin.py:137} INFO - [2024-02-19T12:25:08.535+0000] {dag.py:3441} INFO - Setting next_dagrun for example_branch_dop_operator_v3 to 2024-02-19T12:24:00+00:00, run_after=2024-02-19T12:25:00+00:00
[2024-02-19T12:25:08.546+0000] {processor.py:175} INFO - Processing /home/airflow/.local/lib/python3.7/site-packages/airflow/example_dags/example_branch_python_dop_operator_3.py took 0.059 seconds
[2024-02-19T12:25:38.914+0000] {processor.py:153} INFO - Started process (PID=311) to work on /home/airflow/.local/lib/python3.7/site-packages/airflow/example_dags/example_branch_python_dop_operator_3.py
[2024-02-19T12:25:38.914+0000] {processor.py:743} INFO - Processing file /home/airflow/.local/lib/python3.7/site-packages/airflow/example_dags/example_branch_python_dop_operator_3.py for tasks to queue
[2024-02-19T12:25:38.915+0000] {logging_mixin.py:137} INFO - [2024-02-19T12:25:38.915+0000] {dagbag.py:538} INFO - Filling up the DagBag from /home/airflow/.local/lib/python3.7/site-packages/airflow/example_dags/example_branch_python_dop_operator_3.py
[2024-02-19T12:25:38.927+0000] {processor.py:753} INFO - DAG(s) dict_keys(['example_branch_dop_operator_v3']) retrieved from /home/airflow/.local/lib/python3.7/site-packages/airflow/example_dags/example_branch_python_dop_operator_3.py
[2024-02-19T12:25:38.941+0000] {logging_mixin.py:137} INFO - [2024-02-19T12:25:38.940+0000] {dag.py:2690} INFO - Sync 1 DAGs
[2024-02-19T12:25:38.957+0000] {logging_mixin.py:137} INFO - [2024-02-19T12:25:38.956+0000] {dag.py:3441} INFO - Setting next_dagrun for example_branch_dop_operator_v3 to 2024-02-19T12:24:00+00:00, run_after=2024-02-19T12:25:00+00:00
[2024-02-19T12:25:38.966+0000] {processor.py:175} INFO - Processing /home/airflow/.local/lib/python3.7/site-packages/airflow/example_dags/example_branch_python_dop_operator_3.py took 0.054 seconds
[2024-02-19T12:26:09.356+0000] {processor.py:153} INFO - Started process (PID=446) to work on /home/airflow/.local/lib/python3.7/site-packages/airflow/example_dags/example_branch_python_dop_operator_3.py
[2024-02-19T12:26:09.357+0000] {processor.py:743} INFO - Processing file /home/airflow/.local/lib/python3.7/site-packages/airflow/example_dags/example_branch_python_dop_operator_3.py for tasks to queue
[2024-02-19T12:26:09.357+0000] {logging_mixin.py:137} INFO - [2024-02-19T12:26:09.357+0000] {dagbag.py:538} INFO - Filling up the DagBag from /home/airflow/.local/lib/python3.7/site-packages/airflow/example_dags/example_branch_python_dop_operator_3.py
[2024-02-19T12:26:09.373+0000] {processor.py:753} INFO - DAG(s) dict_keys(['example_branch_dop_operator_v3']) retrieved from /home/airflow/.local/lib/python3.7/site-packages/airflow/example_dags/example_branch_python_dop_operator_3.py
[2024-02-19T12:26:09.386+0000] {logging_mixin.py:137} INFO - [2024-02-19T12:26:09.386+0000] {dag.py:2690} INFO - Sync 1 DAGs
[2024-02-19T12:26:09.402+0000] {logging_mixin.py:137} INFO - [2024-02-19T12:26:09.402+0000] {dag.py:3441} INFO - Setting next_dagrun for example_branch_dop_operator_v3 to 2024-02-19T12:25:00+00:00, run_after=2024-02-19T12:26:00+00:00
[2024-02-19T12:26:09.412+0000] {processor.py:175} INFO - Processing /home/airflow/.local/lib/python3.7/site-packages/airflow/example_dags/example_branch_python_dop_operator_3.py took 0.058 seconds
[2024-02-19T12:26:39.741+0000] {processor.py:153} INFO - Started process (PID=581) to work on /home/airflow/.local/lib/python3.7/site-packages/airflow/example_dags/example_branch_python_dop_operator_3.py
[2024-02-19T12:26:39.741+0000] {processor.py:743} INFO - Processing file /home/airflow/.local/lib/python3.7/site-packages/airflow/example_dags/example_branch_python_dop_operator_3.py for tasks to queue
[2024-02-19T12:26:39.741+0000] {logging_mixin.py:137} INFO - [2024-02-19T12:26:39.741+0000] {dagbag.py:538} INFO - Filling up the DagBag from /home/airflow/.local/lib/python3.7/site-packages/airflow/example_dags/example_branch_python_dop_operator_3.py
[2024-02-19T12:26:39.754+0000] {processor.py:753} INFO - DAG(s) dict_keys(['example_branch_dop_operator_v3']) retrieved from /home/airflow/.local/lib/python3.7/site-packages/airflow/example_dags/example_branch_python_dop_operator_3.py
[2024-02-19T12:26:39.767+0000] {logging_mixin.py:137} INFO - [2024-02-19T12:26:39.767+0000] {dag.py:2690} INFO - Sync 1 DAGs
[2024-02-19T12:26:39.783+0000] {logging_mixin.py:137} INFO - [2024-02-19T12:26:39.783+0000] {dag.py:3441} INFO - Setting next_dagrun for example_branch_dop_operator_v3 to 2024-02-19T12:25:00+00:00, run_after=2024-02-19T12:26:00+00:00
[2024-02-19T12:26:39.794+0000] {processor.py:175} INFO - Processing /home/airflow/.local/lib/python3.7/site-packages/airflow/example_dags/example_branch_python_dop_operator_3.py took 0.056 seconds
[2024-02-19T12:27:10.139+0000] {processor.py:153} INFO - Started process (PID=684) to work on /home/airflow/.local/lib/python3.7/site-packages/airflow/example_dags/example_branch_python_dop_operator_3.py
[2024-02-19T12:27:10.139+0000] {processor.py:743} INFO - Processing file /home/airflow/.local/lib/python3.7/site-packages/airflow/example_dags/example_branch_python_dop_operator_3.py for tasks to queue
[2024-02-19T12:27:10.140+0000] {logging_mixin.py:137} INFO - [2024-02-19T12:27:10.140+0000] {dagbag.py:538} INFO - Filling up the DagBag from /home/airflow/.local/lib/python3.7/site-packages/airflow/example_dags/example_branch_python_dop_operator_3.py
[2024-02-19T12:27:10.154+0000] {processor.py:753} INFO - DAG(s) dict_keys(['example_branch_dop_operator_v3']) retrieved from /home/airflow/.local/lib/python3.7/site-packages/airflow/example_dags/example_branch_python_dop_operator_3.py
[2024-02-19T12:27:10.167+0000] {logging_mixin.py:137} INFO - [2024-02-19T12:27:10.167+0000] {dag.py:2690} INFO - Sync 1 DAGs
[2024-02-19T12:27:10.185+0000] {logging_mixin.py:137} INFO - [2024-02-19T12:27:10.184+0000] {dag.py:3441} INFO - Setting next_dagrun for example_branch_dop_operator_v3 to 2024-02-19T12:26:00+00:00, run_after=2024-02-19T12:27:00+00:00
[2024-02-19T12:27:10.196+0000] {processor.py:175} INFO - Processing /home/airflow/.local/lib/python3.7/site-packages/airflow/example_dags/example_branch_python_dop_operator_3.py took 0.058 seconds
[2024-02-19T12:27:40.572+0000] {processor.py:153} INFO - Started process (PID=819) to work on /home/airflow/.local/lib/python3.7/site-packages/airflow/example_dags/example_branch_python_dop_operator_3.py
[2024-02-19T12:27:40.572+0000] {processor.py:743} INFO - Processing file /home/airflow/.local/lib/python3.7/site-packages/airflow/example_dags/example_branch_python_dop_operator_3.py for tasks to queue
[2024-02-19T12:27:40.573+0000] {logging_mixin.py:137} INFO - [2024-02-19T12:27:40.573+0000] {dagbag.py:538} INFO - Filling up the DagBag from /home/airflow/.local/lib/python3.7/site-packages/airflow/example_dags/example_branch_python_dop_operator_3.py
[2024-02-19T12:27:40.586+0000] {processor.py:753} INFO - DAG(s) dict_keys(['example_branch_dop_operator_v3']) retrieved from /home/airflow/.local/lib/python3.7/site-packages/airflow/example_dags/example_branch_python_dop_operator_3.py
[2024-02-19T12:27:40.600+0000] {logging_mixin.py:137} INFO - [2024-02-19T12:27:40.600+0000] {dag.py:2690} INFO - Sync 1 DAGs
[2024-02-19T12:27:40.616+0000] {logging_mixin.py:137} INFO - [2024-02-19T12:27:40.616+0000] {dag.py:3441} INFO - Setting next_dagrun for example_branch_dop_operator_v3 to 2024-02-19T12:26:00+00:00, run_after=2024-02-19T12:27:00+00:00
[2024-02-19T12:27:40.627+0000] {processor.py:175} INFO - Processing /home/airflow/.local/lib/python3.7/site-packages/airflow/example_dags/example_branch_python_dop_operator_3.py took 0.057 seconds
[2024-02-19T12:28:10.960+0000] {processor.py:153} INFO - Started process (PID=955) to work on /home/airflow/.local/lib/python3.7/site-packages/airflow/example_dags/example_branch_python_dop_operator_3.py
[2024-02-19T12:28:10.960+0000] {processor.py:743} INFO - Processing file /home/airflow/.local/lib/python3.7/site-packages/airflow/example_dags/example_branch_python_dop_operator_3.py for tasks to queue
[2024-02-19T12:28:10.961+0000] {logging_mixin.py:137} INFO - [2024-02-19T12:28:10.960+0000] {dagbag.py:538} INFO - Filling up the DagBag from /home/airflow/.local/lib/python3.7/site-packages/airflow/example_dags/example_branch_python_dop_operator_3.py
[2024-02-19T12:28:10.974+0000] {processor.py:753} INFO - DAG(s) dict_keys(['example_branch_dop_operator_v3']) retrieved from /home/airflow/.local/lib/python3.7/site-packages/airflow/example_dags/example_branch_python_dop_operator_3.py
[2024-02-19T12:28:10.987+0000] {logging_mixin.py:137} INFO - [2024-02-19T12:28:10.987+0000] {dag.py:2690} INFO - Sync 1 DAGs
[2024-02-19T12:28:11.003+0000] {logging_mixin.py:137} INFO - [2024-02-19T12:28:11.003+0000] {dag.py:3441} INFO - Setting next_dagrun for example_branch_dop_operator_v3 to 2024-02-19T12:27:00+00:00, run_after=2024-02-19T12:28:00+00:00
[2024-02-19T12:28:11.013+0000] {processor.py:175} INFO - Processing /home/airflow/.local/lib/python3.7/site-packages/airflow/example_dags/example_branch_python_dop_operator_3.py took 0.055 seconds
[2024-02-19T12:28:41.428+0000] {processor.py:153} INFO - Started process (PID=1058) to work on /home/airflow/.local/lib/python3.7/site-packages/airflow/example_dags/example_branch_python_dop_operator_3.py
[2024-02-19T12:28:41.429+0000] {processor.py:743} INFO - Processing file /home/airflow/.local/lib/python3.7/site-packages/airflow/example_dags/example_branch_python_dop_operator_3.py for tasks to queue
[2024-02-19T12:28:41.429+0000] {logging_mixin.py:137} INFO - [2024-02-19T12:28:41.429+0000] {dagbag.py:538} INFO - Filling up the DagBag from /home/airflow/.local/lib/python3.7/site-packages/airflow/example_dags/example_branch_python_dop_operator_3.py
[2024-02-19T12:28:41.442+0000] {processor.py:753} INFO - DAG(s) dict_keys(['example_branch_dop_operator_v3']) retrieved from /home/airflow/.local/lib/python3.7/site-packages/airflow/example_dags/example_branch_python_dop_operator_3.py
[2024-02-19T12:28:41.455+0000] {logging_mixin.py:137} INFO - [2024-02-19T12:28:41.455+0000] {dag.py:2690} INFO - Sync 1 DAGs
[2024-02-19T12:28:41.471+0000] {logging_mixin.py:137} INFO - [2024-02-19T12:28:41.471+0000] {dag.py:3441} INFO - Setting next_dagrun for example_branch_dop_operator_v3 to 2024-02-19T12:27:00+00:00, run_after=2024-02-19T12:28:00+00:00
[2024-02-19T12:28:41.483+0000] {processor.py:175} INFO - Processing /home/airflow/.local/lib/python3.7/site-packages/airflow/example_dags/example_branch_python_dop_operator_3.py took 0.058 seconds
[2024-02-19T12:29:11.898+0000] {processor.py:153} INFO - Started process (PID=1193) to work on /home/airflow/.local/lib/python3.7/site-packages/airflow/example_dags/example_branch_python_dop_operator_3.py
[2024-02-19T12:29:11.899+0000] {processor.py:743} INFO - Processing file /home/airflow/.local/lib/python3.7/site-packages/airflow/example_dags/example_branch_python_dop_operator_3.py for tasks to queue
[2024-02-19T12:29:11.899+0000] {logging_mixin.py:137} INFO - [2024-02-19T12:29:11.899+0000] {dagbag.py:538} INFO - Filling up the DagBag from /home/airflow/.local/lib/python3.7/site-packages/airflow/example_dags/example_branch_python_dop_operator_3.py
[2024-02-19T12:29:11.912+0000] {processor.py:753} INFO - DAG(s) dict_keys(['example_branch_dop_operator_v3']) retrieved from /home/airflow/.local/lib/python3.7/site-packages/airflow/example_dags/example_branch_python_dop_operator_3.py
[2024-02-19T12:29:11.925+0000] {logging_mixin.py:137} INFO - [2024-02-19T12:29:11.925+0000] {dag.py:2690} INFO - Sync 1 DAGs
[2024-02-19T12:29:11.953+0000] {logging_mixin.py:137} INFO - [2024-02-19T12:29:11.953+0000] {dag.py:3441} INFO - Setting next_dagrun for example_branch_dop_operator_v3 to 2024-02-19T12:28:00+00:00, run_after=2024-02-19T12:29:00+00:00
[2024-02-19T12:29:11.969+0000] {processor.py:175} INFO - Processing /home/airflow/.local/lib/python3.7/site-packages/airflow/example_dags/example_branch_python_dop_operator_3.py took 0.073 seconds
[2024-02-19T12:29:42.567+0000] {processor.py:153} INFO - Started process (PID=1328) to work on /home/airflow/.local/lib/python3.7/site-packages/airflow/example_dags/example_branch_python_dop_operator_3.py
[2024-02-19T12:29:42.568+0000] {processor.py:743} INFO - Processing file /home/airflow/.local/lib/python3.7/site-packages/airflow/example_dags/example_branch_python_dop_operator_3.py for tasks to queue
[2024-02-19T12:29:42.568+0000] {logging_mixin.py:137} INFO - [2024-02-19T12:29:42.568+0000] {dagbag.py:538} INFO - Filling up the DagBag from /home/airflow/.local/lib/python3.7/site-packages/airflow/example_dags/example_branch_python_dop_operator_3.py
[2024-02-19T12:29:42.582+0000] {processor.py:753} INFO - DAG(s) dict_keys(['example_branch_dop_operator_v3']) retrieved from /home/airflow/.local/lib/python3.7/site-packages/airflow/example_dags/example_branch_python_dop_operator_3.py
[2024-02-19T12:29:42.596+0000] {logging_mixin.py:137} INFO - [2024-02-19T12:29:42.596+0000] {dag.py:2690} INFO - Sync 1 DAGs
[2024-02-19T12:29:42.614+0000] {logging_mixin.py:137} INFO - [2024-02-19T12:29:42.614+0000] {dag.py:3441} INFO - Setting next_dagrun for example_branch_dop_operator_v3 to 2024-02-19T12:28:00+00:00, run_after=2024-02-19T12:29:00+00:00
[2024-02-19T12:29:42.626+0000] {processor.py:175} INFO - Processing /home/airflow/.local/lib/python3.7/site-packages/airflow/example_dags/example_branch_python_dop_operator_3.py took 0.061 seconds
[2024-02-19T12:30:13.107+0000] {processor.py:153} INFO - Started process (PID=1431) to work on /home/airflow/.local/lib/python3.7/site-packages/airflow/example_dags/example_branch_python_dop_operator_3.py
[2024-02-19T12:30:13.108+0000] {processor.py:743} INFO - Processing file /home/airflow/.local/lib/python3.7/site-packages/airflow/example_dags/example_branch_python_dop_operator_3.py for tasks to queue
[2024-02-19T12:30:13.108+0000] {logging_mixin.py:137} INFO - [2024-02-19T12:30:13.108+0000] {dagbag.py:538} INFO - Filling up the DagBag from /home/airflow/.local/lib/python3.7/site-packages/airflow/example_dags/example_branch_python_dop_operator_3.py
[2024-02-19T12:30:13.121+0000] {processor.py:753} INFO - DAG(s) dict_keys(['example_branch_dop_operator_v3']) retrieved from /home/airflow/.local/lib/python3.7/site-packages/airflow/example_dags/example_branch_python_dop_operator_3.py
[2024-02-19T12:30:13.134+0000] {logging_mixin.py:137} INFO - [2024-02-19T12:30:13.134+0000] {dag.py:2690} INFO - Sync 1 DAGs
[2024-02-19T12:30:13.151+0000] {logging_mixin.py:137} INFO - [2024-02-19T12:30:13.150+0000] {dag.py:3441} INFO - Setting next_dagrun for example_branch_dop_operator_v3 to 2024-02-19T12:29:00+00:00, run_after=2024-02-19T12:30:00+00:00
[2024-02-19T12:30:13.162+0000] {processor.py:175} INFO - Processing /home/airflow/.local/lib/python3.7/site-packages/airflow/example_dags/example_branch_python_dop_operator_3.py took 0.056 seconds
[2024-02-19T12:30:43.549+0000] {processor.py:153} INFO - Started process (PID=1566) to work on /home/airflow/.local/lib/python3.7/site-packages/airflow/example_dags/example_branch_python_dop_operator_3.py
[2024-02-19T12:30:43.550+0000] {processor.py:743} INFO - Processing file /home/airflow/.local/lib/python3.7/site-packages/airflow/example_dags/example_branch_python_dop_operator_3.py for tasks to queue
[2024-02-19T12:30:43.550+0000] {logging_mixin.py:137} INFO - [2024-02-19T12:30:43.550+0000] {dagbag.py:538} INFO - Filling up the DagBag from /home/airflow/.local/lib/python3.7/site-packages/airflow/example_dags/example_branch_python_dop_operator_3.py
[2024-02-19T12:30:43.563+0000] {processor.py:753} INFO - DAG(s) dict_keys(['example_branch_dop_operator_v3']) retrieved from /home/airflow/.local/lib/python3.7/site-packages/airflow/example_dags/example_branch_python_dop_operator_3.py
[2024-02-19T12:30:43.577+0000] {logging_mixin.py:137} INFO - [2024-02-19T12:30:43.577+0000] {dag.py:2690} INFO - Sync 1 DAGs
[2024-02-19T12:30:43.595+0000] {logging_mixin.py:137} INFO - [2024-02-19T12:30:43.595+0000] {dag.py:3441} INFO - Setting next_dagrun for example_branch_dop_operator_v3 to 2024-02-19T12:29:00+00:00, run_after=2024-02-19T12:30:00+00:00
[2024-02-19T12:30:43.607+0000] {processor.py:175} INFO - Processing /home/airflow/.local/lib/python3.7/site-packages/airflow/example_dags/example_branch_python_dop_operator_3.py took 0.060 seconds
[2024-02-19T12:31:14.001+0000] {processor.py:153} INFO - Started process (PID=1701) to work on /home/airflow/.local/lib/python3.7/site-packages/airflow/example_dags/example_branch_python_dop_operator_3.py
[2024-02-19T12:31:14.002+0000] {processor.py:743} INFO - Processing file /home/airflow/.local/lib/python3.7/site-packages/airflow/example_dags/example_branch_python_dop_operator_3.py for tasks to queue
[2024-02-19T12:31:14.002+0000] {logging_mixin.py:137} INFO - [2024-02-19T12:31:14.002+0000] {dagbag.py:538} INFO - Filling up the DagBag from /home/airflow/.local/lib/python3.7/site-packages/airflow/example_dags/example_branch_python_dop_operator_3.py
[2024-02-19T12:31:14.015+0000] {processor.py:753} INFO - DAG(s) dict_keys(['example_branch_dop_operator_v3']) retrieved from /home/airflow/.local/lib/python3.7/site-packages/airflow/example_dags/example_branch_python_dop_operator_3.py
[2024-02-19T12:31:14.029+0000] {logging_mixin.py:137} INFO - [2024-02-19T12:31:14.029+0000] {dag.py:2690} INFO - Sync 1 DAGs
[2024-02-19T12:31:14.046+0000] {logging_mixin.py:137} INFO - [2024-02-19T12:31:14.046+0000] {dag.py:3441} INFO - Setting next_dagrun for example_branch_dop_operator_v3 to 2024-02-19T12:30:00+00:00, run_after=2024-02-19T12:31:00+00:00
[2024-02-19T12:31:14.057+0000] {processor.py:175} INFO - Processing /home/airflow/.local/lib/python3.7/site-packages/airflow/example_dags/example_branch_python_dop_operator_3.py took 0.058 seconds
[2024-02-19T12:31:44.437+0000] {processor.py:153} INFO - Started process (PID=1804) to work on /home/airflow/.local/lib/python3.7/site-packages/airflow/example_dags/example_branch_python_dop_operator_3.py
[2024-02-19T12:31:44.438+0000] {processor.py:743} INFO - Processing file /home/airflow/.local/lib/python3.7/site-packages/airflow/example_dags/example_branch_python_dop_operator_3.py for tasks to queue
[2024-02-19T12:31:44.438+0000] {logging_mixin.py:137} INFO - [2024-02-19T12:31:44.438+0000] {dagbag.py:538} INFO - Filling up the DagBag from /home/airflow/.local/lib/python3.7/site-packages/airflow/example_dags/example_branch_python_dop_operator_3.py
[2024-02-19T12:31:44.453+0000] {processor.py:753} INFO - DAG(s) dict_keys(['example_branch_dop_operator_v3']) retrieved from /home/airflow/.local/lib/python3.7/site-packages/airflow/example_dags/example_branch_python_dop_operator_3.py
[2024-02-19T12:31:44.467+0000] {logging_mixin.py:137} INFO - [2024-02-19T12:31:44.467+0000] {dag.py:2690} INFO - Sync 1 DAGs
[2024-02-19T12:31:44.483+0000] {logging_mixin.py:137} INFO - [2024-02-19T12:31:44.483+0000] {dag.py:3441} INFO - Setting next_dagrun for example_branch_dop_operator_v3 to 2024-02-19T12:30:00+00:00, run_after=2024-02-19T12:31:00+00:00
[2024-02-19T12:31:44.494+0000] {processor.py:175} INFO - Processing /home/airflow/.local/lib/python3.7/site-packages/airflow/example_dags/example_branch_python_dop_operator_3.py took 0.059 seconds
[2024-02-19T12:32:14.908+0000] {processor.py:153} INFO - Started process (PID=1939) to work on /home/airflow/.local/lib/python3.7/site-packages/airflow/example_dags/example_branch_python_dop_operator_3.py
[2024-02-19T12:32:14.909+0000] {processor.py:743} INFO - Processing file /home/airflow/.local/lib/python3.7/site-packages/airflow/example_dags/example_branch_python_dop_operator_3.py for tasks to queue
[2024-02-19T12:32:14.909+0000] {logging_mixin.py:137} INFO - [2024-02-19T12:32:14.909+0000] {dagbag.py:538} INFO - Filling up the DagBag from /home/airflow/.local/lib/python3.7/site-packages/airflow/example_dags/example_branch_python_dop_operator_3.py
[2024-02-19T12:32:14.923+0000] {processor.py:753} INFO - DAG(s) dict_keys(['example_branch_dop_operator_v3']) retrieved from /home/airflow/.local/lib/python3.7/site-packages/airflow/example_dags/example_branch_python_dop_operator_3.py
[2024-02-19T12:32:14.937+0000] {logging_mixin.py:137} INFO - [2024-02-19T12:32:14.937+0000] {dag.py:2690} INFO - Sync 1 DAGs
[2024-02-19T12:32:14.954+0000] {logging_mixin.py:137} INFO - [2024-02-19T12:32:14.954+0000] {dag.py:3441} INFO - Setting next_dagrun for example_branch_dop_operator_v3 to 2024-02-19T12:31:00+00:00, run_after=2024-02-19T12:32:00+00:00
[2024-02-19T12:32:14.965+0000] {processor.py:175} INFO - Processing /home/airflow/.local/lib/python3.7/site-packages/airflow/example_dags/example_branch_python_dop_operator_3.py took 0.059 seconds
[2024-02-19T12:32:45.475+0000] {processor.py:153} INFO - Started process (PID=2074) to work on /home/airflow/.local/lib/python3.7/site-packages/airflow/example_dags/example_branch_python_dop_operator_3.py
[2024-02-19T12:32:45.476+0000] {processor.py:743} INFO - Processing file /home/airflow/.local/lib/python3.7/site-packages/airflow/example_dags/example_branch_python_dop_operator_3.py for tasks to queue
[2024-02-19T12:32:45.476+0000] {logging_mixin.py:137} INFO - [2024-02-19T12:32:45.476+0000] {dagbag.py:538} INFO - Filling up the DagBag from /home/airflow/.local/lib/python3.7/site-packages/airflow/example_dags/example_branch_python_dop_operator_3.py
[2024-02-19T12:32:45.494+0000] {processor.py:753} INFO - DAG(s) dict_keys(['example_branch_dop_operator_v3']) retrieved from /home/airflow/.local/lib/python3.7/site-packages/airflow/example_dags/example_branch_python_dop_operator_3.py
[2024-02-19T12:32:45.511+0000] {logging_mixin.py:137} INFO - [2024-02-19T12:32:45.511+0000] {dag.py:2690} INFO - Sync 1 DAGs
[2024-02-19T12:32:45.530+0000] {logging_mixin.py:137} INFO - [2024-02-19T12:32:45.530+0000] {dag.py:3441} INFO - Setting next_dagrun for example_branch_dop_operator_v3 to 2024-02-19T12:31:00+00:00, run_after=2024-02-19T12:32:00+00:00
[2024-02-19T12:32:45.541+0000] {processor.py:175} INFO - Processing /home/airflow/.local/lib/python3.7/site-packages/airflow/example_dags/example_branch_python_dop_operator_3.py took 0.068 seconds
[2024-02-19T12:33:15.905+0000] {processor.py:153} INFO - Started process (PID=2177) to work on /home/airflow/.local/lib/python3.7/site-packages/airflow/example_dags/example_branch_python_dop_operator_3.py
[2024-02-19T12:33:15.906+0000] {processor.py:743} INFO - Processing file /home/airflow/.local/lib/python3.7/site-packages/airflow/example_dags/example_branch_python_dop_operator_3.py for tasks to queue
[2024-02-19T12:33:15.906+0000] {logging_mixin.py:137} INFO - [2024-02-19T12:33:15.906+0000] {dagbag.py:538} INFO - Filling up the DagBag from /home/airflow/.local/lib/python3.7/site-packages/airflow/example_dags/example_branch_python_dop_operator_3.py
[2024-02-19T12:33:15.924+0000] {processor.py:753} INFO - DAG(s) dict_keys(['example_branch_dop_operator_v3']) retrieved from /home/airflow/.local/lib/python3.7/site-packages/airflow/example_dags/example_branch_python_dop_operator_3.py
[2024-02-19T12:33:15.940+0000] {logging_mixin.py:137} INFO - [2024-02-19T12:33:15.940+0000] {dag.py:2690} INFO - Sync 1 DAGs
[2024-02-19T12:33:15.959+0000] {logging_mixin.py:137} INFO - [2024-02-19T12:33:15.958+0000] {dag.py:3441} INFO - Setting next_dagrun for example_branch_dop_operator_v3 to 2024-02-19T12:32:00+00:00, run_after=2024-02-19T12:33:00+00:00
[2024-02-19T12:33:15.969+0000] {processor.py:175} INFO - Processing /home/airflow/.local/lib/python3.7/site-packages/airflow/example_dags/example_branch_python_dop_operator_3.py took 0.066 seconds
[2024-02-19T12:33:46.427+0000] {processor.py:153} INFO - Started process (PID=2312) to work on /home/airflow/.local/lib/python3.7/site-packages/airflow/example_dags/example_branch_python_dop_operator_3.py
[2024-02-19T12:33:46.428+0000] {processor.py:743} INFO - Processing file /home/airflow/.local/lib/python3.7/site-packages/airflow/example_dags/example_branch_python_dop_operator_3.py for tasks to queue
[2024-02-19T12:33:46.428+0000] {logging_mixin.py:137} INFO - [2024-02-19T12:33:46.428+0000] {dagbag.py:538} INFO - Filling up the DagBag from /home/airflow/.local/lib/python3.7/site-packages/airflow/example_dags/example_branch_python_dop_operator_3.py
[2024-02-19T12:33:46.442+0000] {processor.py:753} INFO - DAG(s) dict_keys(['example_branch_dop_operator_v3']) retrieved from /home/airflow/.local/lib/python3.7/site-packages/airflow/example_dags/example_branch_python_dop_operator_3.py
[2024-02-19T12:33:46.455+0000] {logging_mixin.py:137} INFO - [2024-02-19T12:33:46.455+0000] {dag.py:2690} INFO - Sync 1 DAGs
[2024-02-19T12:33:46.471+0000] {logging_mixin.py:137} INFO - [2024-02-19T12:33:46.471+0000] {dag.py:3441} INFO - Setting next_dagrun for example_branch_dop_operator_v3 to 2024-02-19T12:32:00+00:00, run_after=2024-02-19T12:33:00+00:00
[2024-02-19T12:33:46.481+0000] {processor.py:175} INFO - Processing /home/airflow/.local/lib/python3.7/site-packages/airflow/example_dags/example_branch_python_dop_operator_3.py took 0.056 seconds
[2024-02-19T12:34:16.848+0000] {processor.py:153} INFO - Started process (PID=2447) to work on /home/airflow/.local/lib/python3.7/site-packages/airflow/example_dags/example_branch_python_dop_operator_3.py
[2024-02-19T12:34:16.849+0000] {processor.py:743} INFO - Processing file /home/airflow/.local/lib/python3.7/site-packages/airflow/example_dags/example_branch_python_dop_operator_3.py for tasks to queue
[2024-02-19T12:34:16.849+0000] {logging_mixin.py:137} INFO - [2024-02-19T12:34:16.849+0000] {dagbag.py:538} INFO - Filling up the DagBag from /home/airflow/.local/lib/python3.7/site-packages/airflow/example_dags/example_branch_python_dop_operator_3.py
[2024-02-19T12:34:16.862+0000] {processor.py:753} INFO - DAG(s) dict_keys(['example_branch_dop_operator_v3']) retrieved from /home/airflow/.local/lib/python3.7/site-packages/airflow/example_dags/example_branch_python_dop_operator_3.py
[2024-02-19T12:34:16.875+0000] {logging_mixin.py:137} INFO - [2024-02-19T12:34:16.875+0000] {dag.py:2690} INFO - Sync 1 DAGs
[2024-02-19T12:34:16.892+0000] {logging_mixin.py:137} INFO - [2024-02-19T12:34:16.892+0000] {dag.py:3441} INFO - Setting next_dagrun for example_branch_dop_operator_v3 to 2024-02-19T12:33:00+00:00, run_after=2024-02-19T12:34:00+00:00
[2024-02-19T12:34:16.902+0000] {processor.py:175} INFO - Processing /home/airflow/.local/lib/python3.7/site-packages/airflow/example_dags/example_branch_python_dop_operator_3.py took 0.056 seconds
[2024-02-19T12:34:47.402+0000] {processor.py:153} INFO - Started process (PID=2550) to work on /home/airflow/.local/lib/python3.7/site-packages/airflow/example_dags/example_branch_python_dop_operator_3.py
[2024-02-19T12:34:47.403+0000] {processor.py:743} INFO - Processing file /home/airflow/.local/lib/python3.7/site-packages/airflow/example_dags/example_branch_python_dop_operator_3.py for tasks to queue
[2024-02-19T12:34:47.403+0000] {logging_mixin.py:137} INFO - [2024-02-19T12:34:47.403+0000] {dagbag.py:538} INFO - Filling up the DagBag from /home/airflow/.local/lib/python3.7/site-packages/airflow/example_dags/example_branch_python_dop_operator_3.py
[2024-02-19T12:34:47.417+0000] {processor.py:753} INFO - DAG(s) dict_keys(['example_branch_dop_operator_v3']) retrieved from /home/airflow/.local/lib/python3.7/site-packages/airflow/example_dags/example_branch_python_dop_operator_3.py
[2024-02-19T12:34:47.431+0000] {logging_mixin.py:137} INFO - [2024-02-19T12:34:47.431+0000] {dag.py:2690} INFO - Sync 1 DAGs
[2024-02-19T12:34:47.447+0000] {logging_mixin.py:137} INFO - [2024-02-19T12:34:47.447+0000] {dag.py:3441} INFO - Setting next_dagrun for example_branch_dop_operator_v3 to 2024-02-19T12:33:00+00:00, run_after=2024-02-19T12:34:00+00:00
[2024-02-19T12:34:47.458+0000] {processor.py:175} INFO - Processing /home/airflow/.local/lib/python3.7/site-packages/airflow/example_dags/example_branch_python_dop_operator_3.py took 0.057 seconds
[2024-02-19T12:35:17.896+0000] {processor.py:153} INFO - Started process (PID=2685) to work on /home/airflow/.local/lib/python3.7/site-packages/airflow/example_dags/example_branch_python_dop_operator_3.py
[2024-02-19T12:35:17.897+0000] {processor.py:743} INFO - Processing file /home/airflow/.local/lib/python3.7/site-packages/airflow/example_dags/example_branch_python_dop_operator_3.py for tasks to queue
[2024-02-19T12:35:17.897+0000] {logging_mixin.py:137} INFO - [2024-02-19T12:35:17.897+0000] {dagbag.py:538} INFO - Filling up the DagBag from /home/airflow/.local/lib/python3.7/site-packages/airflow/example_dags/example_branch_python_dop_operator_3.py
[2024-02-19T12:35:17.911+0000] {processor.py:753} INFO - DAG(s) dict_keys(['example_branch_dop_operator_v3']) retrieved from /home/airflow/.local/lib/python3.7/site-packages/airflow/example_dags/example_branch_python_dop_operator_3.py
[2024-02-19T12:35:17.926+0000] {logging_mixin.py:137} INFO - [2024-02-19T12:35:17.925+0000] {dag.py:2690} INFO - Sync 1 DAGs
[2024-02-19T12:35:17.942+0000] {logging_mixin.py:137} INFO - [2024-02-19T12:35:17.942+0000] {dag.py:3441} INFO - Setting next_dagrun for example_branch_dop_operator_v3 to 2024-02-19T12:34:00+00:00, run_after=2024-02-19T12:35:00+00:00
[2024-02-19T12:35:17.954+0000] {processor.py:175} INFO - Processing /home/airflow/.local/lib/python3.7/site-packages/airflow/example_dags/example_branch_python_dop_operator_3.py took 0.059 seconds
[2024-02-19T12:35:48.466+0000] {processor.py:153} INFO - Started process (PID=2820) to work on /home/airflow/.local/lib/python3.7/site-packages/airflow/example_dags/example_branch_python_dop_operator_3.py
[2024-02-19T12:35:48.467+0000] {processor.py:743} INFO - Processing file /home/airflow/.local/lib/python3.7/site-packages/airflow/example_dags/example_branch_python_dop_operator_3.py for tasks to queue
[2024-02-19T12:35:48.467+0000] {logging_mixin.py:137} INFO - [2024-02-19T12:35:48.467+0000] {dagbag.py:538} INFO - Filling up the DagBag from /home/airflow/.local/lib/python3.7/site-packages/airflow/example_dags/example_branch_python_dop_operator_3.py
[2024-02-19T12:35:48.480+0000] {processor.py:753} INFO - DAG(s) dict_keys(['example_branch_dop_operator_v3']) retrieved from /home/airflow/.local/lib/python3.7/site-packages/airflow/example_dags/example_branch_python_dop_operator_3.py
[2024-02-19T12:35:48.493+0000] {logging_mixin.py:137} INFO - [2024-02-19T12:35:48.493+0000] {dag.py:2690} INFO - Sync 1 DAGs
[2024-02-19T12:35:48.510+0000] {logging_mixin.py:137} INFO - [2024-02-19T12:35:48.510+0000] {dag.py:3441} INFO - Setting next_dagrun for example_branch_dop_operator_v3 to 2024-02-19T12:34:00+00:00, run_after=2024-02-19T12:35:00+00:00
[2024-02-19T12:35:48.521+0000] {processor.py:175} INFO - Processing /home/airflow/.local/lib/python3.7/site-packages/airflow/example_dags/example_branch_python_dop_operator_3.py took 0.057 seconds
[2024-02-19T12:36:19.052+0000] {processor.py:153} INFO - Started process (PID=2923) to work on /home/airflow/.local/lib/python3.7/site-packages/airflow/example_dags/example_branch_python_dop_operator_3.py
[2024-02-19T12:36:19.053+0000] {processor.py:743} INFO - Processing file /home/airflow/.local/lib/python3.7/site-packages/airflow/example_dags/example_branch_python_dop_operator_3.py for tasks to queue
[2024-02-19T12:36:19.053+0000] {logging_mixin.py:137} INFO - [2024-02-19T12:36:19.053+0000] {dagbag.py:538} INFO - Filling up the DagBag from /home/airflow/.local/lib/python3.7/site-packages/airflow/example_dags/example_branch_python_dop_operator_3.py
[2024-02-19T12:36:19.069+0000] {processor.py:753} INFO - DAG(s) dict_keys(['example_branch_dop_operator_v3']) retrieved from /home/airflow/.local/lib/python3.7/site-packages/airflow/example_dags/example_branch_python_dop_operator_3.py
[2024-02-19T12:36:19.083+0000] {logging_mixin.py:137} INFO - [2024-02-19T12:36:19.082+0000] {dag.py:2690} INFO - Sync 1 DAGs
[2024-02-19T12:36:19.099+0000] {logging_mixin.py:137} INFO - [2024-02-19T12:36:19.099+0000] {dag.py:3441} INFO - Setting next_dagrun for example_branch_dop_operator_v3 to 2024-02-19T12:35:00+00:00, run_after=2024-02-19T12:36:00+00:00
[2024-02-19T12:36:19.111+0000] {processor.py:175} INFO - Processing /home/airflow/.local/lib/python3.7/site-packages/airflow/example_dags/example_branch_python_dop_operator_3.py took 0.060 seconds
[2024-02-19T12:36:49.541+0000] {processor.py:153} INFO - Started process (PID=3058) to work on /home/airflow/.local/lib/python3.7/site-packages/airflow/example_dags/example_branch_python_dop_operator_3.py
[2024-02-19T12:36:49.541+0000] {processor.py:743} INFO - Processing file /home/airflow/.local/lib/python3.7/site-packages/airflow/example_dags/example_branch_python_dop_operator_3.py for tasks to queue
[2024-02-19T12:36:49.542+0000] {logging_mixin.py:137} INFO - [2024-02-19T12:36:49.542+0000] {dagbag.py:538} INFO - Filling up the DagBag from /home/airflow/.local/lib/python3.7/site-packages/airflow/example_dags/example_branch_python_dop_operator_3.py
[2024-02-19T12:36:49.555+0000] {processor.py:753} INFO - DAG(s) dict_keys(['example_branch_dop_operator_v3']) retrieved from /home/airflow/.local/lib/python3.7/site-packages/airflow/example_dags/example_branch_python_dop_operator_3.py
[2024-02-19T12:36:49.569+0000] {logging_mixin.py:137} INFO - [2024-02-19T12:36:49.569+0000] {dag.py:2690} INFO - Sync 1 DAGs
[2024-02-19T12:36:49.586+0000] {logging_mixin.py:137} INFO - [2024-02-19T12:36:49.586+0000] {dag.py:3441} INFO - Setting next_dagrun for example_branch_dop_operator_v3 to 2024-02-19T12:35:00+00:00, run_after=2024-02-19T12:36:00+00:00
[2024-02-19T12:36:49.597+0000] {processor.py:175} INFO - Processing /home/airflow/.local/lib/python3.7/site-packages/airflow/example_dags/example_branch_python_dop_operator_3.py took 0.058 seconds
[2024-02-19T12:37:20.010+0000] {processor.py:153} INFO - Started process (PID=3193) to work on /home/airflow/.local/lib/python3.7/site-packages/airflow/example_dags/example_branch_python_dop_operator_3.py
[2024-02-19T12:37:20.010+0000] {processor.py:743} INFO - Processing file /home/airflow/.local/lib/python3.7/site-packages/airflow/example_dags/example_branch_python_dop_operator_3.py for tasks to queue
[2024-02-19T12:37:20.011+0000] {logging_mixin.py:137} INFO - [2024-02-19T12:37:20.011+0000] {dagbag.py:538} INFO - Filling up the DagBag from /home/airflow/.local/lib/python3.7/site-packages/airflow/example_dags/example_branch_python_dop_operator_3.py
[2024-02-19T12:37:20.024+0000] {processor.py:753} INFO - DAG(s) dict_keys(['example_branch_dop_operator_v3']) retrieved from /home/airflow/.local/lib/python3.7/site-packages/airflow/example_dags/example_branch_python_dop_operator_3.py
[2024-02-19T12:37:20.038+0000] {logging_mixin.py:137} INFO - [2024-02-19T12:37:20.038+0000] {dag.py:2690} INFO - Sync 1 DAGs
[2024-02-19T12:37:20.054+0000] {logging_mixin.py:137} INFO - [2024-02-19T12:37:20.054+0000] {dag.py:3441} INFO - Setting next_dagrun for example_branch_dop_operator_v3 to 2024-02-19T12:36:00+00:00, run_after=2024-02-19T12:37:00+00:00
[2024-02-19T12:37:20.065+0000] {processor.py:175} INFO - Processing /home/airflow/.local/lib/python3.7/site-packages/airflow/example_dags/example_branch_python_dop_operator_3.py took 0.057 seconds
[2024-02-19T12:37:50.455+0000] {processor.py:153} INFO - Started process (PID=3296) to work on /home/airflow/.local/lib/python3.7/site-packages/airflow/example_dags/example_branch_python_dop_operator_3.py
[2024-02-19T12:37:50.456+0000] {processor.py:743} INFO - Processing file /home/airflow/.local/lib/python3.7/site-packages/airflow/example_dags/example_branch_python_dop_operator_3.py for tasks to queue
[2024-02-19T12:37:50.456+0000] {logging_mixin.py:137} INFO - [2024-02-19T12:37:50.456+0000] {dagbag.py:538} INFO - Filling up the DagBag from /home/airflow/.local/lib/python3.7/site-packages/airflow/example_dags/example_branch_python_dop_operator_3.py
[2024-02-19T12:37:50.475+0000] {processor.py:753} INFO - DAG(s) dict_keys(['example_branch_dop_operator_v3']) retrieved from /home/airflow/.local/lib/python3.7/site-packages/airflow/example_dags/example_branch_python_dop_operator_3.py
[2024-02-19T12:37:50.492+0000] {logging_mixin.py:137} INFO - [2024-02-19T12:37:50.491+0000] {dag.py:2690} INFO - Sync 1 DAGs
[2024-02-19T12:37:50.512+0000] {logging_mixin.py:137} INFO - [2024-02-19T12:37:50.511+0000] {dag.py:3441} INFO - Setting next_dagrun for example_branch_dop_operator_v3 to 2024-02-19T12:36:00+00:00, run_after=2024-02-19T12:37:00+00:00
[2024-02-19T12:37:50.522+0000] {processor.py:175} INFO - Processing /home/airflow/.local/lib/python3.7/site-packages/airflow/example_dags/example_branch_python_dop_operator_3.py took 0.069 seconds
[2024-02-19T12:38:21.034+0000] {processor.py:153} INFO - Started process (PID=3431) to work on /home/airflow/.local/lib/python3.7/site-packages/airflow/example_dags/example_branch_python_dop_operator_3.py
[2024-02-19T12:38:21.035+0000] {processor.py:743} INFO - Processing file /home/airflow/.local/lib/python3.7/site-packages/airflow/example_dags/example_branch_python_dop_operator_3.py for tasks to queue
[2024-02-19T12:38:21.036+0000] {logging_mixin.py:137} INFO - [2024-02-19T12:38:21.035+0000] {dagbag.py:538} INFO - Filling up the DagBag from /home/airflow/.local/lib/python3.7/site-packages/airflow/example_dags/example_branch_python_dop_operator_3.py
[2024-02-19T12:38:21.051+0000] {processor.py:753} INFO - DAG(s) dict_keys(['example_branch_dop_operator_v3']) retrieved from /home/airflow/.local/lib/python3.7/site-packages/airflow/example_dags/example_branch_python_dop_operator_3.py
[2024-02-19T12:38:21.067+0000] {logging_mixin.py:137} INFO - [2024-02-19T12:38:21.066+0000] {dag.py:2690} INFO - Sync 1 DAGs
[2024-02-19T12:38:21.085+0000] {logging_mixin.py:137} INFO - [2024-02-19T12:38:21.084+0000] {dag.py:3441} INFO - Setting next_dagrun for example_branch_dop_operator_v3 to 2024-02-19T12:37:00+00:00, run_after=2024-02-19T12:38:00+00:00
[2024-02-19T12:38:21.096+0000] {processor.py:175} INFO - Processing /home/airflow/.local/lib/python3.7/site-packages/airflow/example_dags/example_branch_python_dop_operator_3.py took 0.063 seconds
[2024-02-19T12:38:51.566+0000] {processor.py:153} INFO - Started process (PID=3566) to work on /home/airflow/.local/lib/python3.7/site-packages/airflow/example_dags/example_branch_python_dop_operator_3.py
[2024-02-19T12:38:51.566+0000] {processor.py:743} INFO - Processing file /home/airflow/.local/lib/python3.7/site-packages/airflow/example_dags/example_branch_python_dop_operator_3.py for tasks to queue
[2024-02-19T12:38:51.567+0000] {logging_mixin.py:137} INFO - [2024-02-19T12:38:51.567+0000] {dagbag.py:538} INFO - Filling up the DagBag from /home/airflow/.local/lib/python3.7/site-packages/airflow/example_dags/example_branch_python_dop_operator_3.py
[2024-02-19T12:38:51.580+0000] {processor.py:753} INFO - DAG(s) dict_keys(['example_branch_dop_operator_v3']) retrieved from /home/airflow/.local/lib/python3.7/site-packages/airflow/example_dags/example_branch_python_dop_operator_3.py
[2024-02-19T12:38:51.594+0000] {logging_mixin.py:137} INFO - [2024-02-19T12:38:51.594+0000] {dag.py:2690} INFO - Sync 1 DAGs
[2024-02-19T12:38:51.611+0000] {logging_mixin.py:137} INFO - [2024-02-19T12:38:51.611+0000] {dag.py:3441} INFO - Setting next_dagrun for example_branch_dop_operator_v3 to 2024-02-19T12:37:00+00:00, run_after=2024-02-19T12:38:00+00:00
[2024-02-19T12:38:51.622+0000] {processor.py:175} INFO - Processing /home/airflow/.local/lib/python3.7/site-packages/airflow/example_dags/example_branch_python_dop_operator_3.py took 0.058 seconds
[2024-02-19T12:39:22.117+0000] {processor.py:153} INFO - Started process (PID=3669) to work on /home/airflow/.local/lib/python3.7/site-packages/airflow/example_dags/example_branch_python_dop_operator_3.py
[2024-02-19T12:39:22.117+0000] {processor.py:743} INFO - Processing file /home/airflow/.local/lib/python3.7/site-packages/airflow/example_dags/example_branch_python_dop_operator_3.py for tasks to queue
[2024-02-19T12:39:22.118+0000] {logging_mixin.py:137} INFO - [2024-02-19T12:39:22.118+0000] {dagbag.py:538} INFO - Filling up the DagBag from /home/airflow/.local/lib/python3.7/site-packages/airflow/example_dags/example_branch_python_dop_operator_3.py
[2024-02-19T12:39:22.131+0000] {processor.py:753} INFO - DAG(s) dict_keys(['example_branch_dop_operator_v3']) retrieved from /home/airflow/.local/lib/python3.7/site-packages/airflow/example_dags/example_branch_python_dop_operator_3.py
[2024-02-19T12:39:22.146+0000] {logging_mixin.py:137} INFO - [2024-02-19T12:39:22.146+0000] {dag.py:2690} INFO - Sync 1 DAGs
[2024-02-19T12:39:22.164+0000] {logging_mixin.py:137} INFO - [2024-02-19T12:39:22.164+0000] {dag.py:3441} INFO - Setting next_dagrun for example_branch_dop_operator_v3 to 2024-02-19T12:38:00+00:00, run_after=2024-02-19T12:39:00+00:00
[2024-02-19T12:39:22.175+0000] {processor.py:175} INFO - Processing /home/airflow/.local/lib/python3.7/site-packages/airflow/example_dags/example_branch_python_dop_operator_3.py took 0.060 seconds
[2024-02-19T12:39:52.657+0000] {processor.py:153} INFO - Started process (PID=3804) to work on /home/airflow/.local/lib/python3.7/site-packages/airflow/example_dags/example_branch_python_dop_operator_3.py
[2024-02-19T12:39:52.658+0000] {processor.py:743} INFO - Processing file /home/airflow/.local/lib/python3.7/site-packages/airflow/example_dags/example_branch_python_dop_operator_3.py for tasks to queue
[2024-02-19T12:39:52.658+0000] {logging_mixin.py:137} INFO - [2024-02-19T12:39:52.658+0000] {dagbag.py:538} INFO - Filling up the DagBag from /home/airflow/.local/lib/python3.7/site-packages/airflow/example_dags/example_branch_python_dop_operator_3.py
[2024-02-19T12:39:52.671+0000] {processor.py:753} INFO - DAG(s) dict_keys(['example_branch_dop_operator_v3']) retrieved from /home/airflow/.local/lib/python3.7/site-packages/airflow/example_dags/example_branch_python_dop_operator_3.py
[2024-02-19T12:39:52.685+0000] {logging_mixin.py:137} INFO - [2024-02-19T12:39:52.685+0000] {dag.py:2690} INFO - Sync 1 DAGs
[2024-02-19T12:39:52.702+0000] {logging_mixin.py:137} INFO - [2024-02-19T12:39:52.702+0000] {dag.py:3441} INFO - Setting next_dagrun for example_branch_dop_operator_v3 to 2024-02-19T12:38:00+00:00, run_after=2024-02-19T12:39:00+00:00
[2024-02-19T12:39:52.713+0000] {processor.py:175} INFO - Processing /home/airflow/.local/lib/python3.7/site-packages/airflow/example_dags/example_branch_python_dop_operator_3.py took 0.058 seconds
[2024-02-19T12:40:23.156+0000] {processor.py:153} INFO - Started process (PID=3939) to work on /home/airflow/.local/lib/python3.7/site-packages/airflow/example_dags/example_branch_python_dop_operator_3.py
[2024-02-19T12:40:23.156+0000] {processor.py:743} INFO - Processing file /home/airflow/.local/lib/python3.7/site-packages/airflow/example_dags/example_branch_python_dop_operator_3.py for tasks to queue
[2024-02-19T12:40:23.157+0000] {logging_mixin.py:137} INFO - [2024-02-19T12:40:23.157+0000] {dagbag.py:538} INFO - Filling up the DagBag from /home/airflow/.local/lib/python3.7/site-packages/airflow/example_dags/example_branch_python_dop_operator_3.py
[2024-02-19T12:40:23.172+0000] {processor.py:753} INFO - DAG(s) dict_keys(['example_branch_dop_operator_v3']) retrieved from /home/airflow/.local/lib/python3.7/site-packages/airflow/example_dags/example_branch_python_dop_operator_3.py
[2024-02-19T12:40:23.187+0000] {logging_mixin.py:137} INFO - [2024-02-19T12:40:23.187+0000] {dag.py:2690} INFO - Sync 1 DAGs
[2024-02-19T12:40:23.204+0000] {logging_mixin.py:137} INFO - [2024-02-19T12:40:23.204+0000] {dag.py:3441} INFO - Setting next_dagrun for example_branch_dop_operator_v3 to 2024-02-19T12:39:00+00:00, run_after=2024-02-19T12:40:00+00:00
[2024-02-19T12:40:23.216+0000] {processor.py:175} INFO - Processing /home/airflow/.local/lib/python3.7/site-packages/airflow/example_dags/example_branch_python_dop_operator_3.py took 0.062 seconds
[2024-02-19T12:40:53.624+0000] {processor.py:153} INFO - Started process (PID=4043) to work on /home/airflow/.local/lib/python3.7/site-packages/airflow/example_dags/example_branch_python_dop_operator_3.py
[2024-02-19T12:40:53.625+0000] {processor.py:743} INFO - Processing file /home/airflow/.local/lib/python3.7/site-packages/airflow/example_dags/example_branch_python_dop_operator_3.py for tasks to queue
[2024-02-19T12:40:53.625+0000] {logging_mixin.py:137} INFO - [2024-02-19T12:40:53.625+0000] {dagbag.py:538} INFO - Filling up the DagBag from /home/airflow/.local/lib/python3.7/site-packages/airflow/example_dags/example_branch_python_dop_operator_3.py
[2024-02-19T12:40:53.639+0000] {processor.py:753} INFO - DAG(s) dict_keys(['example_branch_dop_operator_v3']) retrieved from /home/airflow/.local/lib/python3.7/site-packages/airflow/example_dags/example_branch_python_dop_operator_3.py
[2024-02-19T12:40:53.653+0000] {logging_mixin.py:137} INFO - [2024-02-19T12:40:53.652+0000] {dag.py:2690} INFO - Sync 1 DAGs
[2024-02-19T12:40:53.670+0000] {logging_mixin.py:137} INFO - [2024-02-19T12:40:53.670+0000] {dag.py:3441} INFO - Setting next_dagrun for example_branch_dop_operator_v3 to 2024-02-19T12:39:00+00:00, run_after=2024-02-19T12:40:00+00:00
[2024-02-19T12:40:53.681+0000] {processor.py:175} INFO - Processing /home/airflow/.local/lib/python3.7/site-packages/airflow/example_dags/example_branch_python_dop_operator_3.py took 0.059 seconds
[2024-02-19T12:41:24.034+0000] {processor.py:153} INFO - Started process (PID=4178) to work on /home/airflow/.local/lib/python3.7/site-packages/airflow/example_dags/example_branch_python_dop_operator_3.py
[2024-02-19T12:41:24.035+0000] {processor.py:743} INFO - Processing file /home/airflow/.local/lib/python3.7/site-packages/airflow/example_dags/example_branch_python_dop_operator_3.py for tasks to queue
[2024-02-19T12:41:24.035+0000] {logging_mixin.py:137} INFO - [2024-02-19T12:41:24.035+0000] {dagbag.py:538} INFO - Filling up the DagBag from /home/airflow/.local/lib/python3.7/site-packages/airflow/example_dags/example_branch_python_dop_operator_3.py
[2024-02-19T12:41:24.048+0000] {processor.py:753} INFO - DAG(s) dict_keys(['example_branch_dop_operator_v3']) retrieved from /home/airflow/.local/lib/python3.7/site-packages/airflow/example_dags/example_branch_python_dop_operator_3.py
[2024-02-19T12:41:24.062+0000] {logging_mixin.py:137} INFO - [2024-02-19T12:41:24.062+0000] {dag.py:2690} INFO - Sync 1 DAGs
[2024-02-19T12:41:24.078+0000] {logging_mixin.py:137} INFO - [2024-02-19T12:41:24.078+0000] {dag.py:3441} INFO - Setting next_dagrun for example_branch_dop_operator_v3 to 2024-02-19T12:40:00+00:00, run_after=2024-02-19T12:41:00+00:00
[2024-02-19T12:41:24.089+0000] {processor.py:175} INFO - Processing /home/airflow/.local/lib/python3.7/site-packages/airflow/example_dags/example_branch_python_dop_operator_3.py took 0.057 seconds
[2024-02-19T12:41:54.700+0000] {processor.py:153} INFO - Started process (PID=4313) to work on /home/airflow/.local/lib/python3.7/site-packages/airflow/example_dags/example_branch_python_dop_operator_3.py
[2024-02-19T12:41:54.700+0000] {processor.py:743} INFO - Processing file /home/airflow/.local/lib/python3.7/site-packages/airflow/example_dags/example_branch_python_dop_operator_3.py for tasks to queue
[2024-02-19T12:41:54.701+0000] {logging_mixin.py:137} INFO - [2024-02-19T12:41:54.701+0000] {dagbag.py:538} INFO - Filling up the DagBag from /home/airflow/.local/lib/python3.7/site-packages/airflow/example_dags/example_branch_python_dop_operator_3.py
[2024-02-19T12:41:54.721+0000] {processor.py:753} INFO - DAG(s) dict_keys(['example_branch_dop_operator_v3']) retrieved from /home/airflow/.local/lib/python3.7/site-packages/airflow/example_dags/example_branch_python_dop_operator_3.py
[2024-02-19T12:41:54.740+0000] {logging_mixin.py:137} INFO - [2024-02-19T12:41:54.740+0000] {dag.py:2690} INFO - Sync 1 DAGs
[2024-02-19T12:41:54.767+0000] {logging_mixin.py:137} INFO - [2024-02-19T12:41:54.767+0000] {dag.py:3441} INFO - Setting next_dagrun for example_branch_dop_operator_v3 to 2024-02-19T12:40:00+00:00, run_after=2024-02-19T12:41:00+00:00
[2024-02-19T12:41:54.784+0000] {processor.py:175} INFO - Processing /home/airflow/.local/lib/python3.7/site-packages/airflow/example_dags/example_branch_python_dop_operator_3.py took 0.086 seconds
[2024-02-19T12:42:25.304+0000] {processor.py:153} INFO - Started process (PID=4416) to work on /home/airflow/.local/lib/python3.7/site-packages/airflow/example_dags/example_branch_python_dop_operator_3.py
[2024-02-19T12:42:25.305+0000] {processor.py:743} INFO - Processing file /home/airflow/.local/lib/python3.7/site-packages/airflow/example_dags/example_branch_python_dop_operator_3.py for tasks to queue
[2024-02-19T12:42:25.305+0000] {logging_mixin.py:137} INFO - [2024-02-19T12:42:25.305+0000] {dagbag.py:538} INFO - Filling up the DagBag from /home/airflow/.local/lib/python3.7/site-packages/airflow/example_dags/example_branch_python_dop_operator_3.py
[2024-02-19T12:42:25.320+0000] {processor.py:753} INFO - DAG(s) dict_keys(['example_branch_dop_operator_v3']) retrieved from /home/airflow/.local/lib/python3.7/site-packages/airflow/example_dags/example_branch_python_dop_operator_3.py
[2024-02-19T12:42:25.337+0000] {logging_mixin.py:137} INFO - [2024-02-19T12:42:25.337+0000] {dag.py:2690} INFO - Sync 1 DAGs
[2024-02-19T12:42:25.355+0000] {logging_mixin.py:137} INFO - [2024-02-19T12:42:25.355+0000] {dag.py:3441} INFO - Setting next_dagrun for example_branch_dop_operator_v3 to 2024-02-19T12:41:00+00:00, run_after=2024-02-19T12:42:00+00:00
[2024-02-19T12:42:25.366+0000] {processor.py:175} INFO - Processing /home/airflow/.local/lib/python3.7/site-packages/airflow/example_dags/example_branch_python_dop_operator_3.py took 0.064 seconds
[2024-02-19T12:42:55.831+0000] {processor.py:153} INFO - Started process (PID=4551) to work on /home/airflow/.local/lib/python3.7/site-packages/airflow/example_dags/example_branch_python_dop_operator_3.py
[2024-02-19T12:42:55.831+0000] {processor.py:743} INFO - Processing file /home/airflow/.local/lib/python3.7/site-packages/airflow/example_dags/example_branch_python_dop_operator_3.py for tasks to queue
[2024-02-19T12:42:55.832+0000] {logging_mixin.py:137} INFO - [2024-02-19T12:42:55.832+0000] {dagbag.py:538} INFO - Filling up the DagBag from /home/airflow/.local/lib/python3.7/site-packages/airflow/example_dags/example_branch_python_dop_operator_3.py
[2024-02-19T12:42:55.845+0000] {processor.py:753} INFO - DAG(s) dict_keys(['example_branch_dop_operator_v3']) retrieved from /home/airflow/.local/lib/python3.7/site-packages/airflow/example_dags/example_branch_python_dop_operator_3.py
[2024-02-19T12:42:55.858+0000] {logging_mixin.py:137} INFO - [2024-02-19T12:42:55.858+0000] {dag.py:2690} INFO - Sync 1 DAGs
[2024-02-19T12:42:55.875+0000] {logging_mixin.py:137} INFO - [2024-02-19T12:42:55.875+0000] {dag.py:3441} INFO - Setting next_dagrun for example_branch_dop_operator_v3 to 2024-02-19T12:41:00+00:00, run_after=2024-02-19T12:42:00+00:00
[2024-02-19T12:42:55.886+0000] {processor.py:175} INFO - Processing /home/airflow/.local/lib/python3.7/site-packages/airflow/example_dags/example_branch_python_dop_operator_3.py took 0.057 seconds
[2024-02-19T12:43:26.602+0000] {processor.py:153} INFO - Started process (PID=4686) to work on /home/airflow/.local/lib/python3.7/site-packages/airflow/example_dags/example_branch_python_dop_operator_3.py
[2024-02-19T12:43:26.603+0000] {processor.py:743} INFO - Processing file /home/airflow/.local/lib/python3.7/site-packages/airflow/example_dags/example_branch_python_dop_operator_3.py for tasks to queue
[2024-02-19T12:43:26.604+0000] {logging_mixin.py:137} INFO - [2024-02-19T12:43:26.603+0000] {dagbag.py:538} INFO - Filling up the DagBag from /home/airflow/.local/lib/python3.7/site-packages/airflow/example_dags/example_branch_python_dop_operator_3.py
[2024-02-19T12:43:26.618+0000] {processor.py:753} INFO - DAG(s) dict_keys(['example_branch_dop_operator_v3']) retrieved from /home/airflow/.local/lib/python3.7/site-packages/airflow/example_dags/example_branch_python_dop_operator_3.py
[2024-02-19T12:43:26.633+0000] {logging_mixin.py:137} INFO - [2024-02-19T12:43:26.633+0000] {dag.py:2690} INFO - Sync 1 DAGs
[2024-02-19T12:43:26.652+0000] {logging_mixin.py:137} INFO - [2024-02-19T12:43:26.652+0000] {dag.py:3441} INFO - Setting next_dagrun for example_branch_dop_operator_v3 to 2024-02-19T12:42:00+00:00, run_after=2024-02-19T12:43:00+00:00
[2024-02-19T12:43:26.664+0000] {processor.py:175} INFO - Processing /home/airflow/.local/lib/python3.7/site-packages/airflow/example_dags/example_branch_python_dop_operator_3.py took 0.064 seconds
[2024-02-19T12:43:57.082+0000] {processor.py:153} INFO - Started process (PID=4789) to work on /home/airflow/.local/lib/python3.7/site-packages/airflow/example_dags/example_branch_python_dop_operator_3.py
[2024-02-19T12:43:57.083+0000] {processor.py:743} INFO - Processing file /home/airflow/.local/lib/python3.7/site-packages/airflow/example_dags/example_branch_python_dop_operator_3.py for tasks to queue
[2024-02-19T12:43:57.083+0000] {logging_mixin.py:137} INFO - [2024-02-19T12:43:57.083+0000] {dagbag.py:538} INFO - Filling up the DagBag from /home/airflow/.local/lib/python3.7/site-packages/airflow/example_dags/example_branch_python_dop_operator_3.py
[2024-02-19T12:43:57.099+0000] {processor.py:753} INFO - DAG(s) dict_keys(['example_branch_dop_operator_v3']) retrieved from /home/airflow/.local/lib/python3.7/site-packages/airflow/example_dags/example_branch_python_dop_operator_3.py
[2024-02-19T12:43:57.113+0000] {logging_mixin.py:137} INFO - [2024-02-19T12:43:57.112+0000] {dag.py:2690} INFO - Sync 1 DAGs
[2024-02-19T12:43:57.129+0000] {logging_mixin.py:137} INFO - [2024-02-19T12:43:57.129+0000] {dag.py:3441} INFO - Setting next_dagrun for example_branch_dop_operator_v3 to 2024-02-19T12:42:00+00:00, run_after=2024-02-19T12:43:00+00:00
[2024-02-19T12:43:57.139+0000] {processor.py:175} INFO - Processing /home/airflow/.local/lib/python3.7/site-packages/airflow/example_dags/example_branch_python_dop_operator_3.py took 0.059 seconds
[2024-02-19T12:44:27.534+0000] {processor.py:153} INFO - Started process (PID=4923) to work on /home/airflow/.local/lib/python3.7/site-packages/airflow/example_dags/example_branch_python_dop_operator_3.py
[2024-02-19T12:44:27.534+0000] {processor.py:743} INFO - Processing file /home/airflow/.local/lib/python3.7/site-packages/airflow/example_dags/example_branch_python_dop_operator_3.py for tasks to queue
[2024-02-19T12:44:27.534+0000] {logging_mixin.py:137} INFO - [2024-02-19T12:44:27.534+0000] {dagbag.py:538} INFO - Filling up the DagBag from /home/airflow/.local/lib/python3.7/site-packages/airflow/example_dags/example_branch_python_dop_operator_3.py
[2024-02-19T12:44:27.548+0000] {processor.py:753} INFO - DAG(s) dict_keys(['example_branch_dop_operator_v3']) retrieved from /home/airflow/.local/lib/python3.7/site-packages/airflow/example_dags/example_branch_python_dop_operator_3.py
[2024-02-19T12:44:27.563+0000] {logging_mixin.py:137} INFO - [2024-02-19T12:44:27.563+0000] {dag.py:2690} INFO - Sync 1 DAGs
[2024-02-19T12:44:27.580+0000] {logging_mixin.py:137} INFO - [2024-02-19T12:44:27.580+0000] {dag.py:3441} INFO - Setting next_dagrun for example_branch_dop_operator_v3 to 2024-02-19T12:43:00+00:00, run_after=2024-02-19T12:44:00+00:00
[2024-02-19T12:44:27.592+0000] {processor.py:175} INFO - Processing /home/airflow/.local/lib/python3.7/site-packages/airflow/example_dags/example_branch_python_dop_operator_3.py took 0.060 seconds
[2024-02-19T12:44:58.324+0000] {processor.py:153} INFO - Started process (PID=5058) to work on /home/airflow/.local/lib/python3.7/site-packages/airflow/example_dags/example_branch_python_dop_operator_3.py
[2024-02-19T12:44:58.325+0000] {processor.py:743} INFO - Processing file /home/airflow/.local/lib/python3.7/site-packages/airflow/example_dags/example_branch_python_dop_operator_3.py for tasks to queue
[2024-02-19T12:44:58.326+0000] {logging_mixin.py:137} INFO - [2024-02-19T12:44:58.325+0000] {dagbag.py:538} INFO - Filling up the DagBag from /home/airflow/.local/lib/python3.7/site-packages/airflow/example_dags/example_branch_python_dop_operator_3.py
[2024-02-19T12:44:58.339+0000] {processor.py:753} INFO - DAG(s) dict_keys(['example_branch_dop_operator_v3']) retrieved from /home/airflow/.local/lib/python3.7/site-packages/airflow/example_dags/example_branch_python_dop_operator_3.py
[2024-02-19T12:44:58.353+0000] {logging_mixin.py:137} INFO - [2024-02-19T12:44:58.353+0000] {dag.py:2690} INFO - Sync 1 DAGs
[2024-02-19T12:44:58.370+0000] {logging_mixin.py:137} INFO - [2024-02-19T12:44:58.370+0000] {dag.py:3441} INFO - Setting next_dagrun for example_branch_dop_operator_v3 to 2024-02-19T12:43:00+00:00, run_after=2024-02-19T12:44:00+00:00
[2024-02-19T12:44:58.382+0000] {processor.py:175} INFO - Processing /home/airflow/.local/lib/python3.7/site-packages/airflow/example_dags/example_branch_python_dop_operator_3.py took 0.060 seconds
[2024-02-19T12:45:28.818+0000] {processor.py:153} INFO - Started process (PID=5161) to work on /home/airflow/.local/lib/python3.7/site-packages/airflow/example_dags/example_branch_python_dop_operator_3.py
[2024-02-19T12:45:28.818+0000] {processor.py:743} INFO - Processing file /home/airflow/.local/lib/python3.7/site-packages/airflow/example_dags/example_branch_python_dop_operator_3.py for tasks to queue
[2024-02-19T12:45:28.819+0000] {logging_mixin.py:137} INFO - [2024-02-19T12:45:28.819+0000] {dagbag.py:538} INFO - Filling up the DagBag from /home/airflow/.local/lib/python3.7/site-packages/airflow/example_dags/example_branch_python_dop_operator_3.py
[2024-02-19T12:45:28.832+0000] {processor.py:753} INFO - DAG(s) dict_keys(['example_branch_dop_operator_v3']) retrieved from /home/airflow/.local/lib/python3.7/site-packages/airflow/example_dags/example_branch_python_dop_operator_3.py
[2024-02-19T12:45:28.846+0000] {logging_mixin.py:137} INFO - [2024-02-19T12:45:28.846+0000] {dag.py:2690} INFO - Sync 1 DAGs
[2024-02-19T12:45:28.863+0000] {logging_mixin.py:137} INFO - [2024-02-19T12:45:28.863+0000] {dag.py:3441} INFO - Setting next_dagrun for example_branch_dop_operator_v3 to 2024-02-19T12:44:00+00:00, run_after=2024-02-19T12:45:00+00:00
[2024-02-19T12:45:28.874+0000] {processor.py:175} INFO - Processing /home/airflow/.local/lib/python3.7/site-packages/airflow/example_dags/example_branch_python_dop_operator_3.py took 0.058 seconds
[2024-02-19T12:45:59.340+0000] {processor.py:153} INFO - Started process (PID=5296) to work on /home/airflow/.local/lib/python3.7/site-packages/airflow/example_dags/example_branch_python_dop_operator_3.py
[2024-02-19T12:45:59.341+0000] {processor.py:743} INFO - Processing file /home/airflow/.local/lib/python3.7/site-packages/airflow/example_dags/example_branch_python_dop_operator_3.py for tasks to queue
[2024-02-19T12:45:59.341+0000] {logging_mixin.py:137} INFO - [2024-02-19T12:45:59.341+0000] {dagbag.py:538} INFO - Filling up the DagBag from /home/airflow/.local/lib/python3.7/site-packages/airflow/example_dags/example_branch_python_dop_operator_3.py
[2024-02-19T12:45:59.354+0000] {processor.py:753} INFO - DAG(s) dict_keys(['example_branch_dop_operator_v3']) retrieved from /home/airflow/.local/lib/python3.7/site-packages/airflow/example_dags/example_branch_python_dop_operator_3.py
[2024-02-19T12:45:59.368+0000] {logging_mixin.py:137} INFO - [2024-02-19T12:45:59.367+0000] {dag.py:2690} INFO - Sync 1 DAGs
[2024-02-19T12:45:59.384+0000] {logging_mixin.py:137} INFO - [2024-02-19T12:45:59.383+0000] {dag.py:3441} INFO - Setting next_dagrun for example_branch_dop_operator_v3 to 2024-02-19T12:44:00+00:00, run_after=2024-02-19T12:45:00+00:00
[2024-02-19T12:45:59.394+0000] {processor.py:175} INFO - Processing /home/airflow/.local/lib/python3.7/site-packages/airflow/example_dags/example_branch_python_dop_operator_3.py took 0.055 seconds
[2024-02-19T12:46:29.968+0000] {processor.py:153} INFO - Started process (PID=5431) to work on /home/airflow/.local/lib/python3.7/site-packages/airflow/example_dags/example_branch_python_dop_operator_3.py
[2024-02-19T12:46:29.969+0000] {processor.py:743} INFO - Processing file /home/airflow/.local/lib/python3.7/site-packages/airflow/example_dags/example_branch_python_dop_operator_3.py for tasks to queue
[2024-02-19T12:46:29.969+0000] {logging_mixin.py:137} INFO - [2024-02-19T12:46:29.969+0000] {dagbag.py:538} INFO - Filling up the DagBag from /home/airflow/.local/lib/python3.7/site-packages/airflow/example_dags/example_branch_python_dop_operator_3.py
[2024-02-19T12:46:29.984+0000] {processor.py:753} INFO - DAG(s) dict_keys(['example_branch_dop_operator_v3']) retrieved from /home/airflow/.local/lib/python3.7/site-packages/airflow/example_dags/example_branch_python_dop_operator_3.py
[2024-02-19T12:46:29.999+0000] {logging_mixin.py:137} INFO - [2024-02-19T12:46:29.999+0000] {dag.py:2690} INFO - Sync 1 DAGs
[2024-02-19T12:46:30.018+0000] {logging_mixin.py:137} INFO - [2024-02-19T12:46:30.018+0000] {dag.py:3441} INFO - Setting next_dagrun for example_branch_dop_operator_v3 to 2024-02-19T12:45:00+00:00, run_after=2024-02-19T12:46:00+00:00
[2024-02-19T12:46:30.031+0000] {processor.py:175} INFO - Processing /home/airflow/.local/lib/python3.7/site-packages/airflow/example_dags/example_branch_python_dop_operator_3.py took 0.065 seconds
[2024-02-19T12:47:00.532+0000] {processor.py:153} INFO - Started process (PID=5534) to work on /home/airflow/.local/lib/python3.7/site-packages/airflow/example_dags/example_branch_python_dop_operator_3.py
[2024-02-19T12:47:00.533+0000] {processor.py:743} INFO - Processing file /home/airflow/.local/lib/python3.7/site-packages/airflow/example_dags/example_branch_python_dop_operator_3.py for tasks to queue
[2024-02-19T12:47:00.533+0000] {logging_mixin.py:137} INFO - [2024-02-19T12:47:00.533+0000] {dagbag.py:538} INFO - Filling up the DagBag from /home/airflow/.local/lib/python3.7/site-packages/airflow/example_dags/example_branch_python_dop_operator_3.py
[2024-02-19T12:47:00.547+0000] {processor.py:753} INFO - DAG(s) dict_keys(['example_branch_dop_operator_v3']) retrieved from /home/airflow/.local/lib/python3.7/site-packages/airflow/example_dags/example_branch_python_dop_operator_3.py
[2024-02-19T12:47:00.561+0000] {logging_mixin.py:137} INFO - [2024-02-19T12:47:00.560+0000] {dag.py:2690} INFO - Sync 1 DAGs
[2024-02-19T12:47:00.578+0000] {logging_mixin.py:137} INFO - [2024-02-19T12:47:00.578+0000] {dag.py:3441} INFO - Setting next_dagrun for example_branch_dop_operator_v3 to 2024-02-19T12:46:00+00:00, run_after=2024-02-19T12:47:00+00:00
[2024-02-19T12:47:00.589+0000] {processor.py:175} INFO - Processing /home/airflow/.local/lib/python3.7/site-packages/airflow/example_dags/example_branch_python_dop_operator_3.py took 0.058 seconds
[2024-02-19T12:47:30.978+0000] {processor.py:153} INFO - Started process (PID=5669) to work on /home/airflow/.local/lib/python3.7/site-packages/airflow/example_dags/example_branch_python_dop_operator_3.py
[2024-02-19T12:47:30.979+0000] {processor.py:743} INFO - Processing file /home/airflow/.local/lib/python3.7/site-packages/airflow/example_dags/example_branch_python_dop_operator_3.py for tasks to queue
[2024-02-19T12:47:30.979+0000] {logging_mixin.py:137} INFO - [2024-02-19T12:47:30.979+0000] {dagbag.py:538} INFO - Filling up the DagBag from /home/airflow/.local/lib/python3.7/site-packages/airflow/example_dags/example_branch_python_dop_operator_3.py
[2024-02-19T12:47:30.993+0000] {processor.py:753} INFO - DAG(s) dict_keys(['example_branch_dop_operator_v3']) retrieved from /home/airflow/.local/lib/python3.7/site-packages/airflow/example_dags/example_branch_python_dop_operator_3.py
[2024-02-19T12:47:31.007+0000] {logging_mixin.py:137} INFO - [2024-02-19T12:47:31.007+0000] {dag.py:2690} INFO - Sync 1 DAGs
[2024-02-19T12:47:31.025+0000] {logging_mixin.py:137} INFO - [2024-02-19T12:47:31.025+0000] {dag.py:3441} INFO - Setting next_dagrun for example_branch_dop_operator_v3 to 2024-02-19T12:46:00+00:00, run_after=2024-02-19T12:47:00+00:00
[2024-02-19T12:47:31.037+0000] {processor.py:175} INFO - Processing /home/airflow/.local/lib/python3.7/site-packages/airflow/example_dags/example_branch_python_dop_operator_3.py took 0.060 seconds
[2024-02-19T12:48:01.467+0000] {processor.py:153} INFO - Started process (PID=5781) to work on /home/airflow/.local/lib/python3.7/site-packages/airflow/example_dags/example_branch_python_dop_operator_3.py
[2024-02-19T12:48:01.468+0000] {processor.py:743} INFO - Processing file /home/airflow/.local/lib/python3.7/site-packages/airflow/example_dags/example_branch_python_dop_operator_3.py for tasks to queue
[2024-02-19T12:48:01.469+0000] {logging_mixin.py:137} INFO - [2024-02-19T12:48:01.468+0000] {dagbag.py:538} INFO - Filling up the DagBag from /home/airflow/.local/lib/python3.7/site-packages/airflow/example_dags/example_branch_python_dop_operator_3.py
[2024-02-19T12:48:01.488+0000] {processor.py:753} INFO - DAG(s) dict_keys(['example_branch_dop_operator_v3']) retrieved from /home/airflow/.local/lib/python3.7/site-packages/airflow/example_dags/example_branch_python_dop_operator_3.py
[2024-02-19T12:48:01.523+0000] {logging_mixin.py:137} INFO - [2024-02-19T12:48:01.523+0000] {dag.py:2690} INFO - Sync 1 DAGs
[2024-02-19T12:48:01.571+0000] {logging_mixin.py:137} INFO - [2024-02-19T12:48:01.571+0000] {dag.py:3441} INFO - Setting next_dagrun for example_branch_dop_operator_v3 to 2024-02-19T12:47:00+00:00, run_after=2024-02-19T12:48:00+00:00
[2024-02-19T12:48:01.592+0000] {processor.py:175} INFO - Processing /home/airflow/.local/lib/python3.7/site-packages/airflow/example_dags/example_branch_python_dop_operator_3.py took 0.128 seconds
[2024-02-19T12:48:32.151+0000] {processor.py:153} INFO - Started process (PID=5907) to work on /home/airflow/.local/lib/python3.7/site-packages/airflow/example_dags/example_branch_python_dop_operator_3.py
[2024-02-19T12:48:32.151+0000] {processor.py:743} INFO - Processing file /home/airflow/.local/lib/python3.7/site-packages/airflow/example_dags/example_branch_python_dop_operator_3.py for tasks to queue
[2024-02-19T12:48:32.152+0000] {logging_mixin.py:137} INFO - [2024-02-19T12:48:32.152+0000] {dagbag.py:538} INFO - Filling up the DagBag from /home/airflow/.local/lib/python3.7/site-packages/airflow/example_dags/example_branch_python_dop_operator_3.py
[2024-02-19T12:48:32.166+0000] {processor.py:753} INFO - DAG(s) dict_keys(['example_branch_dop_operator_v3']) retrieved from /home/airflow/.local/lib/python3.7/site-packages/airflow/example_dags/example_branch_python_dop_operator_3.py
[2024-02-19T12:48:32.179+0000] {logging_mixin.py:137} INFO - [2024-02-19T12:48:32.179+0000] {dag.py:2690} INFO - Sync 1 DAGs
[2024-02-19T12:48:32.196+0000] {logging_mixin.py:137} INFO - [2024-02-19T12:48:32.196+0000] {dag.py:3441} INFO - Setting next_dagrun for example_branch_dop_operator_v3 to 2024-02-19T12:47:00+00:00, run_after=2024-02-19T12:48:00+00:00
[2024-02-19T12:48:32.209+0000] {processor.py:175} INFO - Processing /home/airflow/.local/lib/python3.7/site-packages/airflow/example_dags/example_branch_python_dop_operator_3.py took 0.059 seconds
[2024-02-19T12:49:02.765+0000] {processor.py:153} INFO - Started process (PID=6042) to work on /home/airflow/.local/lib/python3.7/site-packages/airflow/example_dags/example_branch_python_dop_operator_3.py
[2024-02-19T12:49:02.766+0000] {processor.py:743} INFO - Processing file /home/airflow/.local/lib/python3.7/site-packages/airflow/example_dags/example_branch_python_dop_operator_3.py for tasks to queue
[2024-02-19T12:49:02.766+0000] {logging_mixin.py:137} INFO - [2024-02-19T12:49:02.766+0000] {dagbag.py:538} INFO - Filling up the DagBag from /home/airflow/.local/lib/python3.7/site-packages/airflow/example_dags/example_branch_python_dop_operator_3.py
[2024-02-19T12:49:02.779+0000] {processor.py:753} INFO - DAG(s) dict_keys(['example_branch_dop_operator_v3']) retrieved from /home/airflow/.local/lib/python3.7/site-packages/airflow/example_dags/example_branch_python_dop_operator_3.py
[2024-02-19T12:49:02.794+0000] {logging_mixin.py:137} INFO - [2024-02-19T12:49:02.794+0000] {dag.py:2690} INFO - Sync 1 DAGs
[2024-02-19T12:49:02.812+0000] {logging_mixin.py:137} INFO - [2024-02-19T12:49:02.812+0000] {dag.py:3441} INFO - Setting next_dagrun for example_branch_dop_operator_v3 to 2024-02-19T12:48:00+00:00, run_after=2024-02-19T12:49:00+00:00
[2024-02-19T12:49:02.823+0000] {processor.py:175} INFO - Processing /home/airflow/.local/lib/python3.7/site-packages/airflow/example_dags/example_branch_python_dop_operator_3.py took 0.060 seconds
[2024-02-19T12:49:33.454+0000] {processor.py:153} INFO - Started process (PID=6177) to work on /home/airflow/.local/lib/python3.7/site-packages/airflow/example_dags/example_branch_python_dop_operator_3.py
[2024-02-19T12:49:33.454+0000] {processor.py:743} INFO - Processing file /home/airflow/.local/lib/python3.7/site-packages/airflow/example_dags/example_branch_python_dop_operator_3.py for tasks to queue
[2024-02-19T12:49:33.455+0000] {logging_mixin.py:137} INFO - [2024-02-19T12:49:33.455+0000] {dagbag.py:538} INFO - Filling up the DagBag from /home/airflow/.local/lib/python3.7/site-packages/airflow/example_dags/example_branch_python_dop_operator_3.py
[2024-02-19T12:49:33.469+0000] {processor.py:753} INFO - DAG(s) dict_keys(['example_branch_dop_operator_v3']) retrieved from /home/airflow/.local/lib/python3.7/site-packages/airflow/example_dags/example_branch_python_dop_operator_3.py
[2024-02-19T12:49:33.484+0000] {logging_mixin.py:137} INFO - [2024-02-19T12:49:33.484+0000] {dag.py:2690} INFO - Sync 1 DAGs
[2024-02-19T12:49:33.501+0000] {logging_mixin.py:137} INFO - [2024-02-19T12:49:33.501+0000] {dag.py:3441} INFO - Setting next_dagrun for example_branch_dop_operator_v3 to 2024-02-19T12:48:00+00:00, run_after=2024-02-19T12:49:00+00:00
[2024-02-19T12:49:33.514+0000] {processor.py:175} INFO - Processing /home/airflow/.local/lib/python3.7/site-packages/airflow/example_dags/example_branch_python_dop_operator_3.py took 0.062 seconds
[2024-02-19T12:50:04.018+0000] {processor.py:153} INFO - Started process (PID=6280) to work on /home/airflow/.local/lib/python3.7/site-packages/airflow/example_dags/example_branch_python_dop_operator_3.py
[2024-02-19T12:50:04.019+0000] {processor.py:743} INFO - Processing file /home/airflow/.local/lib/python3.7/site-packages/airflow/example_dags/example_branch_python_dop_operator_3.py for tasks to queue
[2024-02-19T12:50:04.019+0000] {logging_mixin.py:137} INFO - [2024-02-19T12:50:04.019+0000] {dagbag.py:538} INFO - Filling up the DagBag from /home/airflow/.local/lib/python3.7/site-packages/airflow/example_dags/example_branch_python_dop_operator_3.py
[2024-02-19T12:50:04.040+0000] {processor.py:753} INFO - DAG(s) dict_keys(['example_branch_dop_operator_v3']) retrieved from /home/airflow/.local/lib/python3.7/site-packages/airflow/example_dags/example_branch_python_dop_operator_3.py
[2024-02-19T12:50:04.054+0000] {logging_mixin.py:137} INFO - [2024-02-19T12:50:04.054+0000] {dag.py:2690} INFO - Sync 1 DAGs
[2024-02-19T12:50:04.072+0000] {logging_mixin.py:137} INFO - [2024-02-19T12:50:04.072+0000] {dag.py:3441} INFO - Setting next_dagrun for example_branch_dop_operator_v3 to 2024-02-19T12:49:00+00:00, run_after=2024-02-19T12:50:00+00:00
[2024-02-19T12:50:04.084+0000] {processor.py:175} INFO - Processing /home/airflow/.local/lib/python3.7/site-packages/airflow/example_dags/example_branch_python_dop_operator_3.py took 0.068 seconds
[2024-02-19T12:50:34.465+0000] {processor.py:153} INFO - Started process (PID=6415) to work on /home/airflow/.local/lib/python3.7/site-packages/airflow/example_dags/example_branch_python_dop_operator_3.py
[2024-02-19T12:50:34.466+0000] {processor.py:743} INFO - Processing file /home/airflow/.local/lib/python3.7/site-packages/airflow/example_dags/example_branch_python_dop_operator_3.py for tasks to queue
[2024-02-19T12:50:34.466+0000] {logging_mixin.py:137} INFO - [2024-02-19T12:50:34.466+0000] {dagbag.py:538} INFO - Filling up the DagBag from /home/airflow/.local/lib/python3.7/site-packages/airflow/example_dags/example_branch_python_dop_operator_3.py
[2024-02-19T12:50:34.480+0000] {processor.py:753} INFO - DAG(s) dict_keys(['example_branch_dop_operator_v3']) retrieved from /home/airflow/.local/lib/python3.7/site-packages/airflow/example_dags/example_branch_python_dop_operator_3.py
[2024-02-19T12:50:34.494+0000] {logging_mixin.py:137} INFO - [2024-02-19T12:50:34.494+0000] {dag.py:2690} INFO - Sync 1 DAGs
[2024-02-19T12:50:34.510+0000] {logging_mixin.py:137} INFO - [2024-02-19T12:50:34.510+0000] {dag.py:3441} INFO - Setting next_dagrun for example_branch_dop_operator_v3 to 2024-02-19T12:49:00+00:00, run_after=2024-02-19T12:50:00+00:00
[2024-02-19T12:50:34.523+0000] {processor.py:175} INFO - Processing /home/airflow/.local/lib/python3.7/site-packages/airflow/example_dags/example_branch_python_dop_operator_3.py took 0.060 seconds
[2024-02-19T12:51:05.013+0000] {processor.py:153} INFO - Started process (PID=6517) to work on /home/airflow/.local/lib/python3.7/site-packages/airflow/example_dags/example_branch_python_dop_operator_3.py
[2024-02-19T12:51:05.014+0000] {processor.py:743} INFO - Processing file /home/airflow/.local/lib/python3.7/site-packages/airflow/example_dags/example_branch_python_dop_operator_3.py for tasks to queue
[2024-02-19T12:51:05.014+0000] {logging_mixin.py:137} INFO - [2024-02-19T12:51:05.014+0000] {dagbag.py:538} INFO - Filling up the DagBag from /home/airflow/.local/lib/python3.7/site-packages/airflow/example_dags/example_branch_python_dop_operator_3.py
[2024-02-19T12:51:05.033+0000] {processor.py:753} INFO - DAG(s) dict_keys(['example_branch_dop_operator_v3']) retrieved from /home/airflow/.local/lib/python3.7/site-packages/airflow/example_dags/example_branch_python_dop_operator_3.py
[2024-02-19T12:51:05.051+0000] {logging_mixin.py:137} INFO - [2024-02-19T12:51:05.051+0000] {dag.py:2690} INFO - Sync 1 DAGs
[2024-02-19T12:51:05.078+0000] {logging_mixin.py:137} INFO - [2024-02-19T12:51:05.078+0000] {dag.py:3441} INFO - Setting next_dagrun for example_branch_dop_operator_v3 to 2024-02-19T12:50:00+00:00, run_after=2024-02-19T12:51:00+00:00
[2024-02-19T12:51:05.095+0000] {processor.py:175} INFO - Processing /home/airflow/.local/lib/python3.7/site-packages/airflow/example_dags/example_branch_python_dop_operator_3.py took 0.084 seconds
[2024-02-19T12:51:35.857+0000] {processor.py:153} INFO - Started process (PID=6652) to work on /home/airflow/.local/lib/python3.7/site-packages/airflow/example_dags/example_branch_python_dop_operator_3.py
[2024-02-19T12:51:35.858+0000] {processor.py:743} INFO - Processing file /home/airflow/.local/lib/python3.7/site-packages/airflow/example_dags/example_branch_python_dop_operator_3.py for tasks to queue
[2024-02-19T12:51:35.859+0000] {logging_mixin.py:137} INFO - [2024-02-19T12:51:35.859+0000] {dagbag.py:538} INFO - Filling up the DagBag from /home/airflow/.local/lib/python3.7/site-packages/airflow/example_dags/example_branch_python_dop_operator_3.py
[2024-02-19T12:51:35.876+0000] {processor.py:753} INFO - DAG(s) dict_keys(['example_branch_dop_operator_v3']) retrieved from /home/airflow/.local/lib/python3.7/site-packages/airflow/example_dags/example_branch_python_dop_operator_3.py
[2024-02-19T12:51:35.893+0000] {logging_mixin.py:137} INFO - [2024-02-19T12:51:35.893+0000] {dag.py:2690} INFO - Sync 1 DAGs
[2024-02-19T12:51:35.914+0000] {logging_mixin.py:137} INFO - [2024-02-19T12:51:35.914+0000] {dag.py:3441} INFO - Setting next_dagrun for example_branch_dop_operator_v3 to 2024-02-19T12:50:00+00:00, run_after=2024-02-19T12:51:00+00:00
[2024-02-19T12:51:35.928+0000] {processor.py:175} INFO - Processing /home/airflow/.local/lib/python3.7/site-packages/airflow/example_dags/example_branch_python_dop_operator_3.py took 0.073 seconds
[2024-02-19T12:52:06.834+0000] {processor.py:153} INFO - Started process (PID=6787) to work on /home/airflow/.local/lib/python3.7/site-packages/airflow/example_dags/example_branch_python_dop_operator_3.py
[2024-02-19T12:52:06.835+0000] {processor.py:743} INFO - Processing file /home/airflow/.local/lib/python3.7/site-packages/airflow/example_dags/example_branch_python_dop_operator_3.py for tasks to queue
[2024-02-19T12:52:06.835+0000] {logging_mixin.py:137} INFO - [2024-02-19T12:52:06.835+0000] {dagbag.py:538} INFO - Filling up the DagBag from /home/airflow/.local/lib/python3.7/site-packages/airflow/example_dags/example_branch_python_dop_operator_3.py
[2024-02-19T12:52:06.869+0000] {processor.py:753} INFO - DAG(s) dict_keys(['example_branch_dop_operator_v3']) retrieved from /home/airflow/.local/lib/python3.7/site-packages/airflow/example_dags/example_branch_python_dop_operator_3.py
[2024-02-19T12:52:06.902+0000] {logging_mixin.py:137} INFO - [2024-02-19T12:52:06.902+0000] {dag.py:2690} INFO - Sync 1 DAGs
[2024-02-19T12:52:06.950+0000] {logging_mixin.py:137} INFO - [2024-02-19T12:52:06.950+0000] {dag.py:3441} INFO - Setting next_dagrun for example_branch_dop_operator_v3 to 2024-02-19T12:51:00+00:00, run_after=2024-02-19T12:52:00+00:00
[2024-02-19T12:52:06.986+0000] {processor.py:175} INFO - Processing /home/airflow/.local/lib/python3.7/site-packages/airflow/example_dags/example_branch_python_dop_operator_3.py took 0.156 seconds
[2024-02-19T12:52:37.981+0000] {processor.py:153} INFO - Started process (PID=6890) to work on /home/airflow/.local/lib/python3.7/site-packages/airflow/example_dags/example_branch_python_dop_operator_3.py
[2024-02-19T12:52:37.983+0000] {processor.py:743} INFO - Processing file /home/airflow/.local/lib/python3.7/site-packages/airflow/example_dags/example_branch_python_dop_operator_3.py for tasks to queue
[2024-02-19T12:52:37.983+0000] {logging_mixin.py:137} INFO - [2024-02-19T12:52:37.983+0000] {dagbag.py:538} INFO - Filling up the DagBag from /home/airflow/.local/lib/python3.7/site-packages/airflow/example_dags/example_branch_python_dop_operator_3.py
[2024-02-19T12:52:37.996+0000] {processor.py:753} INFO - DAG(s) dict_keys(['example_branch_dop_operator_v3']) retrieved from /home/airflow/.local/lib/python3.7/site-packages/airflow/example_dags/example_branch_python_dop_operator_3.py
[2024-02-19T12:52:38.008+0000] {logging_mixin.py:137} INFO - [2024-02-19T12:52:38.008+0000] {dag.py:2690} INFO - Sync 1 DAGs
[2024-02-19T12:52:38.024+0000] {logging_mixin.py:137} INFO - [2024-02-19T12:52:38.024+0000] {dag.py:3441} INFO - Setting next_dagrun for example_branch_dop_operator_v3 to 2024-02-19T12:51:00+00:00, run_after=2024-02-19T12:52:00+00:00
[2024-02-19T12:52:38.034+0000] {processor.py:175} INFO - Processing /home/airflow/.local/lib/python3.7/site-packages/airflow/example_dags/example_branch_python_dop_operator_3.py took 0.055 seconds
[2024-02-19T12:53:08.919+0000] {processor.py:153} INFO - Started process (PID=7025) to work on /home/airflow/.local/lib/python3.7/site-packages/airflow/example_dags/example_branch_python_dop_operator_3.py
[2024-02-19T12:53:08.919+0000] {processor.py:743} INFO - Processing file /home/airflow/.local/lib/python3.7/site-packages/airflow/example_dags/example_branch_python_dop_operator_3.py for tasks to queue
[2024-02-19T12:53:08.919+0000] {logging_mixin.py:137} INFO - [2024-02-19T12:53:08.919+0000] {dagbag.py:538} INFO - Filling up the DagBag from /home/airflow/.local/lib/python3.7/site-packages/airflow/example_dags/example_branch_python_dop_operator_3.py
[2024-02-19T12:53:08.933+0000] {processor.py:753} INFO - DAG(s) dict_keys(['example_branch_dop_operator_v3']) retrieved from /home/airflow/.local/lib/python3.7/site-packages/airflow/example_dags/example_branch_python_dop_operator_3.py
[2024-02-19T12:53:08.947+0000] {logging_mixin.py:137} INFO - [2024-02-19T12:53:08.946+0000] {dag.py:2690} INFO - Sync 1 DAGs
[2024-02-19T12:53:08.964+0000] {logging_mixin.py:137} INFO - [2024-02-19T12:53:08.964+0000] {dag.py:3441} INFO - Setting next_dagrun for example_branch_dop_operator_v3 to 2024-02-19T12:52:00+00:00, run_after=2024-02-19T12:53:00+00:00
[2024-02-19T12:53:08.976+0000] {processor.py:175} INFO - Processing /home/airflow/.local/lib/python3.7/site-packages/airflow/example_dags/example_branch_python_dop_operator_3.py took 0.059 seconds
[2024-02-19T12:53:39.605+0000] {processor.py:153} INFO - Started process (PID=7161) to work on /home/airflow/.local/lib/python3.7/site-packages/airflow/example_dags/example_branch_python_dop_operator_3.py
[2024-02-19T12:53:39.606+0000] {processor.py:743} INFO - Processing file /home/airflow/.local/lib/python3.7/site-packages/airflow/example_dags/example_branch_python_dop_operator_3.py for tasks to queue
[2024-02-19T12:53:39.607+0000] {logging_mixin.py:137} INFO - [2024-02-19T12:53:39.607+0000] {dagbag.py:538} INFO - Filling up the DagBag from /home/airflow/.local/lib/python3.7/site-packages/airflow/example_dags/example_branch_python_dop_operator_3.py
[2024-02-19T12:53:39.625+0000] {processor.py:753} INFO - DAG(s) dict_keys(['example_branch_dop_operator_v3']) retrieved from /home/airflow/.local/lib/python3.7/site-packages/airflow/example_dags/example_branch_python_dop_operator_3.py
[2024-02-19T12:53:39.646+0000] {logging_mixin.py:137} INFO - [2024-02-19T12:53:39.646+0000] {dag.py:2690} INFO - Sync 1 DAGs
[2024-02-19T12:53:39.669+0000] {logging_mixin.py:137} INFO - [2024-02-19T12:53:39.669+0000] {dag.py:3441} INFO - Setting next_dagrun for example_branch_dop_operator_v3 to 2024-02-19T12:52:00+00:00, run_after=2024-02-19T12:53:00+00:00
[2024-02-19T12:53:39.686+0000] {processor.py:175} INFO - Processing /home/airflow/.local/lib/python3.7/site-packages/airflow/example_dags/example_branch_python_dop_operator_3.py took 0.083 seconds
[2024-02-19T12:54:09.791+0000] {processor.py:153} INFO - Started process (PID=7264) to work on /home/airflow/.local/lib/python3.7/site-packages/airflow/example_dags/example_branch_python_dop_operator_3.py
[2024-02-19T12:54:09.792+0000] {processor.py:743} INFO - Processing file /home/airflow/.local/lib/python3.7/site-packages/airflow/example_dags/example_branch_python_dop_operator_3.py for tasks to queue
[2024-02-19T12:54:09.792+0000] {logging_mixin.py:137} INFO - [2024-02-19T12:54:09.792+0000] {dagbag.py:538} INFO - Filling up the DagBag from /home/airflow/.local/lib/python3.7/site-packages/airflow/example_dags/example_branch_python_dop_operator_3.py
[2024-02-19T12:54:09.806+0000] {processor.py:753} INFO - DAG(s) dict_keys(['example_branch_dop_operator_v3']) retrieved from /home/airflow/.local/lib/python3.7/site-packages/airflow/example_dags/example_branch_python_dop_operator_3.py
[2024-02-19T12:54:09.821+0000] {logging_mixin.py:137} INFO - [2024-02-19T12:54:09.821+0000] {dag.py:2690} INFO - Sync 1 DAGs
[2024-02-19T12:54:09.839+0000] {logging_mixin.py:137} INFO - [2024-02-19T12:54:09.838+0000] {dag.py:3441} INFO - Setting next_dagrun for example_branch_dop_operator_v3 to 2024-02-19T12:53:00+00:00, run_after=2024-02-19T12:54:00+00:00
[2024-02-19T12:54:09.852+0000] {processor.py:175} INFO - Processing /home/airflow/.local/lib/python3.7/site-packages/airflow/example_dags/example_branch_python_dop_operator_3.py took 0.062 seconds
[2024-02-19T12:54:40.786+0000] {processor.py:153} INFO - Started process (PID=7399) to work on /home/airflow/.local/lib/python3.7/site-packages/airflow/example_dags/example_branch_python_dop_operator_3.py
[2024-02-19T12:54:40.787+0000] {processor.py:743} INFO - Processing file /home/airflow/.local/lib/python3.7/site-packages/airflow/example_dags/example_branch_python_dop_operator_3.py for tasks to queue
[2024-02-19T12:54:40.787+0000] {logging_mixin.py:137} INFO - [2024-02-19T12:54:40.787+0000] {dagbag.py:538} INFO - Filling up the DagBag from /home/airflow/.local/lib/python3.7/site-packages/airflow/example_dags/example_branch_python_dop_operator_3.py
[2024-02-19T12:54:40.806+0000] {processor.py:753} INFO - DAG(s) dict_keys(['example_branch_dop_operator_v3']) retrieved from /home/airflow/.local/lib/python3.7/site-packages/airflow/example_dags/example_branch_python_dop_operator_3.py
[2024-02-19T12:54:40.827+0000] {logging_mixin.py:137} INFO - [2024-02-19T12:54:40.826+0000] {dag.py:2690} INFO - Sync 1 DAGs
[2024-02-19T12:54:40.852+0000] {logging_mixin.py:137} INFO - [2024-02-19T12:54:40.852+0000] {dag.py:3441} INFO - Setting next_dagrun for example_branch_dop_operator_v3 to 2024-02-19T12:53:00+00:00, run_after=2024-02-19T12:54:00+00:00
[2024-02-19T12:54:40.867+0000] {processor.py:175} INFO - Processing /home/airflow/.local/lib/python3.7/site-packages/airflow/example_dags/example_branch_python_dop_operator_3.py took 0.083 seconds
[2024-02-19T12:55:11.561+0000] {processor.py:153} INFO - Started process (PID=7502) to work on /home/airflow/.local/lib/python3.7/site-packages/airflow/example_dags/example_branch_python_dop_operator_3.py
[2024-02-19T12:55:11.561+0000] {processor.py:743} INFO - Processing file /home/airflow/.local/lib/python3.7/site-packages/airflow/example_dags/example_branch_python_dop_operator_3.py for tasks to queue
[2024-02-19T12:55:11.562+0000] {logging_mixin.py:137} INFO - [2024-02-19T12:55:11.562+0000] {dagbag.py:538} INFO - Filling up the DagBag from /home/airflow/.local/lib/python3.7/site-packages/airflow/example_dags/example_branch_python_dop_operator_3.py
[2024-02-19T12:55:11.575+0000] {processor.py:753} INFO - DAG(s) dict_keys(['example_branch_dop_operator_v3']) retrieved from /home/airflow/.local/lib/python3.7/site-packages/airflow/example_dags/example_branch_python_dop_operator_3.py
[2024-02-19T12:55:11.589+0000] {logging_mixin.py:137} INFO - [2024-02-19T12:55:11.589+0000] {dag.py:2690} INFO - Sync 1 DAGs
[2024-02-19T12:55:11.606+0000] {logging_mixin.py:137} INFO - [2024-02-19T12:55:11.606+0000] {dag.py:3441} INFO - Setting next_dagrun for example_branch_dop_operator_v3 to 2024-02-19T12:54:00+00:00, run_after=2024-02-19T12:55:00+00:00
[2024-02-19T12:55:11.617+0000] {processor.py:175} INFO - Processing /home/airflow/.local/lib/python3.7/site-packages/airflow/example_dags/example_branch_python_dop_operator_3.py took 0.058 seconds
[2024-02-19T12:55:42.296+0000] {processor.py:153} INFO - Started process (PID=7637) to work on /home/airflow/.local/lib/python3.7/site-packages/airflow/example_dags/example_branch_python_dop_operator_3.py
[2024-02-19T12:55:42.297+0000] {processor.py:743} INFO - Processing file /home/airflow/.local/lib/python3.7/site-packages/airflow/example_dags/example_branch_python_dop_operator_3.py for tasks to queue
[2024-02-19T12:55:42.297+0000] {logging_mixin.py:137} INFO - [2024-02-19T12:55:42.297+0000] {dagbag.py:538} INFO - Filling up the DagBag from /home/airflow/.local/lib/python3.7/site-packages/airflow/example_dags/example_branch_python_dop_operator_3.py
[2024-02-19T12:55:42.312+0000] {processor.py:753} INFO - DAG(s) dict_keys(['example_branch_dop_operator_v3']) retrieved from /home/airflow/.local/lib/python3.7/site-packages/airflow/example_dags/example_branch_python_dop_operator_3.py
[2024-02-19T12:55:42.326+0000] {logging_mixin.py:137} INFO - [2024-02-19T12:55:42.326+0000] {dag.py:2690} INFO - Sync 1 DAGs
[2024-02-19T12:55:42.345+0000] {logging_mixin.py:137} INFO - [2024-02-19T12:55:42.345+0000] {dag.py:3441} INFO - Setting next_dagrun for example_branch_dop_operator_v3 to 2024-02-19T12:54:00+00:00, run_after=2024-02-19T12:55:00+00:00
[2024-02-19T12:55:42.358+0000] {processor.py:175} INFO - Processing /home/airflow/.local/lib/python3.7/site-packages/airflow/example_dags/example_branch_python_dop_operator_3.py took 0.065 seconds
[2024-02-19T12:56:13.139+0000] {processor.py:153} INFO - Started process (PID=7772) to work on /home/airflow/.local/lib/python3.7/site-packages/airflow/example_dags/example_branch_python_dop_operator_3.py
[2024-02-19T12:56:13.140+0000] {processor.py:743} INFO - Processing file /home/airflow/.local/lib/python3.7/site-packages/airflow/example_dags/example_branch_python_dop_operator_3.py for tasks to queue
[2024-02-19T12:56:13.140+0000] {logging_mixin.py:137} INFO - [2024-02-19T12:56:13.140+0000] {dagbag.py:538} INFO - Filling up the DagBag from /home/airflow/.local/lib/python3.7/site-packages/airflow/example_dags/example_branch_python_dop_operator_3.py
[2024-02-19T12:56:13.156+0000] {processor.py:753} INFO - DAG(s) dict_keys(['example_branch_dop_operator_v3']) retrieved from /home/airflow/.local/lib/python3.7/site-packages/airflow/example_dags/example_branch_python_dop_operator_3.py
[2024-02-19T12:56:13.174+0000] {logging_mixin.py:137} INFO - [2024-02-19T12:56:13.173+0000] {dag.py:2690} INFO - Sync 1 DAGs
[2024-02-19T12:56:13.195+0000] {logging_mixin.py:137} INFO - [2024-02-19T12:56:13.195+0000] {dag.py:3441} INFO - Setting next_dagrun for example_branch_dop_operator_v3 to 2024-02-19T12:55:00+00:00, run_after=2024-02-19T12:56:00+00:00
[2024-02-19T12:56:13.211+0000] {processor.py:175} INFO - Processing /home/airflow/.local/lib/python3.7/site-packages/airflow/example_dags/example_branch_python_dop_operator_3.py took 0.074 seconds
[2024-02-19T12:56:43.951+0000] {processor.py:153} INFO - Started process (PID=7875) to work on /home/airflow/.local/lib/python3.7/site-packages/airflow/example_dags/example_branch_python_dop_operator_3.py
[2024-02-19T12:56:43.951+0000] {processor.py:743} INFO - Processing file /home/airflow/.local/lib/python3.7/site-packages/airflow/example_dags/example_branch_python_dop_operator_3.py for tasks to queue
[2024-02-19T12:56:43.952+0000] {logging_mixin.py:137} INFO - [2024-02-19T12:56:43.951+0000] {dagbag.py:538} INFO - Filling up the DagBag from /home/airflow/.local/lib/python3.7/site-packages/airflow/example_dags/example_branch_python_dop_operator_3.py
[2024-02-19T12:56:43.965+0000] {processor.py:753} INFO - DAG(s) dict_keys(['example_branch_dop_operator_v3']) retrieved from /home/airflow/.local/lib/python3.7/site-packages/airflow/example_dags/example_branch_python_dop_operator_3.py
[2024-02-19T12:56:43.980+0000] {logging_mixin.py:137} INFO - [2024-02-19T12:56:43.980+0000] {dag.py:2690} INFO - Sync 1 DAGs
[2024-02-19T12:56:43.999+0000] {logging_mixin.py:137} INFO - [2024-02-19T12:56:43.999+0000] {dag.py:3441} INFO - Setting next_dagrun for example_branch_dop_operator_v3 to 2024-02-19T12:55:00+00:00, run_after=2024-02-19T12:56:00+00:00
[2024-02-19T12:56:44.012+0000] {processor.py:175} INFO - Processing /home/airflow/.local/lib/python3.7/site-packages/airflow/example_dags/example_branch_python_dop_operator_3.py took 0.063 seconds
[2024-02-19T12:57:14.880+0000] {processor.py:153} INFO - Started process (PID=8010) to work on /home/airflow/.local/lib/python3.7/site-packages/airflow/example_dags/example_branch_python_dop_operator_3.py
[2024-02-19T12:57:14.881+0000] {processor.py:743} INFO - Processing file /home/airflow/.local/lib/python3.7/site-packages/airflow/example_dags/example_branch_python_dop_operator_3.py for tasks to queue
[2024-02-19T12:57:14.881+0000] {logging_mixin.py:137} INFO - [2024-02-19T12:57:14.881+0000] {dagbag.py:538} INFO - Filling up the DagBag from /home/airflow/.local/lib/python3.7/site-packages/airflow/example_dags/example_branch_python_dop_operator_3.py
[2024-02-19T12:57:14.896+0000] {processor.py:753} INFO - DAG(s) dict_keys(['example_branch_dop_operator_v3']) retrieved from /home/airflow/.local/lib/python3.7/site-packages/airflow/example_dags/example_branch_python_dop_operator_3.py
[2024-02-19T12:57:14.910+0000] {logging_mixin.py:137} INFO - [2024-02-19T12:57:14.910+0000] {dag.py:2690} INFO - Sync 1 DAGs
[2024-02-19T12:57:14.929+0000] {logging_mixin.py:137} INFO - [2024-02-19T12:57:14.928+0000] {dag.py:3441} INFO - Setting next_dagrun for example_branch_dop_operator_v3 to 2024-02-19T12:56:00+00:00, run_after=2024-02-19T12:57:00+00:00
[2024-02-19T12:57:14.941+0000] {processor.py:175} INFO - Processing /home/airflow/.local/lib/python3.7/site-packages/airflow/example_dags/example_branch_python_dop_operator_3.py took 0.063 seconds
[2024-02-19T12:57:45.683+0000] {processor.py:153} INFO - Started process (PID=8145) to work on /home/airflow/.local/lib/python3.7/site-packages/airflow/example_dags/example_branch_python_dop_operator_3.py
[2024-02-19T12:57:45.684+0000] {processor.py:743} INFO - Processing file /home/airflow/.local/lib/python3.7/site-packages/airflow/example_dags/example_branch_python_dop_operator_3.py for tasks to queue
[2024-02-19T12:57:45.684+0000] {logging_mixin.py:137} INFO - [2024-02-19T12:57:45.684+0000] {dagbag.py:538} INFO - Filling up the DagBag from /home/airflow/.local/lib/python3.7/site-packages/airflow/example_dags/example_branch_python_dop_operator_3.py
[2024-02-19T12:57:45.704+0000] {processor.py:753} INFO - DAG(s) dict_keys(['example_branch_dop_operator_v3']) retrieved from /home/airflow/.local/lib/python3.7/site-packages/airflow/example_dags/example_branch_python_dop_operator_3.py
[2024-02-19T12:57:45.723+0000] {logging_mixin.py:137} INFO - [2024-02-19T12:57:45.723+0000] {dag.py:2690} INFO - Sync 1 DAGs
[2024-02-19T12:57:45.748+0000] {logging_mixin.py:137} INFO - [2024-02-19T12:57:45.748+0000] {dag.py:3441} INFO - Setting next_dagrun for example_branch_dop_operator_v3 to 2024-02-19T12:56:00+00:00, run_after=2024-02-19T12:57:00+00:00
[2024-02-19T12:57:45.766+0000] {processor.py:175} INFO - Processing /home/airflow/.local/lib/python3.7/site-packages/airflow/example_dags/example_branch_python_dop_operator_3.py took 0.085 seconds
[2024-02-19T12:58:15.856+0000] {processor.py:153} INFO - Started process (PID=8247) to work on /home/airflow/.local/lib/python3.7/site-packages/airflow/example_dags/example_branch_python_dop_operator_3.py
[2024-02-19T12:58:15.857+0000] {processor.py:743} INFO - Processing file /home/airflow/.local/lib/python3.7/site-packages/airflow/example_dags/example_branch_python_dop_operator_3.py for tasks to queue
[2024-02-19T12:58:15.857+0000] {logging_mixin.py:137} INFO - [2024-02-19T12:58:15.857+0000] {dagbag.py:538} INFO - Filling up the DagBag from /home/airflow/.local/lib/python3.7/site-packages/airflow/example_dags/example_branch_python_dop_operator_3.py
[2024-02-19T12:58:15.871+0000] {processor.py:753} INFO - DAG(s) dict_keys(['example_branch_dop_operator_v3']) retrieved from /home/airflow/.local/lib/python3.7/site-packages/airflow/example_dags/example_branch_python_dop_operator_3.py
[2024-02-19T12:58:15.885+0000] {logging_mixin.py:137} INFO - [2024-02-19T12:58:15.885+0000] {dag.py:2690} INFO - Sync 1 DAGs
[2024-02-19T12:58:15.902+0000] {logging_mixin.py:137} INFO - [2024-02-19T12:58:15.902+0000] {dag.py:3441} INFO - Setting next_dagrun for example_branch_dop_operator_v3 to 2024-02-19T12:57:00+00:00, run_after=2024-02-19T12:58:00+00:00
[2024-02-19T12:58:15.913+0000] {processor.py:175} INFO - Processing /home/airflow/.local/lib/python3.7/site-packages/airflow/example_dags/example_branch_python_dop_operator_3.py took 0.059 seconds
