[2024-02-19T12:24:37.552+0000] {processor.py:153} INFO - Started process (PID=58) to work on /home/airflow/.local/lib/python3.7/site-packages/airflow/example_dags/example_task_group_decorator.py
[2024-02-19T12:24:37.552+0000] {processor.py:743} INFO - Processing file /home/airflow/.local/lib/python3.7/site-packages/airflow/example_dags/example_task_group_decorator.py for tasks to queue
[2024-02-19T12:24:37.552+0000] {logging_mixin.py:137} INFO - [2024-02-19T12:24:37.552+0000] {dagbag.py:538} INFO - Filling up the DagBag from /home/airflow/.local/lib/python3.7/site-packages/airflow/example_dags/example_task_group_decorator.py
[2024-02-19T12:24:37.571+0000] {processor.py:753} INFO - DAG(s) dict_keys(['example_task_group_decorator']) retrieved from /home/airflow/.local/lib/python3.7/site-packages/airflow/example_dags/example_task_group_decorator.py
[2024-02-19T12:24:37.577+0000] {logging_mixin.py:137} INFO - [2024-02-19T12:24:37.577+0000] {dag.py:2690} INFO - Sync 1 DAGs
[2024-02-19T12:24:37.591+0000] {logging_mixin.py:137} INFO - [2024-02-19T12:24:37.591+0000] {dag.py:3441} INFO - Setting next_dagrun for example_task_group_decorator to 2024-02-18T12:24:37.591494+00:00, run_after=2024-02-19T12:24:37.591494+00:00
[2024-02-19T12:24:37.602+0000] {processor.py:175} INFO - Processing /home/airflow/.local/lib/python3.7/site-packages/airflow/example_dags/example_task_group_decorator.py took 0.052 seconds
[2024-02-19T12:25:07.912+0000] {processor.py:153} INFO - Started process (PID=193) to work on /home/airflow/.local/lib/python3.7/site-packages/airflow/example_dags/example_task_group_decorator.py
[2024-02-19T12:25:07.913+0000] {processor.py:743} INFO - Processing file /home/airflow/.local/lib/python3.7/site-packages/airflow/example_dags/example_task_group_decorator.py for tasks to queue
[2024-02-19T12:25:07.913+0000] {logging_mixin.py:137} INFO - [2024-02-19T12:25:07.913+0000] {dagbag.py:538} INFO - Filling up the DagBag from /home/airflow/.local/lib/python3.7/site-packages/airflow/example_dags/example_task_group_decorator.py
[2024-02-19T12:25:07.928+0000] {processor.py:753} INFO - DAG(s) dict_keys(['example_task_group_decorator']) retrieved from /home/airflow/.local/lib/python3.7/site-packages/airflow/example_dags/example_task_group_decorator.py
[2024-02-19T12:25:07.945+0000] {logging_mixin.py:137} INFO - [2024-02-19T12:25:07.945+0000] {dag.py:2690} INFO - Sync 1 DAGs
[2024-02-19T12:25:07.959+0000] {logging_mixin.py:137} INFO - [2024-02-19T12:25:07.959+0000] {dag.py:3441} INFO - Setting next_dagrun for example_task_group_decorator to 2024-02-18T12:25:07.959236+00:00, run_after=2024-02-19T12:25:07.959236+00:00
[2024-02-19T12:25:07.970+0000] {processor.py:175} INFO - Processing /home/airflow/.local/lib/python3.7/site-packages/airflow/example_dags/example_task_group_decorator.py took 0.059 seconds
[2024-02-19T12:25:38.401+0000] {processor.py:153} INFO - Started process (PID=296) to work on /home/airflow/.local/lib/python3.7/site-packages/airflow/example_dags/example_task_group_decorator.py
[2024-02-19T12:25:38.401+0000] {processor.py:743} INFO - Processing file /home/airflow/.local/lib/python3.7/site-packages/airflow/example_dags/example_task_group_decorator.py for tasks to queue
[2024-02-19T12:25:38.402+0000] {logging_mixin.py:137} INFO - [2024-02-19T12:25:38.401+0000] {dagbag.py:538} INFO - Filling up the DagBag from /home/airflow/.local/lib/python3.7/site-packages/airflow/example_dags/example_task_group_decorator.py
[2024-02-19T12:25:38.417+0000] {processor.py:753} INFO - DAG(s) dict_keys(['example_task_group_decorator']) retrieved from /home/airflow/.local/lib/python3.7/site-packages/airflow/example_dags/example_task_group_decorator.py
[2024-02-19T12:25:38.432+0000] {logging_mixin.py:137} INFO - [2024-02-19T12:25:38.431+0000] {dag.py:2690} INFO - Sync 1 DAGs
[2024-02-19T12:25:38.445+0000] {logging_mixin.py:137} INFO - [2024-02-19T12:25:38.445+0000] {dag.py:3441} INFO - Setting next_dagrun for example_task_group_decorator to 2024-02-18T12:25:38.445231+00:00, run_after=2024-02-19T12:25:38.445231+00:00
[2024-02-19T12:25:38.456+0000] {processor.py:175} INFO - Processing /home/airflow/.local/lib/python3.7/site-packages/airflow/example_dags/example_task_group_decorator.py took 0.057 seconds
[2024-02-19T12:26:08.841+0000] {processor.py:153} INFO - Started process (PID=431) to work on /home/airflow/.local/lib/python3.7/site-packages/airflow/example_dags/example_task_group_decorator.py
[2024-02-19T12:26:08.842+0000] {processor.py:743} INFO - Processing file /home/airflow/.local/lib/python3.7/site-packages/airflow/example_dags/example_task_group_decorator.py for tasks to queue
[2024-02-19T12:26:08.842+0000] {logging_mixin.py:137} INFO - [2024-02-19T12:26:08.842+0000] {dagbag.py:538} INFO - Filling up the DagBag from /home/airflow/.local/lib/python3.7/site-packages/airflow/example_dags/example_task_group_decorator.py
[2024-02-19T12:26:08.857+0000] {processor.py:753} INFO - DAG(s) dict_keys(['example_task_group_decorator']) retrieved from /home/airflow/.local/lib/python3.7/site-packages/airflow/example_dags/example_task_group_decorator.py
[2024-02-19T12:26:08.872+0000] {logging_mixin.py:137} INFO - [2024-02-19T12:26:08.871+0000] {dag.py:2690} INFO - Sync 1 DAGs
[2024-02-19T12:26:08.885+0000] {logging_mixin.py:137} INFO - [2024-02-19T12:26:08.885+0000] {dag.py:3441} INFO - Setting next_dagrun for example_task_group_decorator to 2024-02-18T12:26:08.884937+00:00, run_after=2024-02-19T12:26:08.884937+00:00
[2024-02-19T12:26:08.895+0000] {processor.py:175} INFO - Processing /home/airflow/.local/lib/python3.7/site-packages/airflow/example_dags/example_task_group_decorator.py took 0.056 seconds
[2024-02-19T12:26:39.225+0000] {processor.py:153} INFO - Started process (PID=566) to work on /home/airflow/.local/lib/python3.7/site-packages/airflow/example_dags/example_task_group_decorator.py
[2024-02-19T12:26:39.226+0000] {processor.py:743} INFO - Processing file /home/airflow/.local/lib/python3.7/site-packages/airflow/example_dags/example_task_group_decorator.py for tasks to queue
[2024-02-19T12:26:39.226+0000] {logging_mixin.py:137} INFO - [2024-02-19T12:26:39.226+0000] {dagbag.py:538} INFO - Filling up the DagBag from /home/airflow/.local/lib/python3.7/site-packages/airflow/example_dags/example_task_group_decorator.py
[2024-02-19T12:26:39.242+0000] {processor.py:753} INFO - DAG(s) dict_keys(['example_task_group_decorator']) retrieved from /home/airflow/.local/lib/python3.7/site-packages/airflow/example_dags/example_task_group_decorator.py
[2024-02-19T12:26:39.256+0000] {logging_mixin.py:137} INFO - [2024-02-19T12:26:39.256+0000] {dag.py:2690} INFO - Sync 1 DAGs
[2024-02-19T12:26:39.270+0000] {logging_mixin.py:137} INFO - [2024-02-19T12:26:39.269+0000] {dag.py:3441} INFO - Setting next_dagrun for example_task_group_decorator to 2024-02-18T12:26:39.269847+00:00, run_after=2024-02-19T12:26:39.269847+00:00
[2024-02-19T12:26:39.281+0000] {processor.py:175} INFO - Processing /home/airflow/.local/lib/python3.7/site-packages/airflow/example_dags/example_task_group_decorator.py took 0.057 seconds
[2024-02-19T12:27:09.613+0000] {processor.py:153} INFO - Started process (PID=669) to work on /home/airflow/.local/lib/python3.7/site-packages/airflow/example_dags/example_task_group_decorator.py
[2024-02-19T12:27:09.613+0000] {processor.py:743} INFO - Processing file /home/airflow/.local/lib/python3.7/site-packages/airflow/example_dags/example_task_group_decorator.py for tasks to queue
[2024-02-19T12:27:09.614+0000] {logging_mixin.py:137} INFO - [2024-02-19T12:27:09.614+0000] {dagbag.py:538} INFO - Filling up the DagBag from /home/airflow/.local/lib/python3.7/site-packages/airflow/example_dags/example_task_group_decorator.py
[2024-02-19T12:27:09.629+0000] {processor.py:753} INFO - DAG(s) dict_keys(['example_task_group_decorator']) retrieved from /home/airflow/.local/lib/python3.7/site-packages/airflow/example_dags/example_task_group_decorator.py
[2024-02-19T12:27:09.643+0000] {logging_mixin.py:137} INFO - [2024-02-19T12:27:09.643+0000] {dag.py:2690} INFO - Sync 1 DAGs
[2024-02-19T12:27:09.658+0000] {logging_mixin.py:137} INFO - [2024-02-19T12:27:09.658+0000] {dag.py:3441} INFO - Setting next_dagrun for example_task_group_decorator to 2024-02-18T12:27:09.658015+00:00, run_after=2024-02-19T12:27:09.658015+00:00
[2024-02-19T12:27:09.668+0000] {processor.py:175} INFO - Processing /home/airflow/.local/lib/python3.7/site-packages/airflow/example_dags/example_task_group_decorator.py took 0.057 seconds
[2024-02-19T12:27:40.038+0000] {processor.py:153} INFO - Started process (PID=804) to work on /home/airflow/.local/lib/python3.7/site-packages/airflow/example_dags/example_task_group_decorator.py
[2024-02-19T12:27:40.039+0000] {processor.py:743} INFO - Processing file /home/airflow/.local/lib/python3.7/site-packages/airflow/example_dags/example_task_group_decorator.py for tasks to queue
[2024-02-19T12:27:40.039+0000] {logging_mixin.py:137} INFO - [2024-02-19T12:27:40.039+0000] {dagbag.py:538} INFO - Filling up the DagBag from /home/airflow/.local/lib/python3.7/site-packages/airflow/example_dags/example_task_group_decorator.py
[2024-02-19T12:27:40.059+0000] {processor.py:753} INFO - DAG(s) dict_keys(['example_task_group_decorator']) retrieved from /home/airflow/.local/lib/python3.7/site-packages/airflow/example_dags/example_task_group_decorator.py
[2024-02-19T12:27:40.076+0000] {logging_mixin.py:137} INFO - [2024-02-19T12:27:40.076+0000] {dag.py:2690} INFO - Sync 1 DAGs
[2024-02-19T12:27:40.090+0000] {logging_mixin.py:137} INFO - [2024-02-19T12:27:40.090+0000] {dag.py:3441} INFO - Setting next_dagrun for example_task_group_decorator to 2024-02-18T12:27:40.090225+00:00, run_after=2024-02-19T12:27:40.090225+00:00
[2024-02-19T12:27:40.101+0000] {processor.py:175} INFO - Processing /home/airflow/.local/lib/python3.7/site-packages/airflow/example_dags/example_task_group_decorator.py took 0.065 seconds
[2024-02-19T12:28:10.442+0000] {processor.py:153} INFO - Started process (PID=940) to work on /home/airflow/.local/lib/python3.7/site-packages/airflow/example_dags/example_task_group_decorator.py
[2024-02-19T12:28:10.442+0000] {processor.py:743} INFO - Processing file /home/airflow/.local/lib/python3.7/site-packages/airflow/example_dags/example_task_group_decorator.py for tasks to queue
[2024-02-19T12:28:10.443+0000] {logging_mixin.py:137} INFO - [2024-02-19T12:28:10.443+0000] {dagbag.py:538} INFO - Filling up the DagBag from /home/airflow/.local/lib/python3.7/site-packages/airflow/example_dags/example_task_group_decorator.py
[2024-02-19T12:28:10.458+0000] {processor.py:753} INFO - DAG(s) dict_keys(['example_task_group_decorator']) retrieved from /home/airflow/.local/lib/python3.7/site-packages/airflow/example_dags/example_task_group_decorator.py
[2024-02-19T12:28:10.473+0000] {logging_mixin.py:137} INFO - [2024-02-19T12:28:10.473+0000] {dag.py:2690} INFO - Sync 1 DAGs
[2024-02-19T12:28:10.486+0000] {logging_mixin.py:137} INFO - [2024-02-19T12:28:10.486+0000] {dag.py:3441} INFO - Setting next_dagrun for example_task_group_decorator to 2024-02-18T12:28:10.486475+00:00, run_after=2024-02-19T12:28:10.486475+00:00
[2024-02-19T12:28:10.497+0000] {processor.py:175} INFO - Processing /home/airflow/.local/lib/python3.7/site-packages/airflow/example_dags/example_task_group_decorator.py took 0.056 seconds
[2024-02-19T12:28:40.904+0000] {processor.py:153} INFO - Started process (PID=1043) to work on /home/airflow/.local/lib/python3.7/site-packages/airflow/example_dags/example_task_group_decorator.py
[2024-02-19T12:28:40.905+0000] {processor.py:743} INFO - Processing file /home/airflow/.local/lib/python3.7/site-packages/airflow/example_dags/example_task_group_decorator.py for tasks to queue
[2024-02-19T12:28:40.905+0000] {logging_mixin.py:137} INFO - [2024-02-19T12:28:40.905+0000] {dagbag.py:538} INFO - Filling up the DagBag from /home/airflow/.local/lib/python3.7/site-packages/airflow/example_dags/example_task_group_decorator.py
[2024-02-19T12:28:40.922+0000] {processor.py:753} INFO - DAG(s) dict_keys(['example_task_group_decorator']) retrieved from /home/airflow/.local/lib/python3.7/site-packages/airflow/example_dags/example_task_group_decorator.py
[2024-02-19T12:28:40.937+0000] {logging_mixin.py:137} INFO - [2024-02-19T12:28:40.936+0000] {dag.py:2690} INFO - Sync 1 DAGs
[2024-02-19T12:28:40.951+0000] {logging_mixin.py:137} INFO - [2024-02-19T12:28:40.951+0000] {dag.py:3441} INFO - Setting next_dagrun for example_task_group_decorator to 2024-02-18T12:28:40.951240+00:00, run_after=2024-02-19T12:28:40.951240+00:00
[2024-02-19T12:28:40.962+0000] {processor.py:175} INFO - Processing /home/airflow/.local/lib/python3.7/site-packages/airflow/example_dags/example_task_group_decorator.py took 0.059 seconds
[2024-02-19T12:29:11.328+0000] {processor.py:153} INFO - Started process (PID=1178) to work on /home/airflow/.local/lib/python3.7/site-packages/airflow/example_dags/example_task_group_decorator.py
[2024-02-19T12:29:11.328+0000] {processor.py:743} INFO - Processing file /home/airflow/.local/lib/python3.7/site-packages/airflow/example_dags/example_task_group_decorator.py for tasks to queue
[2024-02-19T12:29:11.329+0000] {logging_mixin.py:137} INFO - [2024-02-19T12:29:11.329+0000] {dagbag.py:538} INFO - Filling up the DagBag from /home/airflow/.local/lib/python3.7/site-packages/airflow/example_dags/example_task_group_decorator.py
[2024-02-19T12:29:11.345+0000] {processor.py:753} INFO - DAG(s) dict_keys(['example_task_group_decorator']) retrieved from /home/airflow/.local/lib/python3.7/site-packages/airflow/example_dags/example_task_group_decorator.py
[2024-02-19T12:29:11.359+0000] {logging_mixin.py:137} INFO - [2024-02-19T12:29:11.359+0000] {dag.py:2690} INFO - Sync 1 DAGs
[2024-02-19T12:29:11.373+0000] {logging_mixin.py:137} INFO - [2024-02-19T12:29:11.373+0000] {dag.py:3441} INFO - Setting next_dagrun for example_task_group_decorator to 2024-02-18T12:29:11.373526+00:00, run_after=2024-02-19T12:29:11.373526+00:00
[2024-02-19T12:29:11.384+0000] {processor.py:175} INFO - Processing /home/airflow/.local/lib/python3.7/site-packages/airflow/example_dags/example_task_group_decorator.py took 0.057 seconds
[2024-02-19T12:29:42.048+0000] {processor.py:153} INFO - Started process (PID=1313) to work on /home/airflow/.local/lib/python3.7/site-packages/airflow/example_dags/example_task_group_decorator.py
[2024-02-19T12:29:42.049+0000] {processor.py:743} INFO - Processing file /home/airflow/.local/lib/python3.7/site-packages/airflow/example_dags/example_task_group_decorator.py for tasks to queue
[2024-02-19T12:29:42.049+0000] {logging_mixin.py:137} INFO - [2024-02-19T12:29:42.049+0000] {dagbag.py:538} INFO - Filling up the DagBag from /home/airflow/.local/lib/python3.7/site-packages/airflow/example_dags/example_task_group_decorator.py
[2024-02-19T12:29:42.065+0000] {processor.py:753} INFO - DAG(s) dict_keys(['example_task_group_decorator']) retrieved from /home/airflow/.local/lib/python3.7/site-packages/airflow/example_dags/example_task_group_decorator.py
[2024-02-19T12:29:42.080+0000] {logging_mixin.py:137} INFO - [2024-02-19T12:29:42.080+0000] {dag.py:2690} INFO - Sync 1 DAGs
[2024-02-19T12:29:42.093+0000] {logging_mixin.py:137} INFO - [2024-02-19T12:29:42.093+0000] {dag.py:3441} INFO - Setting next_dagrun for example_task_group_decorator to 2024-02-18T12:29:42.093429+00:00, run_after=2024-02-19T12:29:42.093429+00:00
[2024-02-19T12:29:42.103+0000] {processor.py:175} INFO - Processing /home/airflow/.local/lib/python3.7/site-packages/airflow/example_dags/example_task_group_decorator.py took 0.057 seconds
[2024-02-19T12:30:12.523+0000] {processor.py:153} INFO - Started process (PID=1416) to work on /home/airflow/.local/lib/python3.7/site-packages/airflow/example_dags/example_task_group_decorator.py
[2024-02-19T12:30:12.523+0000] {processor.py:743} INFO - Processing file /home/airflow/.local/lib/python3.7/site-packages/airflow/example_dags/example_task_group_decorator.py for tasks to queue
[2024-02-19T12:30:12.523+0000] {logging_mixin.py:137} INFO - [2024-02-19T12:30:12.523+0000] {dagbag.py:538} INFO - Filling up the DagBag from /home/airflow/.local/lib/python3.7/site-packages/airflow/example_dags/example_task_group_decorator.py
[2024-02-19T12:30:12.539+0000] {processor.py:753} INFO - DAG(s) dict_keys(['example_task_group_decorator']) retrieved from /home/airflow/.local/lib/python3.7/site-packages/airflow/example_dags/example_task_group_decorator.py
[2024-02-19T12:30:12.553+0000] {logging_mixin.py:137} INFO - [2024-02-19T12:30:12.553+0000] {dag.py:2690} INFO - Sync 1 DAGs
[2024-02-19T12:30:12.566+0000] {logging_mixin.py:137} INFO - [2024-02-19T12:30:12.566+0000] {dag.py:3441} INFO - Setting next_dagrun for example_task_group_decorator to 2024-02-18T12:30:12.566669+00:00, run_after=2024-02-19T12:30:12.566669+00:00
[2024-02-19T12:30:12.577+0000] {processor.py:175} INFO - Processing /home/airflow/.local/lib/python3.7/site-packages/airflow/example_dags/example_task_group_decorator.py took 0.057 seconds
[2024-02-19T12:30:43.004+0000] {processor.py:153} INFO - Started process (PID=1551) to work on /home/airflow/.local/lib/python3.7/site-packages/airflow/example_dags/example_task_group_decorator.py
[2024-02-19T12:30:43.005+0000] {processor.py:743} INFO - Processing file /home/airflow/.local/lib/python3.7/site-packages/airflow/example_dags/example_task_group_decorator.py for tasks to queue
[2024-02-19T12:30:43.005+0000] {logging_mixin.py:137} INFO - [2024-02-19T12:30:43.005+0000] {dagbag.py:538} INFO - Filling up the DagBag from /home/airflow/.local/lib/python3.7/site-packages/airflow/example_dags/example_task_group_decorator.py
[2024-02-19T12:30:43.021+0000] {processor.py:753} INFO - DAG(s) dict_keys(['example_task_group_decorator']) retrieved from /home/airflow/.local/lib/python3.7/site-packages/airflow/example_dags/example_task_group_decorator.py
[2024-02-19T12:30:43.037+0000] {logging_mixin.py:137} INFO - [2024-02-19T12:30:43.037+0000] {dag.py:2690} INFO - Sync 1 DAGs
[2024-02-19T12:30:43.051+0000] {logging_mixin.py:137} INFO - [2024-02-19T12:30:43.051+0000] {dag.py:3441} INFO - Setting next_dagrun for example_task_group_decorator to 2024-02-18T12:30:43.051489+00:00, run_after=2024-02-19T12:30:43.051489+00:00
[2024-02-19T12:30:43.063+0000] {processor.py:175} INFO - Processing /home/airflow/.local/lib/python3.7/site-packages/airflow/example_dags/example_task_group_decorator.py took 0.060 seconds
[2024-02-19T12:31:13.445+0000] {processor.py:153} INFO - Started process (PID=1686) to work on /home/airflow/.local/lib/python3.7/site-packages/airflow/example_dags/example_task_group_decorator.py
[2024-02-19T12:31:13.445+0000] {processor.py:743} INFO - Processing file /home/airflow/.local/lib/python3.7/site-packages/airflow/example_dags/example_task_group_decorator.py for tasks to queue
[2024-02-19T12:31:13.446+0000] {logging_mixin.py:137} INFO - [2024-02-19T12:31:13.446+0000] {dagbag.py:538} INFO - Filling up the DagBag from /home/airflow/.local/lib/python3.7/site-packages/airflow/example_dags/example_task_group_decorator.py
[2024-02-19T12:31:13.461+0000] {processor.py:753} INFO - DAG(s) dict_keys(['example_task_group_decorator']) retrieved from /home/airflow/.local/lib/python3.7/site-packages/airflow/example_dags/example_task_group_decorator.py
[2024-02-19T12:31:13.477+0000] {logging_mixin.py:137} INFO - [2024-02-19T12:31:13.477+0000] {dag.py:2690} INFO - Sync 1 DAGs
[2024-02-19T12:31:13.491+0000] {logging_mixin.py:137} INFO - [2024-02-19T12:31:13.491+0000] {dag.py:3441} INFO - Setting next_dagrun for example_task_group_decorator to 2024-02-18T12:31:13.490985+00:00, run_after=2024-02-19T12:31:13.490985+00:00
[2024-02-19T12:31:13.501+0000] {processor.py:175} INFO - Processing /home/airflow/.local/lib/python3.7/site-packages/airflow/example_dags/example_task_group_decorator.py took 0.058 seconds
[2024-02-19T12:31:43.887+0000] {processor.py:153} INFO - Started process (PID=1789) to work on /home/airflow/.local/lib/python3.7/site-packages/airflow/example_dags/example_task_group_decorator.py
[2024-02-19T12:31:43.888+0000] {processor.py:743} INFO - Processing file /home/airflow/.local/lib/python3.7/site-packages/airflow/example_dags/example_task_group_decorator.py for tasks to queue
[2024-02-19T12:31:43.888+0000] {logging_mixin.py:137} INFO - [2024-02-19T12:31:43.888+0000] {dagbag.py:538} INFO - Filling up the DagBag from /home/airflow/.local/lib/python3.7/site-packages/airflow/example_dags/example_task_group_decorator.py
[2024-02-19T12:31:43.904+0000] {processor.py:753} INFO - DAG(s) dict_keys(['example_task_group_decorator']) retrieved from /home/airflow/.local/lib/python3.7/site-packages/airflow/example_dags/example_task_group_decorator.py
[2024-02-19T12:31:43.919+0000] {logging_mixin.py:137} INFO - [2024-02-19T12:31:43.919+0000] {dag.py:2690} INFO - Sync 1 DAGs
[2024-02-19T12:31:43.933+0000] {logging_mixin.py:137} INFO - [2024-02-19T12:31:43.933+0000] {dag.py:3441} INFO - Setting next_dagrun for example_task_group_decorator to 2024-02-18T12:31:43.933007+00:00, run_after=2024-02-19T12:31:43.933007+00:00
[2024-02-19T12:31:43.943+0000] {processor.py:175} INFO - Processing /home/airflow/.local/lib/python3.7/site-packages/airflow/example_dags/example_task_group_decorator.py took 0.058 seconds
[2024-02-19T12:32:14.336+0000] {processor.py:153} INFO - Started process (PID=1924) to work on /home/airflow/.local/lib/python3.7/site-packages/airflow/example_dags/example_task_group_decorator.py
[2024-02-19T12:32:14.337+0000] {processor.py:743} INFO - Processing file /home/airflow/.local/lib/python3.7/site-packages/airflow/example_dags/example_task_group_decorator.py for tasks to queue
[2024-02-19T12:32:14.337+0000] {logging_mixin.py:137} INFO - [2024-02-19T12:32:14.337+0000] {dagbag.py:538} INFO - Filling up the DagBag from /home/airflow/.local/lib/python3.7/site-packages/airflow/example_dags/example_task_group_decorator.py
[2024-02-19T12:32:14.353+0000] {processor.py:753} INFO - DAG(s) dict_keys(['example_task_group_decorator']) retrieved from /home/airflow/.local/lib/python3.7/site-packages/airflow/example_dags/example_task_group_decorator.py
[2024-02-19T12:32:14.368+0000] {logging_mixin.py:137} INFO - [2024-02-19T12:32:14.367+0000] {dag.py:2690} INFO - Sync 1 DAGs
[2024-02-19T12:32:14.382+0000] {logging_mixin.py:137} INFO - [2024-02-19T12:32:14.381+0000] {dag.py:3441} INFO - Setting next_dagrun for example_task_group_decorator to 2024-02-18T12:32:14.381796+00:00, run_after=2024-02-19T12:32:14.381796+00:00
[2024-02-19T12:32:14.394+0000] {processor.py:175} INFO - Processing /home/airflow/.local/lib/python3.7/site-packages/airflow/example_dags/example_task_group_decorator.py took 0.060 seconds
[2024-02-19T12:32:44.885+0000] {processor.py:153} INFO - Started process (PID=2059) to work on /home/airflow/.local/lib/python3.7/site-packages/airflow/example_dags/example_task_group_decorator.py
[2024-02-19T12:32:44.886+0000] {processor.py:743} INFO - Processing file /home/airflow/.local/lib/python3.7/site-packages/airflow/example_dags/example_task_group_decorator.py for tasks to queue
[2024-02-19T12:32:44.887+0000] {logging_mixin.py:137} INFO - [2024-02-19T12:32:44.886+0000] {dagbag.py:538} INFO - Filling up the DagBag from /home/airflow/.local/lib/python3.7/site-packages/airflow/example_dags/example_task_group_decorator.py
[2024-02-19T12:32:44.902+0000] {processor.py:753} INFO - DAG(s) dict_keys(['example_task_group_decorator']) retrieved from /home/airflow/.local/lib/python3.7/site-packages/airflow/example_dags/example_task_group_decorator.py
[2024-02-19T12:32:44.917+0000] {logging_mixin.py:137} INFO - [2024-02-19T12:32:44.917+0000] {dag.py:2690} INFO - Sync 1 DAGs
[2024-02-19T12:32:44.932+0000] {logging_mixin.py:137} INFO - [2024-02-19T12:32:44.931+0000] {dag.py:3441} INFO - Setting next_dagrun for example_task_group_decorator to 2024-02-18T12:32:44.931781+00:00, run_after=2024-02-19T12:32:44.931781+00:00
[2024-02-19T12:32:44.942+0000] {processor.py:175} INFO - Processing /home/airflow/.local/lib/python3.7/site-packages/airflow/example_dags/example_task_group_decorator.py took 0.059 seconds
[2024-02-19T12:33:15.372+0000] {processor.py:153} INFO - Started process (PID=2162) to work on /home/airflow/.local/lib/python3.7/site-packages/airflow/example_dags/example_task_group_decorator.py
[2024-02-19T12:33:15.372+0000] {processor.py:743} INFO - Processing file /home/airflow/.local/lib/python3.7/site-packages/airflow/example_dags/example_task_group_decorator.py for tasks to queue
[2024-02-19T12:33:15.373+0000] {logging_mixin.py:137} INFO - [2024-02-19T12:33:15.373+0000] {dagbag.py:538} INFO - Filling up the DagBag from /home/airflow/.local/lib/python3.7/site-packages/airflow/example_dags/example_task_group_decorator.py
[2024-02-19T12:33:15.388+0000] {processor.py:753} INFO - DAG(s) dict_keys(['example_task_group_decorator']) retrieved from /home/airflow/.local/lib/python3.7/site-packages/airflow/example_dags/example_task_group_decorator.py
[2024-02-19T12:33:15.403+0000] {logging_mixin.py:137} INFO - [2024-02-19T12:33:15.403+0000] {dag.py:2690} INFO - Sync 1 DAGs
[2024-02-19T12:33:15.417+0000] {logging_mixin.py:137} INFO - [2024-02-19T12:33:15.417+0000] {dag.py:3441} INFO - Setting next_dagrun for example_task_group_decorator to 2024-02-18T12:33:15.417382+00:00, run_after=2024-02-19T12:33:15.417382+00:00
[2024-02-19T12:33:15.428+0000] {processor.py:175} INFO - Processing /home/airflow/.local/lib/python3.7/site-packages/airflow/example_dags/example_task_group_decorator.py took 0.058 seconds
[2024-02-19T12:33:45.898+0000] {processor.py:153} INFO - Started process (PID=2297) to work on /home/airflow/.local/lib/python3.7/site-packages/airflow/example_dags/example_task_group_decorator.py
[2024-02-19T12:33:45.898+0000] {processor.py:743} INFO - Processing file /home/airflow/.local/lib/python3.7/site-packages/airflow/example_dags/example_task_group_decorator.py for tasks to queue
[2024-02-19T12:33:45.899+0000] {logging_mixin.py:137} INFO - [2024-02-19T12:33:45.899+0000] {dagbag.py:538} INFO - Filling up the DagBag from /home/airflow/.local/lib/python3.7/site-packages/airflow/example_dags/example_task_group_decorator.py
[2024-02-19T12:33:45.914+0000] {processor.py:753} INFO - DAG(s) dict_keys(['example_task_group_decorator']) retrieved from /home/airflow/.local/lib/python3.7/site-packages/airflow/example_dags/example_task_group_decorator.py
[2024-02-19T12:33:45.928+0000] {logging_mixin.py:137} INFO - [2024-02-19T12:33:45.928+0000] {dag.py:2690} INFO - Sync 1 DAGs
[2024-02-19T12:33:45.942+0000] {logging_mixin.py:137} INFO - [2024-02-19T12:33:45.941+0000] {dag.py:3441} INFO - Setting next_dagrun for example_task_group_decorator to 2024-02-18T12:33:45.941821+00:00, run_after=2024-02-19T12:33:45.941821+00:00
[2024-02-19T12:33:45.952+0000] {processor.py:175} INFO - Processing /home/airflow/.local/lib/python3.7/site-packages/airflow/example_dags/example_task_group_decorator.py took 0.056 seconds
[2024-02-19T12:34:16.309+0000] {processor.py:153} INFO - Started process (PID=2432) to work on /home/airflow/.local/lib/python3.7/site-packages/airflow/example_dags/example_task_group_decorator.py
[2024-02-19T12:34:16.310+0000] {processor.py:743} INFO - Processing file /home/airflow/.local/lib/python3.7/site-packages/airflow/example_dags/example_task_group_decorator.py for tasks to queue
[2024-02-19T12:34:16.310+0000] {logging_mixin.py:137} INFO - [2024-02-19T12:34:16.310+0000] {dagbag.py:538} INFO - Filling up the DagBag from /home/airflow/.local/lib/python3.7/site-packages/airflow/example_dags/example_task_group_decorator.py
[2024-02-19T12:34:16.332+0000] {processor.py:753} INFO - DAG(s) dict_keys(['example_task_group_decorator']) retrieved from /home/airflow/.local/lib/python3.7/site-packages/airflow/example_dags/example_task_group_decorator.py
[2024-02-19T12:34:16.346+0000] {logging_mixin.py:137} INFO - [2024-02-19T12:34:16.346+0000] {dag.py:2690} INFO - Sync 1 DAGs
[2024-02-19T12:34:16.361+0000] {logging_mixin.py:137} INFO - [2024-02-19T12:34:16.361+0000] {dag.py:3441} INFO - Setting next_dagrun for example_task_group_decorator to 2024-02-18T12:34:16.361122+00:00, run_after=2024-02-19T12:34:16.361122+00:00
[2024-02-19T12:34:16.372+0000] {processor.py:175} INFO - Processing /home/airflow/.local/lib/python3.7/site-packages/airflow/example_dags/example_task_group_decorator.py took 0.066 seconds
[2024-02-19T12:34:46.756+0000] {processor.py:153} INFO - Started process (PID=2535) to work on /home/airflow/.local/lib/python3.7/site-packages/airflow/example_dags/example_task_group_decorator.py
[2024-02-19T12:34:46.756+0000] {processor.py:743} INFO - Processing file /home/airflow/.local/lib/python3.7/site-packages/airflow/example_dags/example_task_group_decorator.py for tasks to queue
[2024-02-19T12:34:46.757+0000] {logging_mixin.py:137} INFO - [2024-02-19T12:34:46.757+0000] {dagbag.py:538} INFO - Filling up the DagBag from /home/airflow/.local/lib/python3.7/site-packages/airflow/example_dags/example_task_group_decorator.py
[2024-02-19T12:34:46.773+0000] {processor.py:753} INFO - DAG(s) dict_keys(['example_task_group_decorator']) retrieved from /home/airflow/.local/lib/python3.7/site-packages/airflow/example_dags/example_task_group_decorator.py
[2024-02-19T12:34:46.788+0000] {logging_mixin.py:137} INFO - [2024-02-19T12:34:46.788+0000] {dag.py:2690} INFO - Sync 1 DAGs
[2024-02-19T12:34:46.801+0000] {logging_mixin.py:137} INFO - [2024-02-19T12:34:46.801+0000] {dag.py:3441} INFO - Setting next_dagrun for example_task_group_decorator to 2024-02-18T12:34:46.801735+00:00, run_after=2024-02-19T12:34:46.801735+00:00
[2024-02-19T12:34:46.812+0000] {processor.py:175} INFO - Processing /home/airflow/.local/lib/python3.7/site-packages/airflow/example_dags/example_task_group_decorator.py took 0.058 seconds
[2024-02-19T12:35:17.311+0000] {processor.py:153} INFO - Started process (PID=2670) to work on /home/airflow/.local/lib/python3.7/site-packages/airflow/example_dags/example_task_group_decorator.py
[2024-02-19T12:35:17.312+0000] {processor.py:743} INFO - Processing file /home/airflow/.local/lib/python3.7/site-packages/airflow/example_dags/example_task_group_decorator.py for tasks to queue
[2024-02-19T12:35:17.312+0000] {logging_mixin.py:137} INFO - [2024-02-19T12:35:17.312+0000] {dagbag.py:538} INFO - Filling up the DagBag from /home/airflow/.local/lib/python3.7/site-packages/airflow/example_dags/example_task_group_decorator.py
[2024-02-19T12:35:17.328+0000] {processor.py:753} INFO - DAG(s) dict_keys(['example_task_group_decorator']) retrieved from /home/airflow/.local/lib/python3.7/site-packages/airflow/example_dags/example_task_group_decorator.py
[2024-02-19T12:35:17.343+0000] {logging_mixin.py:137} INFO - [2024-02-19T12:35:17.343+0000] {dag.py:2690} INFO - Sync 1 DAGs
[2024-02-19T12:35:17.357+0000] {logging_mixin.py:137} INFO - [2024-02-19T12:35:17.357+0000] {dag.py:3441} INFO - Setting next_dagrun for example_task_group_decorator to 2024-02-18T12:35:17.357629+00:00, run_after=2024-02-19T12:35:17.357629+00:00
[2024-02-19T12:35:17.368+0000] {processor.py:175} INFO - Processing /home/airflow/.local/lib/python3.7/site-packages/airflow/example_dags/example_task_group_decorator.py took 0.059 seconds
[2024-02-19T12:35:47.877+0000] {processor.py:153} INFO - Started process (PID=2805) to work on /home/airflow/.local/lib/python3.7/site-packages/airflow/example_dags/example_task_group_decorator.py
[2024-02-19T12:35:47.878+0000] {processor.py:743} INFO - Processing file /home/airflow/.local/lib/python3.7/site-packages/airflow/example_dags/example_task_group_decorator.py for tasks to queue
[2024-02-19T12:35:47.878+0000] {logging_mixin.py:137} INFO - [2024-02-19T12:35:47.878+0000] {dagbag.py:538} INFO - Filling up the DagBag from /home/airflow/.local/lib/python3.7/site-packages/airflow/example_dags/example_task_group_decorator.py
[2024-02-19T12:35:47.895+0000] {processor.py:753} INFO - DAG(s) dict_keys(['example_task_group_decorator']) retrieved from /home/airflow/.local/lib/python3.7/site-packages/airflow/example_dags/example_task_group_decorator.py
[2024-02-19T12:35:47.911+0000] {logging_mixin.py:137} INFO - [2024-02-19T12:35:47.911+0000] {dag.py:2690} INFO - Sync 1 DAGs
[2024-02-19T12:35:47.927+0000] {logging_mixin.py:137} INFO - [2024-02-19T12:35:47.927+0000] {dag.py:3441} INFO - Setting next_dagrun for example_task_group_decorator to 2024-02-18T12:35:47.926912+00:00, run_after=2024-02-19T12:35:47.926912+00:00
[2024-02-19T12:35:47.939+0000] {processor.py:175} INFO - Processing /home/airflow/.local/lib/python3.7/site-packages/airflow/example_dags/example_task_group_decorator.py took 0.064 seconds
[2024-02-19T12:36:18.390+0000] {processor.py:153} INFO - Started process (PID=2908) to work on /home/airflow/.local/lib/python3.7/site-packages/airflow/example_dags/example_task_group_decorator.py
[2024-02-19T12:36:18.391+0000] {processor.py:743} INFO - Processing file /home/airflow/.local/lib/python3.7/site-packages/airflow/example_dags/example_task_group_decorator.py for tasks to queue
[2024-02-19T12:36:18.391+0000] {logging_mixin.py:137} INFO - [2024-02-19T12:36:18.391+0000] {dagbag.py:538} INFO - Filling up the DagBag from /home/airflow/.local/lib/python3.7/site-packages/airflow/example_dags/example_task_group_decorator.py
[2024-02-19T12:36:18.406+0000] {processor.py:753} INFO - DAG(s) dict_keys(['example_task_group_decorator']) retrieved from /home/airflow/.local/lib/python3.7/site-packages/airflow/example_dags/example_task_group_decorator.py
[2024-02-19T12:36:18.422+0000] {logging_mixin.py:137} INFO - [2024-02-19T12:36:18.422+0000] {dag.py:2690} INFO - Sync 1 DAGs
[2024-02-19T12:36:18.436+0000] {logging_mixin.py:137} INFO - [2024-02-19T12:36:18.436+0000] {dag.py:3441} INFO - Setting next_dagrun for example_task_group_decorator to 2024-02-18T12:36:18.436708+00:00, run_after=2024-02-19T12:36:18.436708+00:00
[2024-02-19T12:36:18.447+0000] {processor.py:175} INFO - Processing /home/airflow/.local/lib/python3.7/site-packages/airflow/example_dags/example_task_group_decorator.py took 0.059 seconds
[2024-02-19T12:36:48.984+0000] {processor.py:153} INFO - Started process (PID=3043) to work on /home/airflow/.local/lib/python3.7/site-packages/airflow/example_dags/example_task_group_decorator.py
[2024-02-19T12:36:48.985+0000] {processor.py:743} INFO - Processing file /home/airflow/.local/lib/python3.7/site-packages/airflow/example_dags/example_task_group_decorator.py for tasks to queue
[2024-02-19T12:36:48.985+0000] {logging_mixin.py:137} INFO - [2024-02-19T12:36:48.985+0000] {dagbag.py:538} INFO - Filling up the DagBag from /home/airflow/.local/lib/python3.7/site-packages/airflow/example_dags/example_task_group_decorator.py
[2024-02-19T12:36:49.001+0000] {processor.py:753} INFO - DAG(s) dict_keys(['example_task_group_decorator']) retrieved from /home/airflow/.local/lib/python3.7/site-packages/airflow/example_dags/example_task_group_decorator.py
[2024-02-19T12:36:49.016+0000] {logging_mixin.py:137} INFO - [2024-02-19T12:36:49.016+0000] {dag.py:2690} INFO - Sync 1 DAGs
[2024-02-19T12:36:49.030+0000] {logging_mixin.py:137} INFO - [2024-02-19T12:36:49.030+0000] {dag.py:3441} INFO - Setting next_dagrun for example_task_group_decorator to 2024-02-18T12:36:49.030437+00:00, run_after=2024-02-19T12:36:49.030437+00:00
[2024-02-19T12:36:49.042+0000] {processor.py:175} INFO - Processing /home/airflow/.local/lib/python3.7/site-packages/airflow/example_dags/example_task_group_decorator.py took 0.060 seconds
[2024-02-19T12:37:19.481+0000] {processor.py:153} INFO - Started process (PID=3178) to work on /home/airflow/.local/lib/python3.7/site-packages/airflow/example_dags/example_task_group_decorator.py
[2024-02-19T12:37:19.481+0000] {processor.py:743} INFO - Processing file /home/airflow/.local/lib/python3.7/site-packages/airflow/example_dags/example_task_group_decorator.py for tasks to queue
[2024-02-19T12:37:19.482+0000] {logging_mixin.py:137} INFO - [2024-02-19T12:37:19.482+0000] {dagbag.py:538} INFO - Filling up the DagBag from /home/airflow/.local/lib/python3.7/site-packages/airflow/example_dags/example_task_group_decorator.py
[2024-02-19T12:37:19.502+0000] {processor.py:753} INFO - DAG(s) dict_keys(['example_task_group_decorator']) retrieved from /home/airflow/.local/lib/python3.7/site-packages/airflow/example_dags/example_task_group_decorator.py
[2024-02-19T12:37:19.517+0000] {logging_mixin.py:137} INFO - [2024-02-19T12:37:19.517+0000] {dag.py:2690} INFO - Sync 1 DAGs
[2024-02-19T12:37:19.530+0000] {logging_mixin.py:137} INFO - [2024-02-19T12:37:19.530+0000] {dag.py:3441} INFO - Setting next_dagrun for example_task_group_decorator to 2024-02-18T12:37:19.530334+00:00, run_after=2024-02-19T12:37:19.530334+00:00
[2024-02-19T12:37:19.541+0000] {processor.py:175} INFO - Processing /home/airflow/.local/lib/python3.7/site-packages/airflow/example_dags/example_task_group_decorator.py took 0.062 seconds
[2024-02-19T12:37:49.927+0000] {processor.py:153} INFO - Started process (PID=3281) to work on /home/airflow/.local/lib/python3.7/site-packages/airflow/example_dags/example_task_group_decorator.py
[2024-02-19T12:37:49.927+0000] {processor.py:743} INFO - Processing file /home/airflow/.local/lib/python3.7/site-packages/airflow/example_dags/example_task_group_decorator.py for tasks to queue
[2024-02-19T12:37:49.928+0000] {logging_mixin.py:137} INFO - [2024-02-19T12:37:49.928+0000] {dagbag.py:538} INFO - Filling up the DagBag from /home/airflow/.local/lib/python3.7/site-packages/airflow/example_dags/example_task_group_decorator.py
[2024-02-19T12:37:49.944+0000] {processor.py:753} INFO - DAG(s) dict_keys(['example_task_group_decorator']) retrieved from /home/airflow/.local/lib/python3.7/site-packages/airflow/example_dags/example_task_group_decorator.py
[2024-02-19T12:37:49.958+0000] {logging_mixin.py:137} INFO - [2024-02-19T12:37:49.958+0000] {dag.py:2690} INFO - Sync 1 DAGs
[2024-02-19T12:37:49.972+0000] {logging_mixin.py:137} INFO - [2024-02-19T12:37:49.972+0000] {dag.py:3441} INFO - Setting next_dagrun for example_task_group_decorator to 2024-02-18T12:37:49.972190+00:00, run_after=2024-02-19T12:37:49.972190+00:00
[2024-02-19T12:37:49.982+0000] {processor.py:175} INFO - Processing /home/airflow/.local/lib/python3.7/site-packages/airflow/example_dags/example_task_group_decorator.py took 0.058 seconds
[2024-02-19T12:38:20.360+0000] {processor.py:153} INFO - Started process (PID=3416) to work on /home/airflow/.local/lib/python3.7/site-packages/airflow/example_dags/example_task_group_decorator.py
[2024-02-19T12:38:20.361+0000] {processor.py:743} INFO - Processing file /home/airflow/.local/lib/python3.7/site-packages/airflow/example_dags/example_task_group_decorator.py for tasks to queue
[2024-02-19T12:38:20.361+0000] {logging_mixin.py:137} INFO - [2024-02-19T12:38:20.361+0000] {dagbag.py:538} INFO - Filling up the DagBag from /home/airflow/.local/lib/python3.7/site-packages/airflow/example_dags/example_task_group_decorator.py
[2024-02-19T12:38:20.378+0000] {processor.py:753} INFO - DAG(s) dict_keys(['example_task_group_decorator']) retrieved from /home/airflow/.local/lib/python3.7/site-packages/airflow/example_dags/example_task_group_decorator.py
[2024-02-19T12:38:20.394+0000] {logging_mixin.py:137} INFO - [2024-02-19T12:38:20.394+0000] {dag.py:2690} INFO - Sync 1 DAGs
[2024-02-19T12:38:20.410+0000] {logging_mixin.py:137} INFO - [2024-02-19T12:38:20.410+0000] {dag.py:3441} INFO - Setting next_dagrun for example_task_group_decorator to 2024-02-18T12:38:20.410493+00:00, run_after=2024-02-19T12:38:20.410493+00:00
[2024-02-19T12:38:20.422+0000] {processor.py:175} INFO - Processing /home/airflow/.local/lib/python3.7/site-packages/airflow/example_dags/example_task_group_decorator.py took 0.063 seconds
[2024-02-19T12:38:50.971+0000] {processor.py:153} INFO - Started process (PID=3551) to work on /home/airflow/.local/lib/python3.7/site-packages/airflow/example_dags/example_task_group_decorator.py
[2024-02-19T12:38:50.972+0000] {processor.py:743} INFO - Processing file /home/airflow/.local/lib/python3.7/site-packages/airflow/example_dags/example_task_group_decorator.py for tasks to queue
[2024-02-19T12:38:50.972+0000] {logging_mixin.py:137} INFO - [2024-02-19T12:38:50.972+0000] {dagbag.py:538} INFO - Filling up the DagBag from /home/airflow/.local/lib/python3.7/site-packages/airflow/example_dags/example_task_group_decorator.py
[2024-02-19T12:38:50.990+0000] {processor.py:753} INFO - DAG(s) dict_keys(['example_task_group_decorator']) retrieved from /home/airflow/.local/lib/python3.7/site-packages/airflow/example_dags/example_task_group_decorator.py
[2024-02-19T12:38:51.007+0000] {logging_mixin.py:137} INFO - [2024-02-19T12:38:51.007+0000] {dag.py:2690} INFO - Sync 1 DAGs
[2024-02-19T12:38:51.023+0000] {logging_mixin.py:137} INFO - [2024-02-19T12:38:51.023+0000] {dag.py:3441} INFO - Setting next_dagrun for example_task_group_decorator to 2024-02-18T12:38:51.023301+00:00, run_after=2024-02-19T12:38:51.023301+00:00
[2024-02-19T12:38:51.036+0000] {processor.py:175} INFO - Processing /home/airflow/.local/lib/python3.7/site-packages/airflow/example_dags/example_task_group_decorator.py took 0.067 seconds
[2024-02-19T12:39:21.535+0000] {processor.py:153} INFO - Started process (PID=3654) to work on /home/airflow/.local/lib/python3.7/site-packages/airflow/example_dags/example_task_group_decorator.py
[2024-02-19T12:39:21.535+0000] {processor.py:743} INFO - Processing file /home/airflow/.local/lib/python3.7/site-packages/airflow/example_dags/example_task_group_decorator.py for tasks to queue
[2024-02-19T12:39:21.536+0000] {logging_mixin.py:137} INFO - [2024-02-19T12:39:21.535+0000] {dagbag.py:538} INFO - Filling up the DagBag from /home/airflow/.local/lib/python3.7/site-packages/airflow/example_dags/example_task_group_decorator.py
[2024-02-19T12:39:21.552+0000] {processor.py:753} INFO - DAG(s) dict_keys(['example_task_group_decorator']) retrieved from /home/airflow/.local/lib/python3.7/site-packages/airflow/example_dags/example_task_group_decorator.py
[2024-02-19T12:39:21.566+0000] {logging_mixin.py:137} INFO - [2024-02-19T12:39:21.566+0000] {dag.py:2690} INFO - Sync 1 DAGs
[2024-02-19T12:39:21.579+0000] {logging_mixin.py:137} INFO - [2024-02-19T12:39:21.579+0000] {dag.py:3441} INFO - Setting next_dagrun for example_task_group_decorator to 2024-02-18T12:39:21.579684+00:00, run_after=2024-02-19T12:39:21.579684+00:00
[2024-02-19T12:39:21.590+0000] {processor.py:175} INFO - Processing /home/airflow/.local/lib/python3.7/site-packages/airflow/example_dags/example_task_group_decorator.py took 0.057 seconds
[2024-02-19T12:39:52.064+0000] {processor.py:153} INFO - Started process (PID=3789) to work on /home/airflow/.local/lib/python3.7/site-packages/airflow/example_dags/example_task_group_decorator.py
[2024-02-19T12:39:52.064+0000] {processor.py:743} INFO - Processing file /home/airflow/.local/lib/python3.7/site-packages/airflow/example_dags/example_task_group_decorator.py for tasks to queue
[2024-02-19T12:39:52.065+0000] {logging_mixin.py:137} INFO - [2024-02-19T12:39:52.065+0000] {dagbag.py:538} INFO - Filling up the DagBag from /home/airflow/.local/lib/python3.7/site-packages/airflow/example_dags/example_task_group_decorator.py
[2024-02-19T12:39:52.083+0000] {processor.py:753} INFO - DAG(s) dict_keys(['example_task_group_decorator']) retrieved from /home/airflow/.local/lib/python3.7/site-packages/airflow/example_dags/example_task_group_decorator.py
[2024-02-19T12:39:52.100+0000] {logging_mixin.py:137} INFO - [2024-02-19T12:39:52.100+0000] {dag.py:2690} INFO - Sync 1 DAGs
[2024-02-19T12:39:52.116+0000] {logging_mixin.py:137} INFO - [2024-02-19T12:39:52.116+0000] {dag.py:3441} INFO - Setting next_dagrun for example_task_group_decorator to 2024-02-18T12:39:52.116484+00:00, run_after=2024-02-19T12:39:52.116484+00:00
[2024-02-19T12:39:52.129+0000] {processor.py:175} INFO - Processing /home/airflow/.local/lib/python3.7/site-packages/airflow/example_dags/example_task_group_decorator.py took 0.068 seconds
[2024-02-19T12:40:22.593+0000] {processor.py:153} INFO - Started process (PID=3924) to work on /home/airflow/.local/lib/python3.7/site-packages/airflow/example_dags/example_task_group_decorator.py
[2024-02-19T12:40:22.594+0000] {processor.py:743} INFO - Processing file /home/airflow/.local/lib/python3.7/site-packages/airflow/example_dags/example_task_group_decorator.py for tasks to queue
[2024-02-19T12:40:22.594+0000] {logging_mixin.py:137} INFO - [2024-02-19T12:40:22.594+0000] {dagbag.py:538} INFO - Filling up the DagBag from /home/airflow/.local/lib/python3.7/site-packages/airflow/example_dags/example_task_group_decorator.py
[2024-02-19T12:40:22.614+0000] {processor.py:753} INFO - DAG(s) dict_keys(['example_task_group_decorator']) retrieved from /home/airflow/.local/lib/python3.7/site-packages/airflow/example_dags/example_task_group_decorator.py
[2024-02-19T12:40:22.632+0000] {logging_mixin.py:137} INFO - [2024-02-19T12:40:22.632+0000] {dag.py:2690} INFO - Sync 1 DAGs
[2024-02-19T12:40:22.647+0000] {logging_mixin.py:137} INFO - [2024-02-19T12:40:22.646+0000] {dag.py:3441} INFO - Setting next_dagrun for example_task_group_decorator to 2024-02-18T12:40:22.646814+00:00, run_after=2024-02-19T12:40:22.646814+00:00
[2024-02-19T12:40:22.658+0000] {processor.py:175} INFO - Processing /home/airflow/.local/lib/python3.7/site-packages/airflow/example_dags/example_task_group_decorator.py took 0.067 seconds
[2024-02-19T12:40:53.080+0000] {processor.py:153} INFO - Started process (PID=4028) to work on /home/airflow/.local/lib/python3.7/site-packages/airflow/example_dags/example_task_group_decorator.py
[2024-02-19T12:40:53.080+0000] {processor.py:743} INFO - Processing file /home/airflow/.local/lib/python3.7/site-packages/airflow/example_dags/example_task_group_decorator.py for tasks to queue
[2024-02-19T12:40:53.081+0000] {logging_mixin.py:137} INFO - [2024-02-19T12:40:53.081+0000] {dagbag.py:538} INFO - Filling up the DagBag from /home/airflow/.local/lib/python3.7/site-packages/airflow/example_dags/example_task_group_decorator.py
[2024-02-19T12:40:53.097+0000] {processor.py:753} INFO - DAG(s) dict_keys(['example_task_group_decorator']) retrieved from /home/airflow/.local/lib/python3.7/site-packages/airflow/example_dags/example_task_group_decorator.py
[2024-02-19T12:40:53.112+0000] {logging_mixin.py:137} INFO - [2024-02-19T12:40:53.112+0000] {dag.py:2690} INFO - Sync 1 DAGs
[2024-02-19T12:40:53.126+0000] {logging_mixin.py:137} INFO - [2024-02-19T12:40:53.126+0000] {dag.py:3441} INFO - Setting next_dagrun for example_task_group_decorator to 2024-02-18T12:40:53.126076+00:00, run_after=2024-02-19T12:40:53.126076+00:00
[2024-02-19T12:40:53.136+0000] {processor.py:175} INFO - Processing /home/airflow/.local/lib/python3.7/site-packages/airflow/example_dags/example_task_group_decorator.py took 0.058 seconds
[2024-02-19T12:41:23.508+0000] {processor.py:153} INFO - Started process (PID=4163) to work on /home/airflow/.local/lib/python3.7/site-packages/airflow/example_dags/example_task_group_decorator.py
[2024-02-19T12:41:23.508+0000] {processor.py:743} INFO - Processing file /home/airflow/.local/lib/python3.7/site-packages/airflow/example_dags/example_task_group_decorator.py for tasks to queue
[2024-02-19T12:41:23.509+0000] {logging_mixin.py:137} INFO - [2024-02-19T12:41:23.508+0000] {dagbag.py:538} INFO - Filling up the DagBag from /home/airflow/.local/lib/python3.7/site-packages/airflow/example_dags/example_task_group_decorator.py
[2024-02-19T12:41:23.525+0000] {processor.py:753} INFO - DAG(s) dict_keys(['example_task_group_decorator']) retrieved from /home/airflow/.local/lib/python3.7/site-packages/airflow/example_dags/example_task_group_decorator.py
[2024-02-19T12:41:23.540+0000] {logging_mixin.py:137} INFO - [2024-02-19T12:41:23.540+0000] {dag.py:2690} INFO - Sync 1 DAGs
[2024-02-19T12:41:23.553+0000] {logging_mixin.py:137} INFO - [2024-02-19T12:41:23.553+0000] {dag.py:3441} INFO - Setting next_dagrun for example_task_group_decorator to 2024-02-18T12:41:23.553470+00:00, run_after=2024-02-19T12:41:23.553470+00:00
[2024-02-19T12:41:23.564+0000] {processor.py:175} INFO - Processing /home/airflow/.local/lib/python3.7/site-packages/airflow/example_dags/example_task_group_decorator.py took 0.059 seconds
[2024-02-19T12:41:54.042+0000] {processor.py:153} INFO - Started process (PID=4298) to work on /home/airflow/.local/lib/python3.7/site-packages/airflow/example_dags/example_task_group_decorator.py
[2024-02-19T12:41:54.043+0000] {processor.py:743} INFO - Processing file /home/airflow/.local/lib/python3.7/site-packages/airflow/example_dags/example_task_group_decorator.py for tasks to queue
[2024-02-19T12:41:54.043+0000] {logging_mixin.py:137} INFO - [2024-02-19T12:41:54.043+0000] {dagbag.py:538} INFO - Filling up the DagBag from /home/airflow/.local/lib/python3.7/site-packages/airflow/example_dags/example_task_group_decorator.py
[2024-02-19T12:41:54.060+0000] {processor.py:753} INFO - DAG(s) dict_keys(['example_task_group_decorator']) retrieved from /home/airflow/.local/lib/python3.7/site-packages/airflow/example_dags/example_task_group_decorator.py
[2024-02-19T12:41:54.076+0000] {logging_mixin.py:137} INFO - [2024-02-19T12:41:54.076+0000] {dag.py:2690} INFO - Sync 1 DAGs
[2024-02-19T12:41:54.091+0000] {logging_mixin.py:137} INFO - [2024-02-19T12:41:54.091+0000] {dag.py:3441} INFO - Setting next_dagrun for example_task_group_decorator to 2024-02-18T12:41:54.091424+00:00, run_after=2024-02-19T12:41:54.091424+00:00
[2024-02-19T12:41:54.103+0000] {processor.py:175} INFO - Processing /home/airflow/.local/lib/python3.7/site-packages/airflow/example_dags/example_task_group_decorator.py took 0.063 seconds
[2024-02-19T12:42:24.759+0000] {processor.py:153} INFO - Started process (PID=4401) to work on /home/airflow/.local/lib/python3.7/site-packages/airflow/example_dags/example_task_group_decorator.py
[2024-02-19T12:42:24.760+0000] {processor.py:743} INFO - Processing file /home/airflow/.local/lib/python3.7/site-packages/airflow/example_dags/example_task_group_decorator.py for tasks to queue
[2024-02-19T12:42:24.760+0000] {logging_mixin.py:137} INFO - [2024-02-19T12:42:24.760+0000] {dagbag.py:538} INFO - Filling up the DagBag from /home/airflow/.local/lib/python3.7/site-packages/airflow/example_dags/example_task_group_decorator.py
[2024-02-19T12:42:24.777+0000] {processor.py:753} INFO - DAG(s) dict_keys(['example_task_group_decorator']) retrieved from /home/airflow/.local/lib/python3.7/site-packages/airflow/example_dags/example_task_group_decorator.py
[2024-02-19T12:42:24.792+0000] {logging_mixin.py:137} INFO - [2024-02-19T12:42:24.792+0000] {dag.py:2690} INFO - Sync 1 DAGs
[2024-02-19T12:42:24.805+0000] {logging_mixin.py:137} INFO - [2024-02-19T12:42:24.805+0000] {dag.py:3441} INFO - Setting next_dagrun for example_task_group_decorator to 2024-02-18T12:42:24.805742+00:00, run_after=2024-02-19T12:42:24.805742+00:00
[2024-02-19T12:42:24.817+0000] {processor.py:175} INFO - Processing /home/airflow/.local/lib/python3.7/site-packages/airflow/example_dags/example_task_group_decorator.py took 0.059 seconds
[2024-02-19T12:42:55.238+0000] {processor.py:153} INFO - Started process (PID=4536) to work on /home/airflow/.local/lib/python3.7/site-packages/airflow/example_dags/example_task_group_decorator.py
[2024-02-19T12:42:55.239+0000] {processor.py:743} INFO - Processing file /home/airflow/.local/lib/python3.7/site-packages/airflow/example_dags/example_task_group_decorator.py for tasks to queue
[2024-02-19T12:42:55.239+0000] {logging_mixin.py:137} INFO - [2024-02-19T12:42:55.239+0000] {dagbag.py:538} INFO - Filling up the DagBag from /home/airflow/.local/lib/python3.7/site-packages/airflow/example_dags/example_task_group_decorator.py
[2024-02-19T12:42:55.255+0000] {processor.py:753} INFO - DAG(s) dict_keys(['example_task_group_decorator']) retrieved from /home/airflow/.local/lib/python3.7/site-packages/airflow/example_dags/example_task_group_decorator.py
[2024-02-19T12:42:55.269+0000] {logging_mixin.py:137} INFO - [2024-02-19T12:42:55.269+0000] {dag.py:2690} INFO - Sync 1 DAGs
[2024-02-19T12:42:55.283+0000] {logging_mixin.py:137} INFO - [2024-02-19T12:42:55.283+0000] {dag.py:3441} INFO - Setting next_dagrun for example_task_group_decorator to 2024-02-18T12:42:55.283550+00:00, run_after=2024-02-19T12:42:55.283550+00:00
[2024-02-19T12:42:55.293+0000] {processor.py:175} INFO - Processing /home/airflow/.local/lib/python3.7/site-packages/airflow/example_dags/example_task_group_decorator.py took 0.057 seconds
[2024-02-19T12:43:25.883+0000] {processor.py:153} INFO - Started process (PID=4648) to work on /home/airflow/.local/lib/python3.7/site-packages/airflow/example_dags/example_task_group_decorator.py
[2024-02-19T12:43:25.884+0000] {processor.py:743} INFO - Processing file /home/airflow/.local/lib/python3.7/site-packages/airflow/example_dags/example_task_group_decorator.py for tasks to queue
[2024-02-19T12:43:25.885+0000] {logging_mixin.py:137} INFO - [2024-02-19T12:43:25.885+0000] {dagbag.py:538} INFO - Filling up the DagBag from /home/airflow/.local/lib/python3.7/site-packages/airflow/example_dags/example_task_group_decorator.py
[2024-02-19T12:43:25.914+0000] {processor.py:753} INFO - DAG(s) dict_keys(['example_task_group_decorator']) retrieved from /home/airflow/.local/lib/python3.7/site-packages/airflow/example_dags/example_task_group_decorator.py
[2024-02-19T12:43:25.940+0000] {logging_mixin.py:137} INFO - [2024-02-19T12:43:25.940+0000] {dag.py:2690} INFO - Sync 1 DAGs
[2024-02-19T12:43:25.969+0000] {logging_mixin.py:137} INFO - [2024-02-19T12:43:25.968+0000] {dag.py:3441} INFO - Setting next_dagrun for example_task_group_decorator to 2024-02-18T12:43:25.968689+00:00, run_after=2024-02-19T12:43:25.968689+00:00
[2024-02-19T12:43:25.987+0000] {processor.py:175} INFO - Processing /home/airflow/.local/lib/python3.7/site-packages/airflow/example_dags/example_task_group_decorator.py took 0.107 seconds
[2024-02-19T12:43:56.555+0000] {processor.py:153} INFO - Started process (PID=4774) to work on /home/airflow/.local/lib/python3.7/site-packages/airflow/example_dags/example_task_group_decorator.py
[2024-02-19T12:43:56.556+0000] {processor.py:743} INFO - Processing file /home/airflow/.local/lib/python3.7/site-packages/airflow/example_dags/example_task_group_decorator.py for tasks to queue
[2024-02-19T12:43:56.556+0000] {logging_mixin.py:137} INFO - [2024-02-19T12:43:56.556+0000] {dagbag.py:538} INFO - Filling up the DagBag from /home/airflow/.local/lib/python3.7/site-packages/airflow/example_dags/example_task_group_decorator.py
[2024-02-19T12:43:56.572+0000] {processor.py:753} INFO - DAG(s) dict_keys(['example_task_group_decorator']) retrieved from /home/airflow/.local/lib/python3.7/site-packages/airflow/example_dags/example_task_group_decorator.py
[2024-02-19T12:43:56.588+0000] {logging_mixin.py:137} INFO - [2024-02-19T12:43:56.588+0000] {dag.py:2690} INFO - Sync 1 DAGs
[2024-02-19T12:43:56.602+0000] {logging_mixin.py:137} INFO - [2024-02-19T12:43:56.602+0000] {dag.py:3441} INFO - Setting next_dagrun for example_task_group_decorator to 2024-02-18T12:43:56.602224+00:00, run_after=2024-02-19T12:43:56.602224+00:00
[2024-02-19T12:43:56.613+0000] {processor.py:175} INFO - Processing /home/airflow/.local/lib/python3.7/site-packages/airflow/example_dags/example_task_group_decorator.py took 0.059 seconds
[2024-02-19T12:44:26.977+0000] {processor.py:153} INFO - Started process (PID=4908) to work on /home/airflow/.local/lib/python3.7/site-packages/airflow/example_dags/example_task_group_decorator.py
[2024-02-19T12:44:26.978+0000] {processor.py:743} INFO - Processing file /home/airflow/.local/lib/python3.7/site-packages/airflow/example_dags/example_task_group_decorator.py for tasks to queue
[2024-02-19T12:44:26.978+0000] {logging_mixin.py:137} INFO - [2024-02-19T12:44:26.978+0000] {dagbag.py:538} INFO - Filling up the DagBag from /home/airflow/.local/lib/python3.7/site-packages/airflow/example_dags/example_task_group_decorator.py
[2024-02-19T12:44:26.994+0000] {processor.py:753} INFO - DAG(s) dict_keys(['example_task_group_decorator']) retrieved from /home/airflow/.local/lib/python3.7/site-packages/airflow/example_dags/example_task_group_decorator.py
[2024-02-19T12:44:27.010+0000] {logging_mixin.py:137} INFO - [2024-02-19T12:44:27.009+0000] {dag.py:2690} INFO - Sync 1 DAGs
[2024-02-19T12:44:27.023+0000] {logging_mixin.py:137} INFO - [2024-02-19T12:44:27.023+0000] {dag.py:3441} INFO - Setting next_dagrun for example_task_group_decorator to 2024-02-18T12:44:27.023563+00:00, run_after=2024-02-19T12:44:27.023563+00:00
[2024-02-19T12:44:27.034+0000] {processor.py:175} INFO - Processing /home/airflow/.local/lib/python3.7/site-packages/airflow/example_dags/example_task_group_decorator.py took 0.058 seconds
[2024-02-19T12:44:57.506+0000] {processor.py:153} INFO - Started process (PID=5018) to work on /home/airflow/.local/lib/python3.7/site-packages/airflow/example_dags/example_task_group_decorator.py
[2024-02-19T12:44:57.506+0000] {processor.py:743} INFO - Processing file /home/airflow/.local/lib/python3.7/site-packages/airflow/example_dags/example_task_group_decorator.py for tasks to queue
[2024-02-19T12:44:57.507+0000] {logging_mixin.py:137} INFO - [2024-02-19T12:44:57.506+0000] {dagbag.py:538} INFO - Filling up the DagBag from /home/airflow/.local/lib/python3.7/site-packages/airflow/example_dags/example_task_group_decorator.py
[2024-02-19T12:44:57.528+0000] {processor.py:753} INFO - DAG(s) dict_keys(['example_task_group_decorator']) retrieved from /home/airflow/.local/lib/python3.7/site-packages/airflow/example_dags/example_task_group_decorator.py
[2024-02-19T12:44:57.544+0000] {logging_mixin.py:137} INFO - [2024-02-19T12:44:57.544+0000] {dag.py:2690} INFO - Sync 1 DAGs
[2024-02-19T12:44:57.559+0000] {logging_mixin.py:137} INFO - [2024-02-19T12:44:57.559+0000] {dag.py:3441} INFO - Setting next_dagrun for example_task_group_decorator to 2024-02-18T12:44:57.558994+00:00, run_after=2024-02-19T12:44:57.558994+00:00
[2024-02-19T12:44:57.571+0000] {processor.py:175} INFO - Processing /home/airflow/.local/lib/python3.7/site-packages/airflow/example_dags/example_task_group_decorator.py took 0.067 seconds
[2024-02-19T12:45:28.264+0000] {processor.py:153} INFO - Started process (PID=5146) to work on /home/airflow/.local/lib/python3.7/site-packages/airflow/example_dags/example_task_group_decorator.py
[2024-02-19T12:45:28.264+0000] {processor.py:743} INFO - Processing file /home/airflow/.local/lib/python3.7/site-packages/airflow/example_dags/example_task_group_decorator.py for tasks to queue
[2024-02-19T12:45:28.265+0000] {logging_mixin.py:137} INFO - [2024-02-19T12:45:28.264+0000] {dagbag.py:538} INFO - Filling up the DagBag from /home/airflow/.local/lib/python3.7/site-packages/airflow/example_dags/example_task_group_decorator.py
[2024-02-19T12:45:28.280+0000] {processor.py:753} INFO - DAG(s) dict_keys(['example_task_group_decorator']) retrieved from /home/airflow/.local/lib/python3.7/site-packages/airflow/example_dags/example_task_group_decorator.py
[2024-02-19T12:45:28.295+0000] {logging_mixin.py:137} INFO - [2024-02-19T12:45:28.295+0000] {dag.py:2690} INFO - Sync 1 DAGs
[2024-02-19T12:45:28.314+0000] {logging_mixin.py:137} INFO - [2024-02-19T12:45:28.314+0000] {dag.py:3441} INFO - Setting next_dagrun for example_task_group_decorator to 2024-02-18T12:45:28.313853+00:00, run_after=2024-02-19T12:45:28.313853+00:00
[2024-02-19T12:45:28.326+0000] {processor.py:175} INFO - Processing /home/airflow/.local/lib/python3.7/site-packages/airflow/example_dags/example_task_group_decorator.py took 0.064 seconds
[2024-02-19T12:45:58.805+0000] {processor.py:153} INFO - Started process (PID=5281) to work on /home/airflow/.local/lib/python3.7/site-packages/airflow/example_dags/example_task_group_decorator.py
[2024-02-19T12:45:58.805+0000] {processor.py:743} INFO - Processing file /home/airflow/.local/lib/python3.7/site-packages/airflow/example_dags/example_task_group_decorator.py for tasks to queue
[2024-02-19T12:45:58.806+0000] {logging_mixin.py:137} INFO - [2024-02-19T12:45:58.806+0000] {dagbag.py:538} INFO - Filling up the DagBag from /home/airflow/.local/lib/python3.7/site-packages/airflow/example_dags/example_task_group_decorator.py
[2024-02-19T12:45:58.822+0000] {processor.py:753} INFO - DAG(s) dict_keys(['example_task_group_decorator']) retrieved from /home/airflow/.local/lib/python3.7/site-packages/airflow/example_dags/example_task_group_decorator.py
[2024-02-19T12:45:58.837+0000] {logging_mixin.py:137} INFO - [2024-02-19T12:45:58.836+0000] {dag.py:2690} INFO - Sync 1 DAGs
[2024-02-19T12:45:58.850+0000] {logging_mixin.py:137} INFO - [2024-02-19T12:45:58.850+0000] {dag.py:3441} INFO - Setting next_dagrun for example_task_group_decorator to 2024-02-18T12:45:58.850407+00:00, run_after=2024-02-19T12:45:58.850407+00:00
[2024-02-19T12:45:58.861+0000] {processor.py:175} INFO - Processing /home/airflow/.local/lib/python3.7/site-packages/airflow/example_dags/example_task_group_decorator.py took 0.058 seconds
[2024-02-19T12:46:29.252+0000] {processor.py:153} INFO - Started process (PID=5393) to work on /home/airflow/.local/lib/python3.7/site-packages/airflow/example_dags/example_task_group_decorator.py
[2024-02-19T12:46:29.252+0000] {processor.py:743} INFO - Processing file /home/airflow/.local/lib/python3.7/site-packages/airflow/example_dags/example_task_group_decorator.py for tasks to queue
[2024-02-19T12:46:29.253+0000] {logging_mixin.py:137} INFO - [2024-02-19T12:46:29.253+0000] {dagbag.py:538} INFO - Filling up the DagBag from /home/airflow/.local/lib/python3.7/site-packages/airflow/example_dags/example_task_group_decorator.py
[2024-02-19T12:46:29.270+0000] {processor.py:753} INFO - DAG(s) dict_keys(['example_task_group_decorator']) retrieved from /home/airflow/.local/lib/python3.7/site-packages/airflow/example_dags/example_task_group_decorator.py
[2024-02-19T12:46:29.285+0000] {logging_mixin.py:137} INFO - [2024-02-19T12:46:29.285+0000] {dag.py:2690} INFO - Sync 1 DAGs
[2024-02-19T12:46:29.301+0000] {logging_mixin.py:137} INFO - [2024-02-19T12:46:29.301+0000] {dag.py:3441} INFO - Setting next_dagrun for example_task_group_decorator to 2024-02-18T12:46:29.300824+00:00, run_after=2024-02-19T12:46:29.300824+00:00
[2024-02-19T12:46:29.313+0000] {processor.py:175} INFO - Processing /home/airflow/.local/lib/python3.7/site-packages/airflow/example_dags/example_task_group_decorator.py took 0.063 seconds
[2024-02-19T12:46:59.987+0000] {processor.py:153} INFO - Started process (PID=5519) to work on /home/airflow/.local/lib/python3.7/site-packages/airflow/example_dags/example_task_group_decorator.py
[2024-02-19T12:46:59.988+0000] {processor.py:743} INFO - Processing file /home/airflow/.local/lib/python3.7/site-packages/airflow/example_dags/example_task_group_decorator.py for tasks to queue
[2024-02-19T12:46:59.988+0000] {logging_mixin.py:137} INFO - [2024-02-19T12:46:59.988+0000] {dagbag.py:538} INFO - Filling up the DagBag from /home/airflow/.local/lib/python3.7/site-packages/airflow/example_dags/example_task_group_decorator.py
[2024-02-19T12:47:00.004+0000] {processor.py:753} INFO - DAG(s) dict_keys(['example_task_group_decorator']) retrieved from /home/airflow/.local/lib/python3.7/site-packages/airflow/example_dags/example_task_group_decorator.py
[2024-02-19T12:47:00.020+0000] {logging_mixin.py:137} INFO - [2024-02-19T12:47:00.020+0000] {dag.py:2690} INFO - Sync 1 DAGs
[2024-02-19T12:47:00.035+0000] {logging_mixin.py:137} INFO - [2024-02-19T12:47:00.035+0000] {dag.py:3441} INFO - Setting next_dagrun for example_task_group_decorator to 2024-02-18T12:47:00.034414+00:00, run_after=2024-02-19T12:47:00.034414+00:00
[2024-02-19T12:47:00.046+0000] {processor.py:175} INFO - Processing /home/airflow/.local/lib/python3.7/site-packages/airflow/example_dags/example_task_group_decorator.py took 0.061 seconds
[2024-02-19T12:47:30.436+0000] {processor.py:153} INFO - Started process (PID=5654) to work on /home/airflow/.local/lib/python3.7/site-packages/airflow/example_dags/example_task_group_decorator.py
[2024-02-19T12:47:30.437+0000] {processor.py:743} INFO - Processing file /home/airflow/.local/lib/python3.7/site-packages/airflow/example_dags/example_task_group_decorator.py for tasks to queue
[2024-02-19T12:47:30.437+0000] {logging_mixin.py:137} INFO - [2024-02-19T12:47:30.437+0000] {dagbag.py:538} INFO - Filling up the DagBag from /home/airflow/.local/lib/python3.7/site-packages/airflow/example_dags/example_task_group_decorator.py
[2024-02-19T12:47:30.454+0000] {processor.py:753} INFO - DAG(s) dict_keys(['example_task_group_decorator']) retrieved from /home/airflow/.local/lib/python3.7/site-packages/airflow/example_dags/example_task_group_decorator.py
[2024-02-19T12:47:30.468+0000] {logging_mixin.py:137} INFO - [2024-02-19T12:47:30.468+0000] {dag.py:2690} INFO - Sync 1 DAGs
[2024-02-19T12:47:30.482+0000] {logging_mixin.py:137} INFO - [2024-02-19T12:47:30.482+0000] {dag.py:3441} INFO - Setting next_dagrun for example_task_group_decorator to 2024-02-18T12:47:30.482556+00:00, run_after=2024-02-19T12:47:30.482556+00:00
[2024-02-19T12:47:30.493+0000] {processor.py:175} INFO - Processing /home/airflow/.local/lib/python3.7/site-packages/airflow/example_dags/example_task_group_decorator.py took 0.059 seconds
[2024-02-19T12:48:00.883+0000] {processor.py:153} INFO - Started process (PID=5764) to work on /home/airflow/.local/lib/python3.7/site-packages/airflow/example_dags/example_task_group_decorator.py
[2024-02-19T12:48:00.883+0000] {processor.py:743} INFO - Processing file /home/airflow/.local/lib/python3.7/site-packages/airflow/example_dags/example_task_group_decorator.py for tasks to queue
[2024-02-19T12:48:00.884+0000] {logging_mixin.py:137} INFO - [2024-02-19T12:48:00.883+0000] {dagbag.py:538} INFO - Filling up the DagBag from /home/airflow/.local/lib/python3.7/site-packages/airflow/example_dags/example_task_group_decorator.py
[2024-02-19T12:48:00.901+0000] {processor.py:753} INFO - DAG(s) dict_keys(['example_task_group_decorator']) retrieved from /home/airflow/.local/lib/python3.7/site-packages/airflow/example_dags/example_task_group_decorator.py
[2024-02-19T12:48:00.918+0000] {logging_mixin.py:137} INFO - [2024-02-19T12:48:00.918+0000] {dag.py:2690} INFO - Sync 1 DAGs
[2024-02-19T12:48:00.933+0000] {logging_mixin.py:137} INFO - [2024-02-19T12:48:00.933+0000] {dag.py:3441} INFO - Setting next_dagrun for example_task_group_decorator to 2024-02-18T12:48:00.933500+00:00, run_after=2024-02-19T12:48:00.933500+00:00
[2024-02-19T12:48:00.945+0000] {processor.py:175} INFO - Processing /home/airflow/.local/lib/python3.7/site-packages/airflow/example_dags/example_task_group_decorator.py took 0.065 seconds
[2024-02-19T12:48:31.613+0000] {processor.py:153} INFO - Started process (PID=5892) to work on /home/airflow/.local/lib/python3.7/site-packages/airflow/example_dags/example_task_group_decorator.py
[2024-02-19T12:48:31.613+0000] {processor.py:743} INFO - Processing file /home/airflow/.local/lib/python3.7/site-packages/airflow/example_dags/example_task_group_decorator.py for tasks to queue
[2024-02-19T12:48:31.614+0000] {logging_mixin.py:137} INFO - [2024-02-19T12:48:31.614+0000] {dagbag.py:538} INFO - Filling up the DagBag from /home/airflow/.local/lib/python3.7/site-packages/airflow/example_dags/example_task_group_decorator.py
[2024-02-19T12:48:31.630+0000] {processor.py:753} INFO - DAG(s) dict_keys(['example_task_group_decorator']) retrieved from /home/airflow/.local/lib/python3.7/site-packages/airflow/example_dags/example_task_group_decorator.py
[2024-02-19T12:48:31.645+0000] {logging_mixin.py:137} INFO - [2024-02-19T12:48:31.645+0000] {dag.py:2690} INFO - Sync 1 DAGs
[2024-02-19T12:48:31.659+0000] {logging_mixin.py:137} INFO - [2024-02-19T12:48:31.658+0000] {dag.py:3441} INFO - Setting next_dagrun for example_task_group_decorator to 2024-02-18T12:48:31.658860+00:00, run_after=2024-02-19T12:48:31.658860+00:00
[2024-02-19T12:48:31.669+0000] {processor.py:175} INFO - Processing /home/airflow/.local/lib/python3.7/site-packages/airflow/example_dags/example_task_group_decorator.py took 0.058 seconds
[2024-02-19T12:49:02.204+0000] {processor.py:153} INFO - Started process (PID=6027) to work on /home/airflow/.local/lib/python3.7/site-packages/airflow/example_dags/example_task_group_decorator.py
[2024-02-19T12:49:02.205+0000] {processor.py:743} INFO - Processing file /home/airflow/.local/lib/python3.7/site-packages/airflow/example_dags/example_task_group_decorator.py for tasks to queue
[2024-02-19T12:49:02.205+0000] {logging_mixin.py:137} INFO - [2024-02-19T12:49:02.205+0000] {dagbag.py:538} INFO - Filling up the DagBag from /home/airflow/.local/lib/python3.7/site-packages/airflow/example_dags/example_task_group_decorator.py
[2024-02-19T12:49:02.221+0000] {processor.py:753} INFO - DAG(s) dict_keys(['example_task_group_decorator']) retrieved from /home/airflow/.local/lib/python3.7/site-packages/airflow/example_dags/example_task_group_decorator.py
[2024-02-19T12:49:02.235+0000] {logging_mixin.py:137} INFO - [2024-02-19T12:49:02.235+0000] {dag.py:2690} INFO - Sync 1 DAGs
[2024-02-19T12:49:02.249+0000] {logging_mixin.py:137} INFO - [2024-02-19T12:49:02.249+0000] {dag.py:3441} INFO - Setting next_dagrun for example_task_group_decorator to 2024-02-18T12:49:02.249330+00:00, run_after=2024-02-19T12:49:02.249330+00:00
[2024-02-19T12:49:02.260+0000] {processor.py:175} INFO - Processing /home/airflow/.local/lib/python3.7/site-packages/airflow/example_dags/example_task_group_decorator.py took 0.058 seconds
[2024-02-19T12:49:32.701+0000] {processor.py:153} INFO - Started process (PID=6139) to work on /home/airflow/.local/lib/python3.7/site-packages/airflow/example_dags/example_task_group_decorator.py
[2024-02-19T12:49:32.702+0000] {processor.py:743} INFO - Processing file /home/airflow/.local/lib/python3.7/site-packages/airflow/example_dags/example_task_group_decorator.py for tasks to queue
[2024-02-19T12:49:32.702+0000] {logging_mixin.py:137} INFO - [2024-02-19T12:49:32.702+0000] {dagbag.py:538} INFO - Filling up the DagBag from /home/airflow/.local/lib/python3.7/site-packages/airflow/example_dags/example_task_group_decorator.py
[2024-02-19T12:49:32.718+0000] {processor.py:753} INFO - DAG(s) dict_keys(['example_task_group_decorator']) retrieved from /home/airflow/.local/lib/python3.7/site-packages/airflow/example_dags/example_task_group_decorator.py
[2024-02-19T12:49:32.733+0000] {logging_mixin.py:137} INFO - [2024-02-19T12:49:32.733+0000] {dag.py:2690} INFO - Sync 1 DAGs
[2024-02-19T12:49:32.747+0000] {logging_mixin.py:137} INFO - [2024-02-19T12:49:32.747+0000] {dag.py:3441} INFO - Setting next_dagrun for example_task_group_decorator to 2024-02-18T12:49:32.747104+00:00, run_after=2024-02-19T12:49:32.747104+00:00
[2024-02-19T12:49:32.758+0000] {processor.py:175} INFO - Processing /home/airflow/.local/lib/python3.7/site-packages/airflow/example_dags/example_task_group_decorator.py took 0.058 seconds
[2024-02-19T12:50:03.416+0000] {processor.py:153} INFO - Started process (PID=6265) to work on /home/airflow/.local/lib/python3.7/site-packages/airflow/example_dags/example_task_group_decorator.py
[2024-02-19T12:50:03.416+0000] {processor.py:743} INFO - Processing file /home/airflow/.local/lib/python3.7/site-packages/airflow/example_dags/example_task_group_decorator.py for tasks to queue
[2024-02-19T12:50:03.417+0000] {logging_mixin.py:137} INFO - [2024-02-19T12:50:03.417+0000] {dagbag.py:538} INFO - Filling up the DagBag from /home/airflow/.local/lib/python3.7/site-packages/airflow/example_dags/example_task_group_decorator.py
[2024-02-19T12:50:03.433+0000] {processor.py:753} INFO - DAG(s) dict_keys(['example_task_group_decorator']) retrieved from /home/airflow/.local/lib/python3.7/site-packages/airflow/example_dags/example_task_group_decorator.py
[2024-02-19T12:50:03.449+0000] {logging_mixin.py:137} INFO - [2024-02-19T12:50:03.449+0000] {dag.py:2690} INFO - Sync 1 DAGs
[2024-02-19T12:50:03.464+0000] {logging_mixin.py:137} INFO - [2024-02-19T12:50:03.464+0000] {dag.py:3441} INFO - Setting next_dagrun for example_task_group_decorator to 2024-02-18T12:50:03.464032+00:00, run_after=2024-02-19T12:50:03.464032+00:00
[2024-02-19T12:50:03.476+0000] {processor.py:175} INFO - Processing /home/airflow/.local/lib/python3.7/site-packages/airflow/example_dags/example_task_group_decorator.py took 0.062 seconds
[2024-02-19T12:50:33.921+0000] {processor.py:153} INFO - Started process (PID=6400) to work on /home/airflow/.local/lib/python3.7/site-packages/airflow/example_dags/example_task_group_decorator.py
[2024-02-19T12:50:33.921+0000] {processor.py:743} INFO - Processing file /home/airflow/.local/lib/python3.7/site-packages/airflow/example_dags/example_task_group_decorator.py for tasks to queue
[2024-02-19T12:50:33.922+0000] {logging_mixin.py:137} INFO - [2024-02-19T12:50:33.922+0000] {dagbag.py:538} INFO - Filling up the DagBag from /home/airflow/.local/lib/python3.7/site-packages/airflow/example_dags/example_task_group_decorator.py
[2024-02-19T12:50:33.938+0000] {processor.py:753} INFO - DAG(s) dict_keys(['example_task_group_decorator']) retrieved from /home/airflow/.local/lib/python3.7/site-packages/airflow/example_dags/example_task_group_decorator.py
[2024-02-19T12:50:33.952+0000] {logging_mixin.py:137} INFO - [2024-02-19T12:50:33.952+0000] {dag.py:2690} INFO - Sync 1 DAGs
[2024-02-19T12:50:33.966+0000] {logging_mixin.py:137} INFO - [2024-02-19T12:50:33.966+0000] {dag.py:3441} INFO - Setting next_dagrun for example_task_group_decorator to 2024-02-18T12:50:33.966289+00:00, run_after=2024-02-19T12:50:33.966289+00:00
[2024-02-19T12:50:33.980+0000] {processor.py:175} INFO - Processing /home/airflow/.local/lib/python3.7/site-packages/airflow/example_dags/example_task_group_decorator.py took 0.061 seconds
[2024-02-19T12:51:04.358+0000] {processor.py:153} INFO - Started process (PID=6502) to work on /home/airflow/.local/lib/python3.7/site-packages/airflow/example_dags/example_task_group_decorator.py
[2024-02-19T12:51:04.358+0000] {processor.py:743} INFO - Processing file /home/airflow/.local/lib/python3.7/site-packages/airflow/example_dags/example_task_group_decorator.py for tasks to queue
[2024-02-19T12:51:04.358+0000] {logging_mixin.py:137} INFO - [2024-02-19T12:51:04.358+0000] {dagbag.py:538} INFO - Filling up the DagBag from /home/airflow/.local/lib/python3.7/site-packages/airflow/example_dags/example_task_group_decorator.py
[2024-02-19T12:51:04.376+0000] {processor.py:753} INFO - DAG(s) dict_keys(['example_task_group_decorator']) retrieved from /home/airflow/.local/lib/python3.7/site-packages/airflow/example_dags/example_task_group_decorator.py
[2024-02-19T12:51:04.391+0000] {logging_mixin.py:137} INFO - [2024-02-19T12:51:04.391+0000] {dag.py:2690} INFO - Sync 1 DAGs
[2024-02-19T12:51:04.407+0000] {logging_mixin.py:137} INFO - [2024-02-19T12:51:04.407+0000] {dag.py:3441} INFO - Setting next_dagrun for example_task_group_decorator to 2024-02-18T12:51:04.407431+00:00, run_after=2024-02-19T12:51:04.407431+00:00
[2024-02-19T12:51:04.422+0000] {processor.py:175} INFO - Processing /home/airflow/.local/lib/python3.7/site-packages/airflow/example_dags/example_task_group_decorator.py took 0.066 seconds
[2024-02-19T12:51:35.209+0000] {processor.py:153} INFO - Started process (PID=6637) to work on /home/airflow/.local/lib/python3.7/site-packages/airflow/example_dags/example_task_group_decorator.py
[2024-02-19T12:51:35.210+0000] {processor.py:743} INFO - Processing file /home/airflow/.local/lib/python3.7/site-packages/airflow/example_dags/example_task_group_decorator.py for tasks to queue
[2024-02-19T12:51:35.210+0000] {logging_mixin.py:137} INFO - [2024-02-19T12:51:35.210+0000] {dagbag.py:538} INFO - Filling up the DagBag from /home/airflow/.local/lib/python3.7/site-packages/airflow/example_dags/example_task_group_decorator.py
[2024-02-19T12:51:35.228+0000] {processor.py:753} INFO - DAG(s) dict_keys(['example_task_group_decorator']) retrieved from /home/airflow/.local/lib/python3.7/site-packages/airflow/example_dags/example_task_group_decorator.py
[2024-02-19T12:51:35.246+0000] {logging_mixin.py:137} INFO - [2024-02-19T12:51:35.246+0000] {dag.py:2690} INFO - Sync 1 DAGs
[2024-02-19T12:51:35.261+0000] {logging_mixin.py:137} INFO - [2024-02-19T12:51:35.261+0000] {dag.py:3441} INFO - Setting next_dagrun for example_task_group_decorator to 2024-02-18T12:51:35.261561+00:00, run_after=2024-02-19T12:51:35.261561+00:00
[2024-02-19T12:51:35.273+0000] {processor.py:175} INFO - Processing /home/airflow/.local/lib/python3.7/site-packages/airflow/example_dags/example_task_group_decorator.py took 0.066 seconds
[2024-02-19T12:52:06.005+0000] {processor.py:153} INFO - Started process (PID=6772) to work on /home/airflow/.local/lib/python3.7/site-packages/airflow/example_dags/example_task_group_decorator.py
[2024-02-19T12:52:06.006+0000] {processor.py:743} INFO - Processing file /home/airflow/.local/lib/python3.7/site-packages/airflow/example_dags/example_task_group_decorator.py for tasks to queue
[2024-02-19T12:52:06.007+0000] {logging_mixin.py:137} INFO - [2024-02-19T12:52:06.007+0000] {dagbag.py:538} INFO - Filling up the DagBag from /home/airflow/.local/lib/python3.7/site-packages/airflow/example_dags/example_task_group_decorator.py
[2024-02-19T12:52:06.031+0000] {processor.py:753} INFO - DAG(s) dict_keys(['example_task_group_decorator']) retrieved from /home/airflow/.local/lib/python3.7/site-packages/airflow/example_dags/example_task_group_decorator.py
[2024-02-19T12:52:06.054+0000] {logging_mixin.py:137} INFO - [2024-02-19T12:52:06.053+0000] {dag.py:2690} INFO - Sync 1 DAGs
[2024-02-19T12:52:06.076+0000] {logging_mixin.py:137} INFO - [2024-02-19T12:52:06.075+0000] {dag.py:3441} INFO - Setting next_dagrun for example_task_group_decorator to 2024-02-18T12:52:06.075611+00:00, run_after=2024-02-19T12:52:06.075611+00:00
[2024-02-19T12:52:06.093+0000] {processor.py:175} INFO - Processing /home/airflow/.local/lib/python3.7/site-packages/airflow/example_dags/example_task_group_decorator.py took 0.090 seconds
[2024-02-19T12:52:36.310+0000] {processor.py:153} INFO - Started process (PID=6875) to work on /home/airflow/.local/lib/python3.7/site-packages/airflow/example_dags/example_task_group_decorator.py
[2024-02-19T12:52:36.310+0000] {processor.py:743} INFO - Processing file /home/airflow/.local/lib/python3.7/site-packages/airflow/example_dags/example_task_group_decorator.py for tasks to queue
[2024-02-19T12:52:36.310+0000] {logging_mixin.py:137} INFO - [2024-02-19T12:52:36.310+0000] {dagbag.py:538} INFO - Filling up the DagBag from /home/airflow/.local/lib/python3.7/site-packages/airflow/example_dags/example_task_group_decorator.py
[2024-02-19T12:52:36.327+0000] {processor.py:753} INFO - DAG(s) dict_keys(['example_task_group_decorator']) retrieved from /home/airflow/.local/lib/python3.7/site-packages/airflow/example_dags/example_task_group_decorator.py
[2024-02-19T12:52:36.343+0000] {logging_mixin.py:137} INFO - [2024-02-19T12:52:36.343+0000] {dag.py:2690} INFO - Sync 1 DAGs
[2024-02-19T12:52:36.358+0000] {logging_mixin.py:137} INFO - [2024-02-19T12:52:36.358+0000] {dag.py:3441} INFO - Setting next_dagrun for example_task_group_decorator to 2024-02-18T12:52:36.358212+00:00, run_after=2024-02-19T12:52:36.358212+00:00
[2024-02-19T12:52:36.370+0000] {processor.py:175} INFO - Processing /home/airflow/.local/lib/python3.7/site-packages/airflow/example_dags/example_task_group_decorator.py took 0.062 seconds
[2024-02-19T12:53:07.086+0000] {processor.py:153} INFO - Started process (PID=7010) to work on /home/airflow/.local/lib/python3.7/site-packages/airflow/example_dags/example_task_group_decorator.py
[2024-02-19T12:53:07.087+0000] {processor.py:743} INFO - Processing file /home/airflow/.local/lib/python3.7/site-packages/airflow/example_dags/example_task_group_decorator.py for tasks to queue
[2024-02-19T12:53:07.087+0000] {logging_mixin.py:137} INFO - [2024-02-19T12:53:07.087+0000] {dagbag.py:538} INFO - Filling up the DagBag from /home/airflow/.local/lib/python3.7/site-packages/airflow/example_dags/example_task_group_decorator.py
[2024-02-19T12:53:07.113+0000] {processor.py:753} INFO - DAG(s) dict_keys(['example_task_group_decorator']) retrieved from /home/airflow/.local/lib/python3.7/site-packages/airflow/example_dags/example_task_group_decorator.py
[2024-02-19T12:53:07.137+0000] {logging_mixin.py:137} INFO - [2024-02-19T12:53:07.136+0000] {dag.py:2690} INFO - Sync 1 DAGs
[2024-02-19T12:53:07.160+0000] {logging_mixin.py:137} INFO - [2024-02-19T12:53:07.159+0000] {dag.py:3441} INFO - Setting next_dagrun for example_task_group_decorator to 2024-02-18T12:53:07.159613+00:00, run_after=2024-02-19T12:53:07.159613+00:00
[2024-02-19T12:53:07.180+0000] {processor.py:175} INFO - Processing /home/airflow/.local/lib/python3.7/site-packages/airflow/example_dags/example_task_group_decorator.py took 0.098 seconds
[2024-02-19T12:53:37.875+0000] {processor.py:153} INFO - Started process (PID=7113) to work on /home/airflow/.local/lib/python3.7/site-packages/airflow/example_dags/example_task_group_decorator.py
[2024-02-19T12:53:37.876+0000] {processor.py:743} INFO - Processing file /home/airflow/.local/lib/python3.7/site-packages/airflow/example_dags/example_task_group_decorator.py for tasks to queue
[2024-02-19T12:53:37.876+0000] {logging_mixin.py:137} INFO - [2024-02-19T12:53:37.876+0000] {dagbag.py:538} INFO - Filling up the DagBag from /home/airflow/.local/lib/python3.7/site-packages/airflow/example_dags/example_task_group_decorator.py
[2024-02-19T12:53:37.894+0000] {processor.py:753} INFO - DAG(s) dict_keys(['example_task_group_decorator']) retrieved from /home/airflow/.local/lib/python3.7/site-packages/airflow/example_dags/example_task_group_decorator.py
[2024-02-19T12:53:37.913+0000] {logging_mixin.py:137} INFO - [2024-02-19T12:53:37.913+0000] {dag.py:2690} INFO - Sync 1 DAGs
[2024-02-19T12:53:37.931+0000] {logging_mixin.py:137} INFO - [2024-02-19T12:53:37.930+0000] {dag.py:3441} INFO - Setting next_dagrun for example_task_group_decorator to 2024-02-18T12:53:37.930630+00:00, run_after=2024-02-19T12:53:37.930630+00:00
[2024-02-19T12:53:37.944+0000] {processor.py:175} INFO - Processing /home/airflow/.local/lib/python3.7/site-packages/airflow/example_dags/example_task_group_decorator.py took 0.070 seconds
[2024-02-19T12:54:08.023+0000] {processor.py:153} INFO - Started process (PID=7249) to work on /home/airflow/.local/lib/python3.7/site-packages/airflow/example_dags/example_task_group_decorator.py
[2024-02-19T12:54:08.024+0000] {processor.py:743} INFO - Processing file /home/airflow/.local/lib/python3.7/site-packages/airflow/example_dags/example_task_group_decorator.py for tasks to queue
[2024-02-19T12:54:08.024+0000] {logging_mixin.py:137} INFO - [2024-02-19T12:54:08.024+0000] {dagbag.py:538} INFO - Filling up the DagBag from /home/airflow/.local/lib/python3.7/site-packages/airflow/example_dags/example_task_group_decorator.py
[2024-02-19T12:54:08.044+0000] {processor.py:753} INFO - DAG(s) dict_keys(['example_task_group_decorator']) retrieved from /home/airflow/.local/lib/python3.7/site-packages/airflow/example_dags/example_task_group_decorator.py
[2024-02-19T12:54:08.063+0000] {logging_mixin.py:137} INFO - [2024-02-19T12:54:08.062+0000] {dag.py:2690} INFO - Sync 1 DAGs
[2024-02-19T12:54:08.081+0000] {logging_mixin.py:137} INFO - [2024-02-19T12:54:08.081+0000] {dag.py:3441} INFO - Setting next_dagrun for example_task_group_decorator to 2024-02-18T12:54:08.080838+00:00, run_after=2024-02-19T12:54:08.080838+00:00
[2024-02-19T12:54:08.095+0000] {processor.py:175} INFO - Processing /home/airflow/.local/lib/python3.7/site-packages/airflow/example_dags/example_task_group_decorator.py took 0.074 seconds
[2024-02-19T12:54:38.782+0000] {processor.py:153} INFO - Started process (PID=7384) to work on /home/airflow/.local/lib/python3.7/site-packages/airflow/example_dags/example_task_group_decorator.py
[2024-02-19T12:54:38.783+0000] {processor.py:743} INFO - Processing file /home/airflow/.local/lib/python3.7/site-packages/airflow/example_dags/example_task_group_decorator.py for tasks to queue
[2024-02-19T12:54:38.783+0000] {logging_mixin.py:137} INFO - [2024-02-19T12:54:38.783+0000] {dagbag.py:538} INFO - Filling up the DagBag from /home/airflow/.local/lib/python3.7/site-packages/airflow/example_dags/example_task_group_decorator.py
[2024-02-19T12:54:38.805+0000] {processor.py:753} INFO - DAG(s) dict_keys(['example_task_group_decorator']) retrieved from /home/airflow/.local/lib/python3.7/site-packages/airflow/example_dags/example_task_group_decorator.py
[2024-02-19T12:54:38.827+0000] {logging_mixin.py:137} INFO - [2024-02-19T12:54:38.827+0000] {dag.py:2690} INFO - Sync 1 DAGs
[2024-02-19T12:54:38.848+0000] {logging_mixin.py:137} INFO - [2024-02-19T12:54:38.848+0000] {dag.py:3441} INFO - Setting next_dagrun for example_task_group_decorator to 2024-02-18T12:54:38.847937+00:00, run_after=2024-02-19T12:54:38.847937+00:00
[2024-02-19T12:54:38.864+0000] {processor.py:175} INFO - Processing /home/airflow/.local/lib/python3.7/site-packages/airflow/example_dags/example_task_group_decorator.py took 0.084 seconds
[2024-02-19T12:55:08.902+0000] {processor.py:153} INFO - Started process (PID=7487) to work on /home/airflow/.local/lib/python3.7/site-packages/airflow/example_dags/example_task_group_decorator.py
[2024-02-19T12:55:08.903+0000] {processor.py:743} INFO - Processing file /home/airflow/.local/lib/python3.7/site-packages/airflow/example_dags/example_task_group_decorator.py for tasks to queue
[2024-02-19T12:55:08.903+0000] {logging_mixin.py:137} INFO - [2024-02-19T12:55:08.903+0000] {dagbag.py:538} INFO - Filling up the DagBag from /home/airflow/.local/lib/python3.7/site-packages/airflow/example_dags/example_task_group_decorator.py
[2024-02-19T12:55:08.922+0000] {processor.py:753} INFO - DAG(s) dict_keys(['example_task_group_decorator']) retrieved from /home/airflow/.local/lib/python3.7/site-packages/airflow/example_dags/example_task_group_decorator.py
[2024-02-19T12:55:08.940+0000] {logging_mixin.py:137} INFO - [2024-02-19T12:55:08.940+0000] {dag.py:2690} INFO - Sync 1 DAGs
[2024-02-19T12:55:08.957+0000] {logging_mixin.py:137} INFO - [2024-02-19T12:55:08.956+0000] {dag.py:3441} INFO - Setting next_dagrun for example_task_group_decorator to 2024-02-18T12:55:08.956738+00:00, run_after=2024-02-19T12:55:08.956738+00:00
[2024-02-19T12:55:08.969+0000] {processor.py:175} INFO - Processing /home/airflow/.local/lib/python3.7/site-packages/airflow/example_dags/example_task_group_decorator.py took 0.069 seconds
[2024-02-19T12:55:39.677+0000] {processor.py:153} INFO - Started process (PID=7622) to work on /home/airflow/.local/lib/python3.7/site-packages/airflow/example_dags/example_task_group_decorator.py
[2024-02-19T12:55:39.677+0000] {processor.py:743} INFO - Processing file /home/airflow/.local/lib/python3.7/site-packages/airflow/example_dags/example_task_group_decorator.py for tasks to queue
[2024-02-19T12:55:39.678+0000] {logging_mixin.py:137} INFO - [2024-02-19T12:55:39.678+0000] {dagbag.py:538} INFO - Filling up the DagBag from /home/airflow/.local/lib/python3.7/site-packages/airflow/example_dags/example_task_group_decorator.py
[2024-02-19T12:55:39.701+0000] {processor.py:753} INFO - DAG(s) dict_keys(['example_task_group_decorator']) retrieved from /home/airflow/.local/lib/python3.7/site-packages/airflow/example_dags/example_task_group_decorator.py
[2024-02-19T12:55:39.721+0000] {logging_mixin.py:137} INFO - [2024-02-19T12:55:39.721+0000] {dag.py:2690} INFO - Sync 1 DAGs
[2024-02-19T12:55:39.741+0000] {logging_mixin.py:137} INFO - [2024-02-19T12:55:39.741+0000] {dag.py:3441} INFO - Setting next_dagrun for example_task_group_decorator to 2024-02-18T12:55:39.741545+00:00, run_after=2024-02-19T12:55:39.741545+00:00
[2024-02-19T12:55:39.757+0000] {processor.py:175} INFO - Processing /home/airflow/.local/lib/python3.7/site-packages/airflow/example_dags/example_task_group_decorator.py took 0.083 seconds
[2024-02-19T12:56:10.389+0000] {processor.py:153} INFO - Started process (PID=7725) to work on /home/airflow/.local/lib/python3.7/site-packages/airflow/example_dags/example_task_group_decorator.py
[2024-02-19T12:56:10.389+0000] {processor.py:743} INFO - Processing file /home/airflow/.local/lib/python3.7/site-packages/airflow/example_dags/example_task_group_decorator.py for tasks to queue
[2024-02-19T12:56:10.389+0000] {logging_mixin.py:137} INFO - [2024-02-19T12:56:10.389+0000] {dagbag.py:538} INFO - Filling up the DagBag from /home/airflow/.local/lib/python3.7/site-packages/airflow/example_dags/example_task_group_decorator.py
[2024-02-19T12:56:10.406+0000] {processor.py:753} INFO - DAG(s) dict_keys(['example_task_group_decorator']) retrieved from /home/airflow/.local/lib/python3.7/site-packages/airflow/example_dags/example_task_group_decorator.py
[2024-02-19T12:56:10.421+0000] {logging_mixin.py:137} INFO - [2024-02-19T12:56:10.421+0000] {dag.py:2690} INFO - Sync 1 DAGs
[2024-02-19T12:56:10.436+0000] {logging_mixin.py:137} INFO - [2024-02-19T12:56:10.436+0000] {dag.py:3441} INFO - Setting next_dagrun for example_task_group_decorator to 2024-02-18T12:56:10.436335+00:00, run_after=2024-02-19T12:56:10.436335+00:00
[2024-02-19T12:56:10.447+0000] {processor.py:175} INFO - Processing /home/airflow/.local/lib/python3.7/site-packages/airflow/example_dags/example_task_group_decorator.py took 0.060 seconds
[2024-02-19T12:56:41.273+0000] {processor.py:153} INFO - Started process (PID=7860) to work on /home/airflow/.local/lib/python3.7/site-packages/airflow/example_dags/example_task_group_decorator.py
[2024-02-19T12:56:41.274+0000] {processor.py:743} INFO - Processing file /home/airflow/.local/lib/python3.7/site-packages/airflow/example_dags/example_task_group_decorator.py for tasks to queue
[2024-02-19T12:56:41.274+0000] {logging_mixin.py:137} INFO - [2024-02-19T12:56:41.274+0000] {dagbag.py:538} INFO - Filling up the DagBag from /home/airflow/.local/lib/python3.7/site-packages/airflow/example_dags/example_task_group_decorator.py
[2024-02-19T12:56:41.293+0000] {processor.py:753} INFO - DAG(s) dict_keys(['example_task_group_decorator']) retrieved from /home/airflow/.local/lib/python3.7/site-packages/airflow/example_dags/example_task_group_decorator.py
[2024-02-19T12:56:41.312+0000] {logging_mixin.py:137} INFO - [2024-02-19T12:56:41.311+0000] {dag.py:2690} INFO - Sync 1 DAGs
[2024-02-19T12:56:41.330+0000] {logging_mixin.py:137} INFO - [2024-02-19T12:56:41.329+0000] {dag.py:3441} INFO - Setting next_dagrun for example_task_group_decorator to 2024-02-18T12:56:41.329773+00:00, run_after=2024-02-19T12:56:41.329773+00:00
[2024-02-19T12:56:41.344+0000] {processor.py:175} INFO - Processing /home/airflow/.local/lib/python3.7/site-packages/airflow/example_dags/example_task_group_decorator.py took 0.072 seconds
[2024-02-19T12:57:12.062+0000] {processor.py:153} INFO - Started process (PID=7995) to work on /home/airflow/.local/lib/python3.7/site-packages/airflow/example_dags/example_task_group_decorator.py
[2024-02-19T12:57:12.062+0000] {processor.py:743} INFO - Processing file /home/airflow/.local/lib/python3.7/site-packages/airflow/example_dags/example_task_group_decorator.py for tasks to queue
[2024-02-19T12:57:12.063+0000] {logging_mixin.py:137} INFO - [2024-02-19T12:57:12.063+0000] {dagbag.py:538} INFO - Filling up the DagBag from /home/airflow/.local/lib/python3.7/site-packages/airflow/example_dags/example_task_group_decorator.py
[2024-02-19T12:57:12.085+0000] {processor.py:753} INFO - DAG(s) dict_keys(['example_task_group_decorator']) retrieved from /home/airflow/.local/lib/python3.7/site-packages/airflow/example_dags/example_task_group_decorator.py
[2024-02-19T12:57:12.107+0000] {logging_mixin.py:137} INFO - [2024-02-19T12:57:12.107+0000] {dag.py:2690} INFO - Sync 1 DAGs
[2024-02-19T12:57:12.127+0000] {logging_mixin.py:137} INFO - [2024-02-19T12:57:12.127+0000] {dag.py:3441} INFO - Setting next_dagrun for example_task_group_decorator to 2024-02-18T12:57:12.126912+00:00, run_after=2024-02-19T12:57:12.126912+00:00
[2024-02-19T12:57:12.144+0000] {processor.py:175} INFO - Processing /home/airflow/.local/lib/python3.7/site-packages/airflow/example_dags/example_task_group_decorator.py took 0.085 seconds
[2024-02-19T12:57:42.947+0000] {processor.py:153} INFO - Started process (PID=8098) to work on /home/airflow/.local/lib/python3.7/site-packages/airflow/example_dags/example_task_group_decorator.py
[2024-02-19T12:57:42.948+0000] {processor.py:743} INFO - Processing file /home/airflow/.local/lib/python3.7/site-packages/airflow/example_dags/example_task_group_decorator.py for tasks to queue
[2024-02-19T12:57:42.948+0000] {logging_mixin.py:137} INFO - [2024-02-19T12:57:42.948+0000] {dagbag.py:538} INFO - Filling up the DagBag from /home/airflow/.local/lib/python3.7/site-packages/airflow/example_dags/example_task_group_decorator.py
[2024-02-19T12:57:42.968+0000] {processor.py:753} INFO - DAG(s) dict_keys(['example_task_group_decorator']) retrieved from /home/airflow/.local/lib/python3.7/site-packages/airflow/example_dags/example_task_group_decorator.py
[2024-02-19T12:57:42.988+0000] {logging_mixin.py:137} INFO - [2024-02-19T12:57:42.987+0000] {dag.py:2690} INFO - Sync 1 DAGs
[2024-02-19T12:57:43.007+0000] {logging_mixin.py:137} INFO - [2024-02-19T12:57:43.007+0000] {dag.py:3441} INFO - Setting next_dagrun for example_task_group_decorator to 2024-02-18T12:57:43.006884+00:00, run_after=2024-02-19T12:57:43.006884+00:00
[2024-02-19T12:57:43.022+0000] {processor.py:175} INFO - Processing /home/airflow/.local/lib/python3.7/site-packages/airflow/example_dags/example_task_group_decorator.py took 0.077 seconds
[2024-02-19T12:58:13.112+0000] {processor.py:153} INFO - Started process (PID=8232) to work on /home/airflow/.local/lib/python3.7/site-packages/airflow/example_dags/example_task_group_decorator.py
[2024-02-19T12:58:13.113+0000] {processor.py:743} INFO - Processing file /home/airflow/.local/lib/python3.7/site-packages/airflow/example_dags/example_task_group_decorator.py for tasks to queue
[2024-02-19T12:58:13.113+0000] {logging_mixin.py:137} INFO - [2024-02-19T12:58:13.113+0000] {dagbag.py:538} INFO - Filling up the DagBag from /home/airflow/.local/lib/python3.7/site-packages/airflow/example_dags/example_task_group_decorator.py
[2024-02-19T12:58:13.133+0000] {processor.py:753} INFO - DAG(s) dict_keys(['example_task_group_decorator']) retrieved from /home/airflow/.local/lib/python3.7/site-packages/airflow/example_dags/example_task_group_decorator.py
[2024-02-19T12:58:13.153+0000] {logging_mixin.py:137} INFO - [2024-02-19T12:58:13.153+0000] {dag.py:2690} INFO - Sync 1 DAGs
[2024-02-19T12:58:13.172+0000] {logging_mixin.py:137} INFO - [2024-02-19T12:58:13.172+0000] {dag.py:3441} INFO - Setting next_dagrun for example_task_group_decorator to 2024-02-18T12:58:13.172227+00:00, run_after=2024-02-19T12:58:13.172227+00:00
[2024-02-19T12:58:13.187+0000] {processor.py:175} INFO - Processing /home/airflow/.local/lib/python3.7/site-packages/airflow/example_dags/example_task_group_decorator.py took 0.077 seconds
