[2024-02-19T12:24:37.612+0000] {processor.py:153} INFO - Started process (PID=60) to work on /home/airflow/.local/lib/python3.7/site-packages/airflow/example_dags/example_latest_only_with_trigger.py
[2024-02-19T12:24:37.613+0000] {processor.py:743} INFO - Processing file /home/airflow/.local/lib/python3.7/site-packages/airflow/example_dags/example_latest_only_with_trigger.py for tasks to queue
[2024-02-19T12:24:37.613+0000] {logging_mixin.py:137} INFO - [2024-02-19T12:24:37.613+0000] {dagbag.py:538} INFO - Filling up the DagBag from /home/airflow/.local/lib/python3.7/site-packages/airflow/example_dags/example_latest_only_with_trigger.py
[2024-02-19T12:24:37.623+0000] {processor.py:753} INFO - DAG(s) dict_keys(['latest_only_with_trigger']) retrieved from /home/airflow/.local/lib/python3.7/site-packages/airflow/example_dags/example_latest_only_with_trigger.py
[2024-02-19T12:24:37.630+0000] {logging_mixin.py:137} INFO - [2024-02-19T12:24:37.630+0000] {dag.py:2690} INFO - Sync 1 DAGs
[2024-02-19T12:24:37.646+0000] {logging_mixin.py:137} INFO - [2024-02-19T12:24:37.646+0000] {dag.py:3441} INFO - Setting next_dagrun for latest_only_with_trigger to 2024-02-19T08:24:37.646588+00:00, run_after=2024-02-19T12:24:37.646588+00:00
[2024-02-19T12:24:37.659+0000] {processor.py:175} INFO - Processing /home/airflow/.local/lib/python3.7/site-packages/airflow/example_dags/example_latest_only_with_trigger.py took 0.048 seconds
[2024-02-19T12:25:07.979+0000] {processor.py:153} INFO - Started process (PID=195) to work on /home/airflow/.local/lib/python3.7/site-packages/airflow/example_dags/example_latest_only_with_trigger.py
[2024-02-19T12:25:07.980+0000] {processor.py:743} INFO - Processing file /home/airflow/.local/lib/python3.7/site-packages/airflow/example_dags/example_latest_only_with_trigger.py for tasks to queue
[2024-02-19T12:25:07.980+0000] {logging_mixin.py:137} INFO - [2024-02-19T12:25:07.980+0000] {dagbag.py:538} INFO - Filling up the DagBag from /home/airflow/.local/lib/python3.7/site-packages/airflow/example_dags/example_latest_only_with_trigger.py
[2024-02-19T12:25:07.988+0000] {processor.py:753} INFO - DAG(s) dict_keys(['latest_only_with_trigger']) retrieved from /home/airflow/.local/lib/python3.7/site-packages/airflow/example_dags/example_latest_only_with_trigger.py
[2024-02-19T12:25:08.000+0000] {logging_mixin.py:137} INFO - [2024-02-19T12:25:08.000+0000] {dag.py:2690} INFO - Sync 1 DAGs
[2024-02-19T12:25:08.014+0000] {logging_mixin.py:137} INFO - [2024-02-19T12:25:08.014+0000] {dag.py:3441} INFO - Setting next_dagrun for latest_only_with_trigger to 2024-02-19T08:25:08.013889+00:00, run_after=2024-02-19T12:25:08.013889+00:00
[2024-02-19T12:25:08.024+0000] {processor.py:175} INFO - Processing /home/airflow/.local/lib/python3.7/site-packages/airflow/example_dags/example_latest_only_with_trigger.py took 0.046 seconds
[2024-02-19T12:25:38.465+0000] {processor.py:153} INFO - Started process (PID=298) to work on /home/airflow/.local/lib/python3.7/site-packages/airflow/example_dags/example_latest_only_with_trigger.py
[2024-02-19T12:25:38.465+0000] {processor.py:743} INFO - Processing file /home/airflow/.local/lib/python3.7/site-packages/airflow/example_dags/example_latest_only_with_trigger.py for tasks to queue
[2024-02-19T12:25:38.466+0000] {logging_mixin.py:137} INFO - [2024-02-19T12:25:38.466+0000] {dagbag.py:538} INFO - Filling up the DagBag from /home/airflow/.local/lib/python3.7/site-packages/airflow/example_dags/example_latest_only_with_trigger.py
[2024-02-19T12:25:38.473+0000] {processor.py:753} INFO - DAG(s) dict_keys(['latest_only_with_trigger']) retrieved from /home/airflow/.local/lib/python3.7/site-packages/airflow/example_dags/example_latest_only_with_trigger.py
[2024-02-19T12:25:38.486+0000] {logging_mixin.py:137} INFO - [2024-02-19T12:25:38.485+0000] {dag.py:2690} INFO - Sync 1 DAGs
[2024-02-19T12:25:38.499+0000] {logging_mixin.py:137} INFO - [2024-02-19T12:25:38.499+0000] {dag.py:3441} INFO - Setting next_dagrun for latest_only_with_trigger to 2024-02-19T08:25:38.499628+00:00, run_after=2024-02-19T12:25:38.499628+00:00
[2024-02-19T12:25:38.510+0000] {processor.py:175} INFO - Processing /home/airflow/.local/lib/python3.7/site-packages/airflow/example_dags/example_latest_only_with_trigger.py took 0.046 seconds
[2024-02-19T12:26:08.905+0000] {processor.py:153} INFO - Started process (PID=433) to work on /home/airflow/.local/lib/python3.7/site-packages/airflow/example_dags/example_latest_only_with_trigger.py
[2024-02-19T12:26:08.906+0000] {processor.py:743} INFO - Processing file /home/airflow/.local/lib/python3.7/site-packages/airflow/example_dags/example_latest_only_with_trigger.py for tasks to queue
[2024-02-19T12:26:08.906+0000] {logging_mixin.py:137} INFO - [2024-02-19T12:26:08.906+0000] {dagbag.py:538} INFO - Filling up the DagBag from /home/airflow/.local/lib/python3.7/site-packages/airflow/example_dags/example_latest_only_with_trigger.py
[2024-02-19T12:26:08.913+0000] {processor.py:753} INFO - DAG(s) dict_keys(['latest_only_with_trigger']) retrieved from /home/airflow/.local/lib/python3.7/site-packages/airflow/example_dags/example_latest_only_with_trigger.py
[2024-02-19T12:26:08.926+0000] {logging_mixin.py:137} INFO - [2024-02-19T12:26:08.926+0000] {dag.py:2690} INFO - Sync 1 DAGs
[2024-02-19T12:26:08.940+0000] {logging_mixin.py:137} INFO - [2024-02-19T12:26:08.939+0000] {dag.py:3441} INFO - Setting next_dagrun for latest_only_with_trigger to 2024-02-19T08:26:08.939833+00:00, run_after=2024-02-19T12:26:08.939833+00:00
[2024-02-19T12:26:08.950+0000] {processor.py:175} INFO - Processing /home/airflow/.local/lib/python3.7/site-packages/airflow/example_dags/example_latest_only_with_trigger.py took 0.046 seconds
[2024-02-19T12:26:39.292+0000] {processor.py:153} INFO - Started process (PID=568) to work on /home/airflow/.local/lib/python3.7/site-packages/airflow/example_dags/example_latest_only_with_trigger.py
[2024-02-19T12:26:39.292+0000] {processor.py:743} INFO - Processing file /home/airflow/.local/lib/python3.7/site-packages/airflow/example_dags/example_latest_only_with_trigger.py for tasks to queue
[2024-02-19T12:26:39.293+0000] {logging_mixin.py:137} INFO - [2024-02-19T12:26:39.293+0000] {dagbag.py:538} INFO - Filling up the DagBag from /home/airflow/.local/lib/python3.7/site-packages/airflow/example_dags/example_latest_only_with_trigger.py
[2024-02-19T12:26:39.300+0000] {processor.py:753} INFO - DAG(s) dict_keys(['latest_only_with_trigger']) retrieved from /home/airflow/.local/lib/python3.7/site-packages/airflow/example_dags/example_latest_only_with_trigger.py
[2024-02-19T12:26:39.313+0000] {logging_mixin.py:137} INFO - [2024-02-19T12:26:39.313+0000] {dag.py:2690} INFO - Sync 1 DAGs
[2024-02-19T12:26:39.326+0000] {logging_mixin.py:137} INFO - [2024-02-19T12:26:39.326+0000] {dag.py:3441} INFO - Setting next_dagrun for latest_only_with_trigger to 2024-02-19T08:26:39.326035+00:00, run_after=2024-02-19T12:26:39.326035+00:00
[2024-02-19T12:26:39.336+0000] {processor.py:175} INFO - Processing /home/airflow/.local/lib/python3.7/site-packages/airflow/example_dags/example_latest_only_with_trigger.py took 0.046 seconds
[2024-02-19T12:27:09.678+0000] {processor.py:153} INFO - Started process (PID=671) to work on /home/airflow/.local/lib/python3.7/site-packages/airflow/example_dags/example_latest_only_with_trigger.py
[2024-02-19T12:27:09.678+0000] {processor.py:743} INFO - Processing file /home/airflow/.local/lib/python3.7/site-packages/airflow/example_dags/example_latest_only_with_trigger.py for tasks to queue
[2024-02-19T12:27:09.679+0000] {logging_mixin.py:137} INFO - [2024-02-19T12:27:09.679+0000] {dagbag.py:538} INFO - Filling up the DagBag from /home/airflow/.local/lib/python3.7/site-packages/airflow/example_dags/example_latest_only_with_trigger.py
[2024-02-19T12:27:09.686+0000] {processor.py:753} INFO - DAG(s) dict_keys(['latest_only_with_trigger']) retrieved from /home/airflow/.local/lib/python3.7/site-packages/airflow/example_dags/example_latest_only_with_trigger.py
[2024-02-19T12:27:09.699+0000] {logging_mixin.py:137} INFO - [2024-02-19T12:27:09.699+0000] {dag.py:2690} INFO - Sync 1 DAGs
[2024-02-19T12:27:09.713+0000] {logging_mixin.py:137} INFO - [2024-02-19T12:27:09.713+0000] {dag.py:3441} INFO - Setting next_dagrun for latest_only_with_trigger to 2024-02-19T08:27:09.712942+00:00, run_after=2024-02-19T12:27:09.712942+00:00
[2024-02-19T12:27:09.723+0000] {processor.py:175} INFO - Processing /home/airflow/.local/lib/python3.7/site-packages/airflow/example_dags/example_latest_only_with_trigger.py took 0.046 seconds
[2024-02-19T12:27:40.113+0000] {processor.py:153} INFO - Started process (PID=806) to work on /home/airflow/.local/lib/python3.7/site-packages/airflow/example_dags/example_latest_only_with_trigger.py
[2024-02-19T12:27:40.113+0000] {processor.py:743} INFO - Processing file /home/airflow/.local/lib/python3.7/site-packages/airflow/example_dags/example_latest_only_with_trigger.py for tasks to queue
[2024-02-19T12:27:40.114+0000] {logging_mixin.py:137} INFO - [2024-02-19T12:27:40.114+0000] {dagbag.py:538} INFO - Filling up the DagBag from /home/airflow/.local/lib/python3.7/site-packages/airflow/example_dags/example_latest_only_with_trigger.py
[2024-02-19T12:27:40.121+0000] {processor.py:753} INFO - DAG(s) dict_keys(['latest_only_with_trigger']) retrieved from /home/airflow/.local/lib/python3.7/site-packages/airflow/example_dags/example_latest_only_with_trigger.py
[2024-02-19T12:27:40.135+0000] {logging_mixin.py:137} INFO - [2024-02-19T12:27:40.134+0000] {dag.py:2690} INFO - Sync 1 DAGs
[2024-02-19T12:27:40.148+0000] {logging_mixin.py:137} INFO - [2024-02-19T12:27:40.148+0000] {dag.py:3441} INFO - Setting next_dagrun for latest_only_with_trigger to 2024-02-19T08:27:40.148735+00:00, run_after=2024-02-19T12:27:40.148735+00:00
[2024-02-19T12:27:40.159+0000] {processor.py:175} INFO - Processing /home/airflow/.local/lib/python3.7/site-packages/airflow/example_dags/example_latest_only_with_trigger.py took 0.049 seconds
[2024-02-19T12:28:10.507+0000] {processor.py:153} INFO - Started process (PID=942) to work on /home/airflow/.local/lib/python3.7/site-packages/airflow/example_dags/example_latest_only_with_trigger.py
[2024-02-19T12:28:10.508+0000] {processor.py:743} INFO - Processing file /home/airflow/.local/lib/python3.7/site-packages/airflow/example_dags/example_latest_only_with_trigger.py for tasks to queue
[2024-02-19T12:28:10.508+0000] {logging_mixin.py:137} INFO - [2024-02-19T12:28:10.508+0000] {dagbag.py:538} INFO - Filling up the DagBag from /home/airflow/.local/lib/python3.7/site-packages/airflow/example_dags/example_latest_only_with_trigger.py
[2024-02-19T12:28:10.516+0000] {processor.py:753} INFO - DAG(s) dict_keys(['latest_only_with_trigger']) retrieved from /home/airflow/.local/lib/python3.7/site-packages/airflow/example_dags/example_latest_only_with_trigger.py
[2024-02-19T12:28:10.529+0000] {logging_mixin.py:137} INFO - [2024-02-19T12:28:10.529+0000] {dag.py:2690} INFO - Sync 1 DAGs
[2024-02-19T12:28:10.543+0000] {logging_mixin.py:137} INFO - [2024-02-19T12:28:10.543+0000] {dag.py:3441} INFO - Setting next_dagrun for latest_only_with_trigger to 2024-02-19T08:28:10.543233+00:00, run_after=2024-02-19T12:28:10.543233+00:00
[2024-02-19T12:28:10.553+0000] {processor.py:175} INFO - Processing /home/airflow/.local/lib/python3.7/site-packages/airflow/example_dags/example_latest_only_with_trigger.py took 0.048 seconds
[2024-02-19T12:28:40.972+0000] {processor.py:153} INFO - Started process (PID=1045) to work on /home/airflow/.local/lib/python3.7/site-packages/airflow/example_dags/example_latest_only_with_trigger.py
[2024-02-19T12:28:40.972+0000] {processor.py:743} INFO - Processing file /home/airflow/.local/lib/python3.7/site-packages/airflow/example_dags/example_latest_only_with_trigger.py for tasks to queue
[2024-02-19T12:28:40.973+0000] {logging_mixin.py:137} INFO - [2024-02-19T12:28:40.973+0000] {dagbag.py:538} INFO - Filling up the DagBag from /home/airflow/.local/lib/python3.7/site-packages/airflow/example_dags/example_latest_only_with_trigger.py
[2024-02-19T12:28:40.980+0000] {processor.py:753} INFO - DAG(s) dict_keys(['latest_only_with_trigger']) retrieved from /home/airflow/.local/lib/python3.7/site-packages/airflow/example_dags/example_latest_only_with_trigger.py
[2024-02-19T12:28:40.993+0000] {logging_mixin.py:137} INFO - [2024-02-19T12:28:40.993+0000] {dag.py:2690} INFO - Sync 1 DAGs
[2024-02-19T12:28:41.007+0000] {logging_mixin.py:137} INFO - [2024-02-19T12:28:41.007+0000] {dag.py:3441} INFO - Setting next_dagrun for latest_only_with_trigger to 2024-02-19T08:28:41.007591+00:00, run_after=2024-02-19T12:28:41.007591+00:00
[2024-02-19T12:28:41.018+0000] {processor.py:175} INFO - Processing /home/airflow/.local/lib/python3.7/site-packages/airflow/example_dags/example_latest_only_with_trigger.py took 0.048 seconds
[2024-02-19T12:29:11.394+0000] {processor.py:153} INFO - Started process (PID=1180) to work on /home/airflow/.local/lib/python3.7/site-packages/airflow/example_dags/example_latest_only_with_trigger.py
[2024-02-19T12:29:11.395+0000] {processor.py:743} INFO - Processing file /home/airflow/.local/lib/python3.7/site-packages/airflow/example_dags/example_latest_only_with_trigger.py for tasks to queue
[2024-02-19T12:29:11.395+0000] {logging_mixin.py:137} INFO - [2024-02-19T12:29:11.395+0000] {dagbag.py:538} INFO - Filling up the DagBag from /home/airflow/.local/lib/python3.7/site-packages/airflow/example_dags/example_latest_only_with_trigger.py
[2024-02-19T12:29:11.402+0000] {processor.py:753} INFO - DAG(s) dict_keys(['latest_only_with_trigger']) retrieved from /home/airflow/.local/lib/python3.7/site-packages/airflow/example_dags/example_latest_only_with_trigger.py
[2024-02-19T12:29:11.416+0000] {logging_mixin.py:137} INFO - [2024-02-19T12:29:11.416+0000] {dag.py:2690} INFO - Sync 1 DAGs
[2024-02-19T12:29:11.430+0000] {logging_mixin.py:137} INFO - [2024-02-19T12:29:11.430+0000] {dag.py:3441} INFO - Setting next_dagrun for latest_only_with_trigger to 2024-02-19T08:29:11.430334+00:00, run_after=2024-02-19T12:29:11.430334+00:00
[2024-02-19T12:29:11.440+0000] {processor.py:175} INFO - Processing /home/airflow/.local/lib/python3.7/site-packages/airflow/example_dags/example_latest_only_with_trigger.py took 0.048 seconds
[2024-02-19T12:29:42.113+0000] {processor.py:153} INFO - Started process (PID=1315) to work on /home/airflow/.local/lib/python3.7/site-packages/airflow/example_dags/example_latest_only_with_trigger.py
[2024-02-19T12:29:42.114+0000] {processor.py:743} INFO - Processing file /home/airflow/.local/lib/python3.7/site-packages/airflow/example_dags/example_latest_only_with_trigger.py for tasks to queue
[2024-02-19T12:29:42.114+0000] {logging_mixin.py:137} INFO - [2024-02-19T12:29:42.114+0000] {dagbag.py:538} INFO - Filling up the DagBag from /home/airflow/.local/lib/python3.7/site-packages/airflow/example_dags/example_latest_only_with_trigger.py
[2024-02-19T12:29:42.122+0000] {processor.py:753} INFO - DAG(s) dict_keys(['latest_only_with_trigger']) retrieved from /home/airflow/.local/lib/python3.7/site-packages/airflow/example_dags/example_latest_only_with_trigger.py
[2024-02-19T12:29:42.135+0000] {logging_mixin.py:137} INFO - [2024-02-19T12:29:42.135+0000] {dag.py:2690} INFO - Sync 1 DAGs
[2024-02-19T12:29:42.149+0000] {logging_mixin.py:137} INFO - [2024-02-19T12:29:42.149+0000] {dag.py:3441} INFO - Setting next_dagrun for latest_only_with_trigger to 2024-02-19T08:29:42.148922+00:00, run_after=2024-02-19T12:29:42.148922+00:00
[2024-02-19T12:29:42.159+0000] {processor.py:175} INFO - Processing /home/airflow/.local/lib/python3.7/site-packages/airflow/example_dags/example_latest_only_with_trigger.py took 0.047 seconds
[2024-02-19T12:30:12.588+0000] {processor.py:153} INFO - Started process (PID=1418) to work on /home/airflow/.local/lib/python3.7/site-packages/airflow/example_dags/example_latest_only_with_trigger.py
[2024-02-19T12:30:12.588+0000] {processor.py:743} INFO - Processing file /home/airflow/.local/lib/python3.7/site-packages/airflow/example_dags/example_latest_only_with_trigger.py for tasks to queue
[2024-02-19T12:30:12.589+0000] {logging_mixin.py:137} INFO - [2024-02-19T12:30:12.589+0000] {dagbag.py:538} INFO - Filling up the DagBag from /home/airflow/.local/lib/python3.7/site-packages/airflow/example_dags/example_latest_only_with_trigger.py
[2024-02-19T12:30:12.596+0000] {processor.py:753} INFO - DAG(s) dict_keys(['latest_only_with_trigger']) retrieved from /home/airflow/.local/lib/python3.7/site-packages/airflow/example_dags/example_latest_only_with_trigger.py
[2024-02-19T12:30:12.610+0000] {logging_mixin.py:137} INFO - [2024-02-19T12:30:12.610+0000] {dag.py:2690} INFO - Sync 1 DAGs
[2024-02-19T12:30:12.623+0000] {logging_mixin.py:137} INFO - [2024-02-19T12:30:12.623+0000] {dag.py:3441} INFO - Setting next_dagrun for latest_only_with_trigger to 2024-02-19T08:30:12.623759+00:00, run_after=2024-02-19T12:30:12.623759+00:00
[2024-02-19T12:30:12.634+0000] {processor.py:175} INFO - Processing /home/airflow/.local/lib/python3.7/site-packages/airflow/example_dags/example_latest_only_with_trigger.py took 0.048 seconds
[2024-02-19T12:30:43.073+0000] {processor.py:153} INFO - Started process (PID=1553) to work on /home/airflow/.local/lib/python3.7/site-packages/airflow/example_dags/example_latest_only_with_trigger.py
[2024-02-19T12:30:43.074+0000] {processor.py:743} INFO - Processing file /home/airflow/.local/lib/python3.7/site-packages/airflow/example_dags/example_latest_only_with_trigger.py for tasks to queue
[2024-02-19T12:30:43.074+0000] {logging_mixin.py:137} INFO - [2024-02-19T12:30:43.074+0000] {dagbag.py:538} INFO - Filling up the DagBag from /home/airflow/.local/lib/python3.7/site-packages/airflow/example_dags/example_latest_only_with_trigger.py
[2024-02-19T12:30:43.082+0000] {processor.py:753} INFO - DAG(s) dict_keys(['latest_only_with_trigger']) retrieved from /home/airflow/.local/lib/python3.7/site-packages/airflow/example_dags/example_latest_only_with_trigger.py
[2024-02-19T12:30:43.096+0000] {logging_mixin.py:137} INFO - [2024-02-19T12:30:43.096+0000] {dag.py:2690} INFO - Sync 1 DAGs
[2024-02-19T12:30:43.110+0000] {logging_mixin.py:137} INFO - [2024-02-19T12:30:43.110+0000] {dag.py:3441} INFO - Setting next_dagrun for latest_only_with_trigger to 2024-02-19T08:30:43.110739+00:00, run_after=2024-02-19T12:30:43.110739+00:00
[2024-02-19T12:30:43.123+0000] {processor.py:175} INFO - Processing /home/airflow/.local/lib/python3.7/site-packages/airflow/example_dags/example_latest_only_with_trigger.py took 0.052 seconds
[2024-02-19T12:31:13.511+0000] {processor.py:153} INFO - Started process (PID=1688) to work on /home/airflow/.local/lib/python3.7/site-packages/airflow/example_dags/example_latest_only_with_trigger.py
[2024-02-19T12:31:13.512+0000] {processor.py:743} INFO - Processing file /home/airflow/.local/lib/python3.7/site-packages/airflow/example_dags/example_latest_only_with_trigger.py for tasks to queue
[2024-02-19T12:31:13.512+0000] {logging_mixin.py:137} INFO - [2024-02-19T12:31:13.512+0000] {dagbag.py:538} INFO - Filling up the DagBag from /home/airflow/.local/lib/python3.7/site-packages/airflow/example_dags/example_latest_only_with_trigger.py
[2024-02-19T12:31:13.519+0000] {processor.py:753} INFO - DAG(s) dict_keys(['latest_only_with_trigger']) retrieved from /home/airflow/.local/lib/python3.7/site-packages/airflow/example_dags/example_latest_only_with_trigger.py
[2024-02-19T12:31:13.533+0000] {logging_mixin.py:137} INFO - [2024-02-19T12:31:13.532+0000] {dag.py:2690} INFO - Sync 1 DAGs
[2024-02-19T12:31:13.547+0000] {logging_mixin.py:137} INFO - [2024-02-19T12:31:13.547+0000] {dag.py:3441} INFO - Setting next_dagrun for latest_only_with_trigger to 2024-02-19T08:31:13.546995+00:00, run_after=2024-02-19T12:31:13.546995+00:00
[2024-02-19T12:31:13.558+0000] {processor.py:175} INFO - Processing /home/airflow/.local/lib/python3.7/site-packages/airflow/example_dags/example_latest_only_with_trigger.py took 0.048 seconds
[2024-02-19T12:31:43.953+0000] {processor.py:153} INFO - Started process (PID=1791) to work on /home/airflow/.local/lib/python3.7/site-packages/airflow/example_dags/example_latest_only_with_trigger.py
[2024-02-19T12:31:43.954+0000] {processor.py:743} INFO - Processing file /home/airflow/.local/lib/python3.7/site-packages/airflow/example_dags/example_latest_only_with_trigger.py for tasks to queue
[2024-02-19T12:31:43.954+0000] {logging_mixin.py:137} INFO - [2024-02-19T12:31:43.954+0000] {dagbag.py:538} INFO - Filling up the DagBag from /home/airflow/.local/lib/python3.7/site-packages/airflow/example_dags/example_latest_only_with_trigger.py
[2024-02-19T12:31:43.962+0000] {processor.py:753} INFO - DAG(s) dict_keys(['latest_only_with_trigger']) retrieved from /home/airflow/.local/lib/python3.7/site-packages/airflow/example_dags/example_latest_only_with_trigger.py
[2024-02-19T12:31:43.975+0000] {logging_mixin.py:137} INFO - [2024-02-19T12:31:43.975+0000] {dag.py:2690} INFO - Sync 1 DAGs
[2024-02-19T12:31:43.989+0000] {logging_mixin.py:137} INFO - [2024-02-19T12:31:43.989+0000] {dag.py:3441} INFO - Setting next_dagrun for latest_only_with_trigger to 2024-02-19T08:31:43.989513+00:00, run_after=2024-02-19T12:31:43.989513+00:00
[2024-02-19T12:31:44.000+0000] {processor.py:175} INFO - Processing /home/airflow/.local/lib/python3.7/site-packages/airflow/example_dags/example_latest_only_with_trigger.py took 0.049 seconds
[2024-02-19T12:32:14.406+0000] {processor.py:153} INFO - Started process (PID=1926) to work on /home/airflow/.local/lib/python3.7/site-packages/airflow/example_dags/example_latest_only_with_trigger.py
[2024-02-19T12:32:14.406+0000] {processor.py:743} INFO - Processing file /home/airflow/.local/lib/python3.7/site-packages/airflow/example_dags/example_latest_only_with_trigger.py for tasks to queue
[2024-02-19T12:32:14.407+0000] {logging_mixin.py:137} INFO - [2024-02-19T12:32:14.407+0000] {dagbag.py:538} INFO - Filling up the DagBag from /home/airflow/.local/lib/python3.7/site-packages/airflow/example_dags/example_latest_only_with_trigger.py
[2024-02-19T12:32:14.414+0000] {processor.py:753} INFO - DAG(s) dict_keys(['latest_only_with_trigger']) retrieved from /home/airflow/.local/lib/python3.7/site-packages/airflow/example_dags/example_latest_only_with_trigger.py
[2024-02-19T12:32:14.428+0000] {logging_mixin.py:137} INFO - [2024-02-19T12:32:14.428+0000] {dag.py:2690} INFO - Sync 1 DAGs
[2024-02-19T12:32:14.443+0000] {logging_mixin.py:137} INFO - [2024-02-19T12:32:14.443+0000] {dag.py:3441} INFO - Setting next_dagrun for latest_only_with_trigger to 2024-02-19T08:32:14.443118+00:00, run_after=2024-02-19T12:32:14.443118+00:00
[2024-02-19T12:32:14.455+0000] {processor.py:175} INFO - Processing /home/airflow/.local/lib/python3.7/site-packages/airflow/example_dags/example_latest_only_with_trigger.py took 0.052 seconds
[2024-02-19T12:32:44.954+0000] {processor.py:153} INFO - Started process (PID=2061) to work on /home/airflow/.local/lib/python3.7/site-packages/airflow/example_dags/example_latest_only_with_trigger.py
[2024-02-19T12:32:44.954+0000] {processor.py:743} INFO - Processing file /home/airflow/.local/lib/python3.7/site-packages/airflow/example_dags/example_latest_only_with_trigger.py for tasks to queue
[2024-02-19T12:32:44.955+0000] {logging_mixin.py:137} INFO - [2024-02-19T12:32:44.955+0000] {dagbag.py:538} INFO - Filling up the DagBag from /home/airflow/.local/lib/python3.7/site-packages/airflow/example_dags/example_latest_only_with_trigger.py
[2024-02-19T12:32:44.962+0000] {processor.py:753} INFO - DAG(s) dict_keys(['latest_only_with_trigger']) retrieved from /home/airflow/.local/lib/python3.7/site-packages/airflow/example_dags/example_latest_only_with_trigger.py
[2024-02-19T12:32:44.976+0000] {logging_mixin.py:137} INFO - [2024-02-19T12:32:44.975+0000] {dag.py:2690} INFO - Sync 1 DAGs
[2024-02-19T12:32:44.991+0000] {logging_mixin.py:137} INFO - [2024-02-19T12:32:44.991+0000] {dag.py:3441} INFO - Setting next_dagrun for latest_only_with_trigger to 2024-02-19T08:32:44.990883+00:00, run_after=2024-02-19T12:32:44.990883+00:00
[2024-02-19T12:32:45.002+0000] {processor.py:175} INFO - Processing /home/airflow/.local/lib/python3.7/site-packages/airflow/example_dags/example_latest_only_with_trigger.py took 0.050 seconds
[2024-02-19T12:33:15.438+0000] {processor.py:153} INFO - Started process (PID=2164) to work on /home/airflow/.local/lib/python3.7/site-packages/airflow/example_dags/example_latest_only_with_trigger.py
[2024-02-19T12:33:15.438+0000] {processor.py:743} INFO - Processing file /home/airflow/.local/lib/python3.7/site-packages/airflow/example_dags/example_latest_only_with_trigger.py for tasks to queue
[2024-02-19T12:33:15.439+0000] {logging_mixin.py:137} INFO - [2024-02-19T12:33:15.439+0000] {dagbag.py:538} INFO - Filling up the DagBag from /home/airflow/.local/lib/python3.7/site-packages/airflow/example_dags/example_latest_only_with_trigger.py
[2024-02-19T12:33:15.446+0000] {processor.py:753} INFO - DAG(s) dict_keys(['latest_only_with_trigger']) retrieved from /home/airflow/.local/lib/python3.7/site-packages/airflow/example_dags/example_latest_only_with_trigger.py
[2024-02-19T12:33:15.459+0000] {logging_mixin.py:137} INFO - [2024-02-19T12:33:15.459+0000] {dag.py:2690} INFO - Sync 1 DAGs
[2024-02-19T12:33:15.473+0000] {logging_mixin.py:137} INFO - [2024-02-19T12:33:15.473+0000] {dag.py:3441} INFO - Setting next_dagrun for latest_only_with_trigger to 2024-02-19T08:33:15.473478+00:00, run_after=2024-02-19T12:33:15.473478+00:00
[2024-02-19T12:33:15.484+0000] {processor.py:175} INFO - Processing /home/airflow/.local/lib/python3.7/site-packages/airflow/example_dags/example_latest_only_with_trigger.py took 0.048 seconds
[2024-02-19T12:33:46.016+0000] {processor.py:153} INFO - Started process (PID=2299) to work on /home/airflow/.local/lib/python3.7/site-packages/airflow/example_dags/example_latest_only_with_trigger.py
[2024-02-19T12:33:46.017+0000] {processor.py:743} INFO - Processing file /home/airflow/.local/lib/python3.7/site-packages/airflow/example_dags/example_latest_only_with_trigger.py for tasks to queue
[2024-02-19T12:33:46.017+0000] {logging_mixin.py:137} INFO - [2024-02-19T12:33:46.017+0000] {dagbag.py:538} INFO - Filling up the DagBag from /home/airflow/.local/lib/python3.7/site-packages/airflow/example_dags/example_latest_only_with_trigger.py
[2024-02-19T12:33:46.024+0000] {processor.py:753} INFO - DAG(s) dict_keys(['latest_only_with_trigger']) retrieved from /home/airflow/.local/lib/python3.7/site-packages/airflow/example_dags/example_latest_only_with_trigger.py
[2024-02-19T12:33:46.038+0000] {logging_mixin.py:137} INFO - [2024-02-19T12:33:46.038+0000] {dag.py:2690} INFO - Sync 1 DAGs
[2024-02-19T12:33:46.052+0000] {logging_mixin.py:137} INFO - [2024-02-19T12:33:46.052+0000] {dag.py:3441} INFO - Setting next_dagrun for latest_only_with_trigger to 2024-02-19T08:33:46.052021+00:00, run_after=2024-02-19T12:33:46.052021+00:00
[2024-02-19T12:33:46.062+0000] {processor.py:175} INFO - Processing /home/airflow/.local/lib/python3.7/site-packages/airflow/example_dags/example_latest_only_with_trigger.py took 0.049 seconds
[2024-02-19T12:34:16.382+0000] {processor.py:153} INFO - Started process (PID=2434) to work on /home/airflow/.local/lib/python3.7/site-packages/airflow/example_dags/example_latest_only_with_trigger.py
[2024-02-19T12:34:16.383+0000] {processor.py:743} INFO - Processing file /home/airflow/.local/lib/python3.7/site-packages/airflow/example_dags/example_latest_only_with_trigger.py for tasks to queue
[2024-02-19T12:34:16.383+0000] {logging_mixin.py:137} INFO - [2024-02-19T12:34:16.383+0000] {dagbag.py:538} INFO - Filling up the DagBag from /home/airflow/.local/lib/python3.7/site-packages/airflow/example_dags/example_latest_only_with_trigger.py
[2024-02-19T12:34:16.391+0000] {processor.py:753} INFO - DAG(s) dict_keys(['latest_only_with_trigger']) retrieved from /home/airflow/.local/lib/python3.7/site-packages/airflow/example_dags/example_latest_only_with_trigger.py
[2024-02-19T12:34:16.404+0000] {logging_mixin.py:137} INFO - [2024-02-19T12:34:16.404+0000] {dag.py:2690} INFO - Sync 1 DAGs
[2024-02-19T12:34:16.418+0000] {logging_mixin.py:137} INFO - [2024-02-19T12:34:16.418+0000] {dag.py:3441} INFO - Setting next_dagrun for latest_only_with_trigger to 2024-02-19T08:34:16.417957+00:00, run_after=2024-02-19T12:34:16.417957+00:00
[2024-02-19T12:34:16.431+0000] {processor.py:175} INFO - Processing /home/airflow/.local/lib/python3.7/site-packages/airflow/example_dags/example_latest_only_with_trigger.py took 0.050 seconds
[2024-02-19T12:34:46.822+0000] {processor.py:153} INFO - Started process (PID=2537) to work on /home/airflow/.local/lib/python3.7/site-packages/airflow/example_dags/example_latest_only_with_trigger.py
[2024-02-19T12:34:46.823+0000] {processor.py:743} INFO - Processing file /home/airflow/.local/lib/python3.7/site-packages/airflow/example_dags/example_latest_only_with_trigger.py for tasks to queue
[2024-02-19T12:34:46.823+0000] {logging_mixin.py:137} INFO - [2024-02-19T12:34:46.823+0000] {dagbag.py:538} INFO - Filling up the DagBag from /home/airflow/.local/lib/python3.7/site-packages/airflow/example_dags/example_latest_only_with_trigger.py
[2024-02-19T12:34:46.831+0000] {processor.py:753} INFO - DAG(s) dict_keys(['latest_only_with_trigger']) retrieved from /home/airflow/.local/lib/python3.7/site-packages/airflow/example_dags/example_latest_only_with_trigger.py
[2024-02-19T12:34:46.844+0000] {logging_mixin.py:137} INFO - [2024-02-19T12:34:46.844+0000] {dag.py:2690} INFO - Sync 1 DAGs
[2024-02-19T12:34:46.858+0000] {logging_mixin.py:137} INFO - [2024-02-19T12:34:46.858+0000] {dag.py:3441} INFO - Setting next_dagrun for latest_only_with_trigger to 2024-02-19T08:34:46.858041+00:00, run_after=2024-02-19T12:34:46.858041+00:00
[2024-02-19T12:34:46.869+0000] {processor.py:175} INFO - Processing /home/airflow/.local/lib/python3.7/site-packages/airflow/example_dags/example_latest_only_with_trigger.py took 0.048 seconds
[2024-02-19T12:35:17.379+0000] {processor.py:153} INFO - Started process (PID=2672) to work on /home/airflow/.local/lib/python3.7/site-packages/airflow/example_dags/example_latest_only_with_trigger.py
[2024-02-19T12:35:17.380+0000] {processor.py:743} INFO - Processing file /home/airflow/.local/lib/python3.7/site-packages/airflow/example_dags/example_latest_only_with_trigger.py for tasks to queue
[2024-02-19T12:35:17.380+0000] {logging_mixin.py:137} INFO - [2024-02-19T12:35:17.380+0000] {dagbag.py:538} INFO - Filling up the DagBag from /home/airflow/.local/lib/python3.7/site-packages/airflow/example_dags/example_latest_only_with_trigger.py
[2024-02-19T12:35:17.388+0000] {processor.py:753} INFO - DAG(s) dict_keys(['latest_only_with_trigger']) retrieved from /home/airflow/.local/lib/python3.7/site-packages/airflow/example_dags/example_latest_only_with_trigger.py
[2024-02-19T12:35:17.402+0000] {logging_mixin.py:137} INFO - [2024-02-19T12:35:17.402+0000] {dag.py:2690} INFO - Sync 1 DAGs
[2024-02-19T12:35:17.416+0000] {logging_mixin.py:137} INFO - [2024-02-19T12:35:17.416+0000] {dag.py:3441} INFO - Setting next_dagrun for latest_only_with_trigger to 2024-02-19T08:35:17.416413+00:00, run_after=2024-02-19T12:35:17.416413+00:00
[2024-02-19T12:35:17.427+0000] {processor.py:175} INFO - Processing /home/airflow/.local/lib/python3.7/site-packages/airflow/example_dags/example_latest_only_with_trigger.py took 0.049 seconds
[2024-02-19T12:35:47.950+0000] {processor.py:153} INFO - Started process (PID=2807) to work on /home/airflow/.local/lib/python3.7/site-packages/airflow/example_dags/example_latest_only_with_trigger.py
[2024-02-19T12:35:47.950+0000] {processor.py:743} INFO - Processing file /home/airflow/.local/lib/python3.7/site-packages/airflow/example_dags/example_latest_only_with_trigger.py for tasks to queue
[2024-02-19T12:35:47.951+0000] {logging_mixin.py:137} INFO - [2024-02-19T12:35:47.951+0000] {dagbag.py:538} INFO - Filling up the DagBag from /home/airflow/.local/lib/python3.7/site-packages/airflow/example_dags/example_latest_only_with_trigger.py
[2024-02-19T12:35:47.958+0000] {processor.py:753} INFO - DAG(s) dict_keys(['latest_only_with_trigger']) retrieved from /home/airflow/.local/lib/python3.7/site-packages/airflow/example_dags/example_latest_only_with_trigger.py
[2024-02-19T12:35:47.972+0000] {logging_mixin.py:137} INFO - [2024-02-19T12:35:47.972+0000] {dag.py:2690} INFO - Sync 1 DAGs
[2024-02-19T12:35:47.987+0000] {logging_mixin.py:137} INFO - [2024-02-19T12:35:47.987+0000] {dag.py:3441} INFO - Setting next_dagrun for latest_only_with_trigger to 2024-02-19T08:35:47.986873+00:00, run_after=2024-02-19T12:35:47.986873+00:00
[2024-02-19T12:35:47.997+0000] {processor.py:175} INFO - Processing /home/airflow/.local/lib/python3.7/site-packages/airflow/example_dags/example_latest_only_with_trigger.py took 0.049 seconds
[2024-02-19T12:36:18.458+0000] {processor.py:153} INFO - Started process (PID=2910) to work on /home/airflow/.local/lib/python3.7/site-packages/airflow/example_dags/example_latest_only_with_trigger.py
[2024-02-19T12:36:18.458+0000] {processor.py:743} INFO - Processing file /home/airflow/.local/lib/python3.7/site-packages/airflow/example_dags/example_latest_only_with_trigger.py for tasks to queue
[2024-02-19T12:36:18.458+0000] {logging_mixin.py:137} INFO - [2024-02-19T12:36:18.458+0000] {dagbag.py:538} INFO - Filling up the DagBag from /home/airflow/.local/lib/python3.7/site-packages/airflow/example_dags/example_latest_only_with_trigger.py
[2024-02-19T12:36:18.466+0000] {processor.py:753} INFO - DAG(s) dict_keys(['latest_only_with_trigger']) retrieved from /home/airflow/.local/lib/python3.7/site-packages/airflow/example_dags/example_latest_only_with_trigger.py
[2024-02-19T12:36:18.479+0000] {logging_mixin.py:137} INFO - [2024-02-19T12:36:18.479+0000] {dag.py:2690} INFO - Sync 1 DAGs
[2024-02-19T12:36:18.493+0000] {logging_mixin.py:137} INFO - [2024-02-19T12:36:18.493+0000] {dag.py:3441} INFO - Setting next_dagrun for latest_only_with_trigger to 2024-02-19T08:36:18.493038+00:00, run_after=2024-02-19T12:36:18.493038+00:00
[2024-02-19T12:36:18.503+0000] {processor.py:175} INFO - Processing /home/airflow/.local/lib/python3.7/site-packages/airflow/example_dags/example_latest_only_with_trigger.py took 0.047 seconds
[2024-02-19T12:36:49.051+0000] {processor.py:153} INFO - Started process (PID=3045) to work on /home/airflow/.local/lib/python3.7/site-packages/airflow/example_dags/example_latest_only_with_trigger.py
[2024-02-19T12:36:49.051+0000] {processor.py:743} INFO - Processing file /home/airflow/.local/lib/python3.7/site-packages/airflow/example_dags/example_latest_only_with_trigger.py for tasks to queue
[2024-02-19T12:36:49.052+0000] {logging_mixin.py:137} INFO - [2024-02-19T12:36:49.052+0000] {dagbag.py:538} INFO - Filling up the DagBag from /home/airflow/.local/lib/python3.7/site-packages/airflow/example_dags/example_latest_only_with_trigger.py
[2024-02-19T12:36:49.060+0000] {processor.py:753} INFO - DAG(s) dict_keys(['latest_only_with_trigger']) retrieved from /home/airflow/.local/lib/python3.7/site-packages/airflow/example_dags/example_latest_only_with_trigger.py
[2024-02-19T12:36:49.074+0000] {logging_mixin.py:137} INFO - [2024-02-19T12:36:49.073+0000] {dag.py:2690} INFO - Sync 1 DAGs
[2024-02-19T12:36:49.089+0000] {logging_mixin.py:137} INFO - [2024-02-19T12:36:49.089+0000] {dag.py:3441} INFO - Setting next_dagrun for latest_only_with_trigger to 2024-02-19T08:36:49.089588+00:00, run_after=2024-02-19T12:36:49.089588+00:00
[2024-02-19T12:36:49.100+0000] {processor.py:175} INFO - Processing /home/airflow/.local/lib/python3.7/site-packages/airflow/example_dags/example_latest_only_with_trigger.py took 0.051 seconds
[2024-02-19T12:37:19.551+0000] {processor.py:153} INFO - Started process (PID=3180) to work on /home/airflow/.local/lib/python3.7/site-packages/airflow/example_dags/example_latest_only_with_trigger.py
[2024-02-19T12:37:19.552+0000] {processor.py:743} INFO - Processing file /home/airflow/.local/lib/python3.7/site-packages/airflow/example_dags/example_latest_only_with_trigger.py for tasks to queue
[2024-02-19T12:37:19.552+0000] {logging_mixin.py:137} INFO - [2024-02-19T12:37:19.552+0000] {dagbag.py:538} INFO - Filling up the DagBag from /home/airflow/.local/lib/python3.7/site-packages/airflow/example_dags/example_latest_only_with_trigger.py
[2024-02-19T12:37:19.559+0000] {processor.py:753} INFO - DAG(s) dict_keys(['latest_only_with_trigger']) retrieved from /home/airflow/.local/lib/python3.7/site-packages/airflow/example_dags/example_latest_only_with_trigger.py
[2024-02-19T12:37:19.573+0000] {logging_mixin.py:137} INFO - [2024-02-19T12:37:19.573+0000] {dag.py:2690} INFO - Sync 1 DAGs
[2024-02-19T12:37:19.586+0000] {logging_mixin.py:137} INFO - [2024-02-19T12:37:19.586+0000] {dag.py:3441} INFO - Setting next_dagrun for latest_only_with_trigger to 2024-02-19T08:37:19.586610+00:00, run_after=2024-02-19T12:37:19.586610+00:00
[2024-02-19T12:37:19.597+0000] {processor.py:175} INFO - Processing /home/airflow/.local/lib/python3.7/site-packages/airflow/example_dags/example_latest_only_with_trigger.py took 0.048 seconds
[2024-02-19T12:37:49.993+0000] {processor.py:153} INFO - Started process (PID=3283) to work on /home/airflow/.local/lib/python3.7/site-packages/airflow/example_dags/example_latest_only_with_trigger.py
[2024-02-19T12:37:49.994+0000] {processor.py:743} INFO - Processing file /home/airflow/.local/lib/python3.7/site-packages/airflow/example_dags/example_latest_only_with_trigger.py for tasks to queue
[2024-02-19T12:37:49.994+0000] {logging_mixin.py:137} INFO - [2024-02-19T12:37:49.994+0000] {dagbag.py:538} INFO - Filling up the DagBag from /home/airflow/.local/lib/python3.7/site-packages/airflow/example_dags/example_latest_only_with_trigger.py
[2024-02-19T12:37:50.001+0000] {processor.py:753} INFO - DAG(s) dict_keys(['latest_only_with_trigger']) retrieved from /home/airflow/.local/lib/python3.7/site-packages/airflow/example_dags/example_latest_only_with_trigger.py
[2024-02-19T12:37:50.015+0000] {logging_mixin.py:137} INFO - [2024-02-19T12:37:50.015+0000] {dag.py:2690} INFO - Sync 1 DAGs
[2024-02-19T12:37:50.029+0000] {logging_mixin.py:137} INFO - [2024-02-19T12:37:50.029+0000] {dag.py:3441} INFO - Setting next_dagrun for latest_only_with_trigger to 2024-02-19T08:37:50.029215+00:00, run_after=2024-02-19T12:37:50.029215+00:00
[2024-02-19T12:37:50.040+0000] {processor.py:175} INFO - Processing /home/airflow/.local/lib/python3.7/site-packages/airflow/example_dags/example_latest_only_with_trigger.py took 0.048 seconds
[2024-02-19T12:38:20.433+0000] {processor.py:153} INFO - Started process (PID=3418) to work on /home/airflow/.local/lib/python3.7/site-packages/airflow/example_dags/example_latest_only_with_trigger.py
[2024-02-19T12:38:20.434+0000] {processor.py:743} INFO - Processing file /home/airflow/.local/lib/python3.7/site-packages/airflow/example_dags/example_latest_only_with_trigger.py for tasks to queue
[2024-02-19T12:38:20.434+0000] {logging_mixin.py:137} INFO - [2024-02-19T12:38:20.434+0000] {dagbag.py:538} INFO - Filling up the DagBag from /home/airflow/.local/lib/python3.7/site-packages/airflow/example_dags/example_latest_only_with_trigger.py
[2024-02-19T12:38:20.442+0000] {processor.py:753} INFO - DAG(s) dict_keys(['latest_only_with_trigger']) retrieved from /home/airflow/.local/lib/python3.7/site-packages/airflow/example_dags/example_latest_only_with_trigger.py
[2024-02-19T12:38:20.455+0000] {logging_mixin.py:137} INFO - [2024-02-19T12:38:20.455+0000] {dag.py:2690} INFO - Sync 1 DAGs
[2024-02-19T12:38:20.470+0000] {logging_mixin.py:137} INFO - [2024-02-19T12:38:20.470+0000] {dag.py:3441} INFO - Setting next_dagrun for latest_only_with_trigger to 2024-02-19T08:38:20.470139+00:00, run_after=2024-02-19T12:38:20.470139+00:00
[2024-02-19T12:38:20.480+0000] {processor.py:175} INFO - Processing /home/airflow/.local/lib/python3.7/site-packages/airflow/example_dags/example_latest_only_with_trigger.py took 0.050 seconds
[2024-02-19T12:38:51.048+0000] {processor.py:153} INFO - Started process (PID=3553) to work on /home/airflow/.local/lib/python3.7/site-packages/airflow/example_dags/example_latest_only_with_trigger.py
[2024-02-19T12:38:51.049+0000] {processor.py:743} INFO - Processing file /home/airflow/.local/lib/python3.7/site-packages/airflow/example_dags/example_latest_only_with_trigger.py for tasks to queue
[2024-02-19T12:38:51.049+0000] {logging_mixin.py:137} INFO - [2024-02-19T12:38:51.049+0000] {dagbag.py:538} INFO - Filling up the DagBag from /home/airflow/.local/lib/python3.7/site-packages/airflow/example_dags/example_latest_only_with_trigger.py
[2024-02-19T12:38:51.057+0000] {processor.py:753} INFO - DAG(s) dict_keys(['latest_only_with_trigger']) retrieved from /home/airflow/.local/lib/python3.7/site-packages/airflow/example_dags/example_latest_only_with_trigger.py
[2024-02-19T12:38:51.074+0000] {logging_mixin.py:137} INFO - [2024-02-19T12:38:51.074+0000] {dag.py:2690} INFO - Sync 1 DAGs
[2024-02-19T12:38:51.090+0000] {logging_mixin.py:137} INFO - [2024-02-19T12:38:51.090+0000] {dag.py:3441} INFO - Setting next_dagrun for latest_only_with_trigger to 2024-02-19T08:38:51.089922+00:00, run_after=2024-02-19T12:38:51.089922+00:00
[2024-02-19T12:38:51.102+0000] {processor.py:175} INFO - Processing /home/airflow/.local/lib/python3.7/site-packages/airflow/example_dags/example_latest_only_with_trigger.py took 0.056 seconds
[2024-02-19T12:39:21.658+0000] {processor.py:153} INFO - Started process (PID=3656) to work on /home/airflow/.local/lib/python3.7/site-packages/airflow/example_dags/example_latest_only_with_trigger.py
[2024-02-19T12:39:21.658+0000] {processor.py:743} INFO - Processing file /home/airflow/.local/lib/python3.7/site-packages/airflow/example_dags/example_latest_only_with_trigger.py for tasks to queue
[2024-02-19T12:39:21.658+0000] {logging_mixin.py:137} INFO - [2024-02-19T12:39:21.658+0000] {dagbag.py:538} INFO - Filling up the DagBag from /home/airflow/.local/lib/python3.7/site-packages/airflow/example_dags/example_latest_only_with_trigger.py
[2024-02-19T12:39:21.666+0000] {processor.py:753} INFO - DAG(s) dict_keys(['latest_only_with_trigger']) retrieved from /home/airflow/.local/lib/python3.7/site-packages/airflow/example_dags/example_latest_only_with_trigger.py
[2024-02-19T12:39:21.680+0000] {logging_mixin.py:137} INFO - [2024-02-19T12:39:21.680+0000] {dag.py:2690} INFO - Sync 1 DAGs
[2024-02-19T12:39:21.694+0000] {logging_mixin.py:137} INFO - [2024-02-19T12:39:21.694+0000] {dag.py:3441} INFO - Setting next_dagrun for latest_only_with_trigger to 2024-02-19T08:39:21.694550+00:00, run_after=2024-02-19T12:39:21.694550+00:00
[2024-02-19T12:39:21.707+0000] {processor.py:175} INFO - Processing /home/airflow/.local/lib/python3.7/site-packages/airflow/example_dags/example_latest_only_with_trigger.py took 0.051 seconds
[2024-02-19T12:39:52.141+0000] {processor.py:153} INFO - Started process (PID=3791) to work on /home/airflow/.local/lib/python3.7/site-packages/airflow/example_dags/example_latest_only_with_trigger.py
[2024-02-19T12:39:52.142+0000] {processor.py:743} INFO - Processing file /home/airflow/.local/lib/python3.7/site-packages/airflow/example_dags/example_latest_only_with_trigger.py for tasks to queue
[2024-02-19T12:39:52.143+0000] {logging_mixin.py:137} INFO - [2024-02-19T12:39:52.142+0000] {dagbag.py:538} INFO - Filling up the DagBag from /home/airflow/.local/lib/python3.7/site-packages/airflow/example_dags/example_latest_only_with_trigger.py
[2024-02-19T12:39:52.151+0000] {processor.py:753} INFO - DAG(s) dict_keys(['latest_only_with_trigger']) retrieved from /home/airflow/.local/lib/python3.7/site-packages/airflow/example_dags/example_latest_only_with_trigger.py
[2024-02-19T12:39:52.166+0000] {logging_mixin.py:137} INFO - [2024-02-19T12:39:52.166+0000] {dag.py:2690} INFO - Sync 1 DAGs
[2024-02-19T12:39:52.181+0000] {logging_mixin.py:137} INFO - [2024-02-19T12:39:52.180+0000] {dag.py:3441} INFO - Setting next_dagrun for latest_only_with_trigger to 2024-02-19T08:39:52.180782+00:00, run_after=2024-02-19T12:39:52.180782+00:00
[2024-02-19T12:39:52.193+0000] {processor.py:175} INFO - Processing /home/airflow/.local/lib/python3.7/site-packages/airflow/example_dags/example_latest_only_with_trigger.py took 0.054 seconds
[2024-02-19T12:40:22.671+0000] {processor.py:153} INFO - Started process (PID=3926) to work on /home/airflow/.local/lib/python3.7/site-packages/airflow/example_dags/example_latest_only_with_trigger.py
[2024-02-19T12:40:22.671+0000] {processor.py:743} INFO - Processing file /home/airflow/.local/lib/python3.7/site-packages/airflow/example_dags/example_latest_only_with_trigger.py for tasks to queue
[2024-02-19T12:40:22.671+0000] {logging_mixin.py:137} INFO - [2024-02-19T12:40:22.671+0000] {dagbag.py:538} INFO - Filling up the DagBag from /home/airflow/.local/lib/python3.7/site-packages/airflow/example_dags/example_latest_only_with_trigger.py
[2024-02-19T12:40:22.680+0000] {processor.py:753} INFO - DAG(s) dict_keys(['latest_only_with_trigger']) retrieved from /home/airflow/.local/lib/python3.7/site-packages/airflow/example_dags/example_latest_only_with_trigger.py
[2024-02-19T12:40:22.695+0000] {logging_mixin.py:137} INFO - [2024-02-19T12:40:22.695+0000] {dag.py:2690} INFO - Sync 1 DAGs
[2024-02-19T12:40:22.711+0000] {logging_mixin.py:137} INFO - [2024-02-19T12:40:22.711+0000] {dag.py:3441} INFO - Setting next_dagrun for latest_only_with_trigger to 2024-02-19T08:40:22.710995+00:00, run_after=2024-02-19T12:40:22.710995+00:00
[2024-02-19T12:40:22.722+0000] {processor.py:175} INFO - Processing /home/airflow/.local/lib/python3.7/site-packages/airflow/example_dags/example_latest_only_with_trigger.py took 0.054 seconds
[2024-02-19T12:40:53.147+0000] {processor.py:153} INFO - Started process (PID=4030) to work on /home/airflow/.local/lib/python3.7/site-packages/airflow/example_dags/example_latest_only_with_trigger.py
[2024-02-19T12:40:53.148+0000] {processor.py:743} INFO - Processing file /home/airflow/.local/lib/python3.7/site-packages/airflow/example_dags/example_latest_only_with_trigger.py for tasks to queue
[2024-02-19T12:40:53.148+0000] {logging_mixin.py:137} INFO - [2024-02-19T12:40:53.148+0000] {dagbag.py:538} INFO - Filling up the DagBag from /home/airflow/.local/lib/python3.7/site-packages/airflow/example_dags/example_latest_only_with_trigger.py
[2024-02-19T12:40:53.158+0000] {processor.py:753} INFO - DAG(s) dict_keys(['latest_only_with_trigger']) retrieved from /home/airflow/.local/lib/python3.7/site-packages/airflow/example_dags/example_latest_only_with_trigger.py
[2024-02-19T12:40:53.174+0000] {logging_mixin.py:137} INFO - [2024-02-19T12:40:53.174+0000] {dag.py:2690} INFO - Sync 1 DAGs
[2024-02-19T12:40:53.188+0000] {logging_mixin.py:137} INFO - [2024-02-19T12:40:53.188+0000] {dag.py:3441} INFO - Setting next_dagrun for latest_only_with_trigger to 2024-02-19T08:40:53.187951+00:00, run_after=2024-02-19T12:40:53.187951+00:00
[2024-02-19T12:40:53.199+0000] {processor.py:175} INFO - Processing /home/airflow/.local/lib/python3.7/site-packages/airflow/example_dags/example_latest_only_with_trigger.py took 0.054 seconds
[2024-02-19T12:41:23.576+0000] {processor.py:153} INFO - Started process (PID=4165) to work on /home/airflow/.local/lib/python3.7/site-packages/airflow/example_dags/example_latest_only_with_trigger.py
[2024-02-19T12:41:23.576+0000] {processor.py:743} INFO - Processing file /home/airflow/.local/lib/python3.7/site-packages/airflow/example_dags/example_latest_only_with_trigger.py for tasks to queue
[2024-02-19T12:41:23.577+0000] {logging_mixin.py:137} INFO - [2024-02-19T12:41:23.577+0000] {dagbag.py:538} INFO - Filling up the DagBag from /home/airflow/.local/lib/python3.7/site-packages/airflow/example_dags/example_latest_only_with_trigger.py
[2024-02-19T12:41:23.584+0000] {processor.py:753} INFO - DAG(s) dict_keys(['latest_only_with_trigger']) retrieved from /home/airflow/.local/lib/python3.7/site-packages/airflow/example_dags/example_latest_only_with_trigger.py
[2024-02-19T12:41:23.597+0000] {logging_mixin.py:137} INFO - [2024-02-19T12:41:23.597+0000] {dag.py:2690} INFO - Sync 1 DAGs
[2024-02-19T12:41:23.611+0000] {logging_mixin.py:137} INFO - [2024-02-19T12:41:23.611+0000] {dag.py:3441} INFO - Setting next_dagrun for latest_only_with_trigger to 2024-02-19T08:41:23.611299+00:00, run_after=2024-02-19T12:41:23.611299+00:00
[2024-02-19T12:41:23.622+0000] {processor.py:175} INFO - Processing /home/airflow/.local/lib/python3.7/site-packages/airflow/example_dags/example_latest_only_with_trigger.py took 0.048 seconds
[2024-02-19T12:41:54.118+0000] {processor.py:153} INFO - Started process (PID=4300) to work on /home/airflow/.local/lib/python3.7/site-packages/airflow/example_dags/example_latest_only_with_trigger.py
[2024-02-19T12:41:54.119+0000] {processor.py:743} INFO - Processing file /home/airflow/.local/lib/python3.7/site-packages/airflow/example_dags/example_latest_only_with_trigger.py for tasks to queue
[2024-02-19T12:41:54.119+0000] {logging_mixin.py:137} INFO - [2024-02-19T12:41:54.119+0000] {dagbag.py:538} INFO - Filling up the DagBag from /home/airflow/.local/lib/python3.7/site-packages/airflow/example_dags/example_latest_only_with_trigger.py
[2024-02-19T12:41:54.128+0000] {processor.py:753} INFO - DAG(s) dict_keys(['latest_only_with_trigger']) retrieved from /home/airflow/.local/lib/python3.7/site-packages/airflow/example_dags/example_latest_only_with_trigger.py
[2024-02-19T12:41:54.144+0000] {logging_mixin.py:137} INFO - [2024-02-19T12:41:54.144+0000] {dag.py:2690} INFO - Sync 1 DAGs
[2024-02-19T12:41:54.160+0000] {logging_mixin.py:137} INFO - [2024-02-19T12:41:54.160+0000] {dag.py:3441} INFO - Setting next_dagrun for latest_only_with_trigger to 2024-02-19T08:41:54.159976+00:00, run_after=2024-02-19T12:41:54.159976+00:00
[2024-02-19T12:41:54.172+0000] {processor.py:175} INFO - Processing /home/airflow/.local/lib/python3.7/site-packages/airflow/example_dags/example_latest_only_with_trigger.py took 0.056 seconds
[2024-02-19T12:42:24.828+0000] {processor.py:153} INFO - Started process (PID=4403) to work on /home/airflow/.local/lib/python3.7/site-packages/airflow/example_dags/example_latest_only_with_trigger.py
[2024-02-19T12:42:24.828+0000] {processor.py:743} INFO - Processing file /home/airflow/.local/lib/python3.7/site-packages/airflow/example_dags/example_latest_only_with_trigger.py for tasks to queue
[2024-02-19T12:42:24.829+0000] {logging_mixin.py:137} INFO - [2024-02-19T12:42:24.829+0000] {dagbag.py:538} INFO - Filling up the DagBag from /home/airflow/.local/lib/python3.7/site-packages/airflow/example_dags/example_latest_only_with_trigger.py
[2024-02-19T12:42:24.836+0000] {processor.py:753} INFO - DAG(s) dict_keys(['latest_only_with_trigger']) retrieved from /home/airflow/.local/lib/python3.7/site-packages/airflow/example_dags/example_latest_only_with_trigger.py
[2024-02-19T12:42:24.850+0000] {logging_mixin.py:137} INFO - [2024-02-19T12:42:24.849+0000] {dag.py:2690} INFO - Sync 1 DAGs
[2024-02-19T12:42:24.864+0000] {logging_mixin.py:137} INFO - [2024-02-19T12:42:24.864+0000] {dag.py:3441} INFO - Setting next_dagrun for latest_only_with_trigger to 2024-02-19T08:42:24.864275+00:00, run_after=2024-02-19T12:42:24.864275+00:00
[2024-02-19T12:42:24.876+0000] {processor.py:175} INFO - Processing /home/airflow/.local/lib/python3.7/site-packages/airflow/example_dags/example_latest_only_with_trigger.py took 0.050 seconds
[2024-02-19T12:42:55.304+0000] {processor.py:153} INFO - Started process (PID=4538) to work on /home/airflow/.local/lib/python3.7/site-packages/airflow/example_dags/example_latest_only_with_trigger.py
[2024-02-19T12:42:55.304+0000] {processor.py:743} INFO - Processing file /home/airflow/.local/lib/python3.7/site-packages/airflow/example_dags/example_latest_only_with_trigger.py for tasks to queue
[2024-02-19T12:42:55.304+0000] {logging_mixin.py:137} INFO - [2024-02-19T12:42:55.304+0000] {dagbag.py:538} INFO - Filling up the DagBag from /home/airflow/.local/lib/python3.7/site-packages/airflow/example_dags/example_latest_only_with_trigger.py
[2024-02-19T12:42:55.312+0000] {processor.py:753} INFO - DAG(s) dict_keys(['latest_only_with_trigger']) retrieved from /home/airflow/.local/lib/python3.7/site-packages/airflow/example_dags/example_latest_only_with_trigger.py
[2024-02-19T12:42:55.325+0000] {logging_mixin.py:137} INFO - [2024-02-19T12:42:55.325+0000] {dag.py:2690} INFO - Sync 1 DAGs
[2024-02-19T12:42:55.339+0000] {logging_mixin.py:137} INFO - [2024-02-19T12:42:55.339+0000] {dag.py:3441} INFO - Setting next_dagrun for latest_only_with_trigger to 2024-02-19T08:42:55.339227+00:00, run_after=2024-02-19T12:42:55.339227+00:00
[2024-02-19T12:42:55.349+0000] {processor.py:175} INFO - Processing /home/airflow/.local/lib/python3.7/site-packages/airflow/example_dags/example_latest_only_with_trigger.py took 0.047 seconds
[2024-02-19T12:43:26.002+0000] {processor.py:153} INFO - Started process (PID=4650) to work on /home/airflow/.local/lib/python3.7/site-packages/airflow/example_dags/example_latest_only_with_trigger.py
[2024-02-19T12:43:26.003+0000] {processor.py:743} INFO - Processing file /home/airflow/.local/lib/python3.7/site-packages/airflow/example_dags/example_latest_only_with_trigger.py for tasks to queue
[2024-02-19T12:43:26.003+0000] {logging_mixin.py:137} INFO - [2024-02-19T12:43:26.003+0000] {dagbag.py:538} INFO - Filling up the DagBag from /home/airflow/.local/lib/python3.7/site-packages/airflow/example_dags/example_latest_only_with_trigger.py
[2024-02-19T12:43:26.012+0000] {processor.py:753} INFO - DAG(s) dict_keys(['latest_only_with_trigger']) retrieved from /home/airflow/.local/lib/python3.7/site-packages/airflow/example_dags/example_latest_only_with_trigger.py
[2024-02-19T12:43:26.027+0000] {logging_mixin.py:137} INFO - [2024-02-19T12:43:26.027+0000] {dag.py:2690} INFO - Sync 1 DAGs
[2024-02-19T12:43:26.043+0000] {logging_mixin.py:137} INFO - [2024-02-19T12:43:26.043+0000] {dag.py:3441} INFO - Setting next_dagrun for latest_only_with_trigger to 2024-02-19T08:43:26.043389+00:00, run_after=2024-02-19T12:43:26.043389+00:00
[2024-02-19T12:43:26.057+0000] {processor.py:175} INFO - Processing /home/airflow/.local/lib/python3.7/site-packages/airflow/example_dags/example_latest_only_with_trigger.py took 0.058 seconds
[2024-02-19T12:43:56.623+0000] {processor.py:153} INFO - Started process (PID=4776) to work on /home/airflow/.local/lib/python3.7/site-packages/airflow/example_dags/example_latest_only_with_trigger.py
[2024-02-19T12:43:56.624+0000] {processor.py:743} INFO - Processing file /home/airflow/.local/lib/python3.7/site-packages/airflow/example_dags/example_latest_only_with_trigger.py for tasks to queue
[2024-02-19T12:43:56.624+0000] {logging_mixin.py:137} INFO - [2024-02-19T12:43:56.624+0000] {dagbag.py:538} INFO - Filling up the DagBag from /home/airflow/.local/lib/python3.7/site-packages/airflow/example_dags/example_latest_only_with_trigger.py
[2024-02-19T12:43:56.632+0000] {processor.py:753} INFO - DAG(s) dict_keys(['latest_only_with_trigger']) retrieved from /home/airflow/.local/lib/python3.7/site-packages/airflow/example_dags/example_latest_only_with_trigger.py
[2024-02-19T12:43:56.645+0000] {logging_mixin.py:137} INFO - [2024-02-19T12:43:56.644+0000] {dag.py:2690} INFO - Sync 1 DAGs
[2024-02-19T12:43:56.658+0000] {logging_mixin.py:137} INFO - [2024-02-19T12:43:56.658+0000] {dag.py:3441} INFO - Setting next_dagrun for latest_only_with_trigger to 2024-02-19T08:43:56.658701+00:00, run_after=2024-02-19T12:43:56.658701+00:00
[2024-02-19T12:43:56.668+0000] {processor.py:175} INFO - Processing /home/airflow/.local/lib/python3.7/site-packages/airflow/example_dags/example_latest_only_with_trigger.py took 0.047 seconds
[2024-02-19T12:44:27.045+0000] {processor.py:153} INFO - Started process (PID=4910) to work on /home/airflow/.local/lib/python3.7/site-packages/airflow/example_dags/example_latest_only_with_trigger.py
[2024-02-19T12:44:27.045+0000] {processor.py:743} INFO - Processing file /home/airflow/.local/lib/python3.7/site-packages/airflow/example_dags/example_latest_only_with_trigger.py for tasks to queue
[2024-02-19T12:44:27.045+0000] {logging_mixin.py:137} INFO - [2024-02-19T12:44:27.045+0000] {dagbag.py:538} INFO - Filling up the DagBag from /home/airflow/.local/lib/python3.7/site-packages/airflow/example_dags/example_latest_only_with_trigger.py
[2024-02-19T12:44:27.054+0000] {processor.py:753} INFO - DAG(s) dict_keys(['latest_only_with_trigger']) retrieved from /home/airflow/.local/lib/python3.7/site-packages/airflow/example_dags/example_latest_only_with_trigger.py
[2024-02-19T12:44:27.068+0000] {logging_mixin.py:137} INFO - [2024-02-19T12:44:27.068+0000] {dag.py:2690} INFO - Sync 1 DAGs
[2024-02-19T12:44:27.082+0000] {logging_mixin.py:137} INFO - [2024-02-19T12:44:27.082+0000] {dag.py:3441} INFO - Setting next_dagrun for latest_only_with_trigger to 2024-02-19T08:44:27.082217+00:00, run_after=2024-02-19T12:44:27.082217+00:00
[2024-02-19T12:44:27.093+0000] {processor.py:175} INFO - Processing /home/airflow/.local/lib/python3.7/site-packages/airflow/example_dags/example_latest_only_with_trigger.py took 0.050 seconds
[2024-02-19T12:44:57.582+0000] {processor.py:153} INFO - Started process (PID=5022) to work on /home/airflow/.local/lib/python3.7/site-packages/airflow/example_dags/example_latest_only_with_trigger.py
[2024-02-19T12:44:57.583+0000] {processor.py:743} INFO - Processing file /home/airflow/.local/lib/python3.7/site-packages/airflow/example_dags/example_latest_only_with_trigger.py for tasks to queue
[2024-02-19T12:44:57.583+0000] {logging_mixin.py:137} INFO - [2024-02-19T12:44:57.583+0000] {dagbag.py:538} INFO - Filling up the DagBag from /home/airflow/.local/lib/python3.7/site-packages/airflow/example_dags/example_latest_only_with_trigger.py
[2024-02-19T12:44:57.591+0000] {processor.py:753} INFO - DAG(s) dict_keys(['latest_only_with_trigger']) retrieved from /home/airflow/.local/lib/python3.7/site-packages/airflow/example_dags/example_latest_only_with_trigger.py
[2024-02-19T12:44:57.605+0000] {logging_mixin.py:137} INFO - [2024-02-19T12:44:57.605+0000] {dag.py:2690} INFO - Sync 1 DAGs
[2024-02-19T12:44:57.620+0000] {logging_mixin.py:137} INFO - [2024-02-19T12:44:57.620+0000] {dag.py:3441} INFO - Setting next_dagrun for latest_only_with_trigger to 2024-02-19T08:44:57.620130+00:00, run_after=2024-02-19T12:44:57.620130+00:00
[2024-02-19T12:44:57.631+0000] {processor.py:175} INFO - Processing /home/airflow/.local/lib/python3.7/site-packages/airflow/example_dags/example_latest_only_with_trigger.py took 0.051 seconds
[2024-02-19T12:45:28.337+0000] {processor.py:153} INFO - Started process (PID=5148) to work on /home/airflow/.local/lib/python3.7/site-packages/airflow/example_dags/example_latest_only_with_trigger.py
[2024-02-19T12:45:28.338+0000] {processor.py:743} INFO - Processing file /home/airflow/.local/lib/python3.7/site-packages/airflow/example_dags/example_latest_only_with_trigger.py for tasks to queue
[2024-02-19T12:45:28.338+0000] {logging_mixin.py:137} INFO - [2024-02-19T12:45:28.338+0000] {dagbag.py:538} INFO - Filling up the DagBag from /home/airflow/.local/lib/python3.7/site-packages/airflow/example_dags/example_latest_only_with_trigger.py
[2024-02-19T12:45:28.346+0000] {processor.py:753} INFO - DAG(s) dict_keys(['latest_only_with_trigger']) retrieved from /home/airflow/.local/lib/python3.7/site-packages/airflow/example_dags/example_latest_only_with_trigger.py
[2024-02-19T12:45:28.360+0000] {logging_mixin.py:137} INFO - [2024-02-19T12:45:28.360+0000] {dag.py:2690} INFO - Sync 1 DAGs
[2024-02-19T12:45:28.375+0000] {logging_mixin.py:137} INFO - [2024-02-19T12:45:28.375+0000] {dag.py:3441} INFO - Setting next_dagrun for latest_only_with_trigger to 2024-02-19T08:45:28.375568+00:00, run_after=2024-02-19T12:45:28.375568+00:00
[2024-02-19T12:45:28.387+0000] {processor.py:175} INFO - Processing /home/airflow/.local/lib/python3.7/site-packages/airflow/example_dags/example_latest_only_with_trigger.py took 0.052 seconds
[2024-02-19T12:45:58.872+0000] {processor.py:153} INFO - Started process (PID=5283) to work on /home/airflow/.local/lib/python3.7/site-packages/airflow/example_dags/example_latest_only_with_trigger.py
[2024-02-19T12:45:58.873+0000] {processor.py:743} INFO - Processing file /home/airflow/.local/lib/python3.7/site-packages/airflow/example_dags/example_latest_only_with_trigger.py for tasks to queue
[2024-02-19T12:45:58.873+0000] {logging_mixin.py:137} INFO - [2024-02-19T12:45:58.873+0000] {dagbag.py:538} INFO - Filling up the DagBag from /home/airflow/.local/lib/python3.7/site-packages/airflow/example_dags/example_latest_only_with_trigger.py
[2024-02-19T12:45:58.880+0000] {processor.py:753} INFO - DAG(s) dict_keys(['latest_only_with_trigger']) retrieved from /home/airflow/.local/lib/python3.7/site-packages/airflow/example_dags/example_latest_only_with_trigger.py
[2024-02-19T12:45:58.894+0000] {logging_mixin.py:137} INFO - [2024-02-19T12:45:58.894+0000] {dag.py:2690} INFO - Sync 1 DAGs
[2024-02-19T12:45:58.909+0000] {logging_mixin.py:137} INFO - [2024-02-19T12:45:58.909+0000] {dag.py:3441} INFO - Setting next_dagrun for latest_only_with_trigger to 2024-02-19T08:45:58.909611+00:00, run_after=2024-02-19T12:45:58.909611+00:00
[2024-02-19T12:45:58.920+0000] {processor.py:175} INFO - Processing /home/airflow/.local/lib/python3.7/site-packages/airflow/example_dags/example_latest_only_with_trigger.py took 0.050 seconds
[2024-02-19T12:46:29.324+0000] {processor.py:153} INFO - Started process (PID=5395) to work on /home/airflow/.local/lib/python3.7/site-packages/airflow/example_dags/example_latest_only_with_trigger.py
[2024-02-19T12:46:29.325+0000] {processor.py:743} INFO - Processing file /home/airflow/.local/lib/python3.7/site-packages/airflow/example_dags/example_latest_only_with_trigger.py for tasks to queue
[2024-02-19T12:46:29.325+0000] {logging_mixin.py:137} INFO - [2024-02-19T12:46:29.325+0000] {dagbag.py:538} INFO - Filling up the DagBag from /home/airflow/.local/lib/python3.7/site-packages/airflow/example_dags/example_latest_only_with_trigger.py
[2024-02-19T12:46:29.334+0000] {processor.py:753} INFO - DAG(s) dict_keys(['latest_only_with_trigger']) retrieved from /home/airflow/.local/lib/python3.7/site-packages/airflow/example_dags/example_latest_only_with_trigger.py
[2024-02-19T12:46:29.349+0000] {logging_mixin.py:137} INFO - [2024-02-19T12:46:29.349+0000] {dag.py:2690} INFO - Sync 1 DAGs
[2024-02-19T12:46:29.364+0000] {logging_mixin.py:137} INFO - [2024-02-19T12:46:29.364+0000] {dag.py:3441} INFO - Setting next_dagrun for latest_only_with_trigger to 2024-02-19T08:46:29.364287+00:00, run_after=2024-02-19T12:46:29.364287+00:00
[2024-02-19T12:46:29.377+0000] {processor.py:175} INFO - Processing /home/airflow/.local/lib/python3.7/site-packages/airflow/example_dags/example_latest_only_with_trigger.py took 0.054 seconds
[2024-02-19T12:47:00.057+0000] {processor.py:153} INFO - Started process (PID=5521) to work on /home/airflow/.local/lib/python3.7/site-packages/airflow/example_dags/example_latest_only_with_trigger.py
[2024-02-19T12:47:00.057+0000] {processor.py:743} INFO - Processing file /home/airflow/.local/lib/python3.7/site-packages/airflow/example_dags/example_latest_only_with_trigger.py for tasks to queue
[2024-02-19T12:47:00.058+0000] {logging_mixin.py:137} INFO - [2024-02-19T12:47:00.058+0000] {dagbag.py:538} INFO - Filling up the DagBag from /home/airflow/.local/lib/python3.7/site-packages/airflow/example_dags/example_latest_only_with_trigger.py
[2024-02-19T12:47:00.066+0000] {processor.py:753} INFO - DAG(s) dict_keys(['latest_only_with_trigger']) retrieved from /home/airflow/.local/lib/python3.7/site-packages/airflow/example_dags/example_latest_only_with_trigger.py
[2024-02-19T12:47:00.080+0000] {logging_mixin.py:137} INFO - [2024-02-19T12:47:00.079+0000] {dag.py:2690} INFO - Sync 1 DAGs
[2024-02-19T12:47:00.094+0000] {logging_mixin.py:137} INFO - [2024-02-19T12:47:00.094+0000] {dag.py:3441} INFO - Setting next_dagrun for latest_only_with_trigger to 2024-02-19T08:47:00.094607+00:00, run_after=2024-02-19T12:47:00.094607+00:00
[2024-02-19T12:47:00.105+0000] {processor.py:175} INFO - Processing /home/airflow/.local/lib/python3.7/site-packages/airflow/example_dags/example_latest_only_with_trigger.py took 0.050 seconds
[2024-02-19T12:47:30.504+0000] {processor.py:153} INFO - Started process (PID=5656) to work on /home/airflow/.local/lib/python3.7/site-packages/airflow/example_dags/example_latest_only_with_trigger.py
[2024-02-19T12:47:30.505+0000] {processor.py:743} INFO - Processing file /home/airflow/.local/lib/python3.7/site-packages/airflow/example_dags/example_latest_only_with_trigger.py for tasks to queue
[2024-02-19T12:47:30.505+0000] {logging_mixin.py:137} INFO - [2024-02-19T12:47:30.505+0000] {dagbag.py:538} INFO - Filling up the DagBag from /home/airflow/.local/lib/python3.7/site-packages/airflow/example_dags/example_latest_only_with_trigger.py
[2024-02-19T12:47:30.513+0000] {processor.py:753} INFO - DAG(s) dict_keys(['latest_only_with_trigger']) retrieved from /home/airflow/.local/lib/python3.7/site-packages/airflow/example_dags/example_latest_only_with_trigger.py
[2024-02-19T12:47:30.527+0000] {logging_mixin.py:137} INFO - [2024-02-19T12:47:30.527+0000] {dag.py:2690} INFO - Sync 1 DAGs
[2024-02-19T12:47:30.542+0000] {logging_mixin.py:137} INFO - [2024-02-19T12:47:30.542+0000] {dag.py:3441} INFO - Setting next_dagrun for latest_only_with_trigger to 2024-02-19T08:47:30.542333+00:00, run_after=2024-02-19T12:47:30.542333+00:00
[2024-02-19T12:47:30.553+0000] {processor.py:175} INFO - Processing /home/airflow/.local/lib/python3.7/site-packages/airflow/example_dags/example_latest_only_with_trigger.py took 0.051 seconds
[2024-02-19T12:48:00.957+0000] {processor.py:153} INFO - Started process (PID=5766) to work on /home/airflow/.local/lib/python3.7/site-packages/airflow/example_dags/example_latest_only_with_trigger.py
[2024-02-19T12:48:00.958+0000] {processor.py:743} INFO - Processing file /home/airflow/.local/lib/python3.7/site-packages/airflow/example_dags/example_latest_only_with_trigger.py for tasks to queue
[2024-02-19T12:48:00.958+0000] {logging_mixin.py:137} INFO - [2024-02-19T12:48:00.958+0000] {dagbag.py:538} INFO - Filling up the DagBag from /home/airflow/.local/lib/python3.7/site-packages/airflow/example_dags/example_latest_only_with_trigger.py
[2024-02-19T12:48:00.966+0000] {processor.py:753} INFO - DAG(s) dict_keys(['latest_only_with_trigger']) retrieved from /home/airflow/.local/lib/python3.7/site-packages/airflow/example_dags/example_latest_only_with_trigger.py
[2024-02-19T12:48:00.983+0000] {logging_mixin.py:137} INFO - [2024-02-19T12:48:00.983+0000] {dag.py:2690} INFO - Sync 1 DAGs
[2024-02-19T12:48:00.998+0000] {logging_mixin.py:137} INFO - [2024-02-19T12:48:00.998+0000] {dag.py:3441} INFO - Setting next_dagrun for latest_only_with_trigger to 2024-02-19T08:48:00.998706+00:00, run_after=2024-02-19T12:48:00.998706+00:00
[2024-02-19T12:48:01.010+0000] {processor.py:175} INFO - Processing /home/airflow/.local/lib/python3.7/site-packages/airflow/example_dags/example_latest_only_with_trigger.py took 0.055 seconds
[2024-02-19T12:48:31.680+0000] {processor.py:153} INFO - Started process (PID=5894) to work on /home/airflow/.local/lib/python3.7/site-packages/airflow/example_dags/example_latest_only_with_trigger.py
[2024-02-19T12:48:31.680+0000] {processor.py:743} INFO - Processing file /home/airflow/.local/lib/python3.7/site-packages/airflow/example_dags/example_latest_only_with_trigger.py for tasks to queue
[2024-02-19T12:48:31.681+0000] {logging_mixin.py:137} INFO - [2024-02-19T12:48:31.681+0000] {dagbag.py:538} INFO - Filling up the DagBag from /home/airflow/.local/lib/python3.7/site-packages/airflow/example_dags/example_latest_only_with_trigger.py
[2024-02-19T12:48:31.688+0000] {processor.py:753} INFO - DAG(s) dict_keys(['latest_only_with_trigger']) retrieved from /home/airflow/.local/lib/python3.7/site-packages/airflow/example_dags/example_latest_only_with_trigger.py
[2024-02-19T12:48:31.702+0000] {logging_mixin.py:137} INFO - [2024-02-19T12:48:31.702+0000] {dag.py:2690} INFO - Sync 1 DAGs
[2024-02-19T12:48:31.716+0000] {logging_mixin.py:137} INFO - [2024-02-19T12:48:31.716+0000] {dag.py:3441} INFO - Setting next_dagrun for latest_only_with_trigger to 2024-02-19T08:48:31.715899+00:00, run_after=2024-02-19T12:48:31.715899+00:00
[2024-02-19T12:48:31.726+0000] {processor.py:175} INFO - Processing /home/airflow/.local/lib/python3.7/site-packages/airflow/example_dags/example_latest_only_with_trigger.py took 0.048 seconds
[2024-02-19T12:49:02.269+0000] {processor.py:153} INFO - Started process (PID=6029) to work on /home/airflow/.local/lib/python3.7/site-packages/airflow/example_dags/example_latest_only_with_trigger.py
[2024-02-19T12:49:02.269+0000] {processor.py:743} INFO - Processing file /home/airflow/.local/lib/python3.7/site-packages/airflow/example_dags/example_latest_only_with_trigger.py for tasks to queue
[2024-02-19T12:49:02.270+0000] {logging_mixin.py:137} INFO - [2024-02-19T12:49:02.270+0000] {dagbag.py:538} INFO - Filling up the DagBag from /home/airflow/.local/lib/python3.7/site-packages/airflow/example_dags/example_latest_only_with_trigger.py
[2024-02-19T12:49:02.277+0000] {processor.py:753} INFO - DAG(s) dict_keys(['latest_only_with_trigger']) retrieved from /home/airflow/.local/lib/python3.7/site-packages/airflow/example_dags/example_latest_only_with_trigger.py
[2024-02-19T12:49:02.291+0000] {logging_mixin.py:137} INFO - [2024-02-19T12:49:02.291+0000] {dag.py:2690} INFO - Sync 1 DAGs
[2024-02-19T12:49:02.306+0000] {logging_mixin.py:137} INFO - [2024-02-19T12:49:02.306+0000] {dag.py:3441} INFO - Setting next_dagrun for latest_only_with_trigger to 2024-02-19T08:49:02.306058+00:00, run_after=2024-02-19T12:49:02.306058+00:00
[2024-02-19T12:49:02.318+0000] {processor.py:175} INFO - Processing /home/airflow/.local/lib/python3.7/site-packages/airflow/example_dags/example_latest_only_with_trigger.py took 0.051 seconds
[2024-02-19T12:49:32.769+0000] {processor.py:153} INFO - Started process (PID=6141) to work on /home/airflow/.local/lib/python3.7/site-packages/airflow/example_dags/example_latest_only_with_trigger.py
[2024-02-19T12:49:32.769+0000] {processor.py:743} INFO - Processing file /home/airflow/.local/lib/python3.7/site-packages/airflow/example_dags/example_latest_only_with_trigger.py for tasks to queue
[2024-02-19T12:49:32.770+0000] {logging_mixin.py:137} INFO - [2024-02-19T12:49:32.770+0000] {dagbag.py:538} INFO - Filling up the DagBag from /home/airflow/.local/lib/python3.7/site-packages/airflow/example_dags/example_latest_only_with_trigger.py
[2024-02-19T12:49:32.777+0000] {processor.py:753} INFO - DAG(s) dict_keys(['latest_only_with_trigger']) retrieved from /home/airflow/.local/lib/python3.7/site-packages/airflow/example_dags/example_latest_only_with_trigger.py
[2024-02-19T12:49:32.792+0000] {logging_mixin.py:137} INFO - [2024-02-19T12:49:32.792+0000] {dag.py:2690} INFO - Sync 1 DAGs
[2024-02-19T12:49:32.807+0000] {logging_mixin.py:137} INFO - [2024-02-19T12:49:32.807+0000] {dag.py:3441} INFO - Setting next_dagrun for latest_only_with_trigger to 2024-02-19T08:49:32.807164+00:00, run_after=2024-02-19T12:49:32.807164+00:00
[2024-02-19T12:49:32.820+0000] {processor.py:175} INFO - Processing /home/airflow/.local/lib/python3.7/site-packages/airflow/example_dags/example_latest_only_with_trigger.py took 0.053 seconds
[2024-02-19T12:50:03.486+0000] {processor.py:153} INFO - Started process (PID=6267) to work on /home/airflow/.local/lib/python3.7/site-packages/airflow/example_dags/example_latest_only_with_trigger.py
[2024-02-19T12:50:03.487+0000] {processor.py:743} INFO - Processing file /home/airflow/.local/lib/python3.7/site-packages/airflow/example_dags/example_latest_only_with_trigger.py for tasks to queue
[2024-02-19T12:50:03.487+0000] {logging_mixin.py:137} INFO - [2024-02-19T12:50:03.487+0000] {dagbag.py:538} INFO - Filling up the DagBag from /home/airflow/.local/lib/python3.7/site-packages/airflow/example_dags/example_latest_only_with_trigger.py
[2024-02-19T12:50:03.496+0000] {processor.py:753} INFO - DAG(s) dict_keys(['latest_only_with_trigger']) retrieved from /home/airflow/.local/lib/python3.7/site-packages/airflow/example_dags/example_latest_only_with_trigger.py
[2024-02-19T12:50:03.510+0000] {logging_mixin.py:137} INFO - [2024-02-19T12:50:03.510+0000] {dag.py:2690} INFO - Sync 1 DAGs
[2024-02-19T12:50:03.524+0000] {logging_mixin.py:137} INFO - [2024-02-19T12:50:03.524+0000] {dag.py:3441} INFO - Setting next_dagrun for latest_only_with_trigger to 2024-02-19T08:50:03.524258+00:00, run_after=2024-02-19T12:50:03.524258+00:00
[2024-02-19T12:50:03.535+0000] {processor.py:175} INFO - Processing /home/airflow/.local/lib/python3.7/site-packages/airflow/example_dags/example_latest_only_with_trigger.py took 0.051 seconds
[2024-02-19T12:50:33.991+0000] {processor.py:153} INFO - Started process (PID=6402) to work on /home/airflow/.local/lib/python3.7/site-packages/airflow/example_dags/example_latest_only_with_trigger.py
[2024-02-19T12:50:33.991+0000] {processor.py:743} INFO - Processing file /home/airflow/.local/lib/python3.7/site-packages/airflow/example_dags/example_latest_only_with_trigger.py for tasks to queue
[2024-02-19T12:50:33.992+0000] {logging_mixin.py:137} INFO - [2024-02-19T12:50:33.992+0000] {dagbag.py:538} INFO - Filling up the DagBag from /home/airflow/.local/lib/python3.7/site-packages/airflow/example_dags/example_latest_only_with_trigger.py
[2024-02-19T12:50:33.999+0000] {processor.py:753} INFO - DAG(s) dict_keys(['latest_only_with_trigger']) retrieved from /home/airflow/.local/lib/python3.7/site-packages/airflow/example_dags/example_latest_only_with_trigger.py
[2024-02-19T12:50:34.012+0000] {logging_mixin.py:137} INFO - [2024-02-19T12:50:34.012+0000] {dag.py:2690} INFO - Sync 1 DAGs
[2024-02-19T12:50:34.026+0000] {logging_mixin.py:137} INFO - [2024-02-19T12:50:34.026+0000] {dag.py:3441} INFO - Setting next_dagrun for latest_only_with_trigger to 2024-02-19T08:50:34.026259+00:00, run_after=2024-02-19T12:50:34.026259+00:00
[2024-02-19T12:50:34.037+0000] {processor.py:175} INFO - Processing /home/airflow/.local/lib/python3.7/site-packages/airflow/example_dags/example_latest_only_with_trigger.py took 0.048 seconds
[2024-02-19T12:51:04.433+0000] {processor.py:153} INFO - Started process (PID=6504) to work on /home/airflow/.local/lib/python3.7/site-packages/airflow/example_dags/example_latest_only_with_trigger.py
[2024-02-19T12:51:04.434+0000] {processor.py:743} INFO - Processing file /home/airflow/.local/lib/python3.7/site-packages/airflow/example_dags/example_latest_only_with_trigger.py for tasks to queue
[2024-02-19T12:51:04.434+0000] {logging_mixin.py:137} INFO - [2024-02-19T12:51:04.434+0000] {dagbag.py:538} INFO - Filling up the DagBag from /home/airflow/.local/lib/python3.7/site-packages/airflow/example_dags/example_latest_only_with_trigger.py
[2024-02-19T12:51:04.443+0000] {processor.py:753} INFO - DAG(s) dict_keys(['latest_only_with_trigger']) retrieved from /home/airflow/.local/lib/python3.7/site-packages/airflow/example_dags/example_latest_only_with_trigger.py
[2024-02-19T12:51:04.457+0000] {logging_mixin.py:137} INFO - [2024-02-19T12:51:04.457+0000] {dag.py:2690} INFO - Sync 1 DAGs
[2024-02-19T12:51:04.474+0000] {logging_mixin.py:137} INFO - [2024-02-19T12:51:04.474+0000] {dag.py:3441} INFO - Setting next_dagrun for latest_only_with_trigger to 2024-02-19T08:51:04.473885+00:00, run_after=2024-02-19T12:51:04.473885+00:00
[2024-02-19T12:51:04.486+0000] {processor.py:175} INFO - Processing /home/airflow/.local/lib/python3.7/site-packages/airflow/example_dags/example_latest_only_with_trigger.py took 0.054 seconds
[2024-02-19T12:51:35.285+0000] {processor.py:153} INFO - Started process (PID=6639) to work on /home/airflow/.local/lib/python3.7/site-packages/airflow/example_dags/example_latest_only_with_trigger.py
[2024-02-19T12:51:35.286+0000] {processor.py:743} INFO - Processing file /home/airflow/.local/lib/python3.7/site-packages/airflow/example_dags/example_latest_only_with_trigger.py for tasks to queue
[2024-02-19T12:51:35.286+0000] {logging_mixin.py:137} INFO - [2024-02-19T12:51:35.286+0000] {dagbag.py:538} INFO - Filling up the DagBag from /home/airflow/.local/lib/python3.7/site-packages/airflow/example_dags/example_latest_only_with_trigger.py
[2024-02-19T12:51:35.295+0000] {processor.py:753} INFO - DAG(s) dict_keys(['latest_only_with_trigger']) retrieved from /home/airflow/.local/lib/python3.7/site-packages/airflow/example_dags/example_latest_only_with_trigger.py
[2024-02-19T12:51:35.312+0000] {logging_mixin.py:137} INFO - [2024-02-19T12:51:35.311+0000] {dag.py:2690} INFO - Sync 1 DAGs
[2024-02-19T12:51:35.329+0000] {logging_mixin.py:137} INFO - [2024-02-19T12:51:35.329+0000] {dag.py:3441} INFO - Setting next_dagrun for latest_only_with_trigger to 2024-02-19T08:51:35.328793+00:00, run_after=2024-02-19T12:51:35.328793+00:00
[2024-02-19T12:51:35.342+0000] {processor.py:175} INFO - Processing /home/airflow/.local/lib/python3.7/site-packages/airflow/example_dags/example_latest_only_with_trigger.py took 0.059 seconds
[2024-02-19T12:52:06.110+0000] {processor.py:153} INFO - Started process (PID=6774) to work on /home/airflow/.local/lib/python3.7/site-packages/airflow/example_dags/example_latest_only_with_trigger.py
[2024-02-19T12:52:06.111+0000] {processor.py:743} INFO - Processing file /home/airflow/.local/lib/python3.7/site-packages/airflow/example_dags/example_latest_only_with_trigger.py for tasks to queue
[2024-02-19T12:52:06.111+0000] {logging_mixin.py:137} INFO - [2024-02-19T12:52:06.111+0000] {dagbag.py:538} INFO - Filling up the DagBag from /home/airflow/.local/lib/python3.7/site-packages/airflow/example_dags/example_latest_only_with_trigger.py
[2024-02-19T12:52:06.123+0000] {processor.py:753} INFO - DAG(s) dict_keys(['latest_only_with_trigger']) retrieved from /home/airflow/.local/lib/python3.7/site-packages/airflow/example_dags/example_latest_only_with_trigger.py
[2024-02-19T12:52:06.146+0000] {logging_mixin.py:137} INFO - [2024-02-19T12:52:06.145+0000] {dag.py:2690} INFO - Sync 1 DAGs
[2024-02-19T12:52:06.169+0000] {logging_mixin.py:137} INFO - [2024-02-19T12:52:06.169+0000] {dag.py:3441} INFO - Setting next_dagrun for latest_only_with_trigger to 2024-02-19T08:52:06.169225+00:00, run_after=2024-02-19T12:52:06.169225+00:00
[2024-02-19T12:52:06.187+0000] {processor.py:175} INFO - Processing /home/airflow/.local/lib/python3.7/site-packages/airflow/example_dags/example_latest_only_with_trigger.py took 0.080 seconds
[2024-02-19T12:52:36.382+0000] {processor.py:153} INFO - Started process (PID=6877) to work on /home/airflow/.local/lib/python3.7/site-packages/airflow/example_dags/example_latest_only_with_trigger.py
[2024-02-19T12:52:36.382+0000] {processor.py:743} INFO - Processing file /home/airflow/.local/lib/python3.7/site-packages/airflow/example_dags/example_latest_only_with_trigger.py for tasks to queue
[2024-02-19T12:52:36.383+0000] {logging_mixin.py:137} INFO - [2024-02-19T12:52:36.383+0000] {dagbag.py:538} INFO - Filling up the DagBag from /home/airflow/.local/lib/python3.7/site-packages/airflow/example_dags/example_latest_only_with_trigger.py
[2024-02-19T12:52:36.391+0000] {processor.py:753} INFO - DAG(s) dict_keys(['latest_only_with_trigger']) retrieved from /home/airflow/.local/lib/python3.7/site-packages/airflow/example_dags/example_latest_only_with_trigger.py
[2024-02-19T12:52:36.405+0000] {logging_mixin.py:137} INFO - [2024-02-19T12:52:36.405+0000] {dag.py:2690} INFO - Sync 1 DAGs
[2024-02-19T12:52:36.421+0000] {logging_mixin.py:137} INFO - [2024-02-19T12:52:36.421+0000] {dag.py:3441} INFO - Setting next_dagrun for latest_only_with_trigger to 2024-02-19T08:52:36.421267+00:00, run_after=2024-02-19T12:52:36.421267+00:00
[2024-02-19T12:52:36.434+0000] {processor.py:175} INFO - Processing /home/airflow/.local/lib/python3.7/site-packages/airflow/example_dags/example_latest_only_with_trigger.py took 0.054 seconds
[2024-02-19T12:53:07.196+0000] {processor.py:153} INFO - Started process (PID=7012) to work on /home/airflow/.local/lib/python3.7/site-packages/airflow/example_dags/example_latest_only_with_trigger.py
[2024-02-19T12:53:07.197+0000] {processor.py:743} INFO - Processing file /home/airflow/.local/lib/python3.7/site-packages/airflow/example_dags/example_latest_only_with_trigger.py for tasks to queue
[2024-02-19T12:53:07.197+0000] {logging_mixin.py:137} INFO - [2024-02-19T12:53:07.197+0000] {dagbag.py:538} INFO - Filling up the DagBag from /home/airflow/.local/lib/python3.7/site-packages/airflow/example_dags/example_latest_only_with_trigger.py
[2024-02-19T12:53:07.208+0000] {processor.py:753} INFO - DAG(s) dict_keys(['latest_only_with_trigger']) retrieved from /home/airflow/.local/lib/python3.7/site-packages/airflow/example_dags/example_latest_only_with_trigger.py
[2024-02-19T12:53:07.228+0000] {logging_mixin.py:137} INFO - [2024-02-19T12:53:07.228+0000] {dag.py:2690} INFO - Sync 1 DAGs
[2024-02-19T12:53:07.250+0000] {logging_mixin.py:137} INFO - [2024-02-19T12:53:07.250+0000] {dag.py:3441} INFO - Setting next_dagrun for latest_only_with_trigger to 2024-02-19T08:53:07.250052+00:00, run_after=2024-02-19T12:53:07.250052+00:00
[2024-02-19T12:53:07.267+0000] {processor.py:175} INFO - Processing /home/airflow/.local/lib/python3.7/site-packages/airflow/example_dags/example_latest_only_with_trigger.py took 0.074 seconds
[2024-02-19T12:53:37.957+0000] {processor.py:153} INFO - Started process (PID=7115) to work on /home/airflow/.local/lib/python3.7/site-packages/airflow/example_dags/example_latest_only_with_trigger.py
[2024-02-19T12:53:37.957+0000] {processor.py:743} INFO - Processing file /home/airflow/.local/lib/python3.7/site-packages/airflow/example_dags/example_latest_only_with_trigger.py for tasks to queue
[2024-02-19T12:53:37.958+0000] {logging_mixin.py:137} INFO - [2024-02-19T12:53:37.957+0000] {dagbag.py:538} INFO - Filling up the DagBag from /home/airflow/.local/lib/python3.7/site-packages/airflow/example_dags/example_latest_only_with_trigger.py
[2024-02-19T12:53:37.967+0000] {processor.py:753} INFO - DAG(s) dict_keys(['latest_only_with_trigger']) retrieved from /home/airflow/.local/lib/python3.7/site-packages/airflow/example_dags/example_latest_only_with_trigger.py
[2024-02-19T12:53:37.984+0000] {logging_mixin.py:137} INFO - [2024-02-19T12:53:37.984+0000] {dag.py:2690} INFO - Sync 1 DAGs
[2024-02-19T12:53:38.002+0000] {logging_mixin.py:137} INFO - [2024-02-19T12:53:38.002+0000] {dag.py:3441} INFO - Setting next_dagrun for latest_only_with_trigger to 2024-02-19T08:53:38.002320+00:00, run_after=2024-02-19T12:53:38.002320+00:00
[2024-02-19T12:53:38.015+0000] {processor.py:175} INFO - Processing /home/airflow/.local/lib/python3.7/site-packages/airflow/example_dags/example_latest_only_with_trigger.py took 0.061 seconds
[2024-02-19T12:54:08.099+0000] {processor.py:153} INFO - Started process (PID=7251) to work on /home/airflow/.local/lib/python3.7/site-packages/airflow/example_dags/example_latest_only_with_trigger.py
[2024-02-19T12:54:08.100+0000] {processor.py:743} INFO - Processing file /home/airflow/.local/lib/python3.7/site-packages/airflow/example_dags/example_latest_only_with_trigger.py for tasks to queue
[2024-02-19T12:54:08.100+0000] {logging_mixin.py:137} INFO - [2024-02-19T12:54:08.100+0000] {dagbag.py:538} INFO - Filling up the DagBag from /home/airflow/.local/lib/python3.7/site-packages/airflow/example_dags/example_latest_only_with_trigger.py
[2024-02-19T12:54:08.110+0000] {processor.py:753} INFO - DAG(s) dict_keys(['latest_only_with_trigger']) retrieved from /home/airflow/.local/lib/python3.7/site-packages/airflow/example_dags/example_latest_only_with_trigger.py
[2024-02-19T12:54:08.127+0000] {logging_mixin.py:137} INFO - [2024-02-19T12:54:08.127+0000] {dag.py:2690} INFO - Sync 1 DAGs
[2024-02-19T12:54:08.146+0000] {logging_mixin.py:137} INFO - [2024-02-19T12:54:08.146+0000] {dag.py:3441} INFO - Setting next_dagrun for latest_only_with_trigger to 2024-02-19T08:54:08.145917+00:00, run_after=2024-02-19T12:54:08.145917+00:00
[2024-02-19T12:54:08.160+0000] {processor.py:175} INFO - Processing /home/airflow/.local/lib/python3.7/site-packages/airflow/example_dags/example_latest_only_with_trigger.py took 0.064 seconds
[2024-02-19T12:54:38.879+0000] {processor.py:153} INFO - Started process (PID=7386) to work on /home/airflow/.local/lib/python3.7/site-packages/airflow/example_dags/example_latest_only_with_trigger.py
[2024-02-19T12:54:38.879+0000] {processor.py:743} INFO - Processing file /home/airflow/.local/lib/python3.7/site-packages/airflow/example_dags/example_latest_only_with_trigger.py for tasks to queue
[2024-02-19T12:54:38.880+0000] {logging_mixin.py:137} INFO - [2024-02-19T12:54:38.880+0000] {dagbag.py:538} INFO - Filling up the DagBag from /home/airflow/.local/lib/python3.7/site-packages/airflow/example_dags/example_latest_only_with_trigger.py
[2024-02-19T12:54:38.890+0000] {processor.py:753} INFO - DAG(s) dict_keys(['latest_only_with_trigger']) retrieved from /home/airflow/.local/lib/python3.7/site-packages/airflow/example_dags/example_latest_only_with_trigger.py
[2024-02-19T12:54:38.909+0000] {logging_mixin.py:137} INFO - [2024-02-19T12:54:38.909+0000] {dag.py:2690} INFO - Sync 1 DAGs
[2024-02-19T12:54:38.929+0000] {logging_mixin.py:137} INFO - [2024-02-19T12:54:38.929+0000] {dag.py:3441} INFO - Setting next_dagrun for latest_only_with_trigger to 2024-02-19T08:54:38.929453+00:00, run_after=2024-02-19T12:54:38.929453+00:00
[2024-02-19T12:54:38.946+0000] {processor.py:175} INFO - Processing /home/airflow/.local/lib/python3.7/site-packages/airflow/example_dags/example_latest_only_with_trigger.py took 0.069 seconds
[2024-02-19T12:55:08.983+0000] {processor.py:153} INFO - Started process (PID=7489) to work on /home/airflow/.local/lib/python3.7/site-packages/airflow/example_dags/example_latest_only_with_trigger.py
[2024-02-19T12:55:08.983+0000] {processor.py:743} INFO - Processing file /home/airflow/.local/lib/python3.7/site-packages/airflow/example_dags/example_latest_only_with_trigger.py for tasks to queue
[2024-02-19T12:55:08.984+0000] {logging_mixin.py:137} INFO - [2024-02-19T12:55:08.984+0000] {dagbag.py:538} INFO - Filling up the DagBag from /home/airflow/.local/lib/python3.7/site-packages/airflow/example_dags/example_latest_only_with_trigger.py
[2024-02-19T12:55:08.995+0000] {processor.py:753} INFO - DAG(s) dict_keys(['latest_only_with_trigger']) retrieved from /home/airflow/.local/lib/python3.7/site-packages/airflow/example_dags/example_latest_only_with_trigger.py
[2024-02-19T12:55:09.014+0000] {logging_mixin.py:137} INFO - [2024-02-19T12:55:09.014+0000] {dag.py:2690} INFO - Sync 1 DAGs
[2024-02-19T12:55:09.035+0000] {logging_mixin.py:137} INFO - [2024-02-19T12:55:09.034+0000] {dag.py:3441} INFO - Setting next_dagrun for latest_only_with_trigger to 2024-02-19T08:55:09.034745+00:00, run_after=2024-02-19T12:55:09.034745+00:00
[2024-02-19T12:55:09.051+0000] {processor.py:175} INFO - Processing /home/airflow/.local/lib/python3.7/site-packages/airflow/example_dags/example_latest_only_with_trigger.py took 0.070 seconds
[2024-02-19T12:55:39.769+0000] {processor.py:153} INFO - Started process (PID=7624) to work on /home/airflow/.local/lib/python3.7/site-packages/airflow/example_dags/example_latest_only_with_trigger.py
[2024-02-19T12:55:39.769+0000] {processor.py:743} INFO - Processing file /home/airflow/.local/lib/python3.7/site-packages/airflow/example_dags/example_latest_only_with_trigger.py for tasks to queue
[2024-02-19T12:55:39.770+0000] {logging_mixin.py:137} INFO - [2024-02-19T12:55:39.770+0000] {dagbag.py:538} INFO - Filling up the DagBag from /home/airflow/.local/lib/python3.7/site-packages/airflow/example_dags/example_latest_only_with_trigger.py
[2024-02-19T12:55:39.781+0000] {processor.py:753} INFO - DAG(s) dict_keys(['latest_only_with_trigger']) retrieved from /home/airflow/.local/lib/python3.7/site-packages/airflow/example_dags/example_latest_only_with_trigger.py
[2024-02-19T12:55:39.801+0000] {logging_mixin.py:137} INFO - [2024-02-19T12:55:39.801+0000] {dag.py:2690} INFO - Sync 1 DAGs
[2024-02-19T12:55:39.821+0000] {logging_mixin.py:137} INFO - [2024-02-19T12:55:39.821+0000] {dag.py:3441} INFO - Setting next_dagrun for latest_only_with_trigger to 2024-02-19T08:55:39.821245+00:00, run_after=2024-02-19T12:55:39.821245+00:00
[2024-02-19T12:55:39.837+0000] {processor.py:175} INFO - Processing /home/airflow/.local/lib/python3.7/site-packages/airflow/example_dags/example_latest_only_with_trigger.py took 0.071 seconds
[2024-02-19T12:56:10.458+0000] {processor.py:153} INFO - Started process (PID=7727) to work on /home/airflow/.local/lib/python3.7/site-packages/airflow/example_dags/example_latest_only_with_trigger.py
[2024-02-19T12:56:10.459+0000] {processor.py:743} INFO - Processing file /home/airflow/.local/lib/python3.7/site-packages/airflow/example_dags/example_latest_only_with_trigger.py for tasks to queue
[2024-02-19T12:56:10.459+0000] {logging_mixin.py:137} INFO - [2024-02-19T12:56:10.459+0000] {dagbag.py:538} INFO - Filling up the DagBag from /home/airflow/.local/lib/python3.7/site-packages/airflow/example_dags/example_latest_only_with_trigger.py
[2024-02-19T12:56:10.467+0000] {processor.py:753} INFO - DAG(s) dict_keys(['latest_only_with_trigger']) retrieved from /home/airflow/.local/lib/python3.7/site-packages/airflow/example_dags/example_latest_only_with_trigger.py
[2024-02-19T12:56:10.480+0000] {logging_mixin.py:137} INFO - [2024-02-19T12:56:10.480+0000] {dag.py:2690} INFO - Sync 1 DAGs
[2024-02-19T12:56:10.494+0000] {logging_mixin.py:137} INFO - [2024-02-19T12:56:10.494+0000] {dag.py:3441} INFO - Setting next_dagrun for latest_only_with_trigger to 2024-02-19T08:56:10.494733+00:00, run_after=2024-02-19T12:56:10.494733+00:00
[2024-02-19T12:56:10.505+0000] {processor.py:175} INFO - Processing /home/airflow/.local/lib/python3.7/site-packages/airflow/example_dags/example_latest_only_with_trigger.py took 0.049 seconds
[2024-02-19T12:56:41.358+0000] {processor.py:153} INFO - Started process (PID=7862) to work on /home/airflow/.local/lib/python3.7/site-packages/airflow/example_dags/example_latest_only_with_trigger.py
[2024-02-19T12:56:41.358+0000] {processor.py:743} INFO - Processing file /home/airflow/.local/lib/python3.7/site-packages/airflow/example_dags/example_latest_only_with_trigger.py for tasks to queue
[2024-02-19T12:56:41.359+0000] {logging_mixin.py:137} INFO - [2024-02-19T12:56:41.359+0000] {dagbag.py:538} INFO - Filling up the DagBag from /home/airflow/.local/lib/python3.7/site-packages/airflow/example_dags/example_latest_only_with_trigger.py
[2024-02-19T12:56:41.369+0000] {processor.py:753} INFO - DAG(s) dict_keys(['latest_only_with_trigger']) retrieved from /home/airflow/.local/lib/python3.7/site-packages/airflow/example_dags/example_latest_only_with_trigger.py
[2024-02-19T12:56:41.389+0000] {logging_mixin.py:137} INFO - [2024-02-19T12:56:41.389+0000] {dag.py:2690} INFO - Sync 1 DAGs
[2024-02-19T12:56:41.409+0000] {logging_mixin.py:137} INFO - [2024-02-19T12:56:41.408+0000] {dag.py:3441} INFO - Setting next_dagrun for latest_only_with_trigger to 2024-02-19T08:56:41.408699+00:00, run_after=2024-02-19T12:56:41.408699+00:00
[2024-02-19T12:56:41.423+0000] {processor.py:175} INFO - Processing /home/airflow/.local/lib/python3.7/site-packages/airflow/example_dags/example_latest_only_with_trigger.py took 0.067 seconds
[2024-02-19T12:57:12.161+0000] {processor.py:153} INFO - Started process (PID=7997) to work on /home/airflow/.local/lib/python3.7/site-packages/airflow/example_dags/example_latest_only_with_trigger.py
[2024-02-19T12:57:12.162+0000] {processor.py:743} INFO - Processing file /home/airflow/.local/lib/python3.7/site-packages/airflow/example_dags/example_latest_only_with_trigger.py for tasks to queue
[2024-02-19T12:57:12.162+0000] {logging_mixin.py:137} INFO - [2024-02-19T12:57:12.162+0000] {dagbag.py:538} INFO - Filling up the DagBag from /home/airflow/.local/lib/python3.7/site-packages/airflow/example_dags/example_latest_only_with_trigger.py
[2024-02-19T12:57:12.175+0000] {processor.py:753} INFO - DAG(s) dict_keys(['latest_only_with_trigger']) retrieved from /home/airflow/.local/lib/python3.7/site-packages/airflow/example_dags/example_latest_only_with_trigger.py
[2024-02-19T12:57:12.202+0000] {logging_mixin.py:137} INFO - [2024-02-19T12:57:12.202+0000] {dag.py:2690} INFO - Sync 1 DAGs
[2024-02-19T12:57:12.228+0000] {logging_mixin.py:137} INFO - [2024-02-19T12:57:12.228+0000] {dag.py:3441} INFO - Setting next_dagrun for latest_only_with_trigger to 2024-02-19T08:57:12.228130+00:00, run_after=2024-02-19T12:57:12.228130+00:00
[2024-02-19T12:57:12.249+0000] {processor.py:175} INFO - Processing /home/airflow/.local/lib/python3.7/site-packages/airflow/example_dags/example_latest_only_with_trigger.py took 0.091 seconds
[2024-02-19T12:57:43.037+0000] {processor.py:153} INFO - Started process (PID=8100) to work on /home/airflow/.local/lib/python3.7/site-packages/airflow/example_dags/example_latest_only_with_trigger.py
[2024-02-19T12:57:43.037+0000] {processor.py:743} INFO - Processing file /home/airflow/.local/lib/python3.7/site-packages/airflow/example_dags/example_latest_only_with_trigger.py for tasks to queue
[2024-02-19T12:57:43.038+0000] {logging_mixin.py:137} INFO - [2024-02-19T12:57:43.038+0000] {dagbag.py:538} INFO - Filling up the DagBag from /home/airflow/.local/lib/python3.7/site-packages/airflow/example_dags/example_latest_only_with_trigger.py
[2024-02-19T12:57:43.049+0000] {processor.py:753} INFO - DAG(s) dict_keys(['latest_only_with_trigger']) retrieved from /home/airflow/.local/lib/python3.7/site-packages/airflow/example_dags/example_latest_only_with_trigger.py
[2024-02-19T12:57:43.067+0000] {logging_mixin.py:137} INFO - [2024-02-19T12:57:43.066+0000] {dag.py:2690} INFO - Sync 1 DAGs
[2024-02-19T12:57:43.086+0000] {logging_mixin.py:137} INFO - [2024-02-19T12:57:43.086+0000] {dag.py:3441} INFO - Setting next_dagrun for latest_only_with_trigger to 2024-02-19T08:57:43.086142+00:00, run_after=2024-02-19T12:57:43.086142+00:00
[2024-02-19T12:57:43.100+0000] {processor.py:175} INFO - Processing /home/airflow/.local/lib/python3.7/site-packages/airflow/example_dags/example_latest_only_with_trigger.py took 0.066 seconds
[2024-02-19T12:58:13.201+0000] {processor.py:153} INFO - Started process (PID=8234) to work on /home/airflow/.local/lib/python3.7/site-packages/airflow/example_dags/example_latest_only_with_trigger.py
[2024-02-19T12:58:13.201+0000] {processor.py:743} INFO - Processing file /home/airflow/.local/lib/python3.7/site-packages/airflow/example_dags/example_latest_only_with_trigger.py for tasks to queue
[2024-02-19T12:58:13.202+0000] {logging_mixin.py:137} INFO - [2024-02-19T12:58:13.201+0000] {dagbag.py:538} INFO - Filling up the DagBag from /home/airflow/.local/lib/python3.7/site-packages/airflow/example_dags/example_latest_only_with_trigger.py
[2024-02-19T12:58:13.211+0000] {processor.py:753} INFO - DAG(s) dict_keys(['latest_only_with_trigger']) retrieved from /home/airflow/.local/lib/python3.7/site-packages/airflow/example_dags/example_latest_only_with_trigger.py
[2024-02-19T12:58:13.228+0000] {logging_mixin.py:137} INFO - [2024-02-19T12:58:13.228+0000] {dag.py:2690} INFO - Sync 1 DAGs
[2024-02-19T12:58:13.247+0000] {logging_mixin.py:137} INFO - [2024-02-19T12:58:13.247+0000] {dag.py:3441} INFO - Setting next_dagrun for latest_only_with_trigger to 2024-02-19T08:58:13.246993+00:00, run_after=2024-02-19T12:58:13.246993+00:00
[2024-02-19T12:58:13.262+0000] {processor.py:175} INFO - Processing /home/airflow/.local/lib/python3.7/site-packages/airflow/example_dags/example_latest_only_with_trigger.py took 0.064 seconds
