[2024-02-19T12:24:38.284+0000] {processor.py:153} INFO - Started process (PID=81) to work on /home/airflow/.local/lib/python3.7/site-packages/airflow/example_dags/example_bash_operator.py
[2024-02-19T12:24:38.285+0000] {processor.py:743} INFO - Processing file /home/airflow/.local/lib/python3.7/site-packages/airflow/example_dags/example_bash_operator.py for tasks to queue
[2024-02-19T12:24:38.285+0000] {logging_mixin.py:137} INFO - [2024-02-19T12:24:38.285+0000] {dagbag.py:538} INFO - Filling up the DagBag from /home/airflow/.local/lib/python3.7/site-packages/airflow/example_dags/example_bash_operator.py
[2024-02-19T12:24:38.301+0000] {processor.py:753} INFO - DAG(s) dict_keys(['example_bash_operator']) retrieved from /home/airflow/.local/lib/python3.7/site-packages/airflow/example_dags/example_bash_operator.py
[2024-02-19T12:24:38.308+0000] {logging_mixin.py:137} INFO - [2024-02-19T12:24:38.308+0000] {dag.py:2690} INFO - Sync 1 DAGs
[2024-02-19T12:24:38.324+0000] {logging_mixin.py:137} INFO - [2024-02-19T12:24:38.324+0000] {dag.py:3441} INFO - Setting next_dagrun for example_bash_operator to 2024-02-18T00:00:00+00:00, run_after=2024-02-19T00:00:00+00:00
[2024-02-19T12:24:38.335+0000] {processor.py:175} INFO - Processing /home/airflow/.local/lib/python3.7/site-packages/airflow/example_dags/example_bash_operator.py took 0.053 seconds
[2024-02-19T12:25:08.740+0000] {processor.py:153} INFO - Started process (PID=216) to work on /home/airflow/.local/lib/python3.7/site-packages/airflow/example_dags/example_bash_operator.py
[2024-02-19T12:25:08.741+0000] {processor.py:743} INFO - Processing file /home/airflow/.local/lib/python3.7/site-packages/airflow/example_dags/example_bash_operator.py for tasks to queue
[2024-02-19T12:25:08.741+0000] {logging_mixin.py:137} INFO - [2024-02-19T12:25:08.741+0000] {dagbag.py:538} INFO - Filling up the DagBag from /home/airflow/.local/lib/python3.7/site-packages/airflow/example_dags/example_bash_operator.py
[2024-02-19T12:25:08.753+0000] {processor.py:753} INFO - DAG(s) dict_keys(['example_bash_operator']) retrieved from /home/airflow/.local/lib/python3.7/site-packages/airflow/example_dags/example_bash_operator.py
[2024-02-19T12:25:08.775+0000] {logging_mixin.py:137} INFO - [2024-02-19T12:25:08.775+0000] {dag.py:2690} INFO - Sync 1 DAGs
[2024-02-19T12:25:08.790+0000] {logging_mixin.py:137} INFO - [2024-02-19T12:25:08.790+0000] {dag.py:3441} INFO - Setting next_dagrun for example_bash_operator to 2024-02-18T00:00:00+00:00, run_after=2024-02-19T00:00:00+00:00
[2024-02-19T12:25:08.800+0000] {processor.py:175} INFO - Processing /home/airflow/.local/lib/python3.7/site-packages/airflow/example_dags/example_bash_operator.py took 0.061 seconds
[2024-02-19T12:25:39.165+0000] {processor.py:153} INFO - Started process (PID=326) to work on /home/airflow/.local/lib/python3.7/site-packages/airflow/example_dags/example_bash_operator.py
[2024-02-19T12:25:39.165+0000] {processor.py:743} INFO - Processing file /home/airflow/.local/lib/python3.7/site-packages/airflow/example_dags/example_bash_operator.py for tasks to queue
[2024-02-19T12:25:39.166+0000] {logging_mixin.py:137} INFO - [2024-02-19T12:25:39.165+0000] {dagbag.py:538} INFO - Filling up the DagBag from /home/airflow/.local/lib/python3.7/site-packages/airflow/example_dags/example_bash_operator.py
[2024-02-19T12:25:39.178+0000] {processor.py:753} INFO - DAG(s) dict_keys(['example_bash_operator']) retrieved from /home/airflow/.local/lib/python3.7/site-packages/airflow/example_dags/example_bash_operator.py
[2024-02-19T12:25:39.203+0000] {logging_mixin.py:137} INFO - [2024-02-19T12:25:39.203+0000] {dag.py:2690} INFO - Sync 1 DAGs
[2024-02-19T12:25:39.219+0000] {logging_mixin.py:137} INFO - [2024-02-19T12:25:39.219+0000] {dag.py:3441} INFO - Setting next_dagrun for example_bash_operator to 2024-02-18T00:00:00+00:00, run_after=2024-02-19T00:00:00+00:00
[2024-02-19T12:25:39.231+0000] {processor.py:175} INFO - Processing /home/airflow/.local/lib/python3.7/site-packages/airflow/example_dags/example_bash_operator.py took 0.067 seconds
[2024-02-19T12:26:09.601+0000] {processor.py:153} INFO - Started process (PID=454) to work on /home/airflow/.local/lib/python3.7/site-packages/airflow/example_dags/example_bash_operator.py
[2024-02-19T12:26:09.602+0000] {processor.py:743} INFO - Processing file /home/airflow/.local/lib/python3.7/site-packages/airflow/example_dags/example_bash_operator.py for tasks to queue
[2024-02-19T12:26:09.602+0000] {logging_mixin.py:137} INFO - [2024-02-19T12:26:09.602+0000] {dagbag.py:538} INFO - Filling up the DagBag from /home/airflow/.local/lib/python3.7/site-packages/airflow/example_dags/example_bash_operator.py
[2024-02-19T12:26:09.614+0000] {processor.py:753} INFO - DAG(s) dict_keys(['example_bash_operator']) retrieved from /home/airflow/.local/lib/python3.7/site-packages/airflow/example_dags/example_bash_operator.py
[2024-02-19T12:26:09.636+0000] {logging_mixin.py:137} INFO - [2024-02-19T12:26:09.636+0000] {dag.py:2690} INFO - Sync 1 DAGs
[2024-02-19T12:26:09.651+0000] {logging_mixin.py:137} INFO - [2024-02-19T12:26:09.651+0000] {dag.py:3441} INFO - Setting next_dagrun for example_bash_operator to 2024-02-18T00:00:00+00:00, run_after=2024-02-19T00:00:00+00:00
[2024-02-19T12:26:09.662+0000] {processor.py:175} INFO - Processing /home/airflow/.local/lib/python3.7/site-packages/airflow/example_dags/example_bash_operator.py took 0.063 seconds
[2024-02-19T12:26:39.998+0000] {processor.py:153} INFO - Started process (PID=589) to work on /home/airflow/.local/lib/python3.7/site-packages/airflow/example_dags/example_bash_operator.py
[2024-02-19T12:26:39.998+0000] {processor.py:743} INFO - Processing file /home/airflow/.local/lib/python3.7/site-packages/airflow/example_dags/example_bash_operator.py for tasks to queue
[2024-02-19T12:26:39.999+0000] {logging_mixin.py:137} INFO - [2024-02-19T12:26:39.999+0000] {dagbag.py:538} INFO - Filling up the DagBag from /home/airflow/.local/lib/python3.7/site-packages/airflow/example_dags/example_bash_operator.py
[2024-02-19T12:26:40.011+0000] {processor.py:753} INFO - DAG(s) dict_keys(['example_bash_operator']) retrieved from /home/airflow/.local/lib/python3.7/site-packages/airflow/example_dags/example_bash_operator.py
[2024-02-19T12:26:40.032+0000] {logging_mixin.py:137} INFO - [2024-02-19T12:26:40.032+0000] {dag.py:2690} INFO - Sync 1 DAGs
[2024-02-19T12:26:40.047+0000] {logging_mixin.py:137} INFO - [2024-02-19T12:26:40.047+0000] {dag.py:3441} INFO - Setting next_dagrun for example_bash_operator to 2024-02-18T00:00:00+00:00, run_after=2024-02-19T00:00:00+00:00
[2024-02-19T12:26:40.057+0000] {processor.py:175} INFO - Processing /home/airflow/.local/lib/python3.7/site-packages/airflow/example_dags/example_bash_operator.py took 0.061 seconds
[2024-02-19T12:27:10.392+0000] {processor.py:153} INFO - Started process (PID=692) to work on /home/airflow/.local/lib/python3.7/site-packages/airflow/example_dags/example_bash_operator.py
[2024-02-19T12:27:10.392+0000] {processor.py:743} INFO - Processing file /home/airflow/.local/lib/python3.7/site-packages/airflow/example_dags/example_bash_operator.py for tasks to queue
[2024-02-19T12:27:10.392+0000] {logging_mixin.py:137} INFO - [2024-02-19T12:27:10.392+0000] {dagbag.py:538} INFO - Filling up the DagBag from /home/airflow/.local/lib/python3.7/site-packages/airflow/example_dags/example_bash_operator.py
[2024-02-19T12:27:10.405+0000] {processor.py:753} INFO - DAG(s) dict_keys(['example_bash_operator']) retrieved from /home/airflow/.local/lib/python3.7/site-packages/airflow/example_dags/example_bash_operator.py
[2024-02-19T12:27:10.427+0000] {logging_mixin.py:137} INFO - [2024-02-19T12:27:10.427+0000] {dag.py:2690} INFO - Sync 1 DAGs
[2024-02-19T12:27:10.443+0000] {logging_mixin.py:137} INFO - [2024-02-19T12:27:10.443+0000] {dag.py:3441} INFO - Setting next_dagrun for example_bash_operator to 2024-02-18T00:00:00+00:00, run_after=2024-02-19T00:00:00+00:00
[2024-02-19T12:27:10.456+0000] {processor.py:175} INFO - Processing /home/airflow/.local/lib/python3.7/site-packages/airflow/example_dags/example_bash_operator.py took 0.065 seconds
[2024-02-19T12:27:40.820+0000] {processor.py:153} INFO - Started process (PID=827) to work on /home/airflow/.local/lib/python3.7/site-packages/airflow/example_dags/example_bash_operator.py
[2024-02-19T12:27:40.820+0000] {processor.py:743} INFO - Processing file /home/airflow/.local/lib/python3.7/site-packages/airflow/example_dags/example_bash_operator.py for tasks to queue
[2024-02-19T12:27:40.820+0000] {logging_mixin.py:137} INFO - [2024-02-19T12:27:40.820+0000] {dagbag.py:538} INFO - Filling up the DagBag from /home/airflow/.local/lib/python3.7/site-packages/airflow/example_dags/example_bash_operator.py
[2024-02-19T12:27:40.832+0000] {processor.py:753} INFO - DAG(s) dict_keys(['example_bash_operator']) retrieved from /home/airflow/.local/lib/python3.7/site-packages/airflow/example_dags/example_bash_operator.py
[2024-02-19T12:27:40.853+0000] {logging_mixin.py:137} INFO - [2024-02-19T12:27:40.853+0000] {dag.py:2690} INFO - Sync 1 DAGs
[2024-02-19T12:27:40.868+0000] {logging_mixin.py:137} INFO - [2024-02-19T12:27:40.868+0000] {dag.py:3441} INFO - Setting next_dagrun for example_bash_operator to 2024-02-18T00:00:00+00:00, run_after=2024-02-19T00:00:00+00:00
[2024-02-19T12:27:40.878+0000] {processor.py:175} INFO - Processing /home/airflow/.local/lib/python3.7/site-packages/airflow/example_dags/example_bash_operator.py took 0.060 seconds
[2024-02-19T12:28:11.209+0000] {processor.py:153} INFO - Started process (PID=963) to work on /home/airflow/.local/lib/python3.7/site-packages/airflow/example_dags/example_bash_operator.py
[2024-02-19T12:28:11.209+0000] {processor.py:743} INFO - Processing file /home/airflow/.local/lib/python3.7/site-packages/airflow/example_dags/example_bash_operator.py for tasks to queue
[2024-02-19T12:28:11.209+0000] {logging_mixin.py:137} INFO - [2024-02-19T12:28:11.209+0000] {dagbag.py:538} INFO - Filling up the DagBag from /home/airflow/.local/lib/python3.7/site-packages/airflow/example_dags/example_bash_operator.py
[2024-02-19T12:28:11.221+0000] {processor.py:753} INFO - DAG(s) dict_keys(['example_bash_operator']) retrieved from /home/airflow/.local/lib/python3.7/site-packages/airflow/example_dags/example_bash_operator.py
[2024-02-19T12:28:11.242+0000] {logging_mixin.py:137} INFO - [2024-02-19T12:28:11.242+0000] {dag.py:2690} INFO - Sync 1 DAGs
[2024-02-19T12:28:11.258+0000] {logging_mixin.py:137} INFO - [2024-02-19T12:28:11.258+0000] {dag.py:3441} INFO - Setting next_dagrun for example_bash_operator to 2024-02-18T00:00:00+00:00, run_after=2024-02-19T00:00:00+00:00
[2024-02-19T12:28:11.268+0000] {processor.py:175} INFO - Processing /home/airflow/.local/lib/python3.7/site-packages/airflow/example_dags/example_bash_operator.py took 0.062 seconds
[2024-02-19T12:28:41.689+0000] {processor.py:153} INFO - Started process (PID=1066) to work on /home/airflow/.local/lib/python3.7/site-packages/airflow/example_dags/example_bash_operator.py
[2024-02-19T12:28:41.690+0000] {processor.py:743} INFO - Processing file /home/airflow/.local/lib/python3.7/site-packages/airflow/example_dags/example_bash_operator.py for tasks to queue
[2024-02-19T12:28:41.690+0000] {logging_mixin.py:137} INFO - [2024-02-19T12:28:41.690+0000] {dagbag.py:538} INFO - Filling up the DagBag from /home/airflow/.local/lib/python3.7/site-packages/airflow/example_dags/example_bash_operator.py
[2024-02-19T12:28:41.702+0000] {processor.py:753} INFO - DAG(s) dict_keys(['example_bash_operator']) retrieved from /home/airflow/.local/lib/python3.7/site-packages/airflow/example_dags/example_bash_operator.py
[2024-02-19T12:28:41.724+0000] {logging_mixin.py:137} INFO - [2024-02-19T12:28:41.724+0000] {dag.py:2690} INFO - Sync 1 DAGs
[2024-02-19T12:28:41.739+0000] {logging_mixin.py:137} INFO - [2024-02-19T12:28:41.739+0000] {dag.py:3441} INFO - Setting next_dagrun for example_bash_operator to 2024-02-18T00:00:00+00:00, run_after=2024-02-19T00:00:00+00:00
[2024-02-19T12:28:41.750+0000] {processor.py:175} INFO - Processing /home/airflow/.local/lib/python3.7/site-packages/airflow/example_dags/example_bash_operator.py took 0.062 seconds
[2024-02-19T12:29:12.317+0000] {processor.py:153} INFO - Started process (PID=1201) to work on /home/airflow/.local/lib/python3.7/site-packages/airflow/example_dags/example_bash_operator.py
[2024-02-19T12:29:12.317+0000] {processor.py:743} INFO - Processing file /home/airflow/.local/lib/python3.7/site-packages/airflow/example_dags/example_bash_operator.py for tasks to queue
[2024-02-19T12:29:12.318+0000] {logging_mixin.py:137} INFO - [2024-02-19T12:29:12.318+0000] {dagbag.py:538} INFO - Filling up the DagBag from /home/airflow/.local/lib/python3.7/site-packages/airflow/example_dags/example_bash_operator.py
[2024-02-19T12:29:12.330+0000] {processor.py:753} INFO - DAG(s) dict_keys(['example_bash_operator']) retrieved from /home/airflow/.local/lib/python3.7/site-packages/airflow/example_dags/example_bash_operator.py
[2024-02-19T12:29:12.353+0000] {logging_mixin.py:137} INFO - [2024-02-19T12:29:12.353+0000] {dag.py:2690} INFO - Sync 1 DAGs
[2024-02-19T12:29:12.369+0000] {logging_mixin.py:137} INFO - [2024-02-19T12:29:12.369+0000] {dag.py:3441} INFO - Setting next_dagrun for example_bash_operator to 2024-02-18T00:00:00+00:00, run_after=2024-02-19T00:00:00+00:00
[2024-02-19T12:29:12.379+0000] {processor.py:175} INFO - Processing /home/airflow/.local/lib/python3.7/site-packages/airflow/example_dags/example_bash_operator.py took 0.065 seconds
[2024-02-19T12:29:42.834+0000] {processor.py:153} INFO - Started process (PID=1336) to work on /home/airflow/.local/lib/python3.7/site-packages/airflow/example_dags/example_bash_operator.py
[2024-02-19T12:29:42.835+0000] {processor.py:743} INFO - Processing file /home/airflow/.local/lib/python3.7/site-packages/airflow/example_dags/example_bash_operator.py for tasks to queue
[2024-02-19T12:29:42.835+0000] {logging_mixin.py:137} INFO - [2024-02-19T12:29:42.835+0000] {dagbag.py:538} INFO - Filling up the DagBag from /home/airflow/.local/lib/python3.7/site-packages/airflow/example_dags/example_bash_operator.py
[2024-02-19T12:29:42.847+0000] {processor.py:753} INFO - DAG(s) dict_keys(['example_bash_operator']) retrieved from /home/airflow/.local/lib/python3.7/site-packages/airflow/example_dags/example_bash_operator.py
[2024-02-19T12:29:42.868+0000] {logging_mixin.py:137} INFO - [2024-02-19T12:29:42.868+0000] {dag.py:2690} INFO - Sync 1 DAGs
[2024-02-19T12:29:42.883+0000] {logging_mixin.py:137} INFO - [2024-02-19T12:29:42.883+0000] {dag.py:3441} INFO - Setting next_dagrun for example_bash_operator to 2024-02-18T00:00:00+00:00, run_after=2024-02-19T00:00:00+00:00
[2024-02-19T12:29:42.893+0000] {processor.py:175} INFO - Processing /home/airflow/.local/lib/python3.7/site-packages/airflow/example_dags/example_bash_operator.py took 0.061 seconds
[2024-02-19T12:30:13.354+0000] {processor.py:153} INFO - Started process (PID=1439) to work on /home/airflow/.local/lib/python3.7/site-packages/airflow/example_dags/example_bash_operator.py
[2024-02-19T12:30:13.355+0000] {processor.py:743} INFO - Processing file /home/airflow/.local/lib/python3.7/site-packages/airflow/example_dags/example_bash_operator.py for tasks to queue
[2024-02-19T12:30:13.355+0000] {logging_mixin.py:137} INFO - [2024-02-19T12:30:13.355+0000] {dagbag.py:538} INFO - Filling up the DagBag from /home/airflow/.local/lib/python3.7/site-packages/airflow/example_dags/example_bash_operator.py
[2024-02-19T12:30:13.367+0000] {processor.py:753} INFO - DAG(s) dict_keys(['example_bash_operator']) retrieved from /home/airflow/.local/lib/python3.7/site-packages/airflow/example_dags/example_bash_operator.py
[2024-02-19T12:30:13.395+0000] {logging_mixin.py:137} INFO - [2024-02-19T12:30:13.394+0000] {dag.py:2690} INFO - Sync 1 DAGs
[2024-02-19T12:30:13.409+0000] {logging_mixin.py:137} INFO - [2024-02-19T12:30:13.409+0000] {dag.py:3441} INFO - Setting next_dagrun for example_bash_operator to 2024-02-18T00:00:00+00:00, run_after=2024-02-19T00:00:00+00:00
[2024-02-19T12:30:13.421+0000] {processor.py:175} INFO - Processing /home/airflow/.local/lib/python3.7/site-packages/airflow/example_dags/example_bash_operator.py took 0.068 seconds
[2024-02-19T12:30:43.811+0000] {processor.py:153} INFO - Started process (PID=1574) to work on /home/airflow/.local/lib/python3.7/site-packages/airflow/example_dags/example_bash_operator.py
[2024-02-19T12:30:43.812+0000] {processor.py:743} INFO - Processing file /home/airflow/.local/lib/python3.7/site-packages/airflow/example_dags/example_bash_operator.py for tasks to queue
[2024-02-19T12:30:43.812+0000] {logging_mixin.py:137} INFO - [2024-02-19T12:30:43.812+0000] {dagbag.py:538} INFO - Filling up the DagBag from /home/airflow/.local/lib/python3.7/site-packages/airflow/example_dags/example_bash_operator.py
[2024-02-19T12:30:43.824+0000] {processor.py:753} INFO - DAG(s) dict_keys(['example_bash_operator']) retrieved from /home/airflow/.local/lib/python3.7/site-packages/airflow/example_dags/example_bash_operator.py
[2024-02-19T12:30:43.845+0000] {logging_mixin.py:137} INFO - [2024-02-19T12:30:43.845+0000] {dag.py:2690} INFO - Sync 1 DAGs
[2024-02-19T12:30:43.861+0000] {logging_mixin.py:137} INFO - [2024-02-19T12:30:43.861+0000] {dag.py:3441} INFO - Setting next_dagrun for example_bash_operator to 2024-02-18T00:00:00+00:00, run_after=2024-02-19T00:00:00+00:00
[2024-02-19T12:30:43.872+0000] {processor.py:175} INFO - Processing /home/airflow/.local/lib/python3.7/site-packages/airflow/example_dags/example_bash_operator.py took 0.063 seconds
[2024-02-19T12:31:14.257+0000] {processor.py:153} INFO - Started process (PID=1709) to work on /home/airflow/.local/lib/python3.7/site-packages/airflow/example_dags/example_bash_operator.py
[2024-02-19T12:31:14.257+0000] {processor.py:743} INFO - Processing file /home/airflow/.local/lib/python3.7/site-packages/airflow/example_dags/example_bash_operator.py for tasks to queue
[2024-02-19T12:31:14.257+0000] {logging_mixin.py:137} INFO - [2024-02-19T12:31:14.257+0000] {dagbag.py:538} INFO - Filling up the DagBag from /home/airflow/.local/lib/python3.7/site-packages/airflow/example_dags/example_bash_operator.py
[2024-02-19T12:31:14.270+0000] {processor.py:753} INFO - DAG(s) dict_keys(['example_bash_operator']) retrieved from /home/airflow/.local/lib/python3.7/site-packages/airflow/example_dags/example_bash_operator.py
[2024-02-19T12:31:14.293+0000] {logging_mixin.py:137} INFO - [2024-02-19T12:31:14.293+0000] {dag.py:2690} INFO - Sync 1 DAGs
[2024-02-19T12:31:14.308+0000] {logging_mixin.py:137} INFO - [2024-02-19T12:31:14.308+0000] {dag.py:3441} INFO - Setting next_dagrun for example_bash_operator to 2024-02-18T00:00:00+00:00, run_after=2024-02-19T00:00:00+00:00
[2024-02-19T12:31:14.319+0000] {processor.py:175} INFO - Processing /home/airflow/.local/lib/python3.7/site-packages/airflow/example_dags/example_bash_operator.py took 0.064 seconds
[2024-02-19T12:31:44.691+0000] {processor.py:153} INFO - Started process (PID=1812) to work on /home/airflow/.local/lib/python3.7/site-packages/airflow/example_dags/example_bash_operator.py
[2024-02-19T12:31:44.692+0000] {processor.py:743} INFO - Processing file /home/airflow/.local/lib/python3.7/site-packages/airflow/example_dags/example_bash_operator.py for tasks to queue
[2024-02-19T12:31:44.692+0000] {logging_mixin.py:137} INFO - [2024-02-19T12:31:44.692+0000] {dagbag.py:538} INFO - Filling up the DagBag from /home/airflow/.local/lib/python3.7/site-packages/airflow/example_dags/example_bash_operator.py
[2024-02-19T12:31:44.704+0000] {processor.py:753} INFO - DAG(s) dict_keys(['example_bash_operator']) retrieved from /home/airflow/.local/lib/python3.7/site-packages/airflow/example_dags/example_bash_operator.py
[2024-02-19T12:31:44.727+0000] {logging_mixin.py:137} INFO - [2024-02-19T12:31:44.727+0000] {dag.py:2690} INFO - Sync 1 DAGs
[2024-02-19T12:31:44.742+0000] {logging_mixin.py:137} INFO - [2024-02-19T12:31:44.742+0000] {dag.py:3441} INFO - Setting next_dagrun for example_bash_operator to 2024-02-18T00:00:00+00:00, run_after=2024-02-19T00:00:00+00:00
[2024-02-19T12:31:44.752+0000] {processor.py:175} INFO - Processing /home/airflow/.local/lib/python3.7/site-packages/airflow/example_dags/example_bash_operator.py took 0.063 seconds
[2024-02-19T12:32:15.165+0000] {processor.py:153} INFO - Started process (PID=1947) to work on /home/airflow/.local/lib/python3.7/site-packages/airflow/example_dags/example_bash_operator.py
[2024-02-19T12:32:15.165+0000] {processor.py:743} INFO - Processing file /home/airflow/.local/lib/python3.7/site-packages/airflow/example_dags/example_bash_operator.py for tasks to queue
[2024-02-19T12:32:15.166+0000] {logging_mixin.py:137} INFO - [2024-02-19T12:32:15.166+0000] {dagbag.py:538} INFO - Filling up the DagBag from /home/airflow/.local/lib/python3.7/site-packages/airflow/example_dags/example_bash_operator.py
[2024-02-19T12:32:15.178+0000] {processor.py:753} INFO - DAG(s) dict_keys(['example_bash_operator']) retrieved from /home/airflow/.local/lib/python3.7/site-packages/airflow/example_dags/example_bash_operator.py
[2024-02-19T12:32:15.200+0000] {logging_mixin.py:137} INFO - [2024-02-19T12:32:15.200+0000] {dag.py:2690} INFO - Sync 1 DAGs
[2024-02-19T12:32:15.215+0000] {logging_mixin.py:137} INFO - [2024-02-19T12:32:15.215+0000] {dag.py:3441} INFO - Setting next_dagrun for example_bash_operator to 2024-02-18T00:00:00+00:00, run_after=2024-02-19T00:00:00+00:00
[2024-02-19T12:32:15.227+0000] {processor.py:175} INFO - Processing /home/airflow/.local/lib/python3.7/site-packages/airflow/example_dags/example_bash_operator.py took 0.064 seconds
[2024-02-19T12:32:45.750+0000] {processor.py:153} INFO - Started process (PID=2082) to work on /home/airflow/.local/lib/python3.7/site-packages/airflow/example_dags/example_bash_operator.py
[2024-02-19T12:32:45.751+0000] {processor.py:743} INFO - Processing file /home/airflow/.local/lib/python3.7/site-packages/airflow/example_dags/example_bash_operator.py for tasks to queue
[2024-02-19T12:32:45.751+0000] {logging_mixin.py:137} INFO - [2024-02-19T12:32:45.751+0000] {dagbag.py:538} INFO - Filling up the DagBag from /home/airflow/.local/lib/python3.7/site-packages/airflow/example_dags/example_bash_operator.py
[2024-02-19T12:32:45.763+0000] {processor.py:753} INFO - DAG(s) dict_keys(['example_bash_operator']) retrieved from /home/airflow/.local/lib/python3.7/site-packages/airflow/example_dags/example_bash_operator.py
[2024-02-19T12:32:45.784+0000] {logging_mixin.py:137} INFO - [2024-02-19T12:32:45.784+0000] {dag.py:2690} INFO - Sync 1 DAGs
[2024-02-19T12:32:45.800+0000] {logging_mixin.py:137} INFO - [2024-02-19T12:32:45.800+0000] {dag.py:3441} INFO - Setting next_dagrun for example_bash_operator to 2024-02-18T00:00:00+00:00, run_after=2024-02-19T00:00:00+00:00
[2024-02-19T12:32:45.810+0000] {processor.py:175} INFO - Processing /home/airflow/.local/lib/python3.7/site-packages/airflow/example_dags/example_bash_operator.py took 0.061 seconds
[2024-02-19T12:33:16.230+0000] {processor.py:153} INFO - Started process (PID=2185) to work on /home/airflow/.local/lib/python3.7/site-packages/airflow/example_dags/example_bash_operator.py
[2024-02-19T12:33:16.231+0000] {processor.py:743} INFO - Processing file /home/airflow/.local/lib/python3.7/site-packages/airflow/example_dags/example_bash_operator.py for tasks to queue
[2024-02-19T12:33:16.231+0000] {logging_mixin.py:137} INFO - [2024-02-19T12:33:16.231+0000] {dagbag.py:538} INFO - Filling up the DagBag from /home/airflow/.local/lib/python3.7/site-packages/airflow/example_dags/example_bash_operator.py
[2024-02-19T12:33:16.246+0000] {processor.py:753} INFO - DAG(s) dict_keys(['example_bash_operator']) retrieved from /home/airflow/.local/lib/python3.7/site-packages/airflow/example_dags/example_bash_operator.py
[2024-02-19T12:33:16.268+0000] {logging_mixin.py:137} INFO - [2024-02-19T12:33:16.268+0000] {dag.py:2690} INFO - Sync 1 DAGs
[2024-02-19T12:33:16.282+0000] {logging_mixin.py:137} INFO - [2024-02-19T12:33:16.282+0000] {dag.py:3441} INFO - Setting next_dagrun for example_bash_operator to 2024-02-18T00:00:00+00:00, run_after=2024-02-19T00:00:00+00:00
[2024-02-19T12:33:16.293+0000] {processor.py:175} INFO - Processing /home/airflow/.local/lib/python3.7/site-packages/airflow/example_dags/example_bash_operator.py took 0.066 seconds
[2024-02-19T12:33:46.675+0000] {processor.py:153} INFO - Started process (PID=2320) to work on /home/airflow/.local/lib/python3.7/site-packages/airflow/example_dags/example_bash_operator.py
[2024-02-19T12:33:46.675+0000] {processor.py:743} INFO - Processing file /home/airflow/.local/lib/python3.7/site-packages/airflow/example_dags/example_bash_operator.py for tasks to queue
[2024-02-19T12:33:46.676+0000] {logging_mixin.py:137} INFO - [2024-02-19T12:33:46.676+0000] {dagbag.py:538} INFO - Filling up the DagBag from /home/airflow/.local/lib/python3.7/site-packages/airflow/example_dags/example_bash_operator.py
[2024-02-19T12:33:46.688+0000] {processor.py:753} INFO - DAG(s) dict_keys(['example_bash_operator']) retrieved from /home/airflow/.local/lib/python3.7/site-packages/airflow/example_dags/example_bash_operator.py
[2024-02-19T12:33:46.710+0000] {logging_mixin.py:137} INFO - [2024-02-19T12:33:46.710+0000] {dag.py:2690} INFO - Sync 1 DAGs
[2024-02-19T12:33:46.725+0000] {logging_mixin.py:137} INFO - [2024-02-19T12:33:46.725+0000] {dag.py:3441} INFO - Setting next_dagrun for example_bash_operator to 2024-02-18T00:00:00+00:00, run_after=2024-02-19T00:00:00+00:00
[2024-02-19T12:33:46.735+0000] {processor.py:175} INFO - Processing /home/airflow/.local/lib/python3.7/site-packages/airflow/example_dags/example_bash_operator.py took 0.062 seconds
[2024-02-19T12:34:17.096+0000] {processor.py:153} INFO - Started process (PID=2455) to work on /home/airflow/.local/lib/python3.7/site-packages/airflow/example_dags/example_bash_operator.py
[2024-02-19T12:34:17.097+0000] {processor.py:743} INFO - Processing file /home/airflow/.local/lib/python3.7/site-packages/airflow/example_dags/example_bash_operator.py for tasks to queue
[2024-02-19T12:34:17.097+0000] {logging_mixin.py:137} INFO - [2024-02-19T12:34:17.097+0000] {dagbag.py:538} INFO - Filling up the DagBag from /home/airflow/.local/lib/python3.7/site-packages/airflow/example_dags/example_bash_operator.py
[2024-02-19T12:34:17.109+0000] {processor.py:753} INFO - DAG(s) dict_keys(['example_bash_operator']) retrieved from /home/airflow/.local/lib/python3.7/site-packages/airflow/example_dags/example_bash_operator.py
[2024-02-19T12:34:17.130+0000] {logging_mixin.py:137} INFO - [2024-02-19T12:34:17.130+0000] {dag.py:2690} INFO - Sync 1 DAGs
[2024-02-19T12:34:17.145+0000] {logging_mixin.py:137} INFO - [2024-02-19T12:34:17.145+0000] {dag.py:3441} INFO - Setting next_dagrun for example_bash_operator to 2024-02-18T00:00:00+00:00, run_after=2024-02-19T00:00:00+00:00
[2024-02-19T12:34:17.155+0000] {processor.py:175} INFO - Processing /home/airflow/.local/lib/python3.7/site-packages/airflow/example_dags/example_bash_operator.py took 0.061 seconds
[2024-02-19T12:34:47.656+0000] {processor.py:153} INFO - Started process (PID=2558) to work on /home/airflow/.local/lib/python3.7/site-packages/airflow/example_dags/example_bash_operator.py
[2024-02-19T12:34:47.657+0000] {processor.py:743} INFO - Processing file /home/airflow/.local/lib/python3.7/site-packages/airflow/example_dags/example_bash_operator.py for tasks to queue
[2024-02-19T12:34:47.657+0000] {logging_mixin.py:137} INFO - [2024-02-19T12:34:47.657+0000] {dagbag.py:538} INFO - Filling up the DagBag from /home/airflow/.local/lib/python3.7/site-packages/airflow/example_dags/example_bash_operator.py
[2024-02-19T12:34:47.669+0000] {processor.py:753} INFO - DAG(s) dict_keys(['example_bash_operator']) retrieved from /home/airflow/.local/lib/python3.7/site-packages/airflow/example_dags/example_bash_operator.py
[2024-02-19T12:34:47.691+0000] {logging_mixin.py:137} INFO - [2024-02-19T12:34:47.691+0000] {dag.py:2690} INFO - Sync 1 DAGs
[2024-02-19T12:34:47.706+0000] {logging_mixin.py:137} INFO - [2024-02-19T12:34:47.706+0000] {dag.py:3441} INFO - Setting next_dagrun for example_bash_operator to 2024-02-18T00:00:00+00:00, run_after=2024-02-19T00:00:00+00:00
[2024-02-19T12:34:47.717+0000] {processor.py:175} INFO - Processing /home/airflow/.local/lib/python3.7/site-packages/airflow/example_dags/example_bash_operator.py took 0.063 seconds
[2024-02-19T12:35:18.214+0000] {processor.py:153} INFO - Started process (PID=2693) to work on /home/airflow/.local/lib/python3.7/site-packages/airflow/example_dags/example_bash_operator.py
[2024-02-19T12:35:18.215+0000] {processor.py:743} INFO - Processing file /home/airflow/.local/lib/python3.7/site-packages/airflow/example_dags/example_bash_operator.py for tasks to queue
[2024-02-19T12:35:18.215+0000] {logging_mixin.py:137} INFO - [2024-02-19T12:35:18.215+0000] {dagbag.py:538} INFO - Filling up the DagBag from /home/airflow/.local/lib/python3.7/site-packages/airflow/example_dags/example_bash_operator.py
[2024-02-19T12:35:18.228+0000] {processor.py:753} INFO - DAG(s) dict_keys(['example_bash_operator']) retrieved from /home/airflow/.local/lib/python3.7/site-packages/airflow/example_dags/example_bash_operator.py
[2024-02-19T12:35:18.251+0000] {logging_mixin.py:137} INFO - [2024-02-19T12:35:18.250+0000] {dag.py:2690} INFO - Sync 1 DAGs
[2024-02-19T12:35:18.266+0000] {logging_mixin.py:137} INFO - [2024-02-19T12:35:18.266+0000] {dag.py:3441} INFO - Setting next_dagrun for example_bash_operator to 2024-02-18T00:00:00+00:00, run_after=2024-02-19T00:00:00+00:00
[2024-02-19T12:35:18.277+0000] {processor.py:175} INFO - Processing /home/airflow/.local/lib/python3.7/site-packages/airflow/example_dags/example_bash_operator.py took 0.064 seconds
[2024-02-19T12:35:48.717+0000] {processor.py:153} INFO - Started process (PID=2828) to work on /home/airflow/.local/lib/python3.7/site-packages/airflow/example_dags/example_bash_operator.py
[2024-02-19T12:35:48.717+0000] {processor.py:743} INFO - Processing file /home/airflow/.local/lib/python3.7/site-packages/airflow/example_dags/example_bash_operator.py for tasks to queue
[2024-02-19T12:35:48.718+0000] {logging_mixin.py:137} INFO - [2024-02-19T12:35:48.718+0000] {dagbag.py:538} INFO - Filling up the DagBag from /home/airflow/.local/lib/python3.7/site-packages/airflow/example_dags/example_bash_operator.py
[2024-02-19T12:35:48.730+0000] {processor.py:753} INFO - DAG(s) dict_keys(['example_bash_operator']) retrieved from /home/airflow/.local/lib/python3.7/site-packages/airflow/example_dags/example_bash_operator.py
[2024-02-19T12:35:48.752+0000] {logging_mixin.py:137} INFO - [2024-02-19T12:35:48.752+0000] {dag.py:2690} INFO - Sync 1 DAGs
[2024-02-19T12:35:48.767+0000] {logging_mixin.py:137} INFO - [2024-02-19T12:35:48.767+0000] {dag.py:3441} INFO - Setting next_dagrun for example_bash_operator to 2024-02-18T00:00:00+00:00, run_after=2024-02-19T00:00:00+00:00
[2024-02-19T12:35:48.777+0000] {processor.py:175} INFO - Processing /home/airflow/.local/lib/python3.7/site-packages/airflow/example_dags/example_bash_operator.py took 0.062 seconds
[2024-02-19T12:36:19.314+0000] {processor.py:153} INFO - Started process (PID=2931) to work on /home/airflow/.local/lib/python3.7/site-packages/airflow/example_dags/example_bash_operator.py
[2024-02-19T12:36:19.315+0000] {processor.py:743} INFO - Processing file /home/airflow/.local/lib/python3.7/site-packages/airflow/example_dags/example_bash_operator.py for tasks to queue
[2024-02-19T12:36:19.315+0000] {logging_mixin.py:137} INFO - [2024-02-19T12:36:19.315+0000] {dagbag.py:538} INFO - Filling up the DagBag from /home/airflow/.local/lib/python3.7/site-packages/airflow/example_dags/example_bash_operator.py
[2024-02-19T12:36:19.327+0000] {processor.py:753} INFO - DAG(s) dict_keys(['example_bash_operator']) retrieved from /home/airflow/.local/lib/python3.7/site-packages/airflow/example_dags/example_bash_operator.py
[2024-02-19T12:36:19.348+0000] {logging_mixin.py:137} INFO - [2024-02-19T12:36:19.348+0000] {dag.py:2690} INFO - Sync 1 DAGs
[2024-02-19T12:36:19.363+0000] {logging_mixin.py:137} INFO - [2024-02-19T12:36:19.363+0000] {dag.py:3441} INFO - Setting next_dagrun for example_bash_operator to 2024-02-18T00:00:00+00:00, run_after=2024-02-19T00:00:00+00:00
[2024-02-19T12:36:19.374+0000] {processor.py:175} INFO - Processing /home/airflow/.local/lib/python3.7/site-packages/airflow/example_dags/example_bash_operator.py took 0.061 seconds
[2024-02-19T12:36:49.801+0000] {processor.py:153} INFO - Started process (PID=3066) to work on /home/airflow/.local/lib/python3.7/site-packages/airflow/example_dags/example_bash_operator.py
[2024-02-19T12:36:49.802+0000] {processor.py:743} INFO - Processing file /home/airflow/.local/lib/python3.7/site-packages/airflow/example_dags/example_bash_operator.py for tasks to queue
[2024-02-19T12:36:49.803+0000] {logging_mixin.py:137} INFO - [2024-02-19T12:36:49.803+0000] {dagbag.py:538} INFO - Filling up the DagBag from /home/airflow/.local/lib/python3.7/site-packages/airflow/example_dags/example_bash_operator.py
[2024-02-19T12:36:49.815+0000] {processor.py:753} INFO - DAG(s) dict_keys(['example_bash_operator']) retrieved from /home/airflow/.local/lib/python3.7/site-packages/airflow/example_dags/example_bash_operator.py
[2024-02-19T12:36:49.838+0000] {logging_mixin.py:137} INFO - [2024-02-19T12:36:49.838+0000] {dag.py:2690} INFO - Sync 1 DAGs
[2024-02-19T12:36:49.853+0000] {logging_mixin.py:137} INFO - [2024-02-19T12:36:49.853+0000] {dag.py:3441} INFO - Setting next_dagrun for example_bash_operator to 2024-02-18T00:00:00+00:00, run_after=2024-02-19T00:00:00+00:00
[2024-02-19T12:36:49.863+0000] {processor.py:175} INFO - Processing /home/airflow/.local/lib/python3.7/site-packages/airflow/example_dags/example_bash_operator.py took 0.064 seconds
[2024-02-19T12:37:20.262+0000] {processor.py:153} INFO - Started process (PID=3201) to work on /home/airflow/.local/lib/python3.7/site-packages/airflow/example_dags/example_bash_operator.py
[2024-02-19T12:37:20.263+0000] {processor.py:743} INFO - Processing file /home/airflow/.local/lib/python3.7/site-packages/airflow/example_dags/example_bash_operator.py for tasks to queue
[2024-02-19T12:37:20.263+0000] {logging_mixin.py:137} INFO - [2024-02-19T12:37:20.263+0000] {dagbag.py:538} INFO - Filling up the DagBag from /home/airflow/.local/lib/python3.7/site-packages/airflow/example_dags/example_bash_operator.py
[2024-02-19T12:37:20.275+0000] {processor.py:753} INFO - DAG(s) dict_keys(['example_bash_operator']) retrieved from /home/airflow/.local/lib/python3.7/site-packages/airflow/example_dags/example_bash_operator.py
[2024-02-19T12:37:20.298+0000] {logging_mixin.py:137} INFO - [2024-02-19T12:37:20.298+0000] {dag.py:2690} INFO - Sync 1 DAGs
[2024-02-19T12:37:20.313+0000] {logging_mixin.py:137} INFO - [2024-02-19T12:37:20.313+0000] {dag.py:3441} INFO - Setting next_dagrun for example_bash_operator to 2024-02-18T00:00:00+00:00, run_after=2024-02-19T00:00:00+00:00
[2024-02-19T12:37:20.323+0000] {processor.py:175} INFO - Processing /home/airflow/.local/lib/python3.7/site-packages/airflow/example_dags/example_bash_operator.py took 0.063 seconds
[2024-02-19T12:37:50.719+0000] {processor.py:153} INFO - Started process (PID=3304) to work on /home/airflow/.local/lib/python3.7/site-packages/airflow/example_dags/example_bash_operator.py
[2024-02-19T12:37:50.720+0000] {processor.py:743} INFO - Processing file /home/airflow/.local/lib/python3.7/site-packages/airflow/example_dags/example_bash_operator.py for tasks to queue
[2024-02-19T12:37:50.720+0000] {logging_mixin.py:137} INFO - [2024-02-19T12:37:50.720+0000] {dagbag.py:538} INFO - Filling up the DagBag from /home/airflow/.local/lib/python3.7/site-packages/airflow/example_dags/example_bash_operator.py
[2024-02-19T12:37:50.733+0000] {processor.py:753} INFO - DAG(s) dict_keys(['example_bash_operator']) retrieved from /home/airflow/.local/lib/python3.7/site-packages/airflow/example_dags/example_bash_operator.py
[2024-02-19T12:37:50.755+0000] {logging_mixin.py:137} INFO - [2024-02-19T12:37:50.755+0000] {dag.py:2690} INFO - Sync 1 DAGs
[2024-02-19T12:37:50.771+0000] {logging_mixin.py:137} INFO - [2024-02-19T12:37:50.771+0000] {dag.py:3441} INFO - Setting next_dagrun for example_bash_operator to 2024-02-18T00:00:00+00:00, run_after=2024-02-19T00:00:00+00:00
[2024-02-19T12:37:50.781+0000] {processor.py:175} INFO - Processing /home/airflow/.local/lib/python3.7/site-packages/airflow/example_dags/example_bash_operator.py took 0.064 seconds
[2024-02-19T12:38:21.297+0000] {processor.py:153} INFO - Started process (PID=3439) to work on /home/airflow/.local/lib/python3.7/site-packages/airflow/example_dags/example_bash_operator.py
[2024-02-19T12:38:21.298+0000] {processor.py:743} INFO - Processing file /home/airflow/.local/lib/python3.7/site-packages/airflow/example_dags/example_bash_operator.py for tasks to queue
[2024-02-19T12:38:21.298+0000] {logging_mixin.py:137} INFO - [2024-02-19T12:38:21.298+0000] {dagbag.py:538} INFO - Filling up the DagBag from /home/airflow/.local/lib/python3.7/site-packages/airflow/example_dags/example_bash_operator.py
[2024-02-19T12:38:21.310+0000] {processor.py:753} INFO - DAG(s) dict_keys(['example_bash_operator']) retrieved from /home/airflow/.local/lib/python3.7/site-packages/airflow/example_dags/example_bash_operator.py
[2024-02-19T12:38:21.333+0000] {logging_mixin.py:137} INFO - [2024-02-19T12:38:21.332+0000] {dag.py:2690} INFO - Sync 1 DAGs
[2024-02-19T12:38:21.348+0000] {logging_mixin.py:137} INFO - [2024-02-19T12:38:21.348+0000] {dag.py:3441} INFO - Setting next_dagrun for example_bash_operator to 2024-02-18T00:00:00+00:00, run_after=2024-02-19T00:00:00+00:00
[2024-02-19T12:38:21.358+0000] {processor.py:175} INFO - Processing /home/airflow/.local/lib/python3.7/site-packages/airflow/example_dags/example_bash_operator.py took 0.063 seconds
[2024-02-19T12:38:51.888+0000] {processor.py:153} INFO - Started process (PID=3574) to work on /home/airflow/.local/lib/python3.7/site-packages/airflow/example_dags/example_bash_operator.py
[2024-02-19T12:38:51.889+0000] {processor.py:743} INFO - Processing file /home/airflow/.local/lib/python3.7/site-packages/airflow/example_dags/example_bash_operator.py for tasks to queue
[2024-02-19T12:38:51.889+0000] {logging_mixin.py:137} INFO - [2024-02-19T12:38:51.889+0000] {dagbag.py:538} INFO - Filling up the DagBag from /home/airflow/.local/lib/python3.7/site-packages/airflow/example_dags/example_bash_operator.py
[2024-02-19T12:38:51.901+0000] {processor.py:753} INFO - DAG(s) dict_keys(['example_bash_operator']) retrieved from /home/airflow/.local/lib/python3.7/site-packages/airflow/example_dags/example_bash_operator.py
[2024-02-19T12:38:51.924+0000] {logging_mixin.py:137} INFO - [2024-02-19T12:38:51.924+0000] {dag.py:2690} INFO - Sync 1 DAGs
[2024-02-19T12:38:51.939+0000] {logging_mixin.py:137} INFO - [2024-02-19T12:38:51.939+0000] {dag.py:3441} INFO - Setting next_dagrun for example_bash_operator to 2024-02-18T00:00:00+00:00, run_after=2024-02-19T00:00:00+00:00
[2024-02-19T12:38:51.950+0000] {processor.py:175} INFO - Processing /home/airflow/.local/lib/python3.7/site-packages/airflow/example_dags/example_bash_operator.py took 0.064 seconds
[2024-02-19T12:39:22.377+0000] {processor.py:153} INFO - Started process (PID=3677) to work on /home/airflow/.local/lib/python3.7/site-packages/airflow/example_dags/example_bash_operator.py
[2024-02-19T12:39:22.378+0000] {processor.py:743} INFO - Processing file /home/airflow/.local/lib/python3.7/site-packages/airflow/example_dags/example_bash_operator.py for tasks to queue
[2024-02-19T12:39:22.378+0000] {logging_mixin.py:137} INFO - [2024-02-19T12:39:22.378+0000] {dagbag.py:538} INFO - Filling up the DagBag from /home/airflow/.local/lib/python3.7/site-packages/airflow/example_dags/example_bash_operator.py
[2024-02-19T12:39:22.391+0000] {processor.py:753} INFO - DAG(s) dict_keys(['example_bash_operator']) retrieved from /home/airflow/.local/lib/python3.7/site-packages/airflow/example_dags/example_bash_operator.py
[2024-02-19T12:39:22.413+0000] {logging_mixin.py:137} INFO - [2024-02-19T12:39:22.413+0000] {dag.py:2690} INFO - Sync 1 DAGs
[2024-02-19T12:39:22.428+0000] {logging_mixin.py:137} INFO - [2024-02-19T12:39:22.428+0000] {dag.py:3441} INFO - Setting next_dagrun for example_bash_operator to 2024-02-18T00:00:00+00:00, run_after=2024-02-19T00:00:00+00:00
[2024-02-19T12:39:22.438+0000] {processor.py:175} INFO - Processing /home/airflow/.local/lib/python3.7/site-packages/airflow/example_dags/example_bash_operator.py took 0.063 seconds
[2024-02-19T12:39:52.920+0000] {processor.py:153} INFO - Started process (PID=3812) to work on /home/airflow/.local/lib/python3.7/site-packages/airflow/example_dags/example_bash_operator.py
[2024-02-19T12:39:52.920+0000] {processor.py:743} INFO - Processing file /home/airflow/.local/lib/python3.7/site-packages/airflow/example_dags/example_bash_operator.py for tasks to queue
[2024-02-19T12:39:52.921+0000] {logging_mixin.py:137} INFO - [2024-02-19T12:39:52.921+0000] {dagbag.py:538} INFO - Filling up the DagBag from /home/airflow/.local/lib/python3.7/site-packages/airflow/example_dags/example_bash_operator.py
[2024-02-19T12:39:52.933+0000] {processor.py:753} INFO - DAG(s) dict_keys(['example_bash_operator']) retrieved from /home/airflow/.local/lib/python3.7/site-packages/airflow/example_dags/example_bash_operator.py
[2024-02-19T12:39:52.956+0000] {logging_mixin.py:137} INFO - [2024-02-19T12:39:52.955+0000] {dag.py:2690} INFO - Sync 1 DAGs
[2024-02-19T12:39:52.972+0000] {logging_mixin.py:137} INFO - [2024-02-19T12:39:52.972+0000] {dag.py:3441} INFO - Setting next_dagrun for example_bash_operator to 2024-02-18T00:00:00+00:00, run_after=2024-02-19T00:00:00+00:00
[2024-02-19T12:39:52.982+0000] {processor.py:175} INFO - Processing /home/airflow/.local/lib/python3.7/site-packages/airflow/example_dags/example_bash_operator.py took 0.065 seconds
[2024-02-19T12:40:23.422+0000] {processor.py:153} INFO - Started process (PID=3947) to work on /home/airflow/.local/lib/python3.7/site-packages/airflow/example_dags/example_bash_operator.py
[2024-02-19T12:40:23.423+0000] {processor.py:743} INFO - Processing file /home/airflow/.local/lib/python3.7/site-packages/airflow/example_dags/example_bash_operator.py for tasks to queue
[2024-02-19T12:40:23.423+0000] {logging_mixin.py:137} INFO - [2024-02-19T12:40:23.423+0000] {dagbag.py:538} INFO - Filling up the DagBag from /home/airflow/.local/lib/python3.7/site-packages/airflow/example_dags/example_bash_operator.py
[2024-02-19T12:40:23.435+0000] {processor.py:753} INFO - DAG(s) dict_keys(['example_bash_operator']) retrieved from /home/airflow/.local/lib/python3.7/site-packages/airflow/example_dags/example_bash_operator.py
[2024-02-19T12:40:23.457+0000] {logging_mixin.py:137} INFO - [2024-02-19T12:40:23.457+0000] {dag.py:2690} INFO - Sync 1 DAGs
[2024-02-19T12:40:23.473+0000] {logging_mixin.py:137} INFO - [2024-02-19T12:40:23.473+0000] {dag.py:3441} INFO - Setting next_dagrun for example_bash_operator to 2024-02-18T00:00:00+00:00, run_after=2024-02-19T00:00:00+00:00
[2024-02-19T12:40:23.483+0000] {processor.py:175} INFO - Processing /home/airflow/.local/lib/python3.7/site-packages/airflow/example_dags/example_bash_operator.py took 0.063 seconds
[2024-02-19T12:40:53.881+0000] {processor.py:153} INFO - Started process (PID=4051) to work on /home/airflow/.local/lib/python3.7/site-packages/airflow/example_dags/example_bash_operator.py
[2024-02-19T12:40:53.881+0000] {processor.py:743} INFO - Processing file /home/airflow/.local/lib/python3.7/site-packages/airflow/example_dags/example_bash_operator.py for tasks to queue
[2024-02-19T12:40:53.882+0000] {logging_mixin.py:137} INFO - [2024-02-19T12:40:53.882+0000] {dagbag.py:538} INFO - Filling up the DagBag from /home/airflow/.local/lib/python3.7/site-packages/airflow/example_dags/example_bash_operator.py
[2024-02-19T12:40:53.894+0000] {processor.py:753} INFO - DAG(s) dict_keys(['example_bash_operator']) retrieved from /home/airflow/.local/lib/python3.7/site-packages/airflow/example_dags/example_bash_operator.py
[2024-02-19T12:40:53.916+0000] {logging_mixin.py:137} INFO - [2024-02-19T12:40:53.916+0000] {dag.py:2690} INFO - Sync 1 DAGs
[2024-02-19T12:40:53.931+0000] {logging_mixin.py:137} INFO - [2024-02-19T12:40:53.931+0000] {dag.py:3441} INFO - Setting next_dagrun for example_bash_operator to 2024-02-18T00:00:00+00:00, run_after=2024-02-19T00:00:00+00:00
[2024-02-19T12:40:53.942+0000] {processor.py:175} INFO - Processing /home/airflow/.local/lib/python3.7/site-packages/airflow/example_dags/example_bash_operator.py took 0.063 seconds
[2024-02-19T12:41:24.288+0000] {processor.py:153} INFO - Started process (PID=4186) to work on /home/airflow/.local/lib/python3.7/site-packages/airflow/example_dags/example_bash_operator.py
[2024-02-19T12:41:24.289+0000] {processor.py:743} INFO - Processing file /home/airflow/.local/lib/python3.7/site-packages/airflow/example_dags/example_bash_operator.py for tasks to queue
[2024-02-19T12:41:24.289+0000] {logging_mixin.py:137} INFO - [2024-02-19T12:41:24.289+0000] {dagbag.py:538} INFO - Filling up the DagBag from /home/airflow/.local/lib/python3.7/site-packages/airflow/example_dags/example_bash_operator.py
[2024-02-19T12:41:24.301+0000] {processor.py:753} INFO - DAG(s) dict_keys(['example_bash_operator']) retrieved from /home/airflow/.local/lib/python3.7/site-packages/airflow/example_dags/example_bash_operator.py
[2024-02-19T12:41:24.323+0000] {logging_mixin.py:137} INFO - [2024-02-19T12:41:24.323+0000] {dag.py:2690} INFO - Sync 1 DAGs
[2024-02-19T12:41:24.338+0000] {logging_mixin.py:137} INFO - [2024-02-19T12:41:24.338+0000] {dag.py:3441} INFO - Setting next_dagrun for example_bash_operator to 2024-02-18T00:00:00+00:00, run_after=2024-02-19T00:00:00+00:00
[2024-02-19T12:41:24.349+0000] {processor.py:175} INFO - Processing /home/airflow/.local/lib/python3.7/site-packages/airflow/example_dags/example_bash_operator.py took 0.062 seconds
[2024-02-19T12:41:55.068+0000] {processor.py:153} INFO - Started process (PID=4321) to work on /home/airflow/.local/lib/python3.7/site-packages/airflow/example_dags/example_bash_operator.py
[2024-02-19T12:41:55.068+0000] {processor.py:743} INFO - Processing file /home/airflow/.local/lib/python3.7/site-packages/airflow/example_dags/example_bash_operator.py for tasks to queue
[2024-02-19T12:41:55.069+0000] {logging_mixin.py:137} INFO - [2024-02-19T12:41:55.069+0000] {dagbag.py:538} INFO - Filling up the DagBag from /home/airflow/.local/lib/python3.7/site-packages/airflow/example_dags/example_bash_operator.py
[2024-02-19T12:41:55.085+0000] {processor.py:753} INFO - DAG(s) dict_keys(['example_bash_operator']) retrieved from /home/airflow/.local/lib/python3.7/site-packages/airflow/example_dags/example_bash_operator.py
[2024-02-19T12:41:55.110+0000] {logging_mixin.py:137} INFO - [2024-02-19T12:41:55.110+0000] {dag.py:2690} INFO - Sync 1 DAGs
[2024-02-19T12:41:55.127+0000] {logging_mixin.py:137} INFO - [2024-02-19T12:41:55.127+0000] {dag.py:3441} INFO - Setting next_dagrun for example_bash_operator to 2024-02-18T00:00:00+00:00, run_after=2024-02-19T00:00:00+00:00
[2024-02-19T12:41:55.139+0000] {processor.py:175} INFO - Processing /home/airflow/.local/lib/python3.7/site-packages/airflow/example_dags/example_bash_operator.py took 0.073 seconds
[2024-02-19T12:42:25.561+0000] {processor.py:153} INFO - Started process (PID=4424) to work on /home/airflow/.local/lib/python3.7/site-packages/airflow/example_dags/example_bash_operator.py
[2024-02-19T12:42:25.562+0000] {processor.py:743} INFO - Processing file /home/airflow/.local/lib/python3.7/site-packages/airflow/example_dags/example_bash_operator.py for tasks to queue
[2024-02-19T12:42:25.562+0000] {logging_mixin.py:137} INFO - [2024-02-19T12:42:25.562+0000] {dagbag.py:538} INFO - Filling up the DagBag from /home/airflow/.local/lib/python3.7/site-packages/airflow/example_dags/example_bash_operator.py
[2024-02-19T12:42:25.574+0000] {processor.py:753} INFO - DAG(s) dict_keys(['example_bash_operator']) retrieved from /home/airflow/.local/lib/python3.7/site-packages/airflow/example_dags/example_bash_operator.py
[2024-02-19T12:42:25.596+0000] {logging_mixin.py:137} INFO - [2024-02-19T12:42:25.596+0000] {dag.py:2690} INFO - Sync 1 DAGs
[2024-02-19T12:42:25.611+0000] {logging_mixin.py:137} INFO - [2024-02-19T12:42:25.611+0000] {dag.py:3441} INFO - Setting next_dagrun for example_bash_operator to 2024-02-18T00:00:00+00:00, run_after=2024-02-19T00:00:00+00:00
[2024-02-19T12:42:25.621+0000] {processor.py:175} INFO - Processing /home/airflow/.local/lib/python3.7/site-packages/airflow/example_dags/example_bash_operator.py took 0.062 seconds
[2024-02-19T12:42:56.078+0000] {processor.py:153} INFO - Started process (PID=4559) to work on /home/airflow/.local/lib/python3.7/site-packages/airflow/example_dags/example_bash_operator.py
[2024-02-19T12:42:56.079+0000] {processor.py:743} INFO - Processing file /home/airflow/.local/lib/python3.7/site-packages/airflow/example_dags/example_bash_operator.py for tasks to queue
[2024-02-19T12:42:56.079+0000] {logging_mixin.py:137} INFO - [2024-02-19T12:42:56.079+0000] {dagbag.py:538} INFO - Filling up the DagBag from /home/airflow/.local/lib/python3.7/site-packages/airflow/example_dags/example_bash_operator.py
[2024-02-19T12:42:56.091+0000] {processor.py:753} INFO - DAG(s) dict_keys(['example_bash_operator']) retrieved from /home/airflow/.local/lib/python3.7/site-packages/airflow/example_dags/example_bash_operator.py
[2024-02-19T12:42:56.113+0000] {logging_mixin.py:137} INFO - [2024-02-19T12:42:56.113+0000] {dag.py:2690} INFO - Sync 1 DAGs
[2024-02-19T12:42:56.128+0000] {logging_mixin.py:137} INFO - [2024-02-19T12:42:56.128+0000] {dag.py:3441} INFO - Setting next_dagrun for example_bash_operator to 2024-02-18T00:00:00+00:00, run_after=2024-02-19T00:00:00+00:00
[2024-02-19T12:42:56.138+0000] {processor.py:175} INFO - Processing /home/airflow/.local/lib/python3.7/site-packages/airflow/example_dags/example_bash_operator.py took 0.062 seconds
[2024-02-19T12:43:26.879+0000] {processor.py:153} INFO - Started process (PID=4694) to work on /home/airflow/.local/lib/python3.7/site-packages/airflow/example_dags/example_bash_operator.py
[2024-02-19T12:43:26.879+0000] {processor.py:743} INFO - Processing file /home/airflow/.local/lib/python3.7/site-packages/airflow/example_dags/example_bash_operator.py for tasks to queue
[2024-02-19T12:43:26.880+0000] {logging_mixin.py:137} INFO - [2024-02-19T12:43:26.880+0000] {dagbag.py:538} INFO - Filling up the DagBag from /home/airflow/.local/lib/python3.7/site-packages/airflow/example_dags/example_bash_operator.py
[2024-02-19T12:43:26.893+0000] {processor.py:753} INFO - DAG(s) dict_keys(['example_bash_operator']) retrieved from /home/airflow/.local/lib/python3.7/site-packages/airflow/example_dags/example_bash_operator.py
[2024-02-19T12:43:26.916+0000] {logging_mixin.py:137} INFO - [2024-02-19T12:43:26.915+0000] {dag.py:2690} INFO - Sync 1 DAGs
[2024-02-19T12:43:26.932+0000] {logging_mixin.py:137} INFO - [2024-02-19T12:43:26.932+0000] {dag.py:3441} INFO - Setting next_dagrun for example_bash_operator to 2024-02-18T00:00:00+00:00, run_after=2024-02-19T00:00:00+00:00
[2024-02-19T12:43:26.945+0000] {processor.py:175} INFO - Processing /home/airflow/.local/lib/python3.7/site-packages/airflow/example_dags/example_bash_operator.py took 0.068 seconds
[2024-02-19T12:43:57.345+0000] {processor.py:153} INFO - Started process (PID=4797) to work on /home/airflow/.local/lib/python3.7/site-packages/airflow/example_dags/example_bash_operator.py
[2024-02-19T12:43:57.345+0000] {processor.py:743} INFO - Processing file /home/airflow/.local/lib/python3.7/site-packages/airflow/example_dags/example_bash_operator.py for tasks to queue
[2024-02-19T12:43:57.346+0000] {logging_mixin.py:137} INFO - [2024-02-19T12:43:57.346+0000] {dagbag.py:538} INFO - Filling up the DagBag from /home/airflow/.local/lib/python3.7/site-packages/airflow/example_dags/example_bash_operator.py
[2024-02-19T12:43:57.358+0000] {processor.py:753} INFO - DAG(s) dict_keys(['example_bash_operator']) retrieved from /home/airflow/.local/lib/python3.7/site-packages/airflow/example_dags/example_bash_operator.py
[2024-02-19T12:43:57.379+0000] {logging_mixin.py:137} INFO - [2024-02-19T12:43:57.379+0000] {dag.py:2690} INFO - Sync 1 DAGs
[2024-02-19T12:43:57.395+0000] {logging_mixin.py:137} INFO - [2024-02-19T12:43:57.395+0000] {dag.py:3441} INFO - Setting next_dagrun for example_bash_operator to 2024-02-18T00:00:00+00:00, run_after=2024-02-19T00:00:00+00:00
[2024-02-19T12:43:57.406+0000] {processor.py:175} INFO - Processing /home/airflow/.local/lib/python3.7/site-packages/airflow/example_dags/example_bash_operator.py took 0.062 seconds
[2024-02-19T12:44:27.794+0000] {processor.py:153} INFO - Started process (PID=4931) to work on /home/airflow/.local/lib/python3.7/site-packages/airflow/example_dags/example_bash_operator.py
[2024-02-19T12:44:27.794+0000] {processor.py:743} INFO - Processing file /home/airflow/.local/lib/python3.7/site-packages/airflow/example_dags/example_bash_operator.py for tasks to queue
[2024-02-19T12:44:27.795+0000] {logging_mixin.py:137} INFO - [2024-02-19T12:44:27.795+0000] {dagbag.py:538} INFO - Filling up the DagBag from /home/airflow/.local/lib/python3.7/site-packages/airflow/example_dags/example_bash_operator.py
[2024-02-19T12:44:27.807+0000] {processor.py:753} INFO - DAG(s) dict_keys(['example_bash_operator']) retrieved from /home/airflow/.local/lib/python3.7/site-packages/airflow/example_dags/example_bash_operator.py
[2024-02-19T12:44:27.830+0000] {logging_mixin.py:137} INFO - [2024-02-19T12:44:27.830+0000] {dag.py:2690} INFO - Sync 1 DAGs
[2024-02-19T12:44:27.845+0000] {logging_mixin.py:137} INFO - [2024-02-19T12:44:27.845+0000] {dag.py:3441} INFO - Setting next_dagrun for example_bash_operator to 2024-02-18T00:00:00+00:00, run_after=2024-02-19T00:00:00+00:00
[2024-02-19T12:44:27.856+0000] {processor.py:175} INFO - Processing /home/airflow/.local/lib/python3.7/site-packages/airflow/example_dags/example_bash_operator.py took 0.064 seconds
[2024-02-19T12:44:58.588+0000] {processor.py:153} INFO - Started process (PID=5066) to work on /home/airflow/.local/lib/python3.7/site-packages/airflow/example_dags/example_bash_operator.py
[2024-02-19T12:44:58.589+0000] {processor.py:743} INFO - Processing file /home/airflow/.local/lib/python3.7/site-packages/airflow/example_dags/example_bash_operator.py for tasks to queue
[2024-02-19T12:44:58.589+0000] {logging_mixin.py:137} INFO - [2024-02-19T12:44:58.589+0000] {dagbag.py:538} INFO - Filling up the DagBag from /home/airflow/.local/lib/python3.7/site-packages/airflow/example_dags/example_bash_operator.py
[2024-02-19T12:44:58.602+0000] {processor.py:753} INFO - DAG(s) dict_keys(['example_bash_operator']) retrieved from /home/airflow/.local/lib/python3.7/site-packages/airflow/example_dags/example_bash_operator.py
[2024-02-19T12:44:58.626+0000] {logging_mixin.py:137} INFO - [2024-02-19T12:44:58.626+0000] {dag.py:2690} INFO - Sync 1 DAGs
[2024-02-19T12:44:58.645+0000] {logging_mixin.py:137} INFO - [2024-02-19T12:44:58.644+0000] {dag.py:3441} INFO - Setting next_dagrun for example_bash_operator to 2024-02-18T00:00:00+00:00, run_after=2024-02-19T00:00:00+00:00
[2024-02-19T12:44:58.657+0000] {processor.py:175} INFO - Processing /home/airflow/.local/lib/python3.7/site-packages/airflow/example_dags/example_bash_operator.py took 0.071 seconds
[2024-02-19T12:45:29.098+0000] {processor.py:153} INFO - Started process (PID=5169) to work on /home/airflow/.local/lib/python3.7/site-packages/airflow/example_dags/example_bash_operator.py
[2024-02-19T12:45:29.100+0000] {processor.py:743} INFO - Processing file /home/airflow/.local/lib/python3.7/site-packages/airflow/example_dags/example_bash_operator.py for tasks to queue
[2024-02-19T12:45:29.101+0000] {logging_mixin.py:137} INFO - [2024-02-19T12:45:29.100+0000] {dagbag.py:538} INFO - Filling up the DagBag from /home/airflow/.local/lib/python3.7/site-packages/airflow/example_dags/example_bash_operator.py
[2024-02-19T12:45:29.120+0000] {processor.py:753} INFO - DAG(s) dict_keys(['example_bash_operator']) retrieved from /home/airflow/.local/lib/python3.7/site-packages/airflow/example_dags/example_bash_operator.py
[2024-02-19T12:45:29.153+0000] {logging_mixin.py:137} INFO - [2024-02-19T12:45:29.153+0000] {dag.py:2690} INFO - Sync 1 DAGs
[2024-02-19T12:45:29.185+0000] {logging_mixin.py:137} INFO - [2024-02-19T12:45:29.185+0000] {dag.py:3441} INFO - Setting next_dagrun for example_bash_operator to 2024-02-18T00:00:00+00:00, run_after=2024-02-19T00:00:00+00:00
[2024-02-19T12:45:29.210+0000] {processor.py:175} INFO - Processing /home/airflow/.local/lib/python3.7/site-packages/airflow/example_dags/example_bash_operator.py took 0.114 seconds
[2024-02-19T12:45:59.597+0000] {processor.py:153} INFO - Started process (PID=5304) to work on /home/airflow/.local/lib/python3.7/site-packages/airflow/example_dags/example_bash_operator.py
[2024-02-19T12:45:59.598+0000] {processor.py:743} INFO - Processing file /home/airflow/.local/lib/python3.7/site-packages/airflow/example_dags/example_bash_operator.py for tasks to queue
[2024-02-19T12:45:59.598+0000] {logging_mixin.py:137} INFO - [2024-02-19T12:45:59.598+0000] {dagbag.py:538} INFO - Filling up the DagBag from /home/airflow/.local/lib/python3.7/site-packages/airflow/example_dags/example_bash_operator.py
[2024-02-19T12:45:59.610+0000] {processor.py:753} INFO - DAG(s) dict_keys(['example_bash_operator']) retrieved from /home/airflow/.local/lib/python3.7/site-packages/airflow/example_dags/example_bash_operator.py
[2024-02-19T12:45:59.633+0000] {logging_mixin.py:137} INFO - [2024-02-19T12:45:59.632+0000] {dag.py:2690} INFO - Sync 1 DAGs
[2024-02-19T12:45:59.648+0000] {logging_mixin.py:137} INFO - [2024-02-19T12:45:59.648+0000] {dag.py:3441} INFO - Setting next_dagrun for example_bash_operator to 2024-02-18T00:00:00+00:00, run_after=2024-02-19T00:00:00+00:00
[2024-02-19T12:45:59.659+0000] {processor.py:175} INFO - Processing /home/airflow/.local/lib/python3.7/site-packages/airflow/example_dags/example_bash_operator.py took 0.064 seconds
[2024-02-19T12:46:30.306+0000] {processor.py:153} INFO - Started process (PID=5439) to work on /home/airflow/.local/lib/python3.7/site-packages/airflow/example_dags/example_bash_operator.py
[2024-02-19T12:46:30.307+0000] {processor.py:743} INFO - Processing file /home/airflow/.local/lib/python3.7/site-packages/airflow/example_dags/example_bash_operator.py for tasks to queue
[2024-02-19T12:46:30.307+0000] {logging_mixin.py:137} INFO - [2024-02-19T12:46:30.307+0000] {dagbag.py:538} INFO - Filling up the DagBag from /home/airflow/.local/lib/python3.7/site-packages/airflow/example_dags/example_bash_operator.py
[2024-02-19T12:46:30.320+0000] {processor.py:753} INFO - DAG(s) dict_keys(['example_bash_operator']) retrieved from /home/airflow/.local/lib/python3.7/site-packages/airflow/example_dags/example_bash_operator.py
[2024-02-19T12:46:30.343+0000] {logging_mixin.py:137} INFO - [2024-02-19T12:46:30.343+0000] {dag.py:2690} INFO - Sync 1 DAGs
[2024-02-19T12:46:30.360+0000] {logging_mixin.py:137} INFO - [2024-02-19T12:46:30.360+0000] {dag.py:3441} INFO - Setting next_dagrun for example_bash_operator to 2024-02-18T00:00:00+00:00, run_after=2024-02-19T00:00:00+00:00
[2024-02-19T12:46:30.373+0000] {processor.py:175} INFO - Processing /home/airflow/.local/lib/python3.7/site-packages/airflow/example_dags/example_bash_operator.py took 0.069 seconds
[2024-02-19T12:47:00.791+0000] {processor.py:153} INFO - Started process (PID=5542) to work on /home/airflow/.local/lib/python3.7/site-packages/airflow/example_dags/example_bash_operator.py
[2024-02-19T12:47:00.791+0000] {processor.py:743} INFO - Processing file /home/airflow/.local/lib/python3.7/site-packages/airflow/example_dags/example_bash_operator.py for tasks to queue
[2024-02-19T12:47:00.792+0000] {logging_mixin.py:137} INFO - [2024-02-19T12:47:00.792+0000] {dagbag.py:538} INFO - Filling up the DagBag from /home/airflow/.local/lib/python3.7/site-packages/airflow/example_dags/example_bash_operator.py
[2024-02-19T12:47:00.805+0000] {processor.py:753} INFO - DAG(s) dict_keys(['example_bash_operator']) retrieved from /home/airflow/.local/lib/python3.7/site-packages/airflow/example_dags/example_bash_operator.py
[2024-02-19T12:47:00.827+0000] {logging_mixin.py:137} INFO - [2024-02-19T12:47:00.827+0000] {dag.py:2690} INFO - Sync 1 DAGs
[2024-02-19T12:47:00.844+0000] {logging_mixin.py:137} INFO - [2024-02-19T12:47:00.844+0000] {dag.py:3441} INFO - Setting next_dagrun for example_bash_operator to 2024-02-18T00:00:00+00:00, run_after=2024-02-19T00:00:00+00:00
[2024-02-19T12:47:00.854+0000] {processor.py:175} INFO - Processing /home/airflow/.local/lib/python3.7/site-packages/airflow/example_dags/example_bash_operator.py took 0.065 seconds
[2024-02-19T12:47:31.243+0000] {processor.py:153} INFO - Started process (PID=5677) to work on /home/airflow/.local/lib/python3.7/site-packages/airflow/example_dags/example_bash_operator.py
[2024-02-19T12:47:31.243+0000] {processor.py:743} INFO - Processing file /home/airflow/.local/lib/python3.7/site-packages/airflow/example_dags/example_bash_operator.py for tasks to queue
[2024-02-19T12:47:31.243+0000] {logging_mixin.py:137} INFO - [2024-02-19T12:47:31.243+0000] {dagbag.py:538} INFO - Filling up the DagBag from /home/airflow/.local/lib/python3.7/site-packages/airflow/example_dags/example_bash_operator.py
[2024-02-19T12:47:31.256+0000] {processor.py:753} INFO - DAG(s) dict_keys(['example_bash_operator']) retrieved from /home/airflow/.local/lib/python3.7/site-packages/airflow/example_dags/example_bash_operator.py
[2024-02-19T12:47:31.278+0000] {logging_mixin.py:137} INFO - [2024-02-19T12:47:31.278+0000] {dag.py:2690} INFO - Sync 1 DAGs
[2024-02-19T12:47:31.294+0000] {logging_mixin.py:137} INFO - [2024-02-19T12:47:31.294+0000] {dag.py:3441} INFO - Setting next_dagrun for example_bash_operator to 2024-02-18T00:00:00+00:00, run_after=2024-02-19T00:00:00+00:00
[2024-02-19T12:47:31.305+0000] {processor.py:175} INFO - Processing /home/airflow/.local/lib/python3.7/site-packages/airflow/example_dags/example_bash_operator.py took 0.064 seconds
[2024-02-19T12:48:01.860+0000] {processor.py:153} INFO - Started process (PID=5812) to work on /home/airflow/.local/lib/python3.7/site-packages/airflow/example_dags/example_bash_operator.py
[2024-02-19T12:48:01.861+0000] {processor.py:743} INFO - Processing file /home/airflow/.local/lib/python3.7/site-packages/airflow/example_dags/example_bash_operator.py for tasks to queue
[2024-02-19T12:48:01.861+0000] {logging_mixin.py:137} INFO - [2024-02-19T12:48:01.861+0000] {dagbag.py:538} INFO - Filling up the DagBag from /home/airflow/.local/lib/python3.7/site-packages/airflow/example_dags/example_bash_operator.py
[2024-02-19T12:48:01.874+0000] {processor.py:753} INFO - DAG(s) dict_keys(['example_bash_operator']) retrieved from /home/airflow/.local/lib/python3.7/site-packages/airflow/example_dags/example_bash_operator.py
[2024-02-19T12:48:01.899+0000] {logging_mixin.py:137} INFO - [2024-02-19T12:48:01.899+0000] {dag.py:2690} INFO - Sync 1 DAGs
[2024-02-19T12:48:01.916+0000] {logging_mixin.py:137} INFO - [2024-02-19T12:48:01.916+0000] {dag.py:3441} INFO - Setting next_dagrun for example_bash_operator to 2024-02-18T00:00:00+00:00, run_after=2024-02-19T00:00:00+00:00
[2024-02-19T12:48:01.927+0000] {processor.py:175} INFO - Processing /home/airflow/.local/lib/python3.7/site-packages/airflow/example_dags/example_bash_operator.py took 0.069 seconds
[2024-02-19T12:48:32.414+0000] {processor.py:153} INFO - Started process (PID=5915) to work on /home/airflow/.local/lib/python3.7/site-packages/airflow/example_dags/example_bash_operator.py
[2024-02-19T12:48:32.414+0000] {processor.py:743} INFO - Processing file /home/airflow/.local/lib/python3.7/site-packages/airflow/example_dags/example_bash_operator.py for tasks to queue
[2024-02-19T12:48:32.414+0000] {logging_mixin.py:137} INFO - [2024-02-19T12:48:32.414+0000] {dagbag.py:538} INFO - Filling up the DagBag from /home/airflow/.local/lib/python3.7/site-packages/airflow/example_dags/example_bash_operator.py
[2024-02-19T12:48:32.427+0000] {processor.py:753} INFO - DAG(s) dict_keys(['example_bash_operator']) retrieved from /home/airflow/.local/lib/python3.7/site-packages/airflow/example_dags/example_bash_operator.py
[2024-02-19T12:48:32.449+0000] {logging_mixin.py:137} INFO - [2024-02-19T12:48:32.449+0000] {dag.py:2690} INFO - Sync 1 DAGs
[2024-02-19T12:48:32.464+0000] {logging_mixin.py:137} INFO - [2024-02-19T12:48:32.464+0000] {dag.py:3441} INFO - Setting next_dagrun for example_bash_operator to 2024-02-18T00:00:00+00:00, run_after=2024-02-19T00:00:00+00:00
[2024-02-19T12:48:32.476+0000] {processor.py:175} INFO - Processing /home/airflow/.local/lib/python3.7/site-packages/airflow/example_dags/example_bash_operator.py took 0.064 seconds
[2024-02-19T12:49:03.017+0000] {processor.py:153} INFO - Started process (PID=6050) to work on /home/airflow/.local/lib/python3.7/site-packages/airflow/example_dags/example_bash_operator.py
[2024-02-19T12:49:03.017+0000] {processor.py:743} INFO - Processing file /home/airflow/.local/lib/python3.7/site-packages/airflow/example_dags/example_bash_operator.py for tasks to queue
[2024-02-19T12:49:03.018+0000] {logging_mixin.py:137} INFO - [2024-02-19T12:49:03.018+0000] {dagbag.py:538} INFO - Filling up the DagBag from /home/airflow/.local/lib/python3.7/site-packages/airflow/example_dags/example_bash_operator.py
[2024-02-19T12:49:03.030+0000] {processor.py:753} INFO - DAG(s) dict_keys(['example_bash_operator']) retrieved from /home/airflow/.local/lib/python3.7/site-packages/airflow/example_dags/example_bash_operator.py
[2024-02-19T12:49:03.053+0000] {logging_mixin.py:137} INFO - [2024-02-19T12:49:03.053+0000] {dag.py:2690} INFO - Sync 1 DAGs
[2024-02-19T12:49:03.069+0000] {logging_mixin.py:137} INFO - [2024-02-19T12:49:03.069+0000] {dag.py:3441} INFO - Setting next_dagrun for example_bash_operator to 2024-02-18T00:00:00+00:00, run_after=2024-02-19T00:00:00+00:00
[2024-02-19T12:49:03.079+0000] {processor.py:175} INFO - Processing /home/airflow/.local/lib/python3.7/site-packages/airflow/example_dags/example_bash_operator.py took 0.064 seconds
[2024-02-19T12:49:33.724+0000] {processor.py:153} INFO - Started process (PID=6185) to work on /home/airflow/.local/lib/python3.7/site-packages/airflow/example_dags/example_bash_operator.py
[2024-02-19T12:49:33.724+0000] {processor.py:743} INFO - Processing file /home/airflow/.local/lib/python3.7/site-packages/airflow/example_dags/example_bash_operator.py for tasks to queue
[2024-02-19T12:49:33.725+0000] {logging_mixin.py:137} INFO - [2024-02-19T12:49:33.725+0000] {dagbag.py:538} INFO - Filling up the DagBag from /home/airflow/.local/lib/python3.7/site-packages/airflow/example_dags/example_bash_operator.py
[2024-02-19T12:49:33.738+0000] {processor.py:753} INFO - DAG(s) dict_keys(['example_bash_operator']) retrieved from /home/airflow/.local/lib/python3.7/site-packages/airflow/example_dags/example_bash_operator.py
[2024-02-19T12:49:33.764+0000] {logging_mixin.py:137} INFO - [2024-02-19T12:49:33.764+0000] {dag.py:2690} INFO - Sync 1 DAGs
[2024-02-19T12:49:33.782+0000] {logging_mixin.py:137} INFO - [2024-02-19T12:49:33.782+0000] {dag.py:3441} INFO - Setting next_dagrun for example_bash_operator to 2024-02-18T00:00:00+00:00, run_after=2024-02-19T00:00:00+00:00
[2024-02-19T12:49:33.797+0000] {processor.py:175} INFO - Processing /home/airflow/.local/lib/python3.7/site-packages/airflow/example_dags/example_bash_operator.py took 0.075 seconds
[2024-02-19T12:50:04.343+0000] {processor.py:153} INFO - Started process (PID=6289) to work on /home/airflow/.local/lib/python3.7/site-packages/airflow/example_dags/example_bash_operator.py
[2024-02-19T12:50:04.343+0000] {processor.py:743} INFO - Processing file /home/airflow/.local/lib/python3.7/site-packages/airflow/example_dags/example_bash_operator.py for tasks to queue
[2024-02-19T12:50:04.344+0000] {logging_mixin.py:137} INFO - [2024-02-19T12:50:04.344+0000] {dagbag.py:538} INFO - Filling up the DagBag from /home/airflow/.local/lib/python3.7/site-packages/airflow/example_dags/example_bash_operator.py
[2024-02-19T12:50:04.356+0000] {processor.py:753} INFO - DAG(s) dict_keys(['example_bash_operator']) retrieved from /home/airflow/.local/lib/python3.7/site-packages/airflow/example_dags/example_bash_operator.py
[2024-02-19T12:50:04.378+0000] {logging_mixin.py:137} INFO - [2024-02-19T12:50:04.378+0000] {dag.py:2690} INFO - Sync 1 DAGs
[2024-02-19T12:50:04.393+0000] {logging_mixin.py:137} INFO - [2024-02-19T12:50:04.393+0000] {dag.py:3441} INFO - Setting next_dagrun for example_bash_operator to 2024-02-18T00:00:00+00:00, run_after=2024-02-19T00:00:00+00:00
[2024-02-19T12:50:04.404+0000] {processor.py:175} INFO - Processing /home/airflow/.local/lib/python3.7/site-packages/airflow/example_dags/example_bash_operator.py took 0.063 seconds
[2024-02-19T12:50:34.744+0000] {processor.py:153} INFO - Started process (PID=6423) to work on /home/airflow/.local/lib/python3.7/site-packages/airflow/example_dags/example_bash_operator.py
[2024-02-19T12:50:34.744+0000] {processor.py:743} INFO - Processing file /home/airflow/.local/lib/python3.7/site-packages/airflow/example_dags/example_bash_operator.py for tasks to queue
[2024-02-19T12:50:34.745+0000] {logging_mixin.py:137} INFO - [2024-02-19T12:50:34.744+0000] {dagbag.py:538} INFO - Filling up the DagBag from /home/airflow/.local/lib/python3.7/site-packages/airflow/example_dags/example_bash_operator.py
[2024-02-19T12:50:34.756+0000] {processor.py:753} INFO - DAG(s) dict_keys(['example_bash_operator']) retrieved from /home/airflow/.local/lib/python3.7/site-packages/airflow/example_dags/example_bash_operator.py
[2024-02-19T12:50:34.779+0000] {logging_mixin.py:137} INFO - [2024-02-19T12:50:34.779+0000] {dag.py:2690} INFO - Sync 1 DAGs
[2024-02-19T12:50:34.796+0000] {logging_mixin.py:137} INFO - [2024-02-19T12:50:34.796+0000] {dag.py:3441} INFO - Setting next_dagrun for example_bash_operator to 2024-02-18T00:00:00+00:00, run_after=2024-02-19T00:00:00+00:00
[2024-02-19T12:50:34.809+0000] {processor.py:175} INFO - Processing /home/airflow/.local/lib/python3.7/site-packages/airflow/example_dags/example_bash_operator.py took 0.067 seconds
[2024-02-19T12:51:05.388+0000] {processor.py:153} INFO - Started process (PID=6532) to work on /home/airflow/.local/lib/python3.7/site-packages/airflow/example_dags/example_bash_operator.py
[2024-02-19T12:51:05.389+0000] {processor.py:743} INFO - Processing file /home/airflow/.local/lib/python3.7/site-packages/airflow/example_dags/example_bash_operator.py for tasks to queue
[2024-02-19T12:51:05.390+0000] {logging_mixin.py:137} INFO - [2024-02-19T12:51:05.390+0000] {dagbag.py:538} INFO - Filling up the DagBag from /home/airflow/.local/lib/python3.7/site-packages/airflow/example_dags/example_bash_operator.py
[2024-02-19T12:51:05.407+0000] {processor.py:753} INFO - DAG(s) dict_keys(['example_bash_operator']) retrieved from /home/airflow/.local/lib/python3.7/site-packages/airflow/example_dags/example_bash_operator.py
[2024-02-19T12:51:05.439+0000] {logging_mixin.py:137} INFO - [2024-02-19T12:51:05.439+0000] {dag.py:2690} INFO - Sync 1 DAGs
[2024-02-19T12:51:05.462+0000] {logging_mixin.py:137} INFO - [2024-02-19T12:51:05.462+0000] {dag.py:3441} INFO - Setting next_dagrun for example_bash_operator to 2024-02-18T00:00:00+00:00, run_after=2024-02-19T00:00:00+00:00
[2024-02-19T12:51:05.479+0000] {processor.py:175} INFO - Processing /home/airflow/.local/lib/python3.7/site-packages/airflow/example_dags/example_bash_operator.py took 0.093 seconds
[2024-02-19T12:51:36.183+0000] {processor.py:153} INFO - Started process (PID=6660) to work on /home/airflow/.local/lib/python3.7/site-packages/airflow/example_dags/example_bash_operator.py
[2024-02-19T12:51:36.184+0000] {processor.py:743} INFO - Processing file /home/airflow/.local/lib/python3.7/site-packages/airflow/example_dags/example_bash_operator.py for tasks to queue
[2024-02-19T12:51:36.184+0000] {logging_mixin.py:137} INFO - [2024-02-19T12:51:36.184+0000] {dagbag.py:538} INFO - Filling up the DagBag from /home/airflow/.local/lib/python3.7/site-packages/airflow/example_dags/example_bash_operator.py
[2024-02-19T12:51:36.199+0000] {processor.py:753} INFO - DAG(s) dict_keys(['example_bash_operator']) retrieved from /home/airflow/.local/lib/python3.7/site-packages/airflow/example_dags/example_bash_operator.py
[2024-02-19T12:51:36.228+0000] {logging_mixin.py:137} INFO - [2024-02-19T12:51:36.228+0000] {dag.py:2690} INFO - Sync 1 DAGs
[2024-02-19T12:51:36.251+0000] {logging_mixin.py:137} INFO - [2024-02-19T12:51:36.250+0000] {dag.py:3441} INFO - Setting next_dagrun for example_bash_operator to 2024-02-18T00:00:00+00:00, run_after=2024-02-19T00:00:00+00:00
[2024-02-19T12:51:36.267+0000] {processor.py:175} INFO - Processing /home/airflow/.local/lib/python3.7/site-packages/airflow/example_dags/example_bash_operator.py took 0.086 seconds
[2024-02-19T12:52:07.428+0000] {processor.py:153} INFO - Started process (PID=6795) to work on /home/airflow/.local/lib/python3.7/site-packages/airflow/example_dags/example_bash_operator.py
[2024-02-19T12:52:07.429+0000] {processor.py:743} INFO - Processing file /home/airflow/.local/lib/python3.7/site-packages/airflow/example_dags/example_bash_operator.py for tasks to queue
[2024-02-19T12:52:07.430+0000] {logging_mixin.py:137} INFO - [2024-02-19T12:52:07.430+0000] {dagbag.py:538} INFO - Filling up the DagBag from /home/airflow/.local/lib/python3.7/site-packages/airflow/example_dags/example_bash_operator.py
[2024-02-19T12:52:07.461+0000] {processor.py:753} INFO - DAG(s) dict_keys(['example_bash_operator']) retrieved from /home/airflow/.local/lib/python3.7/site-packages/airflow/example_dags/example_bash_operator.py
[2024-02-19T12:52:07.506+0000] {logging_mixin.py:137} INFO - [2024-02-19T12:52:07.506+0000] {dag.py:2690} INFO - Sync 1 DAGs
[2024-02-19T12:52:07.535+0000] {logging_mixin.py:137} INFO - [2024-02-19T12:52:07.535+0000] {dag.py:3441} INFO - Setting next_dagrun for example_bash_operator to 2024-02-18T00:00:00+00:00, run_after=2024-02-19T00:00:00+00:00
[2024-02-19T12:52:07.556+0000] {processor.py:175} INFO - Processing /home/airflow/.local/lib/python3.7/site-packages/airflow/example_dags/example_bash_operator.py took 0.135 seconds
[2024-02-19T12:52:38.245+0000] {processor.py:153} INFO - Started process (PID=6898) to work on /home/airflow/.local/lib/python3.7/site-packages/airflow/example_dags/example_bash_operator.py
[2024-02-19T12:52:38.246+0000] {processor.py:743} INFO - Processing file /home/airflow/.local/lib/python3.7/site-packages/airflow/example_dags/example_bash_operator.py for tasks to queue
[2024-02-19T12:52:38.247+0000] {logging_mixin.py:137} INFO - [2024-02-19T12:52:38.247+0000] {dagbag.py:538} INFO - Filling up the DagBag from /home/airflow/.local/lib/python3.7/site-packages/airflow/example_dags/example_bash_operator.py
[2024-02-19T12:52:38.261+0000] {processor.py:753} INFO - DAG(s) dict_keys(['example_bash_operator']) retrieved from /home/airflow/.local/lib/python3.7/site-packages/airflow/example_dags/example_bash_operator.py
[2024-02-19T12:52:38.287+0000] {logging_mixin.py:137} INFO - [2024-02-19T12:52:38.287+0000] {dag.py:2690} INFO - Sync 1 DAGs
[2024-02-19T12:52:38.306+0000] {logging_mixin.py:137} INFO - [2024-02-19T12:52:38.305+0000] {dag.py:3441} INFO - Setting next_dagrun for example_bash_operator to 2024-02-18T00:00:00+00:00, run_after=2024-02-19T00:00:00+00:00
[2024-02-19T12:52:38.319+0000] {processor.py:175} INFO - Processing /home/airflow/.local/lib/python3.7/site-packages/airflow/example_dags/example_bash_operator.py took 0.075 seconds
[2024-02-19T12:53:09.186+0000] {processor.py:153} INFO - Started process (PID=7033) to work on /home/airflow/.local/lib/python3.7/site-packages/airflow/example_dags/example_bash_operator.py
[2024-02-19T12:53:09.187+0000] {processor.py:743} INFO - Processing file /home/airflow/.local/lib/python3.7/site-packages/airflow/example_dags/example_bash_operator.py for tasks to queue
[2024-02-19T12:53:09.187+0000] {logging_mixin.py:137} INFO - [2024-02-19T12:53:09.187+0000] {dagbag.py:538} INFO - Filling up the DagBag from /home/airflow/.local/lib/python3.7/site-packages/airflow/example_dags/example_bash_operator.py
[2024-02-19T12:53:09.200+0000] {processor.py:753} INFO - DAG(s) dict_keys(['example_bash_operator']) retrieved from /home/airflow/.local/lib/python3.7/site-packages/airflow/example_dags/example_bash_operator.py
[2024-02-19T12:53:09.225+0000] {logging_mixin.py:137} INFO - [2024-02-19T12:53:09.225+0000] {dag.py:2690} INFO - Sync 1 DAGs
[2024-02-19T12:53:09.244+0000] {logging_mixin.py:137} INFO - [2024-02-19T12:53:09.244+0000] {dag.py:3441} INFO - Setting next_dagrun for example_bash_operator to 2024-02-18T00:00:00+00:00, run_after=2024-02-19T00:00:00+00:00
[2024-02-19T12:53:09.257+0000] {processor.py:175} INFO - Processing /home/airflow/.local/lib/python3.7/site-packages/airflow/example_dags/example_bash_operator.py took 0.072 seconds
[2024-02-19T12:53:39.972+0000] {processor.py:153} INFO - Started process (PID=7169) to work on /home/airflow/.local/lib/python3.7/site-packages/airflow/example_dags/example_bash_operator.py
[2024-02-19T12:53:39.973+0000] {processor.py:743} INFO - Processing file /home/airflow/.local/lib/python3.7/site-packages/airflow/example_dags/example_bash_operator.py for tasks to queue
[2024-02-19T12:53:39.973+0000] {logging_mixin.py:137} INFO - [2024-02-19T12:53:39.973+0000] {dagbag.py:538} INFO - Filling up the DagBag from /home/airflow/.local/lib/python3.7/site-packages/airflow/example_dags/example_bash_operator.py
[2024-02-19T12:53:39.992+0000] {processor.py:753} INFO - DAG(s) dict_keys(['example_bash_operator']) retrieved from /home/airflow/.local/lib/python3.7/site-packages/airflow/example_dags/example_bash_operator.py
[2024-02-19T12:53:40.028+0000] {logging_mixin.py:137} INFO - [2024-02-19T12:53:40.028+0000] {dag.py:2690} INFO - Sync 1 DAGs
[2024-02-19T12:53:40.052+0000] {logging_mixin.py:137} INFO - [2024-02-19T12:53:40.052+0000] {dag.py:3441} INFO - Setting next_dagrun for example_bash_operator to 2024-02-18T00:00:00+00:00, run_after=2024-02-19T00:00:00+00:00
[2024-02-19T12:53:40.070+0000] {processor.py:175} INFO - Processing /home/airflow/.local/lib/python3.7/site-packages/airflow/example_dags/example_bash_operator.py took 0.102 seconds
[2024-02-19T12:54:10.087+0000] {processor.py:153} INFO - Started process (PID=7272) to work on /home/airflow/.local/lib/python3.7/site-packages/airflow/example_dags/example_bash_operator.py
[2024-02-19T12:54:10.087+0000] {processor.py:743} INFO - Processing file /home/airflow/.local/lib/python3.7/site-packages/airflow/example_dags/example_bash_operator.py for tasks to queue
[2024-02-19T12:54:10.087+0000] {logging_mixin.py:137} INFO - [2024-02-19T12:54:10.087+0000] {dagbag.py:538} INFO - Filling up the DagBag from /home/airflow/.local/lib/python3.7/site-packages/airflow/example_dags/example_bash_operator.py
[2024-02-19T12:54:10.103+0000] {processor.py:753} INFO - DAG(s) dict_keys(['example_bash_operator']) retrieved from /home/airflow/.local/lib/python3.7/site-packages/airflow/example_dags/example_bash_operator.py
[2024-02-19T12:54:10.132+0000] {logging_mixin.py:137} INFO - [2024-02-19T12:54:10.132+0000] {dag.py:2690} INFO - Sync 1 DAGs
[2024-02-19T12:54:10.152+0000] {logging_mixin.py:137} INFO - [2024-02-19T12:54:10.152+0000] {dag.py:3441} INFO - Setting next_dagrun for example_bash_operator to 2024-02-18T00:00:00+00:00, run_after=2024-02-19T00:00:00+00:00
[2024-02-19T12:54:10.168+0000] {processor.py:175} INFO - Processing /home/airflow/.local/lib/python3.7/site-packages/airflow/example_dags/example_bash_operator.py took 0.083 seconds
[2024-02-19T12:54:41.138+0000] {processor.py:153} INFO - Started process (PID=7407) to work on /home/airflow/.local/lib/python3.7/site-packages/airflow/example_dags/example_bash_operator.py
[2024-02-19T12:54:41.139+0000] {processor.py:743} INFO - Processing file /home/airflow/.local/lib/python3.7/site-packages/airflow/example_dags/example_bash_operator.py for tasks to queue
[2024-02-19T12:54:41.139+0000] {logging_mixin.py:137} INFO - [2024-02-19T12:54:41.139+0000] {dagbag.py:538} INFO - Filling up the DagBag from /home/airflow/.local/lib/python3.7/site-packages/airflow/example_dags/example_bash_operator.py
[2024-02-19T12:54:41.157+0000] {processor.py:753} INFO - DAG(s) dict_keys(['example_bash_operator']) retrieved from /home/airflow/.local/lib/python3.7/site-packages/airflow/example_dags/example_bash_operator.py
[2024-02-19T12:54:41.188+0000] {logging_mixin.py:137} INFO - [2024-02-19T12:54:41.188+0000] {dag.py:2690} INFO - Sync 1 DAGs
[2024-02-19T12:54:41.212+0000] {logging_mixin.py:137} INFO - [2024-02-19T12:54:41.212+0000] {dag.py:3441} INFO - Setting next_dagrun for example_bash_operator to 2024-02-18T00:00:00+00:00, run_after=2024-02-19T00:00:00+00:00
[2024-02-19T12:54:41.227+0000] {processor.py:175} INFO - Processing /home/airflow/.local/lib/python3.7/site-packages/airflow/example_dags/example_bash_operator.py took 0.092 seconds
[2024-02-19T12:55:11.843+0000] {processor.py:153} INFO - Started process (PID=7510) to work on /home/airflow/.local/lib/python3.7/site-packages/airflow/example_dags/example_bash_operator.py
[2024-02-19T12:55:11.844+0000] {processor.py:743} INFO - Processing file /home/airflow/.local/lib/python3.7/site-packages/airflow/example_dags/example_bash_operator.py for tasks to queue
[2024-02-19T12:55:11.844+0000] {logging_mixin.py:137} INFO - [2024-02-19T12:55:11.844+0000] {dagbag.py:538} INFO - Filling up the DagBag from /home/airflow/.local/lib/python3.7/site-packages/airflow/example_dags/example_bash_operator.py
[2024-02-19T12:55:11.859+0000] {processor.py:753} INFO - DAG(s) dict_keys(['example_bash_operator']) retrieved from /home/airflow/.local/lib/python3.7/site-packages/airflow/example_dags/example_bash_operator.py
[2024-02-19T12:55:11.887+0000] {logging_mixin.py:137} INFO - [2024-02-19T12:55:11.886+0000] {dag.py:2690} INFO - Sync 1 DAGs
[2024-02-19T12:55:11.906+0000] {logging_mixin.py:137} INFO - [2024-02-19T12:55:11.906+0000] {dag.py:3441} INFO - Setting next_dagrun for example_bash_operator to 2024-02-18T00:00:00+00:00, run_after=2024-02-19T00:00:00+00:00
[2024-02-19T12:55:11.919+0000] {processor.py:175} INFO - Processing /home/airflow/.local/lib/python3.7/site-packages/airflow/example_dags/example_bash_operator.py took 0.078 seconds
[2024-02-19T12:55:42.616+0000] {processor.py:153} INFO - Started process (PID=7645) to work on /home/airflow/.local/lib/python3.7/site-packages/airflow/example_dags/example_bash_operator.py
[2024-02-19T12:55:42.617+0000] {processor.py:743} INFO - Processing file /home/airflow/.local/lib/python3.7/site-packages/airflow/example_dags/example_bash_operator.py for tasks to queue
[2024-02-19T12:55:42.617+0000] {logging_mixin.py:137} INFO - [2024-02-19T12:55:42.617+0000] {dagbag.py:538} INFO - Filling up the DagBag from /home/airflow/.local/lib/python3.7/site-packages/airflow/example_dags/example_bash_operator.py
[2024-02-19T12:55:42.634+0000] {processor.py:753} INFO - DAG(s) dict_keys(['example_bash_operator']) retrieved from /home/airflow/.local/lib/python3.7/site-packages/airflow/example_dags/example_bash_operator.py
[2024-02-19T12:55:42.664+0000] {logging_mixin.py:137} INFO - [2024-02-19T12:55:42.664+0000] {dag.py:2690} INFO - Sync 1 DAGs
[2024-02-19T12:55:42.686+0000] {logging_mixin.py:137} INFO - [2024-02-19T12:55:42.686+0000] {dag.py:3441} INFO - Setting next_dagrun for example_bash_operator to 2024-02-18T00:00:00+00:00, run_after=2024-02-19T00:00:00+00:00
[2024-02-19T12:55:42.702+0000] {processor.py:175} INFO - Processing /home/airflow/.local/lib/python3.7/site-packages/airflow/example_dags/example_bash_operator.py took 0.089 seconds
[2024-02-19T12:56:13.482+0000] {processor.py:153} INFO - Started process (PID=7780) to work on /home/airflow/.local/lib/python3.7/site-packages/airflow/example_dags/example_bash_operator.py
[2024-02-19T12:56:13.482+0000] {processor.py:743} INFO - Processing file /home/airflow/.local/lib/python3.7/site-packages/airflow/example_dags/example_bash_operator.py for tasks to queue
[2024-02-19T12:56:13.483+0000] {logging_mixin.py:137} INFO - [2024-02-19T12:56:13.483+0000] {dagbag.py:538} INFO - Filling up the DagBag from /home/airflow/.local/lib/python3.7/site-packages/airflow/example_dags/example_bash_operator.py
[2024-02-19T12:56:13.500+0000] {processor.py:753} INFO - DAG(s) dict_keys(['example_bash_operator']) retrieved from /home/airflow/.local/lib/python3.7/site-packages/airflow/example_dags/example_bash_operator.py
[2024-02-19T12:56:13.531+0000] {logging_mixin.py:137} INFO - [2024-02-19T12:56:13.531+0000] {dag.py:2690} INFO - Sync 1 DAGs
[2024-02-19T12:56:13.555+0000] {logging_mixin.py:137} INFO - [2024-02-19T12:56:13.555+0000] {dag.py:3441} INFO - Setting next_dagrun for example_bash_operator to 2024-02-18T00:00:00+00:00, run_after=2024-02-19T00:00:00+00:00
[2024-02-19T12:56:13.571+0000] {processor.py:175} INFO - Processing /home/airflow/.local/lib/python3.7/site-packages/airflow/example_dags/example_bash_operator.py took 0.092 seconds
[2024-02-19T12:56:44.260+0000] {processor.py:153} INFO - Started process (PID=7883) to work on /home/airflow/.local/lib/python3.7/site-packages/airflow/example_dags/example_bash_operator.py
[2024-02-19T12:56:44.261+0000] {processor.py:743} INFO - Processing file /home/airflow/.local/lib/python3.7/site-packages/airflow/example_dags/example_bash_operator.py for tasks to queue
[2024-02-19T12:56:44.261+0000] {logging_mixin.py:137} INFO - [2024-02-19T12:56:44.261+0000] {dagbag.py:538} INFO - Filling up the DagBag from /home/airflow/.local/lib/python3.7/site-packages/airflow/example_dags/example_bash_operator.py
[2024-02-19T12:56:44.278+0000] {processor.py:753} INFO - DAG(s) dict_keys(['example_bash_operator']) retrieved from /home/airflow/.local/lib/python3.7/site-packages/airflow/example_dags/example_bash_operator.py
[2024-02-19T12:56:44.310+0000] {logging_mixin.py:137} INFO - [2024-02-19T12:56:44.310+0000] {dag.py:2690} INFO - Sync 1 DAGs
[2024-02-19T12:56:44.334+0000] {logging_mixin.py:137} INFO - [2024-02-19T12:56:44.334+0000] {dag.py:3441} INFO - Setting next_dagrun for example_bash_operator to 2024-02-18T00:00:00+00:00, run_after=2024-02-19T00:00:00+00:00
[2024-02-19T12:56:44.350+0000] {processor.py:175} INFO - Processing /home/airflow/.local/lib/python3.7/site-packages/airflow/example_dags/example_bash_operator.py took 0.092 seconds
[2024-02-19T12:57:15.194+0000] {processor.py:153} INFO - Started process (PID=8018) to work on /home/airflow/.local/lib/python3.7/site-packages/airflow/example_dags/example_bash_operator.py
[2024-02-19T12:57:15.195+0000] {processor.py:743} INFO - Processing file /home/airflow/.local/lib/python3.7/site-packages/airflow/example_dags/example_bash_operator.py for tasks to queue
[2024-02-19T12:57:15.195+0000] {logging_mixin.py:137} INFO - [2024-02-19T12:57:15.195+0000] {dagbag.py:538} INFO - Filling up the DagBag from /home/airflow/.local/lib/python3.7/site-packages/airflow/example_dags/example_bash_operator.py
[2024-02-19T12:57:15.211+0000] {processor.py:753} INFO - DAG(s) dict_keys(['example_bash_operator']) retrieved from /home/airflow/.local/lib/python3.7/site-packages/airflow/example_dags/example_bash_operator.py
[2024-02-19T12:57:15.242+0000] {logging_mixin.py:137} INFO - [2024-02-19T12:57:15.241+0000] {dag.py:2690} INFO - Sync 1 DAGs
[2024-02-19T12:57:15.262+0000] {logging_mixin.py:137} INFO - [2024-02-19T12:57:15.262+0000] {dag.py:3441} INFO - Setting next_dagrun for example_bash_operator to 2024-02-18T00:00:00+00:00, run_after=2024-02-19T00:00:00+00:00
[2024-02-19T12:57:15.277+0000] {processor.py:175} INFO - Processing /home/airflow/.local/lib/python3.7/site-packages/airflow/example_dags/example_bash_operator.py took 0.085 seconds
[2024-02-19T12:57:46.065+0000] {processor.py:153} INFO - Started process (PID=8153) to work on /home/airflow/.local/lib/python3.7/site-packages/airflow/example_dags/example_bash_operator.py
[2024-02-19T12:57:46.066+0000] {processor.py:743} INFO - Processing file /home/airflow/.local/lib/python3.7/site-packages/airflow/example_dags/example_bash_operator.py for tasks to queue
[2024-02-19T12:57:46.066+0000] {logging_mixin.py:137} INFO - [2024-02-19T12:57:46.066+0000] {dagbag.py:538} INFO - Filling up the DagBag from /home/airflow/.local/lib/python3.7/site-packages/airflow/example_dags/example_bash_operator.py
[2024-02-19T12:57:46.085+0000] {processor.py:753} INFO - DAG(s) dict_keys(['example_bash_operator']) retrieved from /home/airflow/.local/lib/python3.7/site-packages/airflow/example_dags/example_bash_operator.py
[2024-02-19T12:57:46.120+0000] {logging_mixin.py:137} INFO - [2024-02-19T12:57:46.120+0000] {dag.py:2690} INFO - Sync 1 DAGs
[2024-02-19T12:57:46.145+0000] {logging_mixin.py:137} INFO - [2024-02-19T12:57:46.145+0000] {dag.py:3441} INFO - Setting next_dagrun for example_bash_operator to 2024-02-18T00:00:00+00:00, run_after=2024-02-19T00:00:00+00:00
[2024-02-19T12:57:46.162+0000] {processor.py:175} INFO - Processing /home/airflow/.local/lib/python3.7/site-packages/airflow/example_dags/example_bash_operator.py took 0.100 seconds
[2024-02-19T12:58:16.235+0000] {processor.py:153} INFO - Started process (PID=8255) to work on /home/airflow/.local/lib/python3.7/site-packages/airflow/example_dags/example_bash_operator.py
[2024-02-19T12:58:16.235+0000] {processor.py:743} INFO - Processing file /home/airflow/.local/lib/python3.7/site-packages/airflow/example_dags/example_bash_operator.py for tasks to queue
[2024-02-19T12:58:16.236+0000] {logging_mixin.py:137} INFO - [2024-02-19T12:58:16.236+0000] {dagbag.py:538} INFO - Filling up the DagBag from /home/airflow/.local/lib/python3.7/site-packages/airflow/example_dags/example_bash_operator.py
[2024-02-19T12:58:16.251+0000] {processor.py:753} INFO - DAG(s) dict_keys(['example_bash_operator']) retrieved from /home/airflow/.local/lib/python3.7/site-packages/airflow/example_dags/example_bash_operator.py
[2024-02-19T12:58:16.279+0000] {logging_mixin.py:137} INFO - [2024-02-19T12:58:16.279+0000] {dag.py:2690} INFO - Sync 1 DAGs
[2024-02-19T12:58:16.299+0000] {logging_mixin.py:137} INFO - [2024-02-19T12:58:16.299+0000] {dag.py:3441} INFO - Setting next_dagrun for example_bash_operator to 2024-02-18T00:00:00+00:00, run_after=2024-02-19T00:00:00+00:00
[2024-02-19T12:58:16.314+0000] {processor.py:175} INFO - Processing /home/airflow/.local/lib/python3.7/site-packages/airflow/example_dags/example_bash_operator.py took 0.081 seconds
