[2024-02-19T12:24:37.912+0000] {processor.py:153} INFO - Started process (PID=69) to work on /home/airflow/.local/lib/python3.7/site-packages/airflow/example_dags/example_sensor_decorator.py
[2024-02-19T12:24:37.913+0000] {processor.py:743} INFO - Processing file /home/airflow/.local/lib/python3.7/site-packages/airflow/example_dags/example_sensor_decorator.py for tasks to queue
[2024-02-19T12:24:37.913+0000] {logging_mixin.py:137} INFO - [2024-02-19T12:24:37.913+0000] {dagbag.py:538} INFO - Filling up the DagBag from /home/airflow/.local/lib/python3.7/site-packages/airflow/example_dags/example_sensor_decorator.py
[2024-02-19T12:24:37.927+0000] {processor.py:753} INFO - DAG(s) dict_keys(['example_sensor_decorator']) retrieved from /home/airflow/.local/lib/python3.7/site-packages/airflow/example_dags/example_sensor_decorator.py
[2024-02-19T12:24:37.934+0000] {logging_mixin.py:137} INFO - [2024-02-19T12:24:37.934+0000] {dag.py:2690} INFO - Sync 1 DAGs
[2024-02-19T12:24:37.949+0000] {logging_mixin.py:137} INFO - [2024-02-19T12:24:37.949+0000] {dag.py:3441} INFO - Setting next_dagrun for example_sensor_decorator to None, run_after=None
[2024-02-19T12:24:37.960+0000] {processor.py:175} INFO - Processing /home/airflow/.local/lib/python3.7/site-packages/airflow/example_dags/example_sensor_decorator.py took 0.049 seconds
[2024-02-19T12:25:08.359+0000] {processor.py:153} INFO - Started process (PID=204) to work on /home/airflow/.local/lib/python3.7/site-packages/airflow/example_dags/example_sensor_decorator.py
[2024-02-19T12:25:08.360+0000] {processor.py:743} INFO - Processing file /home/airflow/.local/lib/python3.7/site-packages/airflow/example_dags/example_sensor_decorator.py for tasks to queue
[2024-02-19T12:25:08.360+0000] {logging_mixin.py:137} INFO - [2024-02-19T12:25:08.360+0000] {dagbag.py:538} INFO - Filling up the DagBag from /home/airflow/.local/lib/python3.7/site-packages/airflow/example_dags/example_sensor_decorator.py
[2024-02-19T12:25:08.372+0000] {processor.py:753} INFO - DAG(s) dict_keys(['example_sensor_decorator']) retrieved from /home/airflow/.local/lib/python3.7/site-packages/airflow/example_dags/example_sensor_decorator.py
[2024-02-19T12:25:08.385+0000] {logging_mixin.py:137} INFO - [2024-02-19T12:25:08.385+0000] {dag.py:2690} INFO - Sync 1 DAGs
[2024-02-19T12:25:08.399+0000] {logging_mixin.py:137} INFO - [2024-02-19T12:25:08.399+0000] {dag.py:3441} INFO - Setting next_dagrun for example_sensor_decorator to None, run_after=None
[2024-02-19T12:25:08.410+0000] {processor.py:175} INFO - Processing /home/airflow/.local/lib/python3.7/site-packages/airflow/example_dags/example_sensor_decorator.py took 0.052 seconds
[2024-02-19T12:25:38.783+0000] {processor.py:153} INFO - Started process (PID=307) to work on /home/airflow/.local/lib/python3.7/site-packages/airflow/example_dags/example_sensor_decorator.py
[2024-02-19T12:25:38.784+0000] {processor.py:743} INFO - Processing file /home/airflow/.local/lib/python3.7/site-packages/airflow/example_dags/example_sensor_decorator.py for tasks to queue
[2024-02-19T12:25:38.784+0000] {logging_mixin.py:137} INFO - [2024-02-19T12:25:38.784+0000] {dagbag.py:538} INFO - Filling up the DagBag from /home/airflow/.local/lib/python3.7/site-packages/airflow/example_dags/example_sensor_decorator.py
[2024-02-19T12:25:38.795+0000] {processor.py:753} INFO - DAG(s) dict_keys(['example_sensor_decorator']) retrieved from /home/airflow/.local/lib/python3.7/site-packages/airflow/example_dags/example_sensor_decorator.py
[2024-02-19T12:25:38.809+0000] {logging_mixin.py:137} INFO - [2024-02-19T12:25:38.809+0000] {dag.py:2690} INFO - Sync 1 DAGs
[2024-02-19T12:25:38.823+0000] {logging_mixin.py:137} INFO - [2024-02-19T12:25:38.823+0000] {dag.py:3441} INFO - Setting next_dagrun for example_sensor_decorator to None, run_after=None
[2024-02-19T12:25:38.839+0000] {processor.py:175} INFO - Processing /home/airflow/.local/lib/python3.7/site-packages/airflow/example_dags/example_sensor_decorator.py took 0.057 seconds
[2024-02-19T12:26:09.225+0000] {processor.py:153} INFO - Started process (PID=442) to work on /home/airflow/.local/lib/python3.7/site-packages/airflow/example_dags/example_sensor_decorator.py
[2024-02-19T12:26:09.226+0000] {processor.py:743} INFO - Processing file /home/airflow/.local/lib/python3.7/site-packages/airflow/example_dags/example_sensor_decorator.py for tasks to queue
[2024-02-19T12:26:09.226+0000] {logging_mixin.py:137} INFO - [2024-02-19T12:26:09.226+0000] {dagbag.py:538} INFO - Filling up the DagBag from /home/airflow/.local/lib/python3.7/site-packages/airflow/example_dags/example_sensor_decorator.py
[2024-02-19T12:26:09.238+0000] {processor.py:753} INFO - DAG(s) dict_keys(['example_sensor_decorator']) retrieved from /home/airflow/.local/lib/python3.7/site-packages/airflow/example_dags/example_sensor_decorator.py
[2024-02-19T12:26:09.251+0000] {logging_mixin.py:137} INFO - [2024-02-19T12:26:09.251+0000] {dag.py:2690} INFO - Sync 1 DAGs
[2024-02-19T12:26:09.267+0000] {logging_mixin.py:137} INFO - [2024-02-19T12:26:09.266+0000] {dag.py:3441} INFO - Setting next_dagrun for example_sensor_decorator to None, run_after=None
[2024-02-19T12:26:09.277+0000] {processor.py:175} INFO - Processing /home/airflow/.local/lib/python3.7/site-packages/airflow/example_dags/example_sensor_decorator.py took 0.054 seconds
[2024-02-19T12:26:39.615+0000] {processor.py:153} INFO - Started process (PID=577) to work on /home/airflow/.local/lib/python3.7/site-packages/airflow/example_dags/example_sensor_decorator.py
[2024-02-19T12:26:39.615+0000] {processor.py:743} INFO - Processing file /home/airflow/.local/lib/python3.7/site-packages/airflow/example_dags/example_sensor_decorator.py for tasks to queue
[2024-02-19T12:26:39.616+0000] {logging_mixin.py:137} INFO - [2024-02-19T12:26:39.616+0000] {dagbag.py:538} INFO - Filling up the DagBag from /home/airflow/.local/lib/python3.7/site-packages/airflow/example_dags/example_sensor_decorator.py
[2024-02-19T12:26:39.628+0000] {processor.py:753} INFO - DAG(s) dict_keys(['example_sensor_decorator']) retrieved from /home/airflow/.local/lib/python3.7/site-packages/airflow/example_dags/example_sensor_decorator.py
[2024-02-19T12:26:39.640+0000] {logging_mixin.py:137} INFO - [2024-02-19T12:26:39.640+0000] {dag.py:2690} INFO - Sync 1 DAGs
[2024-02-19T12:26:39.654+0000] {logging_mixin.py:137} INFO - [2024-02-19T12:26:39.654+0000] {dag.py:3441} INFO - Setting next_dagrun for example_sensor_decorator to None, run_after=None
[2024-02-19T12:26:39.664+0000] {processor.py:175} INFO - Processing /home/airflow/.local/lib/python3.7/site-packages/airflow/example_dags/example_sensor_decorator.py took 0.051 seconds
[2024-02-19T12:27:10.005+0000] {processor.py:153} INFO - Started process (PID=680) to work on /home/airflow/.local/lib/python3.7/site-packages/airflow/example_dags/example_sensor_decorator.py
[2024-02-19T12:27:10.006+0000] {processor.py:743} INFO - Processing file /home/airflow/.local/lib/python3.7/site-packages/airflow/example_dags/example_sensor_decorator.py for tasks to queue
[2024-02-19T12:27:10.006+0000] {logging_mixin.py:137} INFO - [2024-02-19T12:27:10.006+0000] {dagbag.py:538} INFO - Filling up the DagBag from /home/airflow/.local/lib/python3.7/site-packages/airflow/example_dags/example_sensor_decorator.py
[2024-02-19T12:27:10.018+0000] {processor.py:753} INFO - DAG(s) dict_keys(['example_sensor_decorator']) retrieved from /home/airflow/.local/lib/python3.7/site-packages/airflow/example_dags/example_sensor_decorator.py
[2024-02-19T12:27:10.031+0000] {logging_mixin.py:137} INFO - [2024-02-19T12:27:10.031+0000] {dag.py:2690} INFO - Sync 1 DAGs
[2024-02-19T12:27:10.047+0000] {logging_mixin.py:137} INFO - [2024-02-19T12:27:10.046+0000] {dag.py:3441} INFO - Setting next_dagrun for example_sensor_decorator to None, run_after=None
[2024-02-19T12:27:10.058+0000] {processor.py:175} INFO - Processing /home/airflow/.local/lib/python3.7/site-packages/airflow/example_dags/example_sensor_decorator.py took 0.054 seconds
[2024-02-19T12:27:40.442+0000] {processor.py:153} INFO - Started process (PID=815) to work on /home/airflow/.local/lib/python3.7/site-packages/airflow/example_dags/example_sensor_decorator.py
[2024-02-19T12:27:40.442+0000] {processor.py:743} INFO - Processing file /home/airflow/.local/lib/python3.7/site-packages/airflow/example_dags/example_sensor_decorator.py for tasks to queue
[2024-02-19T12:27:40.443+0000] {logging_mixin.py:137} INFO - [2024-02-19T12:27:40.443+0000] {dagbag.py:538} INFO - Filling up the DagBag from /home/airflow/.local/lib/python3.7/site-packages/airflow/example_dags/example_sensor_decorator.py
[2024-02-19T12:27:40.455+0000] {processor.py:753} INFO - DAG(s) dict_keys(['example_sensor_decorator']) retrieved from /home/airflow/.local/lib/python3.7/site-packages/airflow/example_dags/example_sensor_decorator.py
[2024-02-19T12:27:40.468+0000] {logging_mixin.py:137} INFO - [2024-02-19T12:27:40.468+0000] {dag.py:2690} INFO - Sync 1 DAGs
[2024-02-19T12:27:40.482+0000] {logging_mixin.py:137} INFO - [2024-02-19T12:27:40.482+0000] {dag.py:3441} INFO - Setting next_dagrun for example_sensor_decorator to None, run_after=None
[2024-02-19T12:27:40.492+0000] {processor.py:175} INFO - Processing /home/airflow/.local/lib/python3.7/site-packages/airflow/example_dags/example_sensor_decorator.py took 0.052 seconds
[2024-02-19T12:28:10.831+0000] {processor.py:153} INFO - Started process (PID=951) to work on /home/airflow/.local/lib/python3.7/site-packages/airflow/example_dags/example_sensor_decorator.py
[2024-02-19T12:28:10.832+0000] {processor.py:743} INFO - Processing file /home/airflow/.local/lib/python3.7/site-packages/airflow/example_dags/example_sensor_decorator.py for tasks to queue
[2024-02-19T12:28:10.832+0000] {logging_mixin.py:137} INFO - [2024-02-19T12:28:10.832+0000] {dagbag.py:538} INFO - Filling up the DagBag from /home/airflow/.local/lib/python3.7/site-packages/airflow/example_dags/example_sensor_decorator.py
[2024-02-19T12:28:10.844+0000] {processor.py:753} INFO - DAG(s) dict_keys(['example_sensor_decorator']) retrieved from /home/airflow/.local/lib/python3.7/site-packages/airflow/example_dags/example_sensor_decorator.py
[2024-02-19T12:28:10.857+0000] {logging_mixin.py:137} INFO - [2024-02-19T12:28:10.857+0000] {dag.py:2690} INFO - Sync 1 DAGs
[2024-02-19T12:28:10.871+0000] {logging_mixin.py:137} INFO - [2024-02-19T12:28:10.871+0000] {dag.py:3441} INFO - Setting next_dagrun for example_sensor_decorator to None, run_after=None
[2024-02-19T12:28:10.882+0000] {processor.py:175} INFO - Processing /home/airflow/.local/lib/python3.7/site-packages/airflow/example_dags/example_sensor_decorator.py took 0.052 seconds
[2024-02-19T12:28:41.298+0000] {processor.py:153} INFO - Started process (PID=1054) to work on /home/airflow/.local/lib/python3.7/site-packages/airflow/example_dags/example_sensor_decorator.py
[2024-02-19T12:28:41.299+0000] {processor.py:743} INFO - Processing file /home/airflow/.local/lib/python3.7/site-packages/airflow/example_dags/example_sensor_decorator.py for tasks to queue
[2024-02-19T12:28:41.300+0000] {logging_mixin.py:137} INFO - [2024-02-19T12:28:41.299+0000] {dagbag.py:538} INFO - Filling up the DagBag from /home/airflow/.local/lib/python3.7/site-packages/airflow/example_dags/example_sensor_decorator.py
[2024-02-19T12:28:41.312+0000] {processor.py:753} INFO - DAG(s) dict_keys(['example_sensor_decorator']) retrieved from /home/airflow/.local/lib/python3.7/site-packages/airflow/example_dags/example_sensor_decorator.py
[2024-02-19T12:28:41.325+0000] {logging_mixin.py:137} INFO - [2024-02-19T12:28:41.325+0000] {dag.py:2690} INFO - Sync 1 DAGs
[2024-02-19T12:28:41.338+0000] {logging_mixin.py:137} INFO - [2024-02-19T12:28:41.338+0000] {dag.py:3441} INFO - Setting next_dagrun for example_sensor_decorator to None, run_after=None
[2024-02-19T12:28:41.349+0000] {processor.py:175} INFO - Processing /home/airflow/.local/lib/python3.7/site-packages/airflow/example_dags/example_sensor_decorator.py took 0.052 seconds
[2024-02-19T12:29:11.768+0000] {processor.py:153} INFO - Started process (PID=1189) to work on /home/airflow/.local/lib/python3.7/site-packages/airflow/example_dags/example_sensor_decorator.py
[2024-02-19T12:29:11.768+0000] {processor.py:743} INFO - Processing file /home/airflow/.local/lib/python3.7/site-packages/airflow/example_dags/example_sensor_decorator.py for tasks to queue
[2024-02-19T12:29:11.769+0000] {logging_mixin.py:137} INFO - [2024-02-19T12:29:11.769+0000] {dagbag.py:538} INFO - Filling up the DagBag from /home/airflow/.local/lib/python3.7/site-packages/airflow/example_dags/example_sensor_decorator.py
[2024-02-19T12:29:11.781+0000] {processor.py:753} INFO - DAG(s) dict_keys(['example_sensor_decorator']) retrieved from /home/airflow/.local/lib/python3.7/site-packages/airflow/example_dags/example_sensor_decorator.py
[2024-02-19T12:29:11.794+0000] {logging_mixin.py:137} INFO - [2024-02-19T12:29:11.794+0000] {dag.py:2690} INFO - Sync 1 DAGs
[2024-02-19T12:29:11.809+0000] {logging_mixin.py:137} INFO - [2024-02-19T12:29:11.809+0000] {dag.py:3441} INFO - Setting next_dagrun for example_sensor_decorator to None, run_after=None
[2024-02-19T12:29:11.819+0000] {processor.py:175} INFO - Processing /home/airflow/.local/lib/python3.7/site-packages/airflow/example_dags/example_sensor_decorator.py took 0.053 seconds
[2024-02-19T12:29:42.439+0000] {processor.py:153} INFO - Started process (PID=1324) to work on /home/airflow/.local/lib/python3.7/site-packages/airflow/example_dags/example_sensor_decorator.py
[2024-02-19T12:29:42.439+0000] {processor.py:743} INFO - Processing file /home/airflow/.local/lib/python3.7/site-packages/airflow/example_dags/example_sensor_decorator.py for tasks to queue
[2024-02-19T12:29:42.440+0000] {logging_mixin.py:137} INFO - [2024-02-19T12:29:42.440+0000] {dagbag.py:538} INFO - Filling up the DagBag from /home/airflow/.local/lib/python3.7/site-packages/airflow/example_dags/example_sensor_decorator.py
[2024-02-19T12:29:42.452+0000] {processor.py:753} INFO - DAG(s) dict_keys(['example_sensor_decorator']) retrieved from /home/airflow/.local/lib/python3.7/site-packages/airflow/example_dags/example_sensor_decorator.py
[2024-02-19T12:29:42.465+0000] {logging_mixin.py:137} INFO - [2024-02-19T12:29:42.464+0000] {dag.py:2690} INFO - Sync 1 DAGs
[2024-02-19T12:29:42.479+0000] {logging_mixin.py:137} INFO - [2024-02-19T12:29:42.479+0000] {dag.py:3441} INFO - Setting next_dagrun for example_sensor_decorator to None, run_after=None
[2024-02-19T12:29:42.489+0000] {processor.py:175} INFO - Processing /home/airflow/.local/lib/python3.7/site-packages/airflow/example_dags/example_sensor_decorator.py took 0.052 seconds
[2024-02-19T12:30:12.976+0000] {processor.py:153} INFO - Started process (PID=1427) to work on /home/airflow/.local/lib/python3.7/site-packages/airflow/example_dags/example_sensor_decorator.py
[2024-02-19T12:30:12.977+0000] {processor.py:743} INFO - Processing file /home/airflow/.local/lib/python3.7/site-packages/airflow/example_dags/example_sensor_decorator.py for tasks to queue
[2024-02-19T12:30:12.977+0000] {logging_mixin.py:137} INFO - [2024-02-19T12:30:12.977+0000] {dagbag.py:538} INFO - Filling up the DagBag from /home/airflow/.local/lib/python3.7/site-packages/airflow/example_dags/example_sensor_decorator.py
[2024-02-19T12:30:12.989+0000] {processor.py:753} INFO - DAG(s) dict_keys(['example_sensor_decorator']) retrieved from /home/airflow/.local/lib/python3.7/site-packages/airflow/example_dags/example_sensor_decorator.py
[2024-02-19T12:30:13.003+0000] {logging_mixin.py:137} INFO - [2024-02-19T12:30:13.003+0000] {dag.py:2690} INFO - Sync 1 DAGs
[2024-02-19T12:30:13.018+0000] {logging_mixin.py:137} INFO - [2024-02-19T12:30:13.018+0000] {dag.py:3441} INFO - Setting next_dagrun for example_sensor_decorator to None, run_after=None
[2024-02-19T12:30:13.028+0000] {processor.py:175} INFO - Processing /home/airflow/.local/lib/python3.7/site-packages/airflow/example_dags/example_sensor_decorator.py took 0.053 seconds
[2024-02-19T12:30:43.409+0000] {processor.py:153} INFO - Started process (PID=1562) to work on /home/airflow/.local/lib/python3.7/site-packages/airflow/example_dags/example_sensor_decorator.py
[2024-02-19T12:30:43.409+0000] {processor.py:743} INFO - Processing file /home/airflow/.local/lib/python3.7/site-packages/airflow/example_dags/example_sensor_decorator.py for tasks to queue
[2024-02-19T12:30:43.410+0000] {logging_mixin.py:137} INFO - [2024-02-19T12:30:43.410+0000] {dagbag.py:538} INFO - Filling up the DagBag from /home/airflow/.local/lib/python3.7/site-packages/airflow/example_dags/example_sensor_decorator.py
[2024-02-19T12:30:43.422+0000] {processor.py:753} INFO - DAG(s) dict_keys(['example_sensor_decorator']) retrieved from /home/airflow/.local/lib/python3.7/site-packages/airflow/example_dags/example_sensor_decorator.py
[2024-02-19T12:30:43.435+0000] {logging_mixin.py:137} INFO - [2024-02-19T12:30:43.435+0000] {dag.py:2690} INFO - Sync 1 DAGs
[2024-02-19T12:30:43.450+0000] {logging_mixin.py:137} INFO - [2024-02-19T12:30:43.450+0000] {dag.py:3441} INFO - Setting next_dagrun for example_sensor_decorator to None, run_after=None
[2024-02-19T12:30:43.461+0000] {processor.py:175} INFO - Processing /home/airflow/.local/lib/python3.7/site-packages/airflow/example_dags/example_sensor_decorator.py took 0.054 seconds
[2024-02-19T12:31:13.862+0000] {processor.py:153} INFO - Started process (PID=1697) to work on /home/airflow/.local/lib/python3.7/site-packages/airflow/example_dags/example_sensor_decorator.py
[2024-02-19T12:31:13.863+0000] {processor.py:743} INFO - Processing file /home/airflow/.local/lib/python3.7/site-packages/airflow/example_dags/example_sensor_decorator.py for tasks to queue
[2024-02-19T12:31:13.863+0000] {logging_mixin.py:137} INFO - [2024-02-19T12:31:13.863+0000] {dagbag.py:538} INFO - Filling up the DagBag from /home/airflow/.local/lib/python3.7/site-packages/airflow/example_dags/example_sensor_decorator.py
[2024-02-19T12:31:13.879+0000] {processor.py:753} INFO - DAG(s) dict_keys(['example_sensor_decorator']) retrieved from /home/airflow/.local/lib/python3.7/site-packages/airflow/example_dags/example_sensor_decorator.py
[2024-02-19T12:31:13.893+0000] {logging_mixin.py:137} INFO - [2024-02-19T12:31:13.893+0000] {dag.py:2690} INFO - Sync 1 DAGs
[2024-02-19T12:31:13.907+0000] {logging_mixin.py:137} INFO - [2024-02-19T12:31:13.907+0000] {dag.py:3441} INFO - Setting next_dagrun for example_sensor_decorator to None, run_after=None
[2024-02-19T12:31:13.917+0000] {processor.py:175} INFO - Processing /home/airflow/.local/lib/python3.7/site-packages/airflow/example_dags/example_sensor_decorator.py took 0.057 seconds
[2024-02-19T12:31:44.299+0000] {processor.py:153} INFO - Started process (PID=1800) to work on /home/airflow/.local/lib/python3.7/site-packages/airflow/example_dags/example_sensor_decorator.py
[2024-02-19T12:31:44.299+0000] {processor.py:743} INFO - Processing file /home/airflow/.local/lib/python3.7/site-packages/airflow/example_dags/example_sensor_decorator.py for tasks to queue
[2024-02-19T12:31:44.300+0000] {logging_mixin.py:137} INFO - [2024-02-19T12:31:44.300+0000] {dagbag.py:538} INFO - Filling up the DagBag from /home/airflow/.local/lib/python3.7/site-packages/airflow/example_dags/example_sensor_decorator.py
[2024-02-19T12:31:44.313+0000] {processor.py:753} INFO - DAG(s) dict_keys(['example_sensor_decorator']) retrieved from /home/airflow/.local/lib/python3.7/site-packages/airflow/example_dags/example_sensor_decorator.py
[2024-02-19T12:31:44.327+0000] {logging_mixin.py:137} INFO - [2024-02-19T12:31:44.327+0000] {dag.py:2690} INFO - Sync 1 DAGs
[2024-02-19T12:31:44.341+0000] {logging_mixin.py:137} INFO - [2024-02-19T12:31:44.341+0000] {dag.py:3441} INFO - Setting next_dagrun for example_sensor_decorator to None, run_after=None
[2024-02-19T12:31:44.352+0000] {processor.py:175} INFO - Processing /home/airflow/.local/lib/python3.7/site-packages/airflow/example_dags/example_sensor_decorator.py took 0.055 seconds
[2024-02-19T12:32:14.775+0000] {processor.py:153} INFO - Started process (PID=1935) to work on /home/airflow/.local/lib/python3.7/site-packages/airflow/example_dags/example_sensor_decorator.py
[2024-02-19T12:32:14.776+0000] {processor.py:743} INFO - Processing file /home/airflow/.local/lib/python3.7/site-packages/airflow/example_dags/example_sensor_decorator.py for tasks to queue
[2024-02-19T12:32:14.776+0000] {logging_mixin.py:137} INFO - [2024-02-19T12:32:14.776+0000] {dagbag.py:538} INFO - Filling up the DagBag from /home/airflow/.local/lib/python3.7/site-packages/airflow/example_dags/example_sensor_decorator.py
[2024-02-19T12:32:14.789+0000] {processor.py:753} INFO - DAG(s) dict_keys(['example_sensor_decorator']) retrieved from /home/airflow/.local/lib/python3.7/site-packages/airflow/example_dags/example_sensor_decorator.py
[2024-02-19T12:32:14.802+0000] {logging_mixin.py:137} INFO - [2024-02-19T12:32:14.802+0000] {dag.py:2690} INFO - Sync 1 DAGs
[2024-02-19T12:32:14.817+0000] {logging_mixin.py:137} INFO - [2024-02-19T12:32:14.816+0000] {dag.py:3441} INFO - Setting next_dagrun for example_sensor_decorator to None, run_after=None
[2024-02-19T12:32:14.827+0000] {processor.py:175} INFO - Processing /home/airflow/.local/lib/python3.7/site-packages/airflow/example_dags/example_sensor_decorator.py took 0.054 seconds
[2024-02-19T12:32:45.322+0000] {processor.py:153} INFO - Started process (PID=2070) to work on /home/airflow/.local/lib/python3.7/site-packages/airflow/example_dags/example_sensor_decorator.py
[2024-02-19T12:32:45.323+0000] {processor.py:743} INFO - Processing file /home/airflow/.local/lib/python3.7/site-packages/airflow/example_dags/example_sensor_decorator.py for tasks to queue
[2024-02-19T12:32:45.323+0000] {logging_mixin.py:137} INFO - [2024-02-19T12:32:45.323+0000] {dagbag.py:538} INFO - Filling up the DagBag from /home/airflow/.local/lib/python3.7/site-packages/airflow/example_dags/example_sensor_decorator.py
[2024-02-19T12:32:45.338+0000] {processor.py:753} INFO - DAG(s) dict_keys(['example_sensor_decorator']) retrieved from /home/airflow/.local/lib/python3.7/site-packages/airflow/example_dags/example_sensor_decorator.py
[2024-02-19T12:32:45.353+0000] {logging_mixin.py:137} INFO - [2024-02-19T12:32:45.353+0000] {dag.py:2690} INFO - Sync 1 DAGs
[2024-02-19T12:32:45.370+0000] {logging_mixin.py:137} INFO - [2024-02-19T12:32:45.370+0000] {dag.py:3441} INFO - Setting next_dagrun for example_sensor_decorator to None, run_after=None
[2024-02-19T12:32:45.384+0000] {processor.py:175} INFO - Processing /home/airflow/.local/lib/python3.7/site-packages/airflow/example_dags/example_sensor_decorator.py took 0.063 seconds
[2024-02-19T12:33:15.770+0000] {processor.py:153} INFO - Started process (PID=2173) to work on /home/airflow/.local/lib/python3.7/site-packages/airflow/example_dags/example_sensor_decorator.py
[2024-02-19T12:33:15.770+0000] {processor.py:743} INFO - Processing file /home/airflow/.local/lib/python3.7/site-packages/airflow/example_dags/example_sensor_decorator.py for tasks to queue
[2024-02-19T12:33:15.770+0000] {logging_mixin.py:137} INFO - [2024-02-19T12:33:15.770+0000] {dagbag.py:538} INFO - Filling up the DagBag from /home/airflow/.local/lib/python3.7/site-packages/airflow/example_dags/example_sensor_decorator.py
[2024-02-19T12:33:15.782+0000] {processor.py:753} INFO - DAG(s) dict_keys(['example_sensor_decorator']) retrieved from /home/airflow/.local/lib/python3.7/site-packages/airflow/example_dags/example_sensor_decorator.py
[2024-02-19T12:33:15.796+0000] {logging_mixin.py:137} INFO - [2024-02-19T12:33:15.796+0000] {dag.py:2690} INFO - Sync 1 DAGs
[2024-02-19T12:33:15.811+0000] {logging_mixin.py:137} INFO - [2024-02-19T12:33:15.810+0000] {dag.py:3441} INFO - Setting next_dagrun for example_sensor_decorator to None, run_after=None
[2024-02-19T12:33:15.822+0000] {processor.py:175} INFO - Processing /home/airflow/.local/lib/python3.7/site-packages/airflow/example_dags/example_sensor_decorator.py took 0.054 seconds
[2024-02-19T12:33:46.300+0000] {processor.py:153} INFO - Started process (PID=2308) to work on /home/airflow/.local/lib/python3.7/site-packages/airflow/example_dags/example_sensor_decorator.py
[2024-02-19T12:33:46.300+0000] {processor.py:743} INFO - Processing file /home/airflow/.local/lib/python3.7/site-packages/airflow/example_dags/example_sensor_decorator.py for tasks to queue
[2024-02-19T12:33:46.301+0000] {logging_mixin.py:137} INFO - [2024-02-19T12:33:46.301+0000] {dagbag.py:538} INFO - Filling up the DagBag from /home/airflow/.local/lib/python3.7/site-packages/airflow/example_dags/example_sensor_decorator.py
[2024-02-19T12:33:46.313+0000] {processor.py:753} INFO - DAG(s) dict_keys(['example_sensor_decorator']) retrieved from /home/airflow/.local/lib/python3.7/site-packages/airflow/example_dags/example_sensor_decorator.py
[2024-02-19T12:33:46.326+0000] {logging_mixin.py:137} INFO - [2024-02-19T12:33:46.326+0000] {dag.py:2690} INFO - Sync 1 DAGs
[2024-02-19T12:33:46.339+0000] {logging_mixin.py:137} INFO - [2024-02-19T12:33:46.339+0000] {dag.py:3441} INFO - Setting next_dagrun for example_sensor_decorator to None, run_after=None
[2024-02-19T12:33:46.349+0000] {processor.py:175} INFO - Processing /home/airflow/.local/lib/python3.7/site-packages/airflow/example_dags/example_sensor_decorator.py took 0.052 seconds
[2024-02-19T12:34:16.717+0000] {processor.py:153} INFO - Started process (PID=2443) to work on /home/airflow/.local/lib/python3.7/site-packages/airflow/example_dags/example_sensor_decorator.py
[2024-02-19T12:34:16.717+0000] {processor.py:743} INFO - Processing file /home/airflow/.local/lib/python3.7/site-packages/airflow/example_dags/example_sensor_decorator.py for tasks to queue
[2024-02-19T12:34:16.718+0000] {logging_mixin.py:137} INFO - [2024-02-19T12:34:16.718+0000] {dagbag.py:538} INFO - Filling up the DagBag from /home/airflow/.local/lib/python3.7/site-packages/airflow/example_dags/example_sensor_decorator.py
[2024-02-19T12:34:16.731+0000] {processor.py:753} INFO - DAG(s) dict_keys(['example_sensor_decorator']) retrieved from /home/airflow/.local/lib/python3.7/site-packages/airflow/example_dags/example_sensor_decorator.py
[2024-02-19T12:34:16.745+0000] {logging_mixin.py:137} INFO - [2024-02-19T12:34:16.745+0000] {dag.py:2690} INFO - Sync 1 DAGs
[2024-02-19T12:34:16.760+0000] {logging_mixin.py:137} INFO - [2024-02-19T12:34:16.760+0000] {dag.py:3441} INFO - Setting next_dagrun for example_sensor_decorator to None, run_after=None
[2024-02-19T12:34:16.770+0000] {processor.py:175} INFO - Processing /home/airflow/.local/lib/python3.7/site-packages/airflow/example_dags/example_sensor_decorator.py took 0.055 seconds
[2024-02-19T12:34:47.215+0000] {processor.py:153} INFO - Started process (PID=2546) to work on /home/airflow/.local/lib/python3.7/site-packages/airflow/example_dags/example_sensor_decorator.py
[2024-02-19T12:34:47.216+0000] {processor.py:743} INFO - Processing file /home/airflow/.local/lib/python3.7/site-packages/airflow/example_dags/example_sensor_decorator.py for tasks to queue
[2024-02-19T12:34:47.216+0000] {logging_mixin.py:137} INFO - [2024-02-19T12:34:47.216+0000] {dagbag.py:538} INFO - Filling up the DagBag from /home/airflow/.local/lib/python3.7/site-packages/airflow/example_dags/example_sensor_decorator.py
[2024-02-19T12:34:47.228+0000] {processor.py:753} INFO - DAG(s) dict_keys(['example_sensor_decorator']) retrieved from /home/airflow/.local/lib/python3.7/site-packages/airflow/example_dags/example_sensor_decorator.py
[2024-02-19T12:34:47.241+0000] {logging_mixin.py:137} INFO - [2024-02-19T12:34:47.241+0000] {dag.py:2690} INFO - Sync 1 DAGs
[2024-02-19T12:34:47.258+0000] {logging_mixin.py:137} INFO - [2024-02-19T12:34:47.258+0000] {dag.py:3441} INFO - Setting next_dagrun for example_sensor_decorator to None, run_after=None
[2024-02-19T12:34:47.269+0000] {processor.py:175} INFO - Processing /home/airflow/.local/lib/python3.7/site-packages/airflow/example_dags/example_sensor_decorator.py took 0.055 seconds
[2024-02-19T12:35:17.755+0000] {processor.py:153} INFO - Started process (PID=2681) to work on /home/airflow/.local/lib/python3.7/site-packages/airflow/example_dags/example_sensor_decorator.py
[2024-02-19T12:35:17.756+0000] {processor.py:743} INFO - Processing file /home/airflow/.local/lib/python3.7/site-packages/airflow/example_dags/example_sensor_decorator.py for tasks to queue
[2024-02-19T12:35:17.756+0000] {logging_mixin.py:137} INFO - [2024-02-19T12:35:17.756+0000] {dagbag.py:538} INFO - Filling up the DagBag from /home/airflow/.local/lib/python3.7/site-packages/airflow/example_dags/example_sensor_decorator.py
[2024-02-19T12:35:17.769+0000] {processor.py:753} INFO - DAG(s) dict_keys(['example_sensor_decorator']) retrieved from /home/airflow/.local/lib/python3.7/site-packages/airflow/example_dags/example_sensor_decorator.py
[2024-02-19T12:35:17.782+0000] {logging_mixin.py:137} INFO - [2024-02-19T12:35:17.782+0000] {dag.py:2690} INFO - Sync 1 DAGs
[2024-02-19T12:35:17.797+0000] {logging_mixin.py:137} INFO - [2024-02-19T12:35:17.797+0000] {dag.py:3441} INFO - Setting next_dagrun for example_sensor_decorator to None, run_after=None
[2024-02-19T12:35:17.808+0000] {processor.py:175} INFO - Processing /home/airflow/.local/lib/python3.7/site-packages/airflow/example_dags/example_sensor_decorator.py took 0.054 seconds
[2024-02-19T12:35:48.333+0000] {processor.py:153} INFO - Started process (PID=2816) to work on /home/airflow/.local/lib/python3.7/site-packages/airflow/example_dags/example_sensor_decorator.py
[2024-02-19T12:35:48.334+0000] {processor.py:743} INFO - Processing file /home/airflow/.local/lib/python3.7/site-packages/airflow/example_dags/example_sensor_decorator.py for tasks to queue
[2024-02-19T12:35:48.334+0000] {logging_mixin.py:137} INFO - [2024-02-19T12:35:48.334+0000] {dagbag.py:538} INFO - Filling up the DagBag from /home/airflow/.local/lib/python3.7/site-packages/airflow/example_dags/example_sensor_decorator.py
[2024-02-19T12:35:48.349+0000] {processor.py:753} INFO - DAG(s) dict_keys(['example_sensor_decorator']) retrieved from /home/airflow/.local/lib/python3.7/site-packages/airflow/example_dags/example_sensor_decorator.py
[2024-02-19T12:35:48.363+0000] {logging_mixin.py:137} INFO - [2024-02-19T12:35:48.362+0000] {dag.py:2690} INFO - Sync 1 DAGs
[2024-02-19T12:35:48.377+0000] {logging_mixin.py:137} INFO - [2024-02-19T12:35:48.377+0000] {dag.py:3441} INFO - Setting next_dagrun for example_sensor_decorator to None, run_after=None
[2024-02-19T12:35:48.388+0000] {processor.py:175} INFO - Processing /home/airflow/.local/lib/python3.7/site-packages/airflow/example_dags/example_sensor_decorator.py took 0.057 seconds
[2024-02-19T12:36:18.921+0000] {processor.py:153} INFO - Started process (PID=2919) to work on /home/airflow/.local/lib/python3.7/site-packages/airflow/example_dags/example_sensor_decorator.py
[2024-02-19T12:36:18.921+0000] {processor.py:743} INFO - Processing file /home/airflow/.local/lib/python3.7/site-packages/airflow/example_dags/example_sensor_decorator.py for tasks to queue
[2024-02-19T12:36:18.922+0000] {logging_mixin.py:137} INFO - [2024-02-19T12:36:18.922+0000] {dagbag.py:538} INFO - Filling up the DagBag from /home/airflow/.local/lib/python3.7/site-packages/airflow/example_dags/example_sensor_decorator.py
[2024-02-19T12:36:18.934+0000] {processor.py:753} INFO - DAG(s) dict_keys(['example_sensor_decorator']) retrieved from /home/airflow/.local/lib/python3.7/site-packages/airflow/example_dags/example_sensor_decorator.py
[2024-02-19T12:36:18.948+0000] {logging_mixin.py:137} INFO - [2024-02-19T12:36:18.948+0000] {dag.py:2690} INFO - Sync 1 DAGs
[2024-02-19T12:36:18.962+0000] {logging_mixin.py:137} INFO - [2024-02-19T12:36:18.962+0000] {dag.py:3441} INFO - Setting next_dagrun for example_sensor_decorator to None, run_after=None
[2024-02-19T12:36:18.973+0000] {processor.py:175} INFO - Processing /home/airflow/.local/lib/python3.7/site-packages/airflow/example_dags/example_sensor_decorator.py took 0.053 seconds
[2024-02-19T12:36:49.409+0000] {processor.py:153} INFO - Started process (PID=3054) to work on /home/airflow/.local/lib/python3.7/site-packages/airflow/example_dags/example_sensor_decorator.py
[2024-02-19T12:36:49.409+0000] {processor.py:743} INFO - Processing file /home/airflow/.local/lib/python3.7/site-packages/airflow/example_dags/example_sensor_decorator.py for tasks to queue
[2024-02-19T12:36:49.410+0000] {logging_mixin.py:137} INFO - [2024-02-19T12:36:49.409+0000] {dagbag.py:538} INFO - Filling up the DagBag from /home/airflow/.local/lib/python3.7/site-packages/airflow/example_dags/example_sensor_decorator.py
[2024-02-19T12:36:49.422+0000] {processor.py:753} INFO - DAG(s) dict_keys(['example_sensor_decorator']) retrieved from /home/airflow/.local/lib/python3.7/site-packages/airflow/example_dags/example_sensor_decorator.py
[2024-02-19T12:36:49.436+0000] {logging_mixin.py:137} INFO - [2024-02-19T12:36:49.436+0000] {dag.py:2690} INFO - Sync 1 DAGs
[2024-02-19T12:36:49.450+0000] {logging_mixin.py:137} INFO - [2024-02-19T12:36:49.450+0000] {dag.py:3441} INFO - Setting next_dagrun for example_sensor_decorator to None, run_after=None
[2024-02-19T12:36:49.460+0000] {processor.py:175} INFO - Processing /home/airflow/.local/lib/python3.7/site-packages/airflow/example_dags/example_sensor_decorator.py took 0.054 seconds
[2024-02-19T12:37:19.881+0000] {processor.py:153} INFO - Started process (PID=3189) to work on /home/airflow/.local/lib/python3.7/site-packages/airflow/example_dags/example_sensor_decorator.py
[2024-02-19T12:37:19.882+0000] {processor.py:743} INFO - Processing file /home/airflow/.local/lib/python3.7/site-packages/airflow/example_dags/example_sensor_decorator.py for tasks to queue
[2024-02-19T12:37:19.882+0000] {logging_mixin.py:137} INFO - [2024-02-19T12:37:19.882+0000] {dagbag.py:538} INFO - Filling up the DagBag from /home/airflow/.local/lib/python3.7/site-packages/airflow/example_dags/example_sensor_decorator.py
[2024-02-19T12:37:19.894+0000] {processor.py:753} INFO - DAG(s) dict_keys(['example_sensor_decorator']) retrieved from /home/airflow/.local/lib/python3.7/site-packages/airflow/example_dags/example_sensor_decorator.py
[2024-02-19T12:37:19.907+0000] {logging_mixin.py:137} INFO - [2024-02-19T12:37:19.907+0000] {dag.py:2690} INFO - Sync 1 DAGs
[2024-02-19T12:37:19.921+0000] {logging_mixin.py:137} INFO - [2024-02-19T12:37:19.921+0000] {dag.py:3441} INFO - Setting next_dagrun for example_sensor_decorator to None, run_after=None
[2024-02-19T12:37:19.931+0000] {processor.py:175} INFO - Processing /home/airflow/.local/lib/python3.7/site-packages/airflow/example_dags/example_sensor_decorator.py took 0.052 seconds
[2024-02-19T12:37:50.326+0000] {processor.py:153} INFO - Started process (PID=3292) to work on /home/airflow/.local/lib/python3.7/site-packages/airflow/example_dags/example_sensor_decorator.py
[2024-02-19T12:37:50.326+0000] {processor.py:743} INFO - Processing file /home/airflow/.local/lib/python3.7/site-packages/airflow/example_dags/example_sensor_decorator.py for tasks to queue
[2024-02-19T12:37:50.327+0000] {logging_mixin.py:137} INFO - [2024-02-19T12:37:50.327+0000] {dagbag.py:538} INFO - Filling up the DagBag from /home/airflow/.local/lib/python3.7/site-packages/airflow/example_dags/example_sensor_decorator.py
[2024-02-19T12:37:50.339+0000] {processor.py:753} INFO - DAG(s) dict_keys(['example_sensor_decorator']) retrieved from /home/airflow/.local/lib/python3.7/site-packages/airflow/example_dags/example_sensor_decorator.py
[2024-02-19T12:37:50.352+0000] {logging_mixin.py:137} INFO - [2024-02-19T12:37:50.352+0000] {dag.py:2690} INFO - Sync 1 DAGs
[2024-02-19T12:37:50.366+0000] {logging_mixin.py:137} INFO - [2024-02-19T12:37:50.366+0000] {dag.py:3441} INFO - Setting next_dagrun for example_sensor_decorator to None, run_after=None
[2024-02-19T12:37:50.377+0000] {processor.py:175} INFO - Processing /home/airflow/.local/lib/python3.7/site-packages/airflow/example_dags/example_sensor_decorator.py took 0.053 seconds
[2024-02-19T12:38:20.840+0000] {processor.py:153} INFO - Started process (PID=3427) to work on /home/airflow/.local/lib/python3.7/site-packages/airflow/example_dags/example_sensor_decorator.py
[2024-02-19T12:38:20.841+0000] {processor.py:743} INFO - Processing file /home/airflow/.local/lib/python3.7/site-packages/airflow/example_dags/example_sensor_decorator.py for tasks to queue
[2024-02-19T12:38:20.841+0000] {logging_mixin.py:137} INFO - [2024-02-19T12:38:20.841+0000] {dagbag.py:538} INFO - Filling up the DagBag from /home/airflow/.local/lib/python3.7/site-packages/airflow/example_dags/example_sensor_decorator.py
[2024-02-19T12:38:20.853+0000] {processor.py:753} INFO - DAG(s) dict_keys(['example_sensor_decorator']) retrieved from /home/airflow/.local/lib/python3.7/site-packages/airflow/example_dags/example_sensor_decorator.py
[2024-02-19T12:38:20.866+0000] {logging_mixin.py:137} INFO - [2024-02-19T12:38:20.866+0000] {dag.py:2690} INFO - Sync 1 DAGs
[2024-02-19T12:38:20.880+0000] {logging_mixin.py:137} INFO - [2024-02-19T12:38:20.880+0000] {dag.py:3441} INFO - Setting next_dagrun for example_sensor_decorator to None, run_after=None
[2024-02-19T12:38:20.890+0000] {processor.py:175} INFO - Processing /home/airflow/.local/lib/python3.7/site-packages/airflow/example_dags/example_sensor_decorator.py took 0.052 seconds
[2024-02-19T12:38:51.431+0000] {processor.py:153} INFO - Started process (PID=3562) to work on /home/airflow/.local/lib/python3.7/site-packages/airflow/example_dags/example_sensor_decorator.py
[2024-02-19T12:38:51.432+0000] {processor.py:743} INFO - Processing file /home/airflow/.local/lib/python3.7/site-packages/airflow/example_dags/example_sensor_decorator.py for tasks to queue
[2024-02-19T12:38:51.432+0000] {logging_mixin.py:137} INFO - [2024-02-19T12:38:51.432+0000] {dagbag.py:538} INFO - Filling up the DagBag from /home/airflow/.local/lib/python3.7/site-packages/airflow/example_dags/example_sensor_decorator.py
[2024-02-19T12:38:51.444+0000] {processor.py:753} INFO - DAG(s) dict_keys(['example_sensor_decorator']) retrieved from /home/airflow/.local/lib/python3.7/site-packages/airflow/example_dags/example_sensor_decorator.py
[2024-02-19T12:38:51.458+0000] {logging_mixin.py:137} INFO - [2024-02-19T12:38:51.458+0000] {dag.py:2690} INFO - Sync 1 DAGs
[2024-02-19T12:38:51.473+0000] {logging_mixin.py:137} INFO - [2024-02-19T12:38:51.473+0000] {dag.py:3441} INFO - Setting next_dagrun for example_sensor_decorator to None, run_after=None
[2024-02-19T12:38:51.484+0000] {processor.py:175} INFO - Processing /home/airflow/.local/lib/python3.7/site-packages/airflow/example_dags/example_sensor_decorator.py took 0.054 seconds
[2024-02-19T12:39:21.971+0000] {processor.py:153} INFO - Started process (PID=3665) to work on /home/airflow/.local/lib/python3.7/site-packages/airflow/example_dags/example_sensor_decorator.py
[2024-02-19T12:39:21.972+0000] {processor.py:743} INFO - Processing file /home/airflow/.local/lib/python3.7/site-packages/airflow/example_dags/example_sensor_decorator.py for tasks to queue
[2024-02-19T12:39:21.972+0000] {logging_mixin.py:137} INFO - [2024-02-19T12:39:21.972+0000] {dagbag.py:538} INFO - Filling up the DagBag from /home/airflow/.local/lib/python3.7/site-packages/airflow/example_dags/example_sensor_decorator.py
[2024-02-19T12:39:21.986+0000] {processor.py:753} INFO - DAG(s) dict_keys(['example_sensor_decorator']) retrieved from /home/airflow/.local/lib/python3.7/site-packages/airflow/example_dags/example_sensor_decorator.py
[2024-02-19T12:39:21.999+0000] {logging_mixin.py:137} INFO - [2024-02-19T12:39:21.999+0000] {dag.py:2690} INFO - Sync 1 DAGs
[2024-02-19T12:39:22.016+0000] {logging_mixin.py:137} INFO - [2024-02-19T12:39:22.016+0000] {dag.py:3441} INFO - Setting next_dagrun for example_sensor_decorator to None, run_after=None
[2024-02-19T12:39:22.028+0000] {processor.py:175} INFO - Processing /home/airflow/.local/lib/python3.7/site-packages/airflow/example_dags/example_sensor_decorator.py took 0.058 seconds
[2024-02-19T12:39:52.521+0000] {processor.py:153} INFO - Started process (PID=3800) to work on /home/airflow/.local/lib/python3.7/site-packages/airflow/example_dags/example_sensor_decorator.py
[2024-02-19T12:39:52.522+0000] {processor.py:743} INFO - Processing file /home/airflow/.local/lib/python3.7/site-packages/airflow/example_dags/example_sensor_decorator.py for tasks to queue
[2024-02-19T12:39:52.522+0000] {logging_mixin.py:137} INFO - [2024-02-19T12:39:52.522+0000] {dagbag.py:538} INFO - Filling up the DagBag from /home/airflow/.local/lib/python3.7/site-packages/airflow/example_dags/example_sensor_decorator.py
[2024-02-19T12:39:52.534+0000] {processor.py:753} INFO - DAG(s) dict_keys(['example_sensor_decorator']) retrieved from /home/airflow/.local/lib/python3.7/site-packages/airflow/example_dags/example_sensor_decorator.py
[2024-02-19T12:39:52.549+0000] {logging_mixin.py:137} INFO - [2024-02-19T12:39:52.549+0000] {dag.py:2690} INFO - Sync 1 DAGs
[2024-02-19T12:39:52.564+0000] {logging_mixin.py:137} INFO - [2024-02-19T12:39:52.564+0000] {dag.py:3441} INFO - Setting next_dagrun for example_sensor_decorator to None, run_after=None
[2024-02-19T12:39:52.575+0000] {processor.py:175} INFO - Processing /home/airflow/.local/lib/python3.7/site-packages/airflow/example_dags/example_sensor_decorator.py took 0.056 seconds
[2024-02-19T12:40:23.020+0000] {processor.py:153} INFO - Started process (PID=3935) to work on /home/airflow/.local/lib/python3.7/site-packages/airflow/example_dags/example_sensor_decorator.py
[2024-02-19T12:40:23.021+0000] {processor.py:743} INFO - Processing file /home/airflow/.local/lib/python3.7/site-packages/airflow/example_dags/example_sensor_decorator.py for tasks to queue
[2024-02-19T12:40:23.021+0000] {logging_mixin.py:137} INFO - [2024-02-19T12:40:23.021+0000] {dagbag.py:538} INFO - Filling up the DagBag from /home/airflow/.local/lib/python3.7/site-packages/airflow/example_dags/example_sensor_decorator.py
[2024-02-19T12:40:23.034+0000] {processor.py:753} INFO - DAG(s) dict_keys(['example_sensor_decorator']) retrieved from /home/airflow/.local/lib/python3.7/site-packages/airflow/example_dags/example_sensor_decorator.py
[2024-02-19T12:40:23.048+0000] {logging_mixin.py:137} INFO - [2024-02-19T12:40:23.048+0000] {dag.py:2690} INFO - Sync 1 DAGs
[2024-02-19T12:40:23.062+0000] {logging_mixin.py:137} INFO - [2024-02-19T12:40:23.062+0000] {dag.py:3441} INFO - Setting next_dagrun for example_sensor_decorator to None, run_after=None
[2024-02-19T12:40:23.073+0000] {processor.py:175} INFO - Processing /home/airflow/.local/lib/python3.7/site-packages/airflow/example_dags/example_sensor_decorator.py took 0.054 seconds
[2024-02-19T12:40:53.490+0000] {processor.py:153} INFO - Started process (PID=4039) to work on /home/airflow/.local/lib/python3.7/site-packages/airflow/example_dags/example_sensor_decorator.py
[2024-02-19T12:40:53.491+0000] {processor.py:743} INFO - Processing file /home/airflow/.local/lib/python3.7/site-packages/airflow/example_dags/example_sensor_decorator.py for tasks to queue
[2024-02-19T12:40:53.491+0000] {logging_mixin.py:137} INFO - [2024-02-19T12:40:53.491+0000] {dagbag.py:538} INFO - Filling up the DagBag from /home/airflow/.local/lib/python3.7/site-packages/airflow/example_dags/example_sensor_decorator.py
[2024-02-19T12:40:53.504+0000] {processor.py:753} INFO - DAG(s) dict_keys(['example_sensor_decorator']) retrieved from /home/airflow/.local/lib/python3.7/site-packages/airflow/example_dags/example_sensor_decorator.py
[2024-02-19T12:40:53.517+0000] {logging_mixin.py:137} INFO - [2024-02-19T12:40:53.517+0000] {dag.py:2690} INFO - Sync 1 DAGs
[2024-02-19T12:40:53.531+0000] {logging_mixin.py:137} INFO - [2024-02-19T12:40:53.531+0000] {dag.py:3441} INFO - Setting next_dagrun for example_sensor_decorator to None, run_after=None
[2024-02-19T12:40:53.542+0000] {processor.py:175} INFO - Processing /home/airflow/.local/lib/python3.7/site-packages/airflow/example_dags/example_sensor_decorator.py took 0.054 seconds
[2024-02-19T12:41:23.905+0000] {processor.py:153} INFO - Started process (PID=4174) to work on /home/airflow/.local/lib/python3.7/site-packages/airflow/example_dags/example_sensor_decorator.py
[2024-02-19T12:41:23.905+0000] {processor.py:743} INFO - Processing file /home/airflow/.local/lib/python3.7/site-packages/airflow/example_dags/example_sensor_decorator.py for tasks to queue
[2024-02-19T12:41:23.905+0000] {logging_mixin.py:137} INFO - [2024-02-19T12:41:23.905+0000] {dagbag.py:538} INFO - Filling up the DagBag from /home/airflow/.local/lib/python3.7/site-packages/airflow/example_dags/example_sensor_decorator.py
[2024-02-19T12:41:23.918+0000] {processor.py:753} INFO - DAG(s) dict_keys(['example_sensor_decorator']) retrieved from /home/airflow/.local/lib/python3.7/site-packages/airflow/example_dags/example_sensor_decorator.py
[2024-02-19T12:41:23.930+0000] {logging_mixin.py:137} INFO - [2024-02-19T12:41:23.930+0000] {dag.py:2690} INFO - Sync 1 DAGs
[2024-02-19T12:41:23.944+0000] {logging_mixin.py:137} INFO - [2024-02-19T12:41:23.944+0000] {dag.py:3441} INFO - Setting next_dagrun for example_sensor_decorator to None, run_after=None
[2024-02-19T12:41:23.955+0000] {processor.py:175} INFO - Processing /home/airflow/.local/lib/python3.7/site-packages/airflow/example_dags/example_sensor_decorator.py took 0.052 seconds
[2024-02-19T12:41:54.556+0000] {processor.py:153} INFO - Started process (PID=4309) to work on /home/airflow/.local/lib/python3.7/site-packages/airflow/example_dags/example_sensor_decorator.py
[2024-02-19T12:41:54.557+0000] {processor.py:743} INFO - Processing file /home/airflow/.local/lib/python3.7/site-packages/airflow/example_dags/example_sensor_decorator.py for tasks to queue
[2024-02-19T12:41:54.557+0000] {logging_mixin.py:137} INFO - [2024-02-19T12:41:54.557+0000] {dagbag.py:538} INFO - Filling up the DagBag from /home/airflow/.local/lib/python3.7/site-packages/airflow/example_dags/example_sensor_decorator.py
[2024-02-19T12:41:54.570+0000] {processor.py:753} INFO - DAG(s) dict_keys(['example_sensor_decorator']) retrieved from /home/airflow/.local/lib/python3.7/site-packages/airflow/example_dags/example_sensor_decorator.py
[2024-02-19T12:41:54.584+0000] {logging_mixin.py:137} INFO - [2024-02-19T12:41:54.584+0000] {dag.py:2690} INFO - Sync 1 DAGs
[2024-02-19T12:41:54.600+0000] {logging_mixin.py:137} INFO - [2024-02-19T12:41:54.599+0000] {dag.py:3441} INFO - Setting next_dagrun for example_sensor_decorator to None, run_after=None
[2024-02-19T12:41:54.612+0000] {processor.py:175} INFO - Processing /home/airflow/.local/lib/python3.7/site-packages/airflow/example_dags/example_sensor_decorator.py took 0.058 seconds
[2024-02-19T12:42:25.175+0000] {processor.py:153} INFO - Started process (PID=4412) to work on /home/airflow/.local/lib/python3.7/site-packages/airflow/example_dags/example_sensor_decorator.py
[2024-02-19T12:42:25.175+0000] {processor.py:743} INFO - Processing file /home/airflow/.local/lib/python3.7/site-packages/airflow/example_dags/example_sensor_decorator.py for tasks to queue
[2024-02-19T12:42:25.176+0000] {logging_mixin.py:137} INFO - [2024-02-19T12:42:25.176+0000] {dagbag.py:538} INFO - Filling up the DagBag from /home/airflow/.local/lib/python3.7/site-packages/airflow/example_dags/example_sensor_decorator.py
[2024-02-19T12:42:25.188+0000] {processor.py:753} INFO - DAG(s) dict_keys(['example_sensor_decorator']) retrieved from /home/airflow/.local/lib/python3.7/site-packages/airflow/example_dags/example_sensor_decorator.py
[2024-02-19T12:42:25.201+0000] {logging_mixin.py:137} INFO - [2024-02-19T12:42:25.201+0000] {dag.py:2690} INFO - Sync 1 DAGs
[2024-02-19T12:42:25.215+0000] {logging_mixin.py:137} INFO - [2024-02-19T12:42:25.215+0000] {dag.py:3441} INFO - Setting next_dagrun for example_sensor_decorator to None, run_after=None
[2024-02-19T12:42:25.225+0000] {processor.py:175} INFO - Processing /home/airflow/.local/lib/python3.7/site-packages/airflow/example_dags/example_sensor_decorator.py took 0.052 seconds
[2024-02-19T12:42:55.700+0000] {processor.py:153} INFO - Started process (PID=4547) to work on /home/airflow/.local/lib/python3.7/site-packages/airflow/example_dags/example_sensor_decorator.py
[2024-02-19T12:42:55.700+0000] {processor.py:743} INFO - Processing file /home/airflow/.local/lib/python3.7/site-packages/airflow/example_dags/example_sensor_decorator.py for tasks to queue
[2024-02-19T12:42:55.701+0000] {logging_mixin.py:137} INFO - [2024-02-19T12:42:55.701+0000] {dagbag.py:538} INFO - Filling up the DagBag from /home/airflow/.local/lib/python3.7/site-packages/airflow/example_dags/example_sensor_decorator.py
[2024-02-19T12:42:55.713+0000] {processor.py:753} INFO - DAG(s) dict_keys(['example_sensor_decorator']) retrieved from /home/airflow/.local/lib/python3.7/site-packages/airflow/example_dags/example_sensor_decorator.py
[2024-02-19T12:42:55.726+0000] {logging_mixin.py:137} INFO - [2024-02-19T12:42:55.726+0000] {dag.py:2690} INFO - Sync 1 DAGs
[2024-02-19T12:42:55.740+0000] {logging_mixin.py:137} INFO - [2024-02-19T12:42:55.740+0000] {dag.py:3441} INFO - Setting next_dagrun for example_sensor_decorator to None, run_after=None
[2024-02-19T12:42:55.752+0000] {processor.py:175} INFO - Processing /home/airflow/.local/lib/python3.7/site-packages/airflow/example_dags/example_sensor_decorator.py took 0.054 seconds
[2024-02-19T12:43:26.463+0000] {processor.py:153} INFO - Started process (PID=4682) to work on /home/airflow/.local/lib/python3.7/site-packages/airflow/example_dags/example_sensor_decorator.py
[2024-02-19T12:43:26.464+0000] {processor.py:743} INFO - Processing file /home/airflow/.local/lib/python3.7/site-packages/airflow/example_dags/example_sensor_decorator.py for tasks to queue
[2024-02-19T12:43:26.465+0000] {logging_mixin.py:137} INFO - [2024-02-19T12:43:26.464+0000] {dagbag.py:538} INFO - Filling up the DagBag from /home/airflow/.local/lib/python3.7/site-packages/airflow/example_dags/example_sensor_decorator.py
[2024-02-19T12:43:26.477+0000] {processor.py:753} INFO - DAG(s) dict_keys(['example_sensor_decorator']) retrieved from /home/airflow/.local/lib/python3.7/site-packages/airflow/example_dags/example_sensor_decorator.py
[2024-02-19T12:43:26.491+0000] {logging_mixin.py:137} INFO - [2024-02-19T12:43:26.491+0000] {dag.py:2690} INFO - Sync 1 DAGs
[2024-02-19T12:43:26.507+0000] {logging_mixin.py:137} INFO - [2024-02-19T12:43:26.507+0000] {dag.py:3441} INFO - Setting next_dagrun for example_sensor_decorator to None, run_after=None
[2024-02-19T12:43:26.518+0000] {processor.py:175} INFO - Processing /home/airflow/.local/lib/python3.7/site-packages/airflow/example_dags/example_sensor_decorator.py took 0.056 seconds
[2024-02-19T12:43:56.953+0000] {processor.py:153} INFO - Started process (PID=4785) to work on /home/airflow/.local/lib/python3.7/site-packages/airflow/example_dags/example_sensor_decorator.py
[2024-02-19T12:43:56.953+0000] {processor.py:743} INFO - Processing file /home/airflow/.local/lib/python3.7/site-packages/airflow/example_dags/example_sensor_decorator.py for tasks to queue
[2024-02-19T12:43:56.954+0000] {logging_mixin.py:137} INFO - [2024-02-19T12:43:56.954+0000] {dagbag.py:538} INFO - Filling up the DagBag from /home/airflow/.local/lib/python3.7/site-packages/airflow/example_dags/example_sensor_decorator.py
[2024-02-19T12:43:56.966+0000] {processor.py:753} INFO - DAG(s) dict_keys(['example_sensor_decorator']) retrieved from /home/airflow/.local/lib/python3.7/site-packages/airflow/example_dags/example_sensor_decorator.py
[2024-02-19T12:43:56.979+0000] {logging_mixin.py:137} INFO - [2024-02-19T12:43:56.979+0000] {dag.py:2690} INFO - Sync 1 DAGs
[2024-02-19T12:43:56.993+0000] {logging_mixin.py:137} INFO - [2024-02-19T12:43:56.993+0000] {dag.py:3441} INFO - Setting next_dagrun for example_sensor_decorator to None, run_after=None
[2024-02-19T12:43:57.003+0000] {processor.py:175} INFO - Processing /home/airflow/.local/lib/python3.7/site-packages/airflow/example_dags/example_sensor_decorator.py took 0.052 seconds
[2024-02-19T12:44:27.396+0000] {processor.py:153} INFO - Started process (PID=4919) to work on /home/airflow/.local/lib/python3.7/site-packages/airflow/example_dags/example_sensor_decorator.py
[2024-02-19T12:44:27.397+0000] {processor.py:743} INFO - Processing file /home/airflow/.local/lib/python3.7/site-packages/airflow/example_dags/example_sensor_decorator.py for tasks to queue
[2024-02-19T12:44:27.397+0000] {logging_mixin.py:137} INFO - [2024-02-19T12:44:27.397+0000] {dagbag.py:538} INFO - Filling up the DagBag from /home/airflow/.local/lib/python3.7/site-packages/airflow/example_dags/example_sensor_decorator.py
[2024-02-19T12:44:27.410+0000] {processor.py:753} INFO - DAG(s) dict_keys(['example_sensor_decorator']) retrieved from /home/airflow/.local/lib/python3.7/site-packages/airflow/example_dags/example_sensor_decorator.py
[2024-02-19T12:44:27.425+0000] {logging_mixin.py:137} INFO - [2024-02-19T12:44:27.424+0000] {dag.py:2690} INFO - Sync 1 DAGs
[2024-02-19T12:44:27.439+0000] {logging_mixin.py:137} INFO - [2024-02-19T12:44:27.439+0000] {dag.py:3441} INFO - Setting next_dagrun for example_sensor_decorator to None, run_after=None
[2024-02-19T12:44:27.450+0000] {processor.py:175} INFO - Processing /home/airflow/.local/lib/python3.7/site-packages/airflow/example_dags/example_sensor_decorator.py took 0.056 seconds
[2024-02-19T12:44:58.043+0000] {processor.py:153} INFO - Started process (PID=5054) to work on /home/airflow/.local/lib/python3.7/site-packages/airflow/example_dags/example_sensor_decorator.py
[2024-02-19T12:44:58.045+0000] {processor.py:743} INFO - Processing file /home/airflow/.local/lib/python3.7/site-packages/airflow/example_dags/example_sensor_decorator.py for tasks to queue
[2024-02-19T12:44:58.045+0000] {logging_mixin.py:137} INFO - [2024-02-19T12:44:58.045+0000] {dagbag.py:538} INFO - Filling up the DagBag from /home/airflow/.local/lib/python3.7/site-packages/airflow/example_dags/example_sensor_decorator.py
[2024-02-19T12:44:58.089+0000] {processor.py:753} INFO - DAG(s) dict_keys(['example_sensor_decorator']) retrieved from /home/airflow/.local/lib/python3.7/site-packages/airflow/example_dags/example_sensor_decorator.py
[2024-02-19T12:44:58.111+0000] {logging_mixin.py:137} INFO - [2024-02-19T12:44:58.111+0000] {dag.py:2690} INFO - Sync 1 DAGs
[2024-02-19T12:44:58.133+0000] {logging_mixin.py:137} INFO - [2024-02-19T12:44:58.132+0000] {dag.py:3441} INFO - Setting next_dagrun for example_sensor_decorator to None, run_after=None
[2024-02-19T12:44:58.152+0000] {processor.py:175} INFO - Processing /home/airflow/.local/lib/python3.7/site-packages/airflow/example_dags/example_sensor_decorator.py took 0.114 seconds
[2024-02-19T12:45:28.681+0000] {processor.py:153} INFO - Started process (PID=5157) to work on /home/airflow/.local/lib/python3.7/site-packages/airflow/example_dags/example_sensor_decorator.py
[2024-02-19T12:45:28.682+0000] {processor.py:743} INFO - Processing file /home/airflow/.local/lib/python3.7/site-packages/airflow/example_dags/example_sensor_decorator.py for tasks to queue
[2024-02-19T12:45:28.682+0000] {logging_mixin.py:137} INFO - [2024-02-19T12:45:28.682+0000] {dagbag.py:538} INFO - Filling up the DagBag from /home/airflow/.local/lib/python3.7/site-packages/airflow/example_dags/example_sensor_decorator.py
[2024-02-19T12:45:28.695+0000] {processor.py:753} INFO - DAG(s) dict_keys(['example_sensor_decorator']) retrieved from /home/airflow/.local/lib/python3.7/site-packages/airflow/example_dags/example_sensor_decorator.py
[2024-02-19T12:45:28.708+0000] {logging_mixin.py:137} INFO - [2024-02-19T12:45:28.708+0000] {dag.py:2690} INFO - Sync 1 DAGs
[2024-02-19T12:45:28.724+0000] {logging_mixin.py:137} INFO - [2024-02-19T12:45:28.724+0000] {dag.py:3441} INFO - Setting next_dagrun for example_sensor_decorator to None, run_after=None
[2024-02-19T12:45:28.734+0000] {processor.py:175} INFO - Processing /home/airflow/.local/lib/python3.7/site-packages/airflow/example_dags/example_sensor_decorator.py took 0.055 seconds
[2024-02-19T12:45:59.209+0000] {processor.py:153} INFO - Started process (PID=5292) to work on /home/airflow/.local/lib/python3.7/site-packages/airflow/example_dags/example_sensor_decorator.py
[2024-02-19T12:45:59.210+0000] {processor.py:743} INFO - Processing file /home/airflow/.local/lib/python3.7/site-packages/airflow/example_dags/example_sensor_decorator.py for tasks to queue
[2024-02-19T12:45:59.210+0000] {logging_mixin.py:137} INFO - [2024-02-19T12:45:59.210+0000] {dagbag.py:538} INFO - Filling up the DagBag from /home/airflow/.local/lib/python3.7/site-packages/airflow/example_dags/example_sensor_decorator.py
[2024-02-19T12:45:59.223+0000] {processor.py:753} INFO - DAG(s) dict_keys(['example_sensor_decorator']) retrieved from /home/airflow/.local/lib/python3.7/site-packages/airflow/example_dags/example_sensor_decorator.py
[2024-02-19T12:45:59.236+0000] {logging_mixin.py:137} INFO - [2024-02-19T12:45:59.236+0000] {dag.py:2690} INFO - Sync 1 DAGs
[2024-02-19T12:45:59.250+0000] {logging_mixin.py:137} INFO - [2024-02-19T12:45:59.250+0000] {dag.py:3441} INFO - Setting next_dagrun for example_sensor_decorator to None, run_after=None
[2024-02-19T12:45:59.261+0000] {processor.py:175} INFO - Processing /home/airflow/.local/lib/python3.7/site-packages/airflow/example_dags/example_sensor_decorator.py took 0.054 seconds
[2024-02-19T12:46:29.762+0000] {processor.py:153} INFO - Started process (PID=5427) to work on /home/airflow/.local/lib/python3.7/site-packages/airflow/example_dags/example_sensor_decorator.py
[2024-02-19T12:46:29.770+0000] {processor.py:743} INFO - Processing file /home/airflow/.local/lib/python3.7/site-packages/airflow/example_dags/example_sensor_decorator.py for tasks to queue
[2024-02-19T12:46:29.771+0000] {logging_mixin.py:137} INFO - [2024-02-19T12:46:29.771+0000] {dagbag.py:538} INFO - Filling up the DagBag from /home/airflow/.local/lib/python3.7/site-packages/airflow/example_dags/example_sensor_decorator.py
[2024-02-19T12:46:29.815+0000] {processor.py:753} INFO - DAG(s) dict_keys(['example_sensor_decorator']) retrieved from /home/airflow/.local/lib/python3.7/site-packages/airflow/example_dags/example_sensor_decorator.py
[2024-02-19T12:46:29.842+0000] {logging_mixin.py:137} INFO - [2024-02-19T12:46:29.842+0000] {dag.py:2690} INFO - Sync 1 DAGs
[2024-02-19T12:46:29.866+0000] {logging_mixin.py:137} INFO - [2024-02-19T12:46:29.866+0000] {dag.py:3441} INFO - Setting next_dagrun for example_sensor_decorator to None, run_after=None
[2024-02-19T12:46:29.879+0000] {processor.py:175} INFO - Processing /home/airflow/.local/lib/python3.7/site-packages/airflow/example_dags/example_sensor_decorator.py took 0.120 seconds
[2024-02-19T12:47:00.396+0000] {processor.py:153} INFO - Started process (PID=5530) to work on /home/airflow/.local/lib/python3.7/site-packages/airflow/example_dags/example_sensor_decorator.py
[2024-02-19T12:47:00.397+0000] {processor.py:743} INFO - Processing file /home/airflow/.local/lib/python3.7/site-packages/airflow/example_dags/example_sensor_decorator.py for tasks to queue
[2024-02-19T12:47:00.397+0000] {logging_mixin.py:137} INFO - [2024-02-19T12:47:00.397+0000] {dagbag.py:538} INFO - Filling up the DagBag from /home/airflow/.local/lib/python3.7/site-packages/airflow/example_dags/example_sensor_decorator.py
[2024-02-19T12:47:00.410+0000] {processor.py:753} INFO - DAG(s) dict_keys(['example_sensor_decorator']) retrieved from /home/airflow/.local/lib/python3.7/site-packages/airflow/example_dags/example_sensor_decorator.py
[2024-02-19T12:47:00.423+0000] {logging_mixin.py:137} INFO - [2024-02-19T12:47:00.423+0000] {dag.py:2690} INFO - Sync 1 DAGs
[2024-02-19T12:47:00.437+0000] {logging_mixin.py:137} INFO - [2024-02-19T12:47:00.437+0000] {dag.py:3441} INFO - Setting next_dagrun for example_sensor_decorator to None, run_after=None
[2024-02-19T12:47:00.449+0000] {processor.py:175} INFO - Processing /home/airflow/.local/lib/python3.7/site-packages/airflow/example_dags/example_sensor_decorator.py took 0.055 seconds
[2024-02-19T12:47:30.840+0000] {processor.py:153} INFO - Started process (PID=5665) to work on /home/airflow/.local/lib/python3.7/site-packages/airflow/example_dags/example_sensor_decorator.py
[2024-02-19T12:47:30.840+0000] {processor.py:743} INFO - Processing file /home/airflow/.local/lib/python3.7/site-packages/airflow/example_dags/example_sensor_decorator.py for tasks to queue
[2024-02-19T12:47:30.841+0000] {logging_mixin.py:137} INFO - [2024-02-19T12:47:30.841+0000] {dagbag.py:538} INFO - Filling up the DagBag from /home/airflow/.local/lib/python3.7/site-packages/airflow/example_dags/example_sensor_decorator.py
[2024-02-19T12:47:30.854+0000] {processor.py:753} INFO - DAG(s) dict_keys(['example_sensor_decorator']) retrieved from /home/airflow/.local/lib/python3.7/site-packages/airflow/example_dags/example_sensor_decorator.py
[2024-02-19T12:47:30.868+0000] {logging_mixin.py:137} INFO - [2024-02-19T12:47:30.868+0000] {dag.py:2690} INFO - Sync 1 DAGs
[2024-02-19T12:47:30.883+0000] {logging_mixin.py:137} INFO - [2024-02-19T12:47:30.883+0000] {dag.py:3441} INFO - Setting next_dagrun for example_sensor_decorator to None, run_after=None
[2024-02-19T12:47:30.895+0000] {processor.py:175} INFO - Processing /home/airflow/.local/lib/python3.7/site-packages/airflow/example_dags/example_sensor_decorator.py took 0.057 seconds
[2024-02-19T12:48:01.314+0000] {processor.py:153} INFO - Started process (PID=5777) to work on /home/airflow/.local/lib/python3.7/site-packages/airflow/example_dags/example_sensor_decorator.py
[2024-02-19T12:48:01.315+0000] {processor.py:743} INFO - Processing file /home/airflow/.local/lib/python3.7/site-packages/airflow/example_dags/example_sensor_decorator.py for tasks to queue
[2024-02-19T12:48:01.315+0000] {logging_mixin.py:137} INFO - [2024-02-19T12:48:01.315+0000] {dagbag.py:538} INFO - Filling up the DagBag from /home/airflow/.local/lib/python3.7/site-packages/airflow/example_dags/example_sensor_decorator.py
[2024-02-19T12:48:01.328+0000] {processor.py:753} INFO - DAG(s) dict_keys(['example_sensor_decorator']) retrieved from /home/airflow/.local/lib/python3.7/site-packages/airflow/example_dags/example_sensor_decorator.py
[2024-02-19T12:48:01.343+0000] {logging_mixin.py:137} INFO - [2024-02-19T12:48:01.343+0000] {dag.py:2690} INFO - Sync 1 DAGs
[2024-02-19T12:48:01.358+0000] {logging_mixin.py:137} INFO - [2024-02-19T12:48:01.358+0000] {dag.py:3441} INFO - Setting next_dagrun for example_sensor_decorator to None, run_after=None
[2024-02-19T12:48:01.370+0000] {processor.py:175} INFO - Processing /home/airflow/.local/lib/python3.7/site-packages/airflow/example_dags/example_sensor_decorator.py took 0.057 seconds
[2024-02-19T12:48:32.017+0000] {processor.py:153} INFO - Started process (PID=5903) to work on /home/airflow/.local/lib/python3.7/site-packages/airflow/example_dags/example_sensor_decorator.py
[2024-02-19T12:48:32.017+0000] {processor.py:743} INFO - Processing file /home/airflow/.local/lib/python3.7/site-packages/airflow/example_dags/example_sensor_decorator.py for tasks to queue
[2024-02-19T12:48:32.017+0000] {logging_mixin.py:137} INFO - [2024-02-19T12:48:32.017+0000] {dagbag.py:538} INFO - Filling up the DagBag from /home/airflow/.local/lib/python3.7/site-packages/airflow/example_dags/example_sensor_decorator.py
[2024-02-19T12:48:32.031+0000] {processor.py:753} INFO - DAG(s) dict_keys(['example_sensor_decorator']) retrieved from /home/airflow/.local/lib/python3.7/site-packages/airflow/example_dags/example_sensor_decorator.py
[2024-02-19T12:48:32.044+0000] {logging_mixin.py:137} INFO - [2024-02-19T12:48:32.044+0000] {dag.py:2690} INFO - Sync 1 DAGs
[2024-02-19T12:48:32.059+0000] {logging_mixin.py:137} INFO - [2024-02-19T12:48:32.058+0000] {dag.py:3441} INFO - Setting next_dagrun for example_sensor_decorator to None, run_after=None
[2024-02-19T12:48:32.070+0000] {processor.py:175} INFO - Processing /home/airflow/.local/lib/python3.7/site-packages/airflow/example_dags/example_sensor_decorator.py took 0.055 seconds
[2024-02-19T12:49:02.633+0000] {processor.py:153} INFO - Started process (PID=6038) to work on /home/airflow/.local/lib/python3.7/site-packages/airflow/example_dags/example_sensor_decorator.py
[2024-02-19T12:49:02.634+0000] {processor.py:743} INFO - Processing file /home/airflow/.local/lib/python3.7/site-packages/airflow/example_dags/example_sensor_decorator.py for tasks to queue
[2024-02-19T12:49:02.634+0000] {logging_mixin.py:137} INFO - [2024-02-19T12:49:02.634+0000] {dagbag.py:538} INFO - Filling up the DagBag from /home/airflow/.local/lib/python3.7/site-packages/airflow/example_dags/example_sensor_decorator.py
[2024-02-19T12:49:02.646+0000] {processor.py:753} INFO - DAG(s) dict_keys(['example_sensor_decorator']) retrieved from /home/airflow/.local/lib/python3.7/site-packages/airflow/example_dags/example_sensor_decorator.py
[2024-02-19T12:49:02.659+0000] {logging_mixin.py:137} INFO - [2024-02-19T12:49:02.659+0000] {dag.py:2690} INFO - Sync 1 DAGs
[2024-02-19T12:49:02.673+0000] {logging_mixin.py:137} INFO - [2024-02-19T12:49:02.673+0000] {dag.py:3441} INFO - Setting next_dagrun for example_sensor_decorator to None, run_after=None
[2024-02-19T12:49:02.684+0000] {processor.py:175} INFO - Processing /home/airflow/.local/lib/python3.7/site-packages/airflow/example_dags/example_sensor_decorator.py took 0.053 seconds
[2024-02-19T12:49:33.318+0000] {processor.py:153} INFO - Started process (PID=6173) to work on /home/airflow/.local/lib/python3.7/site-packages/airflow/example_dags/example_sensor_decorator.py
[2024-02-19T12:49:33.318+0000] {processor.py:743} INFO - Processing file /home/airflow/.local/lib/python3.7/site-packages/airflow/example_dags/example_sensor_decorator.py for tasks to queue
[2024-02-19T12:49:33.318+0000] {logging_mixin.py:137} INFO - [2024-02-19T12:49:33.318+0000] {dagbag.py:538} INFO - Filling up the DagBag from /home/airflow/.local/lib/python3.7/site-packages/airflow/example_dags/example_sensor_decorator.py
[2024-02-19T12:49:33.331+0000] {processor.py:753} INFO - DAG(s) dict_keys(['example_sensor_decorator']) retrieved from /home/airflow/.local/lib/python3.7/site-packages/airflow/example_dags/example_sensor_decorator.py
[2024-02-19T12:49:33.344+0000] {logging_mixin.py:137} INFO - [2024-02-19T12:49:33.344+0000] {dag.py:2690} INFO - Sync 1 DAGs
[2024-02-19T12:49:33.359+0000] {logging_mixin.py:137} INFO - [2024-02-19T12:49:33.359+0000] {dag.py:3441} INFO - Setting next_dagrun for example_sensor_decorator to None, run_after=None
[2024-02-19T12:49:33.371+0000] {processor.py:175} INFO - Processing /home/airflow/.local/lib/python3.7/site-packages/airflow/example_dags/example_sensor_decorator.py took 0.056 seconds
[2024-02-19T12:50:03.873+0000] {processor.py:153} INFO - Started process (PID=6276) to work on /home/airflow/.local/lib/python3.7/site-packages/airflow/example_dags/example_sensor_decorator.py
[2024-02-19T12:50:03.873+0000] {processor.py:743} INFO - Processing file /home/airflow/.local/lib/python3.7/site-packages/airflow/example_dags/example_sensor_decorator.py for tasks to queue
[2024-02-19T12:50:03.874+0000] {logging_mixin.py:137} INFO - [2024-02-19T12:50:03.874+0000] {dagbag.py:538} INFO - Filling up the DagBag from /home/airflow/.local/lib/python3.7/site-packages/airflow/example_dags/example_sensor_decorator.py
[2024-02-19T12:50:03.887+0000] {processor.py:753} INFO - DAG(s) dict_keys(['example_sensor_decorator']) retrieved from /home/airflow/.local/lib/python3.7/site-packages/airflow/example_dags/example_sensor_decorator.py
[2024-02-19T12:50:03.900+0000] {logging_mixin.py:137} INFO - [2024-02-19T12:50:03.900+0000] {dag.py:2690} INFO - Sync 1 DAGs
[2024-02-19T12:50:03.915+0000] {logging_mixin.py:137} INFO - [2024-02-19T12:50:03.915+0000] {dag.py:3441} INFO - Setting next_dagrun for example_sensor_decorator to None, run_after=None
[2024-02-19T12:50:03.926+0000] {processor.py:175} INFO - Processing /home/airflow/.local/lib/python3.7/site-packages/airflow/example_dags/example_sensor_decorator.py took 0.055 seconds
[2024-02-19T12:50:34.330+0000] {processor.py:153} INFO - Started process (PID=6411) to work on /home/airflow/.local/lib/python3.7/site-packages/airflow/example_dags/example_sensor_decorator.py
[2024-02-19T12:50:34.331+0000] {processor.py:743} INFO - Processing file /home/airflow/.local/lib/python3.7/site-packages/airflow/example_dags/example_sensor_decorator.py for tasks to queue
[2024-02-19T12:50:34.331+0000] {logging_mixin.py:137} INFO - [2024-02-19T12:50:34.331+0000] {dagbag.py:538} INFO - Filling up the DagBag from /home/airflow/.local/lib/python3.7/site-packages/airflow/example_dags/example_sensor_decorator.py
[2024-02-19T12:50:34.344+0000] {processor.py:753} INFO - DAG(s) dict_keys(['example_sensor_decorator']) retrieved from /home/airflow/.local/lib/python3.7/site-packages/airflow/example_dags/example_sensor_decorator.py
[2024-02-19T12:50:34.357+0000] {logging_mixin.py:137} INFO - [2024-02-19T12:50:34.357+0000] {dag.py:2690} INFO - Sync 1 DAGs
[2024-02-19T12:50:34.372+0000] {logging_mixin.py:137} INFO - [2024-02-19T12:50:34.372+0000] {dag.py:3441} INFO - Setting next_dagrun for example_sensor_decorator to None, run_after=None
[2024-02-19T12:50:34.383+0000] {processor.py:175} INFO - Processing /home/airflow/.local/lib/python3.7/site-packages/airflow/example_dags/example_sensor_decorator.py took 0.055 seconds
[2024-02-19T12:51:04.829+0000] {processor.py:153} INFO - Started process (PID=6513) to work on /home/airflow/.local/lib/python3.7/site-packages/airflow/example_dags/example_sensor_decorator.py
[2024-02-19T12:51:04.830+0000] {processor.py:743} INFO - Processing file /home/airflow/.local/lib/python3.7/site-packages/airflow/example_dags/example_sensor_decorator.py for tasks to queue
[2024-02-19T12:51:04.831+0000] {logging_mixin.py:137} INFO - [2024-02-19T12:51:04.831+0000] {dagbag.py:538} INFO - Filling up the DagBag from /home/airflow/.local/lib/python3.7/site-packages/airflow/example_dags/example_sensor_decorator.py
[2024-02-19T12:51:04.847+0000] {processor.py:753} INFO - DAG(s) dict_keys(['example_sensor_decorator']) retrieved from /home/airflow/.local/lib/python3.7/site-packages/airflow/example_dags/example_sensor_decorator.py
[2024-02-19T12:51:04.866+0000] {logging_mixin.py:137} INFO - [2024-02-19T12:51:04.866+0000] {dag.py:2690} INFO - Sync 1 DAGs
[2024-02-19T12:51:04.887+0000] {logging_mixin.py:137} INFO - [2024-02-19T12:51:04.886+0000] {dag.py:3441} INFO - Setting next_dagrun for example_sensor_decorator to None, run_after=None
[2024-02-19T12:51:04.902+0000] {processor.py:175} INFO - Processing /home/airflow/.local/lib/python3.7/site-packages/airflow/example_dags/example_sensor_decorator.py took 0.076 seconds
[2024-02-19T12:51:35.690+0000] {processor.py:153} INFO - Started process (PID=6648) to work on /home/airflow/.local/lib/python3.7/site-packages/airflow/example_dags/example_sensor_decorator.py
[2024-02-19T12:51:35.691+0000] {processor.py:743} INFO - Processing file /home/airflow/.local/lib/python3.7/site-packages/airflow/example_dags/example_sensor_decorator.py for tasks to queue
[2024-02-19T12:51:35.691+0000] {logging_mixin.py:137} INFO - [2024-02-19T12:51:35.691+0000] {dagbag.py:538} INFO - Filling up the DagBag from /home/airflow/.local/lib/python3.7/site-packages/airflow/example_dags/example_sensor_decorator.py
[2024-02-19T12:51:35.706+0000] {processor.py:753} INFO - DAG(s) dict_keys(['example_sensor_decorator']) retrieved from /home/airflow/.local/lib/python3.7/site-packages/airflow/example_dags/example_sensor_decorator.py
[2024-02-19T12:51:35.722+0000] {logging_mixin.py:137} INFO - [2024-02-19T12:51:35.722+0000] {dag.py:2690} INFO - Sync 1 DAGs
[2024-02-19T12:51:35.740+0000] {logging_mixin.py:137} INFO - [2024-02-19T12:51:35.739+0000] {dag.py:3441} INFO - Setting next_dagrun for example_sensor_decorator to None, run_after=None
[2024-02-19T12:51:35.753+0000] {processor.py:175} INFO - Processing /home/airflow/.local/lib/python3.7/site-packages/airflow/example_dags/example_sensor_decorator.py took 0.066 seconds
[2024-02-19T12:52:06.581+0000] {processor.py:153} INFO - Started process (PID=6783) to work on /home/airflow/.local/lib/python3.7/site-packages/airflow/example_dags/example_sensor_decorator.py
[2024-02-19T12:52:06.581+0000] {processor.py:743} INFO - Processing file /home/airflow/.local/lib/python3.7/site-packages/airflow/example_dags/example_sensor_decorator.py for tasks to queue
[2024-02-19T12:52:06.582+0000] {logging_mixin.py:137} INFO - [2024-02-19T12:52:06.582+0000] {dagbag.py:538} INFO - Filling up the DagBag from /home/airflow/.local/lib/python3.7/site-packages/airflow/example_dags/example_sensor_decorator.py
[2024-02-19T12:52:06.602+0000] {processor.py:753} INFO - DAG(s) dict_keys(['example_sensor_decorator']) retrieved from /home/airflow/.local/lib/python3.7/site-packages/airflow/example_dags/example_sensor_decorator.py
[2024-02-19T12:52:06.626+0000] {logging_mixin.py:137} INFO - [2024-02-19T12:52:06.626+0000] {dag.py:2690} INFO - Sync 1 DAGs
[2024-02-19T12:52:06.650+0000] {logging_mixin.py:137} INFO - [2024-02-19T12:52:06.650+0000] {dag.py:3441} INFO - Setting next_dagrun for example_sensor_decorator to None, run_after=None
[2024-02-19T12:52:06.670+0000] {processor.py:175} INFO - Processing /home/airflow/.local/lib/python3.7/site-packages/airflow/example_dags/example_sensor_decorator.py took 0.092 seconds
[2024-02-19T12:52:36.811+0000] {processor.py:153} INFO - Started process (PID=6886) to work on /home/airflow/.local/lib/python3.7/site-packages/airflow/example_dags/example_sensor_decorator.py
[2024-02-19T12:52:36.811+0000] {processor.py:743} INFO - Processing file /home/airflow/.local/lib/python3.7/site-packages/airflow/example_dags/example_sensor_decorator.py for tasks to queue
[2024-02-19T12:52:36.812+0000] {logging_mixin.py:137} INFO - [2024-02-19T12:52:36.812+0000] {dagbag.py:538} INFO - Filling up the DagBag from /home/airflow/.local/lib/python3.7/site-packages/airflow/example_dags/example_sensor_decorator.py
[2024-02-19T12:52:36.827+0000] {processor.py:753} INFO - DAG(s) dict_keys(['example_sensor_decorator']) retrieved from /home/airflow/.local/lib/python3.7/site-packages/airflow/example_dags/example_sensor_decorator.py
[2024-02-19T12:52:36.843+0000] {logging_mixin.py:137} INFO - [2024-02-19T12:52:36.842+0000] {dag.py:2690} INFO - Sync 1 DAGs
[2024-02-19T12:52:36.861+0000] {logging_mixin.py:137} INFO - [2024-02-19T12:52:36.860+0000] {dag.py:3441} INFO - Setting next_dagrun for example_sensor_decorator to None, run_after=None
[2024-02-19T12:52:36.873+0000] {processor.py:175} INFO - Processing /home/airflow/.local/lib/python3.7/site-packages/airflow/example_dags/example_sensor_decorator.py took 0.064 seconds
[2024-02-19T12:53:07.747+0000] {processor.py:153} INFO - Started process (PID=7021) to work on /home/airflow/.local/lib/python3.7/site-packages/airflow/example_dags/example_sensor_decorator.py
[2024-02-19T12:53:07.748+0000] {processor.py:743} INFO - Processing file /home/airflow/.local/lib/python3.7/site-packages/airflow/example_dags/example_sensor_decorator.py for tasks to queue
[2024-02-19T12:53:07.748+0000] {logging_mixin.py:137} INFO - [2024-02-19T12:53:07.748+0000] {dagbag.py:538} INFO - Filling up the DagBag from /home/airflow/.local/lib/python3.7/site-packages/airflow/example_dags/example_sensor_decorator.py
[2024-02-19T12:53:07.764+0000] {processor.py:753} INFO - DAG(s) dict_keys(['example_sensor_decorator']) retrieved from /home/airflow/.local/lib/python3.7/site-packages/airflow/example_dags/example_sensor_decorator.py
[2024-02-19T12:53:07.781+0000] {logging_mixin.py:137} INFO - [2024-02-19T12:53:07.781+0000] {dag.py:2690} INFO - Sync 1 DAGs
[2024-02-19T12:53:07.800+0000] {logging_mixin.py:137} INFO - [2024-02-19T12:53:07.799+0000] {dag.py:3441} INFO - Setting next_dagrun for example_sensor_decorator to None, run_after=None
[2024-02-19T12:53:07.814+0000] {processor.py:175} INFO - Processing /home/airflow/.local/lib/python3.7/site-packages/airflow/example_dags/example_sensor_decorator.py took 0.069 seconds
[2024-02-19T12:53:38.377+0000] {processor.py:153} INFO - Started process (PID=7134) to work on /home/airflow/.local/lib/python3.7/site-packages/airflow/example_dags/example_sensor_decorator.py
[2024-02-19T12:53:38.378+0000] {processor.py:743} INFO - Processing file /home/airflow/.local/lib/python3.7/site-packages/airflow/example_dags/example_sensor_decorator.py for tasks to queue
[2024-02-19T12:53:38.378+0000] {logging_mixin.py:137} INFO - [2024-02-19T12:53:38.378+0000] {dagbag.py:538} INFO - Filling up the DagBag from /home/airflow/.local/lib/python3.7/site-packages/airflow/example_dags/example_sensor_decorator.py
[2024-02-19T12:53:38.395+0000] {processor.py:753} INFO - DAG(s) dict_keys(['example_sensor_decorator']) retrieved from /home/airflow/.local/lib/python3.7/site-packages/airflow/example_dags/example_sensor_decorator.py
[2024-02-19T12:53:38.414+0000] {logging_mixin.py:137} INFO - [2024-02-19T12:53:38.413+0000] {dag.py:2690} INFO - Sync 1 DAGs
[2024-02-19T12:53:38.435+0000] {logging_mixin.py:137} INFO - [2024-02-19T12:53:38.435+0000] {dag.py:3441} INFO - Setting next_dagrun for example_sensor_decorator to None, run_after=None
[2024-02-19T12:53:38.451+0000] {processor.py:175} INFO - Processing /home/airflow/.local/lib/python3.7/site-packages/airflow/example_dags/example_sensor_decorator.py took 0.077 seconds
[2024-02-19T12:54:08.619+0000] {processor.py:153} INFO - Started process (PID=7260) to work on /home/airflow/.local/lib/python3.7/site-packages/airflow/example_dags/example_sensor_decorator.py
[2024-02-19T12:54:08.620+0000] {processor.py:743} INFO - Processing file /home/airflow/.local/lib/python3.7/site-packages/airflow/example_dags/example_sensor_decorator.py for tasks to queue
[2024-02-19T12:54:08.620+0000] {logging_mixin.py:137} INFO - [2024-02-19T12:54:08.620+0000] {dagbag.py:538} INFO - Filling up the DagBag from /home/airflow/.local/lib/python3.7/site-packages/airflow/example_dags/example_sensor_decorator.py
[2024-02-19T12:54:08.636+0000] {processor.py:753} INFO - DAG(s) dict_keys(['example_sensor_decorator']) retrieved from /home/airflow/.local/lib/python3.7/site-packages/airflow/example_dags/example_sensor_decorator.py
[2024-02-19T12:54:08.652+0000] {logging_mixin.py:137} INFO - [2024-02-19T12:54:08.652+0000] {dag.py:2690} INFO - Sync 1 DAGs
[2024-02-19T12:54:08.669+0000] {logging_mixin.py:137} INFO - [2024-02-19T12:54:08.669+0000] {dag.py:3441} INFO - Setting next_dagrun for example_sensor_decorator to None, run_after=None
[2024-02-19T12:54:08.683+0000] {processor.py:175} INFO - Processing /home/airflow/.local/lib/python3.7/site-packages/airflow/example_dags/example_sensor_decorator.py took 0.066 seconds
[2024-02-19T12:54:39.584+0000] {processor.py:153} INFO - Started process (PID=7395) to work on /home/airflow/.local/lib/python3.7/site-packages/airflow/example_dags/example_sensor_decorator.py
[2024-02-19T12:54:39.585+0000] {processor.py:743} INFO - Processing file /home/airflow/.local/lib/python3.7/site-packages/airflow/example_dags/example_sensor_decorator.py for tasks to queue
[2024-02-19T12:54:39.586+0000] {logging_mixin.py:137} INFO - [2024-02-19T12:54:39.586+0000] {dagbag.py:538} INFO - Filling up the DagBag from /home/airflow/.local/lib/python3.7/site-packages/airflow/example_dags/example_sensor_decorator.py
[2024-02-19T12:54:39.603+0000] {processor.py:753} INFO - DAG(s) dict_keys(['example_sensor_decorator']) retrieved from /home/airflow/.local/lib/python3.7/site-packages/airflow/example_dags/example_sensor_decorator.py
[2024-02-19T12:54:39.622+0000] {logging_mixin.py:137} INFO - [2024-02-19T12:54:39.622+0000] {dag.py:2690} INFO - Sync 1 DAGs
[2024-02-19T12:54:39.642+0000] {logging_mixin.py:137} INFO - [2024-02-19T12:54:39.642+0000] {dag.py:3441} INFO - Setting next_dagrun for example_sensor_decorator to None, run_after=None
[2024-02-19T12:54:39.657+0000] {processor.py:175} INFO - Processing /home/airflow/.local/lib/python3.7/site-packages/airflow/example_dags/example_sensor_decorator.py took 0.074 seconds
[2024-02-19T12:55:10.391+0000] {processor.py:153} INFO - Started process (PID=7498) to work on /home/airflow/.local/lib/python3.7/site-packages/airflow/example_dags/example_sensor_decorator.py
[2024-02-19T12:55:10.391+0000] {processor.py:743} INFO - Processing file /home/airflow/.local/lib/python3.7/site-packages/airflow/example_dags/example_sensor_decorator.py for tasks to queue
[2024-02-19T12:55:10.392+0000] {logging_mixin.py:137} INFO - [2024-02-19T12:55:10.392+0000] {dagbag.py:538} INFO - Filling up the DagBag from /home/airflow/.local/lib/python3.7/site-packages/airflow/example_dags/example_sensor_decorator.py
[2024-02-19T12:55:10.407+0000] {processor.py:753} INFO - DAG(s) dict_keys(['example_sensor_decorator']) retrieved from /home/airflow/.local/lib/python3.7/site-packages/airflow/example_dags/example_sensor_decorator.py
[2024-02-19T12:55:10.424+0000] {logging_mixin.py:137} INFO - [2024-02-19T12:55:10.424+0000] {dag.py:2690} INFO - Sync 1 DAGs
[2024-02-19T12:55:10.442+0000] {logging_mixin.py:137} INFO - [2024-02-19T12:55:10.442+0000] {dag.py:3441} INFO - Setting next_dagrun for example_sensor_decorator to None, run_after=None
[2024-02-19T12:55:10.455+0000] {processor.py:175} INFO - Processing /home/airflow/.local/lib/python3.7/site-packages/airflow/example_dags/example_sensor_decorator.py took 0.067 seconds
[2024-02-19T12:55:41.104+0000] {processor.py:153} INFO - Started process (PID=7633) to work on /home/airflow/.local/lib/python3.7/site-packages/airflow/example_dags/example_sensor_decorator.py
[2024-02-19T12:55:41.105+0000] {processor.py:743} INFO - Processing file /home/airflow/.local/lib/python3.7/site-packages/airflow/example_dags/example_sensor_decorator.py for tasks to queue
[2024-02-19T12:55:41.106+0000] {logging_mixin.py:137} INFO - [2024-02-19T12:55:41.106+0000] {dagbag.py:538} INFO - Filling up the DagBag from /home/airflow/.local/lib/python3.7/site-packages/airflow/example_dags/example_sensor_decorator.py
[2024-02-19T12:55:41.122+0000] {processor.py:753} INFO - DAG(s) dict_keys(['example_sensor_decorator']) retrieved from /home/airflow/.local/lib/python3.7/site-packages/airflow/example_dags/example_sensor_decorator.py
[2024-02-19T12:55:41.141+0000] {logging_mixin.py:137} INFO - [2024-02-19T12:55:41.141+0000] {dag.py:2690} INFO - Sync 1 DAGs
[2024-02-19T12:55:41.162+0000] {logging_mixin.py:137} INFO - [2024-02-19T12:55:41.162+0000] {dag.py:3441} INFO - Setting next_dagrun for example_sensor_decorator to None, run_after=None
[2024-02-19T12:55:41.178+0000] {processor.py:175} INFO - Processing /home/airflow/.local/lib/python3.7/site-packages/airflow/example_dags/example_sensor_decorator.py took 0.076 seconds
[2024-02-19T12:56:11.935+0000] {processor.py:153} INFO - Started process (PID=7768) to work on /home/airflow/.local/lib/python3.7/site-packages/airflow/example_dags/example_sensor_decorator.py
[2024-02-19T12:56:11.936+0000] {processor.py:743} INFO - Processing file /home/airflow/.local/lib/python3.7/site-packages/airflow/example_dags/example_sensor_decorator.py for tasks to queue
[2024-02-19T12:56:11.936+0000] {logging_mixin.py:137} INFO - [2024-02-19T12:56:11.936+0000] {dagbag.py:538} INFO - Filling up the DagBag from /home/airflow/.local/lib/python3.7/site-packages/airflow/example_dags/example_sensor_decorator.py
[2024-02-19T12:56:11.955+0000] {processor.py:753} INFO - DAG(s) dict_keys(['example_sensor_decorator']) retrieved from /home/airflow/.local/lib/python3.7/site-packages/airflow/example_dags/example_sensor_decorator.py
[2024-02-19T12:56:11.975+0000] {logging_mixin.py:137} INFO - [2024-02-19T12:56:11.975+0000] {dag.py:2690} INFO - Sync 1 DAGs
[2024-02-19T12:56:11.996+0000] {logging_mixin.py:137} INFO - [2024-02-19T12:56:11.996+0000] {dag.py:3441} INFO - Setting next_dagrun for example_sensor_decorator to None, run_after=None
[2024-02-19T12:56:12.014+0000] {processor.py:175} INFO - Processing /home/airflow/.local/lib/python3.7/site-packages/airflow/example_dags/example_sensor_decorator.py took 0.082 seconds
[2024-02-19T12:56:42.767+0000] {processor.py:153} INFO - Started process (PID=7871) to work on /home/airflow/.local/lib/python3.7/site-packages/airflow/example_dags/example_sensor_decorator.py
[2024-02-19T12:56:42.768+0000] {processor.py:743} INFO - Processing file /home/airflow/.local/lib/python3.7/site-packages/airflow/example_dags/example_sensor_decorator.py for tasks to queue
[2024-02-19T12:56:42.768+0000] {logging_mixin.py:137} INFO - [2024-02-19T12:56:42.768+0000] {dagbag.py:538} INFO - Filling up the DagBag from /home/airflow/.local/lib/python3.7/site-packages/airflow/example_dags/example_sensor_decorator.py
[2024-02-19T12:56:42.785+0000] {processor.py:753} INFO - DAG(s) dict_keys(['example_sensor_decorator']) retrieved from /home/airflow/.local/lib/python3.7/site-packages/airflow/example_dags/example_sensor_decorator.py
[2024-02-19T12:56:42.802+0000] {logging_mixin.py:137} INFO - [2024-02-19T12:56:42.801+0000] {dag.py:2690} INFO - Sync 1 DAGs
[2024-02-19T12:56:42.821+0000] {logging_mixin.py:137} INFO - [2024-02-19T12:56:42.821+0000] {dag.py:3441} INFO - Setting next_dagrun for example_sensor_decorator to None, run_after=None
[2024-02-19T12:56:42.836+0000] {processor.py:175} INFO - Processing /home/airflow/.local/lib/python3.7/site-packages/airflow/example_dags/example_sensor_decorator.py took 0.071 seconds
[2024-02-19T12:57:13.684+0000] {processor.py:153} INFO - Started process (PID=8006) to work on /home/airflow/.local/lib/python3.7/site-packages/airflow/example_dags/example_sensor_decorator.py
[2024-02-19T12:57:13.685+0000] {processor.py:743} INFO - Processing file /home/airflow/.local/lib/python3.7/site-packages/airflow/example_dags/example_sensor_decorator.py for tasks to queue
[2024-02-19T12:57:13.685+0000] {logging_mixin.py:137} INFO - [2024-02-19T12:57:13.685+0000] {dagbag.py:538} INFO - Filling up the DagBag from /home/airflow/.local/lib/python3.7/site-packages/airflow/example_dags/example_sensor_decorator.py
[2024-02-19T12:57:13.704+0000] {processor.py:753} INFO - DAG(s) dict_keys(['example_sensor_decorator']) retrieved from /home/airflow/.local/lib/python3.7/site-packages/airflow/example_dags/example_sensor_decorator.py
[2024-02-19T12:57:13.725+0000] {logging_mixin.py:137} INFO - [2024-02-19T12:57:13.724+0000] {dag.py:2690} INFO - Sync 1 DAGs
[2024-02-19T12:57:13.746+0000] {logging_mixin.py:137} INFO - [2024-02-19T12:57:13.746+0000] {dag.py:3441} INFO - Setting next_dagrun for example_sensor_decorator to None, run_after=None
[2024-02-19T12:57:13.764+0000] {processor.py:175} INFO - Processing /home/airflow/.local/lib/python3.7/site-packages/airflow/example_dags/example_sensor_decorator.py took 0.083 seconds
[2024-02-19T12:57:44.492+0000] {processor.py:153} INFO - Started process (PID=8118) to work on /home/airflow/.local/lib/python3.7/site-packages/airflow/example_dags/example_sensor_decorator.py
[2024-02-19T12:57:44.493+0000] {processor.py:743} INFO - Processing file /home/airflow/.local/lib/python3.7/site-packages/airflow/example_dags/example_sensor_decorator.py for tasks to queue
[2024-02-19T12:57:44.493+0000] {logging_mixin.py:137} INFO - [2024-02-19T12:57:44.493+0000] {dagbag.py:538} INFO - Filling up the DagBag from /home/airflow/.local/lib/python3.7/site-packages/airflow/example_dags/example_sensor_decorator.py
[2024-02-19T12:57:44.510+0000] {processor.py:753} INFO - DAG(s) dict_keys(['example_sensor_decorator']) retrieved from /home/airflow/.local/lib/python3.7/site-packages/airflow/example_dags/example_sensor_decorator.py
[2024-02-19T12:57:44.528+0000] {logging_mixin.py:137} INFO - [2024-02-19T12:57:44.528+0000] {dag.py:2690} INFO - Sync 1 DAGs
[2024-02-19T12:57:44.548+0000] {logging_mixin.py:137} INFO - [2024-02-19T12:57:44.548+0000] {dag.py:3441} INFO - Setting next_dagrun for example_sensor_decorator to None, run_after=None
[2024-02-19T12:57:44.564+0000] {processor.py:175} INFO - Processing /home/airflow/.local/lib/python3.7/site-packages/airflow/example_dags/example_sensor_decorator.py took 0.074 seconds
[2024-02-19T12:58:14.686+0000] {processor.py:153} INFO - Started process (PID=8243) to work on /home/airflow/.local/lib/python3.7/site-packages/airflow/example_dags/example_sensor_decorator.py
[2024-02-19T12:58:14.687+0000] {processor.py:743} INFO - Processing file /home/airflow/.local/lib/python3.7/site-packages/airflow/example_dags/example_sensor_decorator.py for tasks to queue
[2024-02-19T12:58:14.687+0000] {logging_mixin.py:137} INFO - [2024-02-19T12:58:14.687+0000] {dagbag.py:538} INFO - Filling up the DagBag from /home/airflow/.local/lib/python3.7/site-packages/airflow/example_dags/example_sensor_decorator.py
[2024-02-19T12:58:14.704+0000] {processor.py:753} INFO - DAG(s) dict_keys(['example_sensor_decorator']) retrieved from /home/airflow/.local/lib/python3.7/site-packages/airflow/example_dags/example_sensor_decorator.py
[2024-02-19T12:58:14.720+0000] {logging_mixin.py:137} INFO - [2024-02-19T12:58:14.720+0000] {dag.py:2690} INFO - Sync 1 DAGs
[2024-02-19T12:58:14.737+0000] {logging_mixin.py:137} INFO - [2024-02-19T12:58:14.737+0000] {dag.py:3441} INFO - Setting next_dagrun for example_sensor_decorator to None, run_after=None
[2024-02-19T12:58:14.750+0000] {processor.py:175} INFO - Processing /home/airflow/.local/lib/python3.7/site-packages/airflow/example_dags/example_sensor_decorator.py took 0.066 seconds
