[2024-02-19T12:24:38.489+0000] {processor.py:153} INFO - Started process (PID=87) to work on /home/airflow/.local/lib/python3.7/site-packages/airflow/example_dags/example_task_group.py
[2024-02-19T12:24:38.489+0000] {processor.py:743} INFO - Processing file /home/airflow/.local/lib/python3.7/site-packages/airflow/example_dags/example_task_group.py for tasks to queue
[2024-02-19T12:24:38.489+0000] {logging_mixin.py:137} INFO - [2024-02-19T12:24:38.489+0000] {dagbag.py:538} INFO - Filling up the DagBag from /home/airflow/.local/lib/python3.7/site-packages/airflow/example_dags/example_task_group.py
[2024-02-19T12:24:38.501+0000] {processor.py:753} INFO - DAG(s) dict_keys(['example_task_group']) retrieved from /home/airflow/.local/lib/python3.7/site-packages/airflow/example_dags/example_task_group.py
[2024-02-19T12:24:38.508+0000] {logging_mixin.py:137} INFO - [2024-02-19T12:24:38.508+0000] {dag.py:2690} INFO - Sync 1 DAGs
[2024-02-19T12:24:38.524+0000] {logging_mixin.py:137} INFO - [2024-02-19T12:24:38.524+0000] {dag.py:3441} INFO - Setting next_dagrun for example_task_group to 2024-02-18T12:24:38.524409+00:00, run_after=2024-02-19T12:24:38.524409+00:00
[2024-02-19T12:24:38.535+0000] {processor.py:175} INFO - Processing /home/airflow/.local/lib/python3.7/site-packages/airflow/example_dags/example_task_group.py took 0.048 seconds
[2024-02-19T12:25:08.980+0000] {processor.py:153} INFO - Started process (PID=222) to work on /home/airflow/.local/lib/python3.7/site-packages/airflow/example_dags/example_task_group.py
[2024-02-19T12:25:08.981+0000] {processor.py:743} INFO - Processing file /home/airflow/.local/lib/python3.7/site-packages/airflow/example_dags/example_task_group.py for tasks to queue
[2024-02-19T12:25:08.981+0000] {logging_mixin.py:137} INFO - [2024-02-19T12:25:08.981+0000] {dagbag.py:538} INFO - Filling up the DagBag from /home/airflow/.local/lib/python3.7/site-packages/airflow/example_dags/example_task_group.py
[2024-02-19T12:25:08.990+0000] {processor.py:753} INFO - DAG(s) dict_keys(['example_task_group']) retrieved from /home/airflow/.local/lib/python3.7/site-packages/airflow/example_dags/example_task_group.py
[2024-02-19T12:25:09.003+0000] {logging_mixin.py:137} INFO - [2024-02-19T12:25:09.002+0000] {dag.py:2690} INFO - Sync 1 DAGs
[2024-02-19T12:25:09.017+0000] {logging_mixin.py:137} INFO - [2024-02-19T12:25:09.017+0000] {dag.py:3441} INFO - Setting next_dagrun for example_task_group to 2024-02-18T12:25:09.017064+00:00, run_after=2024-02-19T12:25:09.017064+00:00
[2024-02-19T12:25:09.027+0000] {processor.py:175} INFO - Processing /home/airflow/.local/lib/python3.7/site-packages/airflow/example_dags/example_task_group.py took 0.048 seconds
[2024-02-19T12:25:39.396+0000] {processor.py:153} INFO - Started process (PID=334) to work on /home/airflow/.local/lib/python3.7/site-packages/airflow/example_dags/example_task_group.py
[2024-02-19T12:25:39.397+0000] {processor.py:743} INFO - Processing file /home/airflow/.local/lib/python3.7/site-packages/airflow/example_dags/example_task_group.py for tasks to queue
[2024-02-19T12:25:39.397+0000] {logging_mixin.py:137} INFO - [2024-02-19T12:25:39.397+0000] {dagbag.py:538} INFO - Filling up the DagBag from /home/airflow/.local/lib/python3.7/site-packages/airflow/example_dags/example_task_group.py
[2024-02-19T12:25:39.406+0000] {processor.py:753} INFO - DAG(s) dict_keys(['example_task_group']) retrieved from /home/airflow/.local/lib/python3.7/site-packages/airflow/example_dags/example_task_group.py
[2024-02-19T12:25:39.421+0000] {logging_mixin.py:137} INFO - [2024-02-19T12:25:39.421+0000] {dag.py:2690} INFO - Sync 1 DAGs
[2024-02-19T12:25:39.438+0000] {logging_mixin.py:137} INFO - [2024-02-19T12:25:39.438+0000] {dag.py:3441} INFO - Setting next_dagrun for example_task_group to 2024-02-18T12:25:39.438494+00:00, run_after=2024-02-19T12:25:39.438494+00:00
[2024-02-19T12:25:39.450+0000] {processor.py:175} INFO - Processing /home/airflow/.local/lib/python3.7/site-packages/airflow/example_dags/example_task_group.py took 0.056 seconds
[2024-02-19T12:26:09.813+0000] {processor.py:153} INFO - Started process (PID=460) to work on /home/airflow/.local/lib/python3.7/site-packages/airflow/example_dags/example_task_group.py
[2024-02-19T12:26:09.814+0000] {processor.py:743} INFO - Processing file /home/airflow/.local/lib/python3.7/site-packages/airflow/example_dags/example_task_group.py for tasks to queue
[2024-02-19T12:26:09.814+0000] {logging_mixin.py:137} INFO - [2024-02-19T12:26:09.814+0000] {dagbag.py:538} INFO - Filling up the DagBag from /home/airflow/.local/lib/python3.7/site-packages/airflow/example_dags/example_task_group.py
[2024-02-19T12:26:09.822+0000] {processor.py:753} INFO - DAG(s) dict_keys(['example_task_group']) retrieved from /home/airflow/.local/lib/python3.7/site-packages/airflow/example_dags/example_task_group.py
[2024-02-19T12:26:09.836+0000] {logging_mixin.py:137} INFO - [2024-02-19T12:26:09.836+0000] {dag.py:2690} INFO - Sync 1 DAGs
[2024-02-19T12:26:09.850+0000] {logging_mixin.py:137} INFO - [2024-02-19T12:26:09.850+0000] {dag.py:3441} INFO - Setting next_dagrun for example_task_group to 2024-02-18T12:26:09.850402+00:00, run_after=2024-02-19T12:26:09.850402+00:00
[2024-02-19T12:26:09.861+0000] {processor.py:175} INFO - Processing /home/airflow/.local/lib/python3.7/site-packages/airflow/example_dags/example_task_group.py took 0.050 seconds
[2024-02-19T12:26:40.206+0000] {processor.py:153} INFO - Started process (PID=595) to work on /home/airflow/.local/lib/python3.7/site-packages/airflow/example_dags/example_task_group.py
[2024-02-19T12:26:40.207+0000] {processor.py:743} INFO - Processing file /home/airflow/.local/lib/python3.7/site-packages/airflow/example_dags/example_task_group.py for tasks to queue
[2024-02-19T12:26:40.207+0000] {logging_mixin.py:137} INFO - [2024-02-19T12:26:40.207+0000] {dagbag.py:538} INFO - Filling up the DagBag from /home/airflow/.local/lib/python3.7/site-packages/airflow/example_dags/example_task_group.py
[2024-02-19T12:26:40.215+0000] {processor.py:753} INFO - DAG(s) dict_keys(['example_task_group']) retrieved from /home/airflow/.local/lib/python3.7/site-packages/airflow/example_dags/example_task_group.py
[2024-02-19T12:26:40.228+0000] {logging_mixin.py:137} INFO - [2024-02-19T12:26:40.228+0000] {dag.py:2690} INFO - Sync 1 DAGs
[2024-02-19T12:26:40.242+0000] {logging_mixin.py:137} INFO - [2024-02-19T12:26:40.242+0000] {dag.py:3441} INFO - Setting next_dagrun for example_task_group to 2024-02-18T12:26:40.242468+00:00, run_after=2024-02-19T12:26:40.242468+00:00
[2024-02-19T12:26:40.254+0000] {processor.py:175} INFO - Processing /home/airflow/.local/lib/python3.7/site-packages/airflow/example_dags/example_task_group.py took 0.049 seconds
[2024-02-19T12:27:10.610+0000] {processor.py:153} INFO - Started process (PID=698) to work on /home/airflow/.local/lib/python3.7/site-packages/airflow/example_dags/example_task_group.py
[2024-02-19T12:27:10.610+0000] {processor.py:743} INFO - Processing file /home/airflow/.local/lib/python3.7/site-packages/airflow/example_dags/example_task_group.py for tasks to queue
[2024-02-19T12:27:10.610+0000] {logging_mixin.py:137} INFO - [2024-02-19T12:27:10.610+0000] {dagbag.py:538} INFO - Filling up the DagBag from /home/airflow/.local/lib/python3.7/site-packages/airflow/example_dags/example_task_group.py
[2024-02-19T12:27:10.619+0000] {processor.py:753} INFO - DAG(s) dict_keys(['example_task_group']) retrieved from /home/airflow/.local/lib/python3.7/site-packages/airflow/example_dags/example_task_group.py
[2024-02-19T12:27:10.632+0000] {logging_mixin.py:137} INFO - [2024-02-19T12:27:10.632+0000] {dag.py:2690} INFO - Sync 1 DAGs
[2024-02-19T12:27:10.647+0000] {logging_mixin.py:137} INFO - [2024-02-19T12:27:10.646+0000] {dag.py:3441} INFO - Setting next_dagrun for example_task_group to 2024-02-18T12:27:10.646826+00:00, run_after=2024-02-19T12:27:10.646826+00:00
[2024-02-19T12:27:10.657+0000] {processor.py:175} INFO - Processing /home/airflow/.local/lib/python3.7/site-packages/airflow/example_dags/example_task_group.py took 0.049 seconds
[2024-02-19T12:27:41.035+0000] {processor.py:153} INFO - Started process (PID=833) to work on /home/airflow/.local/lib/python3.7/site-packages/airflow/example_dags/example_task_group.py
[2024-02-19T12:27:41.036+0000] {processor.py:743} INFO - Processing file /home/airflow/.local/lib/python3.7/site-packages/airflow/example_dags/example_task_group.py for tasks to queue
[2024-02-19T12:27:41.036+0000] {logging_mixin.py:137} INFO - [2024-02-19T12:27:41.036+0000] {dagbag.py:538} INFO - Filling up the DagBag from /home/airflow/.local/lib/python3.7/site-packages/airflow/example_dags/example_task_group.py
[2024-02-19T12:27:41.044+0000] {processor.py:753} INFO - DAG(s) dict_keys(['example_task_group']) retrieved from /home/airflow/.local/lib/python3.7/site-packages/airflow/example_dags/example_task_group.py
[2024-02-19T12:27:41.057+0000] {logging_mixin.py:137} INFO - [2024-02-19T12:27:41.057+0000] {dag.py:2690} INFO - Sync 1 DAGs
[2024-02-19T12:27:41.071+0000] {logging_mixin.py:137} INFO - [2024-02-19T12:27:41.071+0000] {dag.py:3441} INFO - Setting next_dagrun for example_task_group to 2024-02-18T12:27:41.071259+00:00, run_after=2024-02-19T12:27:41.071259+00:00
[2024-02-19T12:27:41.081+0000] {processor.py:175} INFO - Processing /home/airflow/.local/lib/python3.7/site-packages/airflow/example_dags/example_task_group.py took 0.049 seconds
[2024-02-19T12:28:11.475+0000] {processor.py:153} INFO - Started process (PID=969) to work on /home/airflow/.local/lib/python3.7/site-packages/airflow/example_dags/example_task_group.py
[2024-02-19T12:28:11.475+0000] {processor.py:743} INFO - Processing file /home/airflow/.local/lib/python3.7/site-packages/airflow/example_dags/example_task_group.py for tasks to queue
[2024-02-19T12:28:11.476+0000] {logging_mixin.py:137} INFO - [2024-02-19T12:28:11.476+0000] {dagbag.py:538} INFO - Filling up the DagBag from /home/airflow/.local/lib/python3.7/site-packages/airflow/example_dags/example_task_group.py
[2024-02-19T12:28:11.485+0000] {processor.py:753} INFO - DAG(s) dict_keys(['example_task_group']) retrieved from /home/airflow/.local/lib/python3.7/site-packages/airflow/example_dags/example_task_group.py
[2024-02-19T12:28:11.501+0000] {logging_mixin.py:137} INFO - [2024-02-19T12:28:11.501+0000] {dag.py:2690} INFO - Sync 1 DAGs
[2024-02-19T12:28:11.517+0000] {logging_mixin.py:137} INFO - [2024-02-19T12:28:11.517+0000] {dag.py:3441} INFO - Setting next_dagrun for example_task_group to 2024-02-18T12:28:11.517303+00:00, run_after=2024-02-19T12:28:11.517303+00:00
[2024-02-19T12:28:11.529+0000] {processor.py:175} INFO - Processing /home/airflow/.local/lib/python3.7/site-packages/airflow/example_dags/example_task_group.py took 0.057 seconds
[2024-02-19T12:28:41.895+0000] {processor.py:153} INFO - Started process (PID=1072) to work on /home/airflow/.local/lib/python3.7/site-packages/airflow/example_dags/example_task_group.py
[2024-02-19T12:28:41.896+0000] {processor.py:743} INFO - Processing file /home/airflow/.local/lib/python3.7/site-packages/airflow/example_dags/example_task_group.py for tasks to queue
[2024-02-19T12:28:41.896+0000] {logging_mixin.py:137} INFO - [2024-02-19T12:28:41.896+0000] {dagbag.py:538} INFO - Filling up the DagBag from /home/airflow/.local/lib/python3.7/site-packages/airflow/example_dags/example_task_group.py
[2024-02-19T12:28:41.904+0000] {processor.py:753} INFO - DAG(s) dict_keys(['example_task_group']) retrieved from /home/airflow/.local/lib/python3.7/site-packages/airflow/example_dags/example_task_group.py
[2024-02-19T12:28:41.918+0000] {logging_mixin.py:137} INFO - [2024-02-19T12:28:41.918+0000] {dag.py:2690} INFO - Sync 1 DAGs
[2024-02-19T12:28:41.932+0000] {logging_mixin.py:137} INFO - [2024-02-19T12:28:41.931+0000] {dag.py:3441} INFO - Setting next_dagrun for example_task_group to 2024-02-18T12:28:41.931857+00:00, run_after=2024-02-19T12:28:41.931857+00:00
[2024-02-19T12:28:41.943+0000] {processor.py:175} INFO - Processing /home/airflow/.local/lib/python3.7/site-packages/airflow/example_dags/example_task_group.py took 0.050 seconds
[2024-02-19T12:29:12.589+0000] {processor.py:153} INFO - Started process (PID=1207) to work on /home/airflow/.local/lib/python3.7/site-packages/airflow/example_dags/example_task_group.py
[2024-02-19T12:29:12.589+0000] {processor.py:743} INFO - Processing file /home/airflow/.local/lib/python3.7/site-packages/airflow/example_dags/example_task_group.py for tasks to queue
[2024-02-19T12:29:12.589+0000] {logging_mixin.py:137} INFO - [2024-02-19T12:29:12.589+0000] {dagbag.py:538} INFO - Filling up the DagBag from /home/airflow/.local/lib/python3.7/site-packages/airflow/example_dags/example_task_group.py
[2024-02-19T12:29:12.599+0000] {processor.py:753} INFO - DAG(s) dict_keys(['example_task_group']) retrieved from /home/airflow/.local/lib/python3.7/site-packages/airflow/example_dags/example_task_group.py
[2024-02-19T12:29:12.614+0000] {logging_mixin.py:137} INFO - [2024-02-19T12:29:12.614+0000] {dag.py:2690} INFO - Sync 1 DAGs
[2024-02-19T12:29:12.629+0000] {logging_mixin.py:137} INFO - [2024-02-19T12:29:12.629+0000] {dag.py:3441} INFO - Setting next_dagrun for example_task_group to 2024-02-18T12:29:12.629035+00:00, run_after=2024-02-19T12:29:12.629035+00:00
[2024-02-19T12:29:12.639+0000] {processor.py:175} INFO - Processing /home/airflow/.local/lib/python3.7/site-packages/airflow/example_dags/example_task_group.py took 0.053 seconds
[2024-02-19T12:29:43.096+0000] {processor.py:153} INFO - Started process (PID=1342) to work on /home/airflow/.local/lib/python3.7/site-packages/airflow/example_dags/example_task_group.py
[2024-02-19T12:29:43.097+0000] {processor.py:743} INFO - Processing file /home/airflow/.local/lib/python3.7/site-packages/airflow/example_dags/example_task_group.py for tasks to queue
[2024-02-19T12:29:43.097+0000] {logging_mixin.py:137} INFO - [2024-02-19T12:29:43.097+0000] {dagbag.py:538} INFO - Filling up the DagBag from /home/airflow/.local/lib/python3.7/site-packages/airflow/example_dags/example_task_group.py
[2024-02-19T12:29:43.106+0000] {processor.py:753} INFO - DAG(s) dict_keys(['example_task_group']) retrieved from /home/airflow/.local/lib/python3.7/site-packages/airflow/example_dags/example_task_group.py
[2024-02-19T12:29:43.120+0000] {logging_mixin.py:137} INFO - [2024-02-19T12:29:43.120+0000] {dag.py:2690} INFO - Sync 1 DAGs
[2024-02-19T12:29:43.133+0000] {logging_mixin.py:137} INFO - [2024-02-19T12:29:43.133+0000] {dag.py:3441} INFO - Setting next_dagrun for example_task_group to 2024-02-18T12:29:43.133606+00:00, run_after=2024-02-19T12:29:43.133606+00:00
[2024-02-19T12:29:43.143+0000] {processor.py:175} INFO - Processing /home/airflow/.local/lib/python3.7/site-packages/airflow/example_dags/example_task_group.py took 0.049 seconds
[2024-02-19T12:30:13.577+0000] {processor.py:153} INFO - Started process (PID=1445) to work on /home/airflow/.local/lib/python3.7/site-packages/airflow/example_dags/example_task_group.py
[2024-02-19T12:30:13.578+0000] {processor.py:743} INFO - Processing file /home/airflow/.local/lib/python3.7/site-packages/airflow/example_dags/example_task_group.py for tasks to queue
[2024-02-19T12:30:13.578+0000] {logging_mixin.py:137} INFO - [2024-02-19T12:30:13.578+0000] {dagbag.py:538} INFO - Filling up the DagBag from /home/airflow/.local/lib/python3.7/site-packages/airflow/example_dags/example_task_group.py
[2024-02-19T12:30:13.587+0000] {processor.py:753} INFO - DAG(s) dict_keys(['example_task_group']) retrieved from /home/airflow/.local/lib/python3.7/site-packages/airflow/example_dags/example_task_group.py
[2024-02-19T12:30:13.600+0000] {logging_mixin.py:137} INFO - [2024-02-19T12:30:13.600+0000] {dag.py:2690} INFO - Sync 1 DAGs
[2024-02-19T12:30:13.614+0000] {logging_mixin.py:137} INFO - [2024-02-19T12:30:13.614+0000] {dag.py:3441} INFO - Setting next_dagrun for example_task_group to 2024-02-18T12:30:13.614057+00:00, run_after=2024-02-19T12:30:13.614057+00:00
[2024-02-19T12:30:13.625+0000] {processor.py:175} INFO - Processing /home/airflow/.local/lib/python3.7/site-packages/airflow/example_dags/example_task_group.py took 0.050 seconds
[2024-02-19T12:30:44.025+0000] {processor.py:153} INFO - Started process (PID=1580) to work on /home/airflow/.local/lib/python3.7/site-packages/airflow/example_dags/example_task_group.py
[2024-02-19T12:30:44.025+0000] {processor.py:743} INFO - Processing file /home/airflow/.local/lib/python3.7/site-packages/airflow/example_dags/example_task_group.py for tasks to queue
[2024-02-19T12:30:44.025+0000] {logging_mixin.py:137} INFO - [2024-02-19T12:30:44.025+0000] {dagbag.py:538} INFO - Filling up the DagBag from /home/airflow/.local/lib/python3.7/site-packages/airflow/example_dags/example_task_group.py
[2024-02-19T12:30:44.034+0000] {processor.py:753} INFO - DAG(s) dict_keys(['example_task_group']) retrieved from /home/airflow/.local/lib/python3.7/site-packages/airflow/example_dags/example_task_group.py
[2024-02-19T12:30:44.047+0000] {logging_mixin.py:137} INFO - [2024-02-19T12:30:44.047+0000] {dag.py:2690} INFO - Sync 1 DAGs
[2024-02-19T12:30:44.063+0000] {logging_mixin.py:137} INFO - [2024-02-19T12:30:44.063+0000] {dag.py:3441} INFO - Setting next_dagrun for example_task_group to 2024-02-18T12:30:44.063245+00:00, run_after=2024-02-19T12:30:44.063245+00:00
[2024-02-19T12:30:44.075+0000] {processor.py:175} INFO - Processing /home/airflow/.local/lib/python3.7/site-packages/airflow/example_dags/example_task_group.py took 0.052 seconds
[2024-02-19T12:31:14.485+0000] {processor.py:153} INFO - Started process (PID=1715) to work on /home/airflow/.local/lib/python3.7/site-packages/airflow/example_dags/example_task_group.py
[2024-02-19T12:31:14.486+0000] {processor.py:743} INFO - Processing file /home/airflow/.local/lib/python3.7/site-packages/airflow/example_dags/example_task_group.py for tasks to queue
[2024-02-19T12:31:14.486+0000] {logging_mixin.py:137} INFO - [2024-02-19T12:31:14.486+0000] {dagbag.py:538} INFO - Filling up the DagBag from /home/airflow/.local/lib/python3.7/site-packages/airflow/example_dags/example_task_group.py
[2024-02-19T12:31:14.494+0000] {processor.py:753} INFO - DAG(s) dict_keys(['example_task_group']) retrieved from /home/airflow/.local/lib/python3.7/site-packages/airflow/example_dags/example_task_group.py
[2024-02-19T12:31:14.509+0000] {logging_mixin.py:137} INFO - [2024-02-19T12:31:14.509+0000] {dag.py:2690} INFO - Sync 1 DAGs
[2024-02-19T12:31:14.524+0000] {logging_mixin.py:137} INFO - [2024-02-19T12:31:14.524+0000] {dag.py:3441} INFO - Setting next_dagrun for example_task_group to 2024-02-18T12:31:14.524294+00:00, run_after=2024-02-19T12:31:14.524294+00:00
[2024-02-19T12:31:14.535+0000] {processor.py:175} INFO - Processing /home/airflow/.local/lib/python3.7/site-packages/airflow/example_dags/example_task_group.py took 0.053 seconds
[2024-02-19T12:31:44.913+0000] {processor.py:153} INFO - Started process (PID=1818) to work on /home/airflow/.local/lib/python3.7/site-packages/airflow/example_dags/example_task_group.py
[2024-02-19T12:31:44.913+0000] {processor.py:743} INFO - Processing file /home/airflow/.local/lib/python3.7/site-packages/airflow/example_dags/example_task_group.py for tasks to queue
[2024-02-19T12:31:44.914+0000] {logging_mixin.py:137} INFO - [2024-02-19T12:31:44.914+0000] {dagbag.py:538} INFO - Filling up the DagBag from /home/airflow/.local/lib/python3.7/site-packages/airflow/example_dags/example_task_group.py
[2024-02-19T12:31:44.922+0000] {processor.py:753} INFO - DAG(s) dict_keys(['example_task_group']) retrieved from /home/airflow/.local/lib/python3.7/site-packages/airflow/example_dags/example_task_group.py
[2024-02-19T12:31:44.936+0000] {logging_mixin.py:137} INFO - [2024-02-19T12:31:44.936+0000] {dag.py:2690} INFO - Sync 1 DAGs
[2024-02-19T12:31:44.950+0000] {logging_mixin.py:137} INFO - [2024-02-19T12:31:44.950+0000] {dag.py:3441} INFO - Setting next_dagrun for example_task_group to 2024-02-18T12:31:44.950430+00:00, run_after=2024-02-19T12:31:44.950430+00:00
[2024-02-19T12:31:44.961+0000] {processor.py:175} INFO - Processing /home/airflow/.local/lib/python3.7/site-packages/airflow/example_dags/example_task_group.py took 0.050 seconds
[2024-02-19T12:32:15.387+0000] {processor.py:153} INFO - Started process (PID=1953) to work on /home/airflow/.local/lib/python3.7/site-packages/airflow/example_dags/example_task_group.py
[2024-02-19T12:32:15.388+0000] {processor.py:743} INFO - Processing file /home/airflow/.local/lib/python3.7/site-packages/airflow/example_dags/example_task_group.py for tasks to queue
[2024-02-19T12:32:15.388+0000] {logging_mixin.py:137} INFO - [2024-02-19T12:32:15.388+0000] {dagbag.py:538} INFO - Filling up the DagBag from /home/airflow/.local/lib/python3.7/site-packages/airflow/example_dags/example_task_group.py
[2024-02-19T12:32:15.397+0000] {processor.py:753} INFO - DAG(s) dict_keys(['example_task_group']) retrieved from /home/airflow/.local/lib/python3.7/site-packages/airflow/example_dags/example_task_group.py
[2024-02-19T12:32:15.411+0000] {logging_mixin.py:137} INFO - [2024-02-19T12:32:15.411+0000] {dag.py:2690} INFO - Sync 1 DAGs
[2024-02-19T12:32:15.426+0000] {logging_mixin.py:137} INFO - [2024-02-19T12:32:15.426+0000] {dag.py:3441} INFO - Setting next_dagrun for example_task_group to 2024-02-18T12:32:15.425935+00:00, run_after=2024-02-19T12:32:15.425935+00:00
[2024-02-19T12:32:15.438+0000] {processor.py:175} INFO - Processing /home/airflow/.local/lib/python3.7/site-packages/airflow/example_dags/example_task_group.py took 0.053 seconds
[2024-02-19T12:32:45.953+0000] {processor.py:153} INFO - Started process (PID=2088) to work on /home/airflow/.local/lib/python3.7/site-packages/airflow/example_dags/example_task_group.py
[2024-02-19T12:32:45.954+0000] {processor.py:743} INFO - Processing file /home/airflow/.local/lib/python3.7/site-packages/airflow/example_dags/example_task_group.py for tasks to queue
[2024-02-19T12:32:45.954+0000] {logging_mixin.py:137} INFO - [2024-02-19T12:32:45.954+0000] {dagbag.py:538} INFO - Filling up the DagBag from /home/airflow/.local/lib/python3.7/site-packages/airflow/example_dags/example_task_group.py
[2024-02-19T12:32:45.963+0000] {processor.py:753} INFO - DAG(s) dict_keys(['example_task_group']) retrieved from /home/airflow/.local/lib/python3.7/site-packages/airflow/example_dags/example_task_group.py
[2024-02-19T12:32:45.976+0000] {logging_mixin.py:137} INFO - [2024-02-19T12:32:45.976+0000] {dag.py:2690} INFO - Sync 1 DAGs
[2024-02-19T12:32:45.993+0000] {logging_mixin.py:137} INFO - [2024-02-19T12:32:45.992+0000] {dag.py:3441} INFO - Setting next_dagrun for example_task_group to 2024-02-18T12:32:45.992804+00:00, run_after=2024-02-19T12:32:45.992804+00:00
[2024-02-19T12:32:46.004+0000] {processor.py:175} INFO - Processing /home/airflow/.local/lib/python3.7/site-packages/airflow/example_dags/example_task_group.py took 0.053 seconds
[2024-02-19T12:33:16.449+0000] {processor.py:153} INFO - Started process (PID=2191) to work on /home/airflow/.local/lib/python3.7/site-packages/airflow/example_dags/example_task_group.py
[2024-02-19T12:33:16.449+0000] {processor.py:743} INFO - Processing file /home/airflow/.local/lib/python3.7/site-packages/airflow/example_dags/example_task_group.py for tasks to queue
[2024-02-19T12:33:16.450+0000] {logging_mixin.py:137} INFO - [2024-02-19T12:33:16.449+0000] {dagbag.py:538} INFO - Filling up the DagBag from /home/airflow/.local/lib/python3.7/site-packages/airflow/example_dags/example_task_group.py
[2024-02-19T12:33:16.458+0000] {processor.py:753} INFO - DAG(s) dict_keys(['example_task_group']) retrieved from /home/airflow/.local/lib/python3.7/site-packages/airflow/example_dags/example_task_group.py
[2024-02-19T12:33:16.472+0000] {logging_mixin.py:137} INFO - [2024-02-19T12:33:16.472+0000] {dag.py:2690} INFO - Sync 1 DAGs
[2024-02-19T12:33:16.485+0000] {logging_mixin.py:137} INFO - [2024-02-19T12:33:16.485+0000] {dag.py:3441} INFO - Setting next_dagrun for example_task_group to 2024-02-18T12:33:16.485432+00:00, run_after=2024-02-19T12:33:16.485432+00:00
[2024-02-19T12:33:16.496+0000] {processor.py:175} INFO - Processing /home/airflow/.local/lib/python3.7/site-packages/airflow/example_dags/example_task_group.py took 0.049 seconds
[2024-02-19T12:33:46.888+0000] {processor.py:153} INFO - Started process (PID=2326) to work on /home/airflow/.local/lib/python3.7/site-packages/airflow/example_dags/example_task_group.py
[2024-02-19T12:33:46.888+0000] {processor.py:743} INFO - Processing file /home/airflow/.local/lib/python3.7/site-packages/airflow/example_dags/example_task_group.py for tasks to queue
[2024-02-19T12:33:46.889+0000] {logging_mixin.py:137} INFO - [2024-02-19T12:33:46.889+0000] {dagbag.py:538} INFO - Filling up the DagBag from /home/airflow/.local/lib/python3.7/site-packages/airflow/example_dags/example_task_group.py
[2024-02-19T12:33:46.897+0000] {processor.py:753} INFO - DAG(s) dict_keys(['example_task_group']) retrieved from /home/airflow/.local/lib/python3.7/site-packages/airflow/example_dags/example_task_group.py
[2024-02-19T12:33:46.911+0000] {logging_mixin.py:137} INFO - [2024-02-19T12:33:46.911+0000] {dag.py:2690} INFO - Sync 1 DAGs
[2024-02-19T12:33:46.924+0000] {logging_mixin.py:137} INFO - [2024-02-19T12:33:46.924+0000] {dag.py:3441} INFO - Setting next_dagrun for example_task_group to 2024-02-18T12:33:46.924601+00:00, run_after=2024-02-19T12:33:46.924601+00:00
[2024-02-19T12:33:46.935+0000] {processor.py:175} INFO - Processing /home/airflow/.local/lib/python3.7/site-packages/airflow/example_dags/example_task_group.py took 0.049 seconds
[2024-02-19T12:34:17.301+0000] {processor.py:153} INFO - Started process (PID=2461) to work on /home/airflow/.local/lib/python3.7/site-packages/airflow/example_dags/example_task_group.py
[2024-02-19T12:34:17.302+0000] {processor.py:743} INFO - Processing file /home/airflow/.local/lib/python3.7/site-packages/airflow/example_dags/example_task_group.py for tasks to queue
[2024-02-19T12:34:17.302+0000] {logging_mixin.py:137} INFO - [2024-02-19T12:34:17.302+0000] {dagbag.py:538} INFO - Filling up the DagBag from /home/airflow/.local/lib/python3.7/site-packages/airflow/example_dags/example_task_group.py
[2024-02-19T12:34:17.310+0000] {processor.py:753} INFO - DAG(s) dict_keys(['example_task_group']) retrieved from /home/airflow/.local/lib/python3.7/site-packages/airflow/example_dags/example_task_group.py
[2024-02-19T12:34:17.323+0000] {logging_mixin.py:137} INFO - [2024-02-19T12:34:17.323+0000] {dag.py:2690} INFO - Sync 1 DAGs
[2024-02-19T12:34:17.337+0000] {logging_mixin.py:137} INFO - [2024-02-19T12:34:17.337+0000] {dag.py:3441} INFO - Setting next_dagrun for example_task_group to 2024-02-18T12:34:17.337285+00:00, run_after=2024-02-19T12:34:17.337285+00:00
[2024-02-19T12:34:17.348+0000] {processor.py:175} INFO - Processing /home/airflow/.local/lib/python3.7/site-packages/airflow/example_dags/example_task_group.py took 0.049 seconds
[2024-02-19T12:34:47.872+0000] {processor.py:153} INFO - Started process (PID=2564) to work on /home/airflow/.local/lib/python3.7/site-packages/airflow/example_dags/example_task_group.py
[2024-02-19T12:34:47.872+0000] {processor.py:743} INFO - Processing file /home/airflow/.local/lib/python3.7/site-packages/airflow/example_dags/example_task_group.py for tasks to queue
[2024-02-19T12:34:47.873+0000] {logging_mixin.py:137} INFO - [2024-02-19T12:34:47.873+0000] {dagbag.py:538} INFO - Filling up the DagBag from /home/airflow/.local/lib/python3.7/site-packages/airflow/example_dags/example_task_group.py
[2024-02-19T12:34:47.882+0000] {processor.py:753} INFO - DAG(s) dict_keys(['example_task_group']) retrieved from /home/airflow/.local/lib/python3.7/site-packages/airflow/example_dags/example_task_group.py
[2024-02-19T12:34:47.897+0000] {logging_mixin.py:137} INFO - [2024-02-19T12:34:47.897+0000] {dag.py:2690} INFO - Sync 1 DAGs
[2024-02-19T12:34:47.912+0000] {logging_mixin.py:137} INFO - [2024-02-19T12:34:47.912+0000] {dag.py:3441} INFO - Setting next_dagrun for example_task_group to 2024-02-18T12:34:47.911926+00:00, run_after=2024-02-19T12:34:47.911926+00:00
[2024-02-19T12:34:47.924+0000] {processor.py:175} INFO - Processing /home/airflow/.local/lib/python3.7/site-packages/airflow/example_dags/example_task_group.py took 0.054 seconds
[2024-02-19T12:35:18.433+0000] {processor.py:153} INFO - Started process (PID=2699) to work on /home/airflow/.local/lib/python3.7/site-packages/airflow/example_dags/example_task_group.py
[2024-02-19T12:35:18.434+0000] {processor.py:743} INFO - Processing file /home/airflow/.local/lib/python3.7/site-packages/airflow/example_dags/example_task_group.py for tasks to queue
[2024-02-19T12:35:18.434+0000] {logging_mixin.py:137} INFO - [2024-02-19T12:35:18.434+0000] {dagbag.py:538} INFO - Filling up the DagBag from /home/airflow/.local/lib/python3.7/site-packages/airflow/example_dags/example_task_group.py
[2024-02-19T12:35:18.443+0000] {processor.py:753} INFO - DAG(s) dict_keys(['example_task_group']) retrieved from /home/airflow/.local/lib/python3.7/site-packages/airflow/example_dags/example_task_group.py
[2024-02-19T12:35:18.457+0000] {logging_mixin.py:137} INFO - [2024-02-19T12:35:18.457+0000] {dag.py:2690} INFO - Sync 1 DAGs
[2024-02-19T12:35:18.472+0000] {logging_mixin.py:137} INFO - [2024-02-19T12:35:18.471+0000] {dag.py:3441} INFO - Setting next_dagrun for example_task_group to 2024-02-18T12:35:18.471778+00:00, run_after=2024-02-19T12:35:18.471778+00:00
[2024-02-19T12:35:18.482+0000] {processor.py:175} INFO - Processing /home/airflow/.local/lib/python3.7/site-packages/airflow/example_dags/example_task_group.py took 0.051 seconds
[2024-02-19T12:35:48.934+0000] {processor.py:153} INFO - Started process (PID=2834) to work on /home/airflow/.local/lib/python3.7/site-packages/airflow/example_dags/example_task_group.py
[2024-02-19T12:35:48.935+0000] {processor.py:743} INFO - Processing file /home/airflow/.local/lib/python3.7/site-packages/airflow/example_dags/example_task_group.py for tasks to queue
[2024-02-19T12:35:48.935+0000] {logging_mixin.py:137} INFO - [2024-02-19T12:35:48.935+0000] {dagbag.py:538} INFO - Filling up the DagBag from /home/airflow/.local/lib/python3.7/site-packages/airflow/example_dags/example_task_group.py
[2024-02-19T12:35:48.944+0000] {processor.py:753} INFO - DAG(s) dict_keys(['example_task_group']) retrieved from /home/airflow/.local/lib/python3.7/site-packages/airflow/example_dags/example_task_group.py
[2024-02-19T12:35:48.958+0000] {logging_mixin.py:137} INFO - [2024-02-19T12:35:48.958+0000] {dag.py:2690} INFO - Sync 1 DAGs
[2024-02-19T12:35:48.972+0000] {logging_mixin.py:137} INFO - [2024-02-19T12:35:48.972+0000] {dag.py:3441} INFO - Setting next_dagrun for example_task_group to 2024-02-18T12:35:48.972405+00:00, run_after=2024-02-19T12:35:48.972405+00:00
[2024-02-19T12:35:48.983+0000] {processor.py:175} INFO - Processing /home/airflow/.local/lib/python3.7/site-packages/airflow/example_dags/example_task_group.py took 0.051 seconds
[2024-02-19T12:36:19.528+0000] {processor.py:153} INFO - Started process (PID=2937) to work on /home/airflow/.local/lib/python3.7/site-packages/airflow/example_dags/example_task_group.py
[2024-02-19T12:36:19.528+0000] {processor.py:743} INFO - Processing file /home/airflow/.local/lib/python3.7/site-packages/airflow/example_dags/example_task_group.py for tasks to queue
[2024-02-19T12:36:19.529+0000] {logging_mixin.py:137} INFO - [2024-02-19T12:36:19.529+0000] {dagbag.py:538} INFO - Filling up the DagBag from /home/airflow/.local/lib/python3.7/site-packages/airflow/example_dags/example_task_group.py
[2024-02-19T12:36:19.537+0000] {processor.py:753} INFO - DAG(s) dict_keys(['example_task_group']) retrieved from /home/airflow/.local/lib/python3.7/site-packages/airflow/example_dags/example_task_group.py
[2024-02-19T12:36:19.551+0000] {logging_mixin.py:137} INFO - [2024-02-19T12:36:19.551+0000] {dag.py:2690} INFO - Sync 1 DAGs
[2024-02-19T12:36:19.566+0000] {logging_mixin.py:137} INFO - [2024-02-19T12:36:19.566+0000] {dag.py:3441} INFO - Setting next_dagrun for example_task_group to 2024-02-18T12:36:19.566591+00:00, run_after=2024-02-19T12:36:19.566591+00:00
[2024-02-19T12:36:19.577+0000] {processor.py:175} INFO - Processing /home/airflow/.local/lib/python3.7/site-packages/airflow/example_dags/example_task_group.py took 0.051 seconds
[2024-02-19T12:36:50.027+0000] {processor.py:153} INFO - Started process (PID=3072) to work on /home/airflow/.local/lib/python3.7/site-packages/airflow/example_dags/example_task_group.py
[2024-02-19T12:36:50.027+0000] {processor.py:743} INFO - Processing file /home/airflow/.local/lib/python3.7/site-packages/airflow/example_dags/example_task_group.py for tasks to queue
[2024-02-19T12:36:50.028+0000] {logging_mixin.py:137} INFO - [2024-02-19T12:36:50.028+0000] {dagbag.py:538} INFO - Filling up the DagBag from /home/airflow/.local/lib/python3.7/site-packages/airflow/example_dags/example_task_group.py
[2024-02-19T12:36:50.036+0000] {processor.py:753} INFO - DAG(s) dict_keys(['example_task_group']) retrieved from /home/airflow/.local/lib/python3.7/site-packages/airflow/example_dags/example_task_group.py
[2024-02-19T12:36:50.050+0000] {logging_mixin.py:137} INFO - [2024-02-19T12:36:50.050+0000] {dag.py:2690} INFO - Sync 1 DAGs
[2024-02-19T12:36:50.065+0000] {logging_mixin.py:137} INFO - [2024-02-19T12:36:50.064+0000] {dag.py:3441} INFO - Setting next_dagrun for example_task_group to 2024-02-18T12:36:50.064772+00:00, run_after=2024-02-19T12:36:50.064772+00:00
[2024-02-19T12:36:50.076+0000] {processor.py:175} INFO - Processing /home/airflow/.local/lib/python3.7/site-packages/airflow/example_dags/example_task_group.py took 0.051 seconds
[2024-02-19T12:37:20.483+0000] {processor.py:153} INFO - Started process (PID=3207) to work on /home/airflow/.local/lib/python3.7/site-packages/airflow/example_dags/example_task_group.py
[2024-02-19T12:37:20.484+0000] {processor.py:743} INFO - Processing file /home/airflow/.local/lib/python3.7/site-packages/airflow/example_dags/example_task_group.py for tasks to queue
[2024-02-19T12:37:20.484+0000] {logging_mixin.py:137} INFO - [2024-02-19T12:37:20.484+0000] {dagbag.py:538} INFO - Filling up the DagBag from /home/airflow/.local/lib/python3.7/site-packages/airflow/example_dags/example_task_group.py
[2024-02-19T12:37:20.493+0000] {processor.py:753} INFO - DAG(s) dict_keys(['example_task_group']) retrieved from /home/airflow/.local/lib/python3.7/site-packages/airflow/example_dags/example_task_group.py
[2024-02-19T12:37:20.506+0000] {logging_mixin.py:137} INFO - [2024-02-19T12:37:20.506+0000] {dag.py:2690} INFO - Sync 1 DAGs
[2024-02-19T12:37:20.520+0000] {logging_mixin.py:137} INFO - [2024-02-19T12:37:20.520+0000] {dag.py:3441} INFO - Setting next_dagrun for example_task_group to 2024-02-18T12:37:20.520240+00:00, run_after=2024-02-19T12:37:20.520240+00:00
[2024-02-19T12:37:20.530+0000] {processor.py:175} INFO - Processing /home/airflow/.local/lib/python3.7/site-packages/airflow/example_dags/example_task_group.py took 0.049 seconds
[2024-02-19T12:37:50.937+0000] {processor.py:153} INFO - Started process (PID=3310) to work on /home/airflow/.local/lib/python3.7/site-packages/airflow/example_dags/example_task_group.py
[2024-02-19T12:37:50.937+0000] {processor.py:743} INFO - Processing file /home/airflow/.local/lib/python3.7/site-packages/airflow/example_dags/example_task_group.py for tasks to queue
[2024-02-19T12:37:50.938+0000] {logging_mixin.py:137} INFO - [2024-02-19T12:37:50.938+0000] {dagbag.py:538} INFO - Filling up the DagBag from /home/airflow/.local/lib/python3.7/site-packages/airflow/example_dags/example_task_group.py
[2024-02-19T12:37:50.946+0000] {processor.py:753} INFO - DAG(s) dict_keys(['example_task_group']) retrieved from /home/airflow/.local/lib/python3.7/site-packages/airflow/example_dags/example_task_group.py
[2024-02-19T12:37:50.959+0000] {logging_mixin.py:137} INFO - [2024-02-19T12:37:50.959+0000] {dag.py:2690} INFO - Sync 1 DAGs
[2024-02-19T12:37:50.973+0000] {logging_mixin.py:137} INFO - [2024-02-19T12:37:50.973+0000] {dag.py:3441} INFO - Setting next_dagrun for example_task_group to 2024-02-18T12:37:50.973249+00:00, run_after=2024-02-19T12:37:50.973249+00:00
[2024-02-19T12:37:50.984+0000] {processor.py:175} INFO - Processing /home/airflow/.local/lib/python3.7/site-packages/airflow/example_dags/example_task_group.py took 0.049 seconds
[2024-02-19T12:38:21.518+0000] {processor.py:153} INFO - Started process (PID=3445) to work on /home/airflow/.local/lib/python3.7/site-packages/airflow/example_dags/example_task_group.py
[2024-02-19T12:38:21.518+0000] {processor.py:743} INFO - Processing file /home/airflow/.local/lib/python3.7/site-packages/airflow/example_dags/example_task_group.py for tasks to queue
[2024-02-19T12:38:21.519+0000] {logging_mixin.py:137} INFO - [2024-02-19T12:38:21.518+0000] {dagbag.py:538} INFO - Filling up the DagBag from /home/airflow/.local/lib/python3.7/site-packages/airflow/example_dags/example_task_group.py
[2024-02-19T12:38:21.527+0000] {processor.py:753} INFO - DAG(s) dict_keys(['example_task_group']) retrieved from /home/airflow/.local/lib/python3.7/site-packages/airflow/example_dags/example_task_group.py
[2024-02-19T12:38:21.540+0000] {logging_mixin.py:137} INFO - [2024-02-19T12:38:21.540+0000] {dag.py:2690} INFO - Sync 1 DAGs
[2024-02-19T12:38:21.555+0000] {logging_mixin.py:137} INFO - [2024-02-19T12:38:21.555+0000] {dag.py:3441} INFO - Setting next_dagrun for example_task_group to 2024-02-18T12:38:21.555228+00:00, run_after=2024-02-19T12:38:21.555228+00:00
[2024-02-19T12:38:21.566+0000] {processor.py:175} INFO - Processing /home/airflow/.local/lib/python3.7/site-packages/airflow/example_dags/example_task_group.py took 0.050 seconds
[2024-02-19T12:38:52.110+0000] {processor.py:153} INFO - Started process (PID=3580) to work on /home/airflow/.local/lib/python3.7/site-packages/airflow/example_dags/example_task_group.py
[2024-02-19T12:38:52.111+0000] {processor.py:743} INFO - Processing file /home/airflow/.local/lib/python3.7/site-packages/airflow/example_dags/example_task_group.py for tasks to queue
[2024-02-19T12:38:52.111+0000] {logging_mixin.py:137} INFO - [2024-02-19T12:38:52.111+0000] {dagbag.py:538} INFO - Filling up the DagBag from /home/airflow/.local/lib/python3.7/site-packages/airflow/example_dags/example_task_group.py
[2024-02-19T12:38:52.120+0000] {processor.py:753} INFO - DAG(s) dict_keys(['example_task_group']) retrieved from /home/airflow/.local/lib/python3.7/site-packages/airflow/example_dags/example_task_group.py
[2024-02-19T12:38:52.134+0000] {logging_mixin.py:137} INFO - [2024-02-19T12:38:52.134+0000] {dag.py:2690} INFO - Sync 1 DAGs
[2024-02-19T12:38:52.148+0000] {logging_mixin.py:137} INFO - [2024-02-19T12:38:52.148+0000] {dag.py:3441} INFO - Setting next_dagrun for example_task_group to 2024-02-18T12:38:52.148541+00:00, run_after=2024-02-19T12:38:52.148541+00:00
[2024-02-19T12:38:52.159+0000] {processor.py:175} INFO - Processing /home/airflow/.local/lib/python3.7/site-packages/airflow/example_dags/example_task_group.py took 0.050 seconds
[2024-02-19T12:39:22.596+0000] {processor.py:153} INFO - Started process (PID=3683) to work on /home/airflow/.local/lib/python3.7/site-packages/airflow/example_dags/example_task_group.py
[2024-02-19T12:39:22.596+0000] {processor.py:743} INFO - Processing file /home/airflow/.local/lib/python3.7/site-packages/airflow/example_dags/example_task_group.py for tasks to queue
[2024-02-19T12:39:22.597+0000] {logging_mixin.py:137} INFO - [2024-02-19T12:39:22.596+0000] {dagbag.py:538} INFO - Filling up the DagBag from /home/airflow/.local/lib/python3.7/site-packages/airflow/example_dags/example_task_group.py
[2024-02-19T12:39:22.605+0000] {processor.py:753} INFO - DAG(s) dict_keys(['example_task_group']) retrieved from /home/airflow/.local/lib/python3.7/site-packages/airflow/example_dags/example_task_group.py
[2024-02-19T12:39:22.619+0000] {logging_mixin.py:137} INFO - [2024-02-19T12:39:22.619+0000] {dag.py:2690} INFO - Sync 1 DAGs
[2024-02-19T12:39:22.634+0000] {logging_mixin.py:137} INFO - [2024-02-19T12:39:22.633+0000] {dag.py:3441} INFO - Setting next_dagrun for example_task_group to 2024-02-18T12:39:22.633850+00:00, run_after=2024-02-19T12:39:22.633850+00:00
[2024-02-19T12:39:22.644+0000] {processor.py:175} INFO - Processing /home/airflow/.local/lib/python3.7/site-packages/airflow/example_dags/example_task_group.py took 0.051 seconds
[2024-02-19T12:39:53.152+0000] {processor.py:153} INFO - Started process (PID=3818) to work on /home/airflow/.local/lib/python3.7/site-packages/airflow/example_dags/example_task_group.py
[2024-02-19T12:39:53.153+0000] {processor.py:743} INFO - Processing file /home/airflow/.local/lib/python3.7/site-packages/airflow/example_dags/example_task_group.py for tasks to queue
[2024-02-19T12:39:53.153+0000] {logging_mixin.py:137} INFO - [2024-02-19T12:39:53.153+0000] {dagbag.py:538} INFO - Filling up the DagBag from /home/airflow/.local/lib/python3.7/site-packages/airflow/example_dags/example_task_group.py
[2024-02-19T12:39:53.162+0000] {processor.py:753} INFO - DAG(s) dict_keys(['example_task_group']) retrieved from /home/airflow/.local/lib/python3.7/site-packages/airflow/example_dags/example_task_group.py
[2024-02-19T12:39:53.176+0000] {logging_mixin.py:137} INFO - [2024-02-19T12:39:53.176+0000] {dag.py:2690} INFO - Sync 1 DAGs
[2024-02-19T12:39:53.192+0000] {logging_mixin.py:137} INFO - [2024-02-19T12:39:53.192+0000] {dag.py:3441} INFO - Setting next_dagrun for example_task_group to 2024-02-18T12:39:53.191906+00:00, run_after=2024-02-19T12:39:53.191906+00:00
[2024-02-19T12:39:53.204+0000] {processor.py:175} INFO - Processing /home/airflow/.local/lib/python3.7/site-packages/airflow/example_dags/example_task_group.py took 0.054 seconds
[2024-02-19T12:40:23.646+0000] {processor.py:153} INFO - Started process (PID=3953) to work on /home/airflow/.local/lib/python3.7/site-packages/airflow/example_dags/example_task_group.py
[2024-02-19T12:40:23.647+0000] {processor.py:743} INFO - Processing file /home/airflow/.local/lib/python3.7/site-packages/airflow/example_dags/example_task_group.py for tasks to queue
[2024-02-19T12:40:23.647+0000] {logging_mixin.py:137} INFO - [2024-02-19T12:40:23.647+0000] {dagbag.py:538} INFO - Filling up the DagBag from /home/airflow/.local/lib/python3.7/site-packages/airflow/example_dags/example_task_group.py
[2024-02-19T12:40:23.656+0000] {processor.py:753} INFO - DAG(s) dict_keys(['example_task_group']) retrieved from /home/airflow/.local/lib/python3.7/site-packages/airflow/example_dags/example_task_group.py
[2024-02-19T12:40:23.670+0000] {logging_mixin.py:137} INFO - [2024-02-19T12:40:23.670+0000] {dag.py:2690} INFO - Sync 1 DAGs
[2024-02-19T12:40:23.684+0000] {logging_mixin.py:137} INFO - [2024-02-19T12:40:23.684+0000] {dag.py:3441} INFO - Setting next_dagrun for example_task_group to 2024-02-18T12:40:23.684662+00:00, run_after=2024-02-19T12:40:23.684662+00:00
[2024-02-19T12:40:23.695+0000] {processor.py:175} INFO - Processing /home/airflow/.local/lib/python3.7/site-packages/airflow/example_dags/example_task_group.py took 0.051 seconds
[2024-02-19T12:40:54.093+0000] {processor.py:153} INFO - Started process (PID=4057) to work on /home/airflow/.local/lib/python3.7/site-packages/airflow/example_dags/example_task_group.py
[2024-02-19T12:40:54.094+0000] {processor.py:743} INFO - Processing file /home/airflow/.local/lib/python3.7/site-packages/airflow/example_dags/example_task_group.py for tasks to queue
[2024-02-19T12:40:54.094+0000] {logging_mixin.py:137} INFO - [2024-02-19T12:40:54.094+0000] {dagbag.py:538} INFO - Filling up the DagBag from /home/airflow/.local/lib/python3.7/site-packages/airflow/example_dags/example_task_group.py
[2024-02-19T12:40:54.103+0000] {processor.py:753} INFO - DAG(s) dict_keys(['example_task_group']) retrieved from /home/airflow/.local/lib/python3.7/site-packages/airflow/example_dags/example_task_group.py
[2024-02-19T12:40:54.116+0000] {logging_mixin.py:137} INFO - [2024-02-19T12:40:54.116+0000] {dag.py:2690} INFO - Sync 1 DAGs
[2024-02-19T12:40:54.131+0000] {logging_mixin.py:137} INFO - [2024-02-19T12:40:54.131+0000] {dag.py:3441} INFO - Setting next_dagrun for example_task_group to 2024-02-18T12:40:54.130928+00:00, run_after=2024-02-19T12:40:54.130928+00:00
[2024-02-19T12:40:54.142+0000] {processor.py:175} INFO - Processing /home/airflow/.local/lib/python3.7/site-packages/airflow/example_dags/example_task_group.py took 0.051 seconds
[2024-02-19T12:41:24.504+0000] {processor.py:153} INFO - Started process (PID=4192) to work on /home/airflow/.local/lib/python3.7/site-packages/airflow/example_dags/example_task_group.py
[2024-02-19T12:41:24.505+0000] {processor.py:743} INFO - Processing file /home/airflow/.local/lib/python3.7/site-packages/airflow/example_dags/example_task_group.py for tasks to queue
[2024-02-19T12:41:24.505+0000] {logging_mixin.py:137} INFO - [2024-02-19T12:41:24.505+0000] {dagbag.py:538} INFO - Filling up the DagBag from /home/airflow/.local/lib/python3.7/site-packages/airflow/example_dags/example_task_group.py
[2024-02-19T12:41:24.514+0000] {processor.py:753} INFO - DAG(s) dict_keys(['example_task_group']) retrieved from /home/airflow/.local/lib/python3.7/site-packages/airflow/example_dags/example_task_group.py
[2024-02-19T12:41:24.527+0000] {logging_mixin.py:137} INFO - [2024-02-19T12:41:24.527+0000] {dag.py:2690} INFO - Sync 1 DAGs
[2024-02-19T12:41:24.540+0000] {logging_mixin.py:137} INFO - [2024-02-19T12:41:24.540+0000] {dag.py:3441} INFO - Setting next_dagrun for example_task_group to 2024-02-18T12:41:24.540727+00:00, run_after=2024-02-19T12:41:24.540727+00:00
[2024-02-19T12:41:24.552+0000] {processor.py:175} INFO - Processing /home/airflow/.local/lib/python3.7/site-packages/airflow/example_dags/example_task_group.py took 0.050 seconds
[2024-02-19T12:41:55.309+0000] {processor.py:153} INFO - Started process (PID=4327) to work on /home/airflow/.local/lib/python3.7/site-packages/airflow/example_dags/example_task_group.py
[2024-02-19T12:41:55.309+0000] {processor.py:743} INFO - Processing file /home/airflow/.local/lib/python3.7/site-packages/airflow/example_dags/example_task_group.py for tasks to queue
[2024-02-19T12:41:55.310+0000] {logging_mixin.py:137} INFO - [2024-02-19T12:41:55.310+0000] {dagbag.py:538} INFO - Filling up the DagBag from /home/airflow/.local/lib/python3.7/site-packages/airflow/example_dags/example_task_group.py
[2024-02-19T12:41:55.318+0000] {processor.py:753} INFO - DAG(s) dict_keys(['example_task_group']) retrieved from /home/airflow/.local/lib/python3.7/site-packages/airflow/example_dags/example_task_group.py
[2024-02-19T12:41:55.332+0000] {logging_mixin.py:137} INFO - [2024-02-19T12:41:55.332+0000] {dag.py:2690} INFO - Sync 1 DAGs
[2024-02-19T12:41:55.347+0000] {logging_mixin.py:137} INFO - [2024-02-19T12:41:55.347+0000] {dag.py:3441} INFO - Setting next_dagrun for example_task_group to 2024-02-18T12:41:55.347403+00:00, run_after=2024-02-19T12:41:55.347403+00:00
[2024-02-19T12:41:55.358+0000] {processor.py:175} INFO - Processing /home/airflow/.local/lib/python3.7/site-packages/airflow/example_dags/example_task_group.py took 0.051 seconds
[2024-02-19T12:42:25.774+0000] {processor.py:153} INFO - Started process (PID=4430) to work on /home/airflow/.local/lib/python3.7/site-packages/airflow/example_dags/example_task_group.py
[2024-02-19T12:42:25.775+0000] {processor.py:743} INFO - Processing file /home/airflow/.local/lib/python3.7/site-packages/airflow/example_dags/example_task_group.py for tasks to queue
[2024-02-19T12:42:25.775+0000] {logging_mixin.py:137} INFO - [2024-02-19T12:42:25.775+0000] {dagbag.py:538} INFO - Filling up the DagBag from /home/airflow/.local/lib/python3.7/site-packages/airflow/example_dags/example_task_group.py
[2024-02-19T12:42:25.783+0000] {processor.py:753} INFO - DAG(s) dict_keys(['example_task_group']) retrieved from /home/airflow/.local/lib/python3.7/site-packages/airflow/example_dags/example_task_group.py
[2024-02-19T12:42:25.797+0000] {logging_mixin.py:137} INFO - [2024-02-19T12:42:25.797+0000] {dag.py:2690} INFO - Sync 1 DAGs
[2024-02-19T12:42:25.811+0000] {logging_mixin.py:137} INFO - [2024-02-19T12:42:25.811+0000] {dag.py:3441} INFO - Setting next_dagrun for example_task_group to 2024-02-18T12:42:25.811288+00:00, run_after=2024-02-19T12:42:25.811288+00:00
[2024-02-19T12:42:25.822+0000] {processor.py:175} INFO - Processing /home/airflow/.local/lib/python3.7/site-packages/airflow/example_dags/example_task_group.py took 0.050 seconds
[2024-02-19T12:42:56.294+0000] {processor.py:153} INFO - Started process (PID=4565) to work on /home/airflow/.local/lib/python3.7/site-packages/airflow/example_dags/example_task_group.py
[2024-02-19T12:42:56.295+0000] {processor.py:743} INFO - Processing file /home/airflow/.local/lib/python3.7/site-packages/airflow/example_dags/example_task_group.py for tasks to queue
[2024-02-19T12:42:56.295+0000] {logging_mixin.py:137} INFO - [2024-02-19T12:42:56.295+0000] {dagbag.py:538} INFO - Filling up the DagBag from /home/airflow/.local/lib/python3.7/site-packages/airflow/example_dags/example_task_group.py
[2024-02-19T12:42:56.304+0000] {processor.py:753} INFO - DAG(s) dict_keys(['example_task_group']) retrieved from /home/airflow/.local/lib/python3.7/site-packages/airflow/example_dags/example_task_group.py
[2024-02-19T12:42:56.318+0000] {logging_mixin.py:137} INFO - [2024-02-19T12:42:56.318+0000] {dag.py:2690} INFO - Sync 1 DAGs
[2024-02-19T12:42:56.332+0000] {logging_mixin.py:137} INFO - [2024-02-19T12:42:56.332+0000] {dag.py:3441} INFO - Setting next_dagrun for example_task_group to 2024-02-18T12:42:56.332047+00:00, run_after=2024-02-19T12:42:56.332047+00:00
[2024-02-19T12:42:56.342+0000] {processor.py:175} INFO - Processing /home/airflow/.local/lib/python3.7/site-packages/airflow/example_dags/example_task_group.py took 0.050 seconds
[2024-02-19T12:43:27.100+0000] {processor.py:153} INFO - Started process (PID=4700) to work on /home/airflow/.local/lib/python3.7/site-packages/airflow/example_dags/example_task_group.py
[2024-02-19T12:43:27.100+0000] {processor.py:743} INFO - Processing file /home/airflow/.local/lib/python3.7/site-packages/airflow/example_dags/example_task_group.py for tasks to queue
[2024-02-19T12:43:27.101+0000] {logging_mixin.py:137} INFO - [2024-02-19T12:43:27.101+0000] {dagbag.py:538} INFO - Filling up the DagBag from /home/airflow/.local/lib/python3.7/site-packages/airflow/example_dags/example_task_group.py
[2024-02-19T12:43:27.114+0000] {processor.py:753} INFO - DAG(s) dict_keys(['example_task_group']) retrieved from /home/airflow/.local/lib/python3.7/site-packages/airflow/example_dags/example_task_group.py
[2024-02-19T12:43:27.129+0000] {logging_mixin.py:137} INFO - [2024-02-19T12:43:27.129+0000] {dag.py:2690} INFO - Sync 1 DAGs
[2024-02-19T12:43:27.143+0000] {logging_mixin.py:137} INFO - [2024-02-19T12:43:27.143+0000] {dag.py:3441} INFO - Setting next_dagrun for example_task_group to 2024-02-18T12:43:27.143601+00:00, run_after=2024-02-19T12:43:27.143601+00:00
[2024-02-19T12:43:27.154+0000] {processor.py:175} INFO - Processing /home/airflow/.local/lib/python3.7/site-packages/airflow/example_dags/example_task_group.py took 0.056 seconds
[2024-02-19T12:43:57.553+0000] {processor.py:153} INFO - Started process (PID=4803) to work on /home/airflow/.local/lib/python3.7/site-packages/airflow/example_dags/example_task_group.py
[2024-02-19T12:43:57.553+0000] {processor.py:743} INFO - Processing file /home/airflow/.local/lib/python3.7/site-packages/airflow/example_dags/example_task_group.py for tasks to queue
[2024-02-19T12:43:57.554+0000] {logging_mixin.py:137} INFO - [2024-02-19T12:43:57.554+0000] {dagbag.py:538} INFO - Filling up the DagBag from /home/airflow/.local/lib/python3.7/site-packages/airflow/example_dags/example_task_group.py
[2024-02-19T12:43:57.562+0000] {processor.py:753} INFO - DAG(s) dict_keys(['example_task_group']) retrieved from /home/airflow/.local/lib/python3.7/site-packages/airflow/example_dags/example_task_group.py
[2024-02-19T12:43:57.576+0000] {logging_mixin.py:137} INFO - [2024-02-19T12:43:57.576+0000] {dag.py:2690} INFO - Sync 1 DAGs
[2024-02-19T12:43:57.591+0000] {logging_mixin.py:137} INFO - [2024-02-19T12:43:57.591+0000] {dag.py:3441} INFO - Setting next_dagrun for example_task_group to 2024-02-18T12:43:57.590931+00:00, run_after=2024-02-19T12:43:57.590931+00:00
[2024-02-19T12:43:57.601+0000] {processor.py:175} INFO - Processing /home/airflow/.local/lib/python3.7/site-packages/airflow/example_dags/example_task_group.py took 0.050 seconds
[2024-02-19T12:44:28.010+0000] {processor.py:153} INFO - Started process (PID=4937) to work on /home/airflow/.local/lib/python3.7/site-packages/airflow/example_dags/example_task_group.py
[2024-02-19T12:44:28.011+0000] {processor.py:743} INFO - Processing file /home/airflow/.local/lib/python3.7/site-packages/airflow/example_dags/example_task_group.py for tasks to queue
[2024-02-19T12:44:28.011+0000] {logging_mixin.py:137} INFO - [2024-02-19T12:44:28.011+0000] {dagbag.py:538} INFO - Filling up the DagBag from /home/airflow/.local/lib/python3.7/site-packages/airflow/example_dags/example_task_group.py
[2024-02-19T12:44:28.020+0000] {processor.py:753} INFO - DAG(s) dict_keys(['example_task_group']) retrieved from /home/airflow/.local/lib/python3.7/site-packages/airflow/example_dags/example_task_group.py
[2024-02-19T12:44:28.035+0000] {logging_mixin.py:137} INFO - [2024-02-19T12:44:28.035+0000] {dag.py:2690} INFO - Sync 1 DAGs
[2024-02-19T12:44:28.049+0000] {logging_mixin.py:137} INFO - [2024-02-19T12:44:28.049+0000] {dag.py:3441} INFO - Setting next_dagrun for example_task_group to 2024-02-18T12:44:28.049280+00:00, run_after=2024-02-19T12:44:28.049280+00:00
[2024-02-19T12:44:28.060+0000] {processor.py:175} INFO - Processing /home/airflow/.local/lib/python3.7/site-packages/airflow/example_dags/example_task_group.py took 0.052 seconds
[2024-02-19T12:44:58.834+0000] {processor.py:153} INFO - Started process (PID=5072) to work on /home/airflow/.local/lib/python3.7/site-packages/airflow/example_dags/example_task_group.py
[2024-02-19T12:44:58.834+0000] {processor.py:743} INFO - Processing file /home/airflow/.local/lib/python3.7/site-packages/airflow/example_dags/example_task_group.py for tasks to queue
[2024-02-19T12:44:58.835+0000] {logging_mixin.py:137} INFO - [2024-02-19T12:44:58.835+0000] {dagbag.py:538} INFO - Filling up the DagBag from /home/airflow/.local/lib/python3.7/site-packages/airflow/example_dags/example_task_group.py
[2024-02-19T12:44:58.845+0000] {processor.py:753} INFO - DAG(s) dict_keys(['example_task_group']) retrieved from /home/airflow/.local/lib/python3.7/site-packages/airflow/example_dags/example_task_group.py
[2024-02-19T12:44:58.859+0000] {logging_mixin.py:137} INFO - [2024-02-19T12:44:58.859+0000] {dag.py:2690} INFO - Sync 1 DAGs
[2024-02-19T12:44:58.875+0000] {logging_mixin.py:137} INFO - [2024-02-19T12:44:58.875+0000] {dag.py:3441} INFO - Setting next_dagrun for example_task_group to 2024-02-18T12:44:58.875202+00:00, run_after=2024-02-19T12:44:58.875202+00:00
[2024-02-19T12:44:58.887+0000] {processor.py:175} INFO - Processing /home/airflow/.local/lib/python3.7/site-packages/airflow/example_dags/example_task_group.py took 0.056 seconds
[2024-02-19T12:45:29.381+0000] {processor.py:153} INFO - Started process (PID=5175) to work on /home/airflow/.local/lib/python3.7/site-packages/airflow/example_dags/example_task_group.py
[2024-02-19T12:45:29.381+0000] {processor.py:743} INFO - Processing file /home/airflow/.local/lib/python3.7/site-packages/airflow/example_dags/example_task_group.py for tasks to queue
[2024-02-19T12:45:29.382+0000] {logging_mixin.py:137} INFO - [2024-02-19T12:45:29.382+0000] {dagbag.py:538} INFO - Filling up the DagBag from /home/airflow/.local/lib/python3.7/site-packages/airflow/example_dags/example_task_group.py
[2024-02-19T12:45:29.390+0000] {processor.py:753} INFO - DAG(s) dict_keys(['example_task_group']) retrieved from /home/airflow/.local/lib/python3.7/site-packages/airflow/example_dags/example_task_group.py
[2024-02-19T12:45:29.404+0000] {logging_mixin.py:137} INFO - [2024-02-19T12:45:29.404+0000] {dag.py:2690} INFO - Sync 1 DAGs
[2024-02-19T12:45:29.418+0000] {logging_mixin.py:137} INFO - [2024-02-19T12:45:29.418+0000] {dag.py:3441} INFO - Setting next_dagrun for example_task_group to 2024-02-18T12:45:29.418564+00:00, run_after=2024-02-19T12:45:29.418564+00:00
[2024-02-19T12:45:29.429+0000] {processor.py:175} INFO - Processing /home/airflow/.local/lib/python3.7/site-packages/airflow/example_dags/example_task_group.py took 0.050 seconds
[2024-02-19T12:45:59.818+0000] {processor.py:153} INFO - Started process (PID=5310) to work on /home/airflow/.local/lib/python3.7/site-packages/airflow/example_dags/example_task_group.py
[2024-02-19T12:45:59.818+0000] {processor.py:743} INFO - Processing file /home/airflow/.local/lib/python3.7/site-packages/airflow/example_dags/example_task_group.py for tasks to queue
[2024-02-19T12:45:59.819+0000] {logging_mixin.py:137} INFO - [2024-02-19T12:45:59.819+0000] {dagbag.py:538} INFO - Filling up the DagBag from /home/airflow/.local/lib/python3.7/site-packages/airflow/example_dags/example_task_group.py
[2024-02-19T12:45:59.827+0000] {processor.py:753} INFO - DAG(s) dict_keys(['example_task_group']) retrieved from /home/airflow/.local/lib/python3.7/site-packages/airflow/example_dags/example_task_group.py
[2024-02-19T12:45:59.842+0000] {logging_mixin.py:137} INFO - [2024-02-19T12:45:59.842+0000] {dag.py:2690} INFO - Sync 1 DAGs
[2024-02-19T12:45:59.855+0000] {logging_mixin.py:137} INFO - [2024-02-19T12:45:59.855+0000] {dag.py:3441} INFO - Setting next_dagrun for example_task_group to 2024-02-18T12:45:59.855325+00:00, run_after=2024-02-19T12:45:59.855325+00:00
[2024-02-19T12:45:59.866+0000] {processor.py:175} INFO - Processing /home/airflow/.local/lib/python3.7/site-packages/airflow/example_dags/example_task_group.py took 0.050 seconds
[2024-02-19T12:46:30.554+0000] {processor.py:153} INFO - Started process (PID=5445) to work on /home/airflow/.local/lib/python3.7/site-packages/airflow/example_dags/example_task_group.py
[2024-02-19T12:46:30.555+0000] {processor.py:743} INFO - Processing file /home/airflow/.local/lib/python3.7/site-packages/airflow/example_dags/example_task_group.py for tasks to queue
[2024-02-19T12:46:30.555+0000] {logging_mixin.py:137} INFO - [2024-02-19T12:46:30.555+0000] {dagbag.py:538} INFO - Filling up the DagBag from /home/airflow/.local/lib/python3.7/site-packages/airflow/example_dags/example_task_group.py
[2024-02-19T12:46:30.565+0000] {processor.py:753} INFO - DAG(s) dict_keys(['example_task_group']) retrieved from /home/airflow/.local/lib/python3.7/site-packages/airflow/example_dags/example_task_group.py
[2024-02-19T12:46:30.581+0000] {logging_mixin.py:137} INFO - [2024-02-19T12:46:30.581+0000] {dag.py:2690} INFO - Sync 1 DAGs
[2024-02-19T12:46:30.596+0000] {logging_mixin.py:137} INFO - [2024-02-19T12:46:30.596+0000] {dag.py:3441} INFO - Setting next_dagrun for example_task_group to 2024-02-18T12:46:30.596143+00:00, run_after=2024-02-19T12:46:30.596143+00:00
[2024-02-19T12:46:30.607+0000] {processor.py:175} INFO - Processing /home/airflow/.local/lib/python3.7/site-packages/airflow/example_dags/example_task_group.py took 0.055 seconds
[2024-02-19T12:47:01.006+0000] {processor.py:153} INFO - Started process (PID=5548) to work on /home/airflow/.local/lib/python3.7/site-packages/airflow/example_dags/example_task_group.py
[2024-02-19T12:47:01.007+0000] {processor.py:743} INFO - Processing file /home/airflow/.local/lib/python3.7/site-packages/airflow/example_dags/example_task_group.py for tasks to queue
[2024-02-19T12:47:01.007+0000] {logging_mixin.py:137} INFO - [2024-02-19T12:47:01.007+0000] {dagbag.py:538} INFO - Filling up the DagBag from /home/airflow/.local/lib/python3.7/site-packages/airflow/example_dags/example_task_group.py
[2024-02-19T12:47:01.016+0000] {processor.py:753} INFO - DAG(s) dict_keys(['example_task_group']) retrieved from /home/airflow/.local/lib/python3.7/site-packages/airflow/example_dags/example_task_group.py
[2024-02-19T12:47:01.030+0000] {logging_mixin.py:137} INFO - [2024-02-19T12:47:01.030+0000] {dag.py:2690} INFO - Sync 1 DAGs
[2024-02-19T12:47:01.044+0000] {logging_mixin.py:137} INFO - [2024-02-19T12:47:01.044+0000] {dag.py:3441} INFO - Setting next_dagrun for example_task_group to 2024-02-18T12:47:01.044323+00:00, run_after=2024-02-19T12:47:01.044323+00:00
[2024-02-19T12:47:01.056+0000] {processor.py:175} INFO - Processing /home/airflow/.local/lib/python3.7/site-packages/airflow/example_dags/example_task_group.py took 0.051 seconds
[2024-02-19T12:47:31.467+0000] {processor.py:153} INFO - Started process (PID=5683) to work on /home/airflow/.local/lib/python3.7/site-packages/airflow/example_dags/example_task_group.py
[2024-02-19T12:47:31.467+0000] {processor.py:743} INFO - Processing file /home/airflow/.local/lib/python3.7/site-packages/airflow/example_dags/example_task_group.py for tasks to queue
[2024-02-19T12:47:31.467+0000] {logging_mixin.py:137} INFO - [2024-02-19T12:47:31.467+0000] {dagbag.py:538} INFO - Filling up the DagBag from /home/airflow/.local/lib/python3.7/site-packages/airflow/example_dags/example_task_group.py
[2024-02-19T12:47:31.476+0000] {processor.py:753} INFO - DAG(s) dict_keys(['example_task_group']) retrieved from /home/airflow/.local/lib/python3.7/site-packages/airflow/example_dags/example_task_group.py
[2024-02-19T12:47:31.490+0000] {logging_mixin.py:137} INFO - [2024-02-19T12:47:31.490+0000] {dag.py:2690} INFO - Sync 1 DAGs
[2024-02-19T12:47:31.505+0000] {logging_mixin.py:137} INFO - [2024-02-19T12:47:31.505+0000] {dag.py:3441} INFO - Setting next_dagrun for example_task_group to 2024-02-18T12:47:31.505329+00:00, run_after=2024-02-19T12:47:31.505329+00:00
[2024-02-19T12:47:31.516+0000] {processor.py:175} INFO - Processing /home/airflow/.local/lib/python3.7/site-packages/airflow/example_dags/example_task_group.py took 0.051 seconds
[2024-02-19T12:48:02.110+0000] {processor.py:153} INFO - Started process (PID=5818) to work on /home/airflow/.local/lib/python3.7/site-packages/airflow/example_dags/example_task_group.py
[2024-02-19T12:48:02.110+0000] {processor.py:743} INFO - Processing file /home/airflow/.local/lib/python3.7/site-packages/airflow/example_dags/example_task_group.py for tasks to queue
[2024-02-19T12:48:02.111+0000] {logging_mixin.py:137} INFO - [2024-02-19T12:48:02.111+0000] {dagbag.py:538} INFO - Filling up the DagBag from /home/airflow/.local/lib/python3.7/site-packages/airflow/example_dags/example_task_group.py
[2024-02-19T12:48:02.120+0000] {processor.py:753} INFO - DAG(s) dict_keys(['example_task_group']) retrieved from /home/airflow/.local/lib/python3.7/site-packages/airflow/example_dags/example_task_group.py
[2024-02-19T12:48:02.136+0000] {logging_mixin.py:137} INFO - [2024-02-19T12:48:02.136+0000] {dag.py:2690} INFO - Sync 1 DAGs
[2024-02-19T12:48:02.151+0000] {logging_mixin.py:137} INFO - [2024-02-19T12:48:02.151+0000] {dag.py:3441} INFO - Setting next_dagrun for example_task_group to 2024-02-18T12:48:02.151241+00:00, run_after=2024-02-19T12:48:02.151241+00:00
[2024-02-19T12:48:02.163+0000] {processor.py:175} INFO - Processing /home/airflow/.local/lib/python3.7/site-packages/airflow/example_dags/example_task_group.py took 0.055 seconds
[2024-02-19T12:48:32.699+0000] {processor.py:153} INFO - Started process (PID=5921) to work on /home/airflow/.local/lib/python3.7/site-packages/airflow/example_dags/example_task_group.py
[2024-02-19T12:48:32.700+0000] {processor.py:743} INFO - Processing file /home/airflow/.local/lib/python3.7/site-packages/airflow/example_dags/example_task_group.py for tasks to queue
[2024-02-19T12:48:32.700+0000] {logging_mixin.py:137} INFO - [2024-02-19T12:48:32.700+0000] {dagbag.py:538} INFO - Filling up the DagBag from /home/airflow/.local/lib/python3.7/site-packages/airflow/example_dags/example_task_group.py
[2024-02-19T12:48:32.709+0000] {processor.py:753} INFO - DAG(s) dict_keys(['example_task_group']) retrieved from /home/airflow/.local/lib/python3.7/site-packages/airflow/example_dags/example_task_group.py
[2024-02-19T12:48:32.723+0000] {logging_mixin.py:137} INFO - [2024-02-19T12:48:32.723+0000] {dag.py:2690} INFO - Sync 1 DAGs
[2024-02-19T12:48:32.737+0000] {logging_mixin.py:137} INFO - [2024-02-19T12:48:32.737+0000] {dag.py:3441} INFO - Setting next_dagrun for example_task_group to 2024-02-18T12:48:32.737308+00:00, run_after=2024-02-19T12:48:32.737308+00:00
[2024-02-19T12:48:32.748+0000] {processor.py:175} INFO - Processing /home/airflow/.local/lib/python3.7/site-packages/airflow/example_dags/example_task_group.py took 0.050 seconds
[2024-02-19T12:49:03.229+0000] {processor.py:153} INFO - Started process (PID=6056) to work on /home/airflow/.local/lib/python3.7/site-packages/airflow/example_dags/example_task_group.py
[2024-02-19T12:49:03.229+0000] {processor.py:743} INFO - Processing file /home/airflow/.local/lib/python3.7/site-packages/airflow/example_dags/example_task_group.py for tasks to queue
[2024-02-19T12:49:03.230+0000] {logging_mixin.py:137} INFO - [2024-02-19T12:49:03.230+0000] {dagbag.py:538} INFO - Filling up the DagBag from /home/airflow/.local/lib/python3.7/site-packages/airflow/example_dags/example_task_group.py
[2024-02-19T12:49:03.240+0000] {processor.py:753} INFO - DAG(s) dict_keys(['example_task_group']) retrieved from /home/airflow/.local/lib/python3.7/site-packages/airflow/example_dags/example_task_group.py
[2024-02-19T12:49:03.254+0000] {logging_mixin.py:137} INFO - [2024-02-19T12:49:03.254+0000] {dag.py:2690} INFO - Sync 1 DAGs
[2024-02-19T12:49:03.270+0000] {logging_mixin.py:137} INFO - [2024-02-19T12:49:03.269+0000] {dag.py:3441} INFO - Setting next_dagrun for example_task_group to 2024-02-18T12:49:03.269509+00:00, run_after=2024-02-19T12:49:03.269509+00:00
[2024-02-19T12:49:03.282+0000] {processor.py:175} INFO - Processing /home/airflow/.local/lib/python3.7/site-packages/airflow/example_dags/example_task_group.py took 0.056 seconds
[2024-02-19T12:49:33.976+0000] {processor.py:153} INFO - Started process (PID=6191) to work on /home/airflow/.local/lib/python3.7/site-packages/airflow/example_dags/example_task_group.py
[2024-02-19T12:49:33.976+0000] {processor.py:743} INFO - Processing file /home/airflow/.local/lib/python3.7/site-packages/airflow/example_dags/example_task_group.py for tasks to queue
[2024-02-19T12:49:33.977+0000] {logging_mixin.py:137} INFO - [2024-02-19T12:49:33.977+0000] {dagbag.py:538} INFO - Filling up the DagBag from /home/airflow/.local/lib/python3.7/site-packages/airflow/example_dags/example_task_group.py
[2024-02-19T12:49:33.985+0000] {processor.py:753} INFO - DAG(s) dict_keys(['example_task_group']) retrieved from /home/airflow/.local/lib/python3.7/site-packages/airflow/example_dags/example_task_group.py
[2024-02-19T12:49:33.999+0000] {logging_mixin.py:137} INFO - [2024-02-19T12:49:33.999+0000] {dag.py:2690} INFO - Sync 1 DAGs
[2024-02-19T12:49:34.013+0000] {logging_mixin.py:137} INFO - [2024-02-19T12:49:34.013+0000] {dag.py:3441} INFO - Setting next_dagrun for example_task_group to 2024-02-18T12:49:34.013425+00:00, run_after=2024-02-19T12:49:34.013425+00:00
[2024-02-19T12:49:34.024+0000] {processor.py:175} INFO - Processing /home/airflow/.local/lib/python3.7/site-packages/airflow/example_dags/example_task_group.py took 0.050 seconds
[2024-02-19T12:50:04.506+0000] {processor.py:153} INFO - Started process (PID=6294) to work on /home/airflow/.local/lib/python3.7/site-packages/airflow/example_dags/example_task_group.py
[2024-02-19T12:50:04.507+0000] {processor.py:743} INFO - Processing file /home/airflow/.local/lib/python3.7/site-packages/airflow/example_dags/example_task_group.py for tasks to queue
[2024-02-19T12:50:04.507+0000] {logging_mixin.py:137} INFO - [2024-02-19T12:50:04.507+0000] {dagbag.py:538} INFO - Filling up the DagBag from /home/airflow/.local/lib/python3.7/site-packages/airflow/example_dags/example_task_group.py
[2024-02-19T12:50:04.516+0000] {processor.py:753} INFO - DAG(s) dict_keys(['example_task_group']) retrieved from /home/airflow/.local/lib/python3.7/site-packages/airflow/example_dags/example_task_group.py
[2024-02-19T12:50:04.530+0000] {logging_mixin.py:137} INFO - [2024-02-19T12:50:04.530+0000] {dag.py:2690} INFO - Sync 1 DAGs
[2024-02-19T12:50:04.545+0000] {logging_mixin.py:137} INFO - [2024-02-19T12:50:04.545+0000] {dag.py:3441} INFO - Setting next_dagrun for example_task_group to 2024-02-18T12:50:04.545072+00:00, run_after=2024-02-19T12:50:04.545072+00:00
[2024-02-19T12:50:04.557+0000] {processor.py:175} INFO - Processing /home/airflow/.local/lib/python3.7/site-packages/airflow/example_dags/example_task_group.py took 0.053 seconds
[2024-02-19T12:50:34.962+0000] {processor.py:153} INFO - Started process (PID=6429) to work on /home/airflow/.local/lib/python3.7/site-packages/airflow/example_dags/example_task_group.py
[2024-02-19T12:50:34.963+0000] {processor.py:743} INFO - Processing file /home/airflow/.local/lib/python3.7/site-packages/airflow/example_dags/example_task_group.py for tasks to queue
[2024-02-19T12:50:34.963+0000] {logging_mixin.py:137} INFO - [2024-02-19T12:50:34.963+0000] {dagbag.py:538} INFO - Filling up the DagBag from /home/airflow/.local/lib/python3.7/site-packages/airflow/example_dags/example_task_group.py
[2024-02-19T12:50:34.972+0000] {processor.py:753} INFO - DAG(s) dict_keys(['example_task_group']) retrieved from /home/airflow/.local/lib/python3.7/site-packages/airflow/example_dags/example_task_group.py
[2024-02-19T12:50:34.986+0000] {logging_mixin.py:137} INFO - [2024-02-19T12:50:34.986+0000] {dag.py:2690} INFO - Sync 1 DAGs
[2024-02-19T12:50:35.001+0000] {logging_mixin.py:137} INFO - [2024-02-19T12:50:35.001+0000] {dag.py:3441} INFO - Setting next_dagrun for example_task_group to 2024-02-18T12:50:35.001520+00:00, run_after=2024-02-19T12:50:35.001520+00:00
[2024-02-19T12:50:35.013+0000] {processor.py:175} INFO - Processing /home/airflow/.local/lib/python3.7/site-packages/airflow/example_dags/example_task_group.py took 0.052 seconds
[2024-02-19T12:51:05.720+0000] {processor.py:153} INFO - Started process (PID=6540) to work on /home/airflow/.local/lib/python3.7/site-packages/airflow/example_dags/example_task_group.py
[2024-02-19T12:51:05.721+0000] {processor.py:743} INFO - Processing file /home/airflow/.local/lib/python3.7/site-packages/airflow/example_dags/example_task_group.py for tasks to queue
[2024-02-19T12:51:05.722+0000] {logging_mixin.py:137} INFO - [2024-02-19T12:51:05.722+0000] {dagbag.py:538} INFO - Filling up the DagBag from /home/airflow/.local/lib/python3.7/site-packages/airflow/example_dags/example_task_group.py
[2024-02-19T12:51:05.734+0000] {processor.py:753} INFO - DAG(s) dict_keys(['example_task_group']) retrieved from /home/airflow/.local/lib/python3.7/site-packages/airflow/example_dags/example_task_group.py
[2024-02-19T12:51:05.756+0000] {logging_mixin.py:137} INFO - [2024-02-19T12:51:05.755+0000] {dag.py:2690} INFO - Sync 1 DAGs
[2024-02-19T12:51:05.778+0000] {logging_mixin.py:137} INFO - [2024-02-19T12:51:05.778+0000] {dag.py:3441} INFO - Setting next_dagrun for example_task_group to 2024-02-18T12:51:05.778052+00:00, run_after=2024-02-19T12:51:05.778052+00:00
[2024-02-19T12:51:05.797+0000] {processor.py:175} INFO - Processing /home/airflow/.local/lib/python3.7/site-packages/airflow/example_dags/example_task_group.py took 0.079 seconds
[2024-02-19T12:51:36.477+0000] {processor.py:153} INFO - Started process (PID=6666) to work on /home/airflow/.local/lib/python3.7/site-packages/airflow/example_dags/example_task_group.py
[2024-02-19T12:51:36.478+0000] {processor.py:743} INFO - Processing file /home/airflow/.local/lib/python3.7/site-packages/airflow/example_dags/example_task_group.py for tasks to queue
[2024-02-19T12:51:36.478+0000] {logging_mixin.py:137} INFO - [2024-02-19T12:51:36.478+0000] {dagbag.py:538} INFO - Filling up the DagBag from /home/airflow/.local/lib/python3.7/site-packages/airflow/example_dags/example_task_group.py
[2024-02-19T12:51:36.489+0000] {processor.py:753} INFO - DAG(s) dict_keys(['example_task_group']) retrieved from /home/airflow/.local/lib/python3.7/site-packages/airflow/example_dags/example_task_group.py
[2024-02-19T12:51:36.506+0000] {logging_mixin.py:137} INFO - [2024-02-19T12:51:36.506+0000] {dag.py:2690} INFO - Sync 1 DAGs
[2024-02-19T12:51:36.524+0000] {logging_mixin.py:137} INFO - [2024-02-19T12:51:36.524+0000] {dag.py:3441} INFO - Setting next_dagrun for example_task_group to 2024-02-18T12:51:36.524466+00:00, run_after=2024-02-19T12:51:36.524466+00:00
[2024-02-19T12:51:36.538+0000] {processor.py:175} INFO - Processing /home/airflow/.local/lib/python3.7/site-packages/airflow/example_dags/example_task_group.py took 0.064 seconds
[2024-02-19T12:52:07.817+0000] {processor.py:153} INFO - Started process (PID=6801) to work on /home/airflow/.local/lib/python3.7/site-packages/airflow/example_dags/example_task_group.py
[2024-02-19T12:52:07.817+0000] {processor.py:743} INFO - Processing file /home/airflow/.local/lib/python3.7/site-packages/airflow/example_dags/example_task_group.py for tasks to queue
[2024-02-19T12:52:07.818+0000] {logging_mixin.py:137} INFO - [2024-02-19T12:52:07.818+0000] {dagbag.py:538} INFO - Filling up the DagBag from /home/airflow/.local/lib/python3.7/site-packages/airflow/example_dags/example_task_group.py
[2024-02-19T12:52:07.831+0000] {processor.py:753} INFO - DAG(s) dict_keys(['example_task_group']) retrieved from /home/airflow/.local/lib/python3.7/site-packages/airflow/example_dags/example_task_group.py
[2024-02-19T12:52:07.854+0000] {logging_mixin.py:137} INFO - [2024-02-19T12:52:07.854+0000] {dag.py:2690} INFO - Sync 1 DAGs
[2024-02-19T12:52:07.877+0000] {logging_mixin.py:137} INFO - [2024-02-19T12:52:07.877+0000] {dag.py:3441} INFO - Setting next_dagrun for example_task_group to 2024-02-18T12:52:07.876872+00:00, run_after=2024-02-19T12:52:07.876872+00:00
[2024-02-19T12:52:07.894+0000] {processor.py:175} INFO - Processing /home/airflow/.local/lib/python3.7/site-packages/airflow/example_dags/example_task_group.py took 0.080 seconds
[2024-02-19T12:52:38.515+0000] {processor.py:153} INFO - Started process (PID=6904) to work on /home/airflow/.local/lib/python3.7/site-packages/airflow/example_dags/example_task_group.py
[2024-02-19T12:52:38.516+0000] {processor.py:743} INFO - Processing file /home/airflow/.local/lib/python3.7/site-packages/airflow/example_dags/example_task_group.py for tasks to queue
[2024-02-19T12:52:38.516+0000] {logging_mixin.py:137} INFO - [2024-02-19T12:52:38.516+0000] {dagbag.py:538} INFO - Filling up the DagBag from /home/airflow/.local/lib/python3.7/site-packages/airflow/example_dags/example_task_group.py
[2024-02-19T12:52:38.527+0000] {processor.py:753} INFO - DAG(s) dict_keys(['example_task_group']) retrieved from /home/airflow/.local/lib/python3.7/site-packages/airflow/example_dags/example_task_group.py
[2024-02-19T12:52:38.544+0000] {logging_mixin.py:137} INFO - [2024-02-19T12:52:38.544+0000] {dag.py:2690} INFO - Sync 1 DAGs
[2024-02-19T12:52:38.567+0000] {logging_mixin.py:137} INFO - [2024-02-19T12:52:38.567+0000] {dag.py:3441} INFO - Setting next_dagrun for example_task_group to 2024-02-18T12:52:38.567558+00:00, run_after=2024-02-19T12:52:38.567558+00:00
[2024-02-19T12:52:38.590+0000] {processor.py:175} INFO - Processing /home/airflow/.local/lib/python3.7/site-packages/airflow/example_dags/example_task_group.py took 0.078 seconds
[2024-02-19T12:53:09.443+0000] {processor.py:153} INFO - Started process (PID=7039) to work on /home/airflow/.local/lib/python3.7/site-packages/airflow/example_dags/example_task_group.py
[2024-02-19T12:53:09.443+0000] {processor.py:743} INFO - Processing file /home/airflow/.local/lib/python3.7/site-packages/airflow/example_dags/example_task_group.py for tasks to queue
[2024-02-19T12:53:09.443+0000] {logging_mixin.py:137} INFO - [2024-02-19T12:53:09.443+0000] {dagbag.py:538} INFO - Filling up the DagBag from /home/airflow/.local/lib/python3.7/site-packages/airflow/example_dags/example_task_group.py
[2024-02-19T12:53:09.454+0000] {processor.py:753} INFO - DAG(s) dict_keys(['example_task_group']) retrieved from /home/airflow/.local/lib/python3.7/site-packages/airflow/example_dags/example_task_group.py
[2024-02-19T12:53:09.470+0000] {logging_mixin.py:137} INFO - [2024-02-19T12:53:09.470+0000] {dag.py:2690} INFO - Sync 1 DAGs
[2024-02-19T12:53:09.488+0000] {logging_mixin.py:137} INFO - [2024-02-19T12:53:09.488+0000] {dag.py:3441} INFO - Setting next_dagrun for example_task_group to 2024-02-18T12:53:09.488342+00:00, run_after=2024-02-19T12:53:09.488342+00:00
[2024-02-19T12:53:09.502+0000] {processor.py:175} INFO - Processing /home/airflow/.local/lib/python3.7/site-packages/airflow/example_dags/example_task_group.py took 0.061 seconds
[2024-02-19T12:53:40.303+0000] {processor.py:153} INFO - Started process (PID=7175) to work on /home/airflow/.local/lib/python3.7/site-packages/airflow/example_dags/example_task_group.py
[2024-02-19T12:53:40.304+0000] {processor.py:743} INFO - Processing file /home/airflow/.local/lib/python3.7/site-packages/airflow/example_dags/example_task_group.py for tasks to queue
[2024-02-19T12:53:40.304+0000] {logging_mixin.py:137} INFO - [2024-02-19T12:53:40.304+0000] {dagbag.py:538} INFO - Filling up the DagBag from /home/airflow/.local/lib/python3.7/site-packages/airflow/example_dags/example_task_group.py
[2024-02-19T12:53:40.317+0000] {processor.py:753} INFO - DAG(s) dict_keys(['example_task_group']) retrieved from /home/airflow/.local/lib/python3.7/site-packages/airflow/example_dags/example_task_group.py
[2024-02-19T12:53:40.337+0000] {logging_mixin.py:137} INFO - [2024-02-19T12:53:40.337+0000] {dag.py:2690} INFO - Sync 1 DAGs
[2024-02-19T12:53:40.358+0000] {logging_mixin.py:137} INFO - [2024-02-19T12:53:40.358+0000] {dag.py:3441} INFO - Setting next_dagrun for example_task_group to 2024-02-18T12:53:40.358033+00:00, run_after=2024-02-19T12:53:40.358033+00:00
[2024-02-19T12:53:40.388+0000] {processor.py:175} INFO - Processing /home/airflow/.local/lib/python3.7/site-packages/airflow/example_dags/example_task_group.py took 0.088 seconds
[2024-02-19T12:54:11.285+0000] {processor.py:153} INFO - Started process (PID=7278) to work on /home/airflow/.local/lib/python3.7/site-packages/airflow/example_dags/example_task_group.py
[2024-02-19T12:54:11.285+0000] {processor.py:743} INFO - Processing file /home/airflow/.local/lib/python3.7/site-packages/airflow/example_dags/example_task_group.py for tasks to queue
[2024-02-19T12:54:11.286+0000] {logging_mixin.py:137} INFO - [2024-02-19T12:54:11.286+0000] {dagbag.py:538} INFO - Filling up the DagBag from /home/airflow/.local/lib/python3.7/site-packages/airflow/example_dags/example_task_group.py
[2024-02-19T12:54:11.297+0000] {processor.py:753} INFO - DAG(s) dict_keys(['example_task_group']) retrieved from /home/airflow/.local/lib/python3.7/site-packages/airflow/example_dags/example_task_group.py
[2024-02-19T12:54:11.315+0000] {logging_mixin.py:137} INFO - [2024-02-19T12:54:11.315+0000] {dag.py:2690} INFO - Sync 1 DAGs
[2024-02-19T12:54:11.332+0000] {logging_mixin.py:137} INFO - [2024-02-19T12:54:11.332+0000] {dag.py:3441} INFO - Setting next_dagrun for example_task_group to 2024-02-18T12:54:11.332188+00:00, run_after=2024-02-19T12:54:11.332188+00:00
[2024-02-19T12:54:11.346+0000] {processor.py:175} INFO - Processing /home/airflow/.local/lib/python3.7/site-packages/airflow/example_dags/example_task_group.py took 0.063 seconds
[2024-02-19T12:54:41.445+0000] {processor.py:153} INFO - Started process (PID=7413) to work on /home/airflow/.local/lib/python3.7/site-packages/airflow/example_dags/example_task_group.py
[2024-02-19T12:54:41.445+0000] {processor.py:743} INFO - Processing file /home/airflow/.local/lib/python3.7/site-packages/airflow/example_dags/example_task_group.py for tasks to queue
[2024-02-19T12:54:41.446+0000] {logging_mixin.py:137} INFO - [2024-02-19T12:54:41.446+0000] {dagbag.py:538} INFO - Filling up the DagBag from /home/airflow/.local/lib/python3.7/site-packages/airflow/example_dags/example_task_group.py
[2024-02-19T12:54:41.458+0000] {processor.py:753} INFO - DAG(s) dict_keys(['example_task_group']) retrieved from /home/airflow/.local/lib/python3.7/site-packages/airflow/example_dags/example_task_group.py
[2024-02-19T12:54:41.478+0000] {logging_mixin.py:137} INFO - [2024-02-19T12:54:41.478+0000] {dag.py:2690} INFO - Sync 1 DAGs
[2024-02-19T12:54:41.498+0000] {logging_mixin.py:137} INFO - [2024-02-19T12:54:41.498+0000] {dag.py:3441} INFO - Setting next_dagrun for example_task_group to 2024-02-18T12:54:41.498423+00:00, run_after=2024-02-19T12:54:41.498423+00:00
[2024-02-19T12:54:41.514+0000] {processor.py:175} INFO - Processing /home/airflow/.local/lib/python3.7/site-packages/airflow/example_dags/example_task_group.py took 0.071 seconds
[2024-02-19T12:55:12.145+0000] {processor.py:153} INFO - Started process (PID=7523) to work on /home/airflow/.local/lib/python3.7/site-packages/airflow/example_dags/example_task_group.py
[2024-02-19T12:55:12.146+0000] {processor.py:743} INFO - Processing file /home/airflow/.local/lib/python3.7/site-packages/airflow/example_dags/example_task_group.py for tasks to queue
[2024-02-19T12:55:12.147+0000] {logging_mixin.py:137} INFO - [2024-02-19T12:55:12.147+0000] {dagbag.py:538} INFO - Filling up the DagBag from /home/airflow/.local/lib/python3.7/site-packages/airflow/example_dags/example_task_group.py
[2024-02-19T12:55:12.159+0000] {processor.py:753} INFO - DAG(s) dict_keys(['example_task_group']) retrieved from /home/airflow/.local/lib/python3.7/site-packages/airflow/example_dags/example_task_group.py
[2024-02-19T12:55:12.179+0000] {logging_mixin.py:137} INFO - [2024-02-19T12:55:12.179+0000] {dag.py:2690} INFO - Sync 1 DAGs
[2024-02-19T12:55:12.200+0000] {logging_mixin.py:137} INFO - [2024-02-19T12:55:12.200+0000] {dag.py:3441} INFO - Setting next_dagrun for example_task_group to 2024-02-18T12:55:12.200340+00:00, run_after=2024-02-19T12:55:12.200340+00:00
[2024-02-19T12:55:12.217+0000] {processor.py:175} INFO - Processing /home/airflow/.local/lib/python3.7/site-packages/airflow/example_dags/example_task_group.py took 0.074 seconds
[2024-02-19T12:55:42.934+0000] {processor.py:153} INFO - Started process (PID=7651) to work on /home/airflow/.local/lib/python3.7/site-packages/airflow/example_dags/example_task_group.py
[2024-02-19T12:55:42.934+0000] {processor.py:743} INFO - Processing file /home/airflow/.local/lib/python3.7/site-packages/airflow/example_dags/example_task_group.py for tasks to queue
[2024-02-19T12:55:42.935+0000] {logging_mixin.py:137} INFO - [2024-02-19T12:55:42.934+0000] {dagbag.py:538} INFO - Filling up the DagBag from /home/airflow/.local/lib/python3.7/site-packages/airflow/example_dags/example_task_group.py
[2024-02-19T12:55:42.947+0000] {processor.py:753} INFO - DAG(s) dict_keys(['example_task_group']) retrieved from /home/airflow/.local/lib/python3.7/site-packages/airflow/example_dags/example_task_group.py
[2024-02-19T12:55:42.967+0000] {logging_mixin.py:137} INFO - [2024-02-19T12:55:42.967+0000] {dag.py:2690} INFO - Sync 1 DAGs
[2024-02-19T12:55:42.988+0000] {logging_mixin.py:137} INFO - [2024-02-19T12:55:42.987+0000] {dag.py:3441} INFO - Setting next_dagrun for example_task_group to 2024-02-18T12:55:42.987693+00:00, run_after=2024-02-19T12:55:42.987693+00:00
[2024-02-19T12:55:43.004+0000] {processor.py:175} INFO - Processing /home/airflow/.local/lib/python3.7/site-packages/airflow/example_dags/example_task_group.py took 0.073 seconds
[2024-02-19T12:56:13.804+0000] {processor.py:153} INFO - Started process (PID=7786) to work on /home/airflow/.local/lib/python3.7/site-packages/airflow/example_dags/example_task_group.py
[2024-02-19T12:56:13.805+0000] {processor.py:743} INFO - Processing file /home/airflow/.local/lib/python3.7/site-packages/airflow/example_dags/example_task_group.py for tasks to queue
[2024-02-19T12:56:13.806+0000] {logging_mixin.py:137} INFO - [2024-02-19T12:56:13.806+0000] {dagbag.py:538} INFO - Filling up the DagBag from /home/airflow/.local/lib/python3.7/site-packages/airflow/example_dags/example_task_group.py
[2024-02-19T12:56:13.819+0000] {processor.py:753} INFO - DAG(s) dict_keys(['example_task_group']) retrieved from /home/airflow/.local/lib/python3.7/site-packages/airflow/example_dags/example_task_group.py
[2024-02-19T12:56:13.840+0000] {logging_mixin.py:137} INFO - [2024-02-19T12:56:13.840+0000] {dag.py:2690} INFO - Sync 1 DAGs
[2024-02-19T12:56:13.862+0000] {logging_mixin.py:137} INFO - [2024-02-19T12:56:13.862+0000] {dag.py:3441} INFO - Setting next_dagrun for example_task_group to 2024-02-18T12:56:13.862334+00:00, run_after=2024-02-19T12:56:13.862334+00:00
[2024-02-19T12:56:13.880+0000] {processor.py:175} INFO - Processing /home/airflow/.local/lib/python3.7/site-packages/airflow/example_dags/example_task_group.py took 0.078 seconds
[2024-02-19T12:56:44.571+0000] {processor.py:153} INFO - Started process (PID=7889) to work on /home/airflow/.local/lib/python3.7/site-packages/airflow/example_dags/example_task_group.py
[2024-02-19T12:56:44.572+0000] {processor.py:743} INFO - Processing file /home/airflow/.local/lib/python3.7/site-packages/airflow/example_dags/example_task_group.py for tasks to queue
[2024-02-19T12:56:44.572+0000] {logging_mixin.py:137} INFO - [2024-02-19T12:56:44.572+0000] {dagbag.py:538} INFO - Filling up the DagBag from /home/airflow/.local/lib/python3.7/site-packages/airflow/example_dags/example_task_group.py
[2024-02-19T12:56:44.584+0000] {processor.py:753} INFO - DAG(s) dict_keys(['example_task_group']) retrieved from /home/airflow/.local/lib/python3.7/site-packages/airflow/example_dags/example_task_group.py
[2024-02-19T12:56:44.602+0000] {logging_mixin.py:137} INFO - [2024-02-19T12:56:44.602+0000] {dag.py:2690} INFO - Sync 1 DAGs
[2024-02-19T12:56:44.622+0000] {logging_mixin.py:137} INFO - [2024-02-19T12:56:44.622+0000] {dag.py:3441} INFO - Setting next_dagrun for example_task_group to 2024-02-18T12:56:44.622442+00:00, run_after=2024-02-19T12:56:44.622442+00:00
[2024-02-19T12:56:44.637+0000] {processor.py:175} INFO - Processing /home/airflow/.local/lib/python3.7/site-packages/airflow/example_dags/example_task_group.py took 0.068 seconds
[2024-02-19T12:57:15.487+0000] {processor.py:153} INFO - Started process (PID=8024) to work on /home/airflow/.local/lib/python3.7/site-packages/airflow/example_dags/example_task_group.py
[2024-02-19T12:57:15.487+0000] {processor.py:743} INFO - Processing file /home/airflow/.local/lib/python3.7/site-packages/airflow/example_dags/example_task_group.py for tasks to queue
[2024-02-19T12:57:15.488+0000] {logging_mixin.py:137} INFO - [2024-02-19T12:57:15.488+0000] {dagbag.py:538} INFO - Filling up the DagBag from /home/airflow/.local/lib/python3.7/site-packages/airflow/example_dags/example_task_group.py
[2024-02-19T12:57:15.500+0000] {processor.py:753} INFO - DAG(s) dict_keys(['example_task_group']) retrieved from /home/airflow/.local/lib/python3.7/site-packages/airflow/example_dags/example_task_group.py
[2024-02-19T12:57:15.519+0000] {logging_mixin.py:137} INFO - [2024-02-19T12:57:15.519+0000] {dag.py:2690} INFO - Sync 1 DAGs
[2024-02-19T12:57:15.539+0000] {logging_mixin.py:137} INFO - [2024-02-19T12:57:15.539+0000] {dag.py:3441} INFO - Setting next_dagrun for example_task_group to 2024-02-18T12:57:15.539103+00:00, run_after=2024-02-19T12:57:15.539103+00:00
[2024-02-19T12:57:15.554+0000] {processor.py:175} INFO - Processing /home/airflow/.local/lib/python3.7/site-packages/airflow/example_dags/example_task_group.py took 0.070 seconds
[2024-02-19T12:57:46.526+0000] {processor.py:153} INFO - Started process (PID=8159) to work on /home/airflow/.local/lib/python3.7/site-packages/airflow/example_dags/example_task_group.py
[2024-02-19T12:57:46.526+0000] {processor.py:743} INFO - Processing file /home/airflow/.local/lib/python3.7/site-packages/airflow/example_dags/example_task_group.py for tasks to queue
[2024-02-19T12:57:46.527+0000] {logging_mixin.py:137} INFO - [2024-02-19T12:57:46.527+0000] {dagbag.py:538} INFO - Filling up the DagBag from /home/airflow/.local/lib/python3.7/site-packages/airflow/example_dags/example_task_group.py
[2024-02-19T12:57:46.543+0000] {processor.py:753} INFO - DAG(s) dict_keys(['example_task_group']) retrieved from /home/airflow/.local/lib/python3.7/site-packages/airflow/example_dags/example_task_group.py
[2024-02-19T12:57:46.568+0000] {logging_mixin.py:137} INFO - [2024-02-19T12:57:46.568+0000] {dag.py:2690} INFO - Sync 1 DAGs
[2024-02-19T12:57:46.594+0000] {logging_mixin.py:137} INFO - [2024-02-19T12:57:46.594+0000] {dag.py:3441} INFO - Setting next_dagrun for example_task_group to 2024-02-18T12:57:46.594182+00:00, run_after=2024-02-19T12:57:46.594182+00:00
[2024-02-19T12:57:46.614+0000] {processor.py:175} INFO - Processing /home/airflow/.local/lib/python3.7/site-packages/airflow/example_dags/example_task_group.py took 0.091 seconds
[2024-02-19T12:58:17.422+0000] {processor.py:153} INFO - Started process (PID=8261) to work on /home/airflow/.local/lib/python3.7/site-packages/airflow/example_dags/example_task_group.py
[2024-02-19T12:58:17.423+0000] {processor.py:743} INFO - Processing file /home/airflow/.local/lib/python3.7/site-packages/airflow/example_dags/example_task_group.py for tasks to queue
[2024-02-19T12:58:17.423+0000] {logging_mixin.py:137} INFO - [2024-02-19T12:58:17.423+0000] {dagbag.py:538} INFO - Filling up the DagBag from /home/airflow/.local/lib/python3.7/site-packages/airflow/example_dags/example_task_group.py
[2024-02-19T12:58:17.433+0000] {processor.py:753} INFO - DAG(s) dict_keys(['example_task_group']) retrieved from /home/airflow/.local/lib/python3.7/site-packages/airflow/example_dags/example_task_group.py
[2024-02-19T12:58:17.448+0000] {logging_mixin.py:137} INFO - [2024-02-19T12:58:17.448+0000] {dag.py:2690} INFO - Sync 1 DAGs
[2024-02-19T12:58:17.465+0000] {logging_mixin.py:137} INFO - [2024-02-19T12:58:17.465+0000] {dag.py:3441} INFO - Setting next_dagrun for example_task_group to 2024-02-18T12:58:17.465277+00:00, run_after=2024-02-19T12:58:17.465277+00:00
[2024-02-19T12:58:17.479+0000] {processor.py:175} INFO - Processing /home/airflow/.local/lib/python3.7/site-packages/airflow/example_dags/example_task_group.py took 0.058 seconds
