[2024-02-19T12:24:37.726+0000] {processor.py:153} INFO - Started process (PID=63) to work on /home/airflow/.local/lib/python3.7/site-packages/airflow/example_dags/example_sla_dag.py
[2024-02-19T12:24:37.727+0000] {processor.py:743} INFO - Processing file /home/airflow/.local/lib/python3.7/site-packages/airflow/example_dags/example_sla_dag.py for tasks to queue
[2024-02-19T12:24:37.727+0000] {logging_mixin.py:137} INFO - [2024-02-19T12:24:37.727+0000] {dagbag.py:538} INFO - Filling up the DagBag from /home/airflow/.local/lib/python3.7/site-packages/airflow/example_dags/example_sla_dag.py
[2024-02-19T12:24:37.741+0000] {processor.py:753} INFO - DAG(s) dict_keys(['example_sla_dag']) retrieved from /home/airflow/.local/lib/python3.7/site-packages/airflow/example_dags/example_sla_dag.py
[2024-02-19T12:24:37.748+0000] {logging_mixin.py:137} INFO - [2024-02-19T12:24:37.748+0000] {dag.py:2690} INFO - Sync 1 DAGs
[2024-02-19T12:24:37.766+0000] {logging_mixin.py:137} INFO - [2024-02-19T12:24:37.766+0000] {dag.py:3441} INFO - Setting next_dagrun for example_sla_dag to 2024-02-19T12:22:00+00:00, run_after=2024-02-19T12:24:00+00:00
[2024-02-19T12:24:37.778+0000] {processor.py:175} INFO - Processing /home/airflow/.local/lib/python3.7/site-packages/airflow/example_dags/example_sla_dag.py took 0.053 seconds
[2024-02-19T12:25:08.152+0000] {processor.py:153} INFO - Started process (PID=198) to work on /home/airflow/.local/lib/python3.7/site-packages/airflow/example_dags/example_sla_dag.py
[2024-02-19T12:25:08.153+0000] {processor.py:743} INFO - Processing file /home/airflow/.local/lib/python3.7/site-packages/airflow/example_dags/example_sla_dag.py for tasks to queue
[2024-02-19T12:25:08.153+0000] {logging_mixin.py:137} INFO - [2024-02-19T12:25:08.153+0000] {dagbag.py:538} INFO - Filling up the DagBag from /home/airflow/.local/lib/python3.7/site-packages/airflow/example_dags/example_sla_dag.py
[2024-02-19T12:25:08.166+0000] {processor.py:753} INFO - DAG(s) dict_keys(['example_sla_dag']) retrieved from /home/airflow/.local/lib/python3.7/site-packages/airflow/example_dags/example_sla_dag.py
[2024-02-19T12:25:08.179+0000] {logging_mixin.py:137} INFO - [2024-02-19T12:25:08.178+0000] {dag.py:2690} INFO - Sync 1 DAGs
[2024-02-19T12:25:08.194+0000] {logging_mixin.py:137} INFO - [2024-02-19T12:25:08.194+0000] {dag.py:3441} INFO - Setting next_dagrun for example_sla_dag to 2024-02-19T12:22:00+00:00, run_after=2024-02-19T12:24:00+00:00
[2024-02-19T12:25:08.204+0000] {processor.py:175} INFO - Processing /home/airflow/.local/lib/python3.7/site-packages/airflow/example_dags/example_sla_dag.py took 0.054 seconds
[2024-02-19T12:25:38.569+0000] {processor.py:153} INFO - Started process (PID=301) to work on /home/airflow/.local/lib/python3.7/site-packages/airflow/example_dags/example_sla_dag.py
[2024-02-19T12:25:38.570+0000] {processor.py:743} INFO - Processing file /home/airflow/.local/lib/python3.7/site-packages/airflow/example_dags/example_sla_dag.py for tasks to queue
[2024-02-19T12:25:38.570+0000] {logging_mixin.py:137} INFO - [2024-02-19T12:25:38.570+0000] {dagbag.py:538} INFO - Filling up the DagBag from /home/airflow/.local/lib/python3.7/site-packages/airflow/example_dags/example_sla_dag.py
[2024-02-19T12:25:38.583+0000] {processor.py:753} INFO - DAG(s) dict_keys(['example_sla_dag']) retrieved from /home/airflow/.local/lib/python3.7/site-packages/airflow/example_dags/example_sla_dag.py
[2024-02-19T12:25:38.595+0000] {logging_mixin.py:137} INFO - [2024-02-19T12:25:38.595+0000] {dag.py:2690} INFO - Sync 1 DAGs
[2024-02-19T12:25:38.610+0000] {logging_mixin.py:137} INFO - [2024-02-19T12:25:38.610+0000] {dag.py:3441} INFO - Setting next_dagrun for example_sla_dag to 2024-02-19T12:22:00+00:00, run_after=2024-02-19T12:24:00+00:00
[2024-02-19T12:25:38.620+0000] {processor.py:175} INFO - Processing /home/airflow/.local/lib/python3.7/site-packages/airflow/example_dags/example_sla_dag.py took 0.052 seconds
[2024-02-19T12:26:09.017+0000] {processor.py:153} INFO - Started process (PID=436) to work on /home/airflow/.local/lib/python3.7/site-packages/airflow/example_dags/example_sla_dag.py
[2024-02-19T12:26:09.018+0000] {processor.py:743} INFO - Processing file /home/airflow/.local/lib/python3.7/site-packages/airflow/example_dags/example_sla_dag.py for tasks to queue
[2024-02-19T12:26:09.018+0000] {logging_mixin.py:137} INFO - [2024-02-19T12:26:09.018+0000] {dagbag.py:538} INFO - Filling up the DagBag from /home/airflow/.local/lib/python3.7/site-packages/airflow/example_dags/example_sla_dag.py
[2024-02-19T12:26:09.031+0000] {processor.py:753} INFO - DAG(s) dict_keys(['example_sla_dag']) retrieved from /home/airflow/.local/lib/python3.7/site-packages/airflow/example_dags/example_sla_dag.py
[2024-02-19T12:26:09.044+0000] {logging_mixin.py:137} INFO - [2024-02-19T12:26:09.044+0000] {dag.py:2690} INFO - Sync 1 DAGs
[2024-02-19T12:26:09.059+0000] {logging_mixin.py:137} INFO - [2024-02-19T12:26:09.059+0000] {dag.py:3441} INFO - Setting next_dagrun for example_sla_dag to 2024-02-19T12:24:00+00:00, run_after=2024-02-19T12:26:00+00:00
[2024-02-19T12:26:09.069+0000] {processor.py:175} INFO - Processing /home/airflow/.local/lib/python3.7/site-packages/airflow/example_dags/example_sla_dag.py took 0.053 seconds
[2024-02-19T12:26:39.405+0000] {processor.py:153} INFO - Started process (PID=571) to work on /home/airflow/.local/lib/python3.7/site-packages/airflow/example_dags/example_sla_dag.py
[2024-02-19T12:26:39.405+0000] {processor.py:743} INFO - Processing file /home/airflow/.local/lib/python3.7/site-packages/airflow/example_dags/example_sla_dag.py for tasks to queue
[2024-02-19T12:26:39.405+0000] {logging_mixin.py:137} INFO - [2024-02-19T12:26:39.405+0000] {dagbag.py:538} INFO - Filling up the DagBag from /home/airflow/.local/lib/python3.7/site-packages/airflow/example_dags/example_sla_dag.py
[2024-02-19T12:26:39.419+0000] {processor.py:753} INFO - DAG(s) dict_keys(['example_sla_dag']) retrieved from /home/airflow/.local/lib/python3.7/site-packages/airflow/example_dags/example_sla_dag.py
[2024-02-19T12:26:39.431+0000] {logging_mixin.py:137} INFO - [2024-02-19T12:26:39.431+0000] {dag.py:2690} INFO - Sync 1 DAGs
[2024-02-19T12:26:39.446+0000] {logging_mixin.py:137} INFO - [2024-02-19T12:26:39.446+0000] {dag.py:3441} INFO - Setting next_dagrun for example_sla_dag to 2024-02-19T12:24:00+00:00, run_after=2024-02-19T12:26:00+00:00
[2024-02-19T12:26:39.457+0000] {processor.py:175} INFO - Processing /home/airflow/.local/lib/python3.7/site-packages/airflow/example_dags/example_sla_dag.py took 0.054 seconds
[2024-02-19T12:27:09.790+0000] {processor.py:153} INFO - Started process (PID=674) to work on /home/airflow/.local/lib/python3.7/site-packages/airflow/example_dags/example_sla_dag.py
[2024-02-19T12:27:09.790+0000] {processor.py:743} INFO - Processing file /home/airflow/.local/lib/python3.7/site-packages/airflow/example_dags/example_sla_dag.py for tasks to queue
[2024-02-19T12:27:09.791+0000] {logging_mixin.py:137} INFO - [2024-02-19T12:27:09.791+0000] {dagbag.py:538} INFO - Filling up the DagBag from /home/airflow/.local/lib/python3.7/site-packages/airflow/example_dags/example_sla_dag.py
[2024-02-19T12:27:09.804+0000] {processor.py:753} INFO - DAG(s) dict_keys(['example_sla_dag']) retrieved from /home/airflow/.local/lib/python3.7/site-packages/airflow/example_dags/example_sla_dag.py
[2024-02-19T12:27:09.818+0000] {logging_mixin.py:137} INFO - [2024-02-19T12:27:09.818+0000] {dag.py:2690} INFO - Sync 1 DAGs
[2024-02-19T12:27:09.834+0000] {logging_mixin.py:137} INFO - [2024-02-19T12:27:09.834+0000] {dag.py:3441} INFO - Setting next_dagrun for example_sla_dag to 2024-02-19T12:24:00+00:00, run_after=2024-02-19T12:26:00+00:00
[2024-02-19T12:27:09.844+0000] {processor.py:175} INFO - Processing /home/airflow/.local/lib/python3.7/site-packages/airflow/example_dags/example_sla_dag.py took 0.056 seconds
[2024-02-19T12:27:40.225+0000] {processor.py:153} INFO - Started process (PID=809) to work on /home/airflow/.local/lib/python3.7/site-packages/airflow/example_dags/example_sla_dag.py
[2024-02-19T12:27:40.226+0000] {processor.py:743} INFO - Processing file /home/airflow/.local/lib/python3.7/site-packages/airflow/example_dags/example_sla_dag.py for tasks to queue
[2024-02-19T12:27:40.226+0000] {logging_mixin.py:137} INFO - [2024-02-19T12:27:40.226+0000] {dagbag.py:538} INFO - Filling up the DagBag from /home/airflow/.local/lib/python3.7/site-packages/airflow/example_dags/example_sla_dag.py
[2024-02-19T12:27:40.239+0000] {processor.py:753} INFO - DAG(s) dict_keys(['example_sla_dag']) retrieved from /home/airflow/.local/lib/python3.7/site-packages/airflow/example_dags/example_sla_dag.py
[2024-02-19T12:27:40.252+0000] {logging_mixin.py:137} INFO - [2024-02-19T12:27:40.252+0000] {dag.py:2690} INFO - Sync 1 DAGs
[2024-02-19T12:27:40.269+0000] {logging_mixin.py:137} INFO - [2024-02-19T12:27:40.268+0000] {dag.py:3441} INFO - Setting next_dagrun for example_sla_dag to 2024-02-19T12:24:00+00:00, run_after=2024-02-19T12:26:00+00:00
[2024-02-19T12:27:40.279+0000] {processor.py:175} INFO - Processing /home/airflow/.local/lib/python3.7/site-packages/airflow/example_dags/example_sla_dag.py took 0.056 seconds
[2024-02-19T12:28:10.619+0000] {processor.py:153} INFO - Started process (PID=945) to work on /home/airflow/.local/lib/python3.7/site-packages/airflow/example_dags/example_sla_dag.py
[2024-02-19T12:28:10.620+0000] {processor.py:743} INFO - Processing file /home/airflow/.local/lib/python3.7/site-packages/airflow/example_dags/example_sla_dag.py for tasks to queue
[2024-02-19T12:28:10.620+0000] {logging_mixin.py:137} INFO - [2024-02-19T12:28:10.620+0000] {dagbag.py:538} INFO - Filling up the DagBag from /home/airflow/.local/lib/python3.7/site-packages/airflow/example_dags/example_sla_dag.py
[2024-02-19T12:28:10.633+0000] {processor.py:753} INFO - DAG(s) dict_keys(['example_sla_dag']) retrieved from /home/airflow/.local/lib/python3.7/site-packages/airflow/example_dags/example_sla_dag.py
[2024-02-19T12:28:10.647+0000] {logging_mixin.py:137} INFO - [2024-02-19T12:28:10.646+0000] {dag.py:2690} INFO - Sync 1 DAGs
[2024-02-19T12:28:10.662+0000] {logging_mixin.py:137} INFO - [2024-02-19T12:28:10.662+0000] {dag.py:3441} INFO - Setting next_dagrun for example_sla_dag to 2024-02-19T12:26:00+00:00, run_after=2024-02-19T12:28:00+00:00
[2024-02-19T12:28:10.672+0000] {processor.py:175} INFO - Processing /home/airflow/.local/lib/python3.7/site-packages/airflow/example_dags/example_sla_dag.py took 0.054 seconds
[2024-02-19T12:28:41.082+0000] {processor.py:153} INFO - Started process (PID=1048) to work on /home/airflow/.local/lib/python3.7/site-packages/airflow/example_dags/example_sla_dag.py
[2024-02-19T12:28:41.083+0000] {processor.py:743} INFO - Processing file /home/airflow/.local/lib/python3.7/site-packages/airflow/example_dags/example_sla_dag.py for tasks to queue
[2024-02-19T12:28:41.083+0000] {logging_mixin.py:137} INFO - [2024-02-19T12:28:41.083+0000] {dagbag.py:538} INFO - Filling up the DagBag from /home/airflow/.local/lib/python3.7/site-packages/airflow/example_dags/example_sla_dag.py
[2024-02-19T12:28:41.096+0000] {processor.py:753} INFO - DAG(s) dict_keys(['example_sla_dag']) retrieved from /home/airflow/.local/lib/python3.7/site-packages/airflow/example_dags/example_sla_dag.py
[2024-02-19T12:28:41.109+0000] {logging_mixin.py:137} INFO - [2024-02-19T12:28:41.109+0000] {dag.py:2690} INFO - Sync 1 DAGs
[2024-02-19T12:28:41.125+0000] {logging_mixin.py:137} INFO - [2024-02-19T12:28:41.125+0000] {dag.py:3441} INFO - Setting next_dagrun for example_sla_dag to 2024-02-19T12:26:00+00:00, run_after=2024-02-19T12:28:00+00:00
[2024-02-19T12:28:41.135+0000] {processor.py:175} INFO - Processing /home/airflow/.local/lib/python3.7/site-packages/airflow/example_dags/example_sla_dag.py took 0.054 seconds
[2024-02-19T12:29:11.507+0000] {processor.py:153} INFO - Started process (PID=1183) to work on /home/airflow/.local/lib/python3.7/site-packages/airflow/example_dags/example_sla_dag.py
[2024-02-19T12:29:11.508+0000] {processor.py:743} INFO - Processing file /home/airflow/.local/lib/python3.7/site-packages/airflow/example_dags/example_sla_dag.py for tasks to queue
[2024-02-19T12:29:11.508+0000] {logging_mixin.py:137} INFO - [2024-02-19T12:29:11.508+0000] {dagbag.py:538} INFO - Filling up the DagBag from /home/airflow/.local/lib/python3.7/site-packages/airflow/example_dags/example_sla_dag.py
[2024-02-19T12:29:11.521+0000] {processor.py:753} INFO - DAG(s) dict_keys(['example_sla_dag']) retrieved from /home/airflow/.local/lib/python3.7/site-packages/airflow/example_dags/example_sla_dag.py
[2024-02-19T12:29:11.536+0000] {logging_mixin.py:137} INFO - [2024-02-19T12:29:11.536+0000] {dag.py:2690} INFO - Sync 1 DAGs
[2024-02-19T12:29:11.553+0000] {logging_mixin.py:137} INFO - [2024-02-19T12:29:11.553+0000] {dag.py:3441} INFO - Setting next_dagrun for example_sla_dag to 2024-02-19T12:26:00+00:00, run_after=2024-02-19T12:28:00+00:00
[2024-02-19T12:29:11.565+0000] {processor.py:175} INFO - Processing /home/airflow/.local/lib/python3.7/site-packages/airflow/example_dags/example_sla_dag.py took 0.060 seconds
[2024-02-19T12:29:42.224+0000] {processor.py:153} INFO - Started process (PID=1318) to work on /home/airflow/.local/lib/python3.7/site-packages/airflow/example_dags/example_sla_dag.py
[2024-02-19T12:29:42.225+0000] {processor.py:743} INFO - Processing file /home/airflow/.local/lib/python3.7/site-packages/airflow/example_dags/example_sla_dag.py for tasks to queue
[2024-02-19T12:29:42.225+0000] {logging_mixin.py:137} INFO - [2024-02-19T12:29:42.225+0000] {dagbag.py:538} INFO - Filling up the DagBag from /home/airflow/.local/lib/python3.7/site-packages/airflow/example_dags/example_sla_dag.py
[2024-02-19T12:29:42.238+0000] {processor.py:753} INFO - DAG(s) dict_keys(['example_sla_dag']) retrieved from /home/airflow/.local/lib/python3.7/site-packages/airflow/example_dags/example_sla_dag.py
[2024-02-19T12:29:42.251+0000] {logging_mixin.py:137} INFO - [2024-02-19T12:29:42.251+0000] {dag.py:2690} INFO - Sync 1 DAGs
[2024-02-19T12:29:42.266+0000] {logging_mixin.py:137} INFO - [2024-02-19T12:29:42.266+0000] {dag.py:3441} INFO - Setting next_dagrun for example_sla_dag to 2024-02-19T12:26:00+00:00, run_after=2024-02-19T12:28:00+00:00
[2024-02-19T12:29:42.276+0000] {processor.py:175} INFO - Processing /home/airflow/.local/lib/python3.7/site-packages/airflow/example_dags/example_sla_dag.py took 0.053 seconds
[2024-02-19T12:30:12.704+0000] {processor.py:153} INFO - Started process (PID=1421) to work on /home/airflow/.local/lib/python3.7/site-packages/airflow/example_dags/example_sla_dag.py
[2024-02-19T12:30:12.705+0000] {processor.py:743} INFO - Processing file /home/airflow/.local/lib/python3.7/site-packages/airflow/example_dags/example_sla_dag.py for tasks to queue
[2024-02-19T12:30:12.705+0000] {logging_mixin.py:137} INFO - [2024-02-19T12:30:12.705+0000] {dagbag.py:538} INFO - Filling up the DagBag from /home/airflow/.local/lib/python3.7/site-packages/airflow/example_dags/example_sla_dag.py
[2024-02-19T12:30:12.717+0000] {processor.py:753} INFO - DAG(s) dict_keys(['example_sla_dag']) retrieved from /home/airflow/.local/lib/python3.7/site-packages/airflow/example_dags/example_sla_dag.py
[2024-02-19T12:30:12.730+0000] {logging_mixin.py:137} INFO - [2024-02-19T12:30:12.730+0000] {dag.py:2690} INFO - Sync 1 DAGs
[2024-02-19T12:30:12.745+0000] {logging_mixin.py:137} INFO - [2024-02-19T12:30:12.745+0000] {dag.py:3441} INFO - Setting next_dagrun for example_sla_dag to 2024-02-19T12:28:00+00:00, run_after=2024-02-19T12:30:00+00:00
[2024-02-19T12:30:12.755+0000] {processor.py:175} INFO - Processing /home/airflow/.local/lib/python3.7/site-packages/airflow/example_dags/example_sla_dag.py took 0.053 seconds
[2024-02-19T12:30:43.188+0000] {processor.py:153} INFO - Started process (PID=1556) to work on /home/airflow/.local/lib/python3.7/site-packages/airflow/example_dags/example_sla_dag.py
[2024-02-19T12:30:43.189+0000] {processor.py:743} INFO - Processing file /home/airflow/.local/lib/python3.7/site-packages/airflow/example_dags/example_sla_dag.py for tasks to queue
[2024-02-19T12:30:43.189+0000] {logging_mixin.py:137} INFO - [2024-02-19T12:30:43.189+0000] {dagbag.py:538} INFO - Filling up the DagBag from /home/airflow/.local/lib/python3.7/site-packages/airflow/example_dags/example_sla_dag.py
[2024-02-19T12:30:43.202+0000] {processor.py:753} INFO - DAG(s) dict_keys(['example_sla_dag']) retrieved from /home/airflow/.local/lib/python3.7/site-packages/airflow/example_dags/example_sla_dag.py
[2024-02-19T12:30:43.215+0000] {logging_mixin.py:137} INFO - [2024-02-19T12:30:43.215+0000] {dag.py:2690} INFO - Sync 1 DAGs
[2024-02-19T12:30:43.232+0000] {logging_mixin.py:137} INFO - [2024-02-19T12:30:43.232+0000] {dag.py:3441} INFO - Setting next_dagrun for example_sla_dag to 2024-02-19T12:28:00+00:00, run_after=2024-02-19T12:30:00+00:00
[2024-02-19T12:30:43.242+0000] {processor.py:175} INFO - Processing /home/airflow/.local/lib/python3.7/site-packages/airflow/example_dags/example_sla_dag.py took 0.056 seconds
[2024-02-19T12:31:13.623+0000] {processor.py:153} INFO - Started process (PID=1691) to work on /home/airflow/.local/lib/python3.7/site-packages/airflow/example_dags/example_sla_dag.py
[2024-02-19T12:31:13.624+0000] {processor.py:743} INFO - Processing file /home/airflow/.local/lib/python3.7/site-packages/airflow/example_dags/example_sla_dag.py for tasks to queue
[2024-02-19T12:31:13.624+0000] {logging_mixin.py:137} INFO - [2024-02-19T12:31:13.624+0000] {dagbag.py:538} INFO - Filling up the DagBag from /home/airflow/.local/lib/python3.7/site-packages/airflow/example_dags/example_sla_dag.py
[2024-02-19T12:31:13.642+0000] {processor.py:753} INFO - DAG(s) dict_keys(['example_sla_dag']) retrieved from /home/airflow/.local/lib/python3.7/site-packages/airflow/example_dags/example_sla_dag.py
[2024-02-19T12:31:13.660+0000] {logging_mixin.py:137} INFO - [2024-02-19T12:31:13.660+0000] {dag.py:2690} INFO - Sync 1 DAGs
[2024-02-19T12:31:13.678+0000] {logging_mixin.py:137} INFO - [2024-02-19T12:31:13.678+0000] {dag.py:3441} INFO - Setting next_dagrun for example_sla_dag to 2024-02-19T12:28:00+00:00, run_after=2024-02-19T12:30:00+00:00
[2024-02-19T12:31:13.690+0000] {processor.py:175} INFO - Processing /home/airflow/.local/lib/python3.7/site-packages/airflow/example_dags/example_sla_dag.py took 0.068 seconds
[2024-02-19T12:31:44.069+0000] {processor.py:153} INFO - Started process (PID=1794) to work on /home/airflow/.local/lib/python3.7/site-packages/airflow/example_dags/example_sla_dag.py
[2024-02-19T12:31:44.070+0000] {processor.py:743} INFO - Processing file /home/airflow/.local/lib/python3.7/site-packages/airflow/example_dags/example_sla_dag.py for tasks to queue
[2024-02-19T12:31:44.071+0000] {logging_mixin.py:137} INFO - [2024-02-19T12:31:44.071+0000] {dagbag.py:538} INFO - Filling up the DagBag from /home/airflow/.local/lib/python3.7/site-packages/airflow/example_dags/example_sla_dag.py
[2024-02-19T12:31:44.086+0000] {processor.py:753} INFO - DAG(s) dict_keys(['example_sla_dag']) retrieved from /home/airflow/.local/lib/python3.7/site-packages/airflow/example_dags/example_sla_dag.py
[2024-02-19T12:31:44.101+0000] {logging_mixin.py:137} INFO - [2024-02-19T12:31:44.101+0000] {dag.py:2690} INFO - Sync 1 DAGs
[2024-02-19T12:31:44.117+0000] {logging_mixin.py:137} INFO - [2024-02-19T12:31:44.117+0000] {dag.py:3441} INFO - Setting next_dagrun for example_sla_dag to 2024-02-19T12:28:00+00:00, run_after=2024-02-19T12:30:00+00:00
[2024-02-19T12:31:44.127+0000] {processor.py:175} INFO - Processing /home/airflow/.local/lib/python3.7/site-packages/airflow/example_dags/example_sla_dag.py took 0.060 seconds
[2024-02-19T12:32:14.523+0000] {processor.py:153} INFO - Started process (PID=1929) to work on /home/airflow/.local/lib/python3.7/site-packages/airflow/example_dags/example_sla_dag.py
[2024-02-19T12:32:14.523+0000] {processor.py:743} INFO - Processing file /home/airflow/.local/lib/python3.7/site-packages/airflow/example_dags/example_sla_dag.py for tasks to queue
[2024-02-19T12:32:14.524+0000] {logging_mixin.py:137} INFO - [2024-02-19T12:32:14.524+0000] {dagbag.py:538} INFO - Filling up the DagBag from /home/airflow/.local/lib/python3.7/site-packages/airflow/example_dags/example_sla_dag.py
[2024-02-19T12:32:14.537+0000] {processor.py:753} INFO - DAG(s) dict_keys(['example_sla_dag']) retrieved from /home/airflow/.local/lib/python3.7/site-packages/airflow/example_dags/example_sla_dag.py
[2024-02-19T12:32:14.551+0000] {logging_mixin.py:137} INFO - [2024-02-19T12:32:14.551+0000] {dag.py:2690} INFO - Sync 1 DAGs
[2024-02-19T12:32:14.566+0000] {logging_mixin.py:137} INFO - [2024-02-19T12:32:14.566+0000] {dag.py:3441} INFO - Setting next_dagrun for example_sla_dag to 2024-02-19T12:30:00+00:00, run_after=2024-02-19T12:32:00+00:00
[2024-02-19T12:32:14.578+0000] {processor.py:175} INFO - Processing /home/airflow/.local/lib/python3.7/site-packages/airflow/example_dags/example_sla_dag.py took 0.057 seconds
[2024-02-19T12:32:45.080+0000] {processor.py:153} INFO - Started process (PID=2064) to work on /home/airflow/.local/lib/python3.7/site-packages/airflow/example_dags/example_sla_dag.py
[2024-02-19T12:32:45.081+0000] {processor.py:743} INFO - Processing file /home/airflow/.local/lib/python3.7/site-packages/airflow/example_dags/example_sla_dag.py for tasks to queue
[2024-02-19T12:32:45.081+0000] {logging_mixin.py:137} INFO - [2024-02-19T12:32:45.081+0000] {dagbag.py:538} INFO - Filling up the DagBag from /home/airflow/.local/lib/python3.7/site-packages/airflow/example_dags/example_sla_dag.py
[2024-02-19T12:32:45.095+0000] {processor.py:753} INFO - DAG(s) dict_keys(['example_sla_dag']) retrieved from /home/airflow/.local/lib/python3.7/site-packages/airflow/example_dags/example_sla_dag.py
[2024-02-19T12:32:45.109+0000] {logging_mixin.py:137} INFO - [2024-02-19T12:32:45.109+0000] {dag.py:2690} INFO - Sync 1 DAGs
[2024-02-19T12:32:45.129+0000] {logging_mixin.py:137} INFO - [2024-02-19T12:32:45.129+0000] {dag.py:3441} INFO - Setting next_dagrun for example_sla_dag to 2024-02-19T12:30:00+00:00, run_after=2024-02-19T12:32:00+00:00
[2024-02-19T12:32:45.141+0000] {processor.py:175} INFO - Processing /home/airflow/.local/lib/python3.7/site-packages/airflow/example_dags/example_sla_dag.py took 0.063 seconds
[2024-02-19T12:33:15.555+0000] {processor.py:153} INFO - Started process (PID=2167) to work on /home/airflow/.local/lib/python3.7/site-packages/airflow/example_dags/example_sla_dag.py
[2024-02-19T12:33:15.555+0000] {processor.py:743} INFO - Processing file /home/airflow/.local/lib/python3.7/site-packages/airflow/example_dags/example_sla_dag.py for tasks to queue
[2024-02-19T12:33:15.556+0000] {logging_mixin.py:137} INFO - [2024-02-19T12:33:15.556+0000] {dagbag.py:538} INFO - Filling up the DagBag from /home/airflow/.local/lib/python3.7/site-packages/airflow/example_dags/example_sla_dag.py
[2024-02-19T12:33:15.569+0000] {processor.py:753} INFO - DAG(s) dict_keys(['example_sla_dag']) retrieved from /home/airflow/.local/lib/python3.7/site-packages/airflow/example_dags/example_sla_dag.py
[2024-02-19T12:33:15.583+0000] {logging_mixin.py:137} INFO - [2024-02-19T12:33:15.582+0000] {dag.py:2690} INFO - Sync 1 DAGs
[2024-02-19T12:33:15.599+0000] {logging_mixin.py:137} INFO - [2024-02-19T12:33:15.599+0000] {dag.py:3441} INFO - Setting next_dagrun for example_sla_dag to 2024-02-19T12:30:00+00:00, run_after=2024-02-19T12:32:00+00:00
[2024-02-19T12:33:15.609+0000] {processor.py:175} INFO - Processing /home/airflow/.local/lib/python3.7/site-packages/airflow/example_dags/example_sla_dag.py took 0.055 seconds
[2024-02-19T12:33:46.079+0000] {processor.py:153} INFO - Started process (PID=2302) to work on /home/airflow/.local/lib/python3.7/site-packages/airflow/example_dags/example_sla_dag.py
[2024-02-19T12:33:46.079+0000] {processor.py:743} INFO - Processing file /home/airflow/.local/lib/python3.7/site-packages/airflow/example_dags/example_sla_dag.py for tasks to queue
[2024-02-19T12:33:46.080+0000] {logging_mixin.py:137} INFO - [2024-02-19T12:33:46.080+0000] {dagbag.py:538} INFO - Filling up the DagBag from /home/airflow/.local/lib/python3.7/site-packages/airflow/example_dags/example_sla_dag.py
[2024-02-19T12:33:46.093+0000] {processor.py:753} INFO - DAG(s) dict_keys(['example_sla_dag']) retrieved from /home/airflow/.local/lib/python3.7/site-packages/airflow/example_dags/example_sla_dag.py
[2024-02-19T12:33:46.106+0000] {logging_mixin.py:137} INFO - [2024-02-19T12:33:46.106+0000] {dag.py:2690} INFO - Sync 1 DAGs
[2024-02-19T12:33:46.122+0000] {logging_mixin.py:137} INFO - [2024-02-19T12:33:46.121+0000] {dag.py:3441} INFO - Setting next_dagrun for example_sla_dag to 2024-02-19T12:30:00+00:00, run_after=2024-02-19T12:32:00+00:00
[2024-02-19T12:33:46.132+0000] {processor.py:175} INFO - Processing /home/airflow/.local/lib/python3.7/site-packages/airflow/example_dags/example_sla_dag.py took 0.055 seconds
[2024-02-19T12:34:16.501+0000] {processor.py:153} INFO - Started process (PID=2437) to work on /home/airflow/.local/lib/python3.7/site-packages/airflow/example_dags/example_sla_dag.py
[2024-02-19T12:34:16.502+0000] {processor.py:743} INFO - Processing file /home/airflow/.local/lib/python3.7/site-packages/airflow/example_dags/example_sla_dag.py for tasks to queue
[2024-02-19T12:34:16.502+0000] {logging_mixin.py:137} INFO - [2024-02-19T12:34:16.502+0000] {dagbag.py:538} INFO - Filling up the DagBag from /home/airflow/.local/lib/python3.7/site-packages/airflow/example_dags/example_sla_dag.py
[2024-02-19T12:34:16.515+0000] {processor.py:753} INFO - DAG(s) dict_keys(['example_sla_dag']) retrieved from /home/airflow/.local/lib/python3.7/site-packages/airflow/example_dags/example_sla_dag.py
[2024-02-19T12:34:16.528+0000] {logging_mixin.py:137} INFO - [2024-02-19T12:34:16.528+0000] {dag.py:2690} INFO - Sync 1 DAGs
[2024-02-19T12:34:16.544+0000] {logging_mixin.py:137} INFO - [2024-02-19T12:34:16.544+0000] {dag.py:3441} INFO - Setting next_dagrun for example_sla_dag to 2024-02-19T12:32:00+00:00, run_after=2024-02-19T12:34:00+00:00
[2024-02-19T12:34:16.554+0000] {processor.py:175} INFO - Processing /home/airflow/.local/lib/python3.7/site-packages/airflow/example_dags/example_sla_dag.py took 0.055 seconds
[2024-02-19T12:34:46.939+0000] {processor.py:153} INFO - Started process (PID=2540) to work on /home/airflow/.local/lib/python3.7/site-packages/airflow/example_dags/example_sla_dag.py
[2024-02-19T12:34:46.940+0000] {processor.py:743} INFO - Processing file /home/airflow/.local/lib/python3.7/site-packages/airflow/example_dags/example_sla_dag.py for tasks to queue
[2024-02-19T12:34:46.940+0000] {logging_mixin.py:137} INFO - [2024-02-19T12:34:46.940+0000] {dagbag.py:538} INFO - Filling up the DagBag from /home/airflow/.local/lib/python3.7/site-packages/airflow/example_dags/example_sla_dag.py
[2024-02-19T12:34:46.953+0000] {processor.py:753} INFO - DAG(s) dict_keys(['example_sla_dag']) retrieved from /home/airflow/.local/lib/python3.7/site-packages/airflow/example_dags/example_sla_dag.py
[2024-02-19T12:34:46.967+0000] {logging_mixin.py:137} INFO - [2024-02-19T12:34:46.967+0000] {dag.py:2690} INFO - Sync 1 DAGs
[2024-02-19T12:34:46.982+0000] {logging_mixin.py:137} INFO - [2024-02-19T12:34:46.982+0000] {dag.py:3441} INFO - Setting next_dagrun for example_sla_dag to 2024-02-19T12:32:00+00:00, run_after=2024-02-19T12:34:00+00:00
[2024-02-19T12:34:46.993+0000] {processor.py:175} INFO - Processing /home/airflow/.local/lib/python3.7/site-packages/airflow/example_dags/example_sla_dag.py took 0.056 seconds
[2024-02-19T12:35:17.494+0000] {processor.py:153} INFO - Started process (PID=2675) to work on /home/airflow/.local/lib/python3.7/site-packages/airflow/example_dags/example_sla_dag.py
[2024-02-19T12:35:17.495+0000] {processor.py:743} INFO - Processing file /home/airflow/.local/lib/python3.7/site-packages/airflow/example_dags/example_sla_dag.py for tasks to queue
[2024-02-19T12:35:17.495+0000] {logging_mixin.py:137} INFO - [2024-02-19T12:35:17.495+0000] {dagbag.py:538} INFO - Filling up the DagBag from /home/airflow/.local/lib/python3.7/site-packages/airflow/example_dags/example_sla_dag.py
[2024-02-19T12:35:17.509+0000] {processor.py:753} INFO - DAG(s) dict_keys(['example_sla_dag']) retrieved from /home/airflow/.local/lib/python3.7/site-packages/airflow/example_dags/example_sla_dag.py
[2024-02-19T12:35:17.523+0000] {logging_mixin.py:137} INFO - [2024-02-19T12:35:17.523+0000] {dag.py:2690} INFO - Sync 1 DAGs
[2024-02-19T12:35:17.539+0000] {logging_mixin.py:137} INFO - [2024-02-19T12:35:17.539+0000] {dag.py:3441} INFO - Setting next_dagrun for example_sla_dag to 2024-02-19T12:32:00+00:00, run_after=2024-02-19T12:34:00+00:00
[2024-02-19T12:35:17.549+0000] {processor.py:175} INFO - Processing /home/airflow/.local/lib/python3.7/site-packages/airflow/example_dags/example_sla_dag.py took 0.056 seconds
[2024-02-19T12:35:48.062+0000] {processor.py:153} INFO - Started process (PID=2810) to work on /home/airflow/.local/lib/python3.7/site-packages/airflow/example_dags/example_sla_dag.py
[2024-02-19T12:35:48.063+0000] {processor.py:743} INFO - Processing file /home/airflow/.local/lib/python3.7/site-packages/airflow/example_dags/example_sla_dag.py for tasks to queue
[2024-02-19T12:35:48.063+0000] {logging_mixin.py:137} INFO - [2024-02-19T12:35:48.063+0000] {dagbag.py:538} INFO - Filling up the DagBag from /home/airflow/.local/lib/python3.7/site-packages/airflow/example_dags/example_sla_dag.py
[2024-02-19T12:35:48.076+0000] {processor.py:753} INFO - DAG(s) dict_keys(['example_sla_dag']) retrieved from /home/airflow/.local/lib/python3.7/site-packages/airflow/example_dags/example_sla_dag.py
[2024-02-19T12:35:48.089+0000] {logging_mixin.py:137} INFO - [2024-02-19T12:35:48.089+0000] {dag.py:2690} INFO - Sync 1 DAGs
[2024-02-19T12:35:48.104+0000] {logging_mixin.py:137} INFO - [2024-02-19T12:35:48.104+0000] {dag.py:3441} INFO - Setting next_dagrun for example_sla_dag to 2024-02-19T12:32:00+00:00, run_after=2024-02-19T12:34:00+00:00
[2024-02-19T12:35:48.115+0000] {processor.py:175} INFO - Processing /home/airflow/.local/lib/python3.7/site-packages/airflow/example_dags/example_sla_dag.py took 0.054 seconds
[2024-02-19T12:36:18.574+0000] {processor.py:153} INFO - Started process (PID=2913) to work on /home/airflow/.local/lib/python3.7/site-packages/airflow/example_dags/example_sla_dag.py
[2024-02-19T12:36:18.575+0000] {processor.py:743} INFO - Processing file /home/airflow/.local/lib/python3.7/site-packages/airflow/example_dags/example_sla_dag.py for tasks to queue
[2024-02-19T12:36:18.575+0000] {logging_mixin.py:137} INFO - [2024-02-19T12:36:18.575+0000] {dagbag.py:538} INFO - Filling up the DagBag from /home/airflow/.local/lib/python3.7/site-packages/airflow/example_dags/example_sla_dag.py
[2024-02-19T12:36:18.588+0000] {processor.py:753} INFO - DAG(s) dict_keys(['example_sla_dag']) retrieved from /home/airflow/.local/lib/python3.7/site-packages/airflow/example_dags/example_sla_dag.py
[2024-02-19T12:36:18.601+0000] {logging_mixin.py:137} INFO - [2024-02-19T12:36:18.601+0000] {dag.py:2690} INFO - Sync 1 DAGs
[2024-02-19T12:36:18.617+0000] {logging_mixin.py:137} INFO - [2024-02-19T12:36:18.617+0000] {dag.py:3441} INFO - Setting next_dagrun for example_sla_dag to 2024-02-19T12:34:00+00:00, run_after=2024-02-19T12:36:00+00:00
[2024-02-19T12:36:18.628+0000] {processor.py:175} INFO - Processing /home/airflow/.local/lib/python3.7/site-packages/airflow/example_dags/example_sla_dag.py took 0.055 seconds
[2024-02-19T12:36:49.176+0000] {processor.py:153} INFO - Started process (PID=3048) to work on /home/airflow/.local/lib/python3.7/site-packages/airflow/example_dags/example_sla_dag.py
[2024-02-19T12:36:49.177+0000] {processor.py:743} INFO - Processing file /home/airflow/.local/lib/python3.7/site-packages/airflow/example_dags/example_sla_dag.py for tasks to queue
[2024-02-19T12:36:49.177+0000] {logging_mixin.py:137} INFO - [2024-02-19T12:36:49.177+0000] {dagbag.py:538} INFO - Filling up the DagBag from /home/airflow/.local/lib/python3.7/site-packages/airflow/example_dags/example_sla_dag.py
[2024-02-19T12:36:49.191+0000] {processor.py:753} INFO - DAG(s) dict_keys(['example_sla_dag']) retrieved from /home/airflow/.local/lib/python3.7/site-packages/airflow/example_dags/example_sla_dag.py
[2024-02-19T12:36:49.207+0000] {logging_mixin.py:137} INFO - [2024-02-19T12:36:49.207+0000] {dag.py:2690} INFO - Sync 1 DAGs
[2024-02-19T12:36:49.223+0000] {logging_mixin.py:137} INFO - [2024-02-19T12:36:49.223+0000] {dag.py:3441} INFO - Setting next_dagrun for example_sla_dag to 2024-02-19T12:34:00+00:00, run_after=2024-02-19T12:36:00+00:00
[2024-02-19T12:36:49.234+0000] {processor.py:175} INFO - Processing /home/airflow/.local/lib/python3.7/site-packages/airflow/example_dags/example_sla_dag.py took 0.059 seconds
[2024-02-19T12:37:19.662+0000] {processor.py:153} INFO - Started process (PID=3183) to work on /home/airflow/.local/lib/python3.7/site-packages/airflow/example_dags/example_sla_dag.py
[2024-02-19T12:37:19.663+0000] {processor.py:743} INFO - Processing file /home/airflow/.local/lib/python3.7/site-packages/airflow/example_dags/example_sla_dag.py for tasks to queue
[2024-02-19T12:37:19.663+0000] {logging_mixin.py:137} INFO - [2024-02-19T12:37:19.663+0000] {dagbag.py:538} INFO - Filling up the DagBag from /home/airflow/.local/lib/python3.7/site-packages/airflow/example_dags/example_sla_dag.py
[2024-02-19T12:37:19.676+0000] {processor.py:753} INFO - DAG(s) dict_keys(['example_sla_dag']) retrieved from /home/airflow/.local/lib/python3.7/site-packages/airflow/example_dags/example_sla_dag.py
[2024-02-19T12:37:19.689+0000] {logging_mixin.py:137} INFO - [2024-02-19T12:37:19.689+0000] {dag.py:2690} INFO - Sync 1 DAGs
[2024-02-19T12:37:19.705+0000] {logging_mixin.py:137} INFO - [2024-02-19T12:37:19.705+0000] {dag.py:3441} INFO - Setting next_dagrun for example_sla_dag to 2024-02-19T12:34:00+00:00, run_after=2024-02-19T12:36:00+00:00
[2024-02-19T12:37:19.716+0000] {processor.py:175} INFO - Processing /home/airflow/.local/lib/python3.7/site-packages/airflow/example_dags/example_sla_dag.py took 0.055 seconds
[2024-02-19T12:37:50.107+0000] {processor.py:153} INFO - Started process (PID=3286) to work on /home/airflow/.local/lib/python3.7/site-packages/airflow/example_dags/example_sla_dag.py
[2024-02-19T12:37:50.107+0000] {processor.py:743} INFO - Processing file /home/airflow/.local/lib/python3.7/site-packages/airflow/example_dags/example_sla_dag.py for tasks to queue
[2024-02-19T12:37:50.108+0000] {logging_mixin.py:137} INFO - [2024-02-19T12:37:50.108+0000] {dagbag.py:538} INFO - Filling up the DagBag from /home/airflow/.local/lib/python3.7/site-packages/airflow/example_dags/example_sla_dag.py
[2024-02-19T12:37:50.121+0000] {processor.py:753} INFO - DAG(s) dict_keys(['example_sla_dag']) retrieved from /home/airflow/.local/lib/python3.7/site-packages/airflow/example_dags/example_sla_dag.py
[2024-02-19T12:37:50.134+0000] {logging_mixin.py:137} INFO - [2024-02-19T12:37:50.134+0000] {dag.py:2690} INFO - Sync 1 DAGs
[2024-02-19T12:37:50.149+0000] {logging_mixin.py:137} INFO - [2024-02-19T12:37:50.149+0000] {dag.py:3441} INFO - Setting next_dagrun for example_sla_dag to 2024-02-19T12:34:00+00:00, run_after=2024-02-19T12:36:00+00:00
[2024-02-19T12:37:50.159+0000] {processor.py:175} INFO - Processing /home/airflow/.local/lib/python3.7/site-packages/airflow/example_dags/example_sla_dag.py took 0.054 seconds
[2024-02-19T12:38:20.550+0000] {processor.py:153} INFO - Started process (PID=3421) to work on /home/airflow/.local/lib/python3.7/site-packages/airflow/example_dags/example_sla_dag.py
[2024-02-19T12:38:20.551+0000] {processor.py:743} INFO - Processing file /home/airflow/.local/lib/python3.7/site-packages/airflow/example_dags/example_sla_dag.py for tasks to queue
[2024-02-19T12:38:20.551+0000] {logging_mixin.py:137} INFO - [2024-02-19T12:38:20.551+0000] {dagbag.py:538} INFO - Filling up the DagBag from /home/airflow/.local/lib/python3.7/site-packages/airflow/example_dags/example_sla_dag.py
[2024-02-19T12:38:20.564+0000] {processor.py:753} INFO - DAG(s) dict_keys(['example_sla_dag']) retrieved from /home/airflow/.local/lib/python3.7/site-packages/airflow/example_dags/example_sla_dag.py
[2024-02-19T12:38:20.578+0000] {logging_mixin.py:137} INFO - [2024-02-19T12:38:20.578+0000] {dag.py:2690} INFO - Sync 1 DAGs
[2024-02-19T12:38:20.595+0000] {logging_mixin.py:137} INFO - [2024-02-19T12:38:20.595+0000] {dag.py:3441} INFO - Setting next_dagrun for example_sla_dag to 2024-02-19T12:36:00+00:00, run_after=2024-02-19T12:38:00+00:00
[2024-02-19T12:38:20.607+0000] {processor.py:175} INFO - Processing /home/airflow/.local/lib/python3.7/site-packages/airflow/example_dags/example_sla_dag.py took 0.059 seconds
[2024-02-19T12:38:51.168+0000] {processor.py:153} INFO - Started process (PID=3556) to work on /home/airflow/.local/lib/python3.7/site-packages/airflow/example_dags/example_sla_dag.py
[2024-02-19T12:38:51.169+0000] {processor.py:743} INFO - Processing file /home/airflow/.local/lib/python3.7/site-packages/airflow/example_dags/example_sla_dag.py for tasks to queue
[2024-02-19T12:38:51.169+0000] {logging_mixin.py:137} INFO - [2024-02-19T12:38:51.169+0000] {dagbag.py:538} INFO - Filling up the DagBag from /home/airflow/.local/lib/python3.7/site-packages/airflow/example_dags/example_sla_dag.py
[2024-02-19T12:38:51.184+0000] {processor.py:753} INFO - DAG(s) dict_keys(['example_sla_dag']) retrieved from /home/airflow/.local/lib/python3.7/site-packages/airflow/example_dags/example_sla_dag.py
[2024-02-19T12:38:51.199+0000] {logging_mixin.py:137} INFO - [2024-02-19T12:38:51.199+0000] {dag.py:2690} INFO - Sync 1 DAGs
[2024-02-19T12:38:51.216+0000] {logging_mixin.py:137} INFO - [2024-02-19T12:38:51.215+0000] {dag.py:3441} INFO - Setting next_dagrun for example_sla_dag to 2024-02-19T12:36:00+00:00, run_after=2024-02-19T12:38:00+00:00
[2024-02-19T12:38:51.226+0000] {processor.py:175} INFO - Processing /home/airflow/.local/lib/python3.7/site-packages/airflow/example_dags/example_sla_dag.py took 0.060 seconds
[2024-02-19T12:39:21.779+0000] {processor.py:153} INFO - Started process (PID=3659) to work on /home/airflow/.local/lib/python3.7/site-packages/airflow/example_dags/example_sla_dag.py
[2024-02-19T12:39:21.780+0000] {processor.py:743} INFO - Processing file /home/airflow/.local/lib/python3.7/site-packages/airflow/example_dags/example_sla_dag.py for tasks to queue
[2024-02-19T12:39:21.780+0000] {logging_mixin.py:137} INFO - [2024-02-19T12:39:21.780+0000] {dagbag.py:538} INFO - Filling up the DagBag from /home/airflow/.local/lib/python3.7/site-packages/airflow/example_dags/example_sla_dag.py
[2024-02-19T12:39:21.794+0000] {processor.py:753} INFO - DAG(s) dict_keys(['example_sla_dag']) retrieved from /home/airflow/.local/lib/python3.7/site-packages/airflow/example_dags/example_sla_dag.py
[2024-02-19T12:39:21.807+0000] {logging_mixin.py:137} INFO - [2024-02-19T12:39:21.807+0000] {dag.py:2690} INFO - Sync 1 DAGs
[2024-02-19T12:39:21.823+0000] {logging_mixin.py:137} INFO - [2024-02-19T12:39:21.823+0000] {dag.py:3441} INFO - Setting next_dagrun for example_sla_dag to 2024-02-19T12:36:00+00:00, run_after=2024-02-19T12:38:00+00:00
[2024-02-19T12:39:21.834+0000] {processor.py:175} INFO - Processing /home/airflow/.local/lib/python3.7/site-packages/airflow/example_dags/example_sla_dag.py took 0.057 seconds
[2024-02-19T12:39:52.259+0000] {processor.py:153} INFO - Started process (PID=3794) to work on /home/airflow/.local/lib/python3.7/site-packages/airflow/example_dags/example_sla_dag.py
[2024-02-19T12:39:52.260+0000] {processor.py:743} INFO - Processing file /home/airflow/.local/lib/python3.7/site-packages/airflow/example_dags/example_sla_dag.py for tasks to queue
[2024-02-19T12:39:52.260+0000] {logging_mixin.py:137} INFO - [2024-02-19T12:39:52.260+0000] {dagbag.py:538} INFO - Filling up the DagBag from /home/airflow/.local/lib/python3.7/site-packages/airflow/example_dags/example_sla_dag.py
[2024-02-19T12:39:52.273+0000] {processor.py:753} INFO - DAG(s) dict_keys(['example_sla_dag']) retrieved from /home/airflow/.local/lib/python3.7/site-packages/airflow/example_dags/example_sla_dag.py
[2024-02-19T12:39:52.287+0000] {logging_mixin.py:137} INFO - [2024-02-19T12:39:52.287+0000] {dag.py:2690} INFO - Sync 1 DAGs
[2024-02-19T12:39:52.303+0000] {logging_mixin.py:137} INFO - [2024-02-19T12:39:52.303+0000] {dag.py:3441} INFO - Setting next_dagrun for example_sla_dag to 2024-02-19T12:36:00+00:00, run_after=2024-02-19T12:38:00+00:00
[2024-02-19T12:39:52.314+0000] {processor.py:175} INFO - Processing /home/airflow/.local/lib/python3.7/site-packages/airflow/example_dags/example_sla_dag.py took 0.056 seconds
[2024-02-19T12:40:22.791+0000] {processor.py:153} INFO - Started process (PID=3929) to work on /home/airflow/.local/lib/python3.7/site-packages/airflow/example_dags/example_sla_dag.py
[2024-02-19T12:40:22.792+0000] {processor.py:743} INFO - Processing file /home/airflow/.local/lib/python3.7/site-packages/airflow/example_dags/example_sla_dag.py for tasks to queue
[2024-02-19T12:40:22.792+0000] {logging_mixin.py:137} INFO - [2024-02-19T12:40:22.792+0000] {dagbag.py:538} INFO - Filling up the DagBag from /home/airflow/.local/lib/python3.7/site-packages/airflow/example_dags/example_sla_dag.py
[2024-02-19T12:40:22.807+0000] {processor.py:753} INFO - DAG(s) dict_keys(['example_sla_dag']) retrieved from /home/airflow/.local/lib/python3.7/site-packages/airflow/example_dags/example_sla_dag.py
[2024-02-19T12:40:22.822+0000] {logging_mixin.py:137} INFO - [2024-02-19T12:40:22.822+0000] {dag.py:2690} INFO - Sync 1 DAGs
[2024-02-19T12:40:22.838+0000] {logging_mixin.py:137} INFO - [2024-02-19T12:40:22.838+0000] {dag.py:3441} INFO - Setting next_dagrun for example_sla_dag to 2024-02-19T12:38:00+00:00, run_after=2024-02-19T12:40:00+00:00
[2024-02-19T12:40:22.851+0000] {processor.py:175} INFO - Processing /home/airflow/.local/lib/python3.7/site-packages/airflow/example_dags/example_sla_dag.py took 0.061 seconds
[2024-02-19T12:40:53.267+0000] {processor.py:153} INFO - Started process (PID=4033) to work on /home/airflow/.local/lib/python3.7/site-packages/airflow/example_dags/example_sla_dag.py
[2024-02-19T12:40:53.267+0000] {processor.py:743} INFO - Processing file /home/airflow/.local/lib/python3.7/site-packages/airflow/example_dags/example_sla_dag.py for tasks to queue
[2024-02-19T12:40:53.267+0000] {logging_mixin.py:137} INFO - [2024-02-19T12:40:53.267+0000] {dagbag.py:538} INFO - Filling up the DagBag from /home/airflow/.local/lib/python3.7/site-packages/airflow/example_dags/example_sla_dag.py
[2024-02-19T12:40:53.281+0000] {processor.py:753} INFO - DAG(s) dict_keys(['example_sla_dag']) retrieved from /home/airflow/.local/lib/python3.7/site-packages/airflow/example_dags/example_sla_dag.py
[2024-02-19T12:40:53.295+0000] {logging_mixin.py:137} INFO - [2024-02-19T12:40:53.295+0000] {dag.py:2690} INFO - Sync 1 DAGs
[2024-02-19T12:40:53.311+0000] {logging_mixin.py:137} INFO - [2024-02-19T12:40:53.310+0000] {dag.py:3441} INFO - Setting next_dagrun for example_sla_dag to 2024-02-19T12:38:00+00:00, run_after=2024-02-19T12:40:00+00:00
[2024-02-19T12:40:53.321+0000] {processor.py:175} INFO - Processing /home/airflow/.local/lib/python3.7/site-packages/airflow/example_dags/example_sla_dag.py took 0.056 seconds
[2024-02-19T12:41:23.688+0000] {processor.py:153} INFO - Started process (PID=4168) to work on /home/airflow/.local/lib/python3.7/site-packages/airflow/example_dags/example_sla_dag.py
[2024-02-19T12:41:23.688+0000] {processor.py:743} INFO - Processing file /home/airflow/.local/lib/python3.7/site-packages/airflow/example_dags/example_sla_dag.py for tasks to queue
[2024-02-19T12:41:23.688+0000] {logging_mixin.py:137} INFO - [2024-02-19T12:41:23.688+0000] {dagbag.py:538} INFO - Filling up the DagBag from /home/airflow/.local/lib/python3.7/site-packages/airflow/example_dags/example_sla_dag.py
[2024-02-19T12:41:23.702+0000] {processor.py:753} INFO - DAG(s) dict_keys(['example_sla_dag']) retrieved from /home/airflow/.local/lib/python3.7/site-packages/airflow/example_dags/example_sla_dag.py
[2024-02-19T12:41:23.715+0000] {logging_mixin.py:137} INFO - [2024-02-19T12:41:23.715+0000] {dag.py:2690} INFO - Sync 1 DAGs
[2024-02-19T12:41:23.730+0000] {logging_mixin.py:137} INFO - [2024-02-19T12:41:23.730+0000] {dag.py:3441} INFO - Setting next_dagrun for example_sla_dag to 2024-02-19T12:38:00+00:00, run_after=2024-02-19T12:40:00+00:00
[2024-02-19T12:41:23.741+0000] {processor.py:175} INFO - Processing /home/airflow/.local/lib/python3.7/site-packages/airflow/example_dags/example_sla_dag.py took 0.055 seconds
[2024-02-19T12:41:54.252+0000] {processor.py:153} INFO - Started process (PID=4303) to work on /home/airflow/.local/lib/python3.7/site-packages/airflow/example_dags/example_sla_dag.py
[2024-02-19T12:41:54.253+0000] {processor.py:743} INFO - Processing file /home/airflow/.local/lib/python3.7/site-packages/airflow/example_dags/example_sla_dag.py for tasks to queue
[2024-02-19T12:41:54.253+0000] {logging_mixin.py:137} INFO - [2024-02-19T12:41:54.253+0000] {dagbag.py:538} INFO - Filling up the DagBag from /home/airflow/.local/lib/python3.7/site-packages/airflow/example_dags/example_sla_dag.py
[2024-02-19T12:41:54.267+0000] {processor.py:753} INFO - DAG(s) dict_keys(['example_sla_dag']) retrieved from /home/airflow/.local/lib/python3.7/site-packages/airflow/example_dags/example_sla_dag.py
[2024-02-19T12:41:54.283+0000] {logging_mixin.py:137} INFO - [2024-02-19T12:41:54.282+0000] {dag.py:2690} INFO - Sync 1 DAGs
[2024-02-19T12:41:54.300+0000] {logging_mixin.py:137} INFO - [2024-02-19T12:41:54.300+0000] {dag.py:3441} INFO - Setting next_dagrun for example_sla_dag to 2024-02-19T12:38:00+00:00, run_after=2024-02-19T12:40:00+00:00
[2024-02-19T12:41:54.311+0000] {processor.py:175} INFO - Processing /home/airflow/.local/lib/python3.7/site-packages/airflow/example_dags/example_sla_dag.py took 0.061 seconds
[2024-02-19T12:42:24.947+0000] {processor.py:153} INFO - Started process (PID=4406) to work on /home/airflow/.local/lib/python3.7/site-packages/airflow/example_dags/example_sla_dag.py
[2024-02-19T12:42:24.948+0000] {processor.py:743} INFO - Processing file /home/airflow/.local/lib/python3.7/site-packages/airflow/example_dags/example_sla_dag.py for tasks to queue
[2024-02-19T12:42:24.948+0000] {logging_mixin.py:137} INFO - [2024-02-19T12:42:24.948+0000] {dagbag.py:538} INFO - Filling up the DagBag from /home/airflow/.local/lib/python3.7/site-packages/airflow/example_dags/example_sla_dag.py
[2024-02-19T12:42:24.961+0000] {processor.py:753} INFO - DAG(s) dict_keys(['example_sla_dag']) retrieved from /home/airflow/.local/lib/python3.7/site-packages/airflow/example_dags/example_sla_dag.py
[2024-02-19T12:42:24.975+0000] {logging_mixin.py:137} INFO - [2024-02-19T12:42:24.975+0000] {dag.py:2690} INFO - Sync 1 DAGs
[2024-02-19T12:42:24.990+0000] {logging_mixin.py:137} INFO - [2024-02-19T12:42:24.990+0000] {dag.py:3441} INFO - Setting next_dagrun for example_sla_dag to 2024-02-19T12:40:00+00:00, run_after=2024-02-19T12:42:00+00:00
[2024-02-19T12:42:25.004+0000] {processor.py:175} INFO - Processing /home/airflow/.local/lib/python3.7/site-packages/airflow/example_dags/example_sla_dag.py took 0.058 seconds
[2024-02-19T12:42:55.420+0000] {processor.py:153} INFO - Started process (PID=4541) to work on /home/airflow/.local/lib/python3.7/site-packages/airflow/example_dags/example_sla_dag.py
[2024-02-19T12:42:55.421+0000] {processor.py:743} INFO - Processing file /home/airflow/.local/lib/python3.7/site-packages/airflow/example_dags/example_sla_dag.py for tasks to queue
[2024-02-19T12:42:55.422+0000] {logging_mixin.py:137} INFO - [2024-02-19T12:42:55.421+0000] {dagbag.py:538} INFO - Filling up the DagBag from /home/airflow/.local/lib/python3.7/site-packages/airflow/example_dags/example_sla_dag.py
[2024-02-19T12:42:55.434+0000] {processor.py:753} INFO - DAG(s) dict_keys(['example_sla_dag']) retrieved from /home/airflow/.local/lib/python3.7/site-packages/airflow/example_dags/example_sla_dag.py
[2024-02-19T12:42:55.447+0000] {logging_mixin.py:137} INFO - [2024-02-19T12:42:55.447+0000] {dag.py:2690} INFO - Sync 1 DAGs
[2024-02-19T12:42:55.463+0000] {logging_mixin.py:137} INFO - [2024-02-19T12:42:55.462+0000] {dag.py:3441} INFO - Setting next_dagrun for example_sla_dag to 2024-02-19T12:40:00+00:00, run_after=2024-02-19T12:42:00+00:00
[2024-02-19T12:42:55.473+0000] {processor.py:175} INFO - Processing /home/airflow/.local/lib/python3.7/site-packages/airflow/example_dags/example_sla_dag.py took 0.054 seconds
[2024-02-19T12:43:26.097+0000] {processor.py:153} INFO - Started process (PID=4653) to work on /home/airflow/.local/lib/python3.7/site-packages/airflow/example_dags/example_sla_dag.py
[2024-02-19T12:43:26.098+0000] {processor.py:743} INFO - Processing file /home/airflow/.local/lib/python3.7/site-packages/airflow/example_dags/example_sla_dag.py for tasks to queue
[2024-02-19T12:43:26.098+0000] {logging_mixin.py:137} INFO - [2024-02-19T12:43:26.098+0000] {dagbag.py:538} INFO - Filling up the DagBag from /home/airflow/.local/lib/python3.7/site-packages/airflow/example_dags/example_sla_dag.py
[2024-02-19T12:43:26.112+0000] {processor.py:753} INFO - DAG(s) dict_keys(['example_sla_dag']) retrieved from /home/airflow/.local/lib/python3.7/site-packages/airflow/example_dags/example_sla_dag.py
[2024-02-19T12:43:26.130+0000] {logging_mixin.py:137} INFO - [2024-02-19T12:43:26.129+0000] {dag.py:2690} INFO - Sync 1 DAGs
[2024-02-19T12:43:26.154+0000] {logging_mixin.py:137} INFO - [2024-02-19T12:43:26.154+0000] {dag.py:3441} INFO - Setting next_dagrun for example_sla_dag to 2024-02-19T12:40:00+00:00, run_after=2024-02-19T12:42:00+00:00
[2024-02-19T12:43:26.177+0000] {processor.py:175} INFO - Processing /home/airflow/.local/lib/python3.7/site-packages/airflow/example_dags/example_sla_dag.py took 0.083 seconds
[2024-02-19T12:43:56.735+0000] {processor.py:153} INFO - Started process (PID=4779) to work on /home/airflow/.local/lib/python3.7/site-packages/airflow/example_dags/example_sla_dag.py
[2024-02-19T12:43:56.736+0000] {processor.py:743} INFO - Processing file /home/airflow/.local/lib/python3.7/site-packages/airflow/example_dags/example_sla_dag.py for tasks to queue
[2024-02-19T12:43:56.736+0000] {logging_mixin.py:137} INFO - [2024-02-19T12:43:56.736+0000] {dagbag.py:538} INFO - Filling up the DagBag from /home/airflow/.local/lib/python3.7/site-packages/airflow/example_dags/example_sla_dag.py
[2024-02-19T12:43:56.749+0000] {processor.py:753} INFO - DAG(s) dict_keys(['example_sla_dag']) retrieved from /home/airflow/.local/lib/python3.7/site-packages/airflow/example_dags/example_sla_dag.py
[2024-02-19T12:43:56.763+0000] {logging_mixin.py:137} INFO - [2024-02-19T12:43:56.762+0000] {dag.py:2690} INFO - Sync 1 DAGs
[2024-02-19T12:43:56.778+0000] {logging_mixin.py:137} INFO - [2024-02-19T12:43:56.778+0000] {dag.py:3441} INFO - Setting next_dagrun for example_sla_dag to 2024-02-19T12:40:00+00:00, run_after=2024-02-19T12:42:00+00:00
[2024-02-19T12:43:56.788+0000] {processor.py:175} INFO - Processing /home/airflow/.local/lib/python3.7/site-packages/airflow/example_dags/example_sla_dag.py took 0.054 seconds
[2024-02-19T12:44:27.164+0000] {processor.py:153} INFO - Started process (PID=4913) to work on /home/airflow/.local/lib/python3.7/site-packages/airflow/example_dags/example_sla_dag.py
[2024-02-19T12:44:27.164+0000] {processor.py:743} INFO - Processing file /home/airflow/.local/lib/python3.7/site-packages/airflow/example_dags/example_sla_dag.py for tasks to queue
[2024-02-19T12:44:27.165+0000] {logging_mixin.py:137} INFO - [2024-02-19T12:44:27.165+0000] {dagbag.py:538} INFO - Filling up the DagBag from /home/airflow/.local/lib/python3.7/site-packages/airflow/example_dags/example_sla_dag.py
[2024-02-19T12:44:27.178+0000] {processor.py:753} INFO - DAG(s) dict_keys(['example_sla_dag']) retrieved from /home/airflow/.local/lib/python3.7/site-packages/airflow/example_dags/example_sla_dag.py
[2024-02-19T12:44:27.193+0000] {logging_mixin.py:137} INFO - [2024-02-19T12:44:27.193+0000] {dag.py:2690} INFO - Sync 1 DAGs
[2024-02-19T12:44:27.209+0000] {logging_mixin.py:137} INFO - [2024-02-19T12:44:27.209+0000] {dag.py:3441} INFO - Setting next_dagrun for example_sla_dag to 2024-02-19T12:42:00+00:00, run_after=2024-02-19T12:44:00+00:00
[2024-02-19T12:44:27.220+0000] {processor.py:175} INFO - Processing /home/airflow/.local/lib/python3.7/site-packages/airflow/example_dags/example_sla_dag.py took 0.057 seconds
[2024-02-19T12:44:57.706+0000] {processor.py:153} INFO - Started process (PID=5025) to work on /home/airflow/.local/lib/python3.7/site-packages/airflow/example_dags/example_sla_dag.py
[2024-02-19T12:44:57.707+0000] {processor.py:743} INFO - Processing file /home/airflow/.local/lib/python3.7/site-packages/airflow/example_dags/example_sla_dag.py for tasks to queue
[2024-02-19T12:44:57.707+0000] {logging_mixin.py:137} INFO - [2024-02-19T12:44:57.707+0000] {dagbag.py:538} INFO - Filling up the DagBag from /home/airflow/.local/lib/python3.7/site-packages/airflow/example_dags/example_sla_dag.py
[2024-02-19T12:44:57.720+0000] {processor.py:753} INFO - DAG(s) dict_keys(['example_sla_dag']) retrieved from /home/airflow/.local/lib/python3.7/site-packages/airflow/example_dags/example_sla_dag.py
[2024-02-19T12:44:57.734+0000] {logging_mixin.py:137} INFO - [2024-02-19T12:44:57.734+0000] {dag.py:2690} INFO - Sync 1 DAGs
[2024-02-19T12:44:57.750+0000] {logging_mixin.py:137} INFO - [2024-02-19T12:44:57.750+0000] {dag.py:3441} INFO - Setting next_dagrun for example_sla_dag to 2024-02-19T12:42:00+00:00, run_after=2024-02-19T12:44:00+00:00
[2024-02-19T12:44:57.761+0000] {processor.py:175} INFO - Processing /home/airflow/.local/lib/python3.7/site-packages/airflow/example_dags/example_sla_dag.py took 0.056 seconds
[2024-02-19T12:45:28.459+0000] {processor.py:153} INFO - Started process (PID=5151) to work on /home/airflow/.local/lib/python3.7/site-packages/airflow/example_dags/example_sla_dag.py
[2024-02-19T12:45:28.460+0000] {processor.py:743} INFO - Processing file /home/airflow/.local/lib/python3.7/site-packages/airflow/example_dags/example_sla_dag.py for tasks to queue
[2024-02-19T12:45:28.460+0000] {logging_mixin.py:137} INFO - [2024-02-19T12:45:28.460+0000] {dagbag.py:538} INFO - Filling up the DagBag from /home/airflow/.local/lib/python3.7/site-packages/airflow/example_dags/example_sla_dag.py
[2024-02-19T12:45:28.473+0000] {processor.py:753} INFO - DAG(s) dict_keys(['example_sla_dag']) retrieved from /home/airflow/.local/lib/python3.7/site-packages/airflow/example_dags/example_sla_dag.py
[2024-02-19T12:45:28.487+0000] {logging_mixin.py:137} INFO - [2024-02-19T12:45:28.487+0000] {dag.py:2690} INFO - Sync 1 DAGs
[2024-02-19T12:45:28.504+0000] {logging_mixin.py:137} INFO - [2024-02-19T12:45:28.504+0000] {dag.py:3441} INFO - Setting next_dagrun for example_sla_dag to 2024-02-19T12:42:00+00:00, run_after=2024-02-19T12:44:00+00:00
[2024-02-19T12:45:28.514+0000] {processor.py:175} INFO - Processing /home/airflow/.local/lib/python3.7/site-packages/airflow/example_dags/example_sla_dag.py took 0.057 seconds
[2024-02-19T12:45:58.989+0000] {processor.py:153} INFO - Started process (PID=5286) to work on /home/airflow/.local/lib/python3.7/site-packages/airflow/example_dags/example_sla_dag.py
[2024-02-19T12:45:58.990+0000] {processor.py:743} INFO - Processing file /home/airflow/.local/lib/python3.7/site-packages/airflow/example_dags/example_sla_dag.py for tasks to queue
[2024-02-19T12:45:58.990+0000] {logging_mixin.py:137} INFO - [2024-02-19T12:45:58.990+0000] {dagbag.py:538} INFO - Filling up the DagBag from /home/airflow/.local/lib/python3.7/site-packages/airflow/example_dags/example_sla_dag.py
[2024-02-19T12:45:59.003+0000] {processor.py:753} INFO - DAG(s) dict_keys(['example_sla_dag']) retrieved from /home/airflow/.local/lib/python3.7/site-packages/airflow/example_dags/example_sla_dag.py
[2024-02-19T12:45:59.017+0000] {logging_mixin.py:137} INFO - [2024-02-19T12:45:59.017+0000] {dag.py:2690} INFO - Sync 1 DAGs
[2024-02-19T12:45:59.032+0000] {logging_mixin.py:137} INFO - [2024-02-19T12:45:59.032+0000] {dag.py:3441} INFO - Setting next_dagrun for example_sla_dag to 2024-02-19T12:42:00+00:00, run_after=2024-02-19T12:44:00+00:00
[2024-02-19T12:45:59.042+0000] {processor.py:175} INFO - Processing /home/airflow/.local/lib/python3.7/site-packages/airflow/example_dags/example_sla_dag.py took 0.054 seconds
[2024-02-19T12:46:29.446+0000] {processor.py:153} INFO - Started process (PID=5398) to work on /home/airflow/.local/lib/python3.7/site-packages/airflow/example_dags/example_sla_dag.py
[2024-02-19T12:46:29.447+0000] {processor.py:743} INFO - Processing file /home/airflow/.local/lib/python3.7/site-packages/airflow/example_dags/example_sla_dag.py for tasks to queue
[2024-02-19T12:46:29.447+0000] {logging_mixin.py:137} INFO - [2024-02-19T12:46:29.447+0000] {dagbag.py:538} INFO - Filling up the DagBag from /home/airflow/.local/lib/python3.7/site-packages/airflow/example_dags/example_sla_dag.py
[2024-02-19T12:46:29.460+0000] {processor.py:753} INFO - DAG(s) dict_keys(['example_sla_dag']) retrieved from /home/airflow/.local/lib/python3.7/site-packages/airflow/example_dags/example_sla_dag.py
[2024-02-19T12:46:29.475+0000] {logging_mixin.py:137} INFO - [2024-02-19T12:46:29.475+0000] {dag.py:2690} INFO - Sync 1 DAGs
[2024-02-19T12:46:29.492+0000] {logging_mixin.py:137} INFO - [2024-02-19T12:46:29.492+0000] {dag.py:3441} INFO - Setting next_dagrun for example_sla_dag to 2024-02-19T12:44:00+00:00, run_after=2024-02-19T12:46:00+00:00
[2024-02-19T12:46:29.504+0000] {processor.py:175} INFO - Processing /home/airflow/.local/lib/python3.7/site-packages/airflow/example_dags/example_sla_dag.py took 0.060 seconds
[2024-02-19T12:47:00.172+0000] {processor.py:153} INFO - Started process (PID=5524) to work on /home/airflow/.local/lib/python3.7/site-packages/airflow/example_dags/example_sla_dag.py
[2024-02-19T12:47:00.173+0000] {processor.py:743} INFO - Processing file /home/airflow/.local/lib/python3.7/site-packages/airflow/example_dags/example_sla_dag.py for tasks to queue
[2024-02-19T12:47:00.173+0000] {logging_mixin.py:137} INFO - [2024-02-19T12:47:00.173+0000] {dagbag.py:538} INFO - Filling up the DagBag from /home/airflow/.local/lib/python3.7/site-packages/airflow/example_dags/example_sla_dag.py
[2024-02-19T12:47:00.186+0000] {processor.py:753} INFO - DAG(s) dict_keys(['example_sla_dag']) retrieved from /home/airflow/.local/lib/python3.7/site-packages/airflow/example_dags/example_sla_dag.py
[2024-02-19T12:47:00.200+0000] {logging_mixin.py:137} INFO - [2024-02-19T12:47:00.200+0000] {dag.py:2690} INFO - Sync 1 DAGs
[2024-02-19T12:47:00.216+0000] {logging_mixin.py:137} INFO - [2024-02-19T12:47:00.216+0000] {dag.py:3441} INFO - Setting next_dagrun for example_sla_dag to 2024-02-19T12:44:00+00:00, run_after=2024-02-19T12:46:00+00:00
[2024-02-19T12:47:00.227+0000] {processor.py:175} INFO - Processing /home/airflow/.local/lib/python3.7/site-packages/airflow/example_dags/example_sla_dag.py took 0.056 seconds
[2024-02-19T12:47:30.620+0000] {processor.py:153} INFO - Started process (PID=5659) to work on /home/airflow/.local/lib/python3.7/site-packages/airflow/example_dags/example_sla_dag.py
[2024-02-19T12:47:30.620+0000] {processor.py:743} INFO - Processing file /home/airflow/.local/lib/python3.7/site-packages/airflow/example_dags/example_sla_dag.py for tasks to queue
[2024-02-19T12:47:30.620+0000] {logging_mixin.py:137} INFO - [2024-02-19T12:47:30.620+0000] {dagbag.py:538} INFO - Filling up the DagBag from /home/airflow/.local/lib/python3.7/site-packages/airflow/example_dags/example_sla_dag.py
[2024-02-19T12:47:30.634+0000] {processor.py:753} INFO - DAG(s) dict_keys(['example_sla_dag']) retrieved from /home/airflow/.local/lib/python3.7/site-packages/airflow/example_dags/example_sla_dag.py
[2024-02-19T12:47:30.648+0000] {logging_mixin.py:137} INFO - [2024-02-19T12:47:30.648+0000] {dag.py:2690} INFO - Sync 1 DAGs
[2024-02-19T12:47:30.664+0000] {logging_mixin.py:137} INFO - [2024-02-19T12:47:30.664+0000] {dag.py:3441} INFO - Setting next_dagrun for example_sla_dag to 2024-02-19T12:44:00+00:00, run_after=2024-02-19T12:46:00+00:00
[2024-02-19T12:47:30.674+0000] {processor.py:175} INFO - Processing /home/airflow/.local/lib/python3.7/site-packages/airflow/example_dags/example_sla_dag.py took 0.056 seconds
[2024-02-19T12:48:01.081+0000] {processor.py:153} INFO - Started process (PID=5771) to work on /home/airflow/.local/lib/python3.7/site-packages/airflow/example_dags/example_sla_dag.py
[2024-02-19T12:48:01.082+0000] {processor.py:743} INFO - Processing file /home/airflow/.local/lib/python3.7/site-packages/airflow/example_dags/example_sla_dag.py for tasks to queue
[2024-02-19T12:48:01.082+0000] {logging_mixin.py:137} INFO - [2024-02-19T12:48:01.082+0000] {dagbag.py:538} INFO - Filling up the DagBag from /home/airflow/.local/lib/python3.7/site-packages/airflow/example_dags/example_sla_dag.py
[2024-02-19T12:48:01.095+0000] {processor.py:753} INFO - DAG(s) dict_keys(['example_sla_dag']) retrieved from /home/airflow/.local/lib/python3.7/site-packages/airflow/example_dags/example_sla_dag.py
[2024-02-19T12:48:01.110+0000] {logging_mixin.py:137} INFO - [2024-02-19T12:48:01.110+0000] {dag.py:2690} INFO - Sync 1 DAGs
[2024-02-19T12:48:01.127+0000] {logging_mixin.py:137} INFO - [2024-02-19T12:48:01.127+0000] {dag.py:3441} INFO - Setting next_dagrun for example_sla_dag to 2024-02-19T12:46:00+00:00, run_after=2024-02-19T12:48:00+00:00
[2024-02-19T12:48:01.139+0000] {processor.py:175} INFO - Processing /home/airflow/.local/lib/python3.7/site-packages/airflow/example_dags/example_sla_dag.py took 0.059 seconds
[2024-02-19T12:48:31.796+0000] {processor.py:153} INFO - Started process (PID=5897) to work on /home/airflow/.local/lib/python3.7/site-packages/airflow/example_dags/example_sla_dag.py
[2024-02-19T12:48:31.796+0000] {processor.py:743} INFO - Processing file /home/airflow/.local/lib/python3.7/site-packages/airflow/example_dags/example_sla_dag.py for tasks to queue
[2024-02-19T12:48:31.796+0000] {logging_mixin.py:137} INFO - [2024-02-19T12:48:31.796+0000] {dagbag.py:538} INFO - Filling up the DagBag from /home/airflow/.local/lib/python3.7/site-packages/airflow/example_dags/example_sla_dag.py
[2024-02-19T12:48:31.809+0000] {processor.py:753} INFO - DAG(s) dict_keys(['example_sla_dag']) retrieved from /home/airflow/.local/lib/python3.7/site-packages/airflow/example_dags/example_sla_dag.py
[2024-02-19T12:48:31.823+0000] {logging_mixin.py:137} INFO - [2024-02-19T12:48:31.822+0000] {dag.py:2690} INFO - Sync 1 DAGs
[2024-02-19T12:48:31.838+0000] {logging_mixin.py:137} INFO - [2024-02-19T12:48:31.838+0000] {dag.py:3441} INFO - Setting next_dagrun for example_sla_dag to 2024-02-19T12:46:00+00:00, run_after=2024-02-19T12:48:00+00:00
[2024-02-19T12:48:31.847+0000] {processor.py:175} INFO - Processing /home/airflow/.local/lib/python3.7/site-packages/airflow/example_dags/example_sla_dag.py took 0.054 seconds
[2024-02-19T12:49:02.391+0000] {processor.py:153} INFO - Started process (PID=6032) to work on /home/airflow/.local/lib/python3.7/site-packages/airflow/example_dags/example_sla_dag.py
[2024-02-19T12:49:02.392+0000] {processor.py:743} INFO - Processing file /home/airflow/.local/lib/python3.7/site-packages/airflow/example_dags/example_sla_dag.py for tasks to queue
[2024-02-19T12:49:02.392+0000] {logging_mixin.py:137} INFO - [2024-02-19T12:49:02.392+0000] {dagbag.py:538} INFO - Filling up the DagBag from /home/airflow/.local/lib/python3.7/site-packages/airflow/example_dags/example_sla_dag.py
[2024-02-19T12:49:02.406+0000] {processor.py:753} INFO - DAG(s) dict_keys(['example_sla_dag']) retrieved from /home/airflow/.local/lib/python3.7/site-packages/airflow/example_dags/example_sla_dag.py
[2024-02-19T12:49:02.420+0000] {logging_mixin.py:137} INFO - [2024-02-19T12:49:02.420+0000] {dag.py:2690} INFO - Sync 1 DAGs
[2024-02-19T12:49:02.439+0000] {logging_mixin.py:137} INFO - [2024-02-19T12:49:02.439+0000] {dag.py:3441} INFO - Setting next_dagrun for example_sla_dag to 2024-02-19T12:46:00+00:00, run_after=2024-02-19T12:48:00+00:00
[2024-02-19T12:49:02.451+0000] {processor.py:175} INFO - Processing /home/airflow/.local/lib/python3.7/site-packages/airflow/example_dags/example_sla_dag.py took 0.061 seconds
[2024-02-19T12:49:32.895+0000] {processor.py:153} INFO - Started process (PID=6144) to work on /home/airflow/.local/lib/python3.7/site-packages/airflow/example_dags/example_sla_dag.py
[2024-02-19T12:49:32.895+0000] {processor.py:743} INFO - Processing file /home/airflow/.local/lib/python3.7/site-packages/airflow/example_dags/example_sla_dag.py for tasks to queue
[2024-02-19T12:49:32.895+0000] {logging_mixin.py:137} INFO - [2024-02-19T12:49:32.895+0000] {dagbag.py:538} INFO - Filling up the DagBag from /home/airflow/.local/lib/python3.7/site-packages/airflow/example_dags/example_sla_dag.py
[2024-02-19T12:49:32.908+0000] {processor.py:753} INFO - DAG(s) dict_keys(['example_sla_dag']) retrieved from /home/airflow/.local/lib/python3.7/site-packages/airflow/example_dags/example_sla_dag.py
[2024-02-19T12:49:32.922+0000] {logging_mixin.py:137} INFO - [2024-02-19T12:49:32.922+0000] {dag.py:2690} INFO - Sync 1 DAGs
[2024-02-19T12:49:32.939+0000] {logging_mixin.py:137} INFO - [2024-02-19T12:49:32.939+0000] {dag.py:3441} INFO - Setting next_dagrun for example_sla_dag to 2024-02-19T12:46:00+00:00, run_after=2024-02-19T12:48:00+00:00
[2024-02-19T12:49:32.955+0000] {processor.py:175} INFO - Processing /home/airflow/.local/lib/python3.7/site-packages/airflow/example_dags/example_sla_dag.py took 0.062 seconds
[2024-02-19T12:50:03.604+0000] {processor.py:153} INFO - Started process (PID=6270) to work on /home/airflow/.local/lib/python3.7/site-packages/airflow/example_dags/example_sla_dag.py
[2024-02-19T12:50:03.604+0000] {processor.py:743} INFO - Processing file /home/airflow/.local/lib/python3.7/site-packages/airflow/example_dags/example_sla_dag.py for tasks to queue
[2024-02-19T12:50:03.605+0000] {logging_mixin.py:137} INFO - [2024-02-19T12:50:03.605+0000] {dagbag.py:538} INFO - Filling up the DagBag from /home/airflow/.local/lib/python3.7/site-packages/airflow/example_dags/example_sla_dag.py
[2024-02-19T12:50:03.620+0000] {processor.py:753} INFO - DAG(s) dict_keys(['example_sla_dag']) retrieved from /home/airflow/.local/lib/python3.7/site-packages/airflow/example_dags/example_sla_dag.py
[2024-02-19T12:50:03.634+0000] {logging_mixin.py:137} INFO - [2024-02-19T12:50:03.634+0000] {dag.py:2690} INFO - Sync 1 DAGs
[2024-02-19T12:50:03.651+0000] {logging_mixin.py:137} INFO - [2024-02-19T12:50:03.651+0000] {dag.py:3441} INFO - Setting next_dagrun for example_sla_dag to 2024-02-19T12:48:00+00:00, run_after=2024-02-19T12:50:00+00:00
[2024-02-19T12:50:03.662+0000] {processor.py:175} INFO - Processing /home/airflow/.local/lib/python3.7/site-packages/airflow/example_dags/example_sla_dag.py took 0.060 seconds
[2024-02-19T12:50:34.106+0000] {processor.py:153} INFO - Started process (PID=6405) to work on /home/airflow/.local/lib/python3.7/site-packages/airflow/example_dags/example_sla_dag.py
[2024-02-19T12:50:34.107+0000] {processor.py:743} INFO - Processing file /home/airflow/.local/lib/python3.7/site-packages/airflow/example_dags/example_sla_dag.py for tasks to queue
[2024-02-19T12:50:34.107+0000] {logging_mixin.py:137} INFO - [2024-02-19T12:50:34.107+0000] {dagbag.py:538} INFO - Filling up the DagBag from /home/airflow/.local/lib/python3.7/site-packages/airflow/example_dags/example_sla_dag.py
[2024-02-19T12:50:34.120+0000] {processor.py:753} INFO - DAG(s) dict_keys(['example_sla_dag']) retrieved from /home/airflow/.local/lib/python3.7/site-packages/airflow/example_dags/example_sla_dag.py
[2024-02-19T12:50:34.134+0000] {logging_mixin.py:137} INFO - [2024-02-19T12:50:34.134+0000] {dag.py:2690} INFO - Sync 1 DAGs
[2024-02-19T12:50:34.150+0000] {logging_mixin.py:137} INFO - [2024-02-19T12:50:34.150+0000] {dag.py:3441} INFO - Setting next_dagrun for example_sla_dag to 2024-02-19T12:48:00+00:00, run_after=2024-02-19T12:50:00+00:00
[2024-02-19T12:50:34.163+0000] {processor.py:175} INFO - Processing /home/airflow/.local/lib/python3.7/site-packages/airflow/example_dags/example_sla_dag.py took 0.059 seconds
[2024-02-19T12:51:04.560+0000] {processor.py:153} INFO - Started process (PID=6507) to work on /home/airflow/.local/lib/python3.7/site-packages/airflow/example_dags/example_sla_dag.py
[2024-02-19T12:51:04.560+0000] {processor.py:743} INFO - Processing file /home/airflow/.local/lib/python3.7/site-packages/airflow/example_dags/example_sla_dag.py for tasks to queue
[2024-02-19T12:51:04.561+0000] {logging_mixin.py:137} INFO - [2024-02-19T12:51:04.561+0000] {dagbag.py:538} INFO - Filling up the DagBag from /home/airflow/.local/lib/python3.7/site-packages/airflow/example_dags/example_sla_dag.py
[2024-02-19T12:51:04.576+0000] {processor.py:753} INFO - DAG(s) dict_keys(['example_sla_dag']) retrieved from /home/airflow/.local/lib/python3.7/site-packages/airflow/example_dags/example_sla_dag.py
[2024-02-19T12:51:04.592+0000] {logging_mixin.py:137} INFO - [2024-02-19T12:51:04.592+0000] {dag.py:2690} INFO - Sync 1 DAGs
[2024-02-19T12:51:04.612+0000] {logging_mixin.py:137} INFO - [2024-02-19T12:51:04.611+0000] {dag.py:3441} INFO - Setting next_dagrun for example_sla_dag to 2024-02-19T12:48:00+00:00, run_after=2024-02-19T12:50:00+00:00
[2024-02-19T12:51:04.624+0000] {processor.py:175} INFO - Processing /home/airflow/.local/lib/python3.7/site-packages/airflow/example_dags/example_sla_dag.py took 0.066 seconds
[2024-02-19T12:51:35.422+0000] {processor.py:153} INFO - Started process (PID=6642) to work on /home/airflow/.local/lib/python3.7/site-packages/airflow/example_dags/example_sla_dag.py
[2024-02-19T12:51:35.423+0000] {processor.py:743} INFO - Processing file /home/airflow/.local/lib/python3.7/site-packages/airflow/example_dags/example_sla_dag.py for tasks to queue
[2024-02-19T12:51:35.424+0000] {logging_mixin.py:137} INFO - [2024-02-19T12:51:35.423+0000] {dagbag.py:538} INFO - Filling up the DagBag from /home/airflow/.local/lib/python3.7/site-packages/airflow/example_dags/example_sla_dag.py
[2024-02-19T12:51:35.439+0000] {processor.py:753} INFO - DAG(s) dict_keys(['example_sla_dag']) retrieved from /home/airflow/.local/lib/python3.7/site-packages/airflow/example_dags/example_sla_dag.py
[2024-02-19T12:51:35.457+0000] {logging_mixin.py:137} INFO - [2024-02-19T12:51:35.457+0000] {dag.py:2690} INFO - Sync 1 DAGs
[2024-02-19T12:51:35.478+0000] {logging_mixin.py:137} INFO - [2024-02-19T12:51:35.477+0000] {dag.py:3441} INFO - Setting next_dagrun for example_sla_dag to 2024-02-19T12:48:00+00:00, run_after=2024-02-19T12:50:00+00:00
[2024-02-19T12:51:35.493+0000] {processor.py:175} INFO - Processing /home/airflow/.local/lib/python3.7/site-packages/airflow/example_dags/example_sla_dag.py took 0.073 seconds
[2024-02-19T12:52:06.224+0000] {processor.py:153} INFO - Started process (PID=6777) to work on /home/airflow/.local/lib/python3.7/site-packages/airflow/example_dags/example_sla_dag.py
[2024-02-19T12:52:06.225+0000] {processor.py:743} INFO - Processing file /home/airflow/.local/lib/python3.7/site-packages/airflow/example_dags/example_sla_dag.py for tasks to queue
[2024-02-19T12:52:06.225+0000] {logging_mixin.py:137} INFO - [2024-02-19T12:52:06.225+0000] {dagbag.py:538} INFO - Filling up the DagBag from /home/airflow/.local/lib/python3.7/site-packages/airflow/example_dags/example_sla_dag.py
[2024-02-19T12:52:06.246+0000] {processor.py:753} INFO - DAG(s) dict_keys(['example_sla_dag']) retrieved from /home/airflow/.local/lib/python3.7/site-packages/airflow/example_dags/example_sla_dag.py
[2024-02-19T12:52:06.267+0000] {logging_mixin.py:137} INFO - [2024-02-19T12:52:06.267+0000] {dag.py:2690} INFO - Sync 1 DAGs
[2024-02-19T12:52:06.294+0000] {logging_mixin.py:137} INFO - [2024-02-19T12:52:06.294+0000] {dag.py:3441} INFO - Setting next_dagrun for example_sla_dag to 2024-02-19T12:50:00+00:00, run_after=2024-02-19T12:52:00+00:00
[2024-02-19T12:52:06.312+0000] {processor.py:175} INFO - Processing /home/airflow/.local/lib/python3.7/site-packages/airflow/example_dags/example_sla_dag.py took 0.091 seconds
[2024-02-19T12:52:36.512+0000] {processor.py:153} INFO - Started process (PID=6880) to work on /home/airflow/.local/lib/python3.7/site-packages/airflow/example_dags/example_sla_dag.py
[2024-02-19T12:52:36.512+0000] {processor.py:743} INFO - Processing file /home/airflow/.local/lib/python3.7/site-packages/airflow/example_dags/example_sla_dag.py for tasks to queue
[2024-02-19T12:52:36.513+0000] {logging_mixin.py:137} INFO - [2024-02-19T12:52:36.513+0000] {dagbag.py:538} INFO - Filling up the DagBag from /home/airflow/.local/lib/python3.7/site-packages/airflow/example_dags/example_sla_dag.py
[2024-02-19T12:52:36.528+0000] {processor.py:753} INFO - DAG(s) dict_keys(['example_sla_dag']) retrieved from /home/airflow/.local/lib/python3.7/site-packages/airflow/example_dags/example_sla_dag.py
[2024-02-19T12:52:36.543+0000] {logging_mixin.py:137} INFO - [2024-02-19T12:52:36.543+0000] {dag.py:2690} INFO - Sync 1 DAGs
[2024-02-19T12:52:36.562+0000] {logging_mixin.py:137} INFO - [2024-02-19T12:52:36.562+0000] {dag.py:3441} INFO - Setting next_dagrun for example_sla_dag to 2024-02-19T12:50:00+00:00, run_after=2024-02-19T12:52:00+00:00
[2024-02-19T12:52:36.575+0000] {processor.py:175} INFO - Processing /home/airflow/.local/lib/python3.7/site-packages/airflow/example_dags/example_sla_dag.py took 0.065 seconds
[2024-02-19T12:53:07.368+0000] {processor.py:153} INFO - Started process (PID=7015) to work on /home/airflow/.local/lib/python3.7/site-packages/airflow/example_dags/example_sla_dag.py
[2024-02-19T12:53:07.368+0000] {processor.py:743} INFO - Processing file /home/airflow/.local/lib/python3.7/site-packages/airflow/example_dags/example_sla_dag.py for tasks to queue
[2024-02-19T12:53:07.369+0000] {logging_mixin.py:137} INFO - [2024-02-19T12:53:07.369+0000] {dagbag.py:538} INFO - Filling up the DagBag from /home/airflow/.local/lib/python3.7/site-packages/airflow/example_dags/example_sla_dag.py
[2024-02-19T12:53:07.387+0000] {processor.py:753} INFO - DAG(s) dict_keys(['example_sla_dag']) retrieved from /home/airflow/.local/lib/python3.7/site-packages/airflow/example_dags/example_sla_dag.py
[2024-02-19T12:53:07.405+0000] {logging_mixin.py:137} INFO - [2024-02-19T12:53:07.405+0000] {dag.py:2690} INFO - Sync 1 DAGs
[2024-02-19T12:53:07.428+0000] {logging_mixin.py:137} INFO - [2024-02-19T12:53:07.428+0000] {dag.py:3441} INFO - Setting next_dagrun for example_sla_dag to 2024-02-19T12:50:00+00:00, run_after=2024-02-19T12:52:00+00:00
[2024-02-19T12:53:07.446+0000] {processor.py:175} INFO - Processing /home/airflow/.local/lib/python3.7/site-packages/airflow/example_dags/example_sla_dag.py took 0.080 seconds
[2024-02-19T12:53:38.105+0000] {processor.py:153} INFO - Started process (PID=7118) to work on /home/airflow/.local/lib/python3.7/site-packages/airflow/example_dags/example_sla_dag.py
[2024-02-19T12:53:38.106+0000] {processor.py:743} INFO - Processing file /home/airflow/.local/lib/python3.7/site-packages/airflow/example_dags/example_sla_dag.py for tasks to queue
[2024-02-19T12:53:38.107+0000] {logging_mixin.py:137} INFO - [2024-02-19T12:53:38.106+0000] {dagbag.py:538} INFO - Filling up the DagBag from /home/airflow/.local/lib/python3.7/site-packages/airflow/example_dags/example_sla_dag.py
[2024-02-19T12:53:38.124+0000] {processor.py:753} INFO - DAG(s) dict_keys(['example_sla_dag']) retrieved from /home/airflow/.local/lib/python3.7/site-packages/airflow/example_dags/example_sla_dag.py
[2024-02-19T12:53:38.142+0000] {logging_mixin.py:137} INFO - [2024-02-19T12:53:38.142+0000] {dag.py:2690} INFO - Sync 1 DAGs
[2024-02-19T12:53:38.163+0000] {logging_mixin.py:137} INFO - [2024-02-19T12:53:38.163+0000] {dag.py:3441} INFO - Setting next_dagrun for example_sla_dag to 2024-02-19T12:50:00+00:00, run_after=2024-02-19T12:52:00+00:00
[2024-02-19T12:53:38.176+0000] {processor.py:175} INFO - Processing /home/airflow/.local/lib/python3.7/site-packages/airflow/example_dags/example_sla_dag.py took 0.074 seconds
[2024-02-19T12:54:08.189+0000] {processor.py:153} INFO - Started process (PID=7254) to work on /home/airflow/.local/lib/python3.7/site-packages/airflow/example_dags/example_sla_dag.py
[2024-02-19T12:54:08.190+0000] {processor.py:743} INFO - Processing file /home/airflow/.local/lib/python3.7/site-packages/airflow/example_dags/example_sla_dag.py for tasks to queue
[2024-02-19T12:54:08.190+0000] {logging_mixin.py:137} INFO - [2024-02-19T12:54:08.190+0000] {dagbag.py:538} INFO - Filling up the DagBag from /home/airflow/.local/lib/python3.7/site-packages/airflow/example_dags/example_sla_dag.py
[2024-02-19T12:54:08.207+0000] {processor.py:753} INFO - DAG(s) dict_keys(['example_sla_dag']) retrieved from /home/airflow/.local/lib/python3.7/site-packages/airflow/example_dags/example_sla_dag.py
[2024-02-19T12:54:08.224+0000] {logging_mixin.py:137} INFO - [2024-02-19T12:54:08.224+0000] {dag.py:2690} INFO - Sync 1 DAGs
[2024-02-19T12:54:08.245+0000] {logging_mixin.py:137} INFO - [2024-02-19T12:54:08.245+0000] {dag.py:3441} INFO - Setting next_dagrun for example_sla_dag to 2024-02-19T12:52:00+00:00, run_after=2024-02-19T12:54:00+00:00
[2024-02-19T12:54:08.258+0000] {processor.py:175} INFO - Processing /home/airflow/.local/lib/python3.7/site-packages/airflow/example_dags/example_sla_dag.py took 0.071 seconds
[2024-02-19T12:54:39.101+0000] {processor.py:153} INFO - Started process (PID=7389) to work on /home/airflow/.local/lib/python3.7/site-packages/airflow/example_dags/example_sla_dag.py
[2024-02-19T12:54:39.104+0000] {processor.py:743} INFO - Processing file /home/airflow/.local/lib/python3.7/site-packages/airflow/example_dags/example_sla_dag.py for tasks to queue
[2024-02-19T12:54:39.105+0000] {logging_mixin.py:137} INFO - [2024-02-19T12:54:39.105+0000] {dagbag.py:538} INFO - Filling up the DagBag from /home/airflow/.local/lib/python3.7/site-packages/airflow/example_dags/example_sla_dag.py
[2024-02-19T12:54:39.150+0000] {processor.py:753} INFO - DAG(s) dict_keys(['example_sla_dag']) retrieved from /home/airflow/.local/lib/python3.7/site-packages/airflow/example_dags/example_sla_dag.py
[2024-02-19T12:54:39.188+0000] {logging_mixin.py:137} INFO - [2024-02-19T12:54:39.188+0000] {dag.py:2690} INFO - Sync 1 DAGs
[2024-02-19T12:54:39.219+0000] {logging_mixin.py:137} INFO - [2024-02-19T12:54:39.219+0000] {dag.py:3441} INFO - Setting next_dagrun for example_sla_dag to 2024-02-19T12:52:00+00:00, run_after=2024-02-19T12:54:00+00:00
[2024-02-19T12:54:39.239+0000] {processor.py:175} INFO - Processing /home/airflow/.local/lib/python3.7/site-packages/airflow/example_dags/example_sla_dag.py took 0.148 seconds
[2024-02-19T12:55:10.125+0000] {processor.py:153} INFO - Started process (PID=7492) to work on /home/airflow/.local/lib/python3.7/site-packages/airflow/example_dags/example_sla_dag.py
[2024-02-19T12:55:10.126+0000] {processor.py:743} INFO - Processing file /home/airflow/.local/lib/python3.7/site-packages/airflow/example_dags/example_sla_dag.py for tasks to queue
[2024-02-19T12:55:10.126+0000] {logging_mixin.py:137} INFO - [2024-02-19T12:55:10.126+0000] {dagbag.py:538} INFO - Filling up the DagBag from /home/airflow/.local/lib/python3.7/site-packages/airflow/example_dags/example_sla_dag.py
[2024-02-19T12:55:10.141+0000] {processor.py:753} INFO - DAG(s) dict_keys(['example_sla_dag']) retrieved from /home/airflow/.local/lib/python3.7/site-packages/airflow/example_dags/example_sla_dag.py
[2024-02-19T12:55:10.157+0000] {logging_mixin.py:137} INFO - [2024-02-19T12:55:10.157+0000] {dag.py:2690} INFO - Sync 1 DAGs
[2024-02-19T12:55:10.175+0000] {logging_mixin.py:137} INFO - [2024-02-19T12:55:10.175+0000] {dag.py:3441} INFO - Setting next_dagrun for example_sla_dag to 2024-02-19T12:52:00+00:00, run_after=2024-02-19T12:54:00+00:00
[2024-02-19T12:55:10.188+0000] {processor.py:175} INFO - Processing /home/airflow/.local/lib/python3.7/site-packages/airflow/example_dags/example_sla_dag.py took 0.065 seconds
[2024-02-19T12:55:40.839+0000] {processor.py:153} INFO - Started process (PID=7627) to work on /home/airflow/.local/lib/python3.7/site-packages/airflow/example_dags/example_sla_dag.py
[2024-02-19T12:55:40.840+0000] {processor.py:743} INFO - Processing file /home/airflow/.local/lib/python3.7/site-packages/airflow/example_dags/example_sla_dag.py for tasks to queue
[2024-02-19T12:55:40.841+0000] {logging_mixin.py:137} INFO - [2024-02-19T12:55:40.840+0000] {dagbag.py:538} INFO - Filling up the DagBag from /home/airflow/.local/lib/python3.7/site-packages/airflow/example_dags/example_sla_dag.py
[2024-02-19T12:55:40.854+0000] {processor.py:753} INFO - DAG(s) dict_keys(['example_sla_dag']) retrieved from /home/airflow/.local/lib/python3.7/site-packages/airflow/example_dags/example_sla_dag.py
[2024-02-19T12:55:40.869+0000] {logging_mixin.py:137} INFO - [2024-02-19T12:55:40.869+0000] {dag.py:2690} INFO - Sync 1 DAGs
[2024-02-19T12:55:40.887+0000] {logging_mixin.py:137} INFO - [2024-02-19T12:55:40.886+0000] {dag.py:3441} INFO - Setting next_dagrun for example_sla_dag to 2024-02-19T12:52:00+00:00, run_after=2024-02-19T12:54:00+00:00
[2024-02-19T12:55:40.899+0000] {processor.py:175} INFO - Processing /home/airflow/.local/lib/python3.7/site-packages/airflow/example_dags/example_sla_dag.py took 0.061 seconds
[2024-02-19T12:56:11.620+0000] {processor.py:153} INFO - Started process (PID=7762) to work on /home/airflow/.local/lib/python3.7/site-packages/airflow/example_dags/example_sla_dag.py
[2024-02-19T12:56:11.620+0000] {processor.py:743} INFO - Processing file /home/airflow/.local/lib/python3.7/site-packages/airflow/example_dags/example_sla_dag.py for tasks to queue
[2024-02-19T12:56:11.621+0000] {logging_mixin.py:137} INFO - [2024-02-19T12:56:11.621+0000] {dagbag.py:538} INFO - Filling up the DagBag from /home/airflow/.local/lib/python3.7/site-packages/airflow/example_dags/example_sla_dag.py
[2024-02-19T12:56:11.644+0000] {processor.py:753} INFO - DAG(s) dict_keys(['example_sla_dag']) retrieved from /home/airflow/.local/lib/python3.7/site-packages/airflow/example_dags/example_sla_dag.py
[2024-02-19T12:56:11.666+0000] {logging_mixin.py:137} INFO - [2024-02-19T12:56:11.666+0000] {dag.py:2690} INFO - Sync 1 DAGs
[2024-02-19T12:56:11.695+0000] {logging_mixin.py:137} INFO - [2024-02-19T12:56:11.695+0000] {dag.py:3441} INFO - Setting next_dagrun for example_sla_dag to 2024-02-19T12:54:00+00:00, run_after=2024-02-19T12:56:00+00:00
[2024-02-19T12:56:11.715+0000] {processor.py:175} INFO - Processing /home/airflow/.local/lib/python3.7/site-packages/airflow/example_dags/example_sla_dag.py took 0.099 seconds
[2024-02-19T12:56:42.497+0000] {processor.py:153} INFO - Started process (PID=7865) to work on /home/airflow/.local/lib/python3.7/site-packages/airflow/example_dags/example_sla_dag.py
[2024-02-19T12:56:42.498+0000] {processor.py:743} INFO - Processing file /home/airflow/.local/lib/python3.7/site-packages/airflow/example_dags/example_sla_dag.py for tasks to queue
[2024-02-19T12:56:42.498+0000] {logging_mixin.py:137} INFO - [2024-02-19T12:56:42.498+0000] {dagbag.py:538} INFO - Filling up the DagBag from /home/airflow/.local/lib/python3.7/site-packages/airflow/example_dags/example_sla_dag.py
[2024-02-19T12:56:42.513+0000] {processor.py:753} INFO - DAG(s) dict_keys(['example_sla_dag']) retrieved from /home/airflow/.local/lib/python3.7/site-packages/airflow/example_dags/example_sla_dag.py
[2024-02-19T12:56:42.529+0000] {logging_mixin.py:137} INFO - [2024-02-19T12:56:42.529+0000] {dag.py:2690} INFO - Sync 1 DAGs
[2024-02-19T12:56:42.549+0000] {logging_mixin.py:137} INFO - [2024-02-19T12:56:42.549+0000] {dag.py:3441} INFO - Setting next_dagrun for example_sla_dag to 2024-02-19T12:54:00+00:00, run_after=2024-02-19T12:56:00+00:00
[2024-02-19T12:56:42.561+0000] {processor.py:175} INFO - Processing /home/airflow/.local/lib/python3.7/site-packages/airflow/example_dags/example_sla_dag.py took 0.066 seconds
[2024-02-19T12:57:13.346+0000] {processor.py:153} INFO - Started process (PID=8000) to work on /home/airflow/.local/lib/python3.7/site-packages/airflow/example_dags/example_sla_dag.py
[2024-02-19T12:57:13.347+0000] {processor.py:743} INFO - Processing file /home/airflow/.local/lib/python3.7/site-packages/airflow/example_dags/example_sla_dag.py for tasks to queue
[2024-02-19T12:57:13.347+0000] {logging_mixin.py:137} INFO - [2024-02-19T12:57:13.347+0000] {dagbag.py:538} INFO - Filling up the DagBag from /home/airflow/.local/lib/python3.7/site-packages/airflow/example_dags/example_sla_dag.py
[2024-02-19T12:57:13.367+0000] {processor.py:753} INFO - DAG(s) dict_keys(['example_sla_dag']) retrieved from /home/airflow/.local/lib/python3.7/site-packages/airflow/example_dags/example_sla_dag.py
[2024-02-19T12:57:13.389+0000] {logging_mixin.py:137} INFO - [2024-02-19T12:57:13.388+0000] {dag.py:2690} INFO - Sync 1 DAGs
[2024-02-19T12:57:13.413+0000] {logging_mixin.py:137} INFO - [2024-02-19T12:57:13.412+0000] {dag.py:3441} INFO - Setting next_dagrun for example_sla_dag to 2024-02-19T12:54:00+00:00, run_after=2024-02-19T12:56:00+00:00
[2024-02-19T12:57:13.430+0000] {processor.py:175} INFO - Processing /home/airflow/.local/lib/python3.7/site-packages/airflow/example_dags/example_sla_dag.py took 0.087 seconds
[2024-02-19T12:57:44.174+0000] {processor.py:153} INFO - Started process (PID=8103) to work on /home/airflow/.local/lib/python3.7/site-packages/airflow/example_dags/example_sla_dag.py
[2024-02-19T12:57:44.174+0000] {processor.py:743} INFO - Processing file /home/airflow/.local/lib/python3.7/site-packages/airflow/example_dags/example_sla_dag.py for tasks to queue
[2024-02-19T12:57:44.175+0000] {logging_mixin.py:137} INFO - [2024-02-19T12:57:44.175+0000] {dagbag.py:538} INFO - Filling up the DagBag from /home/airflow/.local/lib/python3.7/site-packages/airflow/example_dags/example_sla_dag.py
[2024-02-19T12:57:44.189+0000] {processor.py:753} INFO - DAG(s) dict_keys(['example_sla_dag']) retrieved from /home/airflow/.local/lib/python3.7/site-packages/airflow/example_dags/example_sla_dag.py
[2024-02-19T12:57:44.205+0000] {logging_mixin.py:137} INFO - [2024-02-19T12:57:44.205+0000] {dag.py:2690} INFO - Sync 1 DAGs
[2024-02-19T12:57:44.225+0000] {logging_mixin.py:137} INFO - [2024-02-19T12:57:44.225+0000] {dag.py:3441} INFO - Setting next_dagrun for example_sla_dag to 2024-02-19T12:54:00+00:00, run_after=2024-02-19T12:56:00+00:00
[2024-02-19T12:57:44.239+0000] {processor.py:175} INFO - Processing /home/airflow/.local/lib/python3.7/site-packages/airflow/example_dags/example_sla_dag.py took 0.067 seconds
[2024-02-19T12:58:14.346+0000] {processor.py:153} INFO - Started process (PID=8237) to work on /home/airflow/.local/lib/python3.7/site-packages/airflow/example_dags/example_sla_dag.py
[2024-02-19T12:58:14.347+0000] {processor.py:743} INFO - Processing file /home/airflow/.local/lib/python3.7/site-packages/airflow/example_dags/example_sla_dag.py for tasks to queue
[2024-02-19T12:58:14.347+0000] {logging_mixin.py:137} INFO - [2024-02-19T12:58:14.347+0000] {dagbag.py:538} INFO - Filling up the DagBag from /home/airflow/.local/lib/python3.7/site-packages/airflow/example_dags/example_sla_dag.py
[2024-02-19T12:58:14.362+0000] {processor.py:753} INFO - DAG(s) dict_keys(['example_sla_dag']) retrieved from /home/airflow/.local/lib/python3.7/site-packages/airflow/example_dags/example_sla_dag.py
[2024-02-19T12:58:14.379+0000] {logging_mixin.py:137} INFO - [2024-02-19T12:58:14.379+0000] {dag.py:2690} INFO - Sync 1 DAGs
[2024-02-19T12:58:14.398+0000] {logging_mixin.py:137} INFO - [2024-02-19T12:58:14.398+0000] {dag.py:3441} INFO - Setting next_dagrun for example_sla_dag to 2024-02-19T12:56:00+00:00, run_after=2024-02-19T12:58:00+00:00
[2024-02-19T12:58:14.410+0000] {processor.py:175} INFO - Processing /home/airflow/.local/lib/python3.7/site-packages/airflow/example_dags/example_sla_dag.py took 0.066 seconds
