[2024-02-19T12:24:38.156+0000] {processor.py:153} INFO - Started process (PID=77) to work on /home/airflow/.local/lib/python3.7/site-packages/airflow/example_dags/example_local_kubernetes_executor.py
[2024-02-19T12:24:38.157+0000] {processor.py:743} INFO - Processing file /home/airflow/.local/lib/python3.7/site-packages/airflow/example_dags/example_local_kubernetes_executor.py for tasks to queue
[2024-02-19T12:24:38.157+0000] {logging_mixin.py:137} INFO - [2024-02-19T12:24:38.157+0000] {dagbag.py:538} INFO - Filling up the DagBag from /home/airflow/.local/lib/python3.7/site-packages/airflow/example_dags/example_local_kubernetes_executor.py
[2024-02-19T12:24:38.174+0000] {processor.py:753} INFO - DAG(s) dict_keys(['example_local_kubernetes_executor']) retrieved from /home/airflow/.local/lib/python3.7/site-packages/airflow/example_dags/example_local_kubernetes_executor.py
[2024-02-19T12:24:38.182+0000] {logging_mixin.py:137} INFO - [2024-02-19T12:24:38.182+0000] {dag.py:2690} INFO - Sync 1 DAGs
[2024-02-19T12:24:38.197+0000] {logging_mixin.py:137} INFO - [2024-02-19T12:24:38.197+0000] {dag.py:3441} INFO - Setting next_dagrun for example_local_kubernetes_executor to None, run_after=None
[2024-02-19T12:24:38.208+0000] {processor.py:175} INFO - Processing /home/airflow/.local/lib/python3.7/site-packages/airflow/example_dags/example_local_kubernetes_executor.py took 0.054 seconds
[2024-02-19T12:25:08.612+0000] {processor.py:153} INFO - Started process (PID=212) to work on /home/airflow/.local/lib/python3.7/site-packages/airflow/example_dags/example_local_kubernetes_executor.py
[2024-02-19T12:25:08.613+0000] {processor.py:743} INFO - Processing file /home/airflow/.local/lib/python3.7/site-packages/airflow/example_dags/example_local_kubernetes_executor.py for tasks to queue
[2024-02-19T12:25:08.613+0000] {logging_mixin.py:137} INFO - [2024-02-19T12:25:08.613+0000] {dagbag.py:538} INFO - Filling up the DagBag from /home/airflow/.local/lib/python3.7/site-packages/airflow/example_dags/example_local_kubernetes_executor.py
[2024-02-19T12:25:08.625+0000] {processor.py:753} INFO - DAG(s) dict_keys(['example_local_kubernetes_executor']) retrieved from /home/airflow/.local/lib/python3.7/site-packages/airflow/example_dags/example_local_kubernetes_executor.py
[2024-02-19T12:25:08.642+0000] {logging_mixin.py:137} INFO - [2024-02-19T12:25:08.642+0000] {dag.py:2690} INFO - Sync 1 DAGs
[2024-02-19T12:25:08.656+0000] {logging_mixin.py:137} INFO - [2024-02-19T12:25:08.656+0000] {dag.py:3441} INFO - Setting next_dagrun for example_local_kubernetes_executor to None, run_after=None
[2024-02-19T12:25:08.666+0000] {processor.py:175} INFO - Processing /home/airflow/.local/lib/python3.7/site-packages/airflow/example_dags/example_local_kubernetes_executor.py took 0.056 seconds
[2024-02-19T12:25:39.029+0000] {processor.py:153} INFO - Started process (PID=315) to work on /home/airflow/.local/lib/python3.7/site-packages/airflow/example_dags/example_local_kubernetes_executor.py
[2024-02-19T12:25:39.030+0000] {processor.py:743} INFO - Processing file /home/airflow/.local/lib/python3.7/site-packages/airflow/example_dags/example_local_kubernetes_executor.py for tasks to queue
[2024-02-19T12:25:39.030+0000] {logging_mixin.py:137} INFO - [2024-02-19T12:25:39.030+0000] {dagbag.py:538} INFO - Filling up the DagBag from /home/airflow/.local/lib/python3.7/site-packages/airflow/example_dags/example_local_kubernetes_executor.py
[2024-02-19T12:25:39.043+0000] {processor.py:753} INFO - DAG(s) dict_keys(['example_local_kubernetes_executor']) retrieved from /home/airflow/.local/lib/python3.7/site-packages/airflow/example_dags/example_local_kubernetes_executor.py
[2024-02-19T12:25:39.058+0000] {logging_mixin.py:137} INFO - [2024-02-19T12:25:39.058+0000] {dag.py:2690} INFO - Sync 1 DAGs
[2024-02-19T12:25:39.072+0000] {logging_mixin.py:137} INFO - [2024-02-19T12:25:39.072+0000] {dag.py:3441} INFO - Setting next_dagrun for example_local_kubernetes_executor to None, run_after=None
[2024-02-19T12:25:39.083+0000] {processor.py:175} INFO - Processing /home/airflow/.local/lib/python3.7/site-packages/airflow/example_dags/example_local_kubernetes_executor.py took 0.056 seconds
[2024-02-19T12:26:09.475+0000] {processor.py:153} INFO - Started process (PID=450) to work on /home/airflow/.local/lib/python3.7/site-packages/airflow/example_dags/example_local_kubernetes_executor.py
[2024-02-19T12:26:09.475+0000] {processor.py:743} INFO - Processing file /home/airflow/.local/lib/python3.7/site-packages/airflow/example_dags/example_local_kubernetes_executor.py for tasks to queue
[2024-02-19T12:26:09.476+0000] {logging_mixin.py:137} INFO - [2024-02-19T12:26:09.475+0000] {dagbag.py:538} INFO - Filling up the DagBag from /home/airflow/.local/lib/python3.7/site-packages/airflow/example_dags/example_local_kubernetes_executor.py
[2024-02-19T12:26:09.488+0000] {processor.py:753} INFO - DAG(s) dict_keys(['example_local_kubernetes_executor']) retrieved from /home/airflow/.local/lib/python3.7/site-packages/airflow/example_dags/example_local_kubernetes_executor.py
[2024-02-19T12:26:09.503+0000] {logging_mixin.py:137} INFO - [2024-02-19T12:26:09.503+0000] {dag.py:2690} INFO - Sync 1 DAGs
[2024-02-19T12:26:09.515+0000] {logging_mixin.py:137} INFO - [2024-02-19T12:26:09.515+0000] {dag.py:3441} INFO - Setting next_dagrun for example_local_kubernetes_executor to None, run_after=None
[2024-02-19T12:26:09.526+0000] {processor.py:175} INFO - Processing /home/airflow/.local/lib/python3.7/site-packages/airflow/example_dags/example_local_kubernetes_executor.py took 0.052 seconds
[2024-02-19T12:26:39.871+0000] {processor.py:153} INFO - Started process (PID=585) to work on /home/airflow/.local/lib/python3.7/site-packages/airflow/example_dags/example_local_kubernetes_executor.py
[2024-02-19T12:26:39.872+0000] {processor.py:743} INFO - Processing file /home/airflow/.local/lib/python3.7/site-packages/airflow/example_dags/example_local_kubernetes_executor.py for tasks to queue
[2024-02-19T12:26:39.872+0000] {logging_mixin.py:137} INFO - [2024-02-19T12:26:39.872+0000] {dagbag.py:538} INFO - Filling up the DagBag from /home/airflow/.local/lib/python3.7/site-packages/airflow/example_dags/example_local_kubernetes_executor.py
[2024-02-19T12:26:39.884+0000] {processor.py:753} INFO - DAG(s) dict_keys(['example_local_kubernetes_executor']) retrieved from /home/airflow/.local/lib/python3.7/site-packages/airflow/example_dags/example_local_kubernetes_executor.py
[2024-02-19T12:26:39.899+0000] {logging_mixin.py:137} INFO - [2024-02-19T12:26:39.899+0000] {dag.py:2690} INFO - Sync 1 DAGs
[2024-02-19T12:26:39.912+0000] {logging_mixin.py:137} INFO - [2024-02-19T12:26:39.912+0000] {dag.py:3441} INFO - Setting next_dagrun for example_local_kubernetes_executor to None, run_after=None
[2024-02-19T12:26:39.924+0000] {processor.py:175} INFO - Processing /home/airflow/.local/lib/python3.7/site-packages/airflow/example_dags/example_local_kubernetes_executor.py took 0.055 seconds
[2024-02-19T12:27:10.261+0000] {processor.py:153} INFO - Started process (PID=688) to work on /home/airflow/.local/lib/python3.7/site-packages/airflow/example_dags/example_local_kubernetes_executor.py
[2024-02-19T12:27:10.261+0000] {processor.py:743} INFO - Processing file /home/airflow/.local/lib/python3.7/site-packages/airflow/example_dags/example_local_kubernetes_executor.py for tasks to queue
[2024-02-19T12:27:10.261+0000] {logging_mixin.py:137} INFO - [2024-02-19T12:27:10.261+0000] {dagbag.py:538} INFO - Filling up the DagBag from /home/airflow/.local/lib/python3.7/site-packages/airflow/example_dags/example_local_kubernetes_executor.py
[2024-02-19T12:27:10.274+0000] {processor.py:753} INFO - DAG(s) dict_keys(['example_local_kubernetes_executor']) retrieved from /home/airflow/.local/lib/python3.7/site-packages/airflow/example_dags/example_local_kubernetes_executor.py
[2024-02-19T12:27:10.288+0000] {logging_mixin.py:137} INFO - [2024-02-19T12:27:10.288+0000] {dag.py:2690} INFO - Sync 1 DAGs
[2024-02-19T12:27:10.302+0000] {logging_mixin.py:137} INFO - [2024-02-19T12:27:10.302+0000] {dag.py:3441} INFO - Setting next_dagrun for example_local_kubernetes_executor to None, run_after=None
[2024-02-19T12:27:10.313+0000] {processor.py:175} INFO - Processing /home/airflow/.local/lib/python3.7/site-packages/airflow/example_dags/example_local_kubernetes_executor.py took 0.054 seconds
[2024-02-19T12:27:40.693+0000] {processor.py:153} INFO - Started process (PID=823) to work on /home/airflow/.local/lib/python3.7/site-packages/airflow/example_dags/example_local_kubernetes_executor.py
[2024-02-19T12:27:40.693+0000] {processor.py:743} INFO - Processing file /home/airflow/.local/lib/python3.7/site-packages/airflow/example_dags/example_local_kubernetes_executor.py for tasks to queue
[2024-02-19T12:27:40.694+0000] {logging_mixin.py:137} INFO - [2024-02-19T12:27:40.694+0000] {dagbag.py:538} INFO - Filling up the DagBag from /home/airflow/.local/lib/python3.7/site-packages/airflow/example_dags/example_local_kubernetes_executor.py
[2024-02-19T12:27:40.707+0000] {processor.py:753} INFO - DAG(s) dict_keys(['example_local_kubernetes_executor']) retrieved from /home/airflow/.local/lib/python3.7/site-packages/airflow/example_dags/example_local_kubernetes_executor.py
[2024-02-19T12:27:40.721+0000] {logging_mixin.py:137} INFO - [2024-02-19T12:27:40.721+0000] {dag.py:2690} INFO - Sync 1 DAGs
[2024-02-19T12:27:40.734+0000] {logging_mixin.py:137} INFO - [2024-02-19T12:27:40.734+0000] {dag.py:3441} INFO - Setting next_dagrun for example_local_kubernetes_executor to None, run_after=None
[2024-02-19T12:27:40.744+0000] {processor.py:175} INFO - Processing /home/airflow/.local/lib/python3.7/site-packages/airflow/example_dags/example_local_kubernetes_executor.py took 0.053 seconds
[2024-02-19T12:28:11.079+0000] {processor.py:153} INFO - Started process (PID=959) to work on /home/airflow/.local/lib/python3.7/site-packages/airflow/example_dags/example_local_kubernetes_executor.py
[2024-02-19T12:28:11.079+0000] {processor.py:743} INFO - Processing file /home/airflow/.local/lib/python3.7/site-packages/airflow/example_dags/example_local_kubernetes_executor.py for tasks to queue
[2024-02-19T12:28:11.080+0000] {logging_mixin.py:137} INFO - [2024-02-19T12:28:11.080+0000] {dagbag.py:538} INFO - Filling up the DagBag from /home/airflow/.local/lib/python3.7/site-packages/airflow/example_dags/example_local_kubernetes_executor.py
[2024-02-19T12:28:11.093+0000] {processor.py:753} INFO - DAG(s) dict_keys(['example_local_kubernetes_executor']) retrieved from /home/airflow/.local/lib/python3.7/site-packages/airflow/example_dags/example_local_kubernetes_executor.py
[2024-02-19T12:28:11.107+0000] {logging_mixin.py:137} INFO - [2024-02-19T12:28:11.107+0000] {dag.py:2690} INFO - Sync 1 DAGs
[2024-02-19T12:28:11.121+0000] {logging_mixin.py:137} INFO - [2024-02-19T12:28:11.121+0000] {dag.py:3441} INFO - Setting next_dagrun for example_local_kubernetes_executor to None, run_after=None
[2024-02-19T12:28:11.132+0000] {processor.py:175} INFO - Processing /home/airflow/.local/lib/python3.7/site-packages/airflow/example_dags/example_local_kubernetes_executor.py took 0.055 seconds
[2024-02-19T12:28:41.557+0000] {processor.py:153} INFO - Started process (PID=1062) to work on /home/airflow/.local/lib/python3.7/site-packages/airflow/example_dags/example_local_kubernetes_executor.py
[2024-02-19T12:28:41.557+0000] {processor.py:743} INFO - Processing file /home/airflow/.local/lib/python3.7/site-packages/airflow/example_dags/example_local_kubernetes_executor.py for tasks to queue
[2024-02-19T12:28:41.558+0000] {logging_mixin.py:137} INFO - [2024-02-19T12:28:41.558+0000] {dagbag.py:538} INFO - Filling up the DagBag from /home/airflow/.local/lib/python3.7/site-packages/airflow/example_dags/example_local_kubernetes_executor.py
[2024-02-19T12:28:41.573+0000] {processor.py:753} INFO - DAG(s) dict_keys(['example_local_kubernetes_executor']) retrieved from /home/airflow/.local/lib/python3.7/site-packages/airflow/example_dags/example_local_kubernetes_executor.py
[2024-02-19T12:28:41.588+0000] {logging_mixin.py:137} INFO - [2024-02-19T12:28:41.588+0000] {dag.py:2690} INFO - Sync 1 DAGs
[2024-02-19T12:28:41.603+0000] {logging_mixin.py:137} INFO - [2024-02-19T12:28:41.603+0000] {dag.py:3441} INFO - Setting next_dagrun for example_local_kubernetes_executor to None, run_after=None
[2024-02-19T12:28:41.614+0000] {processor.py:175} INFO - Processing /home/airflow/.local/lib/python3.7/site-packages/airflow/example_dags/example_local_kubernetes_executor.py took 0.059 seconds
[2024-02-19T12:29:12.101+0000] {processor.py:153} INFO - Started process (PID=1197) to work on /home/airflow/.local/lib/python3.7/site-packages/airflow/example_dags/example_local_kubernetes_executor.py
[2024-02-19T12:29:12.105+0000] {processor.py:743} INFO - Processing file /home/airflow/.local/lib/python3.7/site-packages/airflow/example_dags/example_local_kubernetes_executor.py for tasks to queue
[2024-02-19T12:29:12.105+0000] {logging_mixin.py:137} INFO - [2024-02-19T12:29:12.105+0000] {dagbag.py:538} INFO - Filling up the DagBag from /home/airflow/.local/lib/python3.7/site-packages/airflow/example_dags/example_local_kubernetes_executor.py
[2024-02-19T12:29:12.126+0000] {processor.py:753} INFO - DAG(s) dict_keys(['example_local_kubernetes_executor']) retrieved from /home/airflow/.local/lib/python3.7/site-packages/airflow/example_dags/example_local_kubernetes_executor.py
[2024-02-19T12:29:12.144+0000] {logging_mixin.py:137} INFO - [2024-02-19T12:29:12.144+0000] {dag.py:2690} INFO - Sync 1 DAGs
[2024-02-19T12:29:12.160+0000] {logging_mixin.py:137} INFO - [2024-02-19T12:29:12.160+0000] {dag.py:3441} INFO - Setting next_dagrun for example_local_kubernetes_executor to None, run_after=None
[2024-02-19T12:29:12.172+0000] {processor.py:175} INFO - Processing /home/airflow/.local/lib/python3.7/site-packages/airflow/example_dags/example_local_kubernetes_executor.py took 0.079 seconds
[2024-02-19T12:29:42.693+0000] {processor.py:153} INFO - Started process (PID=1332) to work on /home/airflow/.local/lib/python3.7/site-packages/airflow/example_dags/example_local_kubernetes_executor.py
[2024-02-19T12:29:42.694+0000] {processor.py:743} INFO - Processing file /home/airflow/.local/lib/python3.7/site-packages/airflow/example_dags/example_local_kubernetes_executor.py for tasks to queue
[2024-02-19T12:29:42.694+0000] {logging_mixin.py:137} INFO - [2024-02-19T12:29:42.694+0000] {dagbag.py:538} INFO - Filling up the DagBag from /home/airflow/.local/lib/python3.7/site-packages/airflow/example_dags/example_local_kubernetes_executor.py
[2024-02-19T12:29:42.707+0000] {processor.py:753} INFO - DAG(s) dict_keys(['example_local_kubernetes_executor']) retrieved from /home/airflow/.local/lib/python3.7/site-packages/airflow/example_dags/example_local_kubernetes_executor.py
[2024-02-19T12:29:42.722+0000] {logging_mixin.py:137} INFO - [2024-02-19T12:29:42.722+0000] {dag.py:2690} INFO - Sync 1 DAGs
[2024-02-19T12:29:42.736+0000] {logging_mixin.py:137} INFO - [2024-02-19T12:29:42.736+0000] {dag.py:3441} INFO - Setting next_dagrun for example_local_kubernetes_executor to None, run_after=None
[2024-02-19T12:29:42.747+0000] {processor.py:175} INFO - Processing /home/airflow/.local/lib/python3.7/site-packages/airflow/example_dags/example_local_kubernetes_executor.py took 0.056 seconds
[2024-02-19T12:30:13.226+0000] {processor.py:153} INFO - Started process (PID=1435) to work on /home/airflow/.local/lib/python3.7/site-packages/airflow/example_dags/example_local_kubernetes_executor.py
[2024-02-19T12:30:13.226+0000] {processor.py:743} INFO - Processing file /home/airflow/.local/lib/python3.7/site-packages/airflow/example_dags/example_local_kubernetes_executor.py for tasks to queue
[2024-02-19T12:30:13.227+0000] {logging_mixin.py:137} INFO - [2024-02-19T12:30:13.227+0000] {dagbag.py:538} INFO - Filling up the DagBag from /home/airflow/.local/lib/python3.7/site-packages/airflow/example_dags/example_local_kubernetes_executor.py
[2024-02-19T12:30:13.239+0000] {processor.py:753} INFO - DAG(s) dict_keys(['example_local_kubernetes_executor']) retrieved from /home/airflow/.local/lib/python3.7/site-packages/airflow/example_dags/example_local_kubernetes_executor.py
[2024-02-19T12:30:13.254+0000] {logging_mixin.py:137} INFO - [2024-02-19T12:30:13.254+0000] {dag.py:2690} INFO - Sync 1 DAGs
[2024-02-19T12:30:13.267+0000] {logging_mixin.py:137} INFO - [2024-02-19T12:30:13.267+0000] {dag.py:3441} INFO - Setting next_dagrun for example_local_kubernetes_executor to None, run_after=None
[2024-02-19T12:30:13.278+0000] {processor.py:175} INFO - Processing /home/airflow/.local/lib/python3.7/site-packages/airflow/example_dags/example_local_kubernetes_executor.py took 0.054 seconds
[2024-02-19T12:30:43.675+0000] {processor.py:153} INFO - Started process (PID=1570) to work on /home/airflow/.local/lib/python3.7/site-packages/airflow/example_dags/example_local_kubernetes_executor.py
[2024-02-19T12:30:43.675+0000] {processor.py:743} INFO - Processing file /home/airflow/.local/lib/python3.7/site-packages/airflow/example_dags/example_local_kubernetes_executor.py for tasks to queue
[2024-02-19T12:30:43.676+0000] {logging_mixin.py:137} INFO - [2024-02-19T12:30:43.676+0000] {dagbag.py:538} INFO - Filling up the DagBag from /home/airflow/.local/lib/python3.7/site-packages/airflow/example_dags/example_local_kubernetes_executor.py
[2024-02-19T12:30:43.691+0000] {processor.py:753} INFO - DAG(s) dict_keys(['example_local_kubernetes_executor']) retrieved from /home/airflow/.local/lib/python3.7/site-packages/airflow/example_dags/example_local_kubernetes_executor.py
[2024-02-19T12:30:43.707+0000] {logging_mixin.py:137} INFO - [2024-02-19T12:30:43.707+0000] {dag.py:2690} INFO - Sync 1 DAGs
[2024-02-19T12:30:43.721+0000] {logging_mixin.py:137} INFO - [2024-02-19T12:30:43.721+0000] {dag.py:3441} INFO - Setting next_dagrun for example_local_kubernetes_executor to None, run_after=None
[2024-02-19T12:30:43.732+0000] {processor.py:175} INFO - Processing /home/airflow/.local/lib/python3.7/site-packages/airflow/example_dags/example_local_kubernetes_executor.py took 0.059 seconds
[2024-02-19T12:31:14.128+0000] {processor.py:153} INFO - Started process (PID=1705) to work on /home/airflow/.local/lib/python3.7/site-packages/airflow/example_dags/example_local_kubernetes_executor.py
[2024-02-19T12:31:14.129+0000] {processor.py:743} INFO - Processing file /home/airflow/.local/lib/python3.7/site-packages/airflow/example_dags/example_local_kubernetes_executor.py for tasks to queue
[2024-02-19T12:31:14.129+0000] {logging_mixin.py:137} INFO - [2024-02-19T12:31:14.129+0000] {dagbag.py:538} INFO - Filling up the DagBag from /home/airflow/.local/lib/python3.7/site-packages/airflow/example_dags/example_local_kubernetes_executor.py
[2024-02-19T12:31:14.143+0000] {processor.py:753} INFO - DAG(s) dict_keys(['example_local_kubernetes_executor']) retrieved from /home/airflow/.local/lib/python3.7/site-packages/airflow/example_dags/example_local_kubernetes_executor.py
[2024-02-19T12:31:14.157+0000] {logging_mixin.py:137} INFO - [2024-02-19T12:31:14.157+0000] {dag.py:2690} INFO - Sync 1 DAGs
[2024-02-19T12:31:14.171+0000] {logging_mixin.py:137} INFO - [2024-02-19T12:31:14.171+0000] {dag.py:3441} INFO - Setting next_dagrun for example_local_kubernetes_executor to None, run_after=None
[2024-02-19T12:31:14.181+0000] {processor.py:175} INFO - Processing /home/airflow/.local/lib/python3.7/site-packages/airflow/example_dags/example_local_kubernetes_executor.py took 0.054 seconds
[2024-02-19T12:31:44.562+0000] {processor.py:153} INFO - Started process (PID=1808) to work on /home/airflow/.local/lib/python3.7/site-packages/airflow/example_dags/example_local_kubernetes_executor.py
[2024-02-19T12:31:44.562+0000] {processor.py:743} INFO - Processing file /home/airflow/.local/lib/python3.7/site-packages/airflow/example_dags/example_local_kubernetes_executor.py for tasks to queue
[2024-02-19T12:31:44.563+0000] {logging_mixin.py:137} INFO - [2024-02-19T12:31:44.563+0000] {dagbag.py:538} INFO - Filling up the DagBag from /home/airflow/.local/lib/python3.7/site-packages/airflow/example_dags/example_local_kubernetes_executor.py
[2024-02-19T12:31:44.576+0000] {processor.py:753} INFO - DAG(s) dict_keys(['example_local_kubernetes_executor']) retrieved from /home/airflow/.local/lib/python3.7/site-packages/airflow/example_dags/example_local_kubernetes_executor.py
[2024-02-19T12:31:44.591+0000] {logging_mixin.py:137} INFO - [2024-02-19T12:31:44.591+0000] {dag.py:2690} INFO - Sync 1 DAGs
[2024-02-19T12:31:44.605+0000] {logging_mixin.py:137} INFO - [2024-02-19T12:31:44.605+0000] {dag.py:3441} INFO - Setting next_dagrun for example_local_kubernetes_executor to None, run_after=None
[2024-02-19T12:31:44.615+0000] {processor.py:175} INFO - Processing /home/airflow/.local/lib/python3.7/site-packages/airflow/example_dags/example_local_kubernetes_executor.py took 0.055 seconds
[2024-02-19T12:32:15.034+0000] {processor.py:153} INFO - Started process (PID=1943) to work on /home/airflow/.local/lib/python3.7/site-packages/airflow/example_dags/example_local_kubernetes_executor.py
[2024-02-19T12:32:15.034+0000] {processor.py:743} INFO - Processing file /home/airflow/.local/lib/python3.7/site-packages/airflow/example_dags/example_local_kubernetes_executor.py for tasks to queue
[2024-02-19T12:32:15.035+0000] {logging_mixin.py:137} INFO - [2024-02-19T12:32:15.034+0000] {dagbag.py:538} INFO - Filling up the DagBag from /home/airflow/.local/lib/python3.7/site-packages/airflow/example_dags/example_local_kubernetes_executor.py
[2024-02-19T12:32:15.048+0000] {processor.py:753} INFO - DAG(s) dict_keys(['example_local_kubernetes_executor']) retrieved from /home/airflow/.local/lib/python3.7/site-packages/airflow/example_dags/example_local_kubernetes_executor.py
[2024-02-19T12:32:15.063+0000] {logging_mixin.py:137} INFO - [2024-02-19T12:32:15.063+0000] {dag.py:2690} INFO - Sync 1 DAGs
[2024-02-19T12:32:15.077+0000] {logging_mixin.py:137} INFO - [2024-02-19T12:32:15.076+0000] {dag.py:3441} INFO - Setting next_dagrun for example_local_kubernetes_executor to None, run_after=None
[2024-02-19T12:32:15.087+0000] {processor.py:175} INFO - Processing /home/airflow/.local/lib/python3.7/site-packages/airflow/example_dags/example_local_kubernetes_executor.py took 0.055 seconds
[2024-02-19T12:32:45.611+0000] {processor.py:153} INFO - Started process (PID=2078) to work on /home/airflow/.local/lib/python3.7/site-packages/airflow/example_dags/example_local_kubernetes_executor.py
[2024-02-19T12:32:45.611+0000] {processor.py:743} INFO - Processing file /home/airflow/.local/lib/python3.7/site-packages/airflow/example_dags/example_local_kubernetes_executor.py for tasks to queue
[2024-02-19T12:32:45.612+0000] {logging_mixin.py:137} INFO - [2024-02-19T12:32:45.612+0000] {dagbag.py:538} INFO - Filling up the DagBag from /home/airflow/.local/lib/python3.7/site-packages/airflow/example_dags/example_local_kubernetes_executor.py
[2024-02-19T12:32:45.625+0000] {processor.py:753} INFO - DAG(s) dict_keys(['example_local_kubernetes_executor']) retrieved from /home/airflow/.local/lib/python3.7/site-packages/airflow/example_dags/example_local_kubernetes_executor.py
[2024-02-19T12:32:45.640+0000] {logging_mixin.py:137} INFO - [2024-02-19T12:32:45.640+0000] {dag.py:2690} INFO - Sync 1 DAGs
[2024-02-19T12:32:45.656+0000] {logging_mixin.py:137} INFO - [2024-02-19T12:32:45.656+0000] {dag.py:3441} INFO - Setting next_dagrun for example_local_kubernetes_executor to None, run_after=None
[2024-02-19T12:32:45.666+0000] {processor.py:175} INFO - Processing /home/airflow/.local/lib/python3.7/site-packages/airflow/example_dags/example_local_kubernetes_executor.py took 0.058 seconds
[2024-02-19T12:33:16.099+0000] {processor.py:153} INFO - Started process (PID=2181) to work on /home/airflow/.local/lib/python3.7/site-packages/airflow/example_dags/example_local_kubernetes_executor.py
[2024-02-19T12:33:16.099+0000] {processor.py:743} INFO - Processing file /home/airflow/.local/lib/python3.7/site-packages/airflow/example_dags/example_local_kubernetes_executor.py for tasks to queue
[2024-02-19T12:33:16.100+0000] {logging_mixin.py:137} INFO - [2024-02-19T12:33:16.100+0000] {dagbag.py:538} INFO - Filling up the DagBag from /home/airflow/.local/lib/python3.7/site-packages/airflow/example_dags/example_local_kubernetes_executor.py
[2024-02-19T12:33:16.113+0000] {processor.py:753} INFO - DAG(s) dict_keys(['example_local_kubernetes_executor']) retrieved from /home/airflow/.local/lib/python3.7/site-packages/airflow/example_dags/example_local_kubernetes_executor.py
[2024-02-19T12:33:16.128+0000] {logging_mixin.py:137} INFO - [2024-02-19T12:33:16.128+0000] {dag.py:2690} INFO - Sync 1 DAGs
[2024-02-19T12:33:16.141+0000] {logging_mixin.py:137} INFO - [2024-02-19T12:33:16.141+0000] {dag.py:3441} INFO - Setting next_dagrun for example_local_kubernetes_executor to None, run_after=None
[2024-02-19T12:33:16.152+0000] {processor.py:175} INFO - Processing /home/airflow/.local/lib/python3.7/site-packages/airflow/example_dags/example_local_kubernetes_executor.py took 0.055 seconds
[2024-02-19T12:33:46.546+0000] {processor.py:153} INFO - Started process (PID=2316) to work on /home/airflow/.local/lib/python3.7/site-packages/airflow/example_dags/example_local_kubernetes_executor.py
[2024-02-19T12:33:46.547+0000] {processor.py:743} INFO - Processing file /home/airflow/.local/lib/python3.7/site-packages/airflow/example_dags/example_local_kubernetes_executor.py for tasks to queue
[2024-02-19T12:33:46.547+0000] {logging_mixin.py:137} INFO - [2024-02-19T12:33:46.547+0000] {dagbag.py:538} INFO - Filling up the DagBag from /home/airflow/.local/lib/python3.7/site-packages/airflow/example_dags/example_local_kubernetes_executor.py
[2024-02-19T12:33:46.560+0000] {processor.py:753} INFO - DAG(s) dict_keys(['example_local_kubernetes_executor']) retrieved from /home/airflow/.local/lib/python3.7/site-packages/airflow/example_dags/example_local_kubernetes_executor.py
[2024-02-19T12:33:46.575+0000] {logging_mixin.py:137} INFO - [2024-02-19T12:33:46.575+0000] {dag.py:2690} INFO - Sync 1 DAGs
[2024-02-19T12:33:46.589+0000] {logging_mixin.py:137} INFO - [2024-02-19T12:33:46.589+0000] {dag.py:3441} INFO - Setting next_dagrun for example_local_kubernetes_executor to None, run_after=None
[2024-02-19T12:33:46.600+0000] {processor.py:175} INFO - Processing /home/airflow/.local/lib/python3.7/site-packages/airflow/example_dags/example_local_kubernetes_executor.py took 0.055 seconds
[2024-02-19T12:34:16.968+0000] {processor.py:153} INFO - Started process (PID=2451) to work on /home/airflow/.local/lib/python3.7/site-packages/airflow/example_dags/example_local_kubernetes_executor.py
[2024-02-19T12:34:16.968+0000] {processor.py:743} INFO - Processing file /home/airflow/.local/lib/python3.7/site-packages/airflow/example_dags/example_local_kubernetes_executor.py for tasks to queue
[2024-02-19T12:34:16.969+0000] {logging_mixin.py:137} INFO - [2024-02-19T12:34:16.969+0000] {dagbag.py:538} INFO - Filling up the DagBag from /home/airflow/.local/lib/python3.7/site-packages/airflow/example_dags/example_local_kubernetes_executor.py
[2024-02-19T12:34:16.981+0000] {processor.py:753} INFO - DAG(s) dict_keys(['example_local_kubernetes_executor']) retrieved from /home/airflow/.local/lib/python3.7/site-packages/airflow/example_dags/example_local_kubernetes_executor.py
[2024-02-19T12:34:16.996+0000] {logging_mixin.py:137} INFO - [2024-02-19T12:34:16.995+0000] {dag.py:2690} INFO - Sync 1 DAGs
[2024-02-19T12:34:17.010+0000] {logging_mixin.py:137} INFO - [2024-02-19T12:34:17.010+0000] {dag.py:3441} INFO - Setting next_dagrun for example_local_kubernetes_executor to None, run_after=None
[2024-02-19T12:34:17.020+0000] {processor.py:175} INFO - Processing /home/airflow/.local/lib/python3.7/site-packages/airflow/example_dags/example_local_kubernetes_executor.py took 0.054 seconds
[2024-02-19T12:34:47.527+0000] {processor.py:153} INFO - Started process (PID=2554) to work on /home/airflow/.local/lib/python3.7/site-packages/airflow/example_dags/example_local_kubernetes_executor.py
[2024-02-19T12:34:47.528+0000] {processor.py:743} INFO - Processing file /home/airflow/.local/lib/python3.7/site-packages/airflow/example_dags/example_local_kubernetes_executor.py for tasks to queue
[2024-02-19T12:34:47.528+0000] {logging_mixin.py:137} INFO - [2024-02-19T12:34:47.528+0000] {dagbag.py:538} INFO - Filling up the DagBag from /home/airflow/.local/lib/python3.7/site-packages/airflow/example_dags/example_local_kubernetes_executor.py
[2024-02-19T12:34:47.541+0000] {processor.py:753} INFO - DAG(s) dict_keys(['example_local_kubernetes_executor']) retrieved from /home/airflow/.local/lib/python3.7/site-packages/airflow/example_dags/example_local_kubernetes_executor.py
[2024-02-19T12:34:47.556+0000] {logging_mixin.py:137} INFO - [2024-02-19T12:34:47.556+0000] {dag.py:2690} INFO - Sync 1 DAGs
[2024-02-19T12:34:47.569+0000] {logging_mixin.py:137} INFO - [2024-02-19T12:34:47.569+0000] {dag.py:3441} INFO - Setting next_dagrun for example_local_kubernetes_executor to None, run_after=None
[2024-02-19T12:34:47.580+0000] {processor.py:175} INFO - Processing /home/airflow/.local/lib/python3.7/site-packages/airflow/example_dags/example_local_kubernetes_executor.py took 0.054 seconds
[2024-02-19T12:35:18.023+0000] {processor.py:153} INFO - Started process (PID=2689) to work on /home/airflow/.local/lib/python3.7/site-packages/airflow/example_dags/example_local_kubernetes_executor.py
[2024-02-19T12:35:18.024+0000] {processor.py:743} INFO - Processing file /home/airflow/.local/lib/python3.7/site-packages/airflow/example_dags/example_local_kubernetes_executor.py for tasks to queue
[2024-02-19T12:35:18.024+0000] {logging_mixin.py:137} INFO - [2024-02-19T12:35:18.024+0000] {dagbag.py:538} INFO - Filling up the DagBag from /home/airflow/.local/lib/python3.7/site-packages/airflow/example_dags/example_local_kubernetes_executor.py
[2024-02-19T12:35:18.037+0000] {processor.py:753} INFO - DAG(s) dict_keys(['example_local_kubernetes_executor']) retrieved from /home/airflow/.local/lib/python3.7/site-packages/airflow/example_dags/example_local_kubernetes_executor.py
[2024-02-19T12:35:18.053+0000] {logging_mixin.py:137} INFO - [2024-02-19T12:35:18.053+0000] {dag.py:2690} INFO - Sync 1 DAGs
[2024-02-19T12:35:18.067+0000] {logging_mixin.py:137} INFO - [2024-02-19T12:35:18.066+0000] {dag.py:3441} INFO - Setting next_dagrun for example_local_kubernetes_executor to None, run_after=None
[2024-02-19T12:35:18.077+0000] {processor.py:175} INFO - Processing /home/airflow/.local/lib/python3.7/site-packages/airflow/example_dags/example_local_kubernetes_executor.py took 0.056 seconds
[2024-02-19T12:35:48.587+0000] {processor.py:153} INFO - Started process (PID=2824) to work on /home/airflow/.local/lib/python3.7/site-packages/airflow/example_dags/example_local_kubernetes_executor.py
[2024-02-19T12:35:48.588+0000] {processor.py:743} INFO - Processing file /home/airflow/.local/lib/python3.7/site-packages/airflow/example_dags/example_local_kubernetes_executor.py for tasks to queue
[2024-02-19T12:35:48.588+0000] {logging_mixin.py:137} INFO - [2024-02-19T12:35:48.588+0000] {dagbag.py:538} INFO - Filling up the DagBag from /home/airflow/.local/lib/python3.7/site-packages/airflow/example_dags/example_local_kubernetes_executor.py
[2024-02-19T12:35:48.600+0000] {processor.py:753} INFO - DAG(s) dict_keys(['example_local_kubernetes_executor']) retrieved from /home/airflow/.local/lib/python3.7/site-packages/airflow/example_dags/example_local_kubernetes_executor.py
[2024-02-19T12:35:48.615+0000] {logging_mixin.py:137} INFO - [2024-02-19T12:35:48.615+0000] {dag.py:2690} INFO - Sync 1 DAGs
[2024-02-19T12:35:48.629+0000] {logging_mixin.py:137} INFO - [2024-02-19T12:35:48.628+0000] {dag.py:3441} INFO - Setting next_dagrun for example_local_kubernetes_executor to None, run_after=None
[2024-02-19T12:35:48.639+0000] {processor.py:175} INFO - Processing /home/airflow/.local/lib/python3.7/site-packages/airflow/example_dags/example_local_kubernetes_executor.py took 0.054 seconds
[2024-02-19T12:36:19.180+0000] {processor.py:153} INFO - Started process (PID=2927) to work on /home/airflow/.local/lib/python3.7/site-packages/airflow/example_dags/example_local_kubernetes_executor.py
[2024-02-19T12:36:19.181+0000] {processor.py:743} INFO - Processing file /home/airflow/.local/lib/python3.7/site-packages/airflow/example_dags/example_local_kubernetes_executor.py for tasks to queue
[2024-02-19T12:36:19.181+0000] {logging_mixin.py:137} INFO - [2024-02-19T12:36:19.181+0000] {dagbag.py:538} INFO - Filling up the DagBag from /home/airflow/.local/lib/python3.7/site-packages/airflow/example_dags/example_local_kubernetes_executor.py
[2024-02-19T12:36:19.195+0000] {processor.py:753} INFO - DAG(s) dict_keys(['example_local_kubernetes_executor']) retrieved from /home/airflow/.local/lib/python3.7/site-packages/airflow/example_dags/example_local_kubernetes_executor.py
[2024-02-19T12:36:19.212+0000] {logging_mixin.py:137} INFO - [2024-02-19T12:36:19.212+0000] {dag.py:2690} INFO - Sync 1 DAGs
[2024-02-19T12:36:19.227+0000] {logging_mixin.py:137} INFO - [2024-02-19T12:36:19.226+0000] {dag.py:3441} INFO - Setting next_dagrun for example_local_kubernetes_executor to None, run_after=None
[2024-02-19T12:36:19.237+0000] {processor.py:175} INFO - Processing /home/airflow/.local/lib/python3.7/site-packages/airflow/example_dags/example_local_kubernetes_executor.py took 0.059 seconds
[2024-02-19T12:36:49.667+0000] {processor.py:153} INFO - Started process (PID=3062) to work on /home/airflow/.local/lib/python3.7/site-packages/airflow/example_dags/example_local_kubernetes_executor.py
[2024-02-19T12:36:49.667+0000] {processor.py:743} INFO - Processing file /home/airflow/.local/lib/python3.7/site-packages/airflow/example_dags/example_local_kubernetes_executor.py for tasks to queue
[2024-02-19T12:36:49.668+0000] {logging_mixin.py:137} INFO - [2024-02-19T12:36:49.668+0000] {dagbag.py:538} INFO - Filling up the DagBag from /home/airflow/.local/lib/python3.7/site-packages/airflow/example_dags/example_local_kubernetes_executor.py
[2024-02-19T12:36:49.681+0000] {processor.py:753} INFO - DAG(s) dict_keys(['example_local_kubernetes_executor']) retrieved from /home/airflow/.local/lib/python3.7/site-packages/airflow/example_dags/example_local_kubernetes_executor.py
[2024-02-19T12:36:49.697+0000] {logging_mixin.py:137} INFO - [2024-02-19T12:36:49.697+0000] {dag.py:2690} INFO - Sync 1 DAGs
[2024-02-19T12:36:49.712+0000] {logging_mixin.py:137} INFO - [2024-02-19T12:36:49.712+0000] {dag.py:3441} INFO - Setting next_dagrun for example_local_kubernetes_executor to None, run_after=None
[2024-02-19T12:36:49.723+0000] {processor.py:175} INFO - Processing /home/airflow/.local/lib/python3.7/site-packages/airflow/example_dags/example_local_kubernetes_executor.py took 0.058 seconds
[2024-02-19T12:37:20.131+0000] {processor.py:153} INFO - Started process (PID=3197) to work on /home/airflow/.local/lib/python3.7/site-packages/airflow/example_dags/example_local_kubernetes_executor.py
[2024-02-19T12:37:20.132+0000] {processor.py:743} INFO - Processing file /home/airflow/.local/lib/python3.7/site-packages/airflow/example_dags/example_local_kubernetes_executor.py for tasks to queue
[2024-02-19T12:37:20.132+0000] {logging_mixin.py:137} INFO - [2024-02-19T12:37:20.132+0000] {dagbag.py:538} INFO - Filling up the DagBag from /home/airflow/.local/lib/python3.7/site-packages/airflow/example_dags/example_local_kubernetes_executor.py
[2024-02-19T12:37:20.145+0000] {processor.py:753} INFO - DAG(s) dict_keys(['example_local_kubernetes_executor']) retrieved from /home/airflow/.local/lib/python3.7/site-packages/airflow/example_dags/example_local_kubernetes_executor.py
[2024-02-19T12:37:20.160+0000] {logging_mixin.py:137} INFO - [2024-02-19T12:37:20.160+0000] {dag.py:2690} INFO - Sync 1 DAGs
[2024-02-19T12:37:20.174+0000] {logging_mixin.py:137} INFO - [2024-02-19T12:37:20.174+0000] {dag.py:3441} INFO - Setting next_dagrun for example_local_kubernetes_executor to None, run_after=None
[2024-02-19T12:37:20.185+0000] {processor.py:175} INFO - Processing /home/airflow/.local/lib/python3.7/site-packages/airflow/example_dags/example_local_kubernetes_executor.py took 0.056 seconds
[2024-02-19T12:37:50.589+0000] {processor.py:153} INFO - Started process (PID=3300) to work on /home/airflow/.local/lib/python3.7/site-packages/airflow/example_dags/example_local_kubernetes_executor.py
[2024-02-19T12:37:50.589+0000] {processor.py:743} INFO - Processing file /home/airflow/.local/lib/python3.7/site-packages/airflow/example_dags/example_local_kubernetes_executor.py for tasks to queue
[2024-02-19T12:37:50.590+0000] {logging_mixin.py:137} INFO - [2024-02-19T12:37:50.590+0000] {dagbag.py:538} INFO - Filling up the DagBag from /home/airflow/.local/lib/python3.7/site-packages/airflow/example_dags/example_local_kubernetes_executor.py
[2024-02-19T12:37:50.603+0000] {processor.py:753} INFO - DAG(s) dict_keys(['example_local_kubernetes_executor']) retrieved from /home/airflow/.local/lib/python3.7/site-packages/airflow/example_dags/example_local_kubernetes_executor.py
[2024-02-19T12:37:50.618+0000] {logging_mixin.py:137} INFO - [2024-02-19T12:37:50.618+0000] {dag.py:2690} INFO - Sync 1 DAGs
[2024-02-19T12:37:50.632+0000] {logging_mixin.py:137} INFO - [2024-02-19T12:37:50.632+0000] {dag.py:3441} INFO - Setting next_dagrun for example_local_kubernetes_executor to None, run_after=None
[2024-02-19T12:37:50.643+0000] {processor.py:175} INFO - Processing /home/airflow/.local/lib/python3.7/site-packages/airflow/example_dags/example_local_kubernetes_executor.py took 0.056 seconds
[2024-02-19T12:38:21.164+0000] {processor.py:153} INFO - Started process (PID=3435) to work on /home/airflow/.local/lib/python3.7/site-packages/airflow/example_dags/example_local_kubernetes_executor.py
[2024-02-19T12:38:21.164+0000] {processor.py:743} INFO - Processing file /home/airflow/.local/lib/python3.7/site-packages/airflow/example_dags/example_local_kubernetes_executor.py for tasks to queue
[2024-02-19T12:38:21.164+0000] {logging_mixin.py:137} INFO - [2024-02-19T12:38:21.164+0000] {dagbag.py:538} INFO - Filling up the DagBag from /home/airflow/.local/lib/python3.7/site-packages/airflow/example_dags/example_local_kubernetes_executor.py
[2024-02-19T12:38:21.177+0000] {processor.py:753} INFO - DAG(s) dict_keys(['example_local_kubernetes_executor']) retrieved from /home/airflow/.local/lib/python3.7/site-packages/airflow/example_dags/example_local_kubernetes_executor.py
[2024-02-19T12:38:21.192+0000] {logging_mixin.py:137} INFO - [2024-02-19T12:38:21.192+0000] {dag.py:2690} INFO - Sync 1 DAGs
[2024-02-19T12:38:21.206+0000] {logging_mixin.py:137} INFO - [2024-02-19T12:38:21.206+0000] {dag.py:3441} INFO - Setting next_dagrun for example_local_kubernetes_executor to None, run_after=None
[2024-02-19T12:38:21.217+0000] {processor.py:175} INFO - Processing /home/airflow/.local/lib/python3.7/site-packages/airflow/example_dags/example_local_kubernetes_executor.py took 0.055 seconds
[2024-02-19T12:38:51.689+0000] {processor.py:153} INFO - Started process (PID=3570) to work on /home/airflow/.local/lib/python3.7/site-packages/airflow/example_dags/example_local_kubernetes_executor.py
[2024-02-19T12:38:51.690+0000] {processor.py:743} INFO - Processing file /home/airflow/.local/lib/python3.7/site-packages/airflow/example_dags/example_local_kubernetes_executor.py for tasks to queue
[2024-02-19T12:38:51.690+0000] {logging_mixin.py:137} INFO - [2024-02-19T12:38:51.690+0000] {dagbag.py:538} INFO - Filling up the DagBag from /home/airflow/.local/lib/python3.7/site-packages/airflow/example_dags/example_local_kubernetes_executor.py
[2024-02-19T12:38:51.703+0000] {processor.py:753} INFO - DAG(s) dict_keys(['example_local_kubernetes_executor']) retrieved from /home/airflow/.local/lib/python3.7/site-packages/airflow/example_dags/example_local_kubernetes_executor.py
[2024-02-19T12:38:51.719+0000] {logging_mixin.py:137} INFO - [2024-02-19T12:38:51.719+0000] {dag.py:2690} INFO - Sync 1 DAGs
[2024-02-19T12:38:51.733+0000] {logging_mixin.py:137} INFO - [2024-02-19T12:38:51.733+0000] {dag.py:3441} INFO - Setting next_dagrun for example_local_kubernetes_executor to None, run_after=None
[2024-02-19T12:38:51.744+0000] {processor.py:175} INFO - Processing /home/airflow/.local/lib/python3.7/site-packages/airflow/example_dags/example_local_kubernetes_executor.py took 0.056 seconds
[2024-02-19T12:39:22.243+0000] {processor.py:153} INFO - Started process (PID=3673) to work on /home/airflow/.local/lib/python3.7/site-packages/airflow/example_dags/example_local_kubernetes_executor.py
[2024-02-19T12:39:22.244+0000] {processor.py:743} INFO - Processing file /home/airflow/.local/lib/python3.7/site-packages/airflow/example_dags/example_local_kubernetes_executor.py for tasks to queue
[2024-02-19T12:39:22.244+0000] {logging_mixin.py:137} INFO - [2024-02-19T12:39:22.244+0000] {dagbag.py:538} INFO - Filling up the DagBag from /home/airflow/.local/lib/python3.7/site-packages/airflow/example_dags/example_local_kubernetes_executor.py
[2024-02-19T12:39:22.256+0000] {processor.py:753} INFO - DAG(s) dict_keys(['example_local_kubernetes_executor']) retrieved from /home/airflow/.local/lib/python3.7/site-packages/airflow/example_dags/example_local_kubernetes_executor.py
[2024-02-19T12:39:22.271+0000] {logging_mixin.py:137} INFO - [2024-02-19T12:39:22.271+0000] {dag.py:2690} INFO - Sync 1 DAGs
[2024-02-19T12:39:22.284+0000] {logging_mixin.py:137} INFO - [2024-02-19T12:39:22.284+0000] {dag.py:3441} INFO - Setting next_dagrun for example_local_kubernetes_executor to None, run_after=None
[2024-02-19T12:39:22.296+0000] {processor.py:175} INFO - Processing /home/airflow/.local/lib/python3.7/site-packages/airflow/example_dags/example_local_kubernetes_executor.py took 0.055 seconds
[2024-02-19T12:39:52.783+0000] {processor.py:153} INFO - Started process (PID=3808) to work on /home/airflow/.local/lib/python3.7/site-packages/airflow/example_dags/example_local_kubernetes_executor.py
[2024-02-19T12:39:52.784+0000] {processor.py:743} INFO - Processing file /home/airflow/.local/lib/python3.7/site-packages/airflow/example_dags/example_local_kubernetes_executor.py for tasks to queue
[2024-02-19T12:39:52.784+0000] {logging_mixin.py:137} INFO - [2024-02-19T12:39:52.784+0000] {dagbag.py:538} INFO - Filling up the DagBag from /home/airflow/.local/lib/python3.7/site-packages/airflow/example_dags/example_local_kubernetes_executor.py
[2024-02-19T12:39:52.797+0000] {processor.py:753} INFO - DAG(s) dict_keys(['example_local_kubernetes_executor']) retrieved from /home/airflow/.local/lib/python3.7/site-packages/airflow/example_dags/example_local_kubernetes_executor.py
[2024-02-19T12:39:52.812+0000] {logging_mixin.py:137} INFO - [2024-02-19T12:39:52.812+0000] {dag.py:2690} INFO - Sync 1 DAGs
[2024-02-19T12:39:52.827+0000] {logging_mixin.py:137} INFO - [2024-02-19T12:39:52.827+0000] {dag.py:3441} INFO - Setting next_dagrun for example_local_kubernetes_executor to None, run_after=None
[2024-02-19T12:39:52.839+0000] {processor.py:175} INFO - Processing /home/airflow/.local/lib/python3.7/site-packages/airflow/example_dags/example_local_kubernetes_executor.py took 0.058 seconds
[2024-02-19T12:40:23.285+0000] {processor.py:153} INFO - Started process (PID=3943) to work on /home/airflow/.local/lib/python3.7/site-packages/airflow/example_dags/example_local_kubernetes_executor.py
[2024-02-19T12:40:23.286+0000] {processor.py:743} INFO - Processing file /home/airflow/.local/lib/python3.7/site-packages/airflow/example_dags/example_local_kubernetes_executor.py for tasks to queue
[2024-02-19T12:40:23.286+0000] {logging_mixin.py:137} INFO - [2024-02-19T12:40:23.286+0000] {dagbag.py:538} INFO - Filling up the DagBag from /home/airflow/.local/lib/python3.7/site-packages/airflow/example_dags/example_local_kubernetes_executor.py
[2024-02-19T12:40:23.300+0000] {processor.py:753} INFO - DAG(s) dict_keys(['example_local_kubernetes_executor']) retrieved from /home/airflow/.local/lib/python3.7/site-packages/airflow/example_dags/example_local_kubernetes_executor.py
[2024-02-19T12:40:23.317+0000] {logging_mixin.py:137} INFO - [2024-02-19T12:40:23.317+0000] {dag.py:2690} INFO - Sync 1 DAGs
[2024-02-19T12:40:23.333+0000] {logging_mixin.py:137} INFO - [2024-02-19T12:40:23.332+0000] {dag.py:3441} INFO - Setting next_dagrun for example_local_kubernetes_executor to None, run_after=None
[2024-02-19T12:40:23.344+0000] {processor.py:175} INFO - Processing /home/airflow/.local/lib/python3.7/site-packages/airflow/example_dags/example_local_kubernetes_executor.py took 0.060 seconds
[2024-02-19T12:40:53.747+0000] {processor.py:153} INFO - Started process (PID=4047) to work on /home/airflow/.local/lib/python3.7/site-packages/airflow/example_dags/example_local_kubernetes_executor.py
[2024-02-19T12:40:53.748+0000] {processor.py:743} INFO - Processing file /home/airflow/.local/lib/python3.7/site-packages/airflow/example_dags/example_local_kubernetes_executor.py for tasks to queue
[2024-02-19T12:40:53.748+0000] {logging_mixin.py:137} INFO - [2024-02-19T12:40:53.748+0000] {dagbag.py:538} INFO - Filling up the DagBag from /home/airflow/.local/lib/python3.7/site-packages/airflow/example_dags/example_local_kubernetes_executor.py
[2024-02-19T12:40:53.762+0000] {processor.py:753} INFO - DAG(s) dict_keys(['example_local_kubernetes_executor']) retrieved from /home/airflow/.local/lib/python3.7/site-packages/airflow/example_dags/example_local_kubernetes_executor.py
[2024-02-19T12:40:53.777+0000] {logging_mixin.py:137} INFO - [2024-02-19T12:40:53.777+0000] {dag.py:2690} INFO - Sync 1 DAGs
[2024-02-19T12:40:53.792+0000] {logging_mixin.py:137} INFO - [2024-02-19T12:40:53.792+0000] {dag.py:3441} INFO - Setting next_dagrun for example_local_kubernetes_executor to None, run_after=None
[2024-02-19T12:40:53.802+0000] {processor.py:175} INFO - Processing /home/airflow/.local/lib/python3.7/site-packages/airflow/example_dags/example_local_kubernetes_executor.py took 0.057 seconds
[2024-02-19T12:41:24.154+0000] {processor.py:153} INFO - Started process (PID=4182) to work on /home/airflow/.local/lib/python3.7/site-packages/airflow/example_dags/example_local_kubernetes_executor.py
[2024-02-19T12:41:24.155+0000] {processor.py:743} INFO - Processing file /home/airflow/.local/lib/python3.7/site-packages/airflow/example_dags/example_local_kubernetes_executor.py for tasks to queue
[2024-02-19T12:41:24.155+0000] {logging_mixin.py:137} INFO - [2024-02-19T12:41:24.155+0000] {dagbag.py:538} INFO - Filling up the DagBag from /home/airflow/.local/lib/python3.7/site-packages/airflow/example_dags/example_local_kubernetes_executor.py
[2024-02-19T12:41:24.168+0000] {processor.py:753} INFO - DAG(s) dict_keys(['example_local_kubernetes_executor']) retrieved from /home/airflow/.local/lib/python3.7/site-packages/airflow/example_dags/example_local_kubernetes_executor.py
[2024-02-19T12:41:24.183+0000] {logging_mixin.py:137} INFO - [2024-02-19T12:41:24.182+0000] {dag.py:2690} INFO - Sync 1 DAGs
[2024-02-19T12:41:24.197+0000] {logging_mixin.py:137} INFO - [2024-02-19T12:41:24.197+0000] {dag.py:3441} INFO - Setting next_dagrun for example_local_kubernetes_executor to None, run_after=None
[2024-02-19T12:41:24.211+0000] {processor.py:175} INFO - Processing /home/airflow/.local/lib/python3.7/site-packages/airflow/example_dags/example_local_kubernetes_executor.py took 0.059 seconds
[2024-02-19T12:41:54.926+0000] {processor.py:153} INFO - Started process (PID=4317) to work on /home/airflow/.local/lib/python3.7/site-packages/airflow/example_dags/example_local_kubernetes_executor.py
[2024-02-19T12:41:54.926+0000] {processor.py:743} INFO - Processing file /home/airflow/.local/lib/python3.7/site-packages/airflow/example_dags/example_local_kubernetes_executor.py for tasks to queue
[2024-02-19T12:41:54.927+0000] {logging_mixin.py:137} INFO - [2024-02-19T12:41:54.927+0000] {dagbag.py:538} INFO - Filling up the DagBag from /home/airflow/.local/lib/python3.7/site-packages/airflow/example_dags/example_local_kubernetes_executor.py
[2024-02-19T12:41:54.942+0000] {processor.py:753} INFO - DAG(s) dict_keys(['example_local_kubernetes_executor']) retrieved from /home/airflow/.local/lib/python3.7/site-packages/airflow/example_dags/example_local_kubernetes_executor.py
[2024-02-19T12:41:54.959+0000] {logging_mixin.py:137} INFO - [2024-02-19T12:41:54.958+0000] {dag.py:2690} INFO - Sync 1 DAGs
[2024-02-19T12:41:54.974+0000] {logging_mixin.py:137} INFO - [2024-02-19T12:41:54.974+0000] {dag.py:3441} INFO - Setting next_dagrun for example_local_kubernetes_executor to None, run_after=None
[2024-02-19T12:41:54.985+0000] {processor.py:175} INFO - Processing /home/airflow/.local/lib/python3.7/site-packages/airflow/example_dags/example_local_kubernetes_executor.py took 0.061 seconds
[2024-02-19T12:42:25.435+0000] {processor.py:153} INFO - Started process (PID=4420) to work on /home/airflow/.local/lib/python3.7/site-packages/airflow/example_dags/example_local_kubernetes_executor.py
[2024-02-19T12:42:25.435+0000] {processor.py:743} INFO - Processing file /home/airflow/.local/lib/python3.7/site-packages/airflow/example_dags/example_local_kubernetes_executor.py for tasks to queue
[2024-02-19T12:42:25.436+0000] {logging_mixin.py:137} INFO - [2024-02-19T12:42:25.435+0000] {dagbag.py:538} INFO - Filling up the DagBag from /home/airflow/.local/lib/python3.7/site-packages/airflow/example_dags/example_local_kubernetes_executor.py
[2024-02-19T12:42:25.448+0000] {processor.py:753} INFO - DAG(s) dict_keys(['example_local_kubernetes_executor']) retrieved from /home/airflow/.local/lib/python3.7/site-packages/airflow/example_dags/example_local_kubernetes_executor.py
[2024-02-19T12:42:25.463+0000] {logging_mixin.py:137} INFO - [2024-02-19T12:42:25.463+0000] {dag.py:2690} INFO - Sync 1 DAGs
[2024-02-19T12:42:25.476+0000] {logging_mixin.py:137} INFO - [2024-02-19T12:42:25.476+0000] {dag.py:3441} INFO - Setting next_dagrun for example_local_kubernetes_executor to None, run_after=None
[2024-02-19T12:42:25.486+0000] {processor.py:175} INFO - Processing /home/airflow/.local/lib/python3.7/site-packages/airflow/example_dags/example_local_kubernetes_executor.py took 0.053 seconds
[2024-02-19T12:42:55.952+0000] {processor.py:153} INFO - Started process (PID=4555) to work on /home/airflow/.local/lib/python3.7/site-packages/airflow/example_dags/example_local_kubernetes_executor.py
[2024-02-19T12:42:55.953+0000] {processor.py:743} INFO - Processing file /home/airflow/.local/lib/python3.7/site-packages/airflow/example_dags/example_local_kubernetes_executor.py for tasks to queue
[2024-02-19T12:42:55.953+0000] {logging_mixin.py:137} INFO - [2024-02-19T12:42:55.953+0000] {dagbag.py:538} INFO - Filling up the DagBag from /home/airflow/.local/lib/python3.7/site-packages/airflow/example_dags/example_local_kubernetes_executor.py
[2024-02-19T12:42:55.966+0000] {processor.py:753} INFO - DAG(s) dict_keys(['example_local_kubernetes_executor']) retrieved from /home/airflow/.local/lib/python3.7/site-packages/airflow/example_dags/example_local_kubernetes_executor.py
[2024-02-19T12:42:55.980+0000] {logging_mixin.py:137} INFO - [2024-02-19T12:42:55.980+0000] {dag.py:2690} INFO - Sync 1 DAGs
[2024-02-19T12:42:55.994+0000] {logging_mixin.py:137} INFO - [2024-02-19T12:42:55.994+0000] {dag.py:3441} INFO - Setting next_dagrun for example_local_kubernetes_executor to None, run_after=None
[2024-02-19T12:42:56.004+0000] {processor.py:175} INFO - Processing /home/airflow/.local/lib/python3.7/site-packages/airflow/example_dags/example_local_kubernetes_executor.py took 0.054 seconds
[2024-02-19T12:43:26.738+0000] {processor.py:153} INFO - Started process (PID=4690) to work on /home/airflow/.local/lib/python3.7/site-packages/airflow/example_dags/example_local_kubernetes_executor.py
[2024-02-19T12:43:26.739+0000] {processor.py:743} INFO - Processing file /home/airflow/.local/lib/python3.7/site-packages/airflow/example_dags/example_local_kubernetes_executor.py for tasks to queue
[2024-02-19T12:43:26.739+0000] {logging_mixin.py:137} INFO - [2024-02-19T12:43:26.739+0000] {dagbag.py:538} INFO - Filling up the DagBag from /home/airflow/.local/lib/python3.7/site-packages/airflow/example_dags/example_local_kubernetes_executor.py
[2024-02-19T12:43:26.752+0000] {processor.py:753} INFO - DAG(s) dict_keys(['example_local_kubernetes_executor']) retrieved from /home/airflow/.local/lib/python3.7/site-packages/airflow/example_dags/example_local_kubernetes_executor.py
[2024-02-19T12:43:26.768+0000] {logging_mixin.py:137} INFO - [2024-02-19T12:43:26.768+0000] {dag.py:2690} INFO - Sync 1 DAGs
[2024-02-19T12:43:26.784+0000] {logging_mixin.py:137} INFO - [2024-02-19T12:43:26.784+0000] {dag.py:3441} INFO - Setting next_dagrun for example_local_kubernetes_executor to None, run_after=None
[2024-02-19T12:43:26.795+0000] {processor.py:175} INFO - Processing /home/airflow/.local/lib/python3.7/site-packages/airflow/example_dags/example_local_kubernetes_executor.py took 0.059 seconds
[2024-02-19T12:43:57.206+0000] {processor.py:153} INFO - Started process (PID=4793) to work on /home/airflow/.local/lib/python3.7/site-packages/airflow/example_dags/example_local_kubernetes_executor.py
[2024-02-19T12:43:57.206+0000] {processor.py:743} INFO - Processing file /home/airflow/.local/lib/python3.7/site-packages/airflow/example_dags/example_local_kubernetes_executor.py for tasks to queue
[2024-02-19T12:43:57.207+0000] {logging_mixin.py:137} INFO - [2024-02-19T12:43:57.207+0000] {dagbag.py:538} INFO - Filling up the DagBag from /home/airflow/.local/lib/python3.7/site-packages/airflow/example_dags/example_local_kubernetes_executor.py
[2024-02-19T12:43:57.219+0000] {processor.py:753} INFO - DAG(s) dict_keys(['example_local_kubernetes_executor']) retrieved from /home/airflow/.local/lib/python3.7/site-packages/airflow/example_dags/example_local_kubernetes_executor.py
[2024-02-19T12:43:57.234+0000] {logging_mixin.py:137} INFO - [2024-02-19T12:43:57.234+0000] {dag.py:2690} INFO - Sync 1 DAGs
[2024-02-19T12:43:57.252+0000] {logging_mixin.py:137} INFO - [2024-02-19T12:43:57.252+0000] {dag.py:3441} INFO - Setting next_dagrun for example_local_kubernetes_executor to None, run_after=None
[2024-02-19T12:43:57.265+0000] {processor.py:175} INFO - Processing /home/airflow/.local/lib/python3.7/site-packages/airflow/example_dags/example_local_kubernetes_executor.py took 0.061 seconds
[2024-02-19T12:44:27.660+0000] {processor.py:153} INFO - Started process (PID=4927) to work on /home/airflow/.local/lib/python3.7/site-packages/airflow/example_dags/example_local_kubernetes_executor.py
[2024-02-19T12:44:27.661+0000] {processor.py:743} INFO - Processing file /home/airflow/.local/lib/python3.7/site-packages/airflow/example_dags/example_local_kubernetes_executor.py for tasks to queue
[2024-02-19T12:44:27.661+0000] {logging_mixin.py:137} INFO - [2024-02-19T12:44:27.661+0000] {dagbag.py:538} INFO - Filling up the DagBag from /home/airflow/.local/lib/python3.7/site-packages/airflow/example_dags/example_local_kubernetes_executor.py
[2024-02-19T12:44:27.675+0000] {processor.py:753} INFO - DAG(s) dict_keys(['example_local_kubernetes_executor']) retrieved from /home/airflow/.local/lib/python3.7/site-packages/airflow/example_dags/example_local_kubernetes_executor.py
[2024-02-19T12:44:27.690+0000] {logging_mixin.py:137} INFO - [2024-02-19T12:44:27.690+0000] {dag.py:2690} INFO - Sync 1 DAGs
[2024-02-19T12:44:27.704+0000] {logging_mixin.py:137} INFO - [2024-02-19T12:44:27.704+0000] {dag.py:3441} INFO - Setting next_dagrun for example_local_kubernetes_executor to None, run_after=None
[2024-02-19T12:44:27.715+0000] {processor.py:175} INFO - Processing /home/airflow/.local/lib/python3.7/site-packages/airflow/example_dags/example_local_kubernetes_executor.py took 0.056 seconds
[2024-02-19T12:44:58.450+0000] {processor.py:153} INFO - Started process (PID=5062) to work on /home/airflow/.local/lib/python3.7/site-packages/airflow/example_dags/example_local_kubernetes_executor.py
[2024-02-19T12:44:58.450+0000] {processor.py:743} INFO - Processing file /home/airflow/.local/lib/python3.7/site-packages/airflow/example_dags/example_local_kubernetes_executor.py for tasks to queue
[2024-02-19T12:44:58.451+0000] {logging_mixin.py:137} INFO - [2024-02-19T12:44:58.451+0000] {dagbag.py:538} INFO - Filling up the DagBag from /home/airflow/.local/lib/python3.7/site-packages/airflow/example_dags/example_local_kubernetes_executor.py
[2024-02-19T12:44:58.463+0000] {processor.py:753} INFO - DAG(s) dict_keys(['example_local_kubernetes_executor']) retrieved from /home/airflow/.local/lib/python3.7/site-packages/airflow/example_dags/example_local_kubernetes_executor.py
[2024-02-19T12:44:58.479+0000] {logging_mixin.py:137} INFO - [2024-02-19T12:44:58.479+0000] {dag.py:2690} INFO - Sync 1 DAGs
[2024-02-19T12:44:58.493+0000] {logging_mixin.py:137} INFO - [2024-02-19T12:44:58.493+0000] {dag.py:3441} INFO - Setting next_dagrun for example_local_kubernetes_executor to None, run_after=None
[2024-02-19T12:44:58.505+0000] {processor.py:175} INFO - Processing /home/airflow/.local/lib/python3.7/site-packages/airflow/example_dags/example_local_kubernetes_executor.py took 0.057 seconds
[2024-02-19T12:45:28.941+0000] {processor.py:153} INFO - Started process (PID=5165) to work on /home/airflow/.local/lib/python3.7/site-packages/airflow/example_dags/example_local_kubernetes_executor.py
[2024-02-19T12:45:28.942+0000] {processor.py:743} INFO - Processing file /home/airflow/.local/lib/python3.7/site-packages/airflow/example_dags/example_local_kubernetes_executor.py for tasks to queue
[2024-02-19T12:45:28.942+0000] {logging_mixin.py:137} INFO - [2024-02-19T12:45:28.942+0000] {dagbag.py:538} INFO - Filling up the DagBag from /home/airflow/.local/lib/python3.7/site-packages/airflow/example_dags/example_local_kubernetes_executor.py
[2024-02-19T12:45:28.954+0000] {processor.py:753} INFO - DAG(s) dict_keys(['example_local_kubernetes_executor']) retrieved from /home/airflow/.local/lib/python3.7/site-packages/airflow/example_dags/example_local_kubernetes_executor.py
[2024-02-19T12:45:28.969+0000] {logging_mixin.py:137} INFO - [2024-02-19T12:45:28.969+0000] {dag.py:2690} INFO - Sync 1 DAGs
[2024-02-19T12:45:28.984+0000] {logging_mixin.py:137} INFO - [2024-02-19T12:45:28.984+0000] {dag.py:3441} INFO - Setting next_dagrun for example_local_kubernetes_executor to None, run_after=None
[2024-02-19T12:45:28.995+0000] {processor.py:175} INFO - Processing /home/airflow/.local/lib/python3.7/site-packages/airflow/example_dags/example_local_kubernetes_executor.py took 0.056 seconds
[2024-02-19T12:45:59.462+0000] {processor.py:153} INFO - Started process (PID=5300) to work on /home/airflow/.local/lib/python3.7/site-packages/airflow/example_dags/example_local_kubernetes_executor.py
[2024-02-19T12:45:59.462+0000] {processor.py:743} INFO - Processing file /home/airflow/.local/lib/python3.7/site-packages/airflow/example_dags/example_local_kubernetes_executor.py for tasks to queue
[2024-02-19T12:45:59.462+0000] {logging_mixin.py:137} INFO - [2024-02-19T12:45:59.462+0000] {dagbag.py:538} INFO - Filling up the DagBag from /home/airflow/.local/lib/python3.7/site-packages/airflow/example_dags/example_local_kubernetes_executor.py
[2024-02-19T12:45:59.475+0000] {processor.py:753} INFO - DAG(s) dict_keys(['example_local_kubernetes_executor']) retrieved from /home/airflow/.local/lib/python3.7/site-packages/airflow/example_dags/example_local_kubernetes_executor.py
[2024-02-19T12:45:59.489+0000] {logging_mixin.py:137} INFO - [2024-02-19T12:45:59.489+0000] {dag.py:2690} INFO - Sync 1 DAGs
[2024-02-19T12:45:59.503+0000] {logging_mixin.py:137} INFO - [2024-02-19T12:45:59.503+0000] {dag.py:3441} INFO - Setting next_dagrun for example_local_kubernetes_executor to None, run_after=None
[2024-02-19T12:45:59.513+0000] {processor.py:175} INFO - Processing /home/airflow/.local/lib/python3.7/site-packages/airflow/example_dags/example_local_kubernetes_executor.py took 0.053 seconds
[2024-02-19T12:46:30.162+0000] {processor.py:153} INFO - Started process (PID=5435) to work on /home/airflow/.local/lib/python3.7/site-packages/airflow/example_dags/example_local_kubernetes_executor.py
[2024-02-19T12:46:30.163+0000] {processor.py:743} INFO - Processing file /home/airflow/.local/lib/python3.7/site-packages/airflow/example_dags/example_local_kubernetes_executor.py for tasks to queue
[2024-02-19T12:46:30.164+0000] {logging_mixin.py:137} INFO - [2024-02-19T12:46:30.164+0000] {dagbag.py:538} INFO - Filling up the DagBag from /home/airflow/.local/lib/python3.7/site-packages/airflow/example_dags/example_local_kubernetes_executor.py
[2024-02-19T12:46:30.177+0000] {processor.py:753} INFO - DAG(s) dict_keys(['example_local_kubernetes_executor']) retrieved from /home/airflow/.local/lib/python3.7/site-packages/airflow/example_dags/example_local_kubernetes_executor.py
[2024-02-19T12:46:30.196+0000] {logging_mixin.py:137} INFO - [2024-02-19T12:46:30.196+0000] {dag.py:2690} INFO - Sync 1 DAGs
[2024-02-19T12:46:30.212+0000] {logging_mixin.py:137} INFO - [2024-02-19T12:46:30.212+0000] {dag.py:3441} INFO - Setting next_dagrun for example_local_kubernetes_executor to None, run_after=None
[2024-02-19T12:46:30.223+0000] {processor.py:175} INFO - Processing /home/airflow/.local/lib/python3.7/site-packages/airflow/example_dags/example_local_kubernetes_executor.py took 0.063 seconds
[2024-02-19T12:47:00.658+0000] {processor.py:153} INFO - Started process (PID=5538) to work on /home/airflow/.local/lib/python3.7/site-packages/airflow/example_dags/example_local_kubernetes_executor.py
[2024-02-19T12:47:00.658+0000] {processor.py:743} INFO - Processing file /home/airflow/.local/lib/python3.7/site-packages/airflow/example_dags/example_local_kubernetes_executor.py for tasks to queue
[2024-02-19T12:47:00.659+0000] {logging_mixin.py:137} INFO - [2024-02-19T12:47:00.659+0000] {dagbag.py:538} INFO - Filling up the DagBag from /home/airflow/.local/lib/python3.7/site-packages/airflow/example_dags/example_local_kubernetes_executor.py
[2024-02-19T12:47:00.672+0000] {processor.py:753} INFO - DAG(s) dict_keys(['example_local_kubernetes_executor']) retrieved from /home/airflow/.local/lib/python3.7/site-packages/airflow/example_dags/example_local_kubernetes_executor.py
[2024-02-19T12:47:00.687+0000] {logging_mixin.py:137} INFO - [2024-02-19T12:47:00.686+0000] {dag.py:2690} INFO - Sync 1 DAGs
[2024-02-19T12:47:00.701+0000] {logging_mixin.py:137} INFO - [2024-02-19T12:47:00.701+0000] {dag.py:3441} INFO - Setting next_dagrun for example_local_kubernetes_executor to None, run_after=None
[2024-02-19T12:47:00.712+0000] {processor.py:175} INFO - Processing /home/airflow/.local/lib/python3.7/site-packages/airflow/example_dags/example_local_kubernetes_executor.py took 0.057 seconds
[2024-02-19T12:47:31.108+0000] {processor.py:153} INFO - Started process (PID=5673) to work on /home/airflow/.local/lib/python3.7/site-packages/airflow/example_dags/example_local_kubernetes_executor.py
[2024-02-19T12:47:31.109+0000] {processor.py:743} INFO - Processing file /home/airflow/.local/lib/python3.7/site-packages/airflow/example_dags/example_local_kubernetes_executor.py for tasks to queue
[2024-02-19T12:47:31.109+0000] {logging_mixin.py:137} INFO - [2024-02-19T12:47:31.109+0000] {dagbag.py:538} INFO - Filling up the DagBag from /home/airflow/.local/lib/python3.7/site-packages/airflow/example_dags/example_local_kubernetes_executor.py
[2024-02-19T12:47:31.122+0000] {processor.py:753} INFO - DAG(s) dict_keys(['example_local_kubernetes_executor']) retrieved from /home/airflow/.local/lib/python3.7/site-packages/airflow/example_dags/example_local_kubernetes_executor.py
[2024-02-19T12:47:31.138+0000] {logging_mixin.py:137} INFO - [2024-02-19T12:47:31.138+0000] {dag.py:2690} INFO - Sync 1 DAGs
[2024-02-19T12:47:31.153+0000] {logging_mixin.py:137} INFO - [2024-02-19T12:47:31.153+0000] {dag.py:3441} INFO - Setting next_dagrun for example_local_kubernetes_executor to None, run_after=None
[2024-02-19T12:47:31.164+0000] {processor.py:175} INFO - Processing /home/airflow/.local/lib/python3.7/site-packages/airflow/example_dags/example_local_kubernetes_executor.py took 0.057 seconds
[2024-02-19T12:48:01.715+0000] {processor.py:153} INFO - Started process (PID=5808) to work on /home/airflow/.local/lib/python3.7/site-packages/airflow/example_dags/example_local_kubernetes_executor.py
[2024-02-19T12:48:01.716+0000] {processor.py:743} INFO - Processing file /home/airflow/.local/lib/python3.7/site-packages/airflow/example_dags/example_local_kubernetes_executor.py for tasks to queue
[2024-02-19T12:48:01.716+0000] {logging_mixin.py:137} INFO - [2024-02-19T12:48:01.716+0000] {dagbag.py:538} INFO - Filling up the DagBag from /home/airflow/.local/lib/python3.7/site-packages/airflow/example_dags/example_local_kubernetes_executor.py
[2024-02-19T12:48:01.729+0000] {processor.py:753} INFO - DAG(s) dict_keys(['example_local_kubernetes_executor']) retrieved from /home/airflow/.local/lib/python3.7/site-packages/airflow/example_dags/example_local_kubernetes_executor.py
[2024-02-19T12:48:01.746+0000] {logging_mixin.py:137} INFO - [2024-02-19T12:48:01.746+0000] {dag.py:2690} INFO - Sync 1 DAGs
[2024-02-19T12:48:01.761+0000] {logging_mixin.py:137} INFO - [2024-02-19T12:48:01.761+0000] {dag.py:3441} INFO - Setting next_dagrun for example_local_kubernetes_executor to None, run_after=None
[2024-02-19T12:48:01.773+0000] {processor.py:175} INFO - Processing /home/airflow/.local/lib/python3.7/site-packages/airflow/example_dags/example_local_kubernetes_executor.py took 0.060 seconds
[2024-02-19T12:48:32.280+0000] {processor.py:153} INFO - Started process (PID=5911) to work on /home/airflow/.local/lib/python3.7/site-packages/airflow/example_dags/example_local_kubernetes_executor.py
[2024-02-19T12:48:32.280+0000] {processor.py:743} INFO - Processing file /home/airflow/.local/lib/python3.7/site-packages/airflow/example_dags/example_local_kubernetes_executor.py for tasks to queue
[2024-02-19T12:48:32.280+0000] {logging_mixin.py:137} INFO - [2024-02-19T12:48:32.280+0000] {dagbag.py:538} INFO - Filling up the DagBag from /home/airflow/.local/lib/python3.7/site-packages/airflow/example_dags/example_local_kubernetes_executor.py
[2024-02-19T12:48:32.294+0000] {processor.py:753} INFO - DAG(s) dict_keys(['example_local_kubernetes_executor']) retrieved from /home/airflow/.local/lib/python3.7/site-packages/airflow/example_dags/example_local_kubernetes_executor.py
[2024-02-19T12:48:32.309+0000] {logging_mixin.py:137} INFO - [2024-02-19T12:48:32.309+0000] {dag.py:2690} INFO - Sync 1 DAGs
[2024-02-19T12:48:32.323+0000] {logging_mixin.py:137} INFO - [2024-02-19T12:48:32.323+0000] {dag.py:3441} INFO - Setting next_dagrun for example_local_kubernetes_executor to None, run_after=None
[2024-02-19T12:48:32.334+0000] {processor.py:175} INFO - Processing /home/airflow/.local/lib/python3.7/site-packages/airflow/example_dags/example_local_kubernetes_executor.py took 0.056 seconds
[2024-02-19T12:49:02.888+0000] {processor.py:153} INFO - Started process (PID=6046) to work on /home/airflow/.local/lib/python3.7/site-packages/airflow/example_dags/example_local_kubernetes_executor.py
[2024-02-19T12:49:02.889+0000] {processor.py:743} INFO - Processing file /home/airflow/.local/lib/python3.7/site-packages/airflow/example_dags/example_local_kubernetes_executor.py for tasks to queue
[2024-02-19T12:49:02.889+0000] {logging_mixin.py:137} INFO - [2024-02-19T12:49:02.889+0000] {dagbag.py:538} INFO - Filling up the DagBag from /home/airflow/.local/lib/python3.7/site-packages/airflow/example_dags/example_local_kubernetes_executor.py
[2024-02-19T12:49:02.902+0000] {processor.py:753} INFO - DAG(s) dict_keys(['example_local_kubernetes_executor']) retrieved from /home/airflow/.local/lib/python3.7/site-packages/airflow/example_dags/example_local_kubernetes_executor.py
[2024-02-19T12:49:02.917+0000] {logging_mixin.py:137} INFO - [2024-02-19T12:49:02.917+0000] {dag.py:2690} INFO - Sync 1 DAGs
[2024-02-19T12:49:02.931+0000] {logging_mixin.py:137} INFO - [2024-02-19T12:49:02.931+0000] {dag.py:3441} INFO - Setting next_dagrun for example_local_kubernetes_executor to None, run_after=None
[2024-02-19T12:49:02.942+0000] {processor.py:175} INFO - Processing /home/airflow/.local/lib/python3.7/site-packages/airflow/example_dags/example_local_kubernetes_executor.py took 0.055 seconds
[2024-02-19T12:49:33.584+0000] {processor.py:153} INFO - Started process (PID=6181) to work on /home/airflow/.local/lib/python3.7/site-packages/airflow/example_dags/example_local_kubernetes_executor.py
[2024-02-19T12:49:33.585+0000] {processor.py:743} INFO - Processing file /home/airflow/.local/lib/python3.7/site-packages/airflow/example_dags/example_local_kubernetes_executor.py for tasks to queue
[2024-02-19T12:49:33.585+0000] {logging_mixin.py:137} INFO - [2024-02-19T12:49:33.585+0000] {dagbag.py:538} INFO - Filling up the DagBag from /home/airflow/.local/lib/python3.7/site-packages/airflow/example_dags/example_local_kubernetes_executor.py
[2024-02-19T12:49:33.600+0000] {processor.py:753} INFO - DAG(s) dict_keys(['example_local_kubernetes_executor']) retrieved from /home/airflow/.local/lib/python3.7/site-packages/airflow/example_dags/example_local_kubernetes_executor.py
[2024-02-19T12:49:33.616+0000] {logging_mixin.py:137} INFO - [2024-02-19T12:49:33.616+0000] {dag.py:2690} INFO - Sync 1 DAGs
[2024-02-19T12:49:33.631+0000] {logging_mixin.py:137} INFO - [2024-02-19T12:49:33.631+0000] {dag.py:3441} INFO - Setting next_dagrun for example_local_kubernetes_executor to None, run_after=None
[2024-02-19T12:49:33.642+0000] {processor.py:175} INFO - Processing /home/airflow/.local/lib/python3.7/site-packages/airflow/example_dags/example_local_kubernetes_executor.py took 0.059 seconds
[2024-02-19T12:50:04.156+0000] {processor.py:153} INFO - Started process (PID=6284) to work on /home/airflow/.local/lib/python3.7/site-packages/airflow/example_dags/example_local_kubernetes_executor.py
[2024-02-19T12:50:04.157+0000] {processor.py:743} INFO - Processing file /home/airflow/.local/lib/python3.7/site-packages/airflow/example_dags/example_local_kubernetes_executor.py for tasks to queue
[2024-02-19T12:50:04.157+0000] {logging_mixin.py:137} INFO - [2024-02-19T12:50:04.157+0000] {dagbag.py:538} INFO - Filling up the DagBag from /home/airflow/.local/lib/python3.7/site-packages/airflow/example_dags/example_local_kubernetes_executor.py
[2024-02-19T12:50:04.170+0000] {processor.py:753} INFO - DAG(s) dict_keys(['example_local_kubernetes_executor']) retrieved from /home/airflow/.local/lib/python3.7/site-packages/airflow/example_dags/example_local_kubernetes_executor.py
[2024-02-19T12:50:04.186+0000] {logging_mixin.py:137} INFO - [2024-02-19T12:50:04.186+0000] {dag.py:2690} INFO - Sync 1 DAGs
[2024-02-19T12:50:04.201+0000] {logging_mixin.py:137} INFO - [2024-02-19T12:50:04.201+0000] {dag.py:3441} INFO - Setting next_dagrun for example_local_kubernetes_executor to None, run_after=None
[2024-02-19T12:50:04.213+0000] {processor.py:175} INFO - Processing /home/airflow/.local/lib/python3.7/site-packages/airflow/example_dags/example_local_kubernetes_executor.py took 0.058 seconds
[2024-02-19T12:50:34.604+0000] {processor.py:153} INFO - Started process (PID=6419) to work on /home/airflow/.local/lib/python3.7/site-packages/airflow/example_dags/example_local_kubernetes_executor.py
[2024-02-19T12:50:34.605+0000] {processor.py:743} INFO - Processing file /home/airflow/.local/lib/python3.7/site-packages/airflow/example_dags/example_local_kubernetes_executor.py for tasks to queue
[2024-02-19T12:50:34.605+0000] {logging_mixin.py:137} INFO - [2024-02-19T12:50:34.605+0000] {dagbag.py:538} INFO - Filling up the DagBag from /home/airflow/.local/lib/python3.7/site-packages/airflow/example_dags/example_local_kubernetes_executor.py
[2024-02-19T12:50:34.619+0000] {processor.py:753} INFO - DAG(s) dict_keys(['example_local_kubernetes_executor']) retrieved from /home/airflow/.local/lib/python3.7/site-packages/airflow/example_dags/example_local_kubernetes_executor.py
[2024-02-19T12:50:34.637+0000] {logging_mixin.py:137} INFO - [2024-02-19T12:50:34.637+0000] {dag.py:2690} INFO - Sync 1 DAGs
[2024-02-19T12:50:34.653+0000] {logging_mixin.py:137} INFO - [2024-02-19T12:50:34.653+0000] {dag.py:3441} INFO - Setting next_dagrun for example_local_kubernetes_executor to None, run_after=None
[2024-02-19T12:50:34.665+0000] {processor.py:175} INFO - Processing /home/airflow/.local/lib/python3.7/site-packages/airflow/example_dags/example_local_kubernetes_executor.py took 0.063 seconds
[2024-02-19T12:51:05.194+0000] {processor.py:153} INFO - Started process (PID=6521) to work on /home/airflow/.local/lib/python3.7/site-packages/airflow/example_dags/example_local_kubernetes_executor.py
[2024-02-19T12:51:05.194+0000] {processor.py:743} INFO - Processing file /home/airflow/.local/lib/python3.7/site-packages/airflow/example_dags/example_local_kubernetes_executor.py for tasks to queue
[2024-02-19T12:51:05.195+0000] {logging_mixin.py:137} INFO - [2024-02-19T12:51:05.195+0000] {dagbag.py:538} INFO - Filling up the DagBag from /home/airflow/.local/lib/python3.7/site-packages/airflow/example_dags/example_local_kubernetes_executor.py
[2024-02-19T12:51:05.212+0000] {processor.py:753} INFO - DAG(s) dict_keys(['example_local_kubernetes_executor']) retrieved from /home/airflow/.local/lib/python3.7/site-packages/airflow/example_dags/example_local_kubernetes_executor.py
[2024-02-19T12:51:05.233+0000] {logging_mixin.py:137} INFO - [2024-02-19T12:51:05.232+0000] {dag.py:2690} INFO - Sync 1 DAGs
[2024-02-19T12:51:05.255+0000] {logging_mixin.py:137} INFO - [2024-02-19T12:51:05.255+0000] {dag.py:3441} INFO - Setting next_dagrun for example_local_kubernetes_executor to None, run_after=None
[2024-02-19T12:51:05.271+0000] {processor.py:175} INFO - Processing /home/airflow/.local/lib/python3.7/site-packages/airflow/example_dags/example_local_kubernetes_executor.py took 0.080 seconds
[2024-02-19T12:51:36.016+0000] {processor.py:153} INFO - Started process (PID=6656) to work on /home/airflow/.local/lib/python3.7/site-packages/airflow/example_dags/example_local_kubernetes_executor.py
[2024-02-19T12:51:36.017+0000] {processor.py:743} INFO - Processing file /home/airflow/.local/lib/python3.7/site-packages/airflow/example_dags/example_local_kubernetes_executor.py for tasks to queue
[2024-02-19T12:51:36.017+0000] {logging_mixin.py:137} INFO - [2024-02-19T12:51:36.017+0000] {dagbag.py:538} INFO - Filling up the DagBag from /home/airflow/.local/lib/python3.7/site-packages/airflow/example_dags/example_local_kubernetes_executor.py
[2024-02-19T12:51:36.033+0000] {processor.py:753} INFO - DAG(s) dict_keys(['example_local_kubernetes_executor']) retrieved from /home/airflow/.local/lib/python3.7/site-packages/airflow/example_dags/example_local_kubernetes_executor.py
[2024-02-19T12:51:36.052+0000] {logging_mixin.py:137} INFO - [2024-02-19T12:51:36.052+0000] {dag.py:2690} INFO - Sync 1 DAGs
[2024-02-19T12:51:36.070+0000] {logging_mixin.py:137} INFO - [2024-02-19T12:51:36.070+0000] {dag.py:3441} INFO - Setting next_dagrun for example_local_kubernetes_executor to None, run_after=None
[2024-02-19T12:51:36.084+0000] {processor.py:175} INFO - Processing /home/airflow/.local/lib/python3.7/site-packages/airflow/example_dags/example_local_kubernetes_executor.py took 0.070 seconds
[2024-02-19T12:52:07.125+0000] {processor.py:153} INFO - Started process (PID=6791) to work on /home/airflow/.local/lib/python3.7/site-packages/airflow/example_dags/example_local_kubernetes_executor.py
[2024-02-19T12:52:07.125+0000] {processor.py:743} INFO - Processing file /home/airflow/.local/lib/python3.7/site-packages/airflow/example_dags/example_local_kubernetes_executor.py for tasks to queue
[2024-02-19T12:52:07.126+0000] {logging_mixin.py:137} INFO - [2024-02-19T12:52:07.126+0000] {dagbag.py:538} INFO - Filling up the DagBag from /home/airflow/.local/lib/python3.7/site-packages/airflow/example_dags/example_local_kubernetes_executor.py
[2024-02-19T12:52:07.150+0000] {processor.py:753} INFO - DAG(s) dict_keys(['example_local_kubernetes_executor']) retrieved from /home/airflow/.local/lib/python3.7/site-packages/airflow/example_dags/example_local_kubernetes_executor.py
[2024-02-19T12:52:07.175+0000] {logging_mixin.py:137} INFO - [2024-02-19T12:52:07.175+0000] {dag.py:2690} INFO - Sync 1 DAGs
[2024-02-19T12:52:07.201+0000] {logging_mixin.py:137} INFO - [2024-02-19T12:52:07.201+0000] {dag.py:3441} INFO - Setting next_dagrun for example_local_kubernetes_executor to None, run_after=None
[2024-02-19T12:52:07.220+0000] {processor.py:175} INFO - Processing /home/airflow/.local/lib/python3.7/site-packages/airflow/example_dags/example_local_kubernetes_executor.py took 0.098 seconds
[2024-02-19T12:52:38.100+0000] {processor.py:153} INFO - Started process (PID=6894) to work on /home/airflow/.local/lib/python3.7/site-packages/airflow/example_dags/example_local_kubernetes_executor.py
[2024-02-19T12:52:38.101+0000] {processor.py:743} INFO - Processing file /home/airflow/.local/lib/python3.7/site-packages/airflow/example_dags/example_local_kubernetes_executor.py for tasks to queue
[2024-02-19T12:52:38.101+0000] {logging_mixin.py:137} INFO - [2024-02-19T12:52:38.101+0000] {dagbag.py:538} INFO - Filling up the DagBag from /home/airflow/.local/lib/python3.7/site-packages/airflow/example_dags/example_local_kubernetes_executor.py
[2024-02-19T12:52:38.114+0000] {processor.py:753} INFO - DAG(s) dict_keys(['example_local_kubernetes_executor']) retrieved from /home/airflow/.local/lib/python3.7/site-packages/airflow/example_dags/example_local_kubernetes_executor.py
[2024-02-19T12:52:38.130+0000] {logging_mixin.py:137} INFO - [2024-02-19T12:52:38.130+0000] {dag.py:2690} INFO - Sync 1 DAGs
[2024-02-19T12:52:38.145+0000] {logging_mixin.py:137} INFO - [2024-02-19T12:52:38.145+0000] {dag.py:3441} INFO - Setting next_dagrun for example_local_kubernetes_executor to None, run_after=None
[2024-02-19T12:52:38.157+0000] {processor.py:175} INFO - Processing /home/airflow/.local/lib/python3.7/site-packages/airflow/example_dags/example_local_kubernetes_executor.py took 0.058 seconds
[2024-02-19T12:53:09.040+0000] {processor.py:153} INFO - Started process (PID=7029) to work on /home/airflow/.local/lib/python3.7/site-packages/airflow/example_dags/example_local_kubernetes_executor.py
[2024-02-19T12:53:09.041+0000] {processor.py:743} INFO - Processing file /home/airflow/.local/lib/python3.7/site-packages/airflow/example_dags/example_local_kubernetes_executor.py for tasks to queue
[2024-02-19T12:53:09.041+0000] {logging_mixin.py:137} INFO - [2024-02-19T12:53:09.041+0000] {dagbag.py:538} INFO - Filling up the DagBag from /home/airflow/.local/lib/python3.7/site-packages/airflow/example_dags/example_local_kubernetes_executor.py
[2024-02-19T12:53:09.055+0000] {processor.py:753} INFO - DAG(s) dict_keys(['example_local_kubernetes_executor']) retrieved from /home/airflow/.local/lib/python3.7/site-packages/airflow/example_dags/example_local_kubernetes_executor.py
[2024-02-19T12:53:09.071+0000] {logging_mixin.py:137} INFO - [2024-02-19T12:53:09.071+0000] {dag.py:2690} INFO - Sync 1 DAGs
[2024-02-19T12:53:09.086+0000] {logging_mixin.py:137} INFO - [2024-02-19T12:53:09.086+0000] {dag.py:3441} INFO - Setting next_dagrun for example_local_kubernetes_executor to None, run_after=None
[2024-02-19T12:53:09.099+0000] {processor.py:175} INFO - Processing /home/airflow/.local/lib/python3.7/site-packages/airflow/example_dags/example_local_kubernetes_executor.py took 0.061 seconds
[2024-02-19T12:53:39.769+0000] {processor.py:153} INFO - Started process (PID=7165) to work on /home/airflow/.local/lib/python3.7/site-packages/airflow/example_dags/example_local_kubernetes_executor.py
[2024-02-19T12:53:39.770+0000] {processor.py:743} INFO - Processing file /home/airflow/.local/lib/python3.7/site-packages/airflow/example_dags/example_local_kubernetes_executor.py for tasks to queue
[2024-02-19T12:53:39.770+0000] {logging_mixin.py:137} INFO - [2024-02-19T12:53:39.770+0000] {dagbag.py:538} INFO - Filling up the DagBag from /home/airflow/.local/lib/python3.7/site-packages/airflow/example_dags/example_local_kubernetes_executor.py
[2024-02-19T12:53:39.790+0000] {processor.py:753} INFO - DAG(s) dict_keys(['example_local_kubernetes_executor']) retrieved from /home/airflow/.local/lib/python3.7/site-packages/airflow/example_dags/example_local_kubernetes_executor.py
[2024-02-19T12:53:39.813+0000] {logging_mixin.py:137} INFO - [2024-02-19T12:53:39.813+0000] {dag.py:2690} INFO - Sync 1 DAGs
[2024-02-19T12:53:39.836+0000] {logging_mixin.py:137} INFO - [2024-02-19T12:53:39.836+0000] {dag.py:3441} INFO - Setting next_dagrun for example_local_kubernetes_executor to None, run_after=None
[2024-02-19T12:53:39.852+0000] {processor.py:175} INFO - Processing /home/airflow/.local/lib/python3.7/site-packages/airflow/example_dags/example_local_kubernetes_executor.py took 0.086 seconds
[2024-02-19T12:54:09.919+0000] {processor.py:153} INFO - Started process (PID=7268) to work on /home/airflow/.local/lib/python3.7/site-packages/airflow/example_dags/example_local_kubernetes_executor.py
[2024-02-19T12:54:09.920+0000] {processor.py:743} INFO - Processing file /home/airflow/.local/lib/python3.7/site-packages/airflow/example_dags/example_local_kubernetes_executor.py for tasks to queue
[2024-02-19T12:54:09.920+0000] {logging_mixin.py:137} INFO - [2024-02-19T12:54:09.920+0000] {dagbag.py:538} INFO - Filling up the DagBag from /home/airflow/.local/lib/python3.7/site-packages/airflow/example_dags/example_local_kubernetes_executor.py
[2024-02-19T12:54:09.936+0000] {processor.py:753} INFO - DAG(s) dict_keys(['example_local_kubernetes_executor']) retrieved from /home/airflow/.local/lib/python3.7/site-packages/airflow/example_dags/example_local_kubernetes_executor.py
[2024-02-19T12:54:09.953+0000] {logging_mixin.py:137} INFO - [2024-02-19T12:54:09.953+0000] {dag.py:2690} INFO - Sync 1 DAGs
[2024-02-19T12:54:09.970+0000] {logging_mixin.py:137} INFO - [2024-02-19T12:54:09.969+0000] {dag.py:3441} INFO - Setting next_dagrun for example_local_kubernetes_executor to None, run_after=None
[2024-02-19T12:54:09.984+0000] {processor.py:175} INFO - Processing /home/airflow/.local/lib/python3.7/site-packages/airflow/example_dags/example_local_kubernetes_executor.py took 0.066 seconds
[2024-02-19T12:54:40.955+0000] {processor.py:153} INFO - Started process (PID=7403) to work on /home/airflow/.local/lib/python3.7/site-packages/airflow/example_dags/example_local_kubernetes_executor.py
[2024-02-19T12:54:40.955+0000] {processor.py:743} INFO - Processing file /home/airflow/.local/lib/python3.7/site-packages/airflow/example_dags/example_local_kubernetes_executor.py for tasks to queue
[2024-02-19T12:54:40.956+0000] {logging_mixin.py:137} INFO - [2024-02-19T12:54:40.956+0000] {dagbag.py:538} INFO - Filling up the DagBag from /home/airflow/.local/lib/python3.7/site-packages/airflow/example_dags/example_local_kubernetes_executor.py
[2024-02-19T12:54:40.974+0000] {processor.py:753} INFO - DAG(s) dict_keys(['example_local_kubernetes_executor']) retrieved from /home/airflow/.local/lib/python3.7/site-packages/airflow/example_dags/example_local_kubernetes_executor.py
[2024-02-19T12:54:40.995+0000] {logging_mixin.py:137} INFO - [2024-02-19T12:54:40.995+0000] {dag.py:2690} INFO - Sync 1 DAGs
[2024-02-19T12:54:41.016+0000] {logging_mixin.py:137} INFO - [2024-02-19T12:54:41.016+0000] {dag.py:3441} INFO - Setting next_dagrun for example_local_kubernetes_executor to None, run_after=None
[2024-02-19T12:54:41.032+0000] {processor.py:175} INFO - Processing /home/airflow/.local/lib/python3.7/site-packages/airflow/example_dags/example_local_kubernetes_executor.py took 0.080 seconds
[2024-02-19T12:55:11.688+0000] {processor.py:153} INFO - Started process (PID=7506) to work on /home/airflow/.local/lib/python3.7/site-packages/airflow/example_dags/example_local_kubernetes_executor.py
[2024-02-19T12:55:11.688+0000] {processor.py:743} INFO - Processing file /home/airflow/.local/lib/python3.7/site-packages/airflow/example_dags/example_local_kubernetes_executor.py for tasks to queue
[2024-02-19T12:55:11.688+0000] {logging_mixin.py:137} INFO - [2024-02-19T12:55:11.688+0000] {dagbag.py:538} INFO - Filling up the DagBag from /home/airflow/.local/lib/python3.7/site-packages/airflow/example_dags/example_local_kubernetes_executor.py
[2024-02-19T12:55:11.704+0000] {processor.py:753} INFO - DAG(s) dict_keys(['example_local_kubernetes_executor']) retrieved from /home/airflow/.local/lib/python3.7/site-packages/airflow/example_dags/example_local_kubernetes_executor.py
[2024-02-19T12:55:11.721+0000] {logging_mixin.py:137} INFO - [2024-02-19T12:55:11.721+0000] {dag.py:2690} INFO - Sync 1 DAGs
[2024-02-19T12:55:11.738+0000] {logging_mixin.py:137} INFO - [2024-02-19T12:55:11.737+0000] {dag.py:3441} INFO - Setting next_dagrun for example_local_kubernetes_executor to None, run_after=None
[2024-02-19T12:55:11.750+0000] {processor.py:175} INFO - Processing /home/airflow/.local/lib/python3.7/site-packages/airflow/example_dags/example_local_kubernetes_executor.py took 0.064 seconds
[2024-02-19T12:55:42.433+0000] {processor.py:153} INFO - Started process (PID=7641) to work on /home/airflow/.local/lib/python3.7/site-packages/airflow/example_dags/example_local_kubernetes_executor.py
[2024-02-19T12:55:42.433+0000] {processor.py:743} INFO - Processing file /home/airflow/.local/lib/python3.7/site-packages/airflow/example_dags/example_local_kubernetes_executor.py for tasks to queue
[2024-02-19T12:55:42.434+0000] {logging_mixin.py:137} INFO - [2024-02-19T12:55:42.434+0000] {dagbag.py:538} INFO - Filling up the DagBag from /home/airflow/.local/lib/python3.7/site-packages/airflow/example_dags/example_local_kubernetes_executor.py
[2024-02-19T12:55:42.451+0000] {processor.py:753} INFO - DAG(s) dict_keys(['example_local_kubernetes_executor']) retrieved from /home/airflow/.local/lib/python3.7/site-packages/airflow/example_dags/example_local_kubernetes_executor.py
[2024-02-19T12:55:42.475+0000] {logging_mixin.py:137} INFO - [2024-02-19T12:55:42.475+0000] {dag.py:2690} INFO - Sync 1 DAGs
[2024-02-19T12:55:42.496+0000] {logging_mixin.py:137} INFO - [2024-02-19T12:55:42.496+0000] {dag.py:3441} INFO - Setting next_dagrun for example_local_kubernetes_executor to None, run_after=None
[2024-02-19T12:55:42.510+0000] {processor.py:175} INFO - Processing /home/airflow/.local/lib/python3.7/site-packages/airflow/example_dags/example_local_kubernetes_executor.py took 0.080 seconds
[2024-02-19T12:56:13.292+0000] {processor.py:153} INFO - Started process (PID=7776) to work on /home/airflow/.local/lib/python3.7/site-packages/airflow/example_dags/example_local_kubernetes_executor.py
[2024-02-19T12:56:13.292+0000] {processor.py:743} INFO - Processing file /home/airflow/.local/lib/python3.7/site-packages/airflow/example_dags/example_local_kubernetes_executor.py for tasks to queue
[2024-02-19T12:56:13.293+0000] {logging_mixin.py:137} INFO - [2024-02-19T12:56:13.293+0000] {dagbag.py:538} INFO - Filling up the DagBag from /home/airflow/.local/lib/python3.7/site-packages/airflow/example_dags/example_local_kubernetes_executor.py
[2024-02-19T12:56:13.311+0000] {processor.py:753} INFO - DAG(s) dict_keys(['example_local_kubernetes_executor']) retrieved from /home/airflow/.local/lib/python3.7/site-packages/airflow/example_dags/example_local_kubernetes_executor.py
[2024-02-19T12:56:13.333+0000] {logging_mixin.py:137} INFO - [2024-02-19T12:56:13.332+0000] {dag.py:2690} INFO - Sync 1 DAGs
[2024-02-19T12:56:13.354+0000] {logging_mixin.py:137} INFO - [2024-02-19T12:56:13.354+0000] {dag.py:3441} INFO - Setting next_dagrun for example_local_kubernetes_executor to None, run_after=None
[2024-02-19T12:56:13.370+0000] {processor.py:175} INFO - Processing /home/airflow/.local/lib/python3.7/site-packages/airflow/example_dags/example_local_kubernetes_executor.py took 0.080 seconds
[2024-02-19T12:56:44.083+0000] {processor.py:153} INFO - Started process (PID=7879) to work on /home/airflow/.local/lib/python3.7/site-packages/airflow/example_dags/example_local_kubernetes_executor.py
[2024-02-19T12:56:44.084+0000] {processor.py:743} INFO - Processing file /home/airflow/.local/lib/python3.7/site-packages/airflow/example_dags/example_local_kubernetes_executor.py for tasks to queue
[2024-02-19T12:56:44.085+0000] {logging_mixin.py:137} INFO - [2024-02-19T12:56:44.084+0000] {dagbag.py:538} INFO - Filling up the DagBag from /home/airflow/.local/lib/python3.7/site-packages/airflow/example_dags/example_local_kubernetes_executor.py
[2024-02-19T12:56:44.100+0000] {processor.py:753} INFO - DAG(s) dict_keys(['example_local_kubernetes_executor']) retrieved from /home/airflow/.local/lib/python3.7/site-packages/airflow/example_dags/example_local_kubernetes_executor.py
[2024-02-19T12:56:44.118+0000] {logging_mixin.py:137} INFO - [2024-02-19T12:56:44.118+0000] {dag.py:2690} INFO - Sync 1 DAGs
[2024-02-19T12:56:44.136+0000] {logging_mixin.py:137} INFO - [2024-02-19T12:56:44.136+0000] {dag.py:3441} INFO - Setting next_dagrun for example_local_kubernetes_executor to None, run_after=None
[2024-02-19T12:56:44.150+0000] {processor.py:175} INFO - Processing /home/airflow/.local/lib/python3.7/site-packages/airflow/example_dags/example_local_kubernetes_executor.py took 0.068 seconds
[2024-02-19T12:57:15.022+0000] {processor.py:153} INFO - Started process (PID=8014) to work on /home/airflow/.local/lib/python3.7/site-packages/airflow/example_dags/example_local_kubernetes_executor.py
[2024-02-19T12:57:15.022+0000] {processor.py:743} INFO - Processing file /home/airflow/.local/lib/python3.7/site-packages/airflow/example_dags/example_local_kubernetes_executor.py for tasks to queue
[2024-02-19T12:57:15.023+0000] {logging_mixin.py:137} INFO - [2024-02-19T12:57:15.023+0000] {dagbag.py:538} INFO - Filling up the DagBag from /home/airflow/.local/lib/python3.7/site-packages/airflow/example_dags/example_local_kubernetes_executor.py
[2024-02-19T12:57:15.041+0000] {processor.py:753} INFO - DAG(s) dict_keys(['example_local_kubernetes_executor']) retrieved from /home/airflow/.local/lib/python3.7/site-packages/airflow/example_dags/example_local_kubernetes_executor.py
[2024-02-19T12:57:15.060+0000] {logging_mixin.py:137} INFO - [2024-02-19T12:57:15.060+0000] {dag.py:2690} INFO - Sync 1 DAGs
[2024-02-19T12:57:15.079+0000] {logging_mixin.py:137} INFO - [2024-02-19T12:57:15.079+0000] {dag.py:3441} INFO - Setting next_dagrun for example_local_kubernetes_executor to None, run_after=None
[2024-02-19T12:57:15.092+0000] {processor.py:175} INFO - Processing /home/airflow/.local/lib/python3.7/site-packages/airflow/example_dags/example_local_kubernetes_executor.py took 0.073 seconds
[2024-02-19T12:57:45.856+0000] {processor.py:153} INFO - Started process (PID=8149) to work on /home/airflow/.local/lib/python3.7/site-packages/airflow/example_dags/example_local_kubernetes_executor.py
[2024-02-19T12:57:45.856+0000] {processor.py:743} INFO - Processing file /home/airflow/.local/lib/python3.7/site-packages/airflow/example_dags/example_local_kubernetes_executor.py for tasks to queue
[2024-02-19T12:57:45.857+0000] {logging_mixin.py:137} INFO - [2024-02-19T12:57:45.857+0000] {dagbag.py:538} INFO - Filling up the DagBag from /home/airflow/.local/lib/python3.7/site-packages/airflow/example_dags/example_local_kubernetes_executor.py
[2024-02-19T12:57:45.876+0000] {processor.py:753} INFO - DAG(s) dict_keys(['example_local_kubernetes_executor']) retrieved from /home/airflow/.local/lib/python3.7/site-packages/airflow/example_dags/example_local_kubernetes_executor.py
[2024-02-19T12:57:45.899+0000] {logging_mixin.py:137} INFO - [2024-02-19T12:57:45.899+0000] {dag.py:2690} INFO - Sync 1 DAGs
[2024-02-19T12:57:45.924+0000] {logging_mixin.py:137} INFO - [2024-02-19T12:57:45.924+0000] {dag.py:3441} INFO - Setting next_dagrun for example_local_kubernetes_executor to None, run_after=None
[2024-02-19T12:57:45.941+0000] {processor.py:175} INFO - Processing /home/airflow/.local/lib/python3.7/site-packages/airflow/example_dags/example_local_kubernetes_executor.py took 0.089 seconds
[2024-02-19T12:58:15.983+0000] {processor.py:153} INFO - Started process (PID=8251) to work on /home/airflow/.local/lib/python3.7/site-packages/airflow/example_dags/example_local_kubernetes_executor.py
[2024-02-19T12:58:15.983+0000] {processor.py:743} INFO - Processing file /home/airflow/.local/lib/python3.7/site-packages/airflow/example_dags/example_local_kubernetes_executor.py for tasks to queue
[2024-02-19T12:58:15.984+0000] {logging_mixin.py:137} INFO - [2024-02-19T12:58:15.984+0000] {dagbag.py:538} INFO - Filling up the DagBag from /home/airflow/.local/lib/python3.7/site-packages/airflow/example_dags/example_local_kubernetes_executor.py
[2024-02-19T12:58:16.000+0000] {processor.py:753} INFO - DAG(s) dict_keys(['example_local_kubernetes_executor']) retrieved from /home/airflow/.local/lib/python3.7/site-packages/airflow/example_dags/example_local_kubernetes_executor.py
[2024-02-19T12:58:16.018+0000] {logging_mixin.py:137} INFO - [2024-02-19T12:58:16.018+0000] {dag.py:2690} INFO - Sync 1 DAGs
[2024-02-19T12:58:16.036+0000] {logging_mixin.py:137} INFO - [2024-02-19T12:58:16.036+0000] {dag.py:3441} INFO - Setting next_dagrun for example_local_kubernetes_executor to None, run_after=None
[2024-02-19T12:58:16.051+0000] {processor.py:175} INFO - Processing /home/airflow/.local/lib/python3.7/site-packages/airflow/example_dags/example_local_kubernetes_executor.py took 0.070 seconds
