[2024-02-19T12:24:38.245+0000] {processor.py:153} INFO - Started process (PID=80) to work on /home/airflow/.local/lib/python3.7/site-packages/airflow/example_dags/example_branch_operator_decorator.py
[2024-02-19T12:24:38.245+0000] {processor.py:743} INFO - Processing file /home/airflow/.local/lib/python3.7/site-packages/airflow/example_dags/example_branch_operator_decorator.py for tasks to queue
[2024-02-19T12:24:38.246+0000] {logging_mixin.py:137} INFO - [2024-02-19T12:24:38.246+0000] {dagbag.py:538} INFO - Filling up the DagBag from /home/airflow/.local/lib/python3.7/site-packages/airflow/example_dags/example_branch_operator_decorator.py
[2024-02-19T12:24:38.263+0000] {processor.py:753} INFO - DAG(s) dict_keys(['example_branch_python_operator_decorator']) retrieved from /home/airflow/.local/lib/python3.7/site-packages/airflow/example_dags/example_branch_operator_decorator.py
[2024-02-19T12:24:38.270+0000] {logging_mixin.py:137} INFO - [2024-02-19T12:24:38.270+0000] {dag.py:2690} INFO - Sync 1 DAGs
[2024-02-19T12:24:38.287+0000] {logging_mixin.py:137} INFO - [2024-02-19T12:24:38.287+0000] {dag.py:3441} INFO - Setting next_dagrun for example_branch_python_operator_decorator to 2024-02-18T00:00:00+00:00, run_after=2024-02-19T00:00:00+00:00
[2024-02-19T12:24:38.299+0000] {processor.py:175} INFO - Processing /home/airflow/.local/lib/python3.7/site-packages/airflow/example_dags/example_branch_operator_decorator.py took 0.057 seconds
[2024-02-19T12:25:08.712+0000] {processor.py:153} INFO - Started process (PID=215) to work on /home/airflow/.local/lib/python3.7/site-packages/airflow/example_dags/example_branch_operator_decorator.py
[2024-02-19T12:25:08.713+0000] {processor.py:743} INFO - Processing file /home/airflow/.local/lib/python3.7/site-packages/airflow/example_dags/example_branch_operator_decorator.py for tasks to queue
[2024-02-19T12:25:08.713+0000] {logging_mixin.py:137} INFO - [2024-02-19T12:25:08.713+0000] {dagbag.py:538} INFO - Filling up the DagBag from /home/airflow/.local/lib/python3.7/site-packages/airflow/example_dags/example_branch_operator_decorator.py
[2024-02-19T12:25:08.726+0000] {processor.py:753} INFO - DAG(s) dict_keys(['example_branch_python_operator_decorator']) retrieved from /home/airflow/.local/lib/python3.7/site-packages/airflow/example_dags/example_branch_operator_decorator.py
[2024-02-19T12:25:08.741+0000] {logging_mixin.py:137} INFO - [2024-02-19T12:25:08.741+0000] {dag.py:2690} INFO - Sync 1 DAGs
[2024-02-19T12:25:08.756+0000] {logging_mixin.py:137} INFO - [2024-02-19T12:25:08.755+0000] {dag.py:3441} INFO - Setting next_dagrun for example_branch_python_operator_decorator to 2024-02-18T00:00:00+00:00, run_after=2024-02-19T00:00:00+00:00
[2024-02-19T12:25:08.766+0000] {processor.py:175} INFO - Processing /home/airflow/.local/lib/python3.7/site-packages/airflow/example_dags/example_branch_operator_decorator.py took 0.056 seconds
[2024-02-19T12:25:39.163+0000] {processor.py:153} INFO - Started process (PID=325) to work on /home/airflow/.local/lib/python3.7/site-packages/airflow/example_dags/example_branch_operator_decorator.py
[2024-02-19T12:25:39.163+0000] {processor.py:743} INFO - Processing file /home/airflow/.local/lib/python3.7/site-packages/airflow/example_dags/example_branch_operator_decorator.py for tasks to queue
[2024-02-19T12:25:39.164+0000] {logging_mixin.py:137} INFO - [2024-02-19T12:25:39.164+0000] {dagbag.py:538} INFO - Filling up the DagBag from /home/airflow/.local/lib/python3.7/site-packages/airflow/example_dags/example_branch_operator_decorator.py
[2024-02-19T12:25:39.178+0000] {processor.py:753} INFO - DAG(s) dict_keys(['example_branch_python_operator_decorator']) retrieved from /home/airflow/.local/lib/python3.7/site-packages/airflow/example_dags/example_branch_operator_decorator.py
[2024-02-19T12:25:39.193+0000] {logging_mixin.py:137} INFO - [2024-02-19T12:25:39.193+0000] {dag.py:2690} INFO - Sync 1 DAGs
[2024-02-19T12:25:39.210+0000] {logging_mixin.py:137} INFO - [2024-02-19T12:25:39.210+0000] {dag.py:3441} INFO - Setting next_dagrun for example_branch_python_operator_decorator to 2024-02-18T00:00:00+00:00, run_after=2024-02-19T00:00:00+00:00
[2024-02-19T12:25:39.222+0000] {processor.py:175} INFO - Processing /home/airflow/.local/lib/python3.7/site-packages/airflow/example_dags/example_branch_operator_decorator.py took 0.061 seconds
[2024-02-19T12:26:09.587+0000] {processor.py:153} INFO - Started process (PID=453) to work on /home/airflow/.local/lib/python3.7/site-packages/airflow/example_dags/example_branch_operator_decorator.py
[2024-02-19T12:26:09.588+0000] {processor.py:743} INFO - Processing file /home/airflow/.local/lib/python3.7/site-packages/airflow/example_dags/example_branch_operator_decorator.py for tasks to queue
[2024-02-19T12:26:09.588+0000] {logging_mixin.py:137} INFO - [2024-02-19T12:26:09.588+0000] {dagbag.py:538} INFO - Filling up the DagBag from /home/airflow/.local/lib/python3.7/site-packages/airflow/example_dags/example_branch_operator_decorator.py
[2024-02-19T12:26:09.602+0000] {processor.py:753} INFO - DAG(s) dict_keys(['example_branch_python_operator_decorator']) retrieved from /home/airflow/.local/lib/python3.7/site-packages/airflow/example_dags/example_branch_operator_decorator.py
[2024-02-19T12:26:09.615+0000] {logging_mixin.py:137} INFO - [2024-02-19T12:26:09.615+0000] {dag.py:2690} INFO - Sync 1 DAGs
[2024-02-19T12:26:09.630+0000] {logging_mixin.py:137} INFO - [2024-02-19T12:26:09.630+0000] {dag.py:3441} INFO - Setting next_dagrun for example_branch_python_operator_decorator to 2024-02-18T00:00:00+00:00, run_after=2024-02-19T00:00:00+00:00
[2024-02-19T12:26:09.640+0000] {processor.py:175} INFO - Processing /home/airflow/.local/lib/python3.7/site-packages/airflow/example_dags/example_branch_operator_decorator.py took 0.055 seconds
[2024-02-19T12:26:39.983+0000] {processor.py:153} INFO - Started process (PID=588) to work on /home/airflow/.local/lib/python3.7/site-packages/airflow/example_dags/example_branch_operator_decorator.py
[2024-02-19T12:26:39.984+0000] {processor.py:743} INFO - Processing file /home/airflow/.local/lib/python3.7/site-packages/airflow/example_dags/example_branch_operator_decorator.py for tasks to queue
[2024-02-19T12:26:39.984+0000] {logging_mixin.py:137} INFO - [2024-02-19T12:26:39.984+0000] {dagbag.py:538} INFO - Filling up the DagBag from /home/airflow/.local/lib/python3.7/site-packages/airflow/example_dags/example_branch_operator_decorator.py
[2024-02-19T12:26:39.998+0000] {processor.py:753} INFO - DAG(s) dict_keys(['example_branch_python_operator_decorator']) retrieved from /home/airflow/.local/lib/python3.7/site-packages/airflow/example_dags/example_branch_operator_decorator.py
[2024-02-19T12:26:40.012+0000] {logging_mixin.py:137} INFO - [2024-02-19T12:26:40.012+0000] {dag.py:2690} INFO - Sync 1 DAGs
[2024-02-19T12:26:40.027+0000] {logging_mixin.py:137} INFO - [2024-02-19T12:26:40.027+0000] {dag.py:3441} INFO - Setting next_dagrun for example_branch_python_operator_decorator to 2024-02-18T00:00:00+00:00, run_after=2024-02-19T00:00:00+00:00
[2024-02-19T12:26:40.038+0000] {processor.py:175} INFO - Processing /home/airflow/.local/lib/python3.7/site-packages/airflow/example_dags/example_branch_operator_decorator.py took 0.056 seconds
[2024-02-19T12:27:10.333+0000] {processor.py:153} INFO - Started process (PID=691) to work on /home/airflow/.local/lib/python3.7/site-packages/airflow/example_dags/example_branch_operator_decorator.py
[2024-02-19T12:27:10.333+0000] {processor.py:743} INFO - Processing file /home/airflow/.local/lib/python3.7/site-packages/airflow/example_dags/example_branch_operator_decorator.py for tasks to queue
[2024-02-19T12:27:10.334+0000] {logging_mixin.py:137} INFO - [2024-02-19T12:27:10.334+0000] {dagbag.py:538} INFO - Filling up the DagBag from /home/airflow/.local/lib/python3.7/site-packages/airflow/example_dags/example_branch_operator_decorator.py
[2024-02-19T12:27:10.348+0000] {processor.py:753} INFO - DAG(s) dict_keys(['example_branch_python_operator_decorator']) retrieved from /home/airflow/.local/lib/python3.7/site-packages/airflow/example_dags/example_branch_operator_decorator.py
[2024-02-19T12:27:10.363+0000] {logging_mixin.py:137} INFO - [2024-02-19T12:27:10.363+0000] {dag.py:2690} INFO - Sync 1 DAGs
[2024-02-19T12:27:10.379+0000] {logging_mixin.py:137} INFO - [2024-02-19T12:27:10.379+0000] {dag.py:3441} INFO - Setting next_dagrun for example_branch_python_operator_decorator to 2024-02-18T00:00:00+00:00, run_after=2024-02-19T00:00:00+00:00
[2024-02-19T12:27:10.389+0000] {processor.py:175} INFO - Processing /home/airflow/.local/lib/python3.7/site-packages/airflow/example_dags/example_branch_operator_decorator.py took 0.058 seconds
[2024-02-19T12:27:40.765+0000] {processor.py:153} INFO - Started process (PID=826) to work on /home/airflow/.local/lib/python3.7/site-packages/airflow/example_dags/example_branch_operator_decorator.py
[2024-02-19T12:27:40.766+0000] {processor.py:743} INFO - Processing file /home/airflow/.local/lib/python3.7/site-packages/airflow/example_dags/example_branch_operator_decorator.py for tasks to queue
[2024-02-19T12:27:40.766+0000] {logging_mixin.py:137} INFO - [2024-02-19T12:27:40.766+0000] {dagbag.py:538} INFO - Filling up the DagBag from /home/airflow/.local/lib/python3.7/site-packages/airflow/example_dags/example_branch_operator_decorator.py
[2024-02-19T12:27:40.780+0000] {processor.py:753} INFO - DAG(s) dict_keys(['example_branch_python_operator_decorator']) retrieved from /home/airflow/.local/lib/python3.7/site-packages/airflow/example_dags/example_branch_operator_decorator.py
[2024-02-19T12:27:40.795+0000] {logging_mixin.py:137} INFO - [2024-02-19T12:27:40.795+0000] {dag.py:2690} INFO - Sync 1 DAGs
[2024-02-19T12:27:40.809+0000] {logging_mixin.py:137} INFO - [2024-02-19T12:27:40.809+0000] {dag.py:3441} INFO - Setting next_dagrun for example_branch_python_operator_decorator to 2024-02-18T00:00:00+00:00, run_after=2024-02-19T00:00:00+00:00
[2024-02-19T12:27:40.819+0000] {processor.py:175} INFO - Processing /home/airflow/.local/lib/python3.7/site-packages/airflow/example_dags/example_branch_operator_decorator.py took 0.056 seconds
[2024-02-19T12:28:11.154+0000] {processor.py:153} INFO - Started process (PID=962) to work on /home/airflow/.local/lib/python3.7/site-packages/airflow/example_dags/example_branch_operator_decorator.py
[2024-02-19T12:28:11.154+0000] {processor.py:743} INFO - Processing file /home/airflow/.local/lib/python3.7/site-packages/airflow/example_dags/example_branch_operator_decorator.py for tasks to queue
[2024-02-19T12:28:11.155+0000] {logging_mixin.py:137} INFO - [2024-02-19T12:28:11.154+0000] {dagbag.py:538} INFO - Filling up the DagBag from /home/airflow/.local/lib/python3.7/site-packages/airflow/example_dags/example_branch_operator_decorator.py
[2024-02-19T12:28:11.170+0000] {processor.py:753} INFO - DAG(s) dict_keys(['example_branch_python_operator_decorator']) retrieved from /home/airflow/.local/lib/python3.7/site-packages/airflow/example_dags/example_branch_operator_decorator.py
[2024-02-19T12:28:11.184+0000] {logging_mixin.py:137} INFO - [2024-02-19T12:28:11.184+0000] {dag.py:2690} INFO - Sync 1 DAGs
[2024-02-19T12:28:11.198+0000] {logging_mixin.py:137} INFO - [2024-02-19T12:28:11.198+0000] {dag.py:3441} INFO - Setting next_dagrun for example_branch_python_operator_decorator to 2024-02-18T00:00:00+00:00, run_after=2024-02-19T00:00:00+00:00
[2024-02-19T12:28:11.209+0000] {processor.py:175} INFO - Processing /home/airflow/.local/lib/python3.7/site-packages/airflow/example_dags/example_branch_operator_decorator.py took 0.057 seconds
[2024-02-19T12:28:41.638+0000] {processor.py:153} INFO - Started process (PID=1065) to work on /home/airflow/.local/lib/python3.7/site-packages/airflow/example_dags/example_branch_operator_decorator.py
[2024-02-19T12:28:41.639+0000] {processor.py:743} INFO - Processing file /home/airflow/.local/lib/python3.7/site-packages/airflow/example_dags/example_branch_operator_decorator.py for tasks to queue
[2024-02-19T12:28:41.639+0000] {logging_mixin.py:137} INFO - [2024-02-19T12:28:41.639+0000] {dagbag.py:538} INFO - Filling up the DagBag from /home/airflow/.local/lib/python3.7/site-packages/airflow/example_dags/example_branch_operator_decorator.py
[2024-02-19T12:28:41.653+0000] {processor.py:753} INFO - DAG(s) dict_keys(['example_branch_python_operator_decorator']) retrieved from /home/airflow/.local/lib/python3.7/site-packages/airflow/example_dags/example_branch_operator_decorator.py
[2024-02-19T12:28:41.667+0000] {logging_mixin.py:137} INFO - [2024-02-19T12:28:41.667+0000] {dag.py:2690} INFO - Sync 1 DAGs
[2024-02-19T12:28:41.682+0000] {logging_mixin.py:137} INFO - [2024-02-19T12:28:41.682+0000] {dag.py:3441} INFO - Setting next_dagrun for example_branch_python_operator_decorator to 2024-02-18T00:00:00+00:00, run_after=2024-02-19T00:00:00+00:00
[2024-02-19T12:28:41.692+0000] {processor.py:175} INFO - Processing /home/airflow/.local/lib/python3.7/site-packages/airflow/example_dags/example_branch_operator_decorator.py took 0.056 seconds
[2024-02-19T12:29:12.249+0000] {processor.py:153} INFO - Started process (PID=1200) to work on /home/airflow/.local/lib/python3.7/site-packages/airflow/example_dags/example_branch_operator_decorator.py
[2024-02-19T12:29:12.249+0000] {processor.py:743} INFO - Processing file /home/airflow/.local/lib/python3.7/site-packages/airflow/example_dags/example_branch_operator_decorator.py for tasks to queue
[2024-02-19T12:29:12.250+0000] {logging_mixin.py:137} INFO - [2024-02-19T12:29:12.250+0000] {dagbag.py:538} INFO - Filling up the DagBag from /home/airflow/.local/lib/python3.7/site-packages/airflow/example_dags/example_branch_operator_decorator.py
[2024-02-19T12:29:12.264+0000] {processor.py:753} INFO - DAG(s) dict_keys(['example_branch_python_operator_decorator']) retrieved from /home/airflow/.local/lib/python3.7/site-packages/airflow/example_dags/example_branch_operator_decorator.py
[2024-02-19T12:29:12.279+0000] {logging_mixin.py:137} INFO - [2024-02-19T12:29:12.279+0000] {dag.py:2690} INFO - Sync 1 DAGs
[2024-02-19T12:29:12.295+0000] {logging_mixin.py:137} INFO - [2024-02-19T12:29:12.295+0000] {dag.py:3441} INFO - Setting next_dagrun for example_branch_python_operator_decorator to 2024-02-18T00:00:00+00:00, run_after=2024-02-19T00:00:00+00:00
[2024-02-19T12:29:12.306+0000] {processor.py:175} INFO - Processing /home/airflow/.local/lib/python3.7/site-packages/airflow/example_dags/example_branch_operator_decorator.py took 0.059 seconds
[2024-02-19T12:29:42.768+0000] {processor.py:153} INFO - Started process (PID=1335) to work on /home/airflow/.local/lib/python3.7/site-packages/airflow/example_dags/example_branch_operator_decorator.py
[2024-02-19T12:29:42.768+0000] {processor.py:743} INFO - Processing file /home/airflow/.local/lib/python3.7/site-packages/airflow/example_dags/example_branch_operator_decorator.py for tasks to queue
[2024-02-19T12:29:42.769+0000] {logging_mixin.py:137} INFO - [2024-02-19T12:29:42.769+0000] {dagbag.py:538} INFO - Filling up the DagBag from /home/airflow/.local/lib/python3.7/site-packages/airflow/example_dags/example_branch_operator_decorator.py
[2024-02-19T12:29:42.787+0000] {processor.py:753} INFO - DAG(s) dict_keys(['example_branch_python_operator_decorator']) retrieved from /home/airflow/.local/lib/python3.7/site-packages/airflow/example_dags/example_branch_operator_decorator.py
[2024-02-19T12:29:42.805+0000] {logging_mixin.py:137} INFO - [2024-02-19T12:29:42.804+0000] {dag.py:2690} INFO - Sync 1 DAGs
[2024-02-19T12:29:42.820+0000] {logging_mixin.py:137} INFO - [2024-02-19T12:29:42.820+0000] {dag.py:3441} INFO - Setting next_dagrun for example_branch_python_operator_decorator to 2024-02-18T00:00:00+00:00, run_after=2024-02-19T00:00:00+00:00
[2024-02-19T12:29:42.831+0000] {processor.py:175} INFO - Processing /home/airflow/.local/lib/python3.7/site-packages/airflow/example_dags/example_branch_operator_decorator.py took 0.066 seconds
[2024-02-19T12:30:13.296+0000] {processor.py:153} INFO - Started process (PID=1438) to work on /home/airflow/.local/lib/python3.7/site-packages/airflow/example_dags/example_branch_operator_decorator.py
[2024-02-19T12:30:13.297+0000] {processor.py:743} INFO - Processing file /home/airflow/.local/lib/python3.7/site-packages/airflow/example_dags/example_branch_operator_decorator.py for tasks to queue
[2024-02-19T12:30:13.297+0000] {logging_mixin.py:137} INFO - [2024-02-19T12:30:13.297+0000] {dagbag.py:538} INFO - Filling up the DagBag from /home/airflow/.local/lib/python3.7/site-packages/airflow/example_dags/example_branch_operator_decorator.py
[2024-02-19T12:30:13.311+0000] {processor.py:753} INFO - DAG(s) dict_keys(['example_branch_python_operator_decorator']) retrieved from /home/airflow/.local/lib/python3.7/site-packages/airflow/example_dags/example_branch_operator_decorator.py
[2024-02-19T12:30:13.325+0000] {logging_mixin.py:137} INFO - [2024-02-19T12:30:13.325+0000] {dag.py:2690} INFO - Sync 1 DAGs
[2024-02-19T12:30:13.339+0000] {logging_mixin.py:137} INFO - [2024-02-19T12:30:13.339+0000] {dag.py:3441} INFO - Setting next_dagrun for example_branch_python_operator_decorator to 2024-02-18T00:00:00+00:00, run_after=2024-02-19T00:00:00+00:00
[2024-02-19T12:30:13.350+0000] {processor.py:175} INFO - Processing /home/airflow/.local/lib/python3.7/site-packages/airflow/example_dags/example_branch_operator_decorator.py took 0.056 seconds
[2024-02-19T12:30:43.755+0000] {processor.py:153} INFO - Started process (PID=1573) to work on /home/airflow/.local/lib/python3.7/site-packages/airflow/example_dags/example_branch_operator_decorator.py
[2024-02-19T12:30:43.756+0000] {processor.py:743} INFO - Processing file /home/airflow/.local/lib/python3.7/site-packages/airflow/example_dags/example_branch_operator_decorator.py for tasks to queue
[2024-02-19T12:30:43.756+0000] {logging_mixin.py:137} INFO - [2024-02-19T12:30:43.756+0000] {dagbag.py:538} INFO - Filling up the DagBag from /home/airflow/.local/lib/python3.7/site-packages/airflow/example_dags/example_branch_operator_decorator.py
[2024-02-19T12:30:43.770+0000] {processor.py:753} INFO - DAG(s) dict_keys(['example_branch_python_operator_decorator']) retrieved from /home/airflow/.local/lib/python3.7/site-packages/airflow/example_dags/example_branch_operator_decorator.py
[2024-02-19T12:30:43.785+0000] {logging_mixin.py:137} INFO - [2024-02-19T12:30:43.785+0000] {dag.py:2690} INFO - Sync 1 DAGs
[2024-02-19T12:30:43.800+0000] {logging_mixin.py:137} INFO - [2024-02-19T12:30:43.800+0000] {dag.py:3441} INFO - Setting next_dagrun for example_branch_python_operator_decorator to 2024-02-18T00:00:00+00:00, run_after=2024-02-19T00:00:00+00:00
[2024-02-19T12:30:43.811+0000] {processor.py:175} INFO - Processing /home/airflow/.local/lib/python3.7/site-packages/airflow/example_dags/example_branch_operator_decorator.py took 0.058 seconds
[2024-02-19T12:31:14.248+0000] {processor.py:153} INFO - Started process (PID=1708) to work on /home/airflow/.local/lib/python3.7/site-packages/airflow/example_dags/example_branch_operator_decorator.py
[2024-02-19T12:31:14.248+0000] {processor.py:743} INFO - Processing file /home/airflow/.local/lib/python3.7/site-packages/airflow/example_dags/example_branch_operator_decorator.py for tasks to queue
[2024-02-19T12:31:14.249+0000] {logging_mixin.py:137} INFO - [2024-02-19T12:31:14.249+0000] {dagbag.py:538} INFO - Filling up the DagBag from /home/airflow/.local/lib/python3.7/site-packages/airflow/example_dags/example_branch_operator_decorator.py
[2024-02-19T12:31:14.263+0000] {processor.py:753} INFO - DAG(s) dict_keys(['example_branch_python_operator_decorator']) retrieved from /home/airflow/.local/lib/python3.7/site-packages/airflow/example_dags/example_branch_operator_decorator.py
[2024-02-19T12:31:14.278+0000] {logging_mixin.py:137} INFO - [2024-02-19T12:31:14.278+0000] {dag.py:2690} INFO - Sync 1 DAGs
[2024-02-19T12:31:14.294+0000] {logging_mixin.py:137} INFO - [2024-02-19T12:31:14.294+0000] {dag.py:3441} INFO - Setting next_dagrun for example_branch_python_operator_decorator to 2024-02-18T00:00:00+00:00, run_after=2024-02-19T00:00:00+00:00
[2024-02-19T12:31:14.304+0000] {processor.py:175} INFO - Processing /home/airflow/.local/lib/python3.7/site-packages/airflow/example_dags/example_branch_operator_decorator.py took 0.058 seconds
[2024-02-19T12:31:44.636+0000] {processor.py:153} INFO - Started process (PID=1811) to work on /home/airflow/.local/lib/python3.7/site-packages/airflow/example_dags/example_branch_operator_decorator.py
[2024-02-19T12:31:44.637+0000] {processor.py:743} INFO - Processing file /home/airflow/.local/lib/python3.7/site-packages/airflow/example_dags/example_branch_operator_decorator.py for tasks to queue
[2024-02-19T12:31:44.637+0000] {logging_mixin.py:137} INFO - [2024-02-19T12:31:44.637+0000] {dagbag.py:538} INFO - Filling up the DagBag from /home/airflow/.local/lib/python3.7/site-packages/airflow/example_dags/example_branch_operator_decorator.py
[2024-02-19T12:31:44.652+0000] {processor.py:753} INFO - DAG(s) dict_keys(['example_branch_python_operator_decorator']) retrieved from /home/airflow/.local/lib/python3.7/site-packages/airflow/example_dags/example_branch_operator_decorator.py
[2024-02-19T12:31:44.666+0000] {logging_mixin.py:137} INFO - [2024-02-19T12:31:44.666+0000] {dag.py:2690} INFO - Sync 1 DAGs
[2024-02-19T12:31:44.681+0000] {logging_mixin.py:137} INFO - [2024-02-19T12:31:44.681+0000] {dag.py:3441} INFO - Setting next_dagrun for example_branch_python_operator_decorator to 2024-02-18T00:00:00+00:00, run_after=2024-02-19T00:00:00+00:00
[2024-02-19T12:31:44.691+0000] {processor.py:175} INFO - Processing /home/airflow/.local/lib/python3.7/site-packages/airflow/example_dags/example_branch_operator_decorator.py took 0.057 seconds
[2024-02-19T12:32:15.152+0000] {processor.py:153} INFO - Started process (PID=1946) to work on /home/airflow/.local/lib/python3.7/site-packages/airflow/example_dags/example_branch_operator_decorator.py
[2024-02-19T12:32:15.153+0000] {processor.py:743} INFO - Processing file /home/airflow/.local/lib/python3.7/site-packages/airflow/example_dags/example_branch_operator_decorator.py for tasks to queue
[2024-02-19T12:32:15.153+0000] {logging_mixin.py:137} INFO - [2024-02-19T12:32:15.153+0000] {dagbag.py:538} INFO - Filling up the DagBag from /home/airflow/.local/lib/python3.7/site-packages/airflow/example_dags/example_branch_operator_decorator.py
[2024-02-19T12:32:15.168+0000] {processor.py:753} INFO - DAG(s) dict_keys(['example_branch_python_operator_decorator']) retrieved from /home/airflow/.local/lib/python3.7/site-packages/airflow/example_dags/example_branch_operator_decorator.py
[2024-02-19T12:32:15.182+0000] {logging_mixin.py:137} INFO - [2024-02-19T12:32:15.182+0000] {dag.py:2690} INFO - Sync 1 DAGs
[2024-02-19T12:32:15.198+0000] {logging_mixin.py:137} INFO - [2024-02-19T12:32:15.198+0000] {dag.py:3441} INFO - Setting next_dagrun for example_branch_python_operator_decorator to 2024-02-18T00:00:00+00:00, run_after=2024-02-19T00:00:00+00:00
[2024-02-19T12:32:15.208+0000] {processor.py:175} INFO - Processing /home/airflow/.local/lib/python3.7/site-packages/airflow/example_dags/example_branch_operator_decorator.py took 0.058 seconds
[2024-02-19T12:32:45.695+0000] {processor.py:153} INFO - Started process (PID=2081) to work on /home/airflow/.local/lib/python3.7/site-packages/airflow/example_dags/example_branch_operator_decorator.py
[2024-02-19T12:32:45.696+0000] {processor.py:743} INFO - Processing file /home/airflow/.local/lib/python3.7/site-packages/airflow/example_dags/example_branch_operator_decorator.py for tasks to queue
[2024-02-19T12:32:45.696+0000] {logging_mixin.py:137} INFO - [2024-02-19T12:32:45.696+0000] {dagbag.py:538} INFO - Filling up the DagBag from /home/airflow/.local/lib/python3.7/site-packages/airflow/example_dags/example_branch_operator_decorator.py
[2024-02-19T12:32:45.710+0000] {processor.py:753} INFO - DAG(s) dict_keys(['example_branch_python_operator_decorator']) retrieved from /home/airflow/.local/lib/python3.7/site-packages/airflow/example_dags/example_branch_operator_decorator.py
[2024-02-19T12:32:45.726+0000] {logging_mixin.py:137} INFO - [2024-02-19T12:32:45.726+0000] {dag.py:2690} INFO - Sync 1 DAGs
[2024-02-19T12:32:45.742+0000] {logging_mixin.py:137} INFO - [2024-02-19T12:32:45.742+0000] {dag.py:3441} INFO - Setting next_dagrun for example_branch_python_operator_decorator to 2024-02-18T00:00:00+00:00, run_after=2024-02-19T00:00:00+00:00
[2024-02-19T12:32:45.753+0000] {processor.py:175} INFO - Processing /home/airflow/.local/lib/python3.7/site-packages/airflow/example_dags/example_branch_operator_decorator.py took 0.060 seconds
[2024-02-19T12:33:16.226+0000] {processor.py:153} INFO - Started process (PID=2184) to work on /home/airflow/.local/lib/python3.7/site-packages/airflow/example_dags/example_branch_operator_decorator.py
[2024-02-19T12:33:16.227+0000] {processor.py:743} INFO - Processing file /home/airflow/.local/lib/python3.7/site-packages/airflow/example_dags/example_branch_operator_decorator.py for tasks to queue
[2024-02-19T12:33:16.227+0000] {logging_mixin.py:137} INFO - [2024-02-19T12:33:16.227+0000] {dagbag.py:538} INFO - Filling up the DagBag from /home/airflow/.local/lib/python3.7/site-packages/airflow/example_dags/example_branch_operator_decorator.py
[2024-02-19T12:33:16.241+0000] {processor.py:753} INFO - DAG(s) dict_keys(['example_branch_python_operator_decorator']) retrieved from /home/airflow/.local/lib/python3.7/site-packages/airflow/example_dags/example_branch_operator_decorator.py
[2024-02-19T12:33:16.256+0000] {logging_mixin.py:137} INFO - [2024-02-19T12:33:16.256+0000] {dag.py:2690} INFO - Sync 1 DAGs
[2024-02-19T12:33:16.270+0000] {logging_mixin.py:137} INFO - [2024-02-19T12:33:16.270+0000] {dag.py:3441} INFO - Setting next_dagrun for example_branch_python_operator_decorator to 2024-02-18T00:00:00+00:00, run_after=2024-02-19T00:00:00+00:00
[2024-02-19T12:33:16.281+0000] {processor.py:175} INFO - Processing /home/airflow/.local/lib/python3.7/site-packages/airflow/example_dags/example_branch_operator_decorator.py took 0.057 seconds
[2024-02-19T12:33:46.663+0000] {processor.py:153} INFO - Started process (PID=2319) to work on /home/airflow/.local/lib/python3.7/site-packages/airflow/example_dags/example_branch_operator_decorator.py
[2024-02-19T12:33:46.664+0000] {processor.py:743} INFO - Processing file /home/airflow/.local/lib/python3.7/site-packages/airflow/example_dags/example_branch_operator_decorator.py for tasks to queue
[2024-02-19T12:33:46.664+0000] {logging_mixin.py:137} INFO - [2024-02-19T12:33:46.664+0000] {dagbag.py:538} INFO - Filling up the DagBag from /home/airflow/.local/lib/python3.7/site-packages/airflow/example_dags/example_branch_operator_decorator.py
[2024-02-19T12:33:46.679+0000] {processor.py:753} INFO - DAG(s) dict_keys(['example_branch_python_operator_decorator']) retrieved from /home/airflow/.local/lib/python3.7/site-packages/airflow/example_dags/example_branch_operator_decorator.py
[2024-02-19T12:33:46.693+0000] {logging_mixin.py:137} INFO - [2024-02-19T12:33:46.693+0000] {dag.py:2690} INFO - Sync 1 DAGs
[2024-02-19T12:33:46.707+0000] {logging_mixin.py:137} INFO - [2024-02-19T12:33:46.707+0000] {dag.py:3441} INFO - Setting next_dagrun for example_branch_python_operator_decorator to 2024-02-18T00:00:00+00:00, run_after=2024-02-19T00:00:00+00:00
[2024-02-19T12:33:46.718+0000] {processor.py:175} INFO - Processing /home/airflow/.local/lib/python3.7/site-packages/airflow/example_dags/example_branch_operator_decorator.py took 0.056 seconds
[2024-02-19T12:34:17.045+0000] {processor.py:153} INFO - Started process (PID=2454) to work on /home/airflow/.local/lib/python3.7/site-packages/airflow/example_dags/example_branch_operator_decorator.py
[2024-02-19T12:34:17.045+0000] {processor.py:743} INFO - Processing file /home/airflow/.local/lib/python3.7/site-packages/airflow/example_dags/example_branch_operator_decorator.py for tasks to queue
[2024-02-19T12:34:17.046+0000] {logging_mixin.py:137} INFO - [2024-02-19T12:34:17.046+0000] {dagbag.py:538} INFO - Filling up the DagBag from /home/airflow/.local/lib/python3.7/site-packages/airflow/example_dags/example_branch_operator_decorator.py
[2024-02-19T12:34:17.059+0000] {processor.py:753} INFO - DAG(s) dict_keys(['example_branch_python_operator_decorator']) retrieved from /home/airflow/.local/lib/python3.7/site-packages/airflow/example_dags/example_branch_operator_decorator.py
[2024-02-19T12:34:17.073+0000] {logging_mixin.py:137} INFO - [2024-02-19T12:34:17.072+0000] {dag.py:2690} INFO - Sync 1 DAGs
[2024-02-19T12:34:17.087+0000] {logging_mixin.py:137} INFO - [2024-02-19T12:34:17.087+0000] {dag.py:3441} INFO - Setting next_dagrun for example_branch_python_operator_decorator to 2024-02-18T00:00:00+00:00, run_after=2024-02-19T00:00:00+00:00
[2024-02-19T12:34:17.098+0000] {processor.py:175} INFO - Processing /home/airflow/.local/lib/python3.7/site-packages/airflow/example_dags/example_branch_operator_decorator.py took 0.055 seconds
[2024-02-19T12:34:47.644+0000] {processor.py:153} INFO - Started process (PID=2557) to work on /home/airflow/.local/lib/python3.7/site-packages/airflow/example_dags/example_branch_operator_decorator.py
[2024-02-19T12:34:47.645+0000] {processor.py:743} INFO - Processing file /home/airflow/.local/lib/python3.7/site-packages/airflow/example_dags/example_branch_operator_decorator.py for tasks to queue
[2024-02-19T12:34:47.645+0000] {logging_mixin.py:137} INFO - [2024-02-19T12:34:47.645+0000] {dagbag.py:538} INFO - Filling up the DagBag from /home/airflow/.local/lib/python3.7/site-packages/airflow/example_dags/example_branch_operator_decorator.py
[2024-02-19T12:34:47.659+0000] {processor.py:753} INFO - DAG(s) dict_keys(['example_branch_python_operator_decorator']) retrieved from /home/airflow/.local/lib/python3.7/site-packages/airflow/example_dags/example_branch_operator_decorator.py
[2024-02-19T12:34:47.673+0000] {logging_mixin.py:137} INFO - [2024-02-19T12:34:47.673+0000] {dag.py:2690} INFO - Sync 1 DAGs
[2024-02-19T12:34:47.688+0000] {logging_mixin.py:137} INFO - [2024-02-19T12:34:47.688+0000] {dag.py:3441} INFO - Setting next_dagrun for example_branch_python_operator_decorator to 2024-02-18T00:00:00+00:00, run_after=2024-02-19T00:00:00+00:00
[2024-02-19T12:34:47.700+0000] {processor.py:175} INFO - Processing /home/airflow/.local/lib/python3.7/site-packages/airflow/example_dags/example_branch_operator_decorator.py took 0.058 seconds
[2024-02-19T12:35:18.212+0000] {processor.py:153} INFO - Started process (PID=2692) to work on /home/airflow/.local/lib/python3.7/site-packages/airflow/example_dags/example_branch_operator_decorator.py
[2024-02-19T12:35:18.213+0000] {processor.py:743} INFO - Processing file /home/airflow/.local/lib/python3.7/site-packages/airflow/example_dags/example_branch_operator_decorator.py for tasks to queue
[2024-02-19T12:35:18.213+0000] {logging_mixin.py:137} INFO - [2024-02-19T12:35:18.213+0000] {dagbag.py:538} INFO - Filling up the DagBag from /home/airflow/.local/lib/python3.7/site-packages/airflow/example_dags/example_branch_operator_decorator.py
[2024-02-19T12:35:18.228+0000] {processor.py:753} INFO - DAG(s) dict_keys(['example_branch_python_operator_decorator']) retrieved from /home/airflow/.local/lib/python3.7/site-packages/airflow/example_dags/example_branch_operator_decorator.py
[2024-02-19T12:35:18.243+0000] {logging_mixin.py:137} INFO - [2024-02-19T12:35:18.243+0000] {dag.py:2690} INFO - Sync 1 DAGs
[2024-02-19T12:35:18.259+0000] {logging_mixin.py:137} INFO - [2024-02-19T12:35:18.259+0000] {dag.py:3441} INFO - Setting next_dagrun for example_branch_python_operator_decorator to 2024-02-18T00:00:00+00:00, run_after=2024-02-19T00:00:00+00:00
[2024-02-19T12:35:18.270+0000] {processor.py:175} INFO - Processing /home/airflow/.local/lib/python3.7/site-packages/airflow/example_dags/example_branch_operator_decorator.py took 0.059 seconds
[2024-02-19T12:35:48.705+0000] {processor.py:153} INFO - Started process (PID=2827) to work on /home/airflow/.local/lib/python3.7/site-packages/airflow/example_dags/example_branch_operator_decorator.py
[2024-02-19T12:35:48.706+0000] {processor.py:743} INFO - Processing file /home/airflow/.local/lib/python3.7/site-packages/airflow/example_dags/example_branch_operator_decorator.py for tasks to queue
[2024-02-19T12:35:48.706+0000] {logging_mixin.py:137} INFO - [2024-02-19T12:35:48.706+0000] {dagbag.py:538} INFO - Filling up the DagBag from /home/airflow/.local/lib/python3.7/site-packages/airflow/example_dags/example_branch_operator_decorator.py
[2024-02-19T12:35:48.720+0000] {processor.py:753} INFO - DAG(s) dict_keys(['example_branch_python_operator_decorator']) retrieved from /home/airflow/.local/lib/python3.7/site-packages/airflow/example_dags/example_branch_operator_decorator.py
[2024-02-19T12:35:48.735+0000] {logging_mixin.py:137} INFO - [2024-02-19T12:35:48.734+0000] {dag.py:2690} INFO - Sync 1 DAGs
[2024-02-19T12:35:48.749+0000] {logging_mixin.py:137} INFO - [2024-02-19T12:35:48.749+0000] {dag.py:3441} INFO - Setting next_dagrun for example_branch_python_operator_decorator to 2024-02-18T00:00:00+00:00, run_after=2024-02-19T00:00:00+00:00
[2024-02-19T12:35:48.760+0000] {processor.py:175} INFO - Processing /home/airflow/.local/lib/python3.7/site-packages/airflow/example_dags/example_branch_operator_decorator.py took 0.057 seconds
[2024-02-19T12:36:19.298+0000] {processor.py:153} INFO - Started process (PID=2930) to work on /home/airflow/.local/lib/python3.7/site-packages/airflow/example_dags/example_branch_operator_decorator.py
[2024-02-19T12:36:19.298+0000] {processor.py:743} INFO - Processing file /home/airflow/.local/lib/python3.7/site-packages/airflow/example_dags/example_branch_operator_decorator.py for tasks to queue
[2024-02-19T12:36:19.299+0000] {logging_mixin.py:137} INFO - [2024-02-19T12:36:19.299+0000] {dagbag.py:538} INFO - Filling up the DagBag from /home/airflow/.local/lib/python3.7/site-packages/airflow/example_dags/example_branch_operator_decorator.py
[2024-02-19T12:36:19.314+0000] {processor.py:753} INFO - DAG(s) dict_keys(['example_branch_python_operator_decorator']) retrieved from /home/airflow/.local/lib/python3.7/site-packages/airflow/example_dags/example_branch_operator_decorator.py
[2024-02-19T12:36:19.327+0000] {logging_mixin.py:137} INFO - [2024-02-19T12:36:19.327+0000] {dag.py:2690} INFO - Sync 1 DAGs
[2024-02-19T12:36:19.342+0000] {logging_mixin.py:137} INFO - [2024-02-19T12:36:19.342+0000] {dag.py:3441} INFO - Setting next_dagrun for example_branch_python_operator_decorator to 2024-02-18T00:00:00+00:00, run_after=2024-02-19T00:00:00+00:00
[2024-02-19T12:36:19.353+0000] {processor.py:175} INFO - Processing /home/airflow/.local/lib/python3.7/site-packages/airflow/example_dags/example_branch_operator_decorator.py took 0.057 seconds
[2024-02-19T12:36:49.740+0000] {processor.py:153} INFO - Started process (PID=3065) to work on /home/airflow/.local/lib/python3.7/site-packages/airflow/example_dags/example_branch_operator_decorator.py
[2024-02-19T12:36:49.741+0000] {processor.py:743} INFO - Processing file /home/airflow/.local/lib/python3.7/site-packages/airflow/example_dags/example_branch_operator_decorator.py for tasks to queue
[2024-02-19T12:36:49.741+0000] {logging_mixin.py:137} INFO - [2024-02-19T12:36:49.741+0000] {dagbag.py:538} INFO - Filling up the DagBag from /home/airflow/.local/lib/python3.7/site-packages/airflow/example_dags/example_branch_operator_decorator.py
[2024-02-19T12:36:49.756+0000] {processor.py:753} INFO - DAG(s) dict_keys(['example_branch_python_operator_decorator']) retrieved from /home/airflow/.local/lib/python3.7/site-packages/airflow/example_dags/example_branch_operator_decorator.py
[2024-02-19T12:36:49.771+0000] {logging_mixin.py:137} INFO - [2024-02-19T12:36:49.771+0000] {dag.py:2690} INFO - Sync 1 DAGs
[2024-02-19T12:36:49.786+0000] {logging_mixin.py:137} INFO - [2024-02-19T12:36:49.786+0000] {dag.py:3441} INFO - Setting next_dagrun for example_branch_python_operator_decorator to 2024-02-18T00:00:00+00:00, run_after=2024-02-19T00:00:00+00:00
[2024-02-19T12:36:49.796+0000] {processor.py:175} INFO - Processing /home/airflow/.local/lib/python3.7/site-packages/airflow/example_dags/example_branch_operator_decorator.py took 0.058 seconds
[2024-02-19T12:37:20.213+0000] {processor.py:153} INFO - Started process (PID=3200) to work on /home/airflow/.local/lib/python3.7/site-packages/airflow/example_dags/example_branch_operator_decorator.py
[2024-02-19T12:37:20.214+0000] {processor.py:743} INFO - Processing file /home/airflow/.local/lib/python3.7/site-packages/airflow/example_dags/example_branch_operator_decorator.py for tasks to queue
[2024-02-19T12:37:20.214+0000] {logging_mixin.py:137} INFO - [2024-02-19T12:37:20.214+0000] {dagbag.py:538} INFO - Filling up the DagBag from /home/airflow/.local/lib/python3.7/site-packages/airflow/example_dags/example_branch_operator_decorator.py
[2024-02-19T12:37:20.228+0000] {processor.py:753} INFO - DAG(s) dict_keys(['example_branch_python_operator_decorator']) retrieved from /home/airflow/.local/lib/python3.7/site-packages/airflow/example_dags/example_branch_operator_decorator.py
[2024-02-19T12:37:20.242+0000] {logging_mixin.py:137} INFO - [2024-02-19T12:37:20.242+0000] {dag.py:2690} INFO - Sync 1 DAGs
[2024-02-19T12:37:20.257+0000] {logging_mixin.py:137} INFO - [2024-02-19T12:37:20.257+0000] {dag.py:3441} INFO - Setting next_dagrun for example_branch_python_operator_decorator to 2024-02-18T00:00:00+00:00, run_after=2024-02-19T00:00:00+00:00
[2024-02-19T12:37:20.269+0000] {processor.py:175} INFO - Processing /home/airflow/.local/lib/python3.7/site-packages/airflow/example_dags/example_branch_operator_decorator.py took 0.058 seconds
[2024-02-19T12:37:50.664+0000] {processor.py:153} INFO - Started process (PID=3303) to work on /home/airflow/.local/lib/python3.7/site-packages/airflow/example_dags/example_branch_operator_decorator.py
[2024-02-19T12:37:50.665+0000] {processor.py:743} INFO - Processing file /home/airflow/.local/lib/python3.7/site-packages/airflow/example_dags/example_branch_operator_decorator.py for tasks to queue
[2024-02-19T12:37:50.665+0000] {logging_mixin.py:137} INFO - [2024-02-19T12:37:50.665+0000] {dagbag.py:538} INFO - Filling up the DagBag from /home/airflow/.local/lib/python3.7/site-packages/airflow/example_dags/example_branch_operator_decorator.py
[2024-02-19T12:37:50.679+0000] {processor.py:753} INFO - DAG(s) dict_keys(['example_branch_python_operator_decorator']) retrieved from /home/airflow/.local/lib/python3.7/site-packages/airflow/example_dags/example_branch_operator_decorator.py
[2024-02-19T12:37:50.693+0000] {logging_mixin.py:137} INFO - [2024-02-19T12:37:50.692+0000] {dag.py:2690} INFO - Sync 1 DAGs
[2024-02-19T12:37:50.707+0000] {logging_mixin.py:137} INFO - [2024-02-19T12:37:50.707+0000] {dag.py:3441} INFO - Setting next_dagrun for example_branch_python_operator_decorator to 2024-02-18T00:00:00+00:00, run_after=2024-02-19T00:00:00+00:00
[2024-02-19T12:37:50.718+0000] {processor.py:175} INFO - Processing /home/airflow/.local/lib/python3.7/site-packages/airflow/example_dags/example_branch_operator_decorator.py took 0.056 seconds
[2024-02-19T12:38:21.283+0000] {processor.py:153} INFO - Started process (PID=3438) to work on /home/airflow/.local/lib/python3.7/site-packages/airflow/example_dags/example_branch_operator_decorator.py
[2024-02-19T12:38:21.283+0000] {processor.py:743} INFO - Processing file /home/airflow/.local/lib/python3.7/site-packages/airflow/example_dags/example_branch_operator_decorator.py for tasks to queue
[2024-02-19T12:38:21.284+0000] {logging_mixin.py:137} INFO - [2024-02-19T12:38:21.283+0000] {dagbag.py:538} INFO - Filling up the DagBag from /home/airflow/.local/lib/python3.7/site-packages/airflow/example_dags/example_branch_operator_decorator.py
[2024-02-19T12:38:21.298+0000] {processor.py:753} INFO - DAG(s) dict_keys(['example_branch_python_operator_decorator']) retrieved from /home/airflow/.local/lib/python3.7/site-packages/airflow/example_dags/example_branch_operator_decorator.py
[2024-02-19T12:38:21.312+0000] {logging_mixin.py:137} INFO - [2024-02-19T12:38:21.312+0000] {dag.py:2690} INFO - Sync 1 DAGs
[2024-02-19T12:38:21.328+0000] {logging_mixin.py:137} INFO - [2024-02-19T12:38:21.328+0000] {dag.py:3441} INFO - Setting next_dagrun for example_branch_python_operator_decorator to 2024-02-18T00:00:00+00:00, run_after=2024-02-19T00:00:00+00:00
[2024-02-19T12:38:21.338+0000] {processor.py:175} INFO - Processing /home/airflow/.local/lib/python3.7/site-packages/airflow/example_dags/example_branch_operator_decorator.py took 0.057 seconds
[2024-02-19T12:38:51.821+0000] {processor.py:153} INFO - Started process (PID=3573) to work on /home/airflow/.local/lib/python3.7/site-packages/airflow/example_dags/example_branch_operator_decorator.py
[2024-02-19T12:38:51.822+0000] {processor.py:743} INFO - Processing file /home/airflow/.local/lib/python3.7/site-packages/airflow/example_dags/example_branch_operator_decorator.py for tasks to queue
[2024-02-19T12:38:51.822+0000] {logging_mixin.py:137} INFO - [2024-02-19T12:38:51.822+0000] {dagbag.py:538} INFO - Filling up the DagBag from /home/airflow/.local/lib/python3.7/site-packages/airflow/example_dags/example_branch_operator_decorator.py
[2024-02-19T12:38:51.837+0000] {processor.py:753} INFO - DAG(s) dict_keys(['example_branch_python_operator_decorator']) retrieved from /home/airflow/.local/lib/python3.7/site-packages/airflow/example_dags/example_branch_operator_decorator.py
[2024-02-19T12:38:51.852+0000] {logging_mixin.py:137} INFO - [2024-02-19T12:38:51.852+0000] {dag.py:2690} INFO - Sync 1 DAGs
[2024-02-19T12:38:51.867+0000] {logging_mixin.py:137} INFO - [2024-02-19T12:38:51.867+0000] {dag.py:3441} INFO - Setting next_dagrun for example_branch_python_operator_decorator to 2024-02-18T00:00:00+00:00, run_after=2024-02-19T00:00:00+00:00
[2024-02-19T12:38:51.877+0000] {processor.py:175} INFO - Processing /home/airflow/.local/lib/python3.7/site-packages/airflow/example_dags/example_branch_operator_decorator.py took 0.058 seconds
[2024-02-19T12:39:22.362+0000] {processor.py:153} INFO - Started process (PID=3676) to work on /home/airflow/.local/lib/python3.7/site-packages/airflow/example_dags/example_branch_operator_decorator.py
[2024-02-19T12:39:22.362+0000] {processor.py:743} INFO - Processing file /home/airflow/.local/lib/python3.7/site-packages/airflow/example_dags/example_branch_operator_decorator.py for tasks to queue
[2024-02-19T12:39:22.363+0000] {logging_mixin.py:137} INFO - [2024-02-19T12:39:22.363+0000] {dagbag.py:538} INFO - Filling up the DagBag from /home/airflow/.local/lib/python3.7/site-packages/airflow/example_dags/example_branch_operator_decorator.py
[2024-02-19T12:39:22.379+0000] {processor.py:753} INFO - DAG(s) dict_keys(['example_branch_python_operator_decorator']) retrieved from /home/airflow/.local/lib/python3.7/site-packages/airflow/example_dags/example_branch_operator_decorator.py
[2024-02-19T12:39:22.393+0000] {logging_mixin.py:137} INFO - [2024-02-19T12:39:22.393+0000] {dag.py:2690} INFO - Sync 1 DAGs
[2024-02-19T12:39:22.408+0000] {logging_mixin.py:137} INFO - [2024-02-19T12:39:22.408+0000] {dag.py:3441} INFO - Setting next_dagrun for example_branch_python_operator_decorator to 2024-02-18T00:00:00+00:00, run_after=2024-02-19T00:00:00+00:00
[2024-02-19T12:39:22.419+0000] {processor.py:175} INFO - Processing /home/airflow/.local/lib/python3.7/site-packages/airflow/example_dags/example_branch_operator_decorator.py took 0.059 seconds
[2024-02-19T12:39:52.906+0000] {processor.py:153} INFO - Started process (PID=3811) to work on /home/airflow/.local/lib/python3.7/site-packages/airflow/example_dags/example_branch_operator_decorator.py
[2024-02-19T12:39:52.906+0000] {processor.py:743} INFO - Processing file /home/airflow/.local/lib/python3.7/site-packages/airflow/example_dags/example_branch_operator_decorator.py for tasks to queue
[2024-02-19T12:39:52.907+0000] {logging_mixin.py:137} INFO - [2024-02-19T12:39:52.907+0000] {dagbag.py:538} INFO - Filling up the DagBag from /home/airflow/.local/lib/python3.7/site-packages/airflow/example_dags/example_branch_operator_decorator.py
[2024-02-19T12:39:52.922+0000] {processor.py:753} INFO - DAG(s) dict_keys(['example_branch_python_operator_decorator']) retrieved from /home/airflow/.local/lib/python3.7/site-packages/airflow/example_dags/example_branch_operator_decorator.py
[2024-02-19T12:39:52.936+0000] {logging_mixin.py:137} INFO - [2024-02-19T12:39:52.936+0000] {dag.py:2690} INFO - Sync 1 DAGs
[2024-02-19T12:39:52.951+0000] {logging_mixin.py:137} INFO - [2024-02-19T12:39:52.951+0000] {dag.py:3441} INFO - Setting next_dagrun for example_branch_python_operator_decorator to 2024-02-18T00:00:00+00:00, run_after=2024-02-19T00:00:00+00:00
[2024-02-19T12:39:52.962+0000] {processor.py:175} INFO - Processing /home/airflow/.local/lib/python3.7/site-packages/airflow/example_dags/example_branch_operator_decorator.py took 0.058 seconds
[2024-02-19T12:40:23.361+0000] {processor.py:153} INFO - Started process (PID=3946) to work on /home/airflow/.local/lib/python3.7/site-packages/airflow/example_dags/example_branch_operator_decorator.py
[2024-02-19T12:40:23.362+0000] {processor.py:743} INFO - Processing file /home/airflow/.local/lib/python3.7/site-packages/airflow/example_dags/example_branch_operator_decorator.py for tasks to queue
[2024-02-19T12:40:23.362+0000] {logging_mixin.py:137} INFO - [2024-02-19T12:40:23.362+0000] {dagbag.py:538} INFO - Filling up the DagBag from /home/airflow/.local/lib/python3.7/site-packages/airflow/example_dags/example_branch_operator_decorator.py
[2024-02-19T12:40:23.377+0000] {processor.py:753} INFO - DAG(s) dict_keys(['example_branch_python_operator_decorator']) retrieved from /home/airflow/.local/lib/python3.7/site-packages/airflow/example_dags/example_branch_operator_decorator.py
[2024-02-19T12:40:23.392+0000] {logging_mixin.py:137} INFO - [2024-02-19T12:40:23.392+0000] {dag.py:2690} INFO - Sync 1 DAGs
[2024-02-19T12:40:23.407+0000] {logging_mixin.py:137} INFO - [2024-02-19T12:40:23.407+0000] {dag.py:3441} INFO - Setting next_dagrun for example_branch_python_operator_decorator to 2024-02-18T00:00:00+00:00, run_after=2024-02-19T00:00:00+00:00
[2024-02-19T12:40:23.418+0000] {processor.py:175} INFO - Processing /home/airflow/.local/lib/python3.7/site-packages/airflow/example_dags/example_branch_operator_decorator.py took 0.059 seconds
[2024-02-19T12:40:53.826+0000] {processor.py:153} INFO - Started process (PID=4050) to work on /home/airflow/.local/lib/python3.7/site-packages/airflow/example_dags/example_branch_operator_decorator.py
[2024-02-19T12:40:53.827+0000] {processor.py:743} INFO - Processing file /home/airflow/.local/lib/python3.7/site-packages/airflow/example_dags/example_branch_operator_decorator.py for tasks to queue
[2024-02-19T12:40:53.827+0000] {logging_mixin.py:137} INFO - [2024-02-19T12:40:53.827+0000] {dagbag.py:538} INFO - Filling up the DagBag from /home/airflow/.local/lib/python3.7/site-packages/airflow/example_dags/example_branch_operator_decorator.py
[2024-02-19T12:40:53.841+0000] {processor.py:753} INFO - DAG(s) dict_keys(['example_branch_python_operator_decorator']) retrieved from /home/airflow/.local/lib/python3.7/site-packages/airflow/example_dags/example_branch_operator_decorator.py
[2024-02-19T12:40:53.855+0000] {logging_mixin.py:137} INFO - [2024-02-19T12:40:53.855+0000] {dag.py:2690} INFO - Sync 1 DAGs
[2024-02-19T12:40:53.870+0000] {logging_mixin.py:137} INFO - [2024-02-19T12:40:53.870+0000] {dag.py:3441} INFO - Setting next_dagrun for example_branch_python_operator_decorator to 2024-02-18T00:00:00+00:00, run_after=2024-02-19T00:00:00+00:00
[2024-02-19T12:40:53.881+0000] {processor.py:175} INFO - Processing /home/airflow/.local/lib/python3.7/site-packages/airflow/example_dags/example_branch_operator_decorator.py took 0.057 seconds
[2024-02-19T12:41:24.233+0000] {processor.py:153} INFO - Started process (PID=4185) to work on /home/airflow/.local/lib/python3.7/site-packages/airflow/example_dags/example_branch_operator_decorator.py
[2024-02-19T12:41:24.234+0000] {processor.py:743} INFO - Processing file /home/airflow/.local/lib/python3.7/site-packages/airflow/example_dags/example_branch_operator_decorator.py for tasks to queue
[2024-02-19T12:41:24.234+0000] {logging_mixin.py:137} INFO - [2024-02-19T12:41:24.234+0000] {dagbag.py:538} INFO - Filling up the DagBag from /home/airflow/.local/lib/python3.7/site-packages/airflow/example_dags/example_branch_operator_decorator.py
[2024-02-19T12:41:24.248+0000] {processor.py:753} INFO - DAG(s) dict_keys(['example_branch_python_operator_decorator']) retrieved from /home/airflow/.local/lib/python3.7/site-packages/airflow/example_dags/example_branch_operator_decorator.py
[2024-02-19T12:41:24.262+0000] {logging_mixin.py:137} INFO - [2024-02-19T12:41:24.262+0000] {dag.py:2690} INFO - Sync 1 DAGs
[2024-02-19T12:41:24.277+0000] {logging_mixin.py:137} INFO - [2024-02-19T12:41:24.277+0000] {dag.py:3441} INFO - Setting next_dagrun for example_branch_python_operator_decorator to 2024-02-18T00:00:00+00:00, run_after=2024-02-19T00:00:00+00:00
[2024-02-19T12:41:24.288+0000] {processor.py:175} INFO - Processing /home/airflow/.local/lib/python3.7/site-packages/airflow/example_dags/example_branch_operator_decorator.py took 0.057 seconds
[2024-02-19T12:41:55.059+0000] {processor.py:153} INFO - Started process (PID=4320) to work on /home/airflow/.local/lib/python3.7/site-packages/airflow/example_dags/example_branch_operator_decorator.py
[2024-02-19T12:41:55.060+0000] {processor.py:743} INFO - Processing file /home/airflow/.local/lib/python3.7/site-packages/airflow/example_dags/example_branch_operator_decorator.py for tasks to queue
[2024-02-19T12:41:55.060+0000] {logging_mixin.py:137} INFO - [2024-02-19T12:41:55.060+0000] {dagbag.py:538} INFO - Filling up the DagBag from /home/airflow/.local/lib/python3.7/site-packages/airflow/example_dags/example_branch_operator_decorator.py
[2024-02-19T12:41:55.079+0000] {processor.py:753} INFO - DAG(s) dict_keys(['example_branch_python_operator_decorator']) retrieved from /home/airflow/.local/lib/python3.7/site-packages/airflow/example_dags/example_branch_operator_decorator.py
[2024-02-19T12:41:55.094+0000] {logging_mixin.py:137} INFO - [2024-02-19T12:41:55.094+0000] {dag.py:2690} INFO - Sync 1 DAGs
[2024-02-19T12:41:55.112+0000] {logging_mixin.py:137} INFO - [2024-02-19T12:41:55.112+0000] {dag.py:3441} INFO - Setting next_dagrun for example_branch_python_operator_decorator to 2024-02-18T00:00:00+00:00, run_after=2024-02-19T00:00:00+00:00
[2024-02-19T12:41:55.124+0000] {processor.py:175} INFO - Processing /home/airflow/.local/lib/python3.7/site-packages/airflow/example_dags/example_branch_operator_decorator.py took 0.067 seconds
[2024-02-19T12:42:25.551+0000] {processor.py:153} INFO - Started process (PID=4423) to work on /home/airflow/.local/lib/python3.7/site-packages/airflow/example_dags/example_branch_operator_decorator.py
[2024-02-19T12:42:25.551+0000] {processor.py:743} INFO - Processing file /home/airflow/.local/lib/python3.7/site-packages/airflow/example_dags/example_branch_operator_decorator.py for tasks to queue
[2024-02-19T12:42:25.552+0000] {logging_mixin.py:137} INFO - [2024-02-19T12:42:25.552+0000] {dagbag.py:538} INFO - Filling up the DagBag from /home/airflow/.local/lib/python3.7/site-packages/airflow/example_dags/example_branch_operator_decorator.py
[2024-02-19T12:42:25.566+0000] {processor.py:753} INFO - DAG(s) dict_keys(['example_branch_python_operator_decorator']) retrieved from /home/airflow/.local/lib/python3.7/site-packages/airflow/example_dags/example_branch_operator_decorator.py
[2024-02-19T12:42:25.580+0000] {logging_mixin.py:137} INFO - [2024-02-19T12:42:25.580+0000] {dag.py:2690} INFO - Sync 1 DAGs
[2024-02-19T12:42:25.594+0000] {logging_mixin.py:137} INFO - [2024-02-19T12:42:25.594+0000] {dag.py:3441} INFO - Setting next_dagrun for example_branch_python_operator_decorator to 2024-02-18T00:00:00+00:00, run_after=2024-02-19T00:00:00+00:00
[2024-02-19T12:42:25.605+0000] {processor.py:175} INFO - Processing /home/airflow/.local/lib/python3.7/site-packages/airflow/example_dags/example_branch_operator_decorator.py took 0.056 seconds
[2024-02-19T12:42:56.021+0000] {processor.py:153} INFO - Started process (PID=4558) to work on /home/airflow/.local/lib/python3.7/site-packages/airflow/example_dags/example_branch_operator_decorator.py
[2024-02-19T12:42:56.022+0000] {processor.py:743} INFO - Processing file /home/airflow/.local/lib/python3.7/site-packages/airflow/example_dags/example_branch_operator_decorator.py for tasks to queue
[2024-02-19T12:42:56.022+0000] {logging_mixin.py:137} INFO - [2024-02-19T12:42:56.022+0000] {dagbag.py:538} INFO - Filling up the DagBag from /home/airflow/.local/lib/python3.7/site-packages/airflow/example_dags/example_branch_operator_decorator.py
[2024-02-19T12:42:56.036+0000] {processor.py:753} INFO - DAG(s) dict_keys(['example_branch_python_operator_decorator']) retrieved from /home/airflow/.local/lib/python3.7/site-packages/airflow/example_dags/example_branch_operator_decorator.py
[2024-02-19T12:42:56.050+0000] {logging_mixin.py:137} INFO - [2024-02-19T12:42:56.050+0000] {dag.py:2690} INFO - Sync 1 DAGs
[2024-02-19T12:42:56.064+0000] {logging_mixin.py:137} INFO - [2024-02-19T12:42:56.064+0000] {dag.py:3441} INFO - Setting next_dagrun for example_branch_python_operator_decorator to 2024-02-18T00:00:00+00:00, run_after=2024-02-19T00:00:00+00:00
[2024-02-19T12:42:56.075+0000] {processor.py:175} INFO - Processing /home/airflow/.local/lib/python3.7/site-packages/airflow/example_dags/example_branch_operator_decorator.py took 0.055 seconds
[2024-02-19T12:43:26.876+0000] {processor.py:153} INFO - Started process (PID=4693) to work on /home/airflow/.local/lib/python3.7/site-packages/airflow/example_dags/example_branch_operator_decorator.py
[2024-02-19T12:43:26.877+0000] {processor.py:743} INFO - Processing file /home/airflow/.local/lib/python3.7/site-packages/airflow/example_dags/example_branch_operator_decorator.py for tasks to queue
[2024-02-19T12:43:26.877+0000] {logging_mixin.py:137} INFO - [2024-02-19T12:43:26.877+0000] {dagbag.py:538} INFO - Filling up the DagBag from /home/airflow/.local/lib/python3.7/site-packages/airflow/example_dags/example_branch_operator_decorator.py
[2024-02-19T12:43:26.893+0000] {processor.py:753} INFO - DAG(s) dict_keys(['example_branch_python_operator_decorator']) retrieved from /home/airflow/.local/lib/python3.7/site-packages/airflow/example_dags/example_branch_operator_decorator.py
[2024-02-19T12:43:26.908+0000] {logging_mixin.py:137} INFO - [2024-02-19T12:43:26.908+0000] {dag.py:2690} INFO - Sync 1 DAGs
[2024-02-19T12:43:26.924+0000] {logging_mixin.py:137} INFO - [2024-02-19T12:43:26.924+0000] {dag.py:3441} INFO - Setting next_dagrun for example_branch_python_operator_decorator to 2024-02-18T00:00:00+00:00, run_after=2024-02-19T00:00:00+00:00
[2024-02-19T12:43:26.935+0000] {processor.py:175} INFO - Processing /home/airflow/.local/lib/python3.7/site-packages/airflow/example_dags/example_branch_operator_decorator.py took 0.062 seconds
[2024-02-19T12:43:57.292+0000] {processor.py:153} INFO - Started process (PID=4796) to work on /home/airflow/.local/lib/python3.7/site-packages/airflow/example_dags/example_branch_operator_decorator.py
[2024-02-19T12:43:57.293+0000] {processor.py:743} INFO - Processing file /home/airflow/.local/lib/python3.7/site-packages/airflow/example_dags/example_branch_operator_decorator.py for tasks to queue
[2024-02-19T12:43:57.294+0000] {logging_mixin.py:137} INFO - [2024-02-19T12:43:57.293+0000] {dagbag.py:538} INFO - Filling up the DagBag from /home/airflow/.local/lib/python3.7/site-packages/airflow/example_dags/example_branch_operator_decorator.py
[2024-02-19T12:43:57.307+0000] {processor.py:753} INFO - DAG(s) dict_keys(['example_branch_python_operator_decorator']) retrieved from /home/airflow/.local/lib/python3.7/site-packages/airflow/example_dags/example_branch_operator_decorator.py
[2024-02-19T12:43:57.322+0000] {logging_mixin.py:137} INFO - [2024-02-19T12:43:57.322+0000] {dag.py:2690} INFO - Sync 1 DAGs
[2024-02-19T12:43:57.337+0000] {logging_mixin.py:137} INFO - [2024-02-19T12:43:57.337+0000] {dag.py:3441} INFO - Setting next_dagrun for example_branch_python_operator_decorator to 2024-02-18T00:00:00+00:00, run_after=2024-02-19T00:00:00+00:00
[2024-02-19T12:43:57.347+0000] {processor.py:175} INFO - Processing /home/airflow/.local/lib/python3.7/site-packages/airflow/example_dags/example_branch_operator_decorator.py took 0.057 seconds
[2024-02-19T12:44:27.741+0000] {processor.py:153} INFO - Started process (PID=4930) to work on /home/airflow/.local/lib/python3.7/site-packages/airflow/example_dags/example_branch_operator_decorator.py
[2024-02-19T12:44:27.742+0000] {processor.py:743} INFO - Processing file /home/airflow/.local/lib/python3.7/site-packages/airflow/example_dags/example_branch_operator_decorator.py for tasks to queue
[2024-02-19T12:44:27.742+0000] {logging_mixin.py:137} INFO - [2024-02-19T12:44:27.742+0000] {dagbag.py:538} INFO - Filling up the DagBag from /home/airflow/.local/lib/python3.7/site-packages/airflow/example_dags/example_branch_operator_decorator.py
[2024-02-19T12:44:27.757+0000] {processor.py:753} INFO - DAG(s) dict_keys(['example_branch_python_operator_decorator']) retrieved from /home/airflow/.local/lib/python3.7/site-packages/airflow/example_dags/example_branch_operator_decorator.py
[2024-02-19T12:44:27.772+0000] {logging_mixin.py:137} INFO - [2024-02-19T12:44:27.772+0000] {dag.py:2690} INFO - Sync 1 DAGs
[2024-02-19T12:44:27.787+0000] {logging_mixin.py:137} INFO - [2024-02-19T12:44:27.787+0000] {dag.py:3441} INFO - Setting next_dagrun for example_branch_python_operator_decorator to 2024-02-18T00:00:00+00:00, run_after=2024-02-19T00:00:00+00:00
[2024-02-19T12:44:27.798+0000] {processor.py:175} INFO - Processing /home/airflow/.local/lib/python3.7/site-packages/airflow/example_dags/example_branch_operator_decorator.py took 0.059 seconds
[2024-02-19T12:44:58.575+0000] {processor.py:153} INFO - Started process (PID=5065) to work on /home/airflow/.local/lib/python3.7/site-packages/airflow/example_dags/example_branch_operator_decorator.py
[2024-02-19T12:44:58.575+0000] {processor.py:743} INFO - Processing file /home/airflow/.local/lib/python3.7/site-packages/airflow/example_dags/example_branch_operator_decorator.py for tasks to queue
[2024-02-19T12:44:58.576+0000] {logging_mixin.py:137} INFO - [2024-02-19T12:44:58.576+0000] {dagbag.py:538} INFO - Filling up the DagBag from /home/airflow/.local/lib/python3.7/site-packages/airflow/example_dags/example_branch_operator_decorator.py
[2024-02-19T12:44:58.590+0000] {processor.py:753} INFO - DAG(s) dict_keys(['example_branch_python_operator_decorator']) retrieved from /home/airflow/.local/lib/python3.7/site-packages/airflow/example_dags/example_branch_operator_decorator.py
[2024-02-19T12:44:58.605+0000] {logging_mixin.py:137} INFO - [2024-02-19T12:44:58.605+0000] {dag.py:2690} INFO - Sync 1 DAGs
[2024-02-19T12:44:58.622+0000] {logging_mixin.py:137} INFO - [2024-02-19T12:44:58.622+0000] {dag.py:3441} INFO - Setting next_dagrun for example_branch_python_operator_decorator to 2024-02-18T00:00:00+00:00, run_after=2024-02-19T00:00:00+00:00
[2024-02-19T12:44:58.634+0000] {processor.py:175} INFO - Processing /home/airflow/.local/lib/python3.7/site-packages/airflow/example_dags/example_branch_operator_decorator.py took 0.061 seconds
[2024-02-19T12:45:29.011+0000] {processor.py:153} INFO - Started process (PID=5168) to work on /home/airflow/.local/lib/python3.7/site-packages/airflow/example_dags/example_branch_operator_decorator.py
[2024-02-19T12:45:29.012+0000] {processor.py:743} INFO - Processing file /home/airflow/.local/lib/python3.7/site-packages/airflow/example_dags/example_branch_operator_decorator.py for tasks to queue
[2024-02-19T12:45:29.012+0000] {logging_mixin.py:137} INFO - [2024-02-19T12:45:29.012+0000] {dagbag.py:538} INFO - Filling up the DagBag from /home/airflow/.local/lib/python3.7/site-packages/airflow/example_dags/example_branch_operator_decorator.py
[2024-02-19T12:45:29.026+0000] {processor.py:753} INFO - DAG(s) dict_keys(['example_branch_python_operator_decorator']) retrieved from /home/airflow/.local/lib/python3.7/site-packages/airflow/example_dags/example_branch_operator_decorator.py
[2024-02-19T12:45:29.041+0000] {logging_mixin.py:137} INFO - [2024-02-19T12:45:29.040+0000] {dag.py:2690} INFO - Sync 1 DAGs
[2024-02-19T12:45:29.056+0000] {logging_mixin.py:137} INFO - [2024-02-19T12:45:29.056+0000] {dag.py:3441} INFO - Setting next_dagrun for example_branch_python_operator_decorator to 2024-02-18T00:00:00+00:00, run_after=2024-02-19T00:00:00+00:00
[2024-02-19T12:45:29.075+0000] {processor.py:175} INFO - Processing /home/airflow/.local/lib/python3.7/site-packages/airflow/example_dags/example_branch_operator_decorator.py took 0.065 seconds
[2024-02-19T12:45:59.530+0000] {processor.py:153} INFO - Started process (PID=5303) to work on /home/airflow/.local/lib/python3.7/site-packages/airflow/example_dags/example_branch_operator_decorator.py
[2024-02-19T12:45:59.530+0000] {processor.py:743} INFO - Processing file /home/airflow/.local/lib/python3.7/site-packages/airflow/example_dags/example_branch_operator_decorator.py for tasks to queue
[2024-02-19T12:45:59.531+0000] {logging_mixin.py:137} INFO - [2024-02-19T12:45:59.531+0000] {dagbag.py:538} INFO - Filling up the DagBag from /home/airflow/.local/lib/python3.7/site-packages/airflow/example_dags/example_branch_operator_decorator.py
[2024-02-19T12:45:59.545+0000] {processor.py:753} INFO - DAG(s) dict_keys(['example_branch_python_operator_decorator']) retrieved from /home/airflow/.local/lib/python3.7/site-packages/airflow/example_dags/example_branch_operator_decorator.py
[2024-02-19T12:45:59.559+0000] {logging_mixin.py:137} INFO - [2024-02-19T12:45:59.559+0000] {dag.py:2690} INFO - Sync 1 DAGs
[2024-02-19T12:45:59.575+0000] {logging_mixin.py:137} INFO - [2024-02-19T12:45:59.575+0000] {dag.py:3441} INFO - Setting next_dagrun for example_branch_python_operator_decorator to 2024-02-18T00:00:00+00:00, run_after=2024-02-19T00:00:00+00:00
[2024-02-19T12:45:59.594+0000] {processor.py:175} INFO - Processing /home/airflow/.local/lib/python3.7/site-packages/airflow/example_dags/example_branch_operator_decorator.py took 0.066 seconds
[2024-02-19T12:46:30.304+0000] {processor.py:153} INFO - Started process (PID=5438) to work on /home/airflow/.local/lib/python3.7/site-packages/airflow/example_dags/example_branch_operator_decorator.py
[2024-02-19T12:46:30.305+0000] {processor.py:743} INFO - Processing file /home/airflow/.local/lib/python3.7/site-packages/airflow/example_dags/example_branch_operator_decorator.py for tasks to queue
[2024-02-19T12:46:30.305+0000] {logging_mixin.py:137} INFO - [2024-02-19T12:46:30.305+0000] {dagbag.py:538} INFO - Filling up the DagBag from /home/airflow/.local/lib/python3.7/site-packages/airflow/example_dags/example_branch_operator_decorator.py
[2024-02-19T12:46:30.319+0000] {processor.py:753} INFO - DAG(s) dict_keys(['example_branch_python_operator_decorator']) retrieved from /home/airflow/.local/lib/python3.7/site-packages/airflow/example_dags/example_branch_operator_decorator.py
[2024-02-19T12:46:30.335+0000] {logging_mixin.py:137} INFO - [2024-02-19T12:46:30.334+0000] {dag.py:2690} INFO - Sync 1 DAGs
[2024-02-19T12:46:30.350+0000] {logging_mixin.py:137} INFO - [2024-02-19T12:46:30.350+0000] {dag.py:3441} INFO - Setting next_dagrun for example_branch_python_operator_decorator to 2024-02-18T00:00:00+00:00, run_after=2024-02-19T00:00:00+00:00
[2024-02-19T12:46:30.364+0000] {processor.py:175} INFO - Processing /home/airflow/.local/lib/python3.7/site-packages/airflow/example_dags/example_branch_operator_decorator.py took 0.062 seconds
[2024-02-19T12:47:00.735+0000] {processor.py:153} INFO - Started process (PID=5541) to work on /home/airflow/.local/lib/python3.7/site-packages/airflow/example_dags/example_branch_operator_decorator.py
[2024-02-19T12:47:00.735+0000] {processor.py:743} INFO - Processing file /home/airflow/.local/lib/python3.7/site-packages/airflow/example_dags/example_branch_operator_decorator.py for tasks to queue
[2024-02-19T12:47:00.736+0000] {logging_mixin.py:137} INFO - [2024-02-19T12:47:00.736+0000] {dagbag.py:538} INFO - Filling up the DagBag from /home/airflow/.local/lib/python3.7/site-packages/airflow/example_dags/example_branch_operator_decorator.py
[2024-02-19T12:47:00.750+0000] {processor.py:753} INFO - DAG(s) dict_keys(['example_branch_python_operator_decorator']) retrieved from /home/airflow/.local/lib/python3.7/site-packages/airflow/example_dags/example_branch_operator_decorator.py
[2024-02-19T12:47:00.765+0000] {logging_mixin.py:137} INFO - [2024-02-19T12:47:00.765+0000] {dag.py:2690} INFO - Sync 1 DAGs
[2024-02-19T12:47:00.780+0000] {logging_mixin.py:137} INFO - [2024-02-19T12:47:00.780+0000] {dag.py:3441} INFO - Setting next_dagrun for example_branch_python_operator_decorator to 2024-02-18T00:00:00+00:00, run_after=2024-02-19T00:00:00+00:00
[2024-02-19T12:47:00.791+0000] {processor.py:175} INFO - Processing /home/airflow/.local/lib/python3.7/site-packages/airflow/example_dags/example_branch_operator_decorator.py took 0.058 seconds
[2024-02-19T12:47:31.185+0000] {processor.py:153} INFO - Started process (PID=5676) to work on /home/airflow/.local/lib/python3.7/site-packages/airflow/example_dags/example_branch_operator_decorator.py
[2024-02-19T12:47:31.185+0000] {processor.py:743} INFO - Processing file /home/airflow/.local/lib/python3.7/site-packages/airflow/example_dags/example_branch_operator_decorator.py for tasks to queue
[2024-02-19T12:47:31.186+0000] {logging_mixin.py:137} INFO - [2024-02-19T12:47:31.186+0000] {dagbag.py:538} INFO - Filling up the DagBag from /home/airflow/.local/lib/python3.7/site-packages/airflow/example_dags/example_branch_operator_decorator.py
[2024-02-19T12:47:31.201+0000] {processor.py:753} INFO - DAG(s) dict_keys(['example_branch_python_operator_decorator']) retrieved from /home/airflow/.local/lib/python3.7/site-packages/airflow/example_dags/example_branch_operator_decorator.py
[2024-02-19T12:47:31.215+0000] {logging_mixin.py:137} INFO - [2024-02-19T12:47:31.214+0000] {dag.py:2690} INFO - Sync 1 DAGs
[2024-02-19T12:47:31.230+0000] {logging_mixin.py:137} INFO - [2024-02-19T12:47:31.230+0000] {dag.py:3441} INFO - Setting next_dagrun for example_branch_python_operator_decorator to 2024-02-18T00:00:00+00:00, run_after=2024-02-19T00:00:00+00:00
[2024-02-19T12:47:31.242+0000] {processor.py:175} INFO - Processing /home/airflow/.local/lib/python3.7/site-packages/airflow/example_dags/example_branch_operator_decorator.py took 0.059 seconds
[2024-02-19T12:48:01.817+0000] {processor.py:153} INFO - Started process (PID=5811) to work on /home/airflow/.local/lib/python3.7/site-packages/airflow/example_dags/example_branch_operator_decorator.py
[2024-02-19T12:48:01.817+0000] {processor.py:743} INFO - Processing file /home/airflow/.local/lib/python3.7/site-packages/airflow/example_dags/example_branch_operator_decorator.py for tasks to queue
[2024-02-19T12:48:01.818+0000] {logging_mixin.py:137} INFO - [2024-02-19T12:48:01.818+0000] {dagbag.py:538} INFO - Filling up the DagBag from /home/airflow/.local/lib/python3.7/site-packages/airflow/example_dags/example_branch_operator_decorator.py
[2024-02-19T12:48:01.833+0000] {processor.py:753} INFO - DAG(s) dict_keys(['example_branch_python_operator_decorator']) retrieved from /home/airflow/.local/lib/python3.7/site-packages/airflow/example_dags/example_branch_operator_decorator.py
[2024-02-19T12:48:01.850+0000] {logging_mixin.py:137} INFO - [2024-02-19T12:48:01.850+0000] {dag.py:2690} INFO - Sync 1 DAGs
[2024-02-19T12:48:01.866+0000] {logging_mixin.py:137} INFO - [2024-02-19T12:48:01.866+0000] {dag.py:3441} INFO - Setting next_dagrun for example_branch_python_operator_decorator to 2024-02-18T00:00:00+00:00, run_after=2024-02-19T00:00:00+00:00
[2024-02-19T12:48:01.878+0000] {processor.py:175} INFO - Processing /home/airflow/.local/lib/python3.7/site-packages/airflow/example_dags/example_branch_operator_decorator.py took 0.064 seconds
[2024-02-19T12:48:32.349+0000] {processor.py:153} INFO - Started process (PID=5914) to work on /home/airflow/.local/lib/python3.7/site-packages/airflow/example_dags/example_branch_operator_decorator.py
[2024-02-19T12:48:32.350+0000] {processor.py:743} INFO - Processing file /home/airflow/.local/lib/python3.7/site-packages/airflow/example_dags/example_branch_operator_decorator.py for tasks to queue
[2024-02-19T12:48:32.350+0000] {logging_mixin.py:137} INFO - [2024-02-19T12:48:32.350+0000] {dagbag.py:538} INFO - Filling up the DagBag from /home/airflow/.local/lib/python3.7/site-packages/airflow/example_dags/example_branch_operator_decorator.py
[2024-02-19T12:48:32.364+0000] {processor.py:753} INFO - DAG(s) dict_keys(['example_branch_python_operator_decorator']) retrieved from /home/airflow/.local/lib/python3.7/site-packages/airflow/example_dags/example_branch_operator_decorator.py
[2024-02-19T12:48:32.380+0000] {logging_mixin.py:137} INFO - [2024-02-19T12:48:32.380+0000] {dag.py:2690} INFO - Sync 1 DAGs
[2024-02-19T12:48:32.396+0000] {logging_mixin.py:137} INFO - [2024-02-19T12:48:32.396+0000] {dag.py:3441} INFO - Setting next_dagrun for example_branch_python_operator_decorator to 2024-02-18T00:00:00+00:00, run_after=2024-02-19T00:00:00+00:00
[2024-02-19T12:48:32.409+0000] {processor.py:175} INFO - Processing /home/airflow/.local/lib/python3.7/site-packages/airflow/example_dags/example_branch_operator_decorator.py took 0.062 seconds
[2024-02-19T12:49:02.966+0000] {processor.py:153} INFO - Started process (PID=6049) to work on /home/airflow/.local/lib/python3.7/site-packages/airflow/example_dags/example_branch_operator_decorator.py
[2024-02-19T12:49:02.966+0000] {processor.py:743} INFO - Processing file /home/airflow/.local/lib/python3.7/site-packages/airflow/example_dags/example_branch_operator_decorator.py for tasks to queue
[2024-02-19T12:49:02.967+0000] {logging_mixin.py:137} INFO - [2024-02-19T12:49:02.966+0000] {dagbag.py:538} INFO - Filling up the DagBag from /home/airflow/.local/lib/python3.7/site-packages/airflow/example_dags/example_branch_operator_decorator.py
[2024-02-19T12:49:02.980+0000] {processor.py:753} INFO - DAG(s) dict_keys(['example_branch_python_operator_decorator']) retrieved from /home/airflow/.local/lib/python3.7/site-packages/airflow/example_dags/example_branch_operator_decorator.py
[2024-02-19T12:49:02.994+0000] {logging_mixin.py:137} INFO - [2024-02-19T12:49:02.994+0000] {dag.py:2690} INFO - Sync 1 DAGs
[2024-02-19T12:49:03.009+0000] {logging_mixin.py:137} INFO - [2024-02-19T12:49:03.009+0000] {dag.py:3441} INFO - Setting next_dagrun for example_branch_python_operator_decorator to 2024-02-18T00:00:00+00:00, run_after=2024-02-19T00:00:00+00:00
[2024-02-19T12:49:03.020+0000] {processor.py:175} INFO - Processing /home/airflow/.local/lib/python3.7/site-packages/airflow/example_dags/example_branch_operator_decorator.py took 0.056 seconds
[2024-02-19T12:49:33.662+0000] {processor.py:153} INFO - Started process (PID=6184) to work on /home/airflow/.local/lib/python3.7/site-packages/airflow/example_dags/example_branch_operator_decorator.py
[2024-02-19T12:49:33.662+0000] {processor.py:743} INFO - Processing file /home/airflow/.local/lib/python3.7/site-packages/airflow/example_dags/example_branch_operator_decorator.py for tasks to queue
[2024-02-19T12:49:33.663+0000] {logging_mixin.py:137} INFO - [2024-02-19T12:49:33.663+0000] {dagbag.py:538} INFO - Filling up the DagBag from /home/airflow/.local/lib/python3.7/site-packages/airflow/example_dags/example_branch_operator_decorator.py
[2024-02-19T12:49:33.678+0000] {processor.py:753} INFO - DAG(s) dict_keys(['example_branch_python_operator_decorator']) retrieved from /home/airflow/.local/lib/python3.7/site-packages/airflow/example_dags/example_branch_operator_decorator.py
[2024-02-19T12:49:33.693+0000] {logging_mixin.py:137} INFO - [2024-02-19T12:49:33.693+0000] {dag.py:2690} INFO - Sync 1 DAGs
[2024-02-19T12:49:33.708+0000] {logging_mixin.py:137} INFO - [2024-02-19T12:49:33.708+0000] {dag.py:3441} INFO - Setting next_dagrun for example_branch_python_operator_decorator to 2024-02-18T00:00:00+00:00, run_after=2024-02-19T00:00:00+00:00
[2024-02-19T12:49:33.719+0000] {processor.py:175} INFO - Processing /home/airflow/.local/lib/python3.7/site-packages/airflow/example_dags/example_branch_operator_decorator.py took 0.059 seconds
[2024-02-19T12:50:04.276+0000] {processor.py:153} INFO - Started process (PID=6287) to work on /home/airflow/.local/lib/python3.7/site-packages/airflow/example_dags/example_branch_operator_decorator.py
[2024-02-19T12:50:04.277+0000] {processor.py:743} INFO - Processing file /home/airflow/.local/lib/python3.7/site-packages/airflow/example_dags/example_branch_operator_decorator.py for tasks to queue
[2024-02-19T12:50:04.277+0000] {logging_mixin.py:137} INFO - [2024-02-19T12:50:04.277+0000] {dagbag.py:538} INFO - Filling up the DagBag from /home/airflow/.local/lib/python3.7/site-packages/airflow/example_dags/example_branch_operator_decorator.py
[2024-02-19T12:50:04.291+0000] {processor.py:753} INFO - DAG(s) dict_keys(['example_branch_python_operator_decorator']) retrieved from /home/airflow/.local/lib/python3.7/site-packages/airflow/example_dags/example_branch_operator_decorator.py
[2024-02-19T12:50:04.305+0000] {logging_mixin.py:137} INFO - [2024-02-19T12:50:04.305+0000] {dag.py:2690} INFO - Sync 1 DAGs
[2024-02-19T12:50:04.320+0000] {logging_mixin.py:137} INFO - [2024-02-19T12:50:04.320+0000] {dag.py:3441} INFO - Setting next_dagrun for example_branch_python_operator_decorator to 2024-02-18T00:00:00+00:00, run_after=2024-02-19T00:00:00+00:00
[2024-02-19T12:50:04.331+0000] {processor.py:175} INFO - Processing /home/airflow/.local/lib/python3.7/site-packages/airflow/example_dags/example_branch_operator_decorator.py took 0.057 seconds
[2024-02-19T12:50:34.681+0000] {processor.py:153} INFO - Started process (PID=6422) to work on /home/airflow/.local/lib/python3.7/site-packages/airflow/example_dags/example_branch_operator_decorator.py
[2024-02-19T12:50:34.682+0000] {processor.py:743} INFO - Processing file /home/airflow/.local/lib/python3.7/site-packages/airflow/example_dags/example_branch_operator_decorator.py for tasks to queue
[2024-02-19T12:50:34.682+0000] {logging_mixin.py:137} INFO - [2024-02-19T12:50:34.682+0000] {dagbag.py:538} INFO - Filling up the DagBag from /home/airflow/.local/lib/python3.7/site-packages/airflow/example_dags/example_branch_operator_decorator.py
[2024-02-19T12:50:34.696+0000] {processor.py:753} INFO - DAG(s) dict_keys(['example_branch_python_operator_decorator']) retrieved from /home/airflow/.local/lib/python3.7/site-packages/airflow/example_dags/example_branch_operator_decorator.py
[2024-02-19T12:50:34.711+0000] {logging_mixin.py:137} INFO - [2024-02-19T12:50:34.711+0000] {dag.py:2690} INFO - Sync 1 DAGs
[2024-02-19T12:50:34.727+0000] {logging_mixin.py:137} INFO - [2024-02-19T12:50:34.727+0000] {dag.py:3441} INFO - Setting next_dagrun for example_branch_python_operator_decorator to 2024-02-18T00:00:00+00:00, run_after=2024-02-19T00:00:00+00:00
[2024-02-19T12:50:34.738+0000] {processor.py:175} INFO - Processing /home/airflow/.local/lib/python3.7/site-packages/airflow/example_dags/example_branch_operator_decorator.py took 0.059 seconds
[2024-02-19T12:51:05.304+0000] {processor.py:153} INFO - Started process (PID=6524) to work on /home/airflow/.local/lib/python3.7/site-packages/airflow/example_dags/example_branch_operator_decorator.py
[2024-02-19T12:51:05.305+0000] {processor.py:743} INFO - Processing file /home/airflow/.local/lib/python3.7/site-packages/airflow/example_dags/example_branch_operator_decorator.py for tasks to queue
[2024-02-19T12:51:05.305+0000] {logging_mixin.py:137} INFO - [2024-02-19T12:51:05.305+0000] {dagbag.py:538} INFO - Filling up the DagBag from /home/airflow/.local/lib/python3.7/site-packages/airflow/example_dags/example_branch_operator_decorator.py
[2024-02-19T12:51:05.327+0000] {processor.py:753} INFO - DAG(s) dict_keys(['example_branch_python_operator_decorator']) retrieved from /home/airflow/.local/lib/python3.7/site-packages/airflow/example_dags/example_branch_operator_decorator.py
[2024-02-19T12:51:05.349+0000] {logging_mixin.py:137} INFO - [2024-02-19T12:51:05.349+0000] {dag.py:2690} INFO - Sync 1 DAGs
[2024-02-19T12:51:05.376+0000] {logging_mixin.py:137} INFO - [2024-02-19T12:51:05.375+0000] {dag.py:3441} INFO - Setting next_dagrun for example_branch_python_operator_decorator to 2024-02-18T00:00:00+00:00, run_after=2024-02-19T00:00:00+00:00
[2024-02-19T12:51:05.395+0000] {processor.py:175} INFO - Processing /home/airflow/.local/lib/python3.7/site-packages/airflow/example_dags/example_branch_operator_decorator.py took 0.094 seconds
[2024-02-19T12:51:36.113+0000] {processor.py:153} INFO - Started process (PID=6659) to work on /home/airflow/.local/lib/python3.7/site-packages/airflow/example_dags/example_branch_operator_decorator.py
[2024-02-19T12:51:36.113+0000] {processor.py:743} INFO - Processing file /home/airflow/.local/lib/python3.7/site-packages/airflow/example_dags/example_branch_operator_decorator.py for tasks to queue
[2024-02-19T12:51:36.114+0000] {logging_mixin.py:137} INFO - [2024-02-19T12:51:36.114+0000] {dagbag.py:538} INFO - Filling up the DagBag from /home/airflow/.local/lib/python3.7/site-packages/airflow/example_dags/example_branch_operator_decorator.py
[2024-02-19T12:51:36.132+0000] {processor.py:753} INFO - DAG(s) dict_keys(['example_branch_python_operator_decorator']) retrieved from /home/airflow/.local/lib/python3.7/site-packages/airflow/example_dags/example_branch_operator_decorator.py
[2024-02-19T12:51:36.150+0000] {logging_mixin.py:137} INFO - [2024-02-19T12:51:36.150+0000] {dag.py:2690} INFO - Sync 1 DAGs
[2024-02-19T12:51:36.168+0000] {logging_mixin.py:137} INFO - [2024-02-19T12:51:36.168+0000] {dag.py:3441} INFO - Setting next_dagrun for example_branch_python_operator_decorator to 2024-02-18T00:00:00+00:00, run_after=2024-02-19T00:00:00+00:00
[2024-02-19T12:51:36.182+0000] {processor.py:175} INFO - Processing /home/airflow/.local/lib/python3.7/site-packages/airflow/example_dags/example_branch_operator_decorator.py took 0.071 seconds
[2024-02-19T12:52:07.419+0000] {processor.py:153} INFO - Started process (PID=6794) to work on /home/airflow/.local/lib/python3.7/site-packages/airflow/example_dags/example_branch_operator_decorator.py
[2024-02-19T12:52:07.419+0000] {processor.py:743} INFO - Processing file /home/airflow/.local/lib/python3.7/site-packages/airflow/example_dags/example_branch_operator_decorator.py for tasks to queue
[2024-02-19T12:52:07.420+0000] {logging_mixin.py:137} INFO - [2024-02-19T12:52:07.420+0000] {dagbag.py:538} INFO - Filling up the DagBag from /home/airflow/.local/lib/python3.7/site-packages/airflow/example_dags/example_branch_operator_decorator.py
[2024-02-19T12:52:07.457+0000] {processor.py:753} INFO - DAG(s) dict_keys(['example_branch_python_operator_decorator']) retrieved from /home/airflow/.local/lib/python3.7/site-packages/airflow/example_dags/example_branch_operator_decorator.py
[2024-02-19T12:52:07.487+0000] {logging_mixin.py:137} INFO - [2024-02-19T12:52:07.487+0000] {dag.py:2690} INFO - Sync 1 DAGs
[2024-02-19T12:52:07.517+0000] {logging_mixin.py:137} INFO - [2024-02-19T12:52:07.517+0000] {dag.py:3441} INFO - Setting next_dagrun for example_branch_python_operator_decorator to 2024-02-18T00:00:00+00:00, run_after=2024-02-19T00:00:00+00:00
[2024-02-19T12:52:07.538+0000] {processor.py:175} INFO - Processing /home/airflow/.local/lib/python3.7/site-packages/airflow/example_dags/example_branch_operator_decorator.py took 0.124 seconds
[2024-02-19T12:52:38.243+0000] {processor.py:153} INFO - Started process (PID=6897) to work on /home/airflow/.local/lib/python3.7/site-packages/airflow/example_dags/example_branch_operator_decorator.py
[2024-02-19T12:52:38.244+0000] {processor.py:743} INFO - Processing file /home/airflow/.local/lib/python3.7/site-packages/airflow/example_dags/example_branch_operator_decorator.py for tasks to queue
[2024-02-19T12:52:38.244+0000] {logging_mixin.py:137} INFO - [2024-02-19T12:52:38.244+0000] {dagbag.py:538} INFO - Filling up the DagBag from /home/airflow/.local/lib/python3.7/site-packages/airflow/example_dags/example_branch_operator_decorator.py
[2024-02-19T12:52:38.260+0000] {processor.py:753} INFO - DAG(s) dict_keys(['example_branch_python_operator_decorator']) retrieved from /home/airflow/.local/lib/python3.7/site-packages/airflow/example_dags/example_branch_operator_decorator.py
[2024-02-19T12:52:38.277+0000] {logging_mixin.py:137} INFO - [2024-02-19T12:52:38.277+0000] {dag.py:2690} INFO - Sync 1 DAGs
[2024-02-19T12:52:38.295+0000] {logging_mixin.py:137} INFO - [2024-02-19T12:52:38.295+0000] {dag.py:3441} INFO - Setting next_dagrun for example_branch_python_operator_decorator to 2024-02-18T00:00:00+00:00, run_after=2024-02-19T00:00:00+00:00
[2024-02-19T12:52:38.308+0000] {processor.py:175} INFO - Processing /home/airflow/.local/lib/python3.7/site-packages/airflow/example_dags/example_branch_operator_decorator.py took 0.067 seconds
[2024-02-19T12:53:09.184+0000] {processor.py:153} INFO - Started process (PID=7032) to work on /home/airflow/.local/lib/python3.7/site-packages/airflow/example_dags/example_branch_operator_decorator.py
[2024-02-19T12:53:09.184+0000] {processor.py:743} INFO - Processing file /home/airflow/.local/lib/python3.7/site-packages/airflow/example_dags/example_branch_operator_decorator.py for tasks to queue
[2024-02-19T12:53:09.185+0000] {logging_mixin.py:137} INFO - [2024-02-19T12:53:09.185+0000] {dagbag.py:538} INFO - Filling up the DagBag from /home/airflow/.local/lib/python3.7/site-packages/airflow/example_dags/example_branch_operator_decorator.py
[2024-02-19T12:53:09.201+0000] {processor.py:753} INFO - DAG(s) dict_keys(['example_branch_python_operator_decorator']) retrieved from /home/airflow/.local/lib/python3.7/site-packages/airflow/example_dags/example_branch_operator_decorator.py
[2024-02-19T12:53:09.217+0000] {logging_mixin.py:137} INFO - [2024-02-19T12:53:09.217+0000] {dag.py:2690} INFO - Sync 1 DAGs
[2024-02-19T12:53:09.234+0000] {logging_mixin.py:137} INFO - [2024-02-19T12:53:09.234+0000] {dag.py:3441} INFO - Setting next_dagrun for example_branch_python_operator_decorator to 2024-02-18T00:00:00+00:00, run_after=2024-02-19T00:00:00+00:00
[2024-02-19T12:53:09.248+0000] {processor.py:175} INFO - Processing /home/airflow/.local/lib/python3.7/site-packages/airflow/example_dags/example_branch_operator_decorator.py took 0.066 seconds
[2024-02-19T12:53:39.883+0000] {processor.py:153} INFO - Started process (PID=7168) to work on /home/airflow/.local/lib/python3.7/site-packages/airflow/example_dags/example_branch_operator_decorator.py
[2024-02-19T12:53:39.884+0000] {processor.py:743} INFO - Processing file /home/airflow/.local/lib/python3.7/site-packages/airflow/example_dags/example_branch_operator_decorator.py for tasks to queue
[2024-02-19T12:53:39.885+0000] {logging_mixin.py:137} INFO - [2024-02-19T12:53:39.885+0000] {dagbag.py:538} INFO - Filling up the DagBag from /home/airflow/.local/lib/python3.7/site-packages/airflow/example_dags/example_branch_operator_decorator.py
[2024-02-19T12:53:39.907+0000] {processor.py:753} INFO - DAG(s) dict_keys(['example_branch_python_operator_decorator']) retrieved from /home/airflow/.local/lib/python3.7/site-packages/airflow/example_dags/example_branch_operator_decorator.py
[2024-02-19T12:53:39.930+0000] {logging_mixin.py:137} INFO - [2024-02-19T12:53:39.929+0000] {dag.py:2690} INFO - Sync 1 DAGs
[2024-02-19T12:53:39.953+0000] {logging_mixin.py:137} INFO - [2024-02-19T12:53:39.953+0000] {dag.py:3441} INFO - Setting next_dagrun for example_branch_python_operator_decorator to 2024-02-18T00:00:00+00:00, run_after=2024-02-19T00:00:00+00:00
[2024-02-19T12:53:39.972+0000] {processor.py:175} INFO - Processing /home/airflow/.local/lib/python3.7/site-packages/airflow/example_dags/example_branch_operator_decorator.py took 0.092 seconds
[2024-02-19T12:54:10.005+0000] {processor.py:153} INFO - Started process (PID=7271) to work on /home/airflow/.local/lib/python3.7/site-packages/airflow/example_dags/example_branch_operator_decorator.py
[2024-02-19T12:54:10.005+0000] {processor.py:743} INFO - Processing file /home/airflow/.local/lib/python3.7/site-packages/airflow/example_dags/example_branch_operator_decorator.py for tasks to queue
[2024-02-19T12:54:10.006+0000] {logging_mixin.py:137} INFO - [2024-02-19T12:54:10.006+0000] {dagbag.py:538} INFO - Filling up the DagBag from /home/airflow/.local/lib/python3.7/site-packages/airflow/example_dags/example_branch_operator_decorator.py
[2024-02-19T12:54:10.023+0000] {processor.py:753} INFO - DAG(s) dict_keys(['example_branch_python_operator_decorator']) retrieved from /home/airflow/.local/lib/python3.7/site-packages/airflow/example_dags/example_branch_operator_decorator.py
[2024-02-19T12:54:10.041+0000] {logging_mixin.py:137} INFO - [2024-02-19T12:54:10.041+0000] {dag.py:2690} INFO - Sync 1 DAGs
[2024-02-19T12:54:10.060+0000] {logging_mixin.py:137} INFO - [2024-02-19T12:54:10.060+0000] {dag.py:3441} INFO - Setting next_dagrun for example_branch_python_operator_decorator to 2024-02-18T00:00:00+00:00, run_after=2024-02-19T00:00:00+00:00
[2024-02-19T12:54:10.074+0000] {processor.py:175} INFO - Processing /home/airflow/.local/lib/python3.7/site-packages/airflow/example_dags/example_branch_operator_decorator.py took 0.072 seconds
[2024-02-19T12:54:41.053+0000] {processor.py:153} INFO - Started process (PID=7406) to work on /home/airflow/.local/lib/python3.7/site-packages/airflow/example_dags/example_branch_operator_decorator.py
[2024-02-19T12:54:41.053+0000] {processor.py:743} INFO - Processing file /home/airflow/.local/lib/python3.7/site-packages/airflow/example_dags/example_branch_operator_decorator.py for tasks to queue
[2024-02-19T12:54:41.054+0000] {logging_mixin.py:137} INFO - [2024-02-19T12:54:41.054+0000] {dagbag.py:538} INFO - Filling up the DagBag from /home/airflow/.local/lib/python3.7/site-packages/airflow/example_dags/example_branch_operator_decorator.py
[2024-02-19T12:54:41.073+0000] {processor.py:753} INFO - DAG(s) dict_keys(['example_branch_python_operator_decorator']) retrieved from /home/airflow/.local/lib/python3.7/site-packages/airflow/example_dags/example_branch_operator_decorator.py
[2024-02-19T12:54:41.094+0000] {logging_mixin.py:137} INFO - [2024-02-19T12:54:41.093+0000] {dag.py:2690} INFO - Sync 1 DAGs
[2024-02-19T12:54:41.116+0000] {logging_mixin.py:137} INFO - [2024-02-19T12:54:41.116+0000] {dag.py:3441} INFO - Setting next_dagrun for example_branch_python_operator_decorator to 2024-02-18T00:00:00+00:00, run_after=2024-02-19T00:00:00+00:00
[2024-02-19T12:54:41.131+0000] {processor.py:175} INFO - Processing /home/airflow/.local/lib/python3.7/site-packages/airflow/example_dags/example_branch_operator_decorator.py took 0.081 seconds
[2024-02-19T12:55:11.770+0000] {processor.py:153} INFO - Started process (PID=7509) to work on /home/airflow/.local/lib/python3.7/site-packages/airflow/example_dags/example_branch_operator_decorator.py
[2024-02-19T12:55:11.770+0000] {processor.py:743} INFO - Processing file /home/airflow/.local/lib/python3.7/site-packages/airflow/example_dags/example_branch_operator_decorator.py for tasks to queue
[2024-02-19T12:55:11.771+0000] {logging_mixin.py:137} INFO - [2024-02-19T12:55:11.771+0000] {dagbag.py:538} INFO - Filling up the DagBag from /home/airflow/.local/lib/python3.7/site-packages/airflow/example_dags/example_branch_operator_decorator.py
[2024-02-19T12:55:11.787+0000] {processor.py:753} INFO - DAG(s) dict_keys(['example_branch_python_operator_decorator']) retrieved from /home/airflow/.local/lib/python3.7/site-packages/airflow/example_dags/example_branch_operator_decorator.py
[2024-02-19T12:55:11.805+0000] {logging_mixin.py:137} INFO - [2024-02-19T12:55:11.805+0000] {dag.py:2690} INFO - Sync 1 DAGs
[2024-02-19T12:55:11.824+0000] {logging_mixin.py:137} INFO - [2024-02-19T12:55:11.824+0000] {dag.py:3441} INFO - Setting next_dagrun for example_branch_python_operator_decorator to 2024-02-18T00:00:00+00:00, run_after=2024-02-19T00:00:00+00:00
[2024-02-19T12:55:11.838+0000] {processor.py:175} INFO - Processing /home/airflow/.local/lib/python3.7/site-packages/airflow/example_dags/example_branch_operator_decorator.py took 0.070 seconds
[2024-02-19T12:55:42.537+0000] {processor.py:153} INFO - Started process (PID=7644) to work on /home/airflow/.local/lib/python3.7/site-packages/airflow/example_dags/example_branch_operator_decorator.py
[2024-02-19T12:55:42.538+0000] {processor.py:743} INFO - Processing file /home/airflow/.local/lib/python3.7/site-packages/airflow/example_dags/example_branch_operator_decorator.py for tasks to queue
[2024-02-19T12:55:42.538+0000] {logging_mixin.py:137} INFO - [2024-02-19T12:55:42.538+0000] {dagbag.py:538} INFO - Filling up the DagBag from /home/airflow/.local/lib/python3.7/site-packages/airflow/example_dags/example_branch_operator_decorator.py
[2024-02-19T12:55:42.557+0000] {processor.py:753} INFO - DAG(s) dict_keys(['example_branch_python_operator_decorator']) retrieved from /home/airflow/.local/lib/python3.7/site-packages/airflow/example_dags/example_branch_operator_decorator.py
[2024-02-19T12:55:42.578+0000] {logging_mixin.py:137} INFO - [2024-02-19T12:55:42.578+0000] {dag.py:2690} INFO - Sync 1 DAGs
[2024-02-19T12:55:42.598+0000] {logging_mixin.py:137} INFO - [2024-02-19T12:55:42.598+0000] {dag.py:3441} INFO - Setting next_dagrun for example_branch_python_operator_decorator to 2024-02-18T00:00:00+00:00, run_after=2024-02-19T00:00:00+00:00
[2024-02-19T12:55:42.614+0000] {processor.py:175} INFO - Processing /home/airflow/.local/lib/python3.7/site-packages/airflow/example_dags/example_branch_operator_decorator.py took 0.080 seconds
[2024-02-19T12:56:13.399+0000] {processor.py:153} INFO - Started process (PID=7779) to work on /home/airflow/.local/lib/python3.7/site-packages/airflow/example_dags/example_branch_operator_decorator.py
[2024-02-19T12:56:13.399+0000] {processor.py:743} INFO - Processing file /home/airflow/.local/lib/python3.7/site-packages/airflow/example_dags/example_branch_operator_decorator.py for tasks to queue
[2024-02-19T12:56:13.400+0000] {logging_mixin.py:137} INFO - [2024-02-19T12:56:13.400+0000] {dagbag.py:538} INFO - Filling up the DagBag from /home/airflow/.local/lib/python3.7/site-packages/airflow/example_dags/example_branch_operator_decorator.py
[2024-02-19T12:56:13.421+0000] {processor.py:753} INFO - DAG(s) dict_keys(['example_branch_python_operator_decorator']) retrieved from /home/airflow/.local/lib/python3.7/site-packages/airflow/example_dags/example_branch_operator_decorator.py
[2024-02-19T12:56:13.442+0000] {logging_mixin.py:137} INFO - [2024-02-19T12:56:13.442+0000] {dag.py:2690} INFO - Sync 1 DAGs
[2024-02-19T12:56:13.465+0000] {logging_mixin.py:137} INFO - [2024-02-19T12:56:13.465+0000] {dag.py:3441} INFO - Setting next_dagrun for example_branch_python_operator_decorator to 2024-02-18T00:00:00+00:00, run_after=2024-02-19T00:00:00+00:00
[2024-02-19T12:56:13.481+0000] {processor.py:175} INFO - Processing /home/airflow/.local/lib/python3.7/site-packages/airflow/example_dags/example_branch_operator_decorator.py took 0.084 seconds
[2024-02-19T12:56:44.172+0000] {processor.py:153} INFO - Started process (PID=7882) to work on /home/airflow/.local/lib/python3.7/site-packages/airflow/example_dags/example_branch_operator_decorator.py
[2024-02-19T12:56:44.173+0000] {processor.py:743} INFO - Processing file /home/airflow/.local/lib/python3.7/site-packages/airflow/example_dags/example_branch_operator_decorator.py for tasks to queue
[2024-02-19T12:56:44.173+0000] {logging_mixin.py:137} INFO - [2024-02-19T12:56:44.173+0000] {dagbag.py:538} INFO - Filling up the DagBag from /home/airflow/.local/lib/python3.7/site-packages/airflow/example_dags/example_branch_operator_decorator.py
[2024-02-19T12:56:44.191+0000] {processor.py:753} INFO - DAG(s) dict_keys(['example_branch_python_operator_decorator']) retrieved from /home/airflow/.local/lib/python3.7/site-packages/airflow/example_dags/example_branch_operator_decorator.py
[2024-02-19T12:56:44.211+0000] {logging_mixin.py:137} INFO - [2024-02-19T12:56:44.211+0000] {dag.py:2690} INFO - Sync 1 DAGs
[2024-02-19T12:56:44.238+0000] {logging_mixin.py:137} INFO - [2024-02-19T12:56:44.237+0000] {dag.py:3441} INFO - Setting next_dagrun for example_branch_python_operator_decorator to 2024-02-18T00:00:00+00:00, run_after=2024-02-19T00:00:00+00:00
[2024-02-19T12:56:44.255+0000] {processor.py:175} INFO - Processing /home/airflow/.local/lib/python3.7/site-packages/airflow/example_dags/example_branch_operator_decorator.py took 0.086 seconds
[2024-02-19T12:57:15.177+0000] {processor.py:153} INFO - Started process (PID=8017) to work on /home/airflow/.local/lib/python3.7/site-packages/airflow/example_dags/example_branch_operator_decorator.py
[2024-02-19T12:57:15.178+0000] {processor.py:743} INFO - Processing file /home/airflow/.local/lib/python3.7/site-packages/airflow/example_dags/example_branch_operator_decorator.py for tasks to queue
[2024-02-19T12:57:15.178+0000] {logging_mixin.py:137} INFO - [2024-02-19T12:57:15.178+0000] {dagbag.py:538} INFO - Filling up the DagBag from /home/airflow/.local/lib/python3.7/site-packages/airflow/example_dags/example_branch_operator_decorator.py
[2024-02-19T12:57:15.197+0000] {processor.py:753} INFO - DAG(s) dict_keys(['example_branch_python_operator_decorator']) retrieved from /home/airflow/.local/lib/python3.7/site-packages/airflow/example_dags/example_branch_operator_decorator.py
[2024-02-19T12:57:15.217+0000] {logging_mixin.py:137} INFO - [2024-02-19T12:57:15.217+0000] {dag.py:2690} INFO - Sync 1 DAGs
[2024-02-19T12:57:15.237+0000] {logging_mixin.py:137} INFO - [2024-02-19T12:57:15.237+0000] {dag.py:3441} INFO - Setting next_dagrun for example_branch_python_operator_decorator to 2024-02-18T00:00:00+00:00, run_after=2024-02-19T00:00:00+00:00
[2024-02-19T12:57:15.252+0000] {processor.py:175} INFO - Processing /home/airflow/.local/lib/python3.7/site-packages/airflow/example_dags/example_branch_operator_decorator.py took 0.077 seconds
[2024-02-19T12:57:45.972+0000] {processor.py:153} INFO - Started process (PID=8152) to work on /home/airflow/.local/lib/python3.7/site-packages/airflow/example_dags/example_branch_operator_decorator.py
[2024-02-19T12:57:45.973+0000] {processor.py:743} INFO - Processing file /home/airflow/.local/lib/python3.7/site-packages/airflow/example_dags/example_branch_operator_decorator.py for tasks to queue
[2024-02-19T12:57:45.974+0000] {logging_mixin.py:137} INFO - [2024-02-19T12:57:45.974+0000] {dagbag.py:538} INFO - Filling up the DagBag from /home/airflow/.local/lib/python3.7/site-packages/airflow/example_dags/example_branch_operator_decorator.py
[2024-02-19T12:57:45.997+0000] {processor.py:753} INFO - DAG(s) dict_keys(['example_branch_python_operator_decorator']) retrieved from /home/airflow/.local/lib/python3.7/site-packages/airflow/example_dags/example_branch_operator_decorator.py
[2024-02-19T12:57:46.020+0000] {logging_mixin.py:137} INFO - [2024-02-19T12:57:46.020+0000] {dag.py:2690} INFO - Sync 1 DAGs
[2024-02-19T12:57:46.044+0000] {logging_mixin.py:137} INFO - [2024-02-19T12:57:46.044+0000] {dag.py:3441} INFO - Setting next_dagrun for example_branch_python_operator_decorator to 2024-02-18T00:00:00+00:00, run_after=2024-02-19T00:00:00+00:00
[2024-02-19T12:57:46.063+0000] {processor.py:175} INFO - Processing /home/airflow/.local/lib/python3.7/site-packages/airflow/example_dags/example_branch_operator_decorator.py took 0.094 seconds
[2024-02-19T12:58:16.151+0000] {processor.py:153} INFO - Started process (PID=8254) to work on /home/airflow/.local/lib/python3.7/site-packages/airflow/example_dags/example_branch_operator_decorator.py
[2024-02-19T12:58:16.152+0000] {processor.py:743} INFO - Processing file /home/airflow/.local/lib/python3.7/site-packages/airflow/example_dags/example_branch_operator_decorator.py for tasks to queue
[2024-02-19T12:58:16.152+0000] {logging_mixin.py:137} INFO - [2024-02-19T12:58:16.152+0000] {dagbag.py:538} INFO - Filling up the DagBag from /home/airflow/.local/lib/python3.7/site-packages/airflow/example_dags/example_branch_operator_decorator.py
[2024-02-19T12:58:16.170+0000] {processor.py:753} INFO - DAG(s) dict_keys(['example_branch_python_operator_decorator']) retrieved from /home/airflow/.local/lib/python3.7/site-packages/airflow/example_dags/example_branch_operator_decorator.py
[2024-02-19T12:58:16.189+0000] {logging_mixin.py:137} INFO - [2024-02-19T12:58:16.189+0000] {dag.py:2690} INFO - Sync 1 DAGs
[2024-02-19T12:58:16.209+0000] {logging_mixin.py:137} INFO - [2024-02-19T12:58:16.209+0000] {dag.py:3441} INFO - Setting next_dagrun for example_branch_python_operator_decorator to 2024-02-18T00:00:00+00:00, run_after=2024-02-19T00:00:00+00:00
[2024-02-19T12:58:16.222+0000] {processor.py:175} INFO - Processing /home/airflow/.local/lib/python3.7/site-packages/airflow/example_dags/example_branch_operator_decorator.py took 0.073 seconds
