[2024-02-19T12:24:38.509+0000] {processor.py:153} INFO - Started process (PID=88) to work on /home/airflow/.local/lib/python3.7/site-packages/airflow/example_dags/example_time_delta_sensor_async.py
[2024-02-19T12:24:38.510+0000] {processor.py:743} INFO - Processing file /home/airflow/.local/lib/python3.7/site-packages/airflow/example_dags/example_time_delta_sensor_async.py for tasks to queue
[2024-02-19T12:24:38.510+0000] {logging_mixin.py:137} INFO - [2024-02-19T12:24:38.510+0000] {dagbag.py:538} INFO - Filling up the DagBag from /home/airflow/.local/lib/python3.7/site-packages/airflow/example_dags/example_time_delta_sensor_async.py
[2024-02-19T12:24:38.518+0000] {processor.py:753} INFO - DAG(s) dict_keys(['example_time_delta_sensor_async']) retrieved from /home/airflow/.local/lib/python3.7/site-packages/airflow/example_dags/example_time_delta_sensor_async.py
[2024-02-19T12:24:38.526+0000] {logging_mixin.py:137} INFO - [2024-02-19T12:24:38.526+0000] {dag.py:2690} INFO - Sync 1 DAGs
[2024-02-19T12:24:38.542+0000] {logging_mixin.py:137} INFO - [2024-02-19T12:24:38.541+0000] {dag.py:3441} INFO - Setting next_dagrun for example_time_delta_sensor_async to None, run_after=None
[2024-02-19T12:24:38.554+0000] {processor.py:175} INFO - Processing /home/airflow/.local/lib/python3.7/site-packages/airflow/example_dags/example_time_delta_sensor_async.py took 0.047 seconds
[2024-02-19T12:25:08.993+0000] {processor.py:153} INFO - Started process (PID=223) to work on /home/airflow/.local/lib/python3.7/site-packages/airflow/example_dags/example_time_delta_sensor_async.py
[2024-02-19T12:25:08.994+0000] {processor.py:743} INFO - Processing file /home/airflow/.local/lib/python3.7/site-packages/airflow/example_dags/example_time_delta_sensor_async.py for tasks to queue
[2024-02-19T12:25:08.994+0000] {logging_mixin.py:137} INFO - [2024-02-19T12:25:08.994+0000] {dagbag.py:538} INFO - Filling up the DagBag from /home/airflow/.local/lib/python3.7/site-packages/airflow/example_dags/example_time_delta_sensor_async.py
[2024-02-19T12:25:09.000+0000] {processor.py:753} INFO - DAG(s) dict_keys(['example_time_delta_sensor_async']) retrieved from /home/airflow/.local/lib/python3.7/site-packages/airflow/example_dags/example_time_delta_sensor_async.py
[2024-02-19T12:25:09.013+0000] {logging_mixin.py:137} INFO - [2024-02-19T12:25:09.013+0000] {dag.py:2690} INFO - Sync 1 DAGs
[2024-02-19T12:25:09.027+0000] {logging_mixin.py:137} INFO - [2024-02-19T12:25:09.026+0000] {dag.py:3441} INFO - Setting next_dagrun for example_time_delta_sensor_async to None, run_after=None
[2024-02-19T12:25:09.037+0000] {processor.py:175} INFO - Processing /home/airflow/.local/lib/python3.7/site-packages/airflow/example_dags/example_time_delta_sensor_async.py took 0.046 seconds
[2024-02-19T12:25:39.444+0000] {processor.py:153} INFO - Started process (PID=335) to work on /home/airflow/.local/lib/python3.7/site-packages/airflow/example_dags/example_time_delta_sensor_async.py
[2024-02-19T12:25:39.445+0000] {processor.py:743} INFO - Processing file /home/airflow/.local/lib/python3.7/site-packages/airflow/example_dags/example_time_delta_sensor_async.py for tasks to queue
[2024-02-19T12:25:39.445+0000] {logging_mixin.py:137} INFO - [2024-02-19T12:25:39.445+0000] {dagbag.py:538} INFO - Filling up the DagBag from /home/airflow/.local/lib/python3.7/site-packages/airflow/example_dags/example_time_delta_sensor_async.py
[2024-02-19T12:25:39.452+0000] {processor.py:753} INFO - DAG(s) dict_keys(['example_time_delta_sensor_async']) retrieved from /home/airflow/.local/lib/python3.7/site-packages/airflow/example_dags/example_time_delta_sensor_async.py
[2024-02-19T12:25:39.466+0000] {logging_mixin.py:137} INFO - [2024-02-19T12:25:39.466+0000] {dag.py:2690} INFO - Sync 1 DAGs
[2024-02-19T12:25:39.481+0000] {logging_mixin.py:137} INFO - [2024-02-19T12:25:39.481+0000] {dag.py:3441} INFO - Setting next_dagrun for example_time_delta_sensor_async to None, run_after=None
[2024-02-19T12:25:39.493+0000] {processor.py:175} INFO - Processing /home/airflow/.local/lib/python3.7/site-packages/airflow/example_dags/example_time_delta_sensor_async.py took 0.051 seconds
[2024-02-19T12:26:09.841+0000] {processor.py:153} INFO - Started process (PID=461) to work on /home/airflow/.local/lib/python3.7/site-packages/airflow/example_dags/example_time_delta_sensor_async.py
[2024-02-19T12:26:09.841+0000] {processor.py:743} INFO - Processing file /home/airflow/.local/lib/python3.7/site-packages/airflow/example_dags/example_time_delta_sensor_async.py for tasks to queue
[2024-02-19T12:26:09.842+0000] {logging_mixin.py:137} INFO - [2024-02-19T12:26:09.842+0000] {dagbag.py:538} INFO - Filling up the DagBag from /home/airflow/.local/lib/python3.7/site-packages/airflow/example_dags/example_time_delta_sensor_async.py
[2024-02-19T12:26:09.848+0000] {processor.py:753} INFO - DAG(s) dict_keys(['example_time_delta_sensor_async']) retrieved from /home/airflow/.local/lib/python3.7/site-packages/airflow/example_dags/example_time_delta_sensor_async.py
[2024-02-19T12:26:09.861+0000] {logging_mixin.py:137} INFO - [2024-02-19T12:26:09.861+0000] {dag.py:2690} INFO - Sync 1 DAGs
[2024-02-19T12:26:09.874+0000] {logging_mixin.py:137} INFO - [2024-02-19T12:26:09.874+0000] {dag.py:3441} INFO - Setting next_dagrun for example_time_delta_sensor_async to None, run_after=None
[2024-02-19T12:26:09.884+0000] {processor.py:175} INFO - Processing /home/airflow/.local/lib/python3.7/site-packages/airflow/example_dags/example_time_delta_sensor_async.py took 0.045 seconds
[2024-02-19T12:26:40.237+0000] {processor.py:153} INFO - Started process (PID=596) to work on /home/airflow/.local/lib/python3.7/site-packages/airflow/example_dags/example_time_delta_sensor_async.py
[2024-02-19T12:26:40.238+0000] {processor.py:743} INFO - Processing file /home/airflow/.local/lib/python3.7/site-packages/airflow/example_dags/example_time_delta_sensor_async.py for tasks to queue
[2024-02-19T12:26:40.238+0000] {logging_mixin.py:137} INFO - [2024-02-19T12:26:40.238+0000] {dagbag.py:538} INFO - Filling up the DagBag from /home/airflow/.local/lib/python3.7/site-packages/airflow/example_dags/example_time_delta_sensor_async.py
[2024-02-19T12:26:40.244+0000] {processor.py:753} INFO - DAG(s) dict_keys(['example_time_delta_sensor_async']) retrieved from /home/airflow/.local/lib/python3.7/site-packages/airflow/example_dags/example_time_delta_sensor_async.py
[2024-02-19T12:26:40.258+0000] {logging_mixin.py:137} INFO - [2024-02-19T12:26:40.258+0000] {dag.py:2690} INFO - Sync 1 DAGs
[2024-02-19T12:26:40.272+0000] {logging_mixin.py:137} INFO - [2024-02-19T12:26:40.272+0000] {dag.py:3441} INFO - Setting next_dagrun for example_time_delta_sensor_async to None, run_after=None
[2024-02-19T12:26:40.282+0000] {processor.py:175} INFO - Processing /home/airflow/.local/lib/python3.7/site-packages/airflow/example_dags/example_time_delta_sensor_async.py took 0.047 seconds
[2024-02-19T12:27:10.658+0000] {processor.py:153} INFO - Started process (PID=699) to work on /home/airflow/.local/lib/python3.7/site-packages/airflow/example_dags/example_time_delta_sensor_async.py
[2024-02-19T12:27:10.658+0000] {processor.py:743} INFO - Processing file /home/airflow/.local/lib/python3.7/site-packages/airflow/example_dags/example_time_delta_sensor_async.py for tasks to queue
[2024-02-19T12:27:10.659+0000] {logging_mixin.py:137} INFO - [2024-02-19T12:27:10.659+0000] {dagbag.py:538} INFO - Filling up the DagBag from /home/airflow/.local/lib/python3.7/site-packages/airflow/example_dags/example_time_delta_sensor_async.py
[2024-02-19T12:27:10.665+0000] {processor.py:753} INFO - DAG(s) dict_keys(['example_time_delta_sensor_async']) retrieved from /home/airflow/.local/lib/python3.7/site-packages/airflow/example_dags/example_time_delta_sensor_async.py
[2024-02-19T12:27:10.678+0000] {logging_mixin.py:137} INFO - [2024-02-19T12:27:10.678+0000] {dag.py:2690} INFO - Sync 1 DAGs
[2024-02-19T12:27:10.693+0000] {logging_mixin.py:137} INFO - [2024-02-19T12:27:10.693+0000] {dag.py:3441} INFO - Setting next_dagrun for example_time_delta_sensor_async to None, run_after=None
[2024-02-19T12:27:10.704+0000] {processor.py:175} INFO - Processing /home/airflow/.local/lib/python3.7/site-packages/airflow/example_dags/example_time_delta_sensor_async.py took 0.048 seconds
[2024-02-19T12:27:41.085+0000] {processor.py:153} INFO - Started process (PID=834) to work on /home/airflow/.local/lib/python3.7/site-packages/airflow/example_dags/example_time_delta_sensor_async.py
[2024-02-19T12:27:41.086+0000] {processor.py:743} INFO - Processing file /home/airflow/.local/lib/python3.7/site-packages/airflow/example_dags/example_time_delta_sensor_async.py for tasks to queue
[2024-02-19T12:27:41.086+0000] {logging_mixin.py:137} INFO - [2024-02-19T12:27:41.086+0000] {dagbag.py:538} INFO - Filling up the DagBag from /home/airflow/.local/lib/python3.7/site-packages/airflow/example_dags/example_time_delta_sensor_async.py
[2024-02-19T12:27:41.092+0000] {processor.py:753} INFO - DAG(s) dict_keys(['example_time_delta_sensor_async']) retrieved from /home/airflow/.local/lib/python3.7/site-packages/airflow/example_dags/example_time_delta_sensor_async.py
[2024-02-19T12:27:41.105+0000] {logging_mixin.py:137} INFO - [2024-02-19T12:27:41.105+0000] {dag.py:2690} INFO - Sync 1 DAGs
[2024-02-19T12:27:41.119+0000] {logging_mixin.py:137} INFO - [2024-02-19T12:27:41.119+0000] {dag.py:3441} INFO - Setting next_dagrun for example_time_delta_sensor_async to None, run_after=None
[2024-02-19T12:27:41.129+0000] {processor.py:175} INFO - Processing /home/airflow/.local/lib/python3.7/site-packages/airflow/example_dags/example_time_delta_sensor_async.py took 0.047 seconds
[2024-02-19T12:28:11.488+0000] {processor.py:153} INFO - Started process (PID=970) to work on /home/airflow/.local/lib/python3.7/site-packages/airflow/example_dags/example_time_delta_sensor_async.py
[2024-02-19T12:28:11.489+0000] {processor.py:743} INFO - Processing file /home/airflow/.local/lib/python3.7/site-packages/airflow/example_dags/example_time_delta_sensor_async.py for tasks to queue
[2024-02-19T12:28:11.489+0000] {logging_mixin.py:137} INFO - [2024-02-19T12:28:11.489+0000] {dagbag.py:538} INFO - Filling up the DagBag from /home/airflow/.local/lib/python3.7/site-packages/airflow/example_dags/example_time_delta_sensor_async.py
[2024-02-19T12:28:11.496+0000] {processor.py:753} INFO - DAG(s) dict_keys(['example_time_delta_sensor_async']) retrieved from /home/airflow/.local/lib/python3.7/site-packages/airflow/example_dags/example_time_delta_sensor_async.py
[2024-02-19T12:28:11.511+0000] {logging_mixin.py:137} INFO - [2024-02-19T12:28:11.510+0000] {dag.py:2690} INFO - Sync 1 DAGs
[2024-02-19T12:28:11.526+0000] {logging_mixin.py:137} INFO - [2024-02-19T12:28:11.526+0000] {dag.py:3441} INFO - Setting next_dagrun for example_time_delta_sensor_async to None, run_after=None
[2024-02-19T12:28:11.538+0000] {processor.py:175} INFO - Processing /home/airflow/.local/lib/python3.7/site-packages/airflow/example_dags/example_time_delta_sensor_async.py took 0.052 seconds
[2024-02-19T12:28:41.901+0000] {processor.py:153} INFO - Started process (PID=1073) to work on /home/airflow/.local/lib/python3.7/site-packages/airflow/example_dags/example_time_delta_sensor_async.py
[2024-02-19T12:28:41.902+0000] {processor.py:743} INFO - Processing file /home/airflow/.local/lib/python3.7/site-packages/airflow/example_dags/example_time_delta_sensor_async.py for tasks to queue
[2024-02-19T12:28:41.902+0000] {logging_mixin.py:137} INFO - [2024-02-19T12:28:41.902+0000] {dagbag.py:538} INFO - Filling up the DagBag from /home/airflow/.local/lib/python3.7/site-packages/airflow/example_dags/example_time_delta_sensor_async.py
[2024-02-19T12:28:41.908+0000] {processor.py:753} INFO - DAG(s) dict_keys(['example_time_delta_sensor_async']) retrieved from /home/airflow/.local/lib/python3.7/site-packages/airflow/example_dags/example_time_delta_sensor_async.py
[2024-02-19T12:28:41.921+0000] {logging_mixin.py:137} INFO - [2024-02-19T12:28:41.921+0000] {dag.py:2690} INFO - Sync 1 DAGs
[2024-02-19T12:28:41.934+0000] {logging_mixin.py:137} INFO - [2024-02-19T12:28:41.934+0000] {dag.py:3441} INFO - Setting next_dagrun for example_time_delta_sensor_async to None, run_after=None
[2024-02-19T12:28:41.945+0000] {processor.py:175} INFO - Processing /home/airflow/.local/lib/python3.7/site-packages/airflow/example_dags/example_time_delta_sensor_async.py took 0.045 seconds
[2024-02-19T12:29:12.602+0000] {processor.py:153} INFO - Started process (PID=1208) to work on /home/airflow/.local/lib/python3.7/site-packages/airflow/example_dags/example_time_delta_sensor_async.py
[2024-02-19T12:29:12.603+0000] {processor.py:743} INFO - Processing file /home/airflow/.local/lib/python3.7/site-packages/airflow/example_dags/example_time_delta_sensor_async.py for tasks to queue
[2024-02-19T12:29:12.603+0000] {logging_mixin.py:137} INFO - [2024-02-19T12:29:12.603+0000] {dagbag.py:538} INFO - Filling up the DagBag from /home/airflow/.local/lib/python3.7/site-packages/airflow/example_dags/example_time_delta_sensor_async.py
[2024-02-19T12:29:12.611+0000] {processor.py:753} INFO - DAG(s) dict_keys(['example_time_delta_sensor_async']) retrieved from /home/airflow/.local/lib/python3.7/site-packages/airflow/example_dags/example_time_delta_sensor_async.py
[2024-02-19T12:29:12.624+0000] {logging_mixin.py:137} INFO - [2024-02-19T12:29:12.624+0000] {dag.py:2690} INFO - Sync 1 DAGs
[2024-02-19T12:29:12.638+0000] {logging_mixin.py:137} INFO - [2024-02-19T12:29:12.638+0000] {dag.py:3441} INFO - Setting next_dagrun for example_time_delta_sensor_async to None, run_after=None
[2024-02-19T12:29:12.648+0000] {processor.py:175} INFO - Processing /home/airflow/.local/lib/python3.7/site-packages/airflow/example_dags/example_time_delta_sensor_async.py took 0.048 seconds
[2024-02-19T12:29:43.110+0000] {processor.py:153} INFO - Started process (PID=1343) to work on /home/airflow/.local/lib/python3.7/site-packages/airflow/example_dags/example_time_delta_sensor_async.py
[2024-02-19T12:29:43.111+0000] {processor.py:743} INFO - Processing file /home/airflow/.local/lib/python3.7/site-packages/airflow/example_dags/example_time_delta_sensor_async.py for tasks to queue
[2024-02-19T12:29:43.111+0000] {logging_mixin.py:137} INFO - [2024-02-19T12:29:43.111+0000] {dagbag.py:538} INFO - Filling up the DagBag from /home/airflow/.local/lib/python3.7/site-packages/airflow/example_dags/example_time_delta_sensor_async.py
[2024-02-19T12:29:43.117+0000] {processor.py:753} INFO - DAG(s) dict_keys(['example_time_delta_sensor_async']) retrieved from /home/airflow/.local/lib/python3.7/site-packages/airflow/example_dags/example_time_delta_sensor_async.py
[2024-02-19T12:29:43.131+0000] {logging_mixin.py:137} INFO - [2024-02-19T12:29:43.131+0000] {dag.py:2690} INFO - Sync 1 DAGs
[2024-02-19T12:29:43.144+0000] {logging_mixin.py:137} INFO - [2024-02-19T12:29:43.144+0000] {dag.py:3441} INFO - Setting next_dagrun for example_time_delta_sensor_async to None, run_after=None
[2024-02-19T12:29:43.154+0000] {processor.py:175} INFO - Processing /home/airflow/.local/lib/python3.7/site-packages/airflow/example_dags/example_time_delta_sensor_async.py took 0.046 seconds
[2024-02-19T12:30:13.625+0000] {processor.py:153} INFO - Started process (PID=1446) to work on /home/airflow/.local/lib/python3.7/site-packages/airflow/example_dags/example_time_delta_sensor_async.py
[2024-02-19T12:30:13.626+0000] {processor.py:743} INFO - Processing file /home/airflow/.local/lib/python3.7/site-packages/airflow/example_dags/example_time_delta_sensor_async.py for tasks to queue
[2024-02-19T12:30:13.626+0000] {logging_mixin.py:137} INFO - [2024-02-19T12:30:13.626+0000] {dagbag.py:538} INFO - Filling up the DagBag from /home/airflow/.local/lib/python3.7/site-packages/airflow/example_dags/example_time_delta_sensor_async.py
[2024-02-19T12:30:13.633+0000] {processor.py:753} INFO - DAG(s) dict_keys(['example_time_delta_sensor_async']) retrieved from /home/airflow/.local/lib/python3.7/site-packages/airflow/example_dags/example_time_delta_sensor_async.py
[2024-02-19T12:30:13.646+0000] {logging_mixin.py:137} INFO - [2024-02-19T12:30:13.646+0000] {dag.py:2690} INFO - Sync 1 DAGs
[2024-02-19T12:30:13.663+0000] {logging_mixin.py:137} INFO - [2024-02-19T12:30:13.663+0000] {dag.py:3441} INFO - Setting next_dagrun for example_time_delta_sensor_async to None, run_after=None
[2024-02-19T12:30:13.675+0000] {processor.py:175} INFO - Processing /home/airflow/.local/lib/python3.7/site-packages/airflow/example_dags/example_time_delta_sensor_async.py took 0.052 seconds
[2024-02-19T12:30:44.032+0000] {processor.py:153} INFO - Started process (PID=1581) to work on /home/airflow/.local/lib/python3.7/site-packages/airflow/example_dags/example_time_delta_sensor_async.py
[2024-02-19T12:30:44.032+0000] {processor.py:743} INFO - Processing file /home/airflow/.local/lib/python3.7/site-packages/airflow/example_dags/example_time_delta_sensor_async.py for tasks to queue
[2024-02-19T12:30:44.033+0000] {logging_mixin.py:137} INFO - [2024-02-19T12:30:44.033+0000] {dagbag.py:538} INFO - Filling up the DagBag from /home/airflow/.local/lib/python3.7/site-packages/airflow/example_dags/example_time_delta_sensor_async.py
[2024-02-19T12:30:44.039+0000] {processor.py:753} INFO - DAG(s) dict_keys(['example_time_delta_sensor_async']) retrieved from /home/airflow/.local/lib/python3.7/site-packages/airflow/example_dags/example_time_delta_sensor_async.py
[2024-02-19T12:30:44.053+0000] {logging_mixin.py:137} INFO - [2024-02-19T12:30:44.053+0000] {dag.py:2690} INFO - Sync 1 DAGs
[2024-02-19T12:30:44.067+0000] {logging_mixin.py:137} INFO - [2024-02-19T12:30:44.067+0000] {dag.py:3441} INFO - Setting next_dagrun for example_time_delta_sensor_async to None, run_after=None
[2024-02-19T12:30:44.078+0000] {processor.py:175} INFO - Processing /home/airflow/.local/lib/python3.7/site-packages/airflow/example_dags/example_time_delta_sensor_async.py took 0.048 seconds
[2024-02-19T12:31:14.527+0000] {processor.py:153} INFO - Started process (PID=1716) to work on /home/airflow/.local/lib/python3.7/site-packages/airflow/example_dags/example_time_delta_sensor_async.py
[2024-02-19T12:31:14.528+0000] {processor.py:743} INFO - Processing file /home/airflow/.local/lib/python3.7/site-packages/airflow/example_dags/example_time_delta_sensor_async.py for tasks to queue
[2024-02-19T12:31:14.528+0000] {logging_mixin.py:137} INFO - [2024-02-19T12:31:14.528+0000] {dagbag.py:538} INFO - Filling up the DagBag from /home/airflow/.local/lib/python3.7/site-packages/airflow/example_dags/example_time_delta_sensor_async.py
[2024-02-19T12:31:14.535+0000] {processor.py:753} INFO - DAG(s) dict_keys(['example_time_delta_sensor_async']) retrieved from /home/airflow/.local/lib/python3.7/site-packages/airflow/example_dags/example_time_delta_sensor_async.py
[2024-02-19T12:31:14.549+0000] {logging_mixin.py:137} INFO - [2024-02-19T12:31:14.549+0000] {dag.py:2690} INFO - Sync 1 DAGs
[2024-02-19T12:31:14.564+0000] {logging_mixin.py:137} INFO - [2024-02-19T12:31:14.564+0000] {dag.py:3441} INFO - Setting next_dagrun for example_time_delta_sensor_async to None, run_after=None
[2024-02-19T12:31:14.575+0000] {processor.py:175} INFO - Processing /home/airflow/.local/lib/python3.7/site-packages/airflow/example_dags/example_time_delta_sensor_async.py took 0.049 seconds
[2024-02-19T12:31:44.963+0000] {processor.py:153} INFO - Started process (PID=1819) to work on /home/airflow/.local/lib/python3.7/site-packages/airflow/example_dags/example_time_delta_sensor_async.py
[2024-02-19T12:31:44.964+0000] {processor.py:743} INFO - Processing file /home/airflow/.local/lib/python3.7/site-packages/airflow/example_dags/example_time_delta_sensor_async.py for tasks to queue
[2024-02-19T12:31:44.964+0000] {logging_mixin.py:137} INFO - [2024-02-19T12:31:44.964+0000] {dagbag.py:538} INFO - Filling up the DagBag from /home/airflow/.local/lib/python3.7/site-packages/airflow/example_dags/example_time_delta_sensor_async.py
[2024-02-19T12:31:44.971+0000] {processor.py:753} INFO - DAG(s) dict_keys(['example_time_delta_sensor_async']) retrieved from /home/airflow/.local/lib/python3.7/site-packages/airflow/example_dags/example_time_delta_sensor_async.py
[2024-02-19T12:31:44.985+0000] {logging_mixin.py:137} INFO - [2024-02-19T12:31:44.985+0000] {dag.py:2690} INFO - Sync 1 DAGs
[2024-02-19T12:31:44.999+0000] {logging_mixin.py:137} INFO - [2024-02-19T12:31:44.999+0000] {dag.py:3441} INFO - Setting next_dagrun for example_time_delta_sensor_async to None, run_after=None
[2024-02-19T12:31:45.009+0000] {processor.py:175} INFO - Processing /home/airflow/.local/lib/python3.7/site-packages/airflow/example_dags/example_time_delta_sensor_async.py took 0.048 seconds
[2024-02-19T12:32:15.424+0000] {processor.py:153} INFO - Started process (PID=1954) to work on /home/airflow/.local/lib/python3.7/site-packages/airflow/example_dags/example_time_delta_sensor_async.py
[2024-02-19T12:32:15.425+0000] {processor.py:743} INFO - Processing file /home/airflow/.local/lib/python3.7/site-packages/airflow/example_dags/example_time_delta_sensor_async.py for tasks to queue
[2024-02-19T12:32:15.425+0000] {logging_mixin.py:137} INFO - [2024-02-19T12:32:15.425+0000] {dagbag.py:538} INFO - Filling up the DagBag from /home/airflow/.local/lib/python3.7/site-packages/airflow/example_dags/example_time_delta_sensor_async.py
[2024-02-19T12:32:15.431+0000] {processor.py:753} INFO - DAG(s) dict_keys(['example_time_delta_sensor_async']) retrieved from /home/airflow/.local/lib/python3.7/site-packages/airflow/example_dags/example_time_delta_sensor_async.py
[2024-02-19T12:32:15.446+0000] {logging_mixin.py:137} INFO - [2024-02-19T12:32:15.446+0000] {dag.py:2690} INFO - Sync 1 DAGs
[2024-02-19T12:32:15.462+0000] {logging_mixin.py:137} INFO - [2024-02-19T12:32:15.462+0000] {dag.py:3441} INFO - Setting next_dagrun for example_time_delta_sensor_async to None, run_after=None
[2024-02-19T12:32:15.476+0000] {processor.py:175} INFO - Processing /home/airflow/.local/lib/python3.7/site-packages/airflow/example_dags/example_time_delta_sensor_async.py took 0.054 seconds
[2024-02-19T12:32:45.961+0000] {processor.py:153} INFO - Started process (PID=2089) to work on /home/airflow/.local/lib/python3.7/site-packages/airflow/example_dags/example_time_delta_sensor_async.py
[2024-02-19T12:32:45.961+0000] {processor.py:743} INFO - Processing file /home/airflow/.local/lib/python3.7/site-packages/airflow/example_dags/example_time_delta_sensor_async.py for tasks to queue
[2024-02-19T12:32:45.961+0000] {logging_mixin.py:137} INFO - [2024-02-19T12:32:45.961+0000] {dagbag.py:538} INFO - Filling up the DagBag from /home/airflow/.local/lib/python3.7/site-packages/airflow/example_dags/example_time_delta_sensor_async.py
[2024-02-19T12:32:45.968+0000] {processor.py:753} INFO - DAG(s) dict_keys(['example_time_delta_sensor_async']) retrieved from /home/airflow/.local/lib/python3.7/site-packages/airflow/example_dags/example_time_delta_sensor_async.py
[2024-02-19T12:32:45.981+0000] {logging_mixin.py:137} INFO - [2024-02-19T12:32:45.981+0000] {dag.py:2690} INFO - Sync 1 DAGs
[2024-02-19T12:32:45.998+0000] {logging_mixin.py:137} INFO - [2024-02-19T12:32:45.998+0000] {dag.py:3441} INFO - Setting next_dagrun for example_time_delta_sensor_async to None, run_after=None
[2024-02-19T12:32:46.009+0000] {processor.py:175} INFO - Processing /home/airflow/.local/lib/python3.7/site-packages/airflow/example_dags/example_time_delta_sensor_async.py took 0.050 seconds
[2024-02-19T12:33:16.489+0000] {processor.py:153} INFO - Started process (PID=2192) to work on /home/airflow/.local/lib/python3.7/site-packages/airflow/example_dags/example_time_delta_sensor_async.py
[2024-02-19T12:33:16.490+0000] {processor.py:743} INFO - Processing file /home/airflow/.local/lib/python3.7/site-packages/airflow/example_dags/example_time_delta_sensor_async.py for tasks to queue
[2024-02-19T12:33:16.490+0000] {logging_mixin.py:137} INFO - [2024-02-19T12:33:16.490+0000] {dagbag.py:538} INFO - Filling up the DagBag from /home/airflow/.local/lib/python3.7/site-packages/airflow/example_dags/example_time_delta_sensor_async.py
[2024-02-19T12:33:16.497+0000] {processor.py:753} INFO - DAG(s) dict_keys(['example_time_delta_sensor_async']) retrieved from /home/airflow/.local/lib/python3.7/site-packages/airflow/example_dags/example_time_delta_sensor_async.py
[2024-02-19T12:33:16.511+0000] {logging_mixin.py:137} INFO - [2024-02-19T12:33:16.511+0000] {dag.py:2690} INFO - Sync 1 DAGs
[2024-02-19T12:33:16.525+0000] {logging_mixin.py:137} INFO - [2024-02-19T12:33:16.524+0000] {dag.py:3441} INFO - Setting next_dagrun for example_time_delta_sensor_async to None, run_after=None
[2024-02-19T12:33:16.536+0000] {processor.py:175} INFO - Processing /home/airflow/.local/lib/python3.7/site-packages/airflow/example_dags/example_time_delta_sensor_async.py took 0.048 seconds
[2024-02-19T12:33:46.921+0000] {processor.py:153} INFO - Started process (PID=2327) to work on /home/airflow/.local/lib/python3.7/site-packages/airflow/example_dags/example_time_delta_sensor_async.py
[2024-02-19T12:33:46.922+0000] {processor.py:743} INFO - Processing file /home/airflow/.local/lib/python3.7/site-packages/airflow/example_dags/example_time_delta_sensor_async.py for tasks to queue
[2024-02-19T12:33:46.922+0000] {logging_mixin.py:137} INFO - [2024-02-19T12:33:46.922+0000] {dagbag.py:538} INFO - Filling up the DagBag from /home/airflow/.local/lib/python3.7/site-packages/airflow/example_dags/example_time_delta_sensor_async.py
[2024-02-19T12:33:46.928+0000] {processor.py:753} INFO - DAG(s) dict_keys(['example_time_delta_sensor_async']) retrieved from /home/airflow/.local/lib/python3.7/site-packages/airflow/example_dags/example_time_delta_sensor_async.py
[2024-02-19T12:33:46.942+0000] {logging_mixin.py:137} INFO - [2024-02-19T12:33:46.942+0000] {dag.py:2690} INFO - Sync 1 DAGs
[2024-02-19T12:33:46.957+0000] {logging_mixin.py:137} INFO - [2024-02-19T12:33:46.957+0000] {dag.py:3441} INFO - Setting next_dagrun for example_time_delta_sensor_async to None, run_after=None
[2024-02-19T12:33:46.968+0000] {processor.py:175} INFO - Processing /home/airflow/.local/lib/python3.7/site-packages/airflow/example_dags/example_time_delta_sensor_async.py took 0.048 seconds
[2024-02-19T12:34:17.307+0000] {processor.py:153} INFO - Started process (PID=2462) to work on /home/airflow/.local/lib/python3.7/site-packages/airflow/example_dags/example_time_delta_sensor_async.py
[2024-02-19T12:34:17.307+0000] {processor.py:743} INFO - Processing file /home/airflow/.local/lib/python3.7/site-packages/airflow/example_dags/example_time_delta_sensor_async.py for tasks to queue
[2024-02-19T12:34:17.308+0000] {logging_mixin.py:137} INFO - [2024-02-19T12:34:17.308+0000] {dagbag.py:538} INFO - Filling up the DagBag from /home/airflow/.local/lib/python3.7/site-packages/airflow/example_dags/example_time_delta_sensor_async.py
[2024-02-19T12:34:17.314+0000] {processor.py:753} INFO - DAG(s) dict_keys(['example_time_delta_sensor_async']) retrieved from /home/airflow/.local/lib/python3.7/site-packages/airflow/example_dags/example_time_delta_sensor_async.py
[2024-02-19T12:34:17.327+0000] {logging_mixin.py:137} INFO - [2024-02-19T12:34:17.327+0000] {dag.py:2690} INFO - Sync 1 DAGs
[2024-02-19T12:34:17.340+0000] {logging_mixin.py:137} INFO - [2024-02-19T12:34:17.340+0000] {dag.py:3441} INFO - Setting next_dagrun for example_time_delta_sensor_async to None, run_after=None
[2024-02-19T12:34:17.351+0000] {processor.py:175} INFO - Processing /home/airflow/.local/lib/python3.7/site-packages/airflow/example_dags/example_time_delta_sensor_async.py took 0.046 seconds
[2024-02-19T12:34:47.913+0000] {processor.py:153} INFO - Started process (PID=2565) to work on /home/airflow/.local/lib/python3.7/site-packages/airflow/example_dags/example_time_delta_sensor_async.py
[2024-02-19T12:34:47.913+0000] {processor.py:743} INFO - Processing file /home/airflow/.local/lib/python3.7/site-packages/airflow/example_dags/example_time_delta_sensor_async.py for tasks to queue
[2024-02-19T12:34:47.914+0000] {logging_mixin.py:137} INFO - [2024-02-19T12:34:47.914+0000] {dagbag.py:538} INFO - Filling up the DagBag from /home/airflow/.local/lib/python3.7/site-packages/airflow/example_dags/example_time_delta_sensor_async.py
[2024-02-19T12:34:47.921+0000] {processor.py:753} INFO - DAG(s) dict_keys(['example_time_delta_sensor_async']) retrieved from /home/airflow/.local/lib/python3.7/site-packages/airflow/example_dags/example_time_delta_sensor_async.py
[2024-02-19T12:34:47.935+0000] {logging_mixin.py:137} INFO - [2024-02-19T12:34:47.935+0000] {dag.py:2690} INFO - Sync 1 DAGs
[2024-02-19T12:34:47.949+0000] {logging_mixin.py:137} INFO - [2024-02-19T12:34:47.949+0000] {dag.py:3441} INFO - Setting next_dagrun for example_time_delta_sensor_async to None, run_after=None
[2024-02-19T12:34:47.960+0000] {processor.py:175} INFO - Processing /home/airflow/.local/lib/python3.7/site-packages/airflow/example_dags/example_time_delta_sensor_async.py took 0.049 seconds
[2024-02-19T12:35:18.482+0000] {processor.py:153} INFO - Started process (PID=2700) to work on /home/airflow/.local/lib/python3.7/site-packages/airflow/example_dags/example_time_delta_sensor_async.py
[2024-02-19T12:35:18.482+0000] {processor.py:743} INFO - Processing file /home/airflow/.local/lib/python3.7/site-packages/airflow/example_dags/example_time_delta_sensor_async.py for tasks to queue
[2024-02-19T12:35:18.483+0000] {logging_mixin.py:137} INFO - [2024-02-19T12:35:18.483+0000] {dagbag.py:538} INFO - Filling up the DagBag from /home/airflow/.local/lib/python3.7/site-packages/airflow/example_dags/example_time_delta_sensor_async.py
[2024-02-19T12:35:18.489+0000] {processor.py:753} INFO - DAG(s) dict_keys(['example_time_delta_sensor_async']) retrieved from /home/airflow/.local/lib/python3.7/site-packages/airflow/example_dags/example_time_delta_sensor_async.py
[2024-02-19T12:35:18.503+0000] {logging_mixin.py:137} INFO - [2024-02-19T12:35:18.503+0000] {dag.py:2690} INFO - Sync 1 DAGs
[2024-02-19T12:35:18.518+0000] {logging_mixin.py:137} INFO - [2024-02-19T12:35:18.518+0000] {dag.py:3441} INFO - Setting next_dagrun for example_time_delta_sensor_async to None, run_after=None
[2024-02-19T12:35:18.529+0000] {processor.py:175} INFO - Processing /home/airflow/.local/lib/python3.7/site-packages/airflow/example_dags/example_time_delta_sensor_async.py took 0.049 seconds
[2024-02-19T12:35:48.968+0000] {processor.py:153} INFO - Started process (PID=2835) to work on /home/airflow/.local/lib/python3.7/site-packages/airflow/example_dags/example_time_delta_sensor_async.py
[2024-02-19T12:35:48.968+0000] {processor.py:743} INFO - Processing file /home/airflow/.local/lib/python3.7/site-packages/airflow/example_dags/example_time_delta_sensor_async.py for tasks to queue
[2024-02-19T12:35:48.969+0000] {logging_mixin.py:137} INFO - [2024-02-19T12:35:48.969+0000] {dagbag.py:538} INFO - Filling up the DagBag from /home/airflow/.local/lib/python3.7/site-packages/airflow/example_dags/example_time_delta_sensor_async.py
[2024-02-19T12:35:48.975+0000] {processor.py:753} INFO - DAG(s) dict_keys(['example_time_delta_sensor_async']) retrieved from /home/airflow/.local/lib/python3.7/site-packages/airflow/example_dags/example_time_delta_sensor_async.py
[2024-02-19T12:35:48.988+0000] {logging_mixin.py:137} INFO - [2024-02-19T12:35:48.988+0000] {dag.py:2690} INFO - Sync 1 DAGs
[2024-02-19T12:35:49.003+0000] {logging_mixin.py:137} INFO - [2024-02-19T12:35:49.002+0000] {dag.py:3441} INFO - Setting next_dagrun for example_time_delta_sensor_async to None, run_after=None
[2024-02-19T12:35:49.013+0000] {processor.py:175} INFO - Processing /home/airflow/.local/lib/python3.7/site-packages/airflow/example_dags/example_time_delta_sensor_async.py took 0.047 seconds
[2024-02-19T12:36:19.562+0000] {processor.py:153} INFO - Started process (PID=2938) to work on /home/airflow/.local/lib/python3.7/site-packages/airflow/example_dags/example_time_delta_sensor_async.py
[2024-02-19T12:36:19.563+0000] {processor.py:743} INFO - Processing file /home/airflow/.local/lib/python3.7/site-packages/airflow/example_dags/example_time_delta_sensor_async.py for tasks to queue
[2024-02-19T12:36:19.563+0000] {logging_mixin.py:137} INFO - [2024-02-19T12:36:19.563+0000] {dagbag.py:538} INFO - Filling up the DagBag from /home/airflow/.local/lib/python3.7/site-packages/airflow/example_dags/example_time_delta_sensor_async.py
[2024-02-19T12:36:19.570+0000] {processor.py:753} INFO - DAG(s) dict_keys(['example_time_delta_sensor_async']) retrieved from /home/airflow/.local/lib/python3.7/site-packages/airflow/example_dags/example_time_delta_sensor_async.py
[2024-02-19T12:36:19.583+0000] {logging_mixin.py:137} INFO - [2024-02-19T12:36:19.583+0000] {dag.py:2690} INFO - Sync 1 DAGs
[2024-02-19T12:36:19.598+0000] {logging_mixin.py:137} INFO - [2024-02-19T12:36:19.598+0000] {dag.py:3441} INFO - Setting next_dagrun for example_time_delta_sensor_async to None, run_after=None
[2024-02-19T12:36:19.608+0000] {processor.py:175} INFO - Processing /home/airflow/.local/lib/python3.7/site-packages/airflow/example_dags/example_time_delta_sensor_async.py took 0.048 seconds
[2024-02-19T12:36:50.077+0000] {processor.py:153} INFO - Started process (PID=3073) to work on /home/airflow/.local/lib/python3.7/site-packages/airflow/example_dags/example_time_delta_sensor_async.py
[2024-02-19T12:36:50.078+0000] {processor.py:743} INFO - Processing file /home/airflow/.local/lib/python3.7/site-packages/airflow/example_dags/example_time_delta_sensor_async.py for tasks to queue
[2024-02-19T12:36:50.078+0000] {logging_mixin.py:137} INFO - [2024-02-19T12:36:50.078+0000] {dagbag.py:538} INFO - Filling up the DagBag from /home/airflow/.local/lib/python3.7/site-packages/airflow/example_dags/example_time_delta_sensor_async.py
[2024-02-19T12:36:50.085+0000] {processor.py:753} INFO - DAG(s) dict_keys(['example_time_delta_sensor_async']) retrieved from /home/airflow/.local/lib/python3.7/site-packages/airflow/example_dags/example_time_delta_sensor_async.py
[2024-02-19T12:36:50.098+0000] {logging_mixin.py:137} INFO - [2024-02-19T12:36:50.098+0000] {dag.py:2690} INFO - Sync 1 DAGs
[2024-02-19T12:36:50.113+0000] {logging_mixin.py:137} INFO - [2024-02-19T12:36:50.113+0000] {dag.py:3441} INFO - Setting next_dagrun for example_time_delta_sensor_async to None, run_after=None
[2024-02-19T12:36:50.123+0000] {processor.py:175} INFO - Processing /home/airflow/.local/lib/python3.7/site-packages/airflow/example_dags/example_time_delta_sensor_async.py took 0.048 seconds
[2024-02-19T12:37:20.540+0000] {processor.py:153} INFO - Started process (PID=3208) to work on /home/airflow/.local/lib/python3.7/site-packages/airflow/example_dags/example_time_delta_sensor_async.py
[2024-02-19T12:37:20.541+0000] {processor.py:743} INFO - Processing file /home/airflow/.local/lib/python3.7/site-packages/airflow/example_dags/example_time_delta_sensor_async.py for tasks to queue
[2024-02-19T12:37:20.541+0000] {logging_mixin.py:137} INFO - [2024-02-19T12:37:20.541+0000] {dagbag.py:538} INFO - Filling up the DagBag from /home/airflow/.local/lib/python3.7/site-packages/airflow/example_dags/example_time_delta_sensor_async.py
[2024-02-19T12:37:20.548+0000] {processor.py:753} INFO - DAG(s) dict_keys(['example_time_delta_sensor_async']) retrieved from /home/airflow/.local/lib/python3.7/site-packages/airflow/example_dags/example_time_delta_sensor_async.py
[2024-02-19T12:37:20.563+0000] {logging_mixin.py:137} INFO - [2024-02-19T12:37:20.563+0000] {dag.py:2690} INFO - Sync 1 DAGs
[2024-02-19T12:37:20.577+0000] {logging_mixin.py:137} INFO - [2024-02-19T12:37:20.577+0000] {dag.py:3441} INFO - Setting next_dagrun for example_time_delta_sensor_async to None, run_after=None
[2024-02-19T12:37:20.587+0000] {processor.py:175} INFO - Processing /home/airflow/.local/lib/python3.7/site-packages/airflow/example_dags/example_time_delta_sensor_async.py took 0.049 seconds
[2024-02-19T12:37:50.987+0000] {processor.py:153} INFO - Started process (PID=3311) to work on /home/airflow/.local/lib/python3.7/site-packages/airflow/example_dags/example_time_delta_sensor_async.py
[2024-02-19T12:37:50.988+0000] {processor.py:743} INFO - Processing file /home/airflow/.local/lib/python3.7/site-packages/airflow/example_dags/example_time_delta_sensor_async.py for tasks to queue
[2024-02-19T12:37:50.988+0000] {logging_mixin.py:137} INFO - [2024-02-19T12:37:50.988+0000] {dagbag.py:538} INFO - Filling up the DagBag from /home/airflow/.local/lib/python3.7/site-packages/airflow/example_dags/example_time_delta_sensor_async.py
[2024-02-19T12:37:50.994+0000] {processor.py:753} INFO - DAG(s) dict_keys(['example_time_delta_sensor_async']) retrieved from /home/airflow/.local/lib/python3.7/site-packages/airflow/example_dags/example_time_delta_sensor_async.py
[2024-02-19T12:37:51.008+0000] {logging_mixin.py:137} INFO - [2024-02-19T12:37:51.008+0000] {dag.py:2690} INFO - Sync 1 DAGs
[2024-02-19T12:37:51.022+0000] {logging_mixin.py:137} INFO - [2024-02-19T12:37:51.022+0000] {dag.py:3441} INFO - Setting next_dagrun for example_time_delta_sensor_async to None, run_after=None
[2024-02-19T12:37:51.033+0000] {processor.py:175} INFO - Processing /home/airflow/.local/lib/python3.7/site-packages/airflow/example_dags/example_time_delta_sensor_async.py took 0.048 seconds
[2024-02-19T12:38:21.551+0000] {processor.py:153} INFO - Started process (PID=3446) to work on /home/airflow/.local/lib/python3.7/site-packages/airflow/example_dags/example_time_delta_sensor_async.py
[2024-02-19T12:38:21.552+0000] {processor.py:743} INFO - Processing file /home/airflow/.local/lib/python3.7/site-packages/airflow/example_dags/example_time_delta_sensor_async.py for tasks to queue
[2024-02-19T12:38:21.552+0000] {logging_mixin.py:137} INFO - [2024-02-19T12:38:21.552+0000] {dagbag.py:538} INFO - Filling up the DagBag from /home/airflow/.local/lib/python3.7/site-packages/airflow/example_dags/example_time_delta_sensor_async.py
[2024-02-19T12:38:21.558+0000] {processor.py:753} INFO - DAG(s) dict_keys(['example_time_delta_sensor_async']) retrieved from /home/airflow/.local/lib/python3.7/site-packages/airflow/example_dags/example_time_delta_sensor_async.py
[2024-02-19T12:38:21.572+0000] {logging_mixin.py:137} INFO - [2024-02-19T12:38:21.572+0000] {dag.py:2690} INFO - Sync 1 DAGs
[2024-02-19T12:38:21.587+0000] {logging_mixin.py:137} INFO - [2024-02-19T12:38:21.587+0000] {dag.py:3441} INFO - Setting next_dagrun for example_time_delta_sensor_async to None, run_after=None
[2024-02-19T12:38:21.598+0000] {processor.py:175} INFO - Processing /home/airflow/.local/lib/python3.7/site-packages/airflow/example_dags/example_time_delta_sensor_async.py took 0.049 seconds
[2024-02-19T12:38:52.118+0000] {processor.py:153} INFO - Started process (PID=3581) to work on /home/airflow/.local/lib/python3.7/site-packages/airflow/example_dags/example_time_delta_sensor_async.py
[2024-02-19T12:38:52.119+0000] {processor.py:743} INFO - Processing file /home/airflow/.local/lib/python3.7/site-packages/airflow/example_dags/example_time_delta_sensor_async.py for tasks to queue
[2024-02-19T12:38:52.119+0000] {logging_mixin.py:137} INFO - [2024-02-19T12:38:52.119+0000] {dagbag.py:538} INFO - Filling up the DagBag from /home/airflow/.local/lib/python3.7/site-packages/airflow/example_dags/example_time_delta_sensor_async.py
[2024-02-19T12:38:52.125+0000] {processor.py:753} INFO - DAG(s) dict_keys(['example_time_delta_sensor_async']) retrieved from /home/airflow/.local/lib/python3.7/site-packages/airflow/example_dags/example_time_delta_sensor_async.py
[2024-02-19T12:38:52.140+0000] {logging_mixin.py:137} INFO - [2024-02-19T12:38:52.140+0000] {dag.py:2690} INFO - Sync 1 DAGs
[2024-02-19T12:38:52.154+0000] {logging_mixin.py:137} INFO - [2024-02-19T12:38:52.154+0000] {dag.py:3441} INFO - Setting next_dagrun for example_time_delta_sensor_async to None, run_after=None
[2024-02-19T12:38:52.164+0000] {processor.py:175} INFO - Processing /home/airflow/.local/lib/python3.7/site-packages/airflow/example_dags/example_time_delta_sensor_async.py took 0.048 seconds
[2024-02-19T12:39:22.632+0000] {processor.py:153} INFO - Started process (PID=3684) to work on /home/airflow/.local/lib/python3.7/site-packages/airflow/example_dags/example_time_delta_sensor_async.py
[2024-02-19T12:39:22.633+0000] {processor.py:743} INFO - Processing file /home/airflow/.local/lib/python3.7/site-packages/airflow/example_dags/example_time_delta_sensor_async.py for tasks to queue
[2024-02-19T12:39:22.633+0000] {logging_mixin.py:137} INFO - [2024-02-19T12:39:22.633+0000] {dagbag.py:538} INFO - Filling up the DagBag from /home/airflow/.local/lib/python3.7/site-packages/airflow/example_dags/example_time_delta_sensor_async.py
[2024-02-19T12:39:22.640+0000] {processor.py:753} INFO - DAG(s) dict_keys(['example_time_delta_sensor_async']) retrieved from /home/airflow/.local/lib/python3.7/site-packages/airflow/example_dags/example_time_delta_sensor_async.py
[2024-02-19T12:39:22.653+0000] {logging_mixin.py:137} INFO - [2024-02-19T12:39:22.653+0000] {dag.py:2690} INFO - Sync 1 DAGs
[2024-02-19T12:39:22.667+0000] {logging_mixin.py:137} INFO - [2024-02-19T12:39:22.667+0000] {dag.py:3441} INFO - Setting next_dagrun for example_time_delta_sensor_async to None, run_after=None
[2024-02-19T12:39:22.678+0000] {processor.py:175} INFO - Processing /home/airflow/.local/lib/python3.7/site-packages/airflow/example_dags/example_time_delta_sensor_async.py took 0.047 seconds
[2024-02-19T12:39:53.186+0000] {processor.py:153} INFO - Started process (PID=3819) to work on /home/airflow/.local/lib/python3.7/site-packages/airflow/example_dags/example_time_delta_sensor_async.py
[2024-02-19T12:39:53.186+0000] {processor.py:743} INFO - Processing file /home/airflow/.local/lib/python3.7/site-packages/airflow/example_dags/example_time_delta_sensor_async.py for tasks to queue
[2024-02-19T12:39:53.187+0000] {logging_mixin.py:137} INFO - [2024-02-19T12:39:53.187+0000] {dagbag.py:538} INFO - Filling up the DagBag from /home/airflow/.local/lib/python3.7/site-packages/airflow/example_dags/example_time_delta_sensor_async.py
[2024-02-19T12:39:53.194+0000] {processor.py:753} INFO - DAG(s) dict_keys(['example_time_delta_sensor_async']) retrieved from /home/airflow/.local/lib/python3.7/site-packages/airflow/example_dags/example_time_delta_sensor_async.py
[2024-02-19T12:39:53.208+0000] {logging_mixin.py:137} INFO - [2024-02-19T12:39:53.208+0000] {dag.py:2690} INFO - Sync 1 DAGs
[2024-02-19T12:39:53.224+0000] {logging_mixin.py:137} INFO - [2024-02-19T12:39:53.224+0000] {dag.py:3441} INFO - Setting next_dagrun for example_time_delta_sensor_async to None, run_after=None
[2024-02-19T12:39:53.234+0000] {processor.py:175} INFO - Processing /home/airflow/.local/lib/python3.7/site-packages/airflow/example_dags/example_time_delta_sensor_async.py took 0.051 seconds
[2024-02-19T12:40:23.697+0000] {processor.py:153} INFO - Started process (PID=3954) to work on /home/airflow/.local/lib/python3.7/site-packages/airflow/example_dags/example_time_delta_sensor_async.py
[2024-02-19T12:40:23.697+0000] {processor.py:743} INFO - Processing file /home/airflow/.local/lib/python3.7/site-packages/airflow/example_dags/example_time_delta_sensor_async.py for tasks to queue
[2024-02-19T12:40:23.698+0000] {logging_mixin.py:137} INFO - [2024-02-19T12:40:23.698+0000] {dagbag.py:538} INFO - Filling up the DagBag from /home/airflow/.local/lib/python3.7/site-packages/airflow/example_dags/example_time_delta_sensor_async.py
[2024-02-19T12:40:23.704+0000] {processor.py:753} INFO - DAG(s) dict_keys(['example_time_delta_sensor_async']) retrieved from /home/airflow/.local/lib/python3.7/site-packages/airflow/example_dags/example_time_delta_sensor_async.py
[2024-02-19T12:40:23.718+0000] {logging_mixin.py:137} INFO - [2024-02-19T12:40:23.718+0000] {dag.py:2690} INFO - Sync 1 DAGs
[2024-02-19T12:40:23.733+0000] {logging_mixin.py:137} INFO - [2024-02-19T12:40:23.733+0000] {dag.py:3441} INFO - Setting next_dagrun for example_time_delta_sensor_async to None, run_after=None
[2024-02-19T12:40:23.744+0000] {processor.py:175} INFO - Processing /home/airflow/.local/lib/python3.7/site-packages/airflow/example_dags/example_time_delta_sensor_async.py took 0.049 seconds
[2024-02-19T12:40:54.100+0000] {processor.py:153} INFO - Started process (PID=4058) to work on /home/airflow/.local/lib/python3.7/site-packages/airflow/example_dags/example_time_delta_sensor_async.py
[2024-02-19T12:40:54.100+0000] {processor.py:743} INFO - Processing file /home/airflow/.local/lib/python3.7/site-packages/airflow/example_dags/example_time_delta_sensor_async.py for tasks to queue
[2024-02-19T12:40:54.101+0000] {logging_mixin.py:137} INFO - [2024-02-19T12:40:54.101+0000] {dagbag.py:538} INFO - Filling up the DagBag from /home/airflow/.local/lib/python3.7/site-packages/airflow/example_dags/example_time_delta_sensor_async.py
[2024-02-19T12:40:54.107+0000] {processor.py:753} INFO - DAG(s) dict_keys(['example_time_delta_sensor_async']) retrieved from /home/airflow/.local/lib/python3.7/site-packages/airflow/example_dags/example_time_delta_sensor_async.py
[2024-02-19T12:40:54.121+0000] {logging_mixin.py:137} INFO - [2024-02-19T12:40:54.120+0000] {dag.py:2690} INFO - Sync 1 DAGs
[2024-02-19T12:40:54.135+0000] {logging_mixin.py:137} INFO - [2024-02-19T12:40:54.135+0000] {dag.py:3441} INFO - Setting next_dagrun for example_time_delta_sensor_async to None, run_after=None
[2024-02-19T12:40:54.145+0000] {processor.py:175} INFO - Processing /home/airflow/.local/lib/python3.7/site-packages/airflow/example_dags/example_time_delta_sensor_async.py took 0.047 seconds
[2024-02-19T12:41:24.553+0000] {processor.py:153} INFO - Started process (PID=4193) to work on /home/airflow/.local/lib/python3.7/site-packages/airflow/example_dags/example_time_delta_sensor_async.py
[2024-02-19T12:41:24.554+0000] {processor.py:743} INFO - Processing file /home/airflow/.local/lib/python3.7/site-packages/airflow/example_dags/example_time_delta_sensor_async.py for tasks to queue
[2024-02-19T12:41:24.554+0000] {logging_mixin.py:137} INFO - [2024-02-19T12:41:24.554+0000] {dagbag.py:538} INFO - Filling up the DagBag from /home/airflow/.local/lib/python3.7/site-packages/airflow/example_dags/example_time_delta_sensor_async.py
[2024-02-19T12:41:24.560+0000] {processor.py:753} INFO - DAG(s) dict_keys(['example_time_delta_sensor_async']) retrieved from /home/airflow/.local/lib/python3.7/site-packages/airflow/example_dags/example_time_delta_sensor_async.py
[2024-02-19T12:41:24.573+0000] {logging_mixin.py:137} INFO - [2024-02-19T12:41:24.573+0000] {dag.py:2690} INFO - Sync 1 DAGs
[2024-02-19T12:41:24.587+0000] {logging_mixin.py:137} INFO - [2024-02-19T12:41:24.587+0000] {dag.py:3441} INFO - Setting next_dagrun for example_time_delta_sensor_async to None, run_after=None
[2024-02-19T12:41:24.597+0000] {processor.py:175} INFO - Processing /home/airflow/.local/lib/python3.7/site-packages/airflow/example_dags/example_time_delta_sensor_async.py took 0.046 seconds
[2024-02-19T12:41:55.347+0000] {processor.py:153} INFO - Started process (PID=4328) to work on /home/airflow/.local/lib/python3.7/site-packages/airflow/example_dags/example_time_delta_sensor_async.py
[2024-02-19T12:41:55.348+0000] {processor.py:743} INFO - Processing file /home/airflow/.local/lib/python3.7/site-packages/airflow/example_dags/example_time_delta_sensor_async.py for tasks to queue
[2024-02-19T12:41:55.348+0000] {logging_mixin.py:137} INFO - [2024-02-19T12:41:55.348+0000] {dagbag.py:538} INFO - Filling up the DagBag from /home/airflow/.local/lib/python3.7/site-packages/airflow/example_dags/example_time_delta_sensor_async.py
[2024-02-19T12:41:55.355+0000] {processor.py:753} INFO - DAG(s) dict_keys(['example_time_delta_sensor_async']) retrieved from /home/airflow/.local/lib/python3.7/site-packages/airflow/example_dags/example_time_delta_sensor_async.py
[2024-02-19T12:41:55.369+0000] {logging_mixin.py:137} INFO - [2024-02-19T12:41:55.368+0000] {dag.py:2690} INFO - Sync 1 DAGs
[2024-02-19T12:41:55.383+0000] {logging_mixin.py:137} INFO - [2024-02-19T12:41:55.383+0000] {dag.py:3441} INFO - Setting next_dagrun for example_time_delta_sensor_async to None, run_after=None
[2024-02-19T12:41:55.394+0000] {processor.py:175} INFO - Processing /home/airflow/.local/lib/python3.7/site-packages/airflow/example_dags/example_time_delta_sensor_async.py took 0.048 seconds
[2024-02-19T12:42:25.820+0000] {processor.py:153} INFO - Started process (PID=4431) to work on /home/airflow/.local/lib/python3.7/site-packages/airflow/example_dags/example_time_delta_sensor_async.py
[2024-02-19T12:42:25.821+0000] {processor.py:743} INFO - Processing file /home/airflow/.local/lib/python3.7/site-packages/airflow/example_dags/example_time_delta_sensor_async.py for tasks to queue
[2024-02-19T12:42:25.821+0000] {logging_mixin.py:137} INFO - [2024-02-19T12:42:25.821+0000] {dagbag.py:538} INFO - Filling up the DagBag from /home/airflow/.local/lib/python3.7/site-packages/airflow/example_dags/example_time_delta_sensor_async.py
[2024-02-19T12:42:25.827+0000] {processor.py:753} INFO - DAG(s) dict_keys(['example_time_delta_sensor_async']) retrieved from /home/airflow/.local/lib/python3.7/site-packages/airflow/example_dags/example_time_delta_sensor_async.py
[2024-02-19T12:42:25.841+0000] {logging_mixin.py:137} INFO - [2024-02-19T12:42:25.841+0000] {dag.py:2690} INFO - Sync 1 DAGs
[2024-02-19T12:42:25.855+0000] {logging_mixin.py:137} INFO - [2024-02-19T12:42:25.855+0000] {dag.py:3441} INFO - Setting next_dagrun for example_time_delta_sensor_async to None, run_after=None
[2024-02-19T12:42:25.866+0000] {processor.py:175} INFO - Processing /home/airflow/.local/lib/python3.7/site-packages/airflow/example_dags/example_time_delta_sensor_async.py took 0.047 seconds
[2024-02-19T12:42:56.343+0000] {processor.py:153} INFO - Started process (PID=4566) to work on /home/airflow/.local/lib/python3.7/site-packages/airflow/example_dags/example_time_delta_sensor_async.py
[2024-02-19T12:42:56.343+0000] {processor.py:743} INFO - Processing file /home/airflow/.local/lib/python3.7/site-packages/airflow/example_dags/example_time_delta_sensor_async.py for tasks to queue
[2024-02-19T12:42:56.344+0000] {logging_mixin.py:137} INFO - [2024-02-19T12:42:56.344+0000] {dagbag.py:538} INFO - Filling up the DagBag from /home/airflow/.local/lib/python3.7/site-packages/airflow/example_dags/example_time_delta_sensor_async.py
[2024-02-19T12:42:56.350+0000] {processor.py:753} INFO - DAG(s) dict_keys(['example_time_delta_sensor_async']) retrieved from /home/airflow/.local/lib/python3.7/site-packages/airflow/example_dags/example_time_delta_sensor_async.py
[2024-02-19T12:42:56.364+0000] {logging_mixin.py:137} INFO - [2024-02-19T12:42:56.364+0000] {dag.py:2690} INFO - Sync 1 DAGs
[2024-02-19T12:42:56.378+0000] {logging_mixin.py:137} INFO - [2024-02-19T12:42:56.378+0000] {dag.py:3441} INFO - Setting next_dagrun for example_time_delta_sensor_async to None, run_after=None
[2024-02-19T12:42:56.388+0000] {processor.py:175} INFO - Processing /home/airflow/.local/lib/python3.7/site-packages/airflow/example_dags/example_time_delta_sensor_async.py took 0.047 seconds
[2024-02-19T12:43:27.154+0000] {processor.py:153} INFO - Started process (PID=4701) to work on /home/airflow/.local/lib/python3.7/site-packages/airflow/example_dags/example_time_delta_sensor_async.py
[2024-02-19T12:43:27.155+0000] {processor.py:743} INFO - Processing file /home/airflow/.local/lib/python3.7/site-packages/airflow/example_dags/example_time_delta_sensor_async.py for tasks to queue
[2024-02-19T12:43:27.155+0000] {logging_mixin.py:137} INFO - [2024-02-19T12:43:27.155+0000] {dagbag.py:538} INFO - Filling up the DagBag from /home/airflow/.local/lib/python3.7/site-packages/airflow/example_dags/example_time_delta_sensor_async.py
[2024-02-19T12:43:27.162+0000] {processor.py:753} INFO - DAG(s) dict_keys(['example_time_delta_sensor_async']) retrieved from /home/airflow/.local/lib/python3.7/site-packages/airflow/example_dags/example_time_delta_sensor_async.py
[2024-02-19T12:43:27.176+0000] {logging_mixin.py:137} INFO - [2024-02-19T12:43:27.176+0000] {dag.py:2690} INFO - Sync 1 DAGs
[2024-02-19T12:43:27.191+0000] {logging_mixin.py:137} INFO - [2024-02-19T12:43:27.191+0000] {dag.py:3441} INFO - Setting next_dagrun for example_time_delta_sensor_async to None, run_after=None
[2024-02-19T12:43:27.203+0000] {processor.py:175} INFO - Processing /home/airflow/.local/lib/python3.7/site-packages/airflow/example_dags/example_time_delta_sensor_async.py took 0.051 seconds
[2024-02-19T12:43:57.559+0000] {processor.py:153} INFO - Started process (PID=4804) to work on /home/airflow/.local/lib/python3.7/site-packages/airflow/example_dags/example_time_delta_sensor_async.py
[2024-02-19T12:43:57.560+0000] {processor.py:743} INFO - Processing file /home/airflow/.local/lib/python3.7/site-packages/airflow/example_dags/example_time_delta_sensor_async.py for tasks to queue
[2024-02-19T12:43:57.560+0000] {logging_mixin.py:137} INFO - [2024-02-19T12:43:57.560+0000] {dagbag.py:538} INFO - Filling up the DagBag from /home/airflow/.local/lib/python3.7/site-packages/airflow/example_dags/example_time_delta_sensor_async.py
[2024-02-19T12:43:57.566+0000] {processor.py:753} INFO - DAG(s) dict_keys(['example_time_delta_sensor_async']) retrieved from /home/airflow/.local/lib/python3.7/site-packages/airflow/example_dags/example_time_delta_sensor_async.py
[2024-02-19T12:43:57.580+0000] {logging_mixin.py:137} INFO - [2024-02-19T12:43:57.580+0000] {dag.py:2690} INFO - Sync 1 DAGs
[2024-02-19T12:43:57.595+0000] {logging_mixin.py:137} INFO - [2024-02-19T12:43:57.594+0000] {dag.py:3441} INFO - Setting next_dagrun for example_time_delta_sensor_async to None, run_after=None
[2024-02-19T12:43:57.605+0000] {processor.py:175} INFO - Processing /home/airflow/.local/lib/python3.7/site-packages/airflow/example_dags/example_time_delta_sensor_async.py took 0.047 seconds
[2024-02-19T12:44:28.071+0000] {processor.py:153} INFO - Started process (PID=4938) to work on /home/airflow/.local/lib/python3.7/site-packages/airflow/example_dags/example_time_delta_sensor_async.py
[2024-02-19T12:44:28.071+0000] {processor.py:743} INFO - Processing file /home/airflow/.local/lib/python3.7/site-packages/airflow/example_dags/example_time_delta_sensor_async.py for tasks to queue
[2024-02-19T12:44:28.072+0000] {logging_mixin.py:137} INFO - [2024-02-19T12:44:28.071+0000] {dagbag.py:538} INFO - Filling up the DagBag from /home/airflow/.local/lib/python3.7/site-packages/airflow/example_dags/example_time_delta_sensor_async.py
[2024-02-19T12:44:28.078+0000] {processor.py:753} INFO - DAG(s) dict_keys(['example_time_delta_sensor_async']) retrieved from /home/airflow/.local/lib/python3.7/site-packages/airflow/example_dags/example_time_delta_sensor_async.py
[2024-02-19T12:44:28.092+0000] {logging_mixin.py:137} INFO - [2024-02-19T12:44:28.092+0000] {dag.py:2690} INFO - Sync 1 DAGs
[2024-02-19T12:44:28.106+0000] {logging_mixin.py:137} INFO - [2024-02-19T12:44:28.106+0000] {dag.py:3441} INFO - Setting next_dagrun for example_time_delta_sensor_async to None, run_after=None
[2024-02-19T12:44:28.116+0000] {processor.py:175} INFO - Processing /home/airflow/.local/lib/python3.7/site-packages/airflow/example_dags/example_time_delta_sensor_async.py took 0.048 seconds
[2024-02-19T12:44:58.864+0000] {processor.py:153} INFO - Started process (PID=5073) to work on /home/airflow/.local/lib/python3.7/site-packages/airflow/example_dags/example_time_delta_sensor_async.py
[2024-02-19T12:44:58.865+0000] {processor.py:743} INFO - Processing file /home/airflow/.local/lib/python3.7/site-packages/airflow/example_dags/example_time_delta_sensor_async.py for tasks to queue
[2024-02-19T12:44:58.866+0000] {logging_mixin.py:137} INFO - [2024-02-19T12:44:58.866+0000] {dagbag.py:538} INFO - Filling up the DagBag from /home/airflow/.local/lib/python3.7/site-packages/airflow/example_dags/example_time_delta_sensor_async.py
[2024-02-19T12:44:58.873+0000] {processor.py:753} INFO - DAG(s) dict_keys(['example_time_delta_sensor_async']) retrieved from /home/airflow/.local/lib/python3.7/site-packages/airflow/example_dags/example_time_delta_sensor_async.py
[2024-02-19T12:44:58.890+0000] {logging_mixin.py:137} INFO - [2024-02-19T12:44:58.890+0000] {dag.py:2690} INFO - Sync 1 DAGs
[2024-02-19T12:44:58.906+0000] {logging_mixin.py:137} INFO - [2024-02-19T12:44:58.906+0000] {dag.py:3441} INFO - Setting next_dagrun for example_time_delta_sensor_async to None, run_after=None
[2024-02-19T12:44:58.917+0000] {processor.py:175} INFO - Processing /home/airflow/.local/lib/python3.7/site-packages/airflow/example_dags/example_time_delta_sensor_async.py took 0.055 seconds
[2024-02-19T12:45:29.392+0000] {processor.py:153} INFO - Started process (PID=5176) to work on /home/airflow/.local/lib/python3.7/site-packages/airflow/example_dags/example_time_delta_sensor_async.py
[2024-02-19T12:45:29.393+0000] {processor.py:743} INFO - Processing file /home/airflow/.local/lib/python3.7/site-packages/airflow/example_dags/example_time_delta_sensor_async.py for tasks to queue
[2024-02-19T12:45:29.393+0000] {logging_mixin.py:137} INFO - [2024-02-19T12:45:29.393+0000] {dagbag.py:538} INFO - Filling up the DagBag from /home/airflow/.local/lib/python3.7/site-packages/airflow/example_dags/example_time_delta_sensor_async.py
[2024-02-19T12:45:29.400+0000] {processor.py:753} INFO - DAG(s) dict_keys(['example_time_delta_sensor_async']) retrieved from /home/airflow/.local/lib/python3.7/site-packages/airflow/example_dags/example_time_delta_sensor_async.py
[2024-02-19T12:45:29.413+0000] {logging_mixin.py:137} INFO - [2024-02-19T12:45:29.413+0000] {dag.py:2690} INFO - Sync 1 DAGs
[2024-02-19T12:45:29.428+0000] {logging_mixin.py:137} INFO - [2024-02-19T12:45:29.427+0000] {dag.py:3441} INFO - Setting next_dagrun for example_time_delta_sensor_async to None, run_after=None
[2024-02-19T12:45:29.438+0000] {processor.py:175} INFO - Processing /home/airflow/.local/lib/python3.7/site-packages/airflow/example_dags/example_time_delta_sensor_async.py took 0.048 seconds
[2024-02-19T12:45:59.867+0000] {processor.py:153} INFO - Started process (PID=5311) to work on /home/airflow/.local/lib/python3.7/site-packages/airflow/example_dags/example_time_delta_sensor_async.py
[2024-02-19T12:45:59.868+0000] {processor.py:743} INFO - Processing file /home/airflow/.local/lib/python3.7/site-packages/airflow/example_dags/example_time_delta_sensor_async.py for tasks to queue
[2024-02-19T12:45:59.868+0000] {logging_mixin.py:137} INFO - [2024-02-19T12:45:59.868+0000] {dagbag.py:538} INFO - Filling up the DagBag from /home/airflow/.local/lib/python3.7/site-packages/airflow/example_dags/example_time_delta_sensor_async.py
[2024-02-19T12:45:59.876+0000] {processor.py:753} INFO - DAG(s) dict_keys(['example_time_delta_sensor_async']) retrieved from /home/airflow/.local/lib/python3.7/site-packages/airflow/example_dags/example_time_delta_sensor_async.py
[2024-02-19T12:45:59.891+0000] {logging_mixin.py:137} INFO - [2024-02-19T12:45:59.891+0000] {dag.py:2690} INFO - Sync 1 DAGs
[2024-02-19T12:45:59.905+0000] {logging_mixin.py:137} INFO - [2024-02-19T12:45:59.905+0000] {dag.py:3441} INFO - Setting next_dagrun for example_time_delta_sensor_async to None, run_after=None
[2024-02-19T12:45:59.915+0000] {processor.py:175} INFO - Processing /home/airflow/.local/lib/python3.7/site-packages/airflow/example_dags/example_time_delta_sensor_async.py took 0.050 seconds
[2024-02-19T12:46:30.602+0000] {processor.py:153} INFO - Started process (PID=5446) to work on /home/airflow/.local/lib/python3.7/site-packages/airflow/example_dags/example_time_delta_sensor_async.py
[2024-02-19T12:46:30.603+0000] {processor.py:743} INFO - Processing file /home/airflow/.local/lib/python3.7/site-packages/airflow/example_dags/example_time_delta_sensor_async.py for tasks to queue
[2024-02-19T12:46:30.603+0000] {logging_mixin.py:137} INFO - [2024-02-19T12:46:30.603+0000] {dagbag.py:538} INFO - Filling up the DagBag from /home/airflow/.local/lib/python3.7/site-packages/airflow/example_dags/example_time_delta_sensor_async.py
[2024-02-19T12:46:30.610+0000] {processor.py:753} INFO - DAG(s) dict_keys(['example_time_delta_sensor_async']) retrieved from /home/airflow/.local/lib/python3.7/site-packages/airflow/example_dags/example_time_delta_sensor_async.py
[2024-02-19T12:46:30.625+0000] {logging_mixin.py:137} INFO - [2024-02-19T12:46:30.625+0000] {dag.py:2690} INFO - Sync 1 DAGs
[2024-02-19T12:46:30.640+0000] {logging_mixin.py:137} INFO - [2024-02-19T12:46:30.640+0000] {dag.py:3441} INFO - Setting next_dagrun for example_time_delta_sensor_async to None, run_after=None
[2024-02-19T12:46:30.651+0000] {processor.py:175} INFO - Processing /home/airflow/.local/lib/python3.7/site-packages/airflow/example_dags/example_time_delta_sensor_async.py took 0.050 seconds
[2024-02-19T12:47:01.012+0000] {processor.py:153} INFO - Started process (PID=5549) to work on /home/airflow/.local/lib/python3.7/site-packages/airflow/example_dags/example_time_delta_sensor_async.py
[2024-02-19T12:47:01.013+0000] {processor.py:743} INFO - Processing file /home/airflow/.local/lib/python3.7/site-packages/airflow/example_dags/example_time_delta_sensor_async.py for tasks to queue
[2024-02-19T12:47:01.013+0000] {logging_mixin.py:137} INFO - [2024-02-19T12:47:01.013+0000] {dagbag.py:538} INFO - Filling up the DagBag from /home/airflow/.local/lib/python3.7/site-packages/airflow/example_dags/example_time_delta_sensor_async.py
[2024-02-19T12:47:01.020+0000] {processor.py:753} INFO - DAG(s) dict_keys(['example_time_delta_sensor_async']) retrieved from /home/airflow/.local/lib/python3.7/site-packages/airflow/example_dags/example_time_delta_sensor_async.py
[2024-02-19T12:47:01.033+0000] {logging_mixin.py:137} INFO - [2024-02-19T12:47:01.033+0000] {dag.py:2690} INFO - Sync 1 DAGs
[2024-02-19T12:47:01.047+0000] {logging_mixin.py:137} INFO - [2024-02-19T12:47:01.047+0000] {dag.py:3441} INFO - Setting next_dagrun for example_time_delta_sensor_async to None, run_after=None
[2024-02-19T12:47:01.058+0000] {processor.py:175} INFO - Processing /home/airflow/.local/lib/python3.7/site-packages/airflow/example_dags/example_time_delta_sensor_async.py took 0.047 seconds
[2024-02-19T12:47:31.518+0000] {processor.py:153} INFO - Started process (PID=5684) to work on /home/airflow/.local/lib/python3.7/site-packages/airflow/example_dags/example_time_delta_sensor_async.py
[2024-02-19T12:47:31.519+0000] {processor.py:743} INFO - Processing file /home/airflow/.local/lib/python3.7/site-packages/airflow/example_dags/example_time_delta_sensor_async.py for tasks to queue
[2024-02-19T12:47:31.519+0000] {logging_mixin.py:137} INFO - [2024-02-19T12:47:31.519+0000] {dagbag.py:538} INFO - Filling up the DagBag from /home/airflow/.local/lib/python3.7/site-packages/airflow/example_dags/example_time_delta_sensor_async.py
[2024-02-19T12:47:31.526+0000] {processor.py:753} INFO - DAG(s) dict_keys(['example_time_delta_sensor_async']) retrieved from /home/airflow/.local/lib/python3.7/site-packages/airflow/example_dags/example_time_delta_sensor_async.py
[2024-02-19T12:47:31.539+0000] {logging_mixin.py:137} INFO - [2024-02-19T12:47:31.539+0000] {dag.py:2690} INFO - Sync 1 DAGs
[2024-02-19T12:47:31.554+0000] {logging_mixin.py:137} INFO - [2024-02-19T12:47:31.553+0000] {dag.py:3441} INFO - Setting next_dagrun for example_time_delta_sensor_async to None, run_after=None
[2024-02-19T12:47:31.564+0000] {processor.py:175} INFO - Processing /home/airflow/.local/lib/python3.7/site-packages/airflow/example_dags/example_time_delta_sensor_async.py took 0.048 seconds
[2024-02-19T12:48:02.174+0000] {processor.py:153} INFO - Started process (PID=5819) to work on /home/airflow/.local/lib/python3.7/site-packages/airflow/example_dags/example_time_delta_sensor_async.py
[2024-02-19T12:48:02.174+0000] {processor.py:743} INFO - Processing file /home/airflow/.local/lib/python3.7/site-packages/airflow/example_dags/example_time_delta_sensor_async.py for tasks to queue
[2024-02-19T12:48:02.175+0000] {logging_mixin.py:137} INFO - [2024-02-19T12:48:02.175+0000] {dagbag.py:538} INFO - Filling up the DagBag from /home/airflow/.local/lib/python3.7/site-packages/airflow/example_dags/example_time_delta_sensor_async.py
[2024-02-19T12:48:02.182+0000] {processor.py:753} INFO - DAG(s) dict_keys(['example_time_delta_sensor_async']) retrieved from /home/airflow/.local/lib/python3.7/site-packages/airflow/example_dags/example_time_delta_sensor_async.py
[2024-02-19T12:48:02.199+0000] {logging_mixin.py:137} INFO - [2024-02-19T12:48:02.199+0000] {dag.py:2690} INFO - Sync 1 DAGs
[2024-02-19T12:48:02.213+0000] {logging_mixin.py:137} INFO - [2024-02-19T12:48:02.213+0000] {dag.py:3441} INFO - Setting next_dagrun for example_time_delta_sensor_async to None, run_after=None
[2024-02-19T12:48:02.226+0000] {processor.py:175} INFO - Processing /home/airflow/.local/lib/python3.7/site-packages/airflow/example_dags/example_time_delta_sensor_async.py took 0.054 seconds
[2024-02-19T12:48:32.715+0000] {processor.py:153} INFO - Started process (PID=5922) to work on /home/airflow/.local/lib/python3.7/site-packages/airflow/example_dags/example_time_delta_sensor_async.py
[2024-02-19T12:48:32.715+0000] {processor.py:743} INFO - Processing file /home/airflow/.local/lib/python3.7/site-packages/airflow/example_dags/example_time_delta_sensor_async.py for tasks to queue
[2024-02-19T12:48:32.716+0000] {logging_mixin.py:137} INFO - [2024-02-19T12:48:32.716+0000] {dagbag.py:538} INFO - Filling up the DagBag from /home/airflow/.local/lib/python3.7/site-packages/airflow/example_dags/example_time_delta_sensor_async.py
[2024-02-19T12:48:32.722+0000] {processor.py:753} INFO - DAG(s) dict_keys(['example_time_delta_sensor_async']) retrieved from /home/airflow/.local/lib/python3.7/site-packages/airflow/example_dags/example_time_delta_sensor_async.py
[2024-02-19T12:48:32.735+0000] {logging_mixin.py:137} INFO - [2024-02-19T12:48:32.735+0000] {dag.py:2690} INFO - Sync 1 DAGs
[2024-02-19T12:48:32.749+0000] {logging_mixin.py:137} INFO - [2024-02-19T12:48:32.749+0000] {dag.py:3441} INFO - Setting next_dagrun for example_time_delta_sensor_async to None, run_after=None
[2024-02-19T12:48:32.760+0000] {processor.py:175} INFO - Processing /home/airflow/.local/lib/python3.7/site-packages/airflow/example_dags/example_time_delta_sensor_async.py took 0.047 seconds
[2024-02-19T12:49:03.235+0000] {processor.py:153} INFO - Started process (PID=6057) to work on /home/airflow/.local/lib/python3.7/site-packages/airflow/example_dags/example_time_delta_sensor_async.py
[2024-02-19T12:49:03.235+0000] {processor.py:743} INFO - Processing file /home/airflow/.local/lib/python3.7/site-packages/airflow/example_dags/example_time_delta_sensor_async.py for tasks to queue
[2024-02-19T12:49:03.236+0000] {logging_mixin.py:137} INFO - [2024-02-19T12:49:03.236+0000] {dagbag.py:538} INFO - Filling up the DagBag from /home/airflow/.local/lib/python3.7/site-packages/airflow/example_dags/example_time_delta_sensor_async.py
[2024-02-19T12:49:03.242+0000] {processor.py:753} INFO - DAG(s) dict_keys(['example_time_delta_sensor_async']) retrieved from /home/airflow/.local/lib/python3.7/site-packages/airflow/example_dags/example_time_delta_sensor_async.py
[2024-02-19T12:49:03.257+0000] {logging_mixin.py:137} INFO - [2024-02-19T12:49:03.256+0000] {dag.py:2690} INFO - Sync 1 DAGs
[2024-02-19T12:49:03.271+0000] {logging_mixin.py:137} INFO - [2024-02-19T12:49:03.271+0000] {dag.py:3441} INFO - Setting next_dagrun for example_time_delta_sensor_async to None, run_after=None
[2024-02-19T12:49:03.283+0000] {processor.py:175} INFO - Processing /home/airflow/.local/lib/python3.7/site-packages/airflow/example_dags/example_time_delta_sensor_async.py took 0.050 seconds
[2024-02-19T12:49:34.025+0000] {processor.py:153} INFO - Started process (PID=6192) to work on /home/airflow/.local/lib/python3.7/site-packages/airflow/example_dags/example_time_delta_sensor_async.py
[2024-02-19T12:49:34.026+0000] {processor.py:743} INFO - Processing file /home/airflow/.local/lib/python3.7/site-packages/airflow/example_dags/example_time_delta_sensor_async.py for tasks to queue
[2024-02-19T12:49:34.026+0000] {logging_mixin.py:137} INFO - [2024-02-19T12:49:34.026+0000] {dagbag.py:538} INFO - Filling up the DagBag from /home/airflow/.local/lib/python3.7/site-packages/airflow/example_dags/example_time_delta_sensor_async.py
[2024-02-19T12:49:34.033+0000] {processor.py:753} INFO - DAG(s) dict_keys(['example_time_delta_sensor_async']) retrieved from /home/airflow/.local/lib/python3.7/site-packages/airflow/example_dags/example_time_delta_sensor_async.py
[2024-02-19T12:49:34.046+0000] {logging_mixin.py:137} INFO - [2024-02-19T12:49:34.046+0000] {dag.py:2690} INFO - Sync 1 DAGs
[2024-02-19T12:49:34.061+0000] {logging_mixin.py:137} INFO - [2024-02-19T12:49:34.061+0000] {dag.py:3441} INFO - Setting next_dagrun for example_time_delta_sensor_async to None, run_after=None
[2024-02-19T12:49:34.072+0000] {processor.py:175} INFO - Processing /home/airflow/.local/lib/python3.7/site-packages/airflow/example_dags/example_time_delta_sensor_async.py took 0.048 seconds
[2024-02-19T12:50:04.556+0000] {processor.py:153} INFO - Started process (PID=6295) to work on /home/airflow/.local/lib/python3.7/site-packages/airflow/example_dags/example_time_delta_sensor_async.py
[2024-02-19T12:50:04.556+0000] {processor.py:743} INFO - Processing file /home/airflow/.local/lib/python3.7/site-packages/airflow/example_dags/example_time_delta_sensor_async.py for tasks to queue
[2024-02-19T12:50:04.556+0000] {logging_mixin.py:137} INFO - [2024-02-19T12:50:04.556+0000] {dagbag.py:538} INFO - Filling up the DagBag from /home/airflow/.local/lib/python3.7/site-packages/airflow/example_dags/example_time_delta_sensor_async.py
[2024-02-19T12:50:04.563+0000] {processor.py:753} INFO - DAG(s) dict_keys(['example_time_delta_sensor_async']) retrieved from /home/airflow/.local/lib/python3.7/site-packages/airflow/example_dags/example_time_delta_sensor_async.py
[2024-02-19T12:50:04.579+0000] {logging_mixin.py:137} INFO - [2024-02-19T12:50:04.578+0000] {dag.py:2690} INFO - Sync 1 DAGs
[2024-02-19T12:50:04.594+0000] {logging_mixin.py:137} INFO - [2024-02-19T12:50:04.594+0000] {dag.py:3441} INFO - Setting next_dagrun for example_time_delta_sensor_async to None, run_after=None
[2024-02-19T12:50:04.604+0000] {processor.py:175} INFO - Processing /home/airflow/.local/lib/python3.7/site-packages/airflow/example_dags/example_time_delta_sensor_async.py took 0.050 seconds
[2024-02-19T12:50:34.975+0000] {processor.py:153} INFO - Started process (PID=6430) to work on /home/airflow/.local/lib/python3.7/site-packages/airflow/example_dags/example_time_delta_sensor_async.py
[2024-02-19T12:50:34.975+0000] {processor.py:743} INFO - Processing file /home/airflow/.local/lib/python3.7/site-packages/airflow/example_dags/example_time_delta_sensor_async.py for tasks to queue
[2024-02-19T12:50:34.976+0000] {logging_mixin.py:137} INFO - [2024-02-19T12:50:34.976+0000] {dagbag.py:538} INFO - Filling up the DagBag from /home/airflow/.local/lib/python3.7/site-packages/airflow/example_dags/example_time_delta_sensor_async.py
[2024-02-19T12:50:34.982+0000] {processor.py:753} INFO - DAG(s) dict_keys(['example_time_delta_sensor_async']) retrieved from /home/airflow/.local/lib/python3.7/site-packages/airflow/example_dags/example_time_delta_sensor_async.py
[2024-02-19T12:50:34.998+0000] {logging_mixin.py:137} INFO - [2024-02-19T12:50:34.998+0000] {dag.py:2690} INFO - Sync 1 DAGs
[2024-02-19T12:50:35.012+0000] {logging_mixin.py:137} INFO - [2024-02-19T12:50:35.012+0000] {dag.py:3441} INFO - Setting next_dagrun for example_time_delta_sensor_async to None, run_after=None
[2024-02-19T12:50:35.024+0000] {processor.py:175} INFO - Processing /home/airflow/.local/lib/python3.7/site-packages/airflow/example_dags/example_time_delta_sensor_async.py took 0.052 seconds
[2024-02-19T12:51:05.728+0000] {processor.py:153} INFO - Started process (PID=6541) to work on /home/airflow/.local/lib/python3.7/site-packages/airflow/example_dags/example_time_delta_sensor_async.py
[2024-02-19T12:51:05.729+0000] {processor.py:743} INFO - Processing file /home/airflow/.local/lib/python3.7/site-packages/airflow/example_dags/example_time_delta_sensor_async.py for tasks to queue
[2024-02-19T12:51:05.730+0000] {logging_mixin.py:137} INFO - [2024-02-19T12:51:05.730+0000] {dagbag.py:538} INFO - Filling up the DagBag from /home/airflow/.local/lib/python3.7/site-packages/airflow/example_dags/example_time_delta_sensor_async.py
[2024-02-19T12:51:05.740+0000] {processor.py:753} INFO - DAG(s) dict_keys(['example_time_delta_sensor_async']) retrieved from /home/airflow/.local/lib/python3.7/site-packages/airflow/example_dags/example_time_delta_sensor_async.py
[2024-02-19T12:51:05.760+0000] {logging_mixin.py:137} INFO - [2024-02-19T12:51:05.760+0000] {dag.py:2690} INFO - Sync 1 DAGs
[2024-02-19T12:51:05.782+0000] {logging_mixin.py:137} INFO - [2024-02-19T12:51:05.782+0000] {dag.py:3441} INFO - Setting next_dagrun for example_time_delta_sensor_async to None, run_after=None
[2024-02-19T12:51:05.800+0000] {processor.py:175} INFO - Processing /home/airflow/.local/lib/python3.7/site-packages/airflow/example_dags/example_time_delta_sensor_async.py took 0.074 seconds
[2024-02-19T12:51:36.542+0000] {processor.py:153} INFO - Started process (PID=6667) to work on /home/airflow/.local/lib/python3.7/site-packages/airflow/example_dags/example_time_delta_sensor_async.py
[2024-02-19T12:51:36.542+0000] {processor.py:743} INFO - Processing file /home/airflow/.local/lib/python3.7/site-packages/airflow/example_dags/example_time_delta_sensor_async.py for tasks to queue
[2024-02-19T12:51:36.543+0000] {logging_mixin.py:137} INFO - [2024-02-19T12:51:36.543+0000] {dagbag.py:538} INFO - Filling up the DagBag from /home/airflow/.local/lib/python3.7/site-packages/airflow/example_dags/example_time_delta_sensor_async.py
[2024-02-19T12:51:36.551+0000] {processor.py:753} INFO - DAG(s) dict_keys(['example_time_delta_sensor_async']) retrieved from /home/airflow/.local/lib/python3.7/site-packages/airflow/example_dags/example_time_delta_sensor_async.py
[2024-02-19T12:51:36.568+0000] {logging_mixin.py:137} INFO - [2024-02-19T12:51:36.568+0000] {dag.py:2690} INFO - Sync 1 DAGs
[2024-02-19T12:51:36.585+0000] {logging_mixin.py:137} INFO - [2024-02-19T12:51:36.585+0000] {dag.py:3441} INFO - Setting next_dagrun for example_time_delta_sensor_async to None, run_after=None
[2024-02-19T12:51:36.602+0000] {processor.py:175} INFO - Processing /home/airflow/.local/lib/python3.7/site-packages/airflow/example_dags/example_time_delta_sensor_async.py took 0.062 seconds
[2024-02-19T12:52:07.886+0000] {processor.py:153} INFO - Started process (PID=6802) to work on /home/airflow/.local/lib/python3.7/site-packages/airflow/example_dags/example_time_delta_sensor_async.py
[2024-02-19T12:52:07.887+0000] {processor.py:743} INFO - Processing file /home/airflow/.local/lib/python3.7/site-packages/airflow/example_dags/example_time_delta_sensor_async.py for tasks to queue
[2024-02-19T12:52:07.887+0000] {logging_mixin.py:137} INFO - [2024-02-19T12:52:07.887+0000] {dagbag.py:538} INFO - Filling up the DagBag from /home/airflow/.local/lib/python3.7/site-packages/airflow/example_dags/example_time_delta_sensor_async.py
[2024-02-19T12:52:07.897+0000] {processor.py:753} INFO - DAG(s) dict_keys(['example_time_delta_sensor_async']) retrieved from /home/airflow/.local/lib/python3.7/site-packages/airflow/example_dags/example_time_delta_sensor_async.py
[2024-02-19T12:52:07.921+0000] {logging_mixin.py:137} INFO - [2024-02-19T12:52:07.920+0000] {dag.py:2690} INFO - Sync 1 DAGs
[2024-02-19T12:52:07.947+0000] {logging_mixin.py:137} INFO - [2024-02-19T12:52:07.947+0000] {dag.py:3441} INFO - Setting next_dagrun for example_time_delta_sensor_async to None, run_after=None
[2024-02-19T12:52:07.967+0000] {processor.py:175} INFO - Processing /home/airflow/.local/lib/python3.7/site-packages/airflow/example_dags/example_time_delta_sensor_async.py took 0.084 seconds
[2024-02-19T12:52:38.580+0000] {processor.py:153} INFO - Started process (PID=6905) to work on /home/airflow/.local/lib/python3.7/site-packages/airflow/example_dags/example_time_delta_sensor_async.py
[2024-02-19T12:52:38.581+0000] {processor.py:743} INFO - Processing file /home/airflow/.local/lib/python3.7/site-packages/airflow/example_dags/example_time_delta_sensor_async.py for tasks to queue
[2024-02-19T12:52:38.582+0000] {logging_mixin.py:137} INFO - [2024-02-19T12:52:38.582+0000] {dagbag.py:538} INFO - Filling up the DagBag from /home/airflow/.local/lib/python3.7/site-packages/airflow/example_dags/example_time_delta_sensor_async.py
[2024-02-19T12:52:38.591+0000] {processor.py:753} INFO - DAG(s) dict_keys(['example_time_delta_sensor_async']) retrieved from /home/airflow/.local/lib/python3.7/site-packages/airflow/example_dags/example_time_delta_sensor_async.py
[2024-02-19T12:52:38.610+0000] {logging_mixin.py:137} INFO - [2024-02-19T12:52:38.610+0000] {dag.py:2690} INFO - Sync 1 DAGs
[2024-02-19T12:52:38.630+0000] {logging_mixin.py:137} INFO - [2024-02-19T12:52:38.630+0000] {dag.py:3441} INFO - Setting next_dagrun for example_time_delta_sensor_async to None, run_after=None
[2024-02-19T12:52:38.645+0000] {processor.py:175} INFO - Processing /home/airflow/.local/lib/python3.7/site-packages/airflow/example_dags/example_time_delta_sensor_async.py took 0.068 seconds
[2024-02-19T12:53:09.499+0000] {processor.py:153} INFO - Started process (PID=7040) to work on /home/airflow/.local/lib/python3.7/site-packages/airflow/example_dags/example_time_delta_sensor_async.py
[2024-02-19T12:53:09.499+0000] {processor.py:743} INFO - Processing file /home/airflow/.local/lib/python3.7/site-packages/airflow/example_dags/example_time_delta_sensor_async.py for tasks to queue
[2024-02-19T12:53:09.500+0000] {logging_mixin.py:137} INFO - [2024-02-19T12:53:09.500+0000] {dagbag.py:538} INFO - Filling up the DagBag from /home/airflow/.local/lib/python3.7/site-packages/airflow/example_dags/example_time_delta_sensor_async.py
[2024-02-19T12:53:09.508+0000] {processor.py:753} INFO - DAG(s) dict_keys(['example_time_delta_sensor_async']) retrieved from /home/airflow/.local/lib/python3.7/site-packages/airflow/example_dags/example_time_delta_sensor_async.py
[2024-02-19T12:53:09.524+0000] {logging_mixin.py:137} INFO - [2024-02-19T12:53:09.524+0000] {dag.py:2690} INFO - Sync 1 DAGs
[2024-02-19T12:53:09.542+0000] {logging_mixin.py:137} INFO - [2024-02-19T12:53:09.542+0000] {dag.py:3441} INFO - Setting next_dagrun for example_time_delta_sensor_async to None, run_after=None
[2024-02-19T12:53:09.556+0000] {processor.py:175} INFO - Processing /home/airflow/.local/lib/python3.7/site-packages/airflow/example_dags/example_time_delta_sensor_async.py took 0.059 seconds
[2024-02-19T12:53:40.385+0000] {processor.py:153} INFO - Started process (PID=7176) to work on /home/airflow/.local/lib/python3.7/site-packages/airflow/example_dags/example_time_delta_sensor_async.py
[2024-02-19T12:53:40.387+0000] {processor.py:743} INFO - Processing file /home/airflow/.local/lib/python3.7/site-packages/airflow/example_dags/example_time_delta_sensor_async.py for tasks to queue
[2024-02-19T12:53:40.388+0000] {logging_mixin.py:137} INFO - [2024-02-19T12:53:40.387+0000] {dagbag.py:538} INFO - Filling up the DagBag from /home/airflow/.local/lib/python3.7/site-packages/airflow/example_dags/example_time_delta_sensor_async.py
[2024-02-19T12:53:40.400+0000] {processor.py:753} INFO - DAG(s) dict_keys(['example_time_delta_sensor_async']) retrieved from /home/airflow/.local/lib/python3.7/site-packages/airflow/example_dags/example_time_delta_sensor_async.py
[2024-02-19T12:53:40.437+0000] {logging_mixin.py:137} INFO - [2024-02-19T12:53:40.437+0000] {dag.py:2690} INFO - Sync 1 DAGs
[2024-02-19T12:53:40.490+0000] {logging_mixin.py:137} INFO - [2024-02-19T12:53:40.490+0000] {dag.py:3441} INFO - Setting next_dagrun for example_time_delta_sensor_async to None, run_after=None
[2024-02-19T12:53:40.537+0000] {processor.py:175} INFO - Processing /home/airflow/.local/lib/python3.7/site-packages/airflow/example_dags/example_time_delta_sensor_async.py took 0.155 seconds
[2024-02-19T12:54:11.348+0000] {processor.py:153} INFO - Started process (PID=7279) to work on /home/airflow/.local/lib/python3.7/site-packages/airflow/example_dags/example_time_delta_sensor_async.py
[2024-02-19T12:54:11.349+0000] {processor.py:743} INFO - Processing file /home/airflow/.local/lib/python3.7/site-packages/airflow/example_dags/example_time_delta_sensor_async.py for tasks to queue
[2024-02-19T12:54:11.349+0000] {logging_mixin.py:137} INFO - [2024-02-19T12:54:11.349+0000] {dagbag.py:538} INFO - Filling up the DagBag from /home/airflow/.local/lib/python3.7/site-packages/airflow/example_dags/example_time_delta_sensor_async.py
[2024-02-19T12:54:11.357+0000] {processor.py:753} INFO - DAG(s) dict_keys(['example_time_delta_sensor_async']) retrieved from /home/airflow/.local/lib/python3.7/site-packages/airflow/example_dags/example_time_delta_sensor_async.py
[2024-02-19T12:54:11.374+0000] {logging_mixin.py:137} INFO - [2024-02-19T12:54:11.374+0000] {dag.py:2690} INFO - Sync 1 DAGs
[2024-02-19T12:54:11.391+0000] {logging_mixin.py:137} INFO - [2024-02-19T12:54:11.391+0000] {dag.py:3441} INFO - Setting next_dagrun for example_time_delta_sensor_async to None, run_after=None
[2024-02-19T12:54:11.405+0000] {processor.py:175} INFO - Processing /home/airflow/.local/lib/python3.7/site-packages/airflow/example_dags/example_time_delta_sensor_async.py took 0.060 seconds
[2024-02-19T12:54:41.515+0000] {processor.py:153} INFO - Started process (PID=7414) to work on /home/airflow/.local/lib/python3.7/site-packages/airflow/example_dags/example_time_delta_sensor_async.py
[2024-02-19T12:54:41.515+0000] {processor.py:743} INFO - Processing file /home/airflow/.local/lib/python3.7/site-packages/airflow/example_dags/example_time_delta_sensor_async.py for tasks to queue
[2024-02-19T12:54:41.516+0000] {logging_mixin.py:137} INFO - [2024-02-19T12:54:41.515+0000] {dagbag.py:538} INFO - Filling up the DagBag from /home/airflow/.local/lib/python3.7/site-packages/airflow/example_dags/example_time_delta_sensor_async.py
[2024-02-19T12:54:41.525+0000] {processor.py:753} INFO - DAG(s) dict_keys(['example_time_delta_sensor_async']) retrieved from /home/airflow/.local/lib/python3.7/site-packages/airflow/example_dags/example_time_delta_sensor_async.py
[2024-02-19T12:54:41.542+0000] {logging_mixin.py:137} INFO - [2024-02-19T12:54:41.541+0000] {dag.py:2690} INFO - Sync 1 DAGs
[2024-02-19T12:54:41.560+0000] {logging_mixin.py:137} INFO - [2024-02-19T12:54:41.560+0000] {dag.py:3441} INFO - Setting next_dagrun for example_time_delta_sensor_async to None, run_after=None
[2024-02-19T12:54:41.574+0000] {processor.py:175} INFO - Processing /home/airflow/.local/lib/python3.7/site-packages/airflow/example_dags/example_time_delta_sensor_async.py took 0.062 seconds
[2024-02-19T12:55:12.217+0000] {processor.py:153} INFO - Started process (PID=7524) to work on /home/airflow/.local/lib/python3.7/site-packages/airflow/example_dags/example_time_delta_sensor_async.py
[2024-02-19T12:55:12.218+0000] {processor.py:743} INFO - Processing file /home/airflow/.local/lib/python3.7/site-packages/airflow/example_dags/example_time_delta_sensor_async.py for tasks to queue
[2024-02-19T12:55:12.218+0000] {logging_mixin.py:137} INFO - [2024-02-19T12:55:12.218+0000] {dagbag.py:538} INFO - Filling up the DagBag from /home/airflow/.local/lib/python3.7/site-packages/airflow/example_dags/example_time_delta_sensor_async.py
[2024-02-19T12:55:12.228+0000] {processor.py:753} INFO - DAG(s) dict_keys(['example_time_delta_sensor_async']) retrieved from /home/airflow/.local/lib/python3.7/site-packages/airflow/example_dags/example_time_delta_sensor_async.py
[2024-02-19T12:55:12.248+0000] {logging_mixin.py:137} INFO - [2024-02-19T12:55:12.247+0000] {dag.py:2690} INFO - Sync 1 DAGs
[2024-02-19T12:55:12.268+0000] {logging_mixin.py:137} INFO - [2024-02-19T12:55:12.268+0000] {dag.py:3441} INFO - Setting next_dagrun for example_time_delta_sensor_async to None, run_after=None
[2024-02-19T12:55:12.284+0000] {processor.py:175} INFO - Processing /home/airflow/.local/lib/python3.7/site-packages/airflow/example_dags/example_time_delta_sensor_async.py took 0.070 seconds
[2024-02-19T12:55:43.003+0000] {processor.py:153} INFO - Started process (PID=7652) to work on /home/airflow/.local/lib/python3.7/site-packages/airflow/example_dags/example_time_delta_sensor_async.py
[2024-02-19T12:55:43.004+0000] {processor.py:743} INFO - Processing file /home/airflow/.local/lib/python3.7/site-packages/airflow/example_dags/example_time_delta_sensor_async.py for tasks to queue
[2024-02-19T12:55:43.004+0000] {logging_mixin.py:137} INFO - [2024-02-19T12:55:43.004+0000] {dagbag.py:538} INFO - Filling up the DagBag from /home/airflow/.local/lib/python3.7/site-packages/airflow/example_dags/example_time_delta_sensor_async.py
[2024-02-19T12:55:43.014+0000] {processor.py:753} INFO - DAG(s) dict_keys(['example_time_delta_sensor_async']) retrieved from /home/airflow/.local/lib/python3.7/site-packages/airflow/example_dags/example_time_delta_sensor_async.py
[2024-02-19T12:55:43.034+0000] {logging_mixin.py:137} INFO - [2024-02-19T12:55:43.034+0000] {dag.py:2690} INFO - Sync 1 DAGs
[2024-02-19T12:55:43.055+0000] {logging_mixin.py:137} INFO - [2024-02-19T12:55:43.055+0000] {dag.py:3441} INFO - Setting next_dagrun for example_time_delta_sensor_async to None, run_after=None
[2024-02-19T12:55:43.072+0000] {processor.py:175} INFO - Processing /home/airflow/.local/lib/python3.7/site-packages/airflow/example_dags/example_time_delta_sensor_async.py took 0.071 seconds
[2024-02-19T12:56:13.883+0000] {processor.py:153} INFO - Started process (PID=7787) to work on /home/airflow/.local/lib/python3.7/site-packages/airflow/example_dags/example_time_delta_sensor_async.py
[2024-02-19T12:56:13.884+0000] {processor.py:743} INFO - Processing file /home/airflow/.local/lib/python3.7/site-packages/airflow/example_dags/example_time_delta_sensor_async.py for tasks to queue
[2024-02-19T12:56:13.884+0000] {logging_mixin.py:137} INFO - [2024-02-19T12:56:13.884+0000] {dagbag.py:538} INFO - Filling up the DagBag from /home/airflow/.local/lib/python3.7/site-packages/airflow/example_dags/example_time_delta_sensor_async.py
[2024-02-19T12:56:13.893+0000] {processor.py:753} INFO - DAG(s) dict_keys(['example_time_delta_sensor_async']) retrieved from /home/airflow/.local/lib/python3.7/site-packages/airflow/example_dags/example_time_delta_sensor_async.py
[2024-02-19T12:56:13.914+0000] {logging_mixin.py:137} INFO - [2024-02-19T12:56:13.914+0000] {dag.py:2690} INFO - Sync 1 DAGs
[2024-02-19T12:56:13.935+0000] {logging_mixin.py:137} INFO - [2024-02-19T12:56:13.934+0000] {dag.py:3441} INFO - Setting next_dagrun for example_time_delta_sensor_async to None, run_after=None
[2024-02-19T12:56:13.953+0000] {processor.py:175} INFO - Processing /home/airflow/.local/lib/python3.7/site-packages/airflow/example_dags/example_time_delta_sensor_async.py took 0.072 seconds
[2024-02-19T12:56:44.637+0000] {processor.py:153} INFO - Started process (PID=7890) to work on /home/airflow/.local/lib/python3.7/site-packages/airflow/example_dags/example_time_delta_sensor_async.py
[2024-02-19T12:56:44.638+0000] {processor.py:743} INFO - Processing file /home/airflow/.local/lib/python3.7/site-packages/airflow/example_dags/example_time_delta_sensor_async.py for tasks to queue
[2024-02-19T12:56:44.638+0000] {logging_mixin.py:137} INFO - [2024-02-19T12:56:44.638+0000] {dagbag.py:538} INFO - Filling up the DagBag from /home/airflow/.local/lib/python3.7/site-packages/airflow/example_dags/example_time_delta_sensor_async.py
[2024-02-19T12:56:44.646+0000] {processor.py:753} INFO - DAG(s) dict_keys(['example_time_delta_sensor_async']) retrieved from /home/airflow/.local/lib/python3.7/site-packages/airflow/example_dags/example_time_delta_sensor_async.py
[2024-02-19T12:56:44.665+0000] {logging_mixin.py:137} INFO - [2024-02-19T12:56:44.664+0000] {dag.py:2690} INFO - Sync 1 DAGs
[2024-02-19T12:56:44.685+0000] {logging_mixin.py:137} INFO - [2024-02-19T12:56:44.685+0000] {dag.py:3441} INFO - Setting next_dagrun for example_time_delta_sensor_async to None, run_after=None
[2024-02-19T12:56:44.699+0000] {processor.py:175} INFO - Processing /home/airflow/.local/lib/python3.7/site-packages/airflow/example_dags/example_time_delta_sensor_async.py took 0.064 seconds
[2024-02-19T12:57:15.534+0000] {processor.py:153} INFO - Started process (PID=8025) to work on /home/airflow/.local/lib/python3.7/site-packages/airflow/example_dags/example_time_delta_sensor_async.py
[2024-02-19T12:57:15.535+0000] {processor.py:743} INFO - Processing file /home/airflow/.local/lib/python3.7/site-packages/airflow/example_dags/example_time_delta_sensor_async.py for tasks to queue
[2024-02-19T12:57:15.535+0000] {logging_mixin.py:137} INFO - [2024-02-19T12:57:15.535+0000] {dagbag.py:538} INFO - Filling up the DagBag from /home/airflow/.local/lib/python3.7/site-packages/airflow/example_dags/example_time_delta_sensor_async.py
[2024-02-19T12:57:15.544+0000] {processor.py:753} INFO - DAG(s) dict_keys(['example_time_delta_sensor_async']) retrieved from /home/airflow/.local/lib/python3.7/site-packages/airflow/example_dags/example_time_delta_sensor_async.py
[2024-02-19T12:57:15.563+0000] {logging_mixin.py:137} INFO - [2024-02-19T12:57:15.563+0000] {dag.py:2690} INFO - Sync 1 DAGs
[2024-02-19T12:57:15.582+0000] {logging_mixin.py:137} INFO - [2024-02-19T12:57:15.582+0000] {dag.py:3441} INFO - Setting next_dagrun for example_time_delta_sensor_async to None, run_after=None
[2024-02-19T12:57:15.596+0000] {processor.py:175} INFO - Processing /home/airflow/.local/lib/python3.7/site-packages/airflow/example_dags/example_time_delta_sensor_async.py took 0.064 seconds
[2024-02-19T12:57:46.599+0000] {processor.py:153} INFO - Started process (PID=8160) to work on /home/airflow/.local/lib/python3.7/site-packages/airflow/example_dags/example_time_delta_sensor_async.py
[2024-02-19T12:57:46.599+0000] {processor.py:743} INFO - Processing file /home/airflow/.local/lib/python3.7/site-packages/airflow/example_dags/example_time_delta_sensor_async.py for tasks to queue
[2024-02-19T12:57:46.600+0000] {logging_mixin.py:137} INFO - [2024-02-19T12:57:46.600+0000] {dagbag.py:538} INFO - Filling up the DagBag from /home/airflow/.local/lib/python3.7/site-packages/airflow/example_dags/example_time_delta_sensor_async.py
[2024-02-19T12:57:46.611+0000] {processor.py:753} INFO - DAG(s) dict_keys(['example_time_delta_sensor_async']) retrieved from /home/airflow/.local/lib/python3.7/site-packages/airflow/example_dags/example_time_delta_sensor_async.py
[2024-02-19T12:57:46.635+0000] {logging_mixin.py:137} INFO - [2024-02-19T12:57:46.635+0000] {dag.py:2690} INFO - Sync 1 DAGs
[2024-02-19T12:57:46.659+0000] {logging_mixin.py:137} INFO - [2024-02-19T12:57:46.659+0000] {dag.py:3441} INFO - Setting next_dagrun for example_time_delta_sensor_async to None, run_after=None
[2024-02-19T12:57:46.679+0000] {processor.py:175} INFO - Processing /home/airflow/.local/lib/python3.7/site-packages/airflow/example_dags/example_time_delta_sensor_async.py took 0.083 seconds
[2024-02-19T12:58:17.480+0000] {processor.py:153} INFO - Started process (PID=8262) to work on /home/airflow/.local/lib/python3.7/site-packages/airflow/example_dags/example_time_delta_sensor_async.py
[2024-02-19T12:58:17.481+0000] {processor.py:743} INFO - Processing file /home/airflow/.local/lib/python3.7/site-packages/airflow/example_dags/example_time_delta_sensor_async.py for tasks to queue
[2024-02-19T12:58:17.481+0000] {logging_mixin.py:137} INFO - [2024-02-19T12:58:17.481+0000] {dagbag.py:538} INFO - Filling up the DagBag from /home/airflow/.local/lib/python3.7/site-packages/airflow/example_dags/example_time_delta_sensor_async.py
[2024-02-19T12:58:17.489+0000] {processor.py:753} INFO - DAG(s) dict_keys(['example_time_delta_sensor_async']) retrieved from /home/airflow/.local/lib/python3.7/site-packages/airflow/example_dags/example_time_delta_sensor_async.py
[2024-02-19T12:58:17.505+0000] {logging_mixin.py:137} INFO - [2024-02-19T12:58:17.504+0000] {dag.py:2690} INFO - Sync 1 DAGs
[2024-02-19T12:58:17.522+0000] {logging_mixin.py:137} INFO - [2024-02-19T12:58:17.522+0000] {dag.py:3441} INFO - Setting next_dagrun for example_time_delta_sensor_async to None, run_after=None
[2024-02-19T12:58:17.536+0000] {processor.py:175} INFO - Processing /home/airflow/.local/lib/python3.7/site-packages/airflow/example_dags/example_time_delta_sensor_async.py took 0.058 seconds
