[2024-02-19T12:24:37.960+0000] {processor.py:153} INFO - Started process (PID=70) to work on /home/airflow/.local/lib/python3.7/site-packages/airflow/example_dags/example_skip_dag.py
[2024-02-19T12:24:37.961+0000] {processor.py:743} INFO - Processing file /home/airflow/.local/lib/python3.7/site-packages/airflow/example_dags/example_skip_dag.py for tasks to queue
[2024-02-19T12:24:37.961+0000] {logging_mixin.py:137} INFO - [2024-02-19T12:24:37.961+0000] {dagbag.py:538} INFO - Filling up the DagBag from /home/airflow/.local/lib/python3.7/site-packages/airflow/example_dags/example_skip_dag.py
[2024-02-19T12:24:37.969+0000] {processor.py:753} INFO - DAG(s) dict_keys(['example_skip_dag']) retrieved from /home/airflow/.local/lib/python3.7/site-packages/airflow/example_dags/example_skip_dag.py
[2024-02-19T12:24:37.977+0000] {logging_mixin.py:137} INFO - [2024-02-19T12:24:37.977+0000] {dag.py:2690} INFO - Sync 1 DAGs
[2024-02-19T12:24:37.992+0000] {logging_mixin.py:137} INFO - [2024-02-19T12:24:37.992+0000] {dag.py:3441} INFO - Setting next_dagrun for example_skip_dag to 2024-02-18T12:24:37.992080+00:00, run_after=2024-02-19T12:24:37.992080+00:00
[2024-02-19T12:24:38.003+0000] {processor.py:175} INFO - Processing /home/airflow/.local/lib/python3.7/site-packages/airflow/example_dags/example_skip_dag.py took 0.044 seconds
[2024-02-19T12:25:08.397+0000] {processor.py:153} INFO - Started process (PID=205) to work on /home/airflow/.local/lib/python3.7/site-packages/airflow/example_dags/example_skip_dag.py
[2024-02-19T12:25:08.397+0000] {processor.py:743} INFO - Processing file /home/airflow/.local/lib/python3.7/site-packages/airflow/example_dags/example_skip_dag.py for tasks to queue
[2024-02-19T12:25:08.398+0000] {logging_mixin.py:137} INFO - [2024-02-19T12:25:08.398+0000] {dagbag.py:538} INFO - Filling up the DagBag from /home/airflow/.local/lib/python3.7/site-packages/airflow/example_dags/example_skip_dag.py
[2024-02-19T12:25:08.405+0000] {processor.py:753} INFO - DAG(s) dict_keys(['example_skip_dag']) retrieved from /home/airflow/.local/lib/python3.7/site-packages/airflow/example_dags/example_skip_dag.py
[2024-02-19T12:25:08.418+0000] {logging_mixin.py:137} INFO - [2024-02-19T12:25:08.418+0000] {dag.py:2690} INFO - Sync 1 DAGs
[2024-02-19T12:25:08.433+0000] {logging_mixin.py:137} INFO - [2024-02-19T12:25:08.433+0000] {dag.py:3441} INFO - Setting next_dagrun for example_skip_dag to 2024-02-18T12:25:08.432982+00:00, run_after=2024-02-19T12:25:08.432982+00:00
[2024-02-19T12:25:08.444+0000] {processor.py:175} INFO - Processing /home/airflow/.local/lib/python3.7/site-packages/airflow/example_dags/example_skip_dag.py took 0.049 seconds
[2024-02-19T12:25:38.815+0000] {processor.py:153} INFO - Started process (PID=308) to work on /home/airflow/.local/lib/python3.7/site-packages/airflow/example_dags/example_skip_dag.py
[2024-02-19T12:25:38.816+0000] {processor.py:743} INFO - Processing file /home/airflow/.local/lib/python3.7/site-packages/airflow/example_dags/example_skip_dag.py for tasks to queue
[2024-02-19T12:25:38.816+0000] {logging_mixin.py:137} INFO - [2024-02-19T12:25:38.816+0000] {dagbag.py:538} INFO - Filling up the DagBag from /home/airflow/.local/lib/python3.7/site-packages/airflow/example_dags/example_skip_dag.py
[2024-02-19T12:25:38.824+0000] {processor.py:753} INFO - DAG(s) dict_keys(['example_skip_dag']) retrieved from /home/airflow/.local/lib/python3.7/site-packages/airflow/example_dags/example_skip_dag.py
[2024-02-19T12:25:38.837+0000] {logging_mixin.py:137} INFO - [2024-02-19T12:25:38.837+0000] {dag.py:2690} INFO - Sync 1 DAGs
[2024-02-19T12:25:38.851+0000] {logging_mixin.py:137} INFO - [2024-02-19T12:25:38.851+0000] {dag.py:3441} INFO - Setting next_dagrun for example_skip_dag to 2024-02-18T12:25:38.851695+00:00, run_after=2024-02-19T12:25:38.851695+00:00
[2024-02-19T12:25:38.863+0000] {processor.py:175} INFO - Processing /home/airflow/.local/lib/python3.7/site-packages/airflow/example_dags/example_skip_dag.py took 0.049 seconds
[2024-02-19T12:26:09.249+0000] {processor.py:153} INFO - Started process (PID=443) to work on /home/airflow/.local/lib/python3.7/site-packages/airflow/example_dags/example_skip_dag.py
[2024-02-19T12:26:09.250+0000] {processor.py:743} INFO - Processing file /home/airflow/.local/lib/python3.7/site-packages/airflow/example_dags/example_skip_dag.py for tasks to queue
[2024-02-19T12:26:09.250+0000] {logging_mixin.py:137} INFO - [2024-02-19T12:26:09.250+0000] {dagbag.py:538} INFO - Filling up the DagBag from /home/airflow/.local/lib/python3.7/site-packages/airflow/example_dags/example_skip_dag.py
[2024-02-19T12:26:09.258+0000] {processor.py:753} INFO - DAG(s) dict_keys(['example_skip_dag']) retrieved from /home/airflow/.local/lib/python3.7/site-packages/airflow/example_dags/example_skip_dag.py
[2024-02-19T12:26:09.272+0000] {logging_mixin.py:137} INFO - [2024-02-19T12:26:09.272+0000] {dag.py:2690} INFO - Sync 1 DAGs
[2024-02-19T12:26:09.287+0000] {logging_mixin.py:137} INFO - [2024-02-19T12:26:09.287+0000] {dag.py:3441} INFO - Setting next_dagrun for example_skip_dag to 2024-02-18T12:26:09.287754+00:00, run_after=2024-02-19T12:26:09.287754+00:00
[2024-02-19T12:26:09.298+0000] {processor.py:175} INFO - Processing /home/airflow/.local/lib/python3.7/site-packages/airflow/example_dags/example_skip_dag.py took 0.051 seconds
[2024-02-19T12:26:39.640+0000] {processor.py:153} INFO - Started process (PID=578) to work on /home/airflow/.local/lib/python3.7/site-packages/airflow/example_dags/example_skip_dag.py
[2024-02-19T12:26:39.640+0000] {processor.py:743} INFO - Processing file /home/airflow/.local/lib/python3.7/site-packages/airflow/example_dags/example_skip_dag.py for tasks to queue
[2024-02-19T12:26:39.640+0000] {logging_mixin.py:137} INFO - [2024-02-19T12:26:39.640+0000] {dagbag.py:538} INFO - Filling up the DagBag from /home/airflow/.local/lib/python3.7/site-packages/airflow/example_dags/example_skip_dag.py
[2024-02-19T12:26:39.648+0000] {processor.py:753} INFO - DAG(s) dict_keys(['example_skip_dag']) retrieved from /home/airflow/.local/lib/python3.7/site-packages/airflow/example_dags/example_skip_dag.py
[2024-02-19T12:26:39.661+0000] {logging_mixin.py:137} INFO - [2024-02-19T12:26:39.661+0000] {dag.py:2690} INFO - Sync 1 DAGs
[2024-02-19T12:26:39.675+0000] {logging_mixin.py:137} INFO - [2024-02-19T12:26:39.675+0000] {dag.py:3441} INFO - Setting next_dagrun for example_skip_dag to 2024-02-18T12:26:39.675314+00:00, run_after=2024-02-19T12:26:39.675314+00:00
[2024-02-19T12:26:39.685+0000] {processor.py:175} INFO - Processing /home/airflow/.local/lib/python3.7/site-packages/airflow/example_dags/example_skip_dag.py took 0.047 seconds
[2024-02-19T12:27:10.037+0000] {processor.py:153} INFO - Started process (PID=681) to work on /home/airflow/.local/lib/python3.7/site-packages/airflow/example_dags/example_skip_dag.py
[2024-02-19T12:27:10.037+0000] {processor.py:743} INFO - Processing file /home/airflow/.local/lib/python3.7/site-packages/airflow/example_dags/example_skip_dag.py for tasks to queue
[2024-02-19T12:27:10.037+0000] {logging_mixin.py:137} INFO - [2024-02-19T12:27:10.037+0000] {dagbag.py:538} INFO - Filling up the DagBag from /home/airflow/.local/lib/python3.7/site-packages/airflow/example_dags/example_skip_dag.py
[2024-02-19T12:27:10.045+0000] {processor.py:753} INFO - DAG(s) dict_keys(['example_skip_dag']) retrieved from /home/airflow/.local/lib/python3.7/site-packages/airflow/example_dags/example_skip_dag.py
[2024-02-19T12:27:10.059+0000] {logging_mixin.py:137} INFO - [2024-02-19T12:27:10.059+0000] {dag.py:2690} INFO - Sync 1 DAGs
[2024-02-19T12:27:10.075+0000] {logging_mixin.py:137} INFO - [2024-02-19T12:27:10.075+0000] {dag.py:3441} INFO - Setting next_dagrun for example_skip_dag to 2024-02-18T12:27:10.074899+00:00, run_after=2024-02-19T12:27:10.074899+00:00
[2024-02-19T12:27:10.086+0000] {processor.py:175} INFO - Processing /home/airflow/.local/lib/python3.7/site-packages/airflow/example_dags/example_skip_dag.py took 0.051 seconds
[2024-02-19T12:27:40.476+0000] {processor.py:153} INFO - Started process (PID=816) to work on /home/airflow/.local/lib/python3.7/site-packages/airflow/example_dags/example_skip_dag.py
[2024-02-19T12:27:40.477+0000] {processor.py:743} INFO - Processing file /home/airflow/.local/lib/python3.7/site-packages/airflow/example_dags/example_skip_dag.py for tasks to queue
[2024-02-19T12:27:40.477+0000] {logging_mixin.py:137} INFO - [2024-02-19T12:27:40.477+0000] {dagbag.py:538} INFO - Filling up the DagBag from /home/airflow/.local/lib/python3.7/site-packages/airflow/example_dags/example_skip_dag.py
[2024-02-19T12:27:40.485+0000] {processor.py:753} INFO - DAG(s) dict_keys(['example_skip_dag']) retrieved from /home/airflow/.local/lib/python3.7/site-packages/airflow/example_dags/example_skip_dag.py
[2024-02-19T12:27:40.498+0000] {logging_mixin.py:137} INFO - [2024-02-19T12:27:40.498+0000] {dag.py:2690} INFO - Sync 1 DAGs
[2024-02-19T12:27:40.513+0000] {logging_mixin.py:137} INFO - [2024-02-19T12:27:40.513+0000] {dag.py:3441} INFO - Setting next_dagrun for example_skip_dag to 2024-02-18T12:27:40.513074+00:00, run_after=2024-02-19T12:27:40.513074+00:00
[2024-02-19T12:27:40.523+0000] {processor.py:175} INFO - Processing /home/airflow/.local/lib/python3.7/site-packages/airflow/example_dags/example_skip_dag.py took 0.048 seconds
[2024-02-19T12:28:10.866+0000] {processor.py:153} INFO - Started process (PID=952) to work on /home/airflow/.local/lib/python3.7/site-packages/airflow/example_dags/example_skip_dag.py
[2024-02-19T12:28:10.867+0000] {processor.py:743} INFO - Processing file /home/airflow/.local/lib/python3.7/site-packages/airflow/example_dags/example_skip_dag.py for tasks to queue
[2024-02-19T12:28:10.867+0000] {logging_mixin.py:137} INFO - [2024-02-19T12:28:10.867+0000] {dagbag.py:538} INFO - Filling up the DagBag from /home/airflow/.local/lib/python3.7/site-packages/airflow/example_dags/example_skip_dag.py
[2024-02-19T12:28:10.875+0000] {processor.py:753} INFO - DAG(s) dict_keys(['example_skip_dag']) retrieved from /home/airflow/.local/lib/python3.7/site-packages/airflow/example_dags/example_skip_dag.py
[2024-02-19T12:28:10.888+0000] {logging_mixin.py:137} INFO - [2024-02-19T12:28:10.888+0000] {dag.py:2690} INFO - Sync 1 DAGs
[2024-02-19T12:28:10.903+0000] {logging_mixin.py:137} INFO - [2024-02-19T12:28:10.903+0000] {dag.py:3441} INFO - Setting next_dagrun for example_skip_dag to 2024-02-18T12:28:10.903047+00:00, run_after=2024-02-19T12:28:10.903047+00:00
[2024-02-19T12:28:10.914+0000] {processor.py:175} INFO - Processing /home/airflow/.local/lib/python3.7/site-packages/airflow/example_dags/example_skip_dag.py took 0.049 seconds
[2024-02-19T12:28:41.333+0000] {processor.py:153} INFO - Started process (PID=1055) to work on /home/airflow/.local/lib/python3.7/site-packages/airflow/example_dags/example_skip_dag.py
[2024-02-19T12:28:41.333+0000] {processor.py:743} INFO - Processing file /home/airflow/.local/lib/python3.7/site-packages/airflow/example_dags/example_skip_dag.py for tasks to queue
[2024-02-19T12:28:41.334+0000] {logging_mixin.py:137} INFO - [2024-02-19T12:28:41.334+0000] {dagbag.py:538} INFO - Filling up the DagBag from /home/airflow/.local/lib/python3.7/site-packages/airflow/example_dags/example_skip_dag.py
[2024-02-19T12:28:41.341+0000] {processor.py:753} INFO - DAG(s) dict_keys(['example_skip_dag']) retrieved from /home/airflow/.local/lib/python3.7/site-packages/airflow/example_dags/example_skip_dag.py
[2024-02-19T12:28:41.354+0000] {logging_mixin.py:137} INFO - [2024-02-19T12:28:41.354+0000] {dag.py:2690} INFO - Sync 1 DAGs
[2024-02-19T12:28:41.368+0000] {logging_mixin.py:137} INFO - [2024-02-19T12:28:41.368+0000] {dag.py:3441} INFO - Setting next_dagrun for example_skip_dag to 2024-02-18T12:28:41.368373+00:00, run_after=2024-02-19T12:28:41.368373+00:00
[2024-02-19T12:28:41.379+0000] {processor.py:175} INFO - Processing /home/airflow/.local/lib/python3.7/site-packages/airflow/example_dags/example_skip_dag.py took 0.048 seconds
[2024-02-19T12:29:11.792+0000] {processor.py:153} INFO - Started process (PID=1190) to work on /home/airflow/.local/lib/python3.7/site-packages/airflow/example_dags/example_skip_dag.py
[2024-02-19T12:29:11.793+0000] {processor.py:743} INFO - Processing file /home/airflow/.local/lib/python3.7/site-packages/airflow/example_dags/example_skip_dag.py for tasks to queue
[2024-02-19T12:29:11.793+0000] {logging_mixin.py:137} INFO - [2024-02-19T12:29:11.793+0000] {dagbag.py:538} INFO - Filling up the DagBag from /home/airflow/.local/lib/python3.7/site-packages/airflow/example_dags/example_skip_dag.py
[2024-02-19T12:29:11.800+0000] {processor.py:753} INFO - DAG(s) dict_keys(['example_skip_dag']) retrieved from /home/airflow/.local/lib/python3.7/site-packages/airflow/example_dags/example_skip_dag.py
[2024-02-19T12:29:11.813+0000] {logging_mixin.py:137} INFO - [2024-02-19T12:29:11.813+0000] {dag.py:2690} INFO - Sync 1 DAGs
[2024-02-19T12:29:11.828+0000] {logging_mixin.py:137} INFO - [2024-02-19T12:29:11.828+0000] {dag.py:3441} INFO - Setting next_dagrun for example_skip_dag to 2024-02-18T12:29:11.828279+00:00, run_after=2024-02-19T12:29:11.828279+00:00
[2024-02-19T12:29:11.839+0000] {processor.py:175} INFO - Processing /home/airflow/.local/lib/python3.7/site-packages/airflow/example_dags/example_skip_dag.py took 0.049 seconds
[2024-02-19T12:29:42.472+0000] {processor.py:153} INFO - Started process (PID=1325) to work on /home/airflow/.local/lib/python3.7/site-packages/airflow/example_dags/example_skip_dag.py
[2024-02-19T12:29:42.473+0000] {processor.py:743} INFO - Processing file /home/airflow/.local/lib/python3.7/site-packages/airflow/example_dags/example_skip_dag.py for tasks to queue
[2024-02-19T12:29:42.473+0000] {logging_mixin.py:137} INFO - [2024-02-19T12:29:42.473+0000] {dagbag.py:538} INFO - Filling up the DagBag from /home/airflow/.local/lib/python3.7/site-packages/airflow/example_dags/example_skip_dag.py
[2024-02-19T12:29:42.480+0000] {processor.py:753} INFO - DAG(s) dict_keys(['example_skip_dag']) retrieved from /home/airflow/.local/lib/python3.7/site-packages/airflow/example_dags/example_skip_dag.py
[2024-02-19T12:29:42.494+0000] {logging_mixin.py:137} INFO - [2024-02-19T12:29:42.494+0000] {dag.py:2690} INFO - Sync 1 DAGs
[2024-02-19T12:29:42.508+0000] {logging_mixin.py:137} INFO - [2024-02-19T12:29:42.508+0000] {dag.py:3441} INFO - Setting next_dagrun for example_skip_dag to 2024-02-18T12:29:42.508344+00:00, run_after=2024-02-19T12:29:42.508344+00:00
[2024-02-19T12:29:42.519+0000] {processor.py:175} INFO - Processing /home/airflow/.local/lib/python3.7/site-packages/airflow/example_dags/example_skip_dag.py took 0.049 seconds
[2024-02-19T12:30:13.012+0000] {processor.py:153} INFO - Started process (PID=1428) to work on /home/airflow/.local/lib/python3.7/site-packages/airflow/example_dags/example_skip_dag.py
[2024-02-19T12:30:13.012+0000] {processor.py:743} INFO - Processing file /home/airflow/.local/lib/python3.7/site-packages/airflow/example_dags/example_skip_dag.py for tasks to queue
[2024-02-19T12:30:13.013+0000] {logging_mixin.py:137} INFO - [2024-02-19T12:30:13.013+0000] {dagbag.py:538} INFO - Filling up the DagBag from /home/airflow/.local/lib/python3.7/site-packages/airflow/example_dags/example_skip_dag.py
[2024-02-19T12:30:13.021+0000] {processor.py:753} INFO - DAG(s) dict_keys(['example_skip_dag']) retrieved from /home/airflow/.local/lib/python3.7/site-packages/airflow/example_dags/example_skip_dag.py
[2024-02-19T12:30:13.034+0000] {logging_mixin.py:137} INFO - [2024-02-19T12:30:13.034+0000] {dag.py:2690} INFO - Sync 1 DAGs
[2024-02-19T12:30:13.048+0000] {logging_mixin.py:137} INFO - [2024-02-19T12:30:13.048+0000] {dag.py:3441} INFO - Setting next_dagrun for example_skip_dag to 2024-02-18T12:30:13.048159+00:00, run_after=2024-02-19T12:30:13.048159+00:00
[2024-02-19T12:30:13.058+0000] {processor.py:175} INFO - Processing /home/airflow/.local/lib/python3.7/site-packages/airflow/example_dags/example_skip_dag.py took 0.048 seconds
[2024-02-19T12:30:43.444+0000] {processor.py:153} INFO - Started process (PID=1563) to work on /home/airflow/.local/lib/python3.7/site-packages/airflow/example_dags/example_skip_dag.py
[2024-02-19T12:30:43.445+0000] {processor.py:743} INFO - Processing file /home/airflow/.local/lib/python3.7/site-packages/airflow/example_dags/example_skip_dag.py for tasks to queue
[2024-02-19T12:30:43.445+0000] {logging_mixin.py:137} INFO - [2024-02-19T12:30:43.445+0000] {dagbag.py:538} INFO - Filling up the DagBag from /home/airflow/.local/lib/python3.7/site-packages/airflow/example_dags/example_skip_dag.py
[2024-02-19T12:30:43.453+0000] {processor.py:753} INFO - DAG(s) dict_keys(['example_skip_dag']) retrieved from /home/airflow/.local/lib/python3.7/site-packages/airflow/example_dags/example_skip_dag.py
[2024-02-19T12:30:43.467+0000] {logging_mixin.py:137} INFO - [2024-02-19T12:30:43.467+0000] {dag.py:2690} INFO - Sync 1 DAGs
[2024-02-19T12:30:43.482+0000] {logging_mixin.py:137} INFO - [2024-02-19T12:30:43.482+0000] {dag.py:3441} INFO - Setting next_dagrun for example_skip_dag to 2024-02-18T12:30:43.482128+00:00, run_after=2024-02-19T12:30:43.482128+00:00
[2024-02-19T12:30:43.493+0000] {processor.py:175} INFO - Processing /home/airflow/.local/lib/python3.7/site-packages/airflow/example_dags/example_skip_dag.py took 0.050 seconds
[2024-02-19T12:31:13.892+0000] {processor.py:153} INFO - Started process (PID=1698) to work on /home/airflow/.local/lib/python3.7/site-packages/airflow/example_dags/example_skip_dag.py
[2024-02-19T12:31:13.892+0000] {processor.py:743} INFO - Processing file /home/airflow/.local/lib/python3.7/site-packages/airflow/example_dags/example_skip_dag.py for tasks to queue
[2024-02-19T12:31:13.893+0000] {logging_mixin.py:137} INFO - [2024-02-19T12:31:13.893+0000] {dagbag.py:538} INFO - Filling up the DagBag from /home/airflow/.local/lib/python3.7/site-packages/airflow/example_dags/example_skip_dag.py
[2024-02-19T12:31:13.900+0000] {processor.py:753} INFO - DAG(s) dict_keys(['example_skip_dag']) retrieved from /home/airflow/.local/lib/python3.7/site-packages/airflow/example_dags/example_skip_dag.py
[2024-02-19T12:31:13.914+0000] {logging_mixin.py:137} INFO - [2024-02-19T12:31:13.914+0000] {dag.py:2690} INFO - Sync 1 DAGs
[2024-02-19T12:31:13.928+0000] {logging_mixin.py:137} INFO - [2024-02-19T12:31:13.928+0000] {dag.py:3441} INFO - Setting next_dagrun for example_skip_dag to 2024-02-18T12:31:13.928529+00:00, run_after=2024-02-19T12:31:13.928529+00:00
[2024-02-19T12:31:13.939+0000] {processor.py:175} INFO - Processing /home/airflow/.local/lib/python3.7/site-packages/airflow/example_dags/example_skip_dag.py took 0.050 seconds
[2024-02-19T12:31:44.329+0000] {processor.py:153} INFO - Started process (PID=1801) to work on /home/airflow/.local/lib/python3.7/site-packages/airflow/example_dags/example_skip_dag.py
[2024-02-19T12:31:44.329+0000] {processor.py:743} INFO - Processing file /home/airflow/.local/lib/python3.7/site-packages/airflow/example_dags/example_skip_dag.py for tasks to queue
[2024-02-19T12:31:44.330+0000] {logging_mixin.py:137} INFO - [2024-02-19T12:31:44.330+0000] {dagbag.py:538} INFO - Filling up the DagBag from /home/airflow/.local/lib/python3.7/site-packages/airflow/example_dags/example_skip_dag.py
[2024-02-19T12:31:44.338+0000] {processor.py:753} INFO - DAG(s) dict_keys(['example_skip_dag']) retrieved from /home/airflow/.local/lib/python3.7/site-packages/airflow/example_dags/example_skip_dag.py
[2024-02-19T12:31:44.352+0000] {logging_mixin.py:137} INFO - [2024-02-19T12:31:44.351+0000] {dag.py:2690} INFO - Sync 1 DAGs
[2024-02-19T12:31:44.366+0000] {logging_mixin.py:137} INFO - [2024-02-19T12:31:44.366+0000] {dag.py:3441} INFO - Setting next_dagrun for example_skip_dag to 2024-02-18T12:31:44.366441+00:00, run_after=2024-02-19T12:31:44.366441+00:00
[2024-02-19T12:31:44.378+0000] {processor.py:175} INFO - Processing /home/airflow/.local/lib/python3.7/site-packages/airflow/example_dags/example_skip_dag.py took 0.051 seconds
[2024-02-19T12:32:14.801+0000] {processor.py:153} INFO - Started process (PID=1936) to work on /home/airflow/.local/lib/python3.7/site-packages/airflow/example_dags/example_skip_dag.py
[2024-02-19T12:32:14.802+0000] {processor.py:743} INFO - Processing file /home/airflow/.local/lib/python3.7/site-packages/airflow/example_dags/example_skip_dag.py for tasks to queue
[2024-02-19T12:32:14.802+0000] {logging_mixin.py:137} INFO - [2024-02-19T12:32:14.802+0000] {dagbag.py:538} INFO - Filling up the DagBag from /home/airflow/.local/lib/python3.7/site-packages/airflow/example_dags/example_skip_dag.py
[2024-02-19T12:32:14.810+0000] {processor.py:753} INFO - DAG(s) dict_keys(['example_skip_dag']) retrieved from /home/airflow/.local/lib/python3.7/site-packages/airflow/example_dags/example_skip_dag.py
[2024-02-19T12:32:14.823+0000] {logging_mixin.py:137} INFO - [2024-02-19T12:32:14.823+0000] {dag.py:2690} INFO - Sync 1 DAGs
[2024-02-19T12:32:14.838+0000] {logging_mixin.py:137} INFO - [2024-02-19T12:32:14.838+0000] {dag.py:3441} INFO - Setting next_dagrun for example_skip_dag to 2024-02-18T12:32:14.837986+00:00, run_after=2024-02-19T12:32:14.837986+00:00
[2024-02-19T12:32:14.849+0000] {processor.py:175} INFO - Processing /home/airflow/.local/lib/python3.7/site-packages/airflow/example_dags/example_skip_dag.py took 0.050 seconds
[2024-02-19T12:32:45.367+0000] {processor.py:153} INFO - Started process (PID=2071) to work on /home/airflow/.local/lib/python3.7/site-packages/airflow/example_dags/example_skip_dag.py
[2024-02-19T12:32:45.367+0000] {processor.py:743} INFO - Processing file /home/airflow/.local/lib/python3.7/site-packages/airflow/example_dags/example_skip_dag.py for tasks to queue
[2024-02-19T12:32:45.368+0000] {logging_mixin.py:137} INFO - [2024-02-19T12:32:45.368+0000] {dagbag.py:538} INFO - Filling up the DagBag from /home/airflow/.local/lib/python3.7/site-packages/airflow/example_dags/example_skip_dag.py
[2024-02-19T12:32:45.377+0000] {processor.py:753} INFO - DAG(s) dict_keys(['example_skip_dag']) retrieved from /home/airflow/.local/lib/python3.7/site-packages/airflow/example_dags/example_skip_dag.py
[2024-02-19T12:32:45.393+0000] {logging_mixin.py:137} INFO - [2024-02-19T12:32:45.393+0000] {dag.py:2690} INFO - Sync 1 DAGs
[2024-02-19T12:32:45.410+0000] {logging_mixin.py:137} INFO - [2024-02-19T12:32:45.410+0000] {dag.py:3441} INFO - Setting next_dagrun for example_skip_dag to 2024-02-18T12:32:45.409996+00:00, run_after=2024-02-19T12:32:45.409996+00:00
[2024-02-19T12:32:45.422+0000] {processor.py:175} INFO - Processing /home/airflow/.local/lib/python3.7/site-packages/airflow/example_dags/example_skip_dag.py took 0.058 seconds
[2024-02-19T12:33:15.798+0000] {processor.py:153} INFO - Started process (PID=2174) to work on /home/airflow/.local/lib/python3.7/site-packages/airflow/example_dags/example_skip_dag.py
[2024-02-19T12:33:15.798+0000] {processor.py:743} INFO - Processing file /home/airflow/.local/lib/python3.7/site-packages/airflow/example_dags/example_skip_dag.py for tasks to queue
[2024-02-19T12:33:15.798+0000] {logging_mixin.py:137} INFO - [2024-02-19T12:33:15.798+0000] {dagbag.py:538} INFO - Filling up the DagBag from /home/airflow/.local/lib/python3.7/site-packages/airflow/example_dags/example_skip_dag.py
[2024-02-19T12:33:15.806+0000] {processor.py:753} INFO - DAG(s) dict_keys(['example_skip_dag']) retrieved from /home/airflow/.local/lib/python3.7/site-packages/airflow/example_dags/example_skip_dag.py
[2024-02-19T12:33:15.820+0000] {logging_mixin.py:137} INFO - [2024-02-19T12:33:15.820+0000] {dag.py:2690} INFO - Sync 1 DAGs
[2024-02-19T12:33:15.835+0000] {logging_mixin.py:137} INFO - [2024-02-19T12:33:15.834+0000] {dag.py:3441} INFO - Setting next_dagrun for example_skip_dag to 2024-02-18T12:33:15.834794+00:00, run_after=2024-02-19T12:33:15.834794+00:00
[2024-02-19T12:33:15.846+0000] {processor.py:175} INFO - Processing /home/airflow/.local/lib/python3.7/site-packages/airflow/example_dags/example_skip_dag.py took 0.051 seconds
[2024-02-19T12:33:46.322+0000] {processor.py:153} INFO - Started process (PID=2309) to work on /home/airflow/.local/lib/python3.7/site-packages/airflow/example_dags/example_skip_dag.py
[2024-02-19T12:33:46.323+0000] {processor.py:743} INFO - Processing file /home/airflow/.local/lib/python3.7/site-packages/airflow/example_dags/example_skip_dag.py for tasks to queue
[2024-02-19T12:33:46.323+0000] {logging_mixin.py:137} INFO - [2024-02-19T12:33:46.323+0000] {dagbag.py:538} INFO - Filling up the DagBag from /home/airflow/.local/lib/python3.7/site-packages/airflow/example_dags/example_skip_dag.py
[2024-02-19T12:33:46.331+0000] {processor.py:753} INFO - DAG(s) dict_keys(['example_skip_dag']) retrieved from /home/airflow/.local/lib/python3.7/site-packages/airflow/example_dags/example_skip_dag.py
[2024-02-19T12:33:46.344+0000] {logging_mixin.py:137} INFO - [2024-02-19T12:33:46.344+0000] {dag.py:2690} INFO - Sync 1 DAGs
[2024-02-19T12:33:46.358+0000] {logging_mixin.py:137} INFO - [2024-02-19T12:33:46.357+0000] {dag.py:3441} INFO - Setting next_dagrun for example_skip_dag to 2024-02-18T12:33:46.357745+00:00, run_after=2024-02-19T12:33:46.357745+00:00
[2024-02-19T12:33:46.368+0000] {processor.py:175} INFO - Processing /home/airflow/.local/lib/python3.7/site-packages/airflow/example_dags/example_skip_dag.py took 0.047 seconds
[2024-02-19T12:34:16.755+0000] {processor.py:153} INFO - Started process (PID=2444) to work on /home/airflow/.local/lib/python3.7/site-packages/airflow/example_dags/example_skip_dag.py
[2024-02-19T12:34:16.755+0000] {processor.py:743} INFO - Processing file /home/airflow/.local/lib/python3.7/site-packages/airflow/example_dags/example_skip_dag.py for tasks to queue
[2024-02-19T12:34:16.756+0000] {logging_mixin.py:137} INFO - [2024-02-19T12:34:16.756+0000] {dagbag.py:538} INFO - Filling up the DagBag from /home/airflow/.local/lib/python3.7/site-packages/airflow/example_dags/example_skip_dag.py
[2024-02-19T12:34:16.763+0000] {processor.py:753} INFO - DAG(s) dict_keys(['example_skip_dag']) retrieved from /home/airflow/.local/lib/python3.7/site-packages/airflow/example_dags/example_skip_dag.py
[2024-02-19T12:34:16.777+0000] {logging_mixin.py:137} INFO - [2024-02-19T12:34:16.777+0000] {dag.py:2690} INFO - Sync 1 DAGs
[2024-02-19T12:34:16.791+0000] {logging_mixin.py:137} INFO - [2024-02-19T12:34:16.791+0000] {dag.py:3441} INFO - Setting next_dagrun for example_skip_dag to 2024-02-18T12:34:16.790991+00:00, run_after=2024-02-19T12:34:16.790991+00:00
[2024-02-19T12:34:16.802+0000] {processor.py:175} INFO - Processing /home/airflow/.local/lib/python3.7/site-packages/airflow/example_dags/example_skip_dag.py took 0.049 seconds
[2024-02-19T12:34:47.278+0000] {processor.py:153} INFO - Started process (PID=2547) to work on /home/airflow/.local/lib/python3.7/site-packages/airflow/example_dags/example_skip_dag.py
[2024-02-19T12:34:47.279+0000] {processor.py:743} INFO - Processing file /home/airflow/.local/lib/python3.7/site-packages/airflow/example_dags/example_skip_dag.py for tasks to queue
[2024-02-19T12:34:47.279+0000] {logging_mixin.py:137} INFO - [2024-02-19T12:34:47.279+0000] {dagbag.py:538} INFO - Filling up the DagBag from /home/airflow/.local/lib/python3.7/site-packages/airflow/example_dags/example_skip_dag.py
[2024-02-19T12:34:47.288+0000] {processor.py:753} INFO - DAG(s) dict_keys(['example_skip_dag']) retrieved from /home/airflow/.local/lib/python3.7/site-packages/airflow/example_dags/example_skip_dag.py
[2024-02-19T12:34:47.303+0000] {logging_mixin.py:137} INFO - [2024-02-19T12:34:47.303+0000] {dag.py:2690} INFO - Sync 1 DAGs
[2024-02-19T12:34:47.318+0000] {logging_mixin.py:137} INFO - [2024-02-19T12:34:47.318+0000] {dag.py:3441} INFO - Setting next_dagrun for example_skip_dag to 2024-02-18T12:34:47.318286+00:00, run_after=2024-02-19T12:34:47.318286+00:00
[2024-02-19T12:34:47.329+0000] {processor.py:175} INFO - Processing /home/airflow/.local/lib/python3.7/site-packages/airflow/example_dags/example_skip_dag.py took 0.052 seconds
[2024-02-19T12:35:17.782+0000] {processor.py:153} INFO - Started process (PID=2682) to work on /home/airflow/.local/lib/python3.7/site-packages/airflow/example_dags/example_skip_dag.py
[2024-02-19T12:35:17.783+0000] {processor.py:743} INFO - Processing file /home/airflow/.local/lib/python3.7/site-packages/airflow/example_dags/example_skip_dag.py for tasks to queue
[2024-02-19T12:35:17.783+0000] {logging_mixin.py:137} INFO - [2024-02-19T12:35:17.783+0000] {dagbag.py:538} INFO - Filling up the DagBag from /home/airflow/.local/lib/python3.7/site-packages/airflow/example_dags/example_skip_dag.py
[2024-02-19T12:35:17.791+0000] {processor.py:753} INFO - DAG(s) dict_keys(['example_skip_dag']) retrieved from /home/airflow/.local/lib/python3.7/site-packages/airflow/example_dags/example_skip_dag.py
[2024-02-19T12:35:17.805+0000] {logging_mixin.py:137} INFO - [2024-02-19T12:35:17.805+0000] {dag.py:2690} INFO - Sync 1 DAGs
[2024-02-19T12:35:17.820+0000] {logging_mixin.py:137} INFO - [2024-02-19T12:35:17.820+0000] {dag.py:3441} INFO - Setting next_dagrun for example_skip_dag to 2024-02-18T12:35:17.820432+00:00, run_after=2024-02-19T12:35:17.820432+00:00
[2024-02-19T12:35:17.832+0000] {processor.py:175} INFO - Processing /home/airflow/.local/lib/python3.7/site-packages/airflow/example_dags/example_skip_dag.py took 0.051 seconds
[2024-02-19T12:35:48.363+0000] {processor.py:153} INFO - Started process (PID=2817) to work on /home/airflow/.local/lib/python3.7/site-packages/airflow/example_dags/example_skip_dag.py
[2024-02-19T12:35:48.363+0000] {processor.py:743} INFO - Processing file /home/airflow/.local/lib/python3.7/site-packages/airflow/example_dags/example_skip_dag.py for tasks to queue
[2024-02-19T12:35:48.364+0000] {logging_mixin.py:137} INFO - [2024-02-19T12:35:48.364+0000] {dagbag.py:538} INFO - Filling up the DagBag from /home/airflow/.local/lib/python3.7/site-packages/airflow/example_dags/example_skip_dag.py
[2024-02-19T12:35:48.372+0000] {processor.py:753} INFO - DAG(s) dict_keys(['example_skip_dag']) retrieved from /home/airflow/.local/lib/python3.7/site-packages/airflow/example_dags/example_skip_dag.py
[2024-02-19T12:35:48.386+0000] {logging_mixin.py:137} INFO - [2024-02-19T12:35:48.386+0000] {dag.py:2690} INFO - Sync 1 DAGs
[2024-02-19T12:35:48.400+0000] {logging_mixin.py:137} INFO - [2024-02-19T12:35:48.400+0000] {dag.py:3441} INFO - Setting next_dagrun for example_skip_dag to 2024-02-18T12:35:48.400483+00:00, run_after=2024-02-19T12:35:48.400483+00:00
[2024-02-19T12:35:48.411+0000] {processor.py:175} INFO - Processing /home/airflow/.local/lib/python3.7/site-packages/airflow/example_dags/example_skip_dag.py took 0.050 seconds
[2024-02-19T12:36:18.930+0000] {processor.py:153} INFO - Started process (PID=2920) to work on /home/airflow/.local/lib/python3.7/site-packages/airflow/example_dags/example_skip_dag.py
[2024-02-19T12:36:18.930+0000] {processor.py:743} INFO - Processing file /home/airflow/.local/lib/python3.7/site-packages/airflow/example_dags/example_skip_dag.py for tasks to queue
[2024-02-19T12:36:18.931+0000] {logging_mixin.py:137} INFO - [2024-02-19T12:36:18.931+0000] {dagbag.py:538} INFO - Filling up the DagBag from /home/airflow/.local/lib/python3.7/site-packages/airflow/example_dags/example_skip_dag.py
[2024-02-19T12:36:18.938+0000] {processor.py:753} INFO - DAG(s) dict_keys(['example_skip_dag']) retrieved from /home/airflow/.local/lib/python3.7/site-packages/airflow/example_dags/example_skip_dag.py
[2024-02-19T12:36:18.951+0000] {logging_mixin.py:137} INFO - [2024-02-19T12:36:18.951+0000] {dag.py:2690} INFO - Sync 1 DAGs
[2024-02-19T12:36:18.966+0000] {logging_mixin.py:137} INFO - [2024-02-19T12:36:18.966+0000] {dag.py:3441} INFO - Setting next_dagrun for example_skip_dag to 2024-02-18T12:36:18.965568+00:00, run_after=2024-02-19T12:36:18.965568+00:00
[2024-02-19T12:36:18.976+0000] {processor.py:175} INFO - Processing /home/airflow/.local/lib/python3.7/site-packages/airflow/example_dags/example_skip_dag.py took 0.048 seconds
[2024-02-19T12:36:49.438+0000] {processor.py:153} INFO - Started process (PID=3055) to work on /home/airflow/.local/lib/python3.7/site-packages/airflow/example_dags/example_skip_dag.py
[2024-02-19T12:36:49.439+0000] {processor.py:743} INFO - Processing file /home/airflow/.local/lib/python3.7/site-packages/airflow/example_dags/example_skip_dag.py for tasks to queue
[2024-02-19T12:36:49.439+0000] {logging_mixin.py:137} INFO - [2024-02-19T12:36:49.439+0000] {dagbag.py:538} INFO - Filling up the DagBag from /home/airflow/.local/lib/python3.7/site-packages/airflow/example_dags/example_skip_dag.py
[2024-02-19T12:36:49.447+0000] {processor.py:753} INFO - DAG(s) dict_keys(['example_skip_dag']) retrieved from /home/airflow/.local/lib/python3.7/site-packages/airflow/example_dags/example_skip_dag.py
[2024-02-19T12:36:49.461+0000] {logging_mixin.py:137} INFO - [2024-02-19T12:36:49.461+0000] {dag.py:2690} INFO - Sync 1 DAGs
[2024-02-19T12:36:49.476+0000] {logging_mixin.py:137} INFO - [2024-02-19T12:36:49.476+0000] {dag.py:3441} INFO - Setting next_dagrun for example_skip_dag to 2024-02-18T12:36:49.475919+00:00, run_after=2024-02-19T12:36:49.475919+00:00
[2024-02-19T12:36:49.487+0000] {processor.py:175} INFO - Processing /home/airflow/.local/lib/python3.7/site-packages/airflow/example_dags/example_skip_dag.py took 0.051 seconds
[2024-02-19T12:37:19.920+0000] {processor.py:153} INFO - Started process (PID=3190) to work on /home/airflow/.local/lib/python3.7/site-packages/airflow/example_dags/example_skip_dag.py
[2024-02-19T12:37:19.921+0000] {processor.py:743} INFO - Processing file /home/airflow/.local/lib/python3.7/site-packages/airflow/example_dags/example_skip_dag.py for tasks to queue
[2024-02-19T12:37:19.921+0000] {logging_mixin.py:137} INFO - [2024-02-19T12:37:19.921+0000] {dagbag.py:538} INFO - Filling up the DagBag from /home/airflow/.local/lib/python3.7/site-packages/airflow/example_dags/example_skip_dag.py
[2024-02-19T12:37:19.929+0000] {processor.py:753} INFO - DAG(s) dict_keys(['example_skip_dag']) retrieved from /home/airflow/.local/lib/python3.7/site-packages/airflow/example_dags/example_skip_dag.py
[2024-02-19T12:37:19.943+0000] {logging_mixin.py:137} INFO - [2024-02-19T12:37:19.943+0000] {dag.py:2690} INFO - Sync 1 DAGs
[2024-02-19T12:37:19.957+0000] {logging_mixin.py:137} INFO - [2024-02-19T12:37:19.957+0000] {dag.py:3441} INFO - Setting next_dagrun for example_skip_dag to 2024-02-18T12:37:19.957092+00:00, run_after=2024-02-19T12:37:19.957092+00:00
[2024-02-19T12:37:19.967+0000] {processor.py:175} INFO - Processing /home/airflow/.local/lib/python3.7/site-packages/airflow/example_dags/example_skip_dag.py took 0.049 seconds
[2024-02-19T12:37:50.361+0000] {processor.py:153} INFO - Started process (PID=3293) to work on /home/airflow/.local/lib/python3.7/site-packages/airflow/example_dags/example_skip_dag.py
[2024-02-19T12:37:50.362+0000] {processor.py:743} INFO - Processing file /home/airflow/.local/lib/python3.7/site-packages/airflow/example_dags/example_skip_dag.py for tasks to queue
[2024-02-19T12:37:50.362+0000] {logging_mixin.py:137} INFO - [2024-02-19T12:37:50.362+0000] {dagbag.py:538} INFO - Filling up the DagBag from /home/airflow/.local/lib/python3.7/site-packages/airflow/example_dags/example_skip_dag.py
[2024-02-19T12:37:50.369+0000] {processor.py:753} INFO - DAG(s) dict_keys(['example_skip_dag']) retrieved from /home/airflow/.local/lib/python3.7/site-packages/airflow/example_dags/example_skip_dag.py
[2024-02-19T12:37:50.383+0000] {logging_mixin.py:137} INFO - [2024-02-19T12:37:50.383+0000] {dag.py:2690} INFO - Sync 1 DAGs
[2024-02-19T12:37:50.397+0000] {logging_mixin.py:137} INFO - [2024-02-19T12:37:50.397+0000] {dag.py:3441} INFO - Setting next_dagrun for example_skip_dag to 2024-02-18T12:37:50.397522+00:00, run_after=2024-02-19T12:37:50.397522+00:00
[2024-02-19T12:37:50.407+0000] {processor.py:175} INFO - Processing /home/airflow/.local/lib/python3.7/site-packages/airflow/example_dags/example_skip_dag.py took 0.048 seconds
[2024-02-19T12:38:20.900+0000] {processor.py:153} INFO - Started process (PID=3428) to work on /home/airflow/.local/lib/python3.7/site-packages/airflow/example_dags/example_skip_dag.py
[2024-02-19T12:38:20.901+0000] {processor.py:743} INFO - Processing file /home/airflow/.local/lib/python3.7/site-packages/airflow/example_dags/example_skip_dag.py for tasks to queue
[2024-02-19T12:38:20.901+0000] {logging_mixin.py:137} INFO - [2024-02-19T12:38:20.901+0000] {dagbag.py:538} INFO - Filling up the DagBag from /home/airflow/.local/lib/python3.7/site-packages/airflow/example_dags/example_skip_dag.py
[2024-02-19T12:38:20.908+0000] {processor.py:753} INFO - DAG(s) dict_keys(['example_skip_dag']) retrieved from /home/airflow/.local/lib/python3.7/site-packages/airflow/example_dags/example_skip_dag.py
[2024-02-19T12:38:20.922+0000] {logging_mixin.py:137} INFO - [2024-02-19T12:38:20.922+0000] {dag.py:2690} INFO - Sync 1 DAGs
[2024-02-19T12:38:20.946+0000] {logging_mixin.py:137} INFO - [2024-02-19T12:38:20.946+0000] {dag.py:3441} INFO - Setting next_dagrun for example_skip_dag to 2024-02-18T12:38:20.946022+00:00, run_after=2024-02-19T12:38:20.946022+00:00
[2024-02-19T12:38:20.959+0000] {processor.py:175} INFO - Processing /home/airflow/.local/lib/python3.7/site-packages/airflow/example_dags/example_skip_dag.py took 0.061 seconds
[2024-02-19T12:38:51.459+0000] {processor.py:153} INFO - Started process (PID=3563) to work on /home/airflow/.local/lib/python3.7/site-packages/airflow/example_dags/example_skip_dag.py
[2024-02-19T12:38:51.460+0000] {processor.py:743} INFO - Processing file /home/airflow/.local/lib/python3.7/site-packages/airflow/example_dags/example_skip_dag.py for tasks to queue
[2024-02-19T12:38:51.460+0000] {logging_mixin.py:137} INFO - [2024-02-19T12:38:51.460+0000] {dagbag.py:538} INFO - Filling up the DagBag from /home/airflow/.local/lib/python3.7/site-packages/airflow/example_dags/example_skip_dag.py
[2024-02-19T12:38:51.468+0000] {processor.py:753} INFO - DAG(s) dict_keys(['example_skip_dag']) retrieved from /home/airflow/.local/lib/python3.7/site-packages/airflow/example_dags/example_skip_dag.py
[2024-02-19T12:38:51.482+0000] {logging_mixin.py:137} INFO - [2024-02-19T12:38:51.482+0000] {dag.py:2690} INFO - Sync 1 DAGs
[2024-02-19T12:38:51.497+0000] {logging_mixin.py:137} INFO - [2024-02-19T12:38:51.496+0000] {dag.py:3441} INFO - Setting next_dagrun for example_skip_dag to 2024-02-18T12:38:51.496825+00:00, run_after=2024-02-19T12:38:51.496825+00:00
[2024-02-19T12:38:51.508+0000] {processor.py:175} INFO - Processing /home/airflow/.local/lib/python3.7/site-packages/airflow/example_dags/example_skip_dag.py took 0.050 seconds
[2024-02-19T12:39:21.997+0000] {processor.py:153} INFO - Started process (PID=3666) to work on /home/airflow/.local/lib/python3.7/site-packages/airflow/example_dags/example_skip_dag.py
[2024-02-19T12:39:21.998+0000] {processor.py:743} INFO - Processing file /home/airflow/.local/lib/python3.7/site-packages/airflow/example_dags/example_skip_dag.py for tasks to queue
[2024-02-19T12:39:21.998+0000] {logging_mixin.py:137} INFO - [2024-02-19T12:39:21.998+0000] {dagbag.py:538} INFO - Filling up the DagBag from /home/airflow/.local/lib/python3.7/site-packages/airflow/example_dags/example_skip_dag.py
[2024-02-19T12:39:22.007+0000] {processor.py:753} INFO - DAG(s) dict_keys(['example_skip_dag']) retrieved from /home/airflow/.local/lib/python3.7/site-packages/airflow/example_dags/example_skip_dag.py
[2024-02-19T12:39:22.022+0000] {logging_mixin.py:137} INFO - [2024-02-19T12:39:22.022+0000] {dag.py:2690} INFO - Sync 1 DAGs
[2024-02-19T12:39:22.039+0000] {logging_mixin.py:137} INFO - [2024-02-19T12:39:22.039+0000] {dag.py:3441} INFO - Setting next_dagrun for example_skip_dag to 2024-02-18T12:39:22.039015+00:00, run_after=2024-02-19T12:39:22.039015+00:00
[2024-02-19T12:39:22.051+0000] {processor.py:175} INFO - Processing /home/airflow/.local/lib/python3.7/site-packages/airflow/example_dags/example_skip_dag.py took 0.056 seconds
[2024-02-19T12:39:52.547+0000] {processor.py:153} INFO - Started process (PID=3801) to work on /home/airflow/.local/lib/python3.7/site-packages/airflow/example_dags/example_skip_dag.py
[2024-02-19T12:39:52.548+0000] {processor.py:743} INFO - Processing file /home/airflow/.local/lib/python3.7/site-packages/airflow/example_dags/example_skip_dag.py for tasks to queue
[2024-02-19T12:39:52.548+0000] {logging_mixin.py:137} INFO - [2024-02-19T12:39:52.548+0000] {dagbag.py:538} INFO - Filling up the DagBag from /home/airflow/.local/lib/python3.7/site-packages/airflow/example_dags/example_skip_dag.py
[2024-02-19T12:39:52.556+0000] {processor.py:753} INFO - DAG(s) dict_keys(['example_skip_dag']) retrieved from /home/airflow/.local/lib/python3.7/site-packages/airflow/example_dags/example_skip_dag.py
[2024-02-19T12:39:52.570+0000] {logging_mixin.py:137} INFO - [2024-02-19T12:39:52.570+0000] {dag.py:2690} INFO - Sync 1 DAGs
[2024-02-19T12:39:52.584+0000] {logging_mixin.py:137} INFO - [2024-02-19T12:39:52.584+0000] {dag.py:3441} INFO - Setting next_dagrun for example_skip_dag to 2024-02-18T12:39:52.584590+00:00, run_after=2024-02-19T12:39:52.584590+00:00
[2024-02-19T12:39:52.597+0000] {processor.py:175} INFO - Processing /home/airflow/.local/lib/python3.7/site-packages/airflow/example_dags/example_skip_dag.py took 0.052 seconds
[2024-02-19T12:40:23.055+0000] {processor.py:153} INFO - Started process (PID=3936) to work on /home/airflow/.local/lib/python3.7/site-packages/airflow/example_dags/example_skip_dag.py
[2024-02-19T12:40:23.056+0000] {processor.py:743} INFO - Processing file /home/airflow/.local/lib/python3.7/site-packages/airflow/example_dags/example_skip_dag.py for tasks to queue
[2024-02-19T12:40:23.056+0000] {logging_mixin.py:137} INFO - [2024-02-19T12:40:23.056+0000] {dagbag.py:538} INFO - Filling up the DagBag from /home/airflow/.local/lib/python3.7/site-packages/airflow/example_dags/example_skip_dag.py
[2024-02-19T12:40:23.064+0000] {processor.py:753} INFO - DAG(s) dict_keys(['example_skip_dag']) retrieved from /home/airflow/.local/lib/python3.7/site-packages/airflow/example_dags/example_skip_dag.py
[2024-02-19T12:40:23.077+0000] {logging_mixin.py:137} INFO - [2024-02-19T12:40:23.077+0000] {dag.py:2690} INFO - Sync 1 DAGs
[2024-02-19T12:40:23.093+0000] {logging_mixin.py:137} INFO - [2024-02-19T12:40:23.093+0000] {dag.py:3441} INFO - Setting next_dagrun for example_skip_dag to 2024-02-18T12:40:23.093081+00:00, run_after=2024-02-19T12:40:23.093081+00:00
[2024-02-19T12:40:23.104+0000] {processor.py:175} INFO - Processing /home/airflow/.local/lib/python3.7/site-packages/airflow/example_dags/example_skip_dag.py took 0.050 seconds
[2024-02-19T12:40:53.524+0000] {processor.py:153} INFO - Started process (PID=4040) to work on /home/airflow/.local/lib/python3.7/site-packages/airflow/example_dags/example_skip_dag.py
[2024-02-19T12:40:53.525+0000] {processor.py:743} INFO - Processing file /home/airflow/.local/lib/python3.7/site-packages/airflow/example_dags/example_skip_dag.py for tasks to queue
[2024-02-19T12:40:53.525+0000] {logging_mixin.py:137} INFO - [2024-02-19T12:40:53.525+0000] {dagbag.py:538} INFO - Filling up the DagBag from /home/airflow/.local/lib/python3.7/site-packages/airflow/example_dags/example_skip_dag.py
[2024-02-19T12:40:53.533+0000] {processor.py:753} INFO - DAG(s) dict_keys(['example_skip_dag']) retrieved from /home/airflow/.local/lib/python3.7/site-packages/airflow/example_dags/example_skip_dag.py
[2024-02-19T12:40:53.547+0000] {logging_mixin.py:137} INFO - [2024-02-19T12:40:53.547+0000] {dag.py:2690} INFO - Sync 1 DAGs
[2024-02-19T12:40:53.562+0000] {logging_mixin.py:137} INFO - [2024-02-19T12:40:53.562+0000] {dag.py:3441} INFO - Setting next_dagrun for example_skip_dag to 2024-02-18T12:40:53.562632+00:00, run_after=2024-02-19T12:40:53.562632+00:00
[2024-02-19T12:40:53.573+0000] {processor.py:175} INFO - Processing /home/airflow/.local/lib/python3.7/site-packages/airflow/example_dags/example_skip_dag.py took 0.051 seconds
[2024-02-19T12:41:23.939+0000] {processor.py:153} INFO - Started process (PID=4175) to work on /home/airflow/.local/lib/python3.7/site-packages/airflow/example_dags/example_skip_dag.py
[2024-02-19T12:41:23.940+0000] {processor.py:743} INFO - Processing file /home/airflow/.local/lib/python3.7/site-packages/airflow/example_dags/example_skip_dag.py for tasks to queue
[2024-02-19T12:41:23.940+0000] {logging_mixin.py:137} INFO - [2024-02-19T12:41:23.940+0000] {dagbag.py:538} INFO - Filling up the DagBag from /home/airflow/.local/lib/python3.7/site-packages/airflow/example_dags/example_skip_dag.py
[2024-02-19T12:41:23.948+0000] {processor.py:753} INFO - DAG(s) dict_keys(['example_skip_dag']) retrieved from /home/airflow/.local/lib/python3.7/site-packages/airflow/example_dags/example_skip_dag.py
[2024-02-19T12:41:23.961+0000] {logging_mixin.py:137} INFO - [2024-02-19T12:41:23.961+0000] {dag.py:2690} INFO - Sync 1 DAGs
[2024-02-19T12:41:23.975+0000] {logging_mixin.py:137} INFO - [2024-02-19T12:41:23.975+0000] {dag.py:3441} INFO - Setting next_dagrun for example_skip_dag to 2024-02-18T12:41:23.975405+00:00, run_after=2024-02-19T12:41:23.975405+00:00
[2024-02-19T12:41:23.986+0000] {processor.py:175} INFO - Processing /home/airflow/.local/lib/python3.7/site-packages/airflow/example_dags/example_skip_dag.py took 0.049 seconds
[2024-02-19T12:41:54.593+0000] {processor.py:153} INFO - Started process (PID=4310) to work on /home/airflow/.local/lib/python3.7/site-packages/airflow/example_dags/example_skip_dag.py
[2024-02-19T12:41:54.593+0000] {processor.py:743} INFO - Processing file /home/airflow/.local/lib/python3.7/site-packages/airflow/example_dags/example_skip_dag.py for tasks to queue
[2024-02-19T12:41:54.594+0000] {logging_mixin.py:137} INFO - [2024-02-19T12:41:54.594+0000] {dagbag.py:538} INFO - Filling up the DagBag from /home/airflow/.local/lib/python3.7/site-packages/airflow/example_dags/example_skip_dag.py
[2024-02-19T12:41:54.602+0000] {processor.py:753} INFO - DAG(s) dict_keys(['example_skip_dag']) retrieved from /home/airflow/.local/lib/python3.7/site-packages/airflow/example_dags/example_skip_dag.py
[2024-02-19T12:41:54.617+0000] {logging_mixin.py:137} INFO - [2024-02-19T12:41:54.616+0000] {dag.py:2690} INFO - Sync 1 DAGs
[2024-02-19T12:41:54.633+0000] {logging_mixin.py:137} INFO - [2024-02-19T12:41:54.633+0000] {dag.py:3441} INFO - Setting next_dagrun for example_skip_dag to 2024-02-18T12:41:54.633323+00:00, run_after=2024-02-19T12:41:54.633323+00:00
[2024-02-19T12:41:54.646+0000] {processor.py:175} INFO - Processing /home/airflow/.local/lib/python3.7/site-packages/airflow/example_dags/example_skip_dag.py took 0.056 seconds
[2024-02-19T12:42:25.200+0000] {processor.py:153} INFO - Started process (PID=4413) to work on /home/airflow/.local/lib/python3.7/site-packages/airflow/example_dags/example_skip_dag.py
[2024-02-19T12:42:25.201+0000] {processor.py:743} INFO - Processing file /home/airflow/.local/lib/python3.7/site-packages/airflow/example_dags/example_skip_dag.py for tasks to queue
[2024-02-19T12:42:25.201+0000] {logging_mixin.py:137} INFO - [2024-02-19T12:42:25.201+0000] {dagbag.py:538} INFO - Filling up the DagBag from /home/airflow/.local/lib/python3.7/site-packages/airflow/example_dags/example_skip_dag.py
[2024-02-19T12:42:25.209+0000] {processor.py:753} INFO - DAG(s) dict_keys(['example_skip_dag']) retrieved from /home/airflow/.local/lib/python3.7/site-packages/airflow/example_dags/example_skip_dag.py
[2024-02-19T12:42:25.222+0000] {logging_mixin.py:137} INFO - [2024-02-19T12:42:25.222+0000] {dag.py:2690} INFO - Sync 1 DAGs
[2024-02-19T12:42:25.236+0000] {logging_mixin.py:137} INFO - [2024-02-19T12:42:25.236+0000] {dag.py:3441} INFO - Setting next_dagrun for example_skip_dag to 2024-02-18T12:42:25.236742+00:00, run_after=2024-02-19T12:42:25.236742+00:00
[2024-02-19T12:42:25.247+0000] {processor.py:175} INFO - Processing /home/airflow/.local/lib/python3.7/site-packages/airflow/example_dags/example_skip_dag.py took 0.048 seconds
[2024-02-19T12:42:55.733+0000] {processor.py:153} INFO - Started process (PID=4548) to work on /home/airflow/.local/lib/python3.7/site-packages/airflow/example_dags/example_skip_dag.py
[2024-02-19T12:42:55.733+0000] {processor.py:743} INFO - Processing file /home/airflow/.local/lib/python3.7/site-packages/airflow/example_dags/example_skip_dag.py for tasks to queue
[2024-02-19T12:42:55.734+0000] {logging_mixin.py:137} INFO - [2024-02-19T12:42:55.734+0000] {dagbag.py:538} INFO - Filling up the DagBag from /home/airflow/.local/lib/python3.7/site-packages/airflow/example_dags/example_skip_dag.py
[2024-02-19T12:42:55.742+0000] {processor.py:753} INFO - DAG(s) dict_keys(['example_skip_dag']) retrieved from /home/airflow/.local/lib/python3.7/site-packages/airflow/example_dags/example_skip_dag.py
[2024-02-19T12:42:55.756+0000] {logging_mixin.py:137} INFO - [2024-02-19T12:42:55.756+0000] {dag.py:2690} INFO - Sync 1 DAGs
[2024-02-19T12:42:55.770+0000] {logging_mixin.py:137} INFO - [2024-02-19T12:42:55.769+0000] {dag.py:3441} INFO - Setting next_dagrun for example_skip_dag to 2024-02-18T12:42:55.769804+00:00, run_after=2024-02-19T12:42:55.769804+00:00
[2024-02-19T12:42:55.780+0000] {processor.py:175} INFO - Processing /home/airflow/.local/lib/python3.7/site-packages/airflow/example_dags/example_skip_dag.py took 0.050 seconds
[2024-02-19T12:43:26.490+0000] {processor.py:153} INFO - Started process (PID=4683) to work on /home/airflow/.local/lib/python3.7/site-packages/airflow/example_dags/example_skip_dag.py
[2024-02-19T12:43:26.491+0000] {processor.py:743} INFO - Processing file /home/airflow/.local/lib/python3.7/site-packages/airflow/example_dags/example_skip_dag.py for tasks to queue
[2024-02-19T12:43:26.491+0000] {logging_mixin.py:137} INFO - [2024-02-19T12:43:26.491+0000] {dagbag.py:538} INFO - Filling up the DagBag from /home/airflow/.local/lib/python3.7/site-packages/airflow/example_dags/example_skip_dag.py
[2024-02-19T12:43:26.499+0000] {processor.py:753} INFO - DAG(s) dict_keys(['example_skip_dag']) retrieved from /home/airflow/.local/lib/python3.7/site-packages/airflow/example_dags/example_skip_dag.py
[2024-02-19T12:43:26.514+0000] {logging_mixin.py:137} INFO - [2024-02-19T12:43:26.514+0000] {dag.py:2690} INFO - Sync 1 DAGs
[2024-02-19T12:43:26.529+0000] {logging_mixin.py:137} INFO - [2024-02-19T12:43:26.529+0000] {dag.py:3441} INFO - Setting next_dagrun for example_skip_dag to 2024-02-18T12:43:26.529354+00:00, run_after=2024-02-19T12:43:26.529354+00:00
[2024-02-19T12:43:26.541+0000] {processor.py:175} INFO - Processing /home/airflow/.local/lib/python3.7/site-packages/airflow/example_dags/example_skip_dag.py took 0.053 seconds
[2024-02-19T12:43:56.983+0000] {processor.py:153} INFO - Started process (PID=4786) to work on /home/airflow/.local/lib/python3.7/site-packages/airflow/example_dags/example_skip_dag.py
[2024-02-19T12:43:56.983+0000] {processor.py:743} INFO - Processing file /home/airflow/.local/lib/python3.7/site-packages/airflow/example_dags/example_skip_dag.py for tasks to queue
[2024-02-19T12:43:56.984+0000] {logging_mixin.py:137} INFO - [2024-02-19T12:43:56.984+0000] {dagbag.py:538} INFO - Filling up the DagBag from /home/airflow/.local/lib/python3.7/site-packages/airflow/example_dags/example_skip_dag.py
[2024-02-19T12:43:56.991+0000] {processor.py:753} INFO - DAG(s) dict_keys(['example_skip_dag']) retrieved from /home/airflow/.local/lib/python3.7/site-packages/airflow/example_dags/example_skip_dag.py
[2024-02-19T12:43:57.005+0000] {logging_mixin.py:137} INFO - [2024-02-19T12:43:57.005+0000] {dag.py:2690} INFO - Sync 1 DAGs
[2024-02-19T12:43:57.020+0000] {logging_mixin.py:137} INFO - [2024-02-19T12:43:57.020+0000] {dag.py:3441} INFO - Setting next_dagrun for example_skip_dag to 2024-02-18T12:43:57.020128+00:00, run_after=2024-02-19T12:43:57.020128+00:00
[2024-02-19T12:43:57.030+0000] {processor.py:175} INFO - Processing /home/airflow/.local/lib/python3.7/site-packages/airflow/example_dags/example_skip_dag.py took 0.049 seconds
[2024-02-19T12:44:27.434+0000] {processor.py:153} INFO - Started process (PID=4920) to work on /home/airflow/.local/lib/python3.7/site-packages/airflow/example_dags/example_skip_dag.py
[2024-02-19T12:44:27.435+0000] {processor.py:743} INFO - Processing file /home/airflow/.local/lib/python3.7/site-packages/airflow/example_dags/example_skip_dag.py for tasks to queue
[2024-02-19T12:44:27.435+0000] {logging_mixin.py:137} INFO - [2024-02-19T12:44:27.435+0000] {dagbag.py:538} INFO - Filling up the DagBag from /home/airflow/.local/lib/python3.7/site-packages/airflow/example_dags/example_skip_dag.py
[2024-02-19T12:44:27.443+0000] {processor.py:753} INFO - DAG(s) dict_keys(['example_skip_dag']) retrieved from /home/airflow/.local/lib/python3.7/site-packages/airflow/example_dags/example_skip_dag.py
[2024-02-19T12:44:27.457+0000] {logging_mixin.py:137} INFO - [2024-02-19T12:44:27.457+0000] {dag.py:2690} INFO - Sync 1 DAGs
[2024-02-19T12:44:27.472+0000] {logging_mixin.py:137} INFO - [2024-02-19T12:44:27.472+0000] {dag.py:3441} INFO - Setting next_dagrun for example_skip_dag to 2024-02-18T12:44:27.472688+00:00, run_after=2024-02-19T12:44:27.472688+00:00
[2024-02-19T12:44:27.484+0000] {processor.py:175} INFO - Processing /home/airflow/.local/lib/python3.7/site-packages/airflow/example_dags/example_skip_dag.py took 0.052 seconds
[2024-02-19T12:44:58.169+0000] {processor.py:153} INFO - Started process (PID=5055) to work on /home/airflow/.local/lib/python3.7/site-packages/airflow/example_dags/example_skip_dag.py
[2024-02-19T12:44:58.170+0000] {processor.py:743} INFO - Processing file /home/airflow/.local/lib/python3.7/site-packages/airflow/example_dags/example_skip_dag.py for tasks to queue
[2024-02-19T12:44:58.170+0000] {logging_mixin.py:137} INFO - [2024-02-19T12:44:58.170+0000] {dagbag.py:538} INFO - Filling up the DagBag from /home/airflow/.local/lib/python3.7/site-packages/airflow/example_dags/example_skip_dag.py
[2024-02-19T12:44:58.184+0000] {processor.py:753} INFO - DAG(s) dict_keys(['example_skip_dag']) retrieved from /home/airflow/.local/lib/python3.7/site-packages/airflow/example_dags/example_skip_dag.py
[2024-02-19T12:44:58.209+0000] {logging_mixin.py:137} INFO - [2024-02-19T12:44:58.209+0000] {dag.py:2690} INFO - Sync 1 DAGs
[2024-02-19T12:44:58.233+0000] {logging_mixin.py:137} INFO - [2024-02-19T12:44:58.232+0000] {dag.py:3441} INFO - Setting next_dagrun for example_skip_dag to 2024-02-18T12:44:58.232751+00:00, run_after=2024-02-19T12:44:58.232751+00:00
[2024-02-19T12:44:58.245+0000] {processor.py:175} INFO - Processing /home/airflow/.local/lib/python3.7/site-packages/airflow/example_dags/example_skip_dag.py took 0.079 seconds
[2024-02-19T12:45:28.708+0000] {processor.py:153} INFO - Started process (PID=5158) to work on /home/airflow/.local/lib/python3.7/site-packages/airflow/example_dags/example_skip_dag.py
[2024-02-19T12:45:28.708+0000] {processor.py:743} INFO - Processing file /home/airflow/.local/lib/python3.7/site-packages/airflow/example_dags/example_skip_dag.py for tasks to queue
[2024-02-19T12:45:28.709+0000] {logging_mixin.py:137} INFO - [2024-02-19T12:45:28.709+0000] {dagbag.py:538} INFO - Filling up the DagBag from /home/airflow/.local/lib/python3.7/site-packages/airflow/example_dags/example_skip_dag.py
[2024-02-19T12:45:28.717+0000] {processor.py:753} INFO - DAG(s) dict_keys(['example_skip_dag']) retrieved from /home/airflow/.local/lib/python3.7/site-packages/airflow/example_dags/example_skip_dag.py
[2024-02-19T12:45:28.731+0000] {logging_mixin.py:137} INFO - [2024-02-19T12:45:28.731+0000] {dag.py:2690} INFO - Sync 1 DAGs
[2024-02-19T12:45:28.746+0000] {logging_mixin.py:137} INFO - [2024-02-19T12:45:28.746+0000] {dag.py:3441} INFO - Setting next_dagrun for example_skip_dag to 2024-02-18T12:45:28.745927+00:00, run_after=2024-02-19T12:45:28.745927+00:00
[2024-02-19T12:45:28.758+0000] {processor.py:175} INFO - Processing /home/airflow/.local/lib/python3.7/site-packages/airflow/example_dags/example_skip_dag.py took 0.052 seconds
[2024-02-19T12:45:59.241+0000] {processor.py:153} INFO - Started process (PID=5293) to work on /home/airflow/.local/lib/python3.7/site-packages/airflow/example_dags/example_skip_dag.py
[2024-02-19T12:45:59.242+0000] {processor.py:743} INFO - Processing file /home/airflow/.local/lib/python3.7/site-packages/airflow/example_dags/example_skip_dag.py for tasks to queue
[2024-02-19T12:45:59.242+0000] {logging_mixin.py:137} INFO - [2024-02-19T12:45:59.242+0000] {dagbag.py:538} INFO - Filling up the DagBag from /home/airflow/.local/lib/python3.7/site-packages/airflow/example_dags/example_skip_dag.py
[2024-02-19T12:45:59.249+0000] {processor.py:753} INFO - DAG(s) dict_keys(['example_skip_dag']) retrieved from /home/airflow/.local/lib/python3.7/site-packages/airflow/example_dags/example_skip_dag.py
[2024-02-19T12:45:59.263+0000] {logging_mixin.py:137} INFO - [2024-02-19T12:45:59.263+0000] {dag.py:2690} INFO - Sync 1 DAGs
[2024-02-19T12:45:59.278+0000] {logging_mixin.py:137} INFO - [2024-02-19T12:45:59.278+0000] {dag.py:3441} INFO - Setting next_dagrun for example_skip_dag to 2024-02-18T12:45:59.278466+00:00, run_after=2024-02-19T12:45:59.278466+00:00
[2024-02-19T12:45:59.289+0000] {processor.py:175} INFO - Processing /home/airflow/.local/lib/python3.7/site-packages/airflow/example_dags/example_skip_dag.py took 0.049 seconds
[2024-02-19T12:46:29.846+0000] {processor.py:153} INFO - Started process (PID=5428) to work on /home/airflow/.local/lib/python3.7/site-packages/airflow/example_dags/example_skip_dag.py
[2024-02-19T12:46:29.847+0000] {processor.py:743} INFO - Processing file /home/airflow/.local/lib/python3.7/site-packages/airflow/example_dags/example_skip_dag.py for tasks to queue
[2024-02-19T12:46:29.847+0000] {logging_mixin.py:137} INFO - [2024-02-19T12:46:29.847+0000] {dagbag.py:538} INFO - Filling up the DagBag from /home/airflow/.local/lib/python3.7/site-packages/airflow/example_dags/example_skip_dag.py
[2024-02-19T12:46:29.856+0000] {processor.py:753} INFO - DAG(s) dict_keys(['example_skip_dag']) retrieved from /home/airflow/.local/lib/python3.7/site-packages/airflow/example_dags/example_skip_dag.py
[2024-02-19T12:46:29.873+0000] {logging_mixin.py:137} INFO - [2024-02-19T12:46:29.873+0000] {dag.py:2690} INFO - Sync 1 DAGs
[2024-02-19T12:46:29.889+0000] {logging_mixin.py:137} INFO - [2024-02-19T12:46:29.889+0000] {dag.py:3441} INFO - Setting next_dagrun for example_skip_dag to 2024-02-18T12:46:29.889222+00:00, run_after=2024-02-19T12:46:29.889222+00:00
[2024-02-19T12:46:29.901+0000] {processor.py:175} INFO - Processing /home/airflow/.local/lib/python3.7/site-packages/airflow/example_dags/example_skip_dag.py took 0.057 seconds
[2024-02-19T12:47:00.432+0000] {processor.py:153} INFO - Started process (PID=5531) to work on /home/airflow/.local/lib/python3.7/site-packages/airflow/example_dags/example_skip_dag.py
[2024-02-19T12:47:00.432+0000] {processor.py:743} INFO - Processing file /home/airflow/.local/lib/python3.7/site-packages/airflow/example_dags/example_skip_dag.py for tasks to queue
[2024-02-19T12:47:00.433+0000] {logging_mixin.py:137} INFO - [2024-02-19T12:47:00.433+0000] {dagbag.py:538} INFO - Filling up the DagBag from /home/airflow/.local/lib/python3.7/site-packages/airflow/example_dags/example_skip_dag.py
[2024-02-19T12:47:00.440+0000] {processor.py:753} INFO - DAG(s) dict_keys(['example_skip_dag']) retrieved from /home/airflow/.local/lib/python3.7/site-packages/airflow/example_dags/example_skip_dag.py
[2024-02-19T12:47:00.454+0000] {logging_mixin.py:137} INFO - [2024-02-19T12:47:00.454+0000] {dag.py:2690} INFO - Sync 1 DAGs
[2024-02-19T12:47:00.468+0000] {logging_mixin.py:137} INFO - [2024-02-19T12:47:00.468+0000] {dag.py:3441} INFO - Setting next_dagrun for example_skip_dag to 2024-02-18T12:47:00.468691+00:00, run_after=2024-02-19T12:47:00.468691+00:00
[2024-02-19T12:47:00.480+0000] {processor.py:175} INFO - Processing /home/airflow/.local/lib/python3.7/site-packages/airflow/example_dags/example_skip_dag.py took 0.050 seconds
[2024-02-19T12:47:30.877+0000] {processor.py:153} INFO - Started process (PID=5666) to work on /home/airflow/.local/lib/python3.7/site-packages/airflow/example_dags/example_skip_dag.py
[2024-02-19T12:47:30.878+0000] {processor.py:743} INFO - Processing file /home/airflow/.local/lib/python3.7/site-packages/airflow/example_dags/example_skip_dag.py for tasks to queue
[2024-02-19T12:47:30.878+0000] {logging_mixin.py:137} INFO - [2024-02-19T12:47:30.878+0000] {dagbag.py:538} INFO - Filling up the DagBag from /home/airflow/.local/lib/python3.7/site-packages/airflow/example_dags/example_skip_dag.py
[2024-02-19T12:47:30.886+0000] {processor.py:753} INFO - DAG(s) dict_keys(['example_skip_dag']) retrieved from /home/airflow/.local/lib/python3.7/site-packages/airflow/example_dags/example_skip_dag.py
[2024-02-19T12:47:30.901+0000] {logging_mixin.py:137} INFO - [2024-02-19T12:47:30.901+0000] {dag.py:2690} INFO - Sync 1 DAGs
[2024-02-19T12:47:30.916+0000] {logging_mixin.py:137} INFO - [2024-02-19T12:47:30.916+0000] {dag.py:3441} INFO - Setting next_dagrun for example_skip_dag to 2024-02-18T12:47:30.916335+00:00, run_after=2024-02-19T12:47:30.916335+00:00
[2024-02-19T12:47:30.927+0000] {processor.py:175} INFO - Processing /home/airflow/.local/lib/python3.7/site-packages/airflow/example_dags/example_skip_dag.py took 0.052 seconds
[2024-02-19T12:48:01.351+0000] {processor.py:153} INFO - Started process (PID=5778) to work on /home/airflow/.local/lib/python3.7/site-packages/airflow/example_dags/example_skip_dag.py
[2024-02-19T12:48:01.352+0000] {processor.py:743} INFO - Processing file /home/airflow/.local/lib/python3.7/site-packages/airflow/example_dags/example_skip_dag.py for tasks to queue
[2024-02-19T12:48:01.352+0000] {logging_mixin.py:137} INFO - [2024-02-19T12:48:01.352+0000] {dagbag.py:538} INFO - Filling up the DagBag from /home/airflow/.local/lib/python3.7/site-packages/airflow/example_dags/example_skip_dag.py
[2024-02-19T12:48:01.360+0000] {processor.py:753} INFO - DAG(s) dict_keys(['example_skip_dag']) retrieved from /home/airflow/.local/lib/python3.7/site-packages/airflow/example_dags/example_skip_dag.py
[2024-02-19T12:48:01.375+0000] {logging_mixin.py:137} INFO - [2024-02-19T12:48:01.375+0000] {dag.py:2690} INFO - Sync 1 DAGs
[2024-02-19T12:48:01.392+0000] {logging_mixin.py:137} INFO - [2024-02-19T12:48:01.392+0000] {dag.py:3441} INFO - Setting next_dagrun for example_skip_dag to 2024-02-18T12:48:01.392346+00:00, run_after=2024-02-19T12:48:01.392346+00:00
[2024-02-19T12:48:01.405+0000] {processor.py:175} INFO - Processing /home/airflow/.local/lib/python3.7/site-packages/airflow/example_dags/example_skip_dag.py took 0.056 seconds
[2024-02-19T12:48:32.044+0000] {processor.py:153} INFO - Started process (PID=5904) to work on /home/airflow/.local/lib/python3.7/site-packages/airflow/example_dags/example_skip_dag.py
[2024-02-19T12:48:32.045+0000] {processor.py:743} INFO - Processing file /home/airflow/.local/lib/python3.7/site-packages/airflow/example_dags/example_skip_dag.py for tasks to queue
[2024-02-19T12:48:32.045+0000] {logging_mixin.py:137} INFO - [2024-02-19T12:48:32.045+0000] {dagbag.py:538} INFO - Filling up the DagBag from /home/airflow/.local/lib/python3.7/site-packages/airflow/example_dags/example_skip_dag.py
[2024-02-19T12:48:32.053+0000] {processor.py:753} INFO - DAG(s) dict_keys(['example_skip_dag']) retrieved from /home/airflow/.local/lib/python3.7/site-packages/airflow/example_dags/example_skip_dag.py
[2024-02-19T12:48:32.067+0000] {logging_mixin.py:137} INFO - [2024-02-19T12:48:32.067+0000] {dag.py:2690} INFO - Sync 1 DAGs
[2024-02-19T12:48:32.081+0000] {logging_mixin.py:137} INFO - [2024-02-19T12:48:32.080+0000] {dag.py:3441} INFO - Setting next_dagrun for example_skip_dag to 2024-02-18T12:48:32.080804+00:00, run_after=2024-02-19T12:48:32.080804+00:00
[2024-02-19T12:48:32.092+0000] {processor.py:175} INFO - Processing /home/airflow/.local/lib/python3.7/site-packages/airflow/example_dags/example_skip_dag.py took 0.050 seconds
[2024-02-19T12:49:02.664+0000] {processor.py:153} INFO - Started process (PID=6039) to work on /home/airflow/.local/lib/python3.7/site-packages/airflow/example_dags/example_skip_dag.py
[2024-02-19T12:49:02.664+0000] {processor.py:743} INFO - Processing file /home/airflow/.local/lib/python3.7/site-packages/airflow/example_dags/example_skip_dag.py for tasks to queue
[2024-02-19T12:49:02.665+0000] {logging_mixin.py:137} INFO - [2024-02-19T12:49:02.665+0000] {dagbag.py:538} INFO - Filling up the DagBag from /home/airflow/.local/lib/python3.7/site-packages/airflow/example_dags/example_skip_dag.py
[2024-02-19T12:49:02.672+0000] {processor.py:753} INFO - DAG(s) dict_keys(['example_skip_dag']) retrieved from /home/airflow/.local/lib/python3.7/site-packages/airflow/example_dags/example_skip_dag.py
[2024-02-19T12:49:02.685+0000] {logging_mixin.py:137} INFO - [2024-02-19T12:49:02.685+0000] {dag.py:2690} INFO - Sync 1 DAGs
[2024-02-19T12:49:02.699+0000] {logging_mixin.py:137} INFO - [2024-02-19T12:49:02.699+0000] {dag.py:3441} INFO - Setting next_dagrun for example_skip_dag to 2024-02-18T12:49:02.699424+00:00, run_after=2024-02-19T12:49:02.699424+00:00
[2024-02-19T12:49:02.711+0000] {processor.py:175} INFO - Processing /home/airflow/.local/lib/python3.7/site-packages/airflow/example_dags/example_skip_dag.py took 0.049 seconds
[2024-02-19T12:49:33.350+0000] {processor.py:153} INFO - Started process (PID=6174) to work on /home/airflow/.local/lib/python3.7/site-packages/airflow/example_dags/example_skip_dag.py
[2024-02-19T12:49:33.350+0000] {processor.py:743} INFO - Processing file /home/airflow/.local/lib/python3.7/site-packages/airflow/example_dags/example_skip_dag.py for tasks to queue
[2024-02-19T12:49:33.350+0000] {logging_mixin.py:137} INFO - [2024-02-19T12:49:33.350+0000] {dagbag.py:538} INFO - Filling up the DagBag from /home/airflow/.local/lib/python3.7/site-packages/airflow/example_dags/example_skip_dag.py
[2024-02-19T12:49:33.358+0000] {processor.py:753} INFO - DAG(s) dict_keys(['example_skip_dag']) retrieved from /home/airflow/.local/lib/python3.7/site-packages/airflow/example_dags/example_skip_dag.py
[2024-02-19T12:49:33.373+0000] {logging_mixin.py:137} INFO - [2024-02-19T12:49:33.373+0000] {dag.py:2690} INFO - Sync 1 DAGs
[2024-02-19T12:49:33.389+0000] {logging_mixin.py:137} INFO - [2024-02-19T12:49:33.388+0000] {dag.py:3441} INFO - Setting next_dagrun for example_skip_dag to 2024-02-18T12:49:33.388815+00:00, run_after=2024-02-19T12:49:33.388815+00:00
[2024-02-19T12:49:33.400+0000] {processor.py:175} INFO - Processing /home/airflow/.local/lib/python3.7/site-packages/airflow/example_dags/example_skip_dag.py took 0.052 seconds
[2024-02-19T12:50:03.898+0000] {processor.py:153} INFO - Started process (PID=6277) to work on /home/airflow/.local/lib/python3.7/site-packages/airflow/example_dags/example_skip_dag.py
[2024-02-19T12:50:03.899+0000] {processor.py:743} INFO - Processing file /home/airflow/.local/lib/python3.7/site-packages/airflow/example_dags/example_skip_dag.py for tasks to queue
[2024-02-19T12:50:03.899+0000] {logging_mixin.py:137} INFO - [2024-02-19T12:50:03.899+0000] {dagbag.py:538} INFO - Filling up the DagBag from /home/airflow/.local/lib/python3.7/site-packages/airflow/example_dags/example_skip_dag.py
[2024-02-19T12:50:03.907+0000] {processor.py:753} INFO - DAG(s) dict_keys(['example_skip_dag']) retrieved from /home/airflow/.local/lib/python3.7/site-packages/airflow/example_dags/example_skip_dag.py
[2024-02-19T12:50:03.921+0000] {logging_mixin.py:137} INFO - [2024-02-19T12:50:03.921+0000] {dag.py:2690} INFO - Sync 1 DAGs
[2024-02-19T12:50:03.936+0000] {logging_mixin.py:137} INFO - [2024-02-19T12:50:03.936+0000] {dag.py:3441} INFO - Setting next_dagrun for example_skip_dag to 2024-02-18T12:50:03.936078+00:00, run_after=2024-02-19T12:50:03.936078+00:00
[2024-02-19T12:50:03.947+0000] {processor.py:175} INFO - Processing /home/airflow/.local/lib/python3.7/site-packages/airflow/example_dags/example_skip_dag.py took 0.051 seconds
[2024-02-19T12:50:34.363+0000] {processor.py:153} INFO - Started process (PID=6412) to work on /home/airflow/.local/lib/python3.7/site-packages/airflow/example_dags/example_skip_dag.py
[2024-02-19T12:50:34.364+0000] {processor.py:743} INFO - Processing file /home/airflow/.local/lib/python3.7/site-packages/airflow/example_dags/example_skip_dag.py for tasks to queue
[2024-02-19T12:50:34.364+0000] {logging_mixin.py:137} INFO - [2024-02-19T12:50:34.364+0000] {dagbag.py:538} INFO - Filling up the DagBag from /home/airflow/.local/lib/python3.7/site-packages/airflow/example_dags/example_skip_dag.py
[2024-02-19T12:50:34.372+0000] {processor.py:753} INFO - DAG(s) dict_keys(['example_skip_dag']) retrieved from /home/airflow/.local/lib/python3.7/site-packages/airflow/example_dags/example_skip_dag.py
[2024-02-19T12:50:34.387+0000] {logging_mixin.py:137} INFO - [2024-02-19T12:50:34.386+0000] {dag.py:2690} INFO - Sync 1 DAGs
[2024-02-19T12:50:34.401+0000] {logging_mixin.py:137} INFO - [2024-02-19T12:50:34.401+0000] {dag.py:3441} INFO - Setting next_dagrun for example_skip_dag to 2024-02-18T12:50:34.401166+00:00, run_after=2024-02-19T12:50:34.401166+00:00
[2024-02-19T12:50:34.412+0000] {processor.py:175} INFO - Processing /home/airflow/.local/lib/python3.7/site-packages/airflow/example_dags/example_skip_dag.py took 0.051 seconds
[2024-02-19T12:51:04.879+0000] {processor.py:153} INFO - Started process (PID=6514) to work on /home/airflow/.local/lib/python3.7/site-packages/airflow/example_dags/example_skip_dag.py
[2024-02-19T12:51:04.880+0000] {processor.py:743} INFO - Processing file /home/airflow/.local/lib/python3.7/site-packages/airflow/example_dags/example_skip_dag.py for tasks to queue
[2024-02-19T12:51:04.881+0000] {logging_mixin.py:137} INFO - [2024-02-19T12:51:04.881+0000] {dagbag.py:538} INFO - Filling up the DagBag from /home/airflow/.local/lib/python3.7/site-packages/airflow/example_dags/example_skip_dag.py
[2024-02-19T12:51:04.891+0000] {processor.py:753} INFO - DAG(s) dict_keys(['example_skip_dag']) retrieved from /home/airflow/.local/lib/python3.7/site-packages/airflow/example_dags/example_skip_dag.py
[2024-02-19T12:51:04.910+0000] {logging_mixin.py:137} INFO - [2024-02-19T12:51:04.910+0000] {dag.py:2690} INFO - Sync 1 DAGs
[2024-02-19T12:51:04.930+0000] {logging_mixin.py:137} INFO - [2024-02-19T12:51:04.930+0000] {dag.py:3441} INFO - Setting next_dagrun for example_skip_dag to 2024-02-18T12:51:04.930046+00:00, run_after=2024-02-19T12:51:04.930046+00:00
[2024-02-19T12:51:04.946+0000] {processor.py:175} INFO - Processing /home/airflow/.local/lib/python3.7/site-packages/airflow/example_dags/example_skip_dag.py took 0.069 seconds
[2024-02-19T12:51:35.732+0000] {processor.py:153} INFO - Started process (PID=6649) to work on /home/airflow/.local/lib/python3.7/site-packages/airflow/example_dags/example_skip_dag.py
[2024-02-19T12:51:35.733+0000] {processor.py:743} INFO - Processing file /home/airflow/.local/lib/python3.7/site-packages/airflow/example_dags/example_skip_dag.py for tasks to queue
[2024-02-19T12:51:35.734+0000] {logging_mixin.py:137} INFO - [2024-02-19T12:51:35.734+0000] {dagbag.py:538} INFO - Filling up the DagBag from /home/airflow/.local/lib/python3.7/site-packages/airflow/example_dags/example_skip_dag.py
[2024-02-19T12:51:35.743+0000] {processor.py:753} INFO - DAG(s) dict_keys(['example_skip_dag']) retrieved from /home/airflow/.local/lib/python3.7/site-packages/airflow/example_dags/example_skip_dag.py
[2024-02-19T12:51:35.759+0000] {logging_mixin.py:137} INFO - [2024-02-19T12:51:35.759+0000] {dag.py:2690} INFO - Sync 1 DAGs
[2024-02-19T12:51:35.777+0000] {logging_mixin.py:137} INFO - [2024-02-19T12:51:35.777+0000] {dag.py:3441} INFO - Setting next_dagrun for example_skip_dag to 2024-02-18T12:51:35.777395+00:00, run_after=2024-02-19T12:51:35.777395+00:00
[2024-02-19T12:51:35.790+0000] {processor.py:175} INFO - Processing /home/airflow/.local/lib/python3.7/site-packages/airflow/example_dags/example_skip_dag.py took 0.060 seconds
[2024-02-19T12:52:06.618+0000] {processor.py:153} INFO - Started process (PID=6784) to work on /home/airflow/.local/lib/python3.7/site-packages/airflow/example_dags/example_skip_dag.py
[2024-02-19T12:52:06.619+0000] {processor.py:743} INFO - Processing file /home/airflow/.local/lib/python3.7/site-packages/airflow/example_dags/example_skip_dag.py for tasks to queue
[2024-02-19T12:52:06.620+0000] {logging_mixin.py:137} INFO - [2024-02-19T12:52:06.620+0000] {dagbag.py:538} INFO - Filling up the DagBag from /home/airflow/.local/lib/python3.7/site-packages/airflow/example_dags/example_skip_dag.py
[2024-02-19T12:52:06.633+0000] {processor.py:753} INFO - DAG(s) dict_keys(['example_skip_dag']) retrieved from /home/airflow/.local/lib/python3.7/site-packages/airflow/example_dags/example_skip_dag.py
[2024-02-19T12:52:06.656+0000] {logging_mixin.py:137} INFO - [2024-02-19T12:52:06.656+0000] {dag.py:2690} INFO - Sync 1 DAGs
[2024-02-19T12:52:06.684+0000] {logging_mixin.py:137} INFO - [2024-02-19T12:52:06.684+0000] {dag.py:3441} INFO - Setting next_dagrun for example_skip_dag to 2024-02-18T12:52:06.684076+00:00, run_after=2024-02-19T12:52:06.684076+00:00
[2024-02-19T12:52:06.706+0000] {processor.py:175} INFO - Processing /home/airflow/.local/lib/python3.7/site-packages/airflow/example_dags/example_skip_dag.py took 0.090 seconds
[2024-02-19T12:52:36.841+0000] {processor.py:153} INFO - Started process (PID=6887) to work on /home/airflow/.local/lib/python3.7/site-packages/airflow/example_dags/example_skip_dag.py
[2024-02-19T12:52:36.842+0000] {processor.py:743} INFO - Processing file /home/airflow/.local/lib/python3.7/site-packages/airflow/example_dags/example_skip_dag.py for tasks to queue
[2024-02-19T12:52:36.842+0000] {logging_mixin.py:137} INFO - [2024-02-19T12:52:36.842+0000] {dagbag.py:538} INFO - Filling up the DagBag from /home/airflow/.local/lib/python3.7/site-packages/airflow/example_dags/example_skip_dag.py
[2024-02-19T12:52:36.851+0000] {processor.py:753} INFO - DAG(s) dict_keys(['example_skip_dag']) retrieved from /home/airflow/.local/lib/python3.7/site-packages/airflow/example_dags/example_skip_dag.py
[2024-02-19T12:52:36.867+0000] {logging_mixin.py:137} INFO - [2024-02-19T12:52:36.867+0000] {dag.py:2690} INFO - Sync 1 DAGs
[2024-02-19T12:52:36.885+0000] {logging_mixin.py:137} INFO - [2024-02-19T12:52:36.885+0000] {dag.py:3441} INFO - Setting next_dagrun for example_skip_dag to 2024-02-18T12:52:36.885171+00:00, run_after=2024-02-19T12:52:36.885171+00:00
[2024-02-19T12:52:36.899+0000] {processor.py:175} INFO - Processing /home/airflow/.local/lib/python3.7/site-packages/airflow/example_dags/example_skip_dag.py took 0.061 seconds
[2024-02-19T12:53:07.750+0000] {processor.py:153} INFO - Started process (PID=7022) to work on /home/airflow/.local/lib/python3.7/site-packages/airflow/example_dags/example_skip_dag.py
[2024-02-19T12:53:07.750+0000] {processor.py:743} INFO - Processing file /home/airflow/.local/lib/python3.7/site-packages/airflow/example_dags/example_skip_dag.py for tasks to queue
[2024-02-19T12:53:07.751+0000] {logging_mixin.py:137} INFO - [2024-02-19T12:53:07.751+0000] {dagbag.py:538} INFO - Filling up the DagBag from /home/airflow/.local/lib/python3.7/site-packages/airflow/example_dags/example_skip_dag.py
[2024-02-19T12:53:07.760+0000] {processor.py:753} INFO - DAG(s) dict_keys(['example_skip_dag']) retrieved from /home/airflow/.local/lib/python3.7/site-packages/airflow/example_dags/example_skip_dag.py
[2024-02-19T12:53:07.779+0000] {logging_mixin.py:137} INFO - [2024-02-19T12:53:07.778+0000] {dag.py:2690} INFO - Sync 1 DAGs
[2024-02-19T12:53:07.797+0000] {logging_mixin.py:137} INFO - [2024-02-19T12:53:07.797+0000] {dag.py:3441} INFO - Setting next_dagrun for example_skip_dag to 2024-02-18T12:53:07.797577+00:00, run_after=2024-02-19T12:53:07.797577+00:00
[2024-02-19T12:53:07.812+0000] {processor.py:175} INFO - Processing /home/airflow/.local/lib/python3.7/site-packages/airflow/example_dags/example_skip_dag.py took 0.064 seconds
[2024-02-19T12:53:38.465+0000] {processor.py:153} INFO - Started process (PID=7135) to work on /home/airflow/.local/lib/python3.7/site-packages/airflow/example_dags/example_skip_dag.py
[2024-02-19T12:53:38.466+0000] {processor.py:743} INFO - Processing file /home/airflow/.local/lib/python3.7/site-packages/airflow/example_dags/example_skip_dag.py for tasks to queue
[2024-02-19T12:53:38.466+0000] {logging_mixin.py:137} INFO - [2024-02-19T12:53:38.466+0000] {dagbag.py:538} INFO - Filling up the DagBag from /home/airflow/.local/lib/python3.7/site-packages/airflow/example_dags/example_skip_dag.py
[2024-02-19T12:53:38.478+0000] {processor.py:753} INFO - DAG(s) dict_keys(['example_skip_dag']) retrieved from /home/airflow/.local/lib/python3.7/site-packages/airflow/example_dags/example_skip_dag.py
[2024-02-19T12:53:38.499+0000] {logging_mixin.py:137} INFO - [2024-02-19T12:53:38.498+0000] {dag.py:2690} INFO - Sync 1 DAGs
[2024-02-19T12:53:38.520+0000] {logging_mixin.py:137} INFO - [2024-02-19T12:53:38.520+0000] {dag.py:3441} INFO - Setting next_dagrun for example_skip_dag to 2024-02-18T12:53:38.520618+00:00, run_after=2024-02-19T12:53:38.520618+00:00
[2024-02-19T12:53:38.536+0000] {processor.py:175} INFO - Processing /home/airflow/.local/lib/python3.7/site-packages/airflow/example_dags/example_skip_dag.py took 0.074 seconds
[2024-02-19T12:54:08.696+0000] {processor.py:153} INFO - Started process (PID=7261) to work on /home/airflow/.local/lib/python3.7/site-packages/airflow/example_dags/example_skip_dag.py
[2024-02-19T12:54:08.697+0000] {processor.py:743} INFO - Processing file /home/airflow/.local/lib/python3.7/site-packages/airflow/example_dags/example_skip_dag.py for tasks to queue
[2024-02-19T12:54:08.697+0000] {logging_mixin.py:137} INFO - [2024-02-19T12:54:08.697+0000] {dagbag.py:538} INFO - Filling up the DagBag from /home/airflow/.local/lib/python3.7/site-packages/airflow/example_dags/example_skip_dag.py
[2024-02-19T12:54:08.707+0000] {processor.py:753} INFO - DAG(s) dict_keys(['example_skip_dag']) retrieved from /home/airflow/.local/lib/python3.7/site-packages/airflow/example_dags/example_skip_dag.py
[2024-02-19T12:54:08.725+0000] {logging_mixin.py:137} INFO - [2024-02-19T12:54:08.724+0000] {dag.py:2690} INFO - Sync 1 DAGs
[2024-02-19T12:54:08.743+0000] {logging_mixin.py:137} INFO - [2024-02-19T12:54:08.743+0000] {dag.py:3441} INFO - Setting next_dagrun for example_skip_dag to 2024-02-18T12:54:08.742961+00:00, run_after=2024-02-19T12:54:08.742961+00:00
[2024-02-19T12:54:08.757+0000] {processor.py:175} INFO - Processing /home/airflow/.local/lib/python3.7/site-packages/airflow/example_dags/example_skip_dag.py took 0.063 seconds
[2024-02-19T12:54:39.588+0000] {processor.py:153} INFO - Started process (PID=7396) to work on /home/airflow/.local/lib/python3.7/site-packages/airflow/example_dags/example_skip_dag.py
[2024-02-19T12:54:39.588+0000] {processor.py:743} INFO - Processing file /home/airflow/.local/lib/python3.7/site-packages/airflow/example_dags/example_skip_dag.py for tasks to queue
[2024-02-19T12:54:39.589+0000] {logging_mixin.py:137} INFO - [2024-02-19T12:54:39.589+0000] {dagbag.py:538} INFO - Filling up the DagBag from /home/airflow/.local/lib/python3.7/site-packages/airflow/example_dags/example_skip_dag.py
[2024-02-19T12:54:39.600+0000] {processor.py:753} INFO - DAG(s) dict_keys(['example_skip_dag']) retrieved from /home/airflow/.local/lib/python3.7/site-packages/airflow/example_dags/example_skip_dag.py
[2024-02-19T12:54:39.620+0000] {logging_mixin.py:137} INFO - [2024-02-19T12:54:39.620+0000] {dag.py:2690} INFO - Sync 1 DAGs
[2024-02-19T12:54:39.641+0000] {logging_mixin.py:137} INFO - [2024-02-19T12:54:39.641+0000] {dag.py:3441} INFO - Setting next_dagrun for example_skip_dag to 2024-02-18T12:54:39.641042+00:00, run_after=2024-02-19T12:54:39.641042+00:00
[2024-02-19T12:54:39.657+0000] {processor.py:175} INFO - Processing /home/airflow/.local/lib/python3.7/site-packages/airflow/example_dags/example_skip_dag.py took 0.072 seconds
[2024-02-19T12:55:10.428+0000] {processor.py:153} INFO - Started process (PID=7499) to work on /home/airflow/.local/lib/python3.7/site-packages/airflow/example_dags/example_skip_dag.py
[2024-02-19T12:55:10.429+0000] {processor.py:743} INFO - Processing file /home/airflow/.local/lib/python3.7/site-packages/airflow/example_dags/example_skip_dag.py for tasks to queue
[2024-02-19T12:55:10.429+0000] {logging_mixin.py:137} INFO - [2024-02-19T12:55:10.429+0000] {dagbag.py:538} INFO - Filling up the DagBag from /home/airflow/.local/lib/python3.7/site-packages/airflow/example_dags/example_skip_dag.py
[2024-02-19T12:55:10.439+0000] {processor.py:753} INFO - DAG(s) dict_keys(['example_skip_dag']) retrieved from /home/airflow/.local/lib/python3.7/site-packages/airflow/example_dags/example_skip_dag.py
[2024-02-19T12:55:10.456+0000] {logging_mixin.py:137} INFO - [2024-02-19T12:55:10.456+0000] {dag.py:2690} INFO - Sync 1 DAGs
[2024-02-19T12:55:10.476+0000] {logging_mixin.py:137} INFO - [2024-02-19T12:55:10.476+0000] {dag.py:3441} INFO - Setting next_dagrun for example_skip_dag to 2024-02-18T12:55:10.476302+00:00, run_after=2024-02-19T12:55:10.476302+00:00
[2024-02-19T12:55:10.489+0000] {processor.py:175} INFO - Processing /home/airflow/.local/lib/python3.7/site-packages/airflow/example_dags/example_skip_dag.py took 0.063 seconds
[2024-02-19T12:55:41.142+0000] {processor.py:153} INFO - Started process (PID=7634) to work on /home/airflow/.local/lib/python3.7/site-packages/airflow/example_dags/example_skip_dag.py
[2024-02-19T12:55:41.143+0000] {processor.py:743} INFO - Processing file /home/airflow/.local/lib/python3.7/site-packages/airflow/example_dags/example_skip_dag.py for tasks to queue
[2024-02-19T12:55:41.144+0000] {logging_mixin.py:137} INFO - [2024-02-19T12:55:41.144+0000] {dagbag.py:538} INFO - Filling up the DagBag from /home/airflow/.local/lib/python3.7/site-packages/airflow/example_dags/example_skip_dag.py
[2024-02-19T12:55:41.155+0000] {processor.py:753} INFO - DAG(s) dict_keys(['example_skip_dag']) retrieved from /home/airflow/.local/lib/python3.7/site-packages/airflow/example_dags/example_skip_dag.py
[2024-02-19T12:55:41.176+0000] {logging_mixin.py:137} INFO - [2024-02-19T12:55:41.176+0000] {dag.py:2690} INFO - Sync 1 DAGs
[2024-02-19T12:55:41.197+0000] {logging_mixin.py:137} INFO - [2024-02-19T12:55:41.197+0000] {dag.py:3441} INFO - Setting next_dagrun for example_skip_dag to 2024-02-18T12:55:41.197499+00:00, run_after=2024-02-19T12:55:41.197499+00:00
[2024-02-19T12:55:41.215+0000] {processor.py:175} INFO - Processing /home/airflow/.local/lib/python3.7/site-packages/airflow/example_dags/example_skip_dag.py took 0.075 seconds
[2024-02-19T12:56:11.968+0000] {processor.py:153} INFO - Started process (PID=7769) to work on /home/airflow/.local/lib/python3.7/site-packages/airflow/example_dags/example_skip_dag.py
[2024-02-19T12:56:11.968+0000] {processor.py:743} INFO - Processing file /home/airflow/.local/lib/python3.7/site-packages/airflow/example_dags/example_skip_dag.py for tasks to queue
[2024-02-19T12:56:11.969+0000] {logging_mixin.py:137} INFO - [2024-02-19T12:56:11.969+0000] {dagbag.py:538} INFO - Filling up the DagBag from /home/airflow/.local/lib/python3.7/site-packages/airflow/example_dags/example_skip_dag.py
[2024-02-19T12:56:11.980+0000] {processor.py:753} INFO - DAG(s) dict_keys(['example_skip_dag']) retrieved from /home/airflow/.local/lib/python3.7/site-packages/airflow/example_dags/example_skip_dag.py
[2024-02-19T12:56:12.002+0000] {logging_mixin.py:137} INFO - [2024-02-19T12:56:12.001+0000] {dag.py:2690} INFO - Sync 1 DAGs
[2024-02-19T12:56:12.024+0000] {logging_mixin.py:137} INFO - [2024-02-19T12:56:12.023+0000] {dag.py:3441} INFO - Setting next_dagrun for example_skip_dag to 2024-02-18T12:56:12.023734+00:00, run_after=2024-02-19T12:56:12.023734+00:00
[2024-02-19T12:56:12.041+0000] {processor.py:175} INFO - Processing /home/airflow/.local/lib/python3.7/site-packages/airflow/example_dags/example_skip_dag.py took 0.076 seconds
[2024-02-19T12:56:42.809+0000] {processor.py:153} INFO - Started process (PID=7872) to work on /home/airflow/.local/lib/python3.7/site-packages/airflow/example_dags/example_skip_dag.py
[2024-02-19T12:56:42.810+0000] {processor.py:743} INFO - Processing file /home/airflow/.local/lib/python3.7/site-packages/airflow/example_dags/example_skip_dag.py for tasks to queue
[2024-02-19T12:56:42.810+0000] {logging_mixin.py:137} INFO - [2024-02-19T12:56:42.810+0000] {dagbag.py:538} INFO - Filling up the DagBag from /home/airflow/.local/lib/python3.7/site-packages/airflow/example_dags/example_skip_dag.py
[2024-02-19T12:56:42.823+0000] {processor.py:753} INFO - DAG(s) dict_keys(['example_skip_dag']) retrieved from /home/airflow/.local/lib/python3.7/site-packages/airflow/example_dags/example_skip_dag.py
[2024-02-19T12:56:42.841+0000] {logging_mixin.py:137} INFO - [2024-02-19T12:56:42.841+0000] {dag.py:2690} INFO - Sync 1 DAGs
[2024-02-19T12:56:42.862+0000] {logging_mixin.py:137} INFO - [2024-02-19T12:56:42.862+0000] {dag.py:3441} INFO - Setting next_dagrun for example_skip_dag to 2024-02-18T12:56:42.861835+00:00, run_after=2024-02-19T12:56:42.861835+00:00
[2024-02-19T12:56:42.879+0000] {processor.py:175} INFO - Processing /home/airflow/.local/lib/python3.7/site-packages/airflow/example_dags/example_skip_dag.py took 0.073 seconds
[2024-02-19T12:57:13.724+0000] {processor.py:153} INFO - Started process (PID=8007) to work on /home/airflow/.local/lib/python3.7/site-packages/airflow/example_dags/example_skip_dag.py
[2024-02-19T12:57:13.724+0000] {processor.py:743} INFO - Processing file /home/airflow/.local/lib/python3.7/site-packages/airflow/example_dags/example_skip_dag.py for tasks to queue
[2024-02-19T12:57:13.725+0000] {logging_mixin.py:137} INFO - [2024-02-19T12:57:13.724+0000] {dagbag.py:538} INFO - Filling up the DagBag from /home/airflow/.local/lib/python3.7/site-packages/airflow/example_dags/example_skip_dag.py
[2024-02-19T12:57:13.735+0000] {processor.py:753} INFO - DAG(s) dict_keys(['example_skip_dag']) retrieved from /home/airflow/.local/lib/python3.7/site-packages/airflow/example_dags/example_skip_dag.py
[2024-02-19T12:57:13.755+0000] {logging_mixin.py:137} INFO - [2024-02-19T12:57:13.755+0000] {dag.py:2690} INFO - Sync 1 DAGs
[2024-02-19T12:57:13.777+0000] {logging_mixin.py:137} INFO - [2024-02-19T12:57:13.777+0000] {dag.py:3441} INFO - Setting next_dagrun for example_skip_dag to 2024-02-18T12:57:13.776938+00:00, run_after=2024-02-19T12:57:13.776938+00:00
[2024-02-19T12:57:13.792+0000] {processor.py:175} INFO - Processing /home/airflow/.local/lib/python3.7/site-packages/airflow/example_dags/example_skip_dag.py took 0.071 seconds
[2024-02-19T12:57:44.533+0000] {processor.py:153} INFO - Started process (PID=8119) to work on /home/airflow/.local/lib/python3.7/site-packages/airflow/example_dags/example_skip_dag.py
[2024-02-19T12:57:44.534+0000] {processor.py:743} INFO - Processing file /home/airflow/.local/lib/python3.7/site-packages/airflow/example_dags/example_skip_dag.py for tasks to queue
[2024-02-19T12:57:44.534+0000] {logging_mixin.py:137} INFO - [2024-02-19T12:57:44.534+0000] {dagbag.py:538} INFO - Filling up the DagBag from /home/airflow/.local/lib/python3.7/site-packages/airflow/example_dags/example_skip_dag.py
[2024-02-19T12:57:44.545+0000] {processor.py:753} INFO - DAG(s) dict_keys(['example_skip_dag']) retrieved from /home/airflow/.local/lib/python3.7/site-packages/airflow/example_dags/example_skip_dag.py
[2024-02-19T12:57:44.564+0000] {logging_mixin.py:137} INFO - [2024-02-19T12:57:44.564+0000] {dag.py:2690} INFO - Sync 1 DAGs
[2024-02-19T12:57:44.586+0000] {logging_mixin.py:137} INFO - [2024-02-19T12:57:44.586+0000] {dag.py:3441} INFO - Setting next_dagrun for example_skip_dag to 2024-02-18T12:57:44.586016+00:00, run_after=2024-02-19T12:57:44.586016+00:00
[2024-02-19T12:57:44.602+0000] {processor.py:175} INFO - Processing /home/airflow/.local/lib/python3.7/site-packages/airflow/example_dags/example_skip_dag.py took 0.071 seconds
[2024-02-19T12:58:14.689+0000] {processor.py:153} INFO - Started process (PID=8244) to work on /home/airflow/.local/lib/python3.7/site-packages/airflow/example_dags/example_skip_dag.py
[2024-02-19T12:58:14.689+0000] {processor.py:743} INFO - Processing file /home/airflow/.local/lib/python3.7/site-packages/airflow/example_dags/example_skip_dag.py for tasks to queue
[2024-02-19T12:58:14.690+0000] {logging_mixin.py:137} INFO - [2024-02-19T12:58:14.690+0000] {dagbag.py:538} INFO - Filling up the DagBag from /home/airflow/.local/lib/python3.7/site-packages/airflow/example_dags/example_skip_dag.py
[2024-02-19T12:58:14.699+0000] {processor.py:753} INFO - DAG(s) dict_keys(['example_skip_dag']) retrieved from /home/airflow/.local/lib/python3.7/site-packages/airflow/example_dags/example_skip_dag.py
[2024-02-19T12:58:14.716+0000] {logging_mixin.py:137} INFO - [2024-02-19T12:58:14.716+0000] {dag.py:2690} INFO - Sync 1 DAGs
[2024-02-19T12:58:14.734+0000] {logging_mixin.py:137} INFO - [2024-02-19T12:58:14.734+0000] {dag.py:3441} INFO - Setting next_dagrun for example_skip_dag to 2024-02-18T12:58:14.734629+00:00, run_after=2024-02-19T12:58:14.734629+00:00
[2024-02-19T12:58:14.750+0000] {processor.py:175} INFO - Processing /home/airflow/.local/lib/python3.7/site-packages/airflow/example_dags/example_skip_dag.py took 0.063 seconds
