[2024-02-19T12:24:38.127+0000] {processor.py:153} INFO - Started process (PID=76) to work on /home/airflow/.local/lib/python3.7/site-packages/airflow/example_dags/example_branch_day_of_week_operator.py
[2024-02-19T12:24:38.127+0000] {processor.py:743} INFO - Processing file /home/airflow/.local/lib/python3.7/site-packages/airflow/example_dags/example_branch_day_of_week_operator.py for tasks to queue
[2024-02-19T12:24:38.127+0000] {logging_mixin.py:137} INFO - [2024-02-19T12:24:38.127+0000] {dagbag.py:538} INFO - Filling up the DagBag from /home/airflow/.local/lib/python3.7/site-packages/airflow/example_dags/example_branch_day_of_week_operator.py
[2024-02-19T12:24:38.138+0000] {processor.py:753} INFO - DAG(s) dict_keys(['example_weekday_branch_operator']) retrieved from /home/airflow/.local/lib/python3.7/site-packages/airflow/example_dags/example_branch_day_of_week_operator.py
[2024-02-19T12:24:38.146+0000] {logging_mixin.py:137} INFO - [2024-02-19T12:24:38.146+0000] {dag.py:2690} INFO - Sync 1 DAGs
[2024-02-19T12:24:38.163+0000] {logging_mixin.py:137} INFO - [2024-02-19T12:24:38.163+0000] {dag.py:3441} INFO - Setting next_dagrun for example_weekday_branch_operator to 2024-02-18T00:00:00+00:00, run_after=2024-02-19T00:00:00+00:00
[2024-02-19T12:24:38.175+0000] {processor.py:175} INFO - Processing /home/airflow/.local/lib/python3.7/site-packages/airflow/example_dags/example_branch_day_of_week_operator.py took 0.051 seconds
[2024-02-19T12:25:08.597+0000] {processor.py:153} INFO - Started process (PID=211) to work on /home/airflow/.local/lib/python3.7/site-packages/airflow/example_dags/example_branch_day_of_week_operator.py
[2024-02-19T12:25:08.597+0000] {processor.py:743} INFO - Processing file /home/airflow/.local/lib/python3.7/site-packages/airflow/example_dags/example_branch_day_of_week_operator.py for tasks to queue
[2024-02-19T12:25:08.598+0000] {logging_mixin.py:137} INFO - [2024-02-19T12:25:08.598+0000] {dagbag.py:538} INFO - Filling up the DagBag from /home/airflow/.local/lib/python3.7/site-packages/airflow/example_dags/example_branch_day_of_week_operator.py
[2024-02-19T12:25:08.606+0000] {processor.py:753} INFO - DAG(s) dict_keys(['example_weekday_branch_operator']) retrieved from /home/airflow/.local/lib/python3.7/site-packages/airflow/example_dags/example_branch_day_of_week_operator.py
[2024-02-19T12:25:08.619+0000] {logging_mixin.py:137} INFO - [2024-02-19T12:25:08.619+0000] {dag.py:2690} INFO - Sync 1 DAGs
[2024-02-19T12:25:08.634+0000] {logging_mixin.py:137} INFO - [2024-02-19T12:25:08.634+0000] {dag.py:3441} INFO - Setting next_dagrun for example_weekday_branch_operator to 2024-02-18T00:00:00+00:00, run_after=2024-02-19T00:00:00+00:00
[2024-02-19T12:25:08.644+0000] {processor.py:175} INFO - Processing /home/airflow/.local/lib/python3.7/site-packages/airflow/example_dags/example_branch_day_of_week_operator.py took 0.049 seconds
[2024-02-19T12:25:38.983+0000] {processor.py:153} INFO - Started process (PID=314) to work on /home/airflow/.local/lib/python3.7/site-packages/airflow/example_dags/example_branch_day_of_week_operator.py
[2024-02-19T12:25:38.983+0000] {processor.py:743} INFO - Processing file /home/airflow/.local/lib/python3.7/site-packages/airflow/example_dags/example_branch_day_of_week_operator.py for tasks to queue
[2024-02-19T12:25:38.983+0000] {logging_mixin.py:137} INFO - [2024-02-19T12:25:38.983+0000] {dagbag.py:538} INFO - Filling up the DagBag from /home/airflow/.local/lib/python3.7/site-packages/airflow/example_dags/example_branch_day_of_week_operator.py
[2024-02-19T12:25:38.991+0000] {processor.py:753} INFO - DAG(s) dict_keys(['example_weekday_branch_operator']) retrieved from /home/airflow/.local/lib/python3.7/site-packages/airflow/example_dags/example_branch_day_of_week_operator.py
[2024-02-19T12:25:39.004+0000] {logging_mixin.py:137} INFO - [2024-02-19T12:25:39.004+0000] {dag.py:2690} INFO - Sync 1 DAGs
[2024-02-19T12:25:39.018+0000] {logging_mixin.py:137} INFO - [2024-02-19T12:25:39.018+0000] {dag.py:3441} INFO - Setting next_dagrun for example_weekday_branch_operator to 2024-02-18T00:00:00+00:00, run_after=2024-02-19T00:00:00+00:00
[2024-02-19T12:25:39.029+0000] {processor.py:175} INFO - Processing /home/airflow/.local/lib/python3.7/site-packages/airflow/example_dags/example_branch_day_of_week_operator.py took 0.047 seconds
[2024-02-19T12:26:09.473+0000] {processor.py:153} INFO - Started process (PID=449) to work on /home/airflow/.local/lib/python3.7/site-packages/airflow/example_dags/example_branch_day_of_week_operator.py
[2024-02-19T12:26:09.474+0000] {processor.py:743} INFO - Processing file /home/airflow/.local/lib/python3.7/site-packages/airflow/example_dags/example_branch_day_of_week_operator.py for tasks to queue
[2024-02-19T12:26:09.474+0000] {logging_mixin.py:137} INFO - [2024-02-19T12:26:09.474+0000] {dagbag.py:538} INFO - Filling up the DagBag from /home/airflow/.local/lib/python3.7/site-packages/airflow/example_dags/example_branch_day_of_week_operator.py
[2024-02-19T12:26:09.482+0000] {processor.py:753} INFO - DAG(s) dict_keys(['example_weekday_branch_operator']) retrieved from /home/airflow/.local/lib/python3.7/site-packages/airflow/example_dags/example_branch_day_of_week_operator.py
[2024-02-19T12:26:09.496+0000] {logging_mixin.py:137} INFO - [2024-02-19T12:26:09.496+0000] {dag.py:2690} INFO - Sync 1 DAGs
[2024-02-19T12:26:09.511+0000] {logging_mixin.py:137} INFO - [2024-02-19T12:26:09.511+0000] {dag.py:3441} INFO - Setting next_dagrun for example_weekday_branch_operator to 2024-02-18T00:00:00+00:00, run_after=2024-02-19T00:00:00+00:00
[2024-02-19T12:26:09.521+0000] {processor.py:175} INFO - Processing /home/airflow/.local/lib/python3.7/site-packages/airflow/example_dags/example_branch_day_of_week_operator.py took 0.050 seconds
[2024-02-19T12:26:39.869+0000] {processor.py:153} INFO - Started process (PID=584) to work on /home/airflow/.local/lib/python3.7/site-packages/airflow/example_dags/example_branch_day_of_week_operator.py
[2024-02-19T12:26:39.870+0000] {processor.py:743} INFO - Processing file /home/airflow/.local/lib/python3.7/site-packages/airflow/example_dags/example_branch_day_of_week_operator.py for tasks to queue
[2024-02-19T12:26:39.870+0000] {logging_mixin.py:137} INFO - [2024-02-19T12:26:39.870+0000] {dagbag.py:538} INFO - Filling up the DagBag from /home/airflow/.local/lib/python3.7/site-packages/airflow/example_dags/example_branch_day_of_week_operator.py
[2024-02-19T12:26:39.878+0000] {processor.py:753} INFO - DAG(s) dict_keys(['example_weekday_branch_operator']) retrieved from /home/airflow/.local/lib/python3.7/site-packages/airflow/example_dags/example_branch_day_of_week_operator.py
[2024-02-19T12:26:39.892+0000] {logging_mixin.py:137} INFO - [2024-02-19T12:26:39.892+0000] {dag.py:2690} INFO - Sync 1 DAGs
[2024-02-19T12:26:39.906+0000] {logging_mixin.py:137} INFO - [2024-02-19T12:26:39.906+0000] {dag.py:3441} INFO - Setting next_dagrun for example_weekday_branch_operator to 2024-02-18T00:00:00+00:00, run_after=2024-02-19T00:00:00+00:00
[2024-02-19T12:26:39.917+0000] {processor.py:175} INFO - Processing /home/airflow/.local/lib/python3.7/site-packages/airflow/example_dags/example_branch_day_of_week_operator.py took 0.050 seconds
[2024-02-19T12:27:10.214+0000] {processor.py:153} INFO - Started process (PID=687) to work on /home/airflow/.local/lib/python3.7/site-packages/airflow/example_dags/example_branch_day_of_week_operator.py
[2024-02-19T12:27:10.214+0000] {processor.py:743} INFO - Processing file /home/airflow/.local/lib/python3.7/site-packages/airflow/example_dags/example_branch_day_of_week_operator.py for tasks to queue
[2024-02-19T12:27:10.214+0000] {logging_mixin.py:137} INFO - [2024-02-19T12:27:10.214+0000] {dagbag.py:538} INFO - Filling up the DagBag from /home/airflow/.local/lib/python3.7/site-packages/airflow/example_dags/example_branch_day_of_week_operator.py
[2024-02-19T12:27:10.222+0000] {processor.py:753} INFO - DAG(s) dict_keys(['example_weekday_branch_operator']) retrieved from /home/airflow/.local/lib/python3.7/site-packages/airflow/example_dags/example_branch_day_of_week_operator.py
[2024-02-19T12:27:10.236+0000] {logging_mixin.py:137} INFO - [2024-02-19T12:27:10.236+0000] {dag.py:2690} INFO - Sync 1 DAGs
[2024-02-19T12:27:10.252+0000] {logging_mixin.py:137} INFO - [2024-02-19T12:27:10.252+0000] {dag.py:3441} INFO - Setting next_dagrun for example_weekday_branch_operator to 2024-02-18T00:00:00+00:00, run_after=2024-02-19T00:00:00+00:00
[2024-02-19T12:27:10.263+0000] {processor.py:175} INFO - Processing /home/airflow/.local/lib/python3.7/site-packages/airflow/example_dags/example_branch_day_of_week_operator.py took 0.051 seconds
[2024-02-19T12:27:40.650+0000] {processor.py:153} INFO - Started process (PID=822) to work on /home/airflow/.local/lib/python3.7/site-packages/airflow/example_dags/example_branch_day_of_week_operator.py
[2024-02-19T12:27:40.651+0000] {processor.py:743} INFO - Processing file /home/airflow/.local/lib/python3.7/site-packages/airflow/example_dags/example_branch_day_of_week_operator.py for tasks to queue
[2024-02-19T12:27:40.651+0000] {logging_mixin.py:137} INFO - [2024-02-19T12:27:40.651+0000] {dagbag.py:538} INFO - Filling up the DagBag from /home/airflow/.local/lib/python3.7/site-packages/airflow/example_dags/example_branch_day_of_week_operator.py
[2024-02-19T12:27:40.660+0000] {processor.py:753} INFO - DAG(s) dict_keys(['example_weekday_branch_operator']) retrieved from /home/airflow/.local/lib/python3.7/site-packages/airflow/example_dags/example_branch_day_of_week_operator.py
[2024-02-19T12:27:40.673+0000] {logging_mixin.py:137} INFO - [2024-02-19T12:27:40.673+0000] {dag.py:2690} INFO - Sync 1 DAGs
[2024-02-19T12:27:40.688+0000] {logging_mixin.py:137} INFO - [2024-02-19T12:27:40.688+0000] {dag.py:3441} INFO - Setting next_dagrun for example_weekday_branch_operator to 2024-02-18T00:00:00+00:00, run_after=2024-02-19T00:00:00+00:00
[2024-02-19T12:27:40.698+0000] {processor.py:175} INFO - Processing /home/airflow/.local/lib/python3.7/site-packages/airflow/example_dags/example_branch_day_of_week_operator.py took 0.050 seconds
[2024-02-19T12:28:11.037+0000] {processor.py:153} INFO - Started process (PID=958) to work on /home/airflow/.local/lib/python3.7/site-packages/airflow/example_dags/example_branch_day_of_week_operator.py
[2024-02-19T12:28:11.037+0000] {processor.py:743} INFO - Processing file /home/airflow/.local/lib/python3.7/site-packages/airflow/example_dags/example_branch_day_of_week_operator.py for tasks to queue
[2024-02-19T12:28:11.037+0000] {logging_mixin.py:137} INFO - [2024-02-19T12:28:11.037+0000] {dagbag.py:538} INFO - Filling up the DagBag from /home/airflow/.local/lib/python3.7/site-packages/airflow/example_dags/example_branch_day_of_week_operator.py
[2024-02-19T12:28:11.046+0000] {processor.py:753} INFO - DAG(s) dict_keys(['example_weekday_branch_operator']) retrieved from /home/airflow/.local/lib/python3.7/site-packages/airflow/example_dags/example_branch_day_of_week_operator.py
[2024-02-19T12:28:11.060+0000] {logging_mixin.py:137} INFO - [2024-02-19T12:28:11.060+0000] {dag.py:2690} INFO - Sync 1 DAGs
[2024-02-19T12:28:11.075+0000] {logging_mixin.py:137} INFO - [2024-02-19T12:28:11.075+0000] {dag.py:3441} INFO - Setting next_dagrun for example_weekday_branch_operator to 2024-02-18T00:00:00+00:00, run_after=2024-02-19T00:00:00+00:00
[2024-02-19T12:28:11.085+0000] {processor.py:175} INFO - Processing /home/airflow/.local/lib/python3.7/site-packages/airflow/example_dags/example_branch_day_of_week_operator.py took 0.050 seconds
[2024-02-19T12:28:41.507+0000] {processor.py:153} INFO - Started process (PID=1061) to work on /home/airflow/.local/lib/python3.7/site-packages/airflow/example_dags/example_branch_day_of_week_operator.py
[2024-02-19T12:28:41.508+0000] {processor.py:743} INFO - Processing file /home/airflow/.local/lib/python3.7/site-packages/airflow/example_dags/example_branch_day_of_week_operator.py for tasks to queue
[2024-02-19T12:28:41.508+0000] {logging_mixin.py:137} INFO - [2024-02-19T12:28:41.508+0000] {dagbag.py:538} INFO - Filling up the DagBag from /home/airflow/.local/lib/python3.7/site-packages/airflow/example_dags/example_branch_day_of_week_operator.py
[2024-02-19T12:28:41.517+0000] {processor.py:753} INFO - DAG(s) dict_keys(['example_weekday_branch_operator']) retrieved from /home/airflow/.local/lib/python3.7/site-packages/airflow/example_dags/example_branch_day_of_week_operator.py
[2024-02-19T12:28:41.534+0000] {logging_mixin.py:137} INFO - [2024-02-19T12:28:41.533+0000] {dag.py:2690} INFO - Sync 1 DAGs
[2024-02-19T12:28:41.550+0000] {logging_mixin.py:137} INFO - [2024-02-19T12:28:41.550+0000] {dag.py:3441} INFO - Setting next_dagrun for example_weekday_branch_operator to 2024-02-18T00:00:00+00:00, run_after=2024-02-19T00:00:00+00:00
[2024-02-19T12:28:41.564+0000] {processor.py:175} INFO - Processing /home/airflow/.local/lib/python3.7/site-packages/airflow/example_dags/example_branch_day_of_week_operator.py took 0.059 seconds
[2024-02-19T12:29:12.100+0000] {processor.py:153} INFO - Started process (PID=1196) to work on /home/airflow/.local/lib/python3.7/site-packages/airflow/example_dags/example_branch_day_of_week_operator.py
[2024-02-19T12:29:12.101+0000] {processor.py:743} INFO - Processing file /home/airflow/.local/lib/python3.7/site-packages/airflow/example_dags/example_branch_day_of_week_operator.py for tasks to queue
[2024-02-19T12:29:12.102+0000] {logging_mixin.py:137} INFO - [2024-02-19T12:29:12.102+0000] {dagbag.py:538} INFO - Filling up the DagBag from /home/airflow/.local/lib/python3.7/site-packages/airflow/example_dags/example_branch_day_of_week_operator.py
[2024-02-19T12:29:12.118+0000] {processor.py:753} INFO - DAG(s) dict_keys(['example_weekday_branch_operator']) retrieved from /home/airflow/.local/lib/python3.7/site-packages/airflow/example_dags/example_branch_day_of_week_operator.py
[2024-02-19T12:29:12.141+0000] {logging_mixin.py:137} INFO - [2024-02-19T12:29:12.140+0000] {dag.py:2690} INFO - Sync 1 DAGs
[2024-02-19T12:29:12.159+0000] {logging_mixin.py:137} INFO - [2024-02-19T12:29:12.159+0000] {dag.py:3441} INFO - Setting next_dagrun for example_weekday_branch_operator to 2024-02-18T00:00:00+00:00, run_after=2024-02-19T00:00:00+00:00
[2024-02-19T12:29:12.172+0000] {processor.py:175} INFO - Processing /home/airflow/.local/lib/python3.7/site-packages/airflow/example_dags/example_branch_day_of_week_operator.py took 0.075 seconds
[2024-02-19T12:29:42.648+0000] {processor.py:153} INFO - Started process (PID=1331) to work on /home/airflow/.local/lib/python3.7/site-packages/airflow/example_dags/example_branch_day_of_week_operator.py
[2024-02-19T12:29:42.649+0000] {processor.py:743} INFO - Processing file /home/airflow/.local/lib/python3.7/site-packages/airflow/example_dags/example_branch_day_of_week_operator.py for tasks to queue
[2024-02-19T12:29:42.650+0000] {logging_mixin.py:137} INFO - [2024-02-19T12:29:42.649+0000] {dagbag.py:538} INFO - Filling up the DagBag from /home/airflow/.local/lib/python3.7/site-packages/airflow/example_dags/example_branch_day_of_week_operator.py
[2024-02-19T12:29:42.658+0000] {processor.py:753} INFO - DAG(s) dict_keys(['example_weekday_branch_operator']) retrieved from /home/airflow/.local/lib/python3.7/site-packages/airflow/example_dags/example_branch_day_of_week_operator.py
[2024-02-19T12:29:42.672+0000] {logging_mixin.py:137} INFO - [2024-02-19T12:29:42.672+0000] {dag.py:2690} INFO - Sync 1 DAGs
[2024-02-19T12:29:42.687+0000] {logging_mixin.py:137} INFO - [2024-02-19T12:29:42.687+0000] {dag.py:3441} INFO - Setting next_dagrun for example_weekday_branch_operator to 2024-02-18T00:00:00+00:00, run_after=2024-02-19T00:00:00+00:00
[2024-02-19T12:29:42.698+0000] {processor.py:175} INFO - Processing /home/airflow/.local/lib/python3.7/site-packages/airflow/example_dags/example_branch_day_of_week_operator.py took 0.051 seconds
[2024-02-19T12:30:13.182+0000] {processor.py:153} INFO - Started process (PID=1434) to work on /home/airflow/.local/lib/python3.7/site-packages/airflow/example_dags/example_branch_day_of_week_operator.py
[2024-02-19T12:30:13.182+0000] {processor.py:743} INFO - Processing file /home/airflow/.local/lib/python3.7/site-packages/airflow/example_dags/example_branch_day_of_week_operator.py for tasks to queue
[2024-02-19T12:30:13.183+0000] {logging_mixin.py:137} INFO - [2024-02-19T12:30:13.183+0000] {dagbag.py:538} INFO - Filling up the DagBag from /home/airflow/.local/lib/python3.7/site-packages/airflow/example_dags/example_branch_day_of_week_operator.py
[2024-02-19T12:30:13.191+0000] {processor.py:753} INFO - DAG(s) dict_keys(['example_weekday_branch_operator']) retrieved from /home/airflow/.local/lib/python3.7/site-packages/airflow/example_dags/example_branch_day_of_week_operator.py
[2024-02-19T12:30:13.204+0000] {logging_mixin.py:137} INFO - [2024-02-19T12:30:13.204+0000] {dag.py:2690} INFO - Sync 1 DAGs
[2024-02-19T12:30:13.218+0000] {logging_mixin.py:137} INFO - [2024-02-19T12:30:13.218+0000] {dag.py:3441} INFO - Setting next_dagrun for example_weekday_branch_operator to 2024-02-18T00:00:00+00:00, run_after=2024-02-19T00:00:00+00:00
[2024-02-19T12:30:13.228+0000] {processor.py:175} INFO - Processing /home/airflow/.local/lib/python3.7/site-packages/airflow/example_dags/example_branch_day_of_week_operator.py took 0.048 seconds
[2024-02-19T12:30:43.632+0000] {processor.py:153} INFO - Started process (PID=1569) to work on /home/airflow/.local/lib/python3.7/site-packages/airflow/example_dags/example_branch_day_of_week_operator.py
[2024-02-19T12:30:43.633+0000] {processor.py:743} INFO - Processing file /home/airflow/.local/lib/python3.7/site-packages/airflow/example_dags/example_branch_day_of_week_operator.py for tasks to queue
[2024-02-19T12:30:43.633+0000] {logging_mixin.py:137} INFO - [2024-02-19T12:30:43.633+0000] {dagbag.py:538} INFO - Filling up the DagBag from /home/airflow/.local/lib/python3.7/site-packages/airflow/example_dags/example_branch_day_of_week_operator.py
[2024-02-19T12:30:43.642+0000] {processor.py:753} INFO - DAG(s) dict_keys(['example_weekday_branch_operator']) retrieved from /home/airflow/.local/lib/python3.7/site-packages/airflow/example_dags/example_branch_day_of_week_operator.py
[2024-02-19T12:30:43.655+0000] {logging_mixin.py:137} INFO - [2024-02-19T12:30:43.655+0000] {dag.py:2690} INFO - Sync 1 DAGs
[2024-02-19T12:30:43.671+0000] {logging_mixin.py:137} INFO - [2024-02-19T12:30:43.671+0000] {dag.py:3441} INFO - Setting next_dagrun for example_weekday_branch_operator to 2024-02-18T00:00:00+00:00, run_after=2024-02-19T00:00:00+00:00
[2024-02-19T12:30:43.682+0000] {processor.py:175} INFO - Processing /home/airflow/.local/lib/python3.7/site-packages/airflow/example_dags/example_branch_day_of_week_operator.py took 0.051 seconds
[2024-02-19T12:31:14.126+0000] {processor.py:153} INFO - Started process (PID=1704) to work on /home/airflow/.local/lib/python3.7/site-packages/airflow/example_dags/example_branch_day_of_week_operator.py
[2024-02-19T12:31:14.127+0000] {processor.py:743} INFO - Processing file /home/airflow/.local/lib/python3.7/site-packages/airflow/example_dags/example_branch_day_of_week_operator.py for tasks to queue
[2024-02-19T12:31:14.127+0000] {logging_mixin.py:137} INFO - [2024-02-19T12:31:14.127+0000] {dagbag.py:538} INFO - Filling up the DagBag from /home/airflow/.local/lib/python3.7/site-packages/airflow/example_dags/example_branch_day_of_week_operator.py
[2024-02-19T12:31:14.137+0000] {processor.py:753} INFO - DAG(s) dict_keys(['example_weekday_branch_operator']) retrieved from /home/airflow/.local/lib/python3.7/site-packages/airflow/example_dags/example_branch_day_of_week_operator.py
[2024-02-19T12:31:14.151+0000] {logging_mixin.py:137} INFO - [2024-02-19T12:31:14.151+0000] {dag.py:2690} INFO - Sync 1 DAGs
[2024-02-19T12:31:14.166+0000] {logging_mixin.py:137} INFO - [2024-02-19T12:31:14.166+0000] {dag.py:3441} INFO - Setting next_dagrun for example_weekday_branch_operator to 2024-02-18T00:00:00+00:00, run_after=2024-02-19T00:00:00+00:00
[2024-02-19T12:31:14.176+0000] {processor.py:175} INFO - Processing /home/airflow/.local/lib/python3.7/site-packages/airflow/example_dags/example_branch_day_of_week_operator.py took 0.052 seconds
[2024-02-19T12:31:44.513+0000] {processor.py:153} INFO - Started process (PID=1807) to work on /home/airflow/.local/lib/python3.7/site-packages/airflow/example_dags/example_branch_day_of_week_operator.py
[2024-02-19T12:31:44.513+0000] {processor.py:743} INFO - Processing file /home/airflow/.local/lib/python3.7/site-packages/airflow/example_dags/example_branch_day_of_week_operator.py for tasks to queue
[2024-02-19T12:31:44.514+0000] {logging_mixin.py:137} INFO - [2024-02-19T12:31:44.514+0000] {dagbag.py:538} INFO - Filling up the DagBag from /home/airflow/.local/lib/python3.7/site-packages/airflow/example_dags/example_branch_day_of_week_operator.py
[2024-02-19T12:31:44.522+0000] {processor.py:753} INFO - DAG(s) dict_keys(['example_weekday_branch_operator']) retrieved from /home/airflow/.local/lib/python3.7/site-packages/airflow/example_dags/example_branch_day_of_week_operator.py
[2024-02-19T12:31:44.537+0000] {logging_mixin.py:137} INFO - [2024-02-19T12:31:44.537+0000] {dag.py:2690} INFO - Sync 1 DAGs
[2024-02-19T12:31:44.552+0000] {logging_mixin.py:137} INFO - [2024-02-19T12:31:44.551+0000] {dag.py:3441} INFO - Setting next_dagrun for example_weekday_branch_operator to 2024-02-18T00:00:00+00:00, run_after=2024-02-19T00:00:00+00:00
[2024-02-19T12:31:44.563+0000] {processor.py:175} INFO - Processing /home/airflow/.local/lib/python3.7/site-packages/airflow/example_dags/example_branch_day_of_week_operator.py took 0.052 seconds
[2024-02-19T12:32:15.032+0000] {processor.py:153} INFO - Started process (PID=1942) to work on /home/airflow/.local/lib/python3.7/site-packages/airflow/example_dags/example_branch_day_of_week_operator.py
[2024-02-19T12:32:15.032+0000] {processor.py:743} INFO - Processing file /home/airflow/.local/lib/python3.7/site-packages/airflow/example_dags/example_branch_day_of_week_operator.py for tasks to queue
[2024-02-19T12:32:15.033+0000] {logging_mixin.py:137} INFO - [2024-02-19T12:32:15.033+0000] {dagbag.py:538} INFO - Filling up the DagBag from /home/airflow/.local/lib/python3.7/site-packages/airflow/example_dags/example_branch_day_of_week_operator.py
[2024-02-19T12:32:15.042+0000] {processor.py:753} INFO - DAG(s) dict_keys(['example_weekday_branch_operator']) retrieved from /home/airflow/.local/lib/python3.7/site-packages/airflow/example_dags/example_branch_day_of_week_operator.py
[2024-02-19T12:32:15.056+0000] {logging_mixin.py:137} INFO - [2024-02-19T12:32:15.056+0000] {dag.py:2690} INFO - Sync 1 DAGs
[2024-02-19T12:32:15.071+0000] {logging_mixin.py:137} INFO - [2024-02-19T12:32:15.071+0000] {dag.py:3441} INFO - Setting next_dagrun for example_weekday_branch_operator to 2024-02-18T00:00:00+00:00, run_after=2024-02-19T00:00:00+00:00
[2024-02-19T12:32:15.082+0000] {processor.py:175} INFO - Processing /home/airflow/.local/lib/python3.7/site-packages/airflow/example_dags/example_branch_day_of_week_operator.py took 0.052 seconds
[2024-02-19T12:32:45.572+0000] {processor.py:153} INFO - Started process (PID=2077) to work on /home/airflow/.local/lib/python3.7/site-packages/airflow/example_dags/example_branch_day_of_week_operator.py
[2024-02-19T12:32:45.572+0000] {processor.py:743} INFO - Processing file /home/airflow/.local/lib/python3.7/site-packages/airflow/example_dags/example_branch_day_of_week_operator.py for tasks to queue
[2024-02-19T12:32:45.573+0000] {logging_mixin.py:137} INFO - [2024-02-19T12:32:45.573+0000] {dagbag.py:538} INFO - Filling up the DagBag from /home/airflow/.local/lib/python3.7/site-packages/airflow/example_dags/example_branch_day_of_week_operator.py
[2024-02-19T12:32:45.581+0000] {processor.py:753} INFO - DAG(s) dict_keys(['example_weekday_branch_operator']) retrieved from /home/airflow/.local/lib/python3.7/site-packages/airflow/example_dags/example_branch_day_of_week_operator.py
[2024-02-19T12:32:45.594+0000] {logging_mixin.py:137} INFO - [2024-02-19T12:32:45.594+0000] {dag.py:2690} INFO - Sync 1 DAGs
[2024-02-19T12:32:45.611+0000] {logging_mixin.py:137} INFO - [2024-02-19T12:32:45.611+0000] {dag.py:3441} INFO - Setting next_dagrun for example_weekday_branch_operator to 2024-02-18T00:00:00+00:00, run_after=2024-02-19T00:00:00+00:00
[2024-02-19T12:32:45.622+0000] {processor.py:175} INFO - Processing /home/airflow/.local/lib/python3.7/site-packages/airflow/example_dags/example_branch_day_of_week_operator.py took 0.053 seconds
[2024-02-19T12:33:16.037+0000] {processor.py:153} INFO - Started process (PID=2180) to work on /home/airflow/.local/lib/python3.7/site-packages/airflow/example_dags/example_branch_day_of_week_operator.py
[2024-02-19T12:33:16.038+0000] {processor.py:743} INFO - Processing file /home/airflow/.local/lib/python3.7/site-packages/airflow/example_dags/example_branch_day_of_week_operator.py for tasks to queue
[2024-02-19T12:33:16.038+0000] {logging_mixin.py:137} INFO - [2024-02-19T12:33:16.038+0000] {dagbag.py:538} INFO - Filling up the DagBag from /home/airflow/.local/lib/python3.7/site-packages/airflow/example_dags/example_branch_day_of_week_operator.py
[2024-02-19T12:33:16.047+0000] {processor.py:753} INFO - DAG(s) dict_keys(['example_weekday_branch_operator']) retrieved from /home/airflow/.local/lib/python3.7/site-packages/airflow/example_dags/example_branch_day_of_week_operator.py
[2024-02-19T12:33:16.062+0000] {logging_mixin.py:137} INFO - [2024-02-19T12:33:16.062+0000] {dag.py:2690} INFO - Sync 1 DAGs
[2024-02-19T12:33:16.077+0000] {logging_mixin.py:137} INFO - [2024-02-19T12:33:16.077+0000] {dag.py:3441} INFO - Setting next_dagrun for example_weekday_branch_operator to 2024-02-18T00:00:00+00:00, run_after=2024-02-19T00:00:00+00:00
[2024-02-19T12:33:16.088+0000] {processor.py:175} INFO - Processing /home/airflow/.local/lib/python3.7/site-packages/airflow/example_dags/example_branch_day_of_week_operator.py took 0.053 seconds
[2024-02-19T12:33:46.544+0000] {processor.py:153} INFO - Started process (PID=2315) to work on /home/airflow/.local/lib/python3.7/site-packages/airflow/example_dags/example_branch_day_of_week_operator.py
[2024-02-19T12:33:46.545+0000] {processor.py:743} INFO - Processing file /home/airflow/.local/lib/python3.7/site-packages/airflow/example_dags/example_branch_day_of_week_operator.py for tasks to queue
[2024-02-19T12:33:46.545+0000] {logging_mixin.py:137} INFO - [2024-02-19T12:33:46.545+0000] {dagbag.py:538} INFO - Filling up the DagBag from /home/airflow/.local/lib/python3.7/site-packages/airflow/example_dags/example_branch_day_of_week_operator.py
[2024-02-19T12:33:46.554+0000] {processor.py:753} INFO - DAG(s) dict_keys(['example_weekday_branch_operator']) retrieved from /home/airflow/.local/lib/python3.7/site-packages/airflow/example_dags/example_branch_day_of_week_operator.py
[2024-02-19T12:33:46.568+0000] {logging_mixin.py:137} INFO - [2024-02-19T12:33:46.568+0000] {dag.py:2690} INFO - Sync 1 DAGs
[2024-02-19T12:33:46.584+0000] {logging_mixin.py:137} INFO - [2024-02-19T12:33:46.584+0000] {dag.py:3441} INFO - Setting next_dagrun for example_weekday_branch_operator to 2024-02-18T00:00:00+00:00, run_after=2024-02-19T00:00:00+00:00
[2024-02-19T12:33:46.595+0000] {processor.py:175} INFO - Processing /home/airflow/.local/lib/python3.7/site-packages/airflow/example_dags/example_branch_day_of_week_operator.py took 0.052 seconds
[2024-02-19T12:34:16.927+0000] {processor.py:153} INFO - Started process (PID=2450) to work on /home/airflow/.local/lib/python3.7/site-packages/airflow/example_dags/example_branch_day_of_week_operator.py
[2024-02-19T12:34:16.928+0000] {processor.py:743} INFO - Processing file /home/airflow/.local/lib/python3.7/site-packages/airflow/example_dags/example_branch_day_of_week_operator.py for tasks to queue
[2024-02-19T12:34:16.928+0000] {logging_mixin.py:137} INFO - [2024-02-19T12:34:16.928+0000] {dagbag.py:538} INFO - Filling up the DagBag from /home/airflow/.local/lib/python3.7/site-packages/airflow/example_dags/example_branch_day_of_week_operator.py
[2024-02-19T12:34:16.936+0000] {processor.py:753} INFO - DAG(s) dict_keys(['example_weekday_branch_operator']) retrieved from /home/airflow/.local/lib/python3.7/site-packages/airflow/example_dags/example_branch_day_of_week_operator.py
[2024-02-19T12:34:16.950+0000] {logging_mixin.py:137} INFO - [2024-02-19T12:34:16.950+0000] {dag.py:2690} INFO - Sync 1 DAGs
[2024-02-19T12:34:16.965+0000] {logging_mixin.py:137} INFO - [2024-02-19T12:34:16.965+0000] {dag.py:3441} INFO - Setting next_dagrun for example_weekday_branch_operator to 2024-02-18T00:00:00+00:00, run_after=2024-02-19T00:00:00+00:00
[2024-02-19T12:34:16.976+0000] {processor.py:175} INFO - Processing /home/airflow/.local/lib/python3.7/site-packages/airflow/example_dags/example_branch_day_of_week_operator.py took 0.051 seconds
[2024-02-19T12:34:47.526+0000] {processor.py:153} INFO - Started process (PID=2553) to work on /home/airflow/.local/lib/python3.7/site-packages/airflow/example_dags/example_branch_day_of_week_operator.py
[2024-02-19T12:34:47.526+0000] {processor.py:743} INFO - Processing file /home/airflow/.local/lib/python3.7/site-packages/airflow/example_dags/example_branch_day_of_week_operator.py for tasks to queue
[2024-02-19T12:34:47.527+0000] {logging_mixin.py:137} INFO - [2024-02-19T12:34:47.526+0000] {dagbag.py:538} INFO - Filling up the DagBag from /home/airflow/.local/lib/python3.7/site-packages/airflow/example_dags/example_branch_day_of_week_operator.py
[2024-02-19T12:34:47.535+0000] {processor.py:753} INFO - DAG(s) dict_keys(['example_weekday_branch_operator']) retrieved from /home/airflow/.local/lib/python3.7/site-packages/airflow/example_dags/example_branch_day_of_week_operator.py
[2024-02-19T12:34:47.549+0000] {logging_mixin.py:137} INFO - [2024-02-19T12:34:47.549+0000] {dag.py:2690} INFO - Sync 1 DAGs
[2024-02-19T12:34:47.564+0000] {logging_mixin.py:137} INFO - [2024-02-19T12:34:47.564+0000] {dag.py:3441} INFO - Setting next_dagrun for example_weekday_branch_operator to 2024-02-18T00:00:00+00:00, run_after=2024-02-19T00:00:00+00:00
[2024-02-19T12:34:47.575+0000] {processor.py:175} INFO - Processing /home/airflow/.local/lib/python3.7/site-packages/airflow/example_dags/example_branch_day_of_week_operator.py took 0.051 seconds
[2024-02-19T12:35:18.021+0000] {processor.py:153} INFO - Started process (PID=2688) to work on /home/airflow/.local/lib/python3.7/site-packages/airflow/example_dags/example_branch_day_of_week_operator.py
[2024-02-19T12:35:18.022+0000] {processor.py:743} INFO - Processing file /home/airflow/.local/lib/python3.7/site-packages/airflow/example_dags/example_branch_day_of_week_operator.py for tasks to queue
[2024-02-19T12:35:18.022+0000] {logging_mixin.py:137} INFO - [2024-02-19T12:35:18.022+0000] {dagbag.py:538} INFO - Filling up the DagBag from /home/airflow/.local/lib/python3.7/site-packages/airflow/example_dags/example_branch_day_of_week_operator.py
[2024-02-19T12:35:18.030+0000] {processor.py:753} INFO - DAG(s) dict_keys(['example_weekday_branch_operator']) retrieved from /home/airflow/.local/lib/python3.7/site-packages/airflow/example_dags/example_branch_day_of_week_operator.py
[2024-02-19T12:35:18.045+0000] {logging_mixin.py:137} INFO - [2024-02-19T12:35:18.045+0000] {dag.py:2690} INFO - Sync 1 DAGs
[2024-02-19T12:35:18.061+0000] {logging_mixin.py:137} INFO - [2024-02-19T12:35:18.061+0000] {dag.py:3441} INFO - Setting next_dagrun for example_weekday_branch_operator to 2024-02-18T00:00:00+00:00, run_after=2024-02-19T00:00:00+00:00
[2024-02-19T12:35:18.072+0000] {processor.py:175} INFO - Processing /home/airflow/.local/lib/python3.7/site-packages/airflow/example_dags/example_branch_day_of_week_operator.py took 0.053 seconds
[2024-02-19T12:35:48.585+0000] {processor.py:153} INFO - Started process (PID=2823) to work on /home/airflow/.local/lib/python3.7/site-packages/airflow/example_dags/example_branch_day_of_week_operator.py
[2024-02-19T12:35:48.586+0000] {processor.py:743} INFO - Processing file /home/airflow/.local/lib/python3.7/site-packages/airflow/example_dags/example_branch_day_of_week_operator.py for tasks to queue
[2024-02-19T12:35:48.586+0000] {logging_mixin.py:137} INFO - [2024-02-19T12:35:48.586+0000] {dagbag.py:538} INFO - Filling up the DagBag from /home/airflow/.local/lib/python3.7/site-packages/airflow/example_dags/example_branch_day_of_week_operator.py
[2024-02-19T12:35:48.595+0000] {processor.py:753} INFO - DAG(s) dict_keys(['example_weekday_branch_operator']) retrieved from /home/airflow/.local/lib/python3.7/site-packages/airflow/example_dags/example_branch_day_of_week_operator.py
[2024-02-19T12:35:48.609+0000] {logging_mixin.py:137} INFO - [2024-02-19T12:35:48.609+0000] {dag.py:2690} INFO - Sync 1 DAGs
[2024-02-19T12:35:48.624+0000] {logging_mixin.py:137} INFO - [2024-02-19T12:35:48.624+0000] {dag.py:3441} INFO - Setting next_dagrun for example_weekday_branch_operator to 2024-02-18T00:00:00+00:00, run_after=2024-02-19T00:00:00+00:00
[2024-02-19T12:35:48.634+0000] {processor.py:175} INFO - Processing /home/airflow/.local/lib/python3.7/site-packages/airflow/example_dags/example_branch_day_of_week_operator.py took 0.050 seconds
[2024-02-19T12:36:19.172+0000] {processor.py:153} INFO - Started process (PID=2926) to work on /home/airflow/.local/lib/python3.7/site-packages/airflow/example_dags/example_branch_day_of_week_operator.py
[2024-02-19T12:36:19.173+0000] {processor.py:743} INFO - Processing file /home/airflow/.local/lib/python3.7/site-packages/airflow/example_dags/example_branch_day_of_week_operator.py for tasks to queue
[2024-02-19T12:36:19.173+0000] {logging_mixin.py:137} INFO - [2024-02-19T12:36:19.173+0000] {dagbag.py:538} INFO - Filling up the DagBag from /home/airflow/.local/lib/python3.7/site-packages/airflow/example_dags/example_branch_day_of_week_operator.py
[2024-02-19T12:36:19.183+0000] {processor.py:753} INFO - DAG(s) dict_keys(['example_weekday_branch_operator']) retrieved from /home/airflow/.local/lib/python3.7/site-packages/airflow/example_dags/example_branch_day_of_week_operator.py
[2024-02-19T12:36:19.197+0000] {logging_mixin.py:137} INFO - [2024-02-19T12:36:19.197+0000] {dag.py:2690} INFO - Sync 1 DAGs
[2024-02-19T12:36:19.215+0000] {logging_mixin.py:137} INFO - [2024-02-19T12:36:19.215+0000] {dag.py:3441} INFO - Setting next_dagrun for example_weekday_branch_operator to 2024-02-18T00:00:00+00:00, run_after=2024-02-19T00:00:00+00:00
[2024-02-19T12:36:19.226+0000] {processor.py:175} INFO - Processing /home/airflow/.local/lib/python3.7/site-packages/airflow/example_dags/example_branch_day_of_week_operator.py took 0.056 seconds
[2024-02-19T12:36:49.617+0000] {processor.py:153} INFO - Started process (PID=3061) to work on /home/airflow/.local/lib/python3.7/site-packages/airflow/example_dags/example_branch_day_of_week_operator.py
[2024-02-19T12:36:49.617+0000] {processor.py:743} INFO - Processing file /home/airflow/.local/lib/python3.7/site-packages/airflow/example_dags/example_branch_day_of_week_operator.py for tasks to queue
[2024-02-19T12:36:49.618+0000] {logging_mixin.py:137} INFO - [2024-02-19T12:36:49.618+0000] {dagbag.py:538} INFO - Filling up the DagBag from /home/airflow/.local/lib/python3.7/site-packages/airflow/example_dags/example_branch_day_of_week_operator.py
[2024-02-19T12:36:49.627+0000] {processor.py:753} INFO - DAG(s) dict_keys(['example_weekday_branch_operator']) retrieved from /home/airflow/.local/lib/python3.7/site-packages/airflow/example_dags/example_branch_day_of_week_operator.py
[2024-02-19T12:36:49.641+0000] {logging_mixin.py:137} INFO - [2024-02-19T12:36:49.641+0000] {dag.py:2690} INFO - Sync 1 DAGs
[2024-02-19T12:36:49.656+0000] {logging_mixin.py:137} INFO - [2024-02-19T12:36:49.656+0000] {dag.py:3441} INFO - Setting next_dagrun for example_weekday_branch_operator to 2024-02-18T00:00:00+00:00, run_after=2024-02-19T00:00:00+00:00
[2024-02-19T12:36:49.668+0000] {processor.py:175} INFO - Processing /home/airflow/.local/lib/python3.7/site-packages/airflow/example_dags/example_branch_day_of_week_operator.py took 0.054 seconds
[2024-02-19T12:37:20.093+0000] {processor.py:153} INFO - Started process (PID=3196) to work on /home/airflow/.local/lib/python3.7/site-packages/airflow/example_dags/example_branch_day_of_week_operator.py
[2024-02-19T12:37:20.094+0000] {processor.py:743} INFO - Processing file /home/airflow/.local/lib/python3.7/site-packages/airflow/example_dags/example_branch_day_of_week_operator.py for tasks to queue
[2024-02-19T12:37:20.094+0000] {logging_mixin.py:137} INFO - [2024-02-19T12:37:20.094+0000] {dagbag.py:538} INFO - Filling up the DagBag from /home/airflow/.local/lib/python3.7/site-packages/airflow/example_dags/example_branch_day_of_week_operator.py
[2024-02-19T12:37:20.103+0000] {processor.py:753} INFO - DAG(s) dict_keys(['example_weekday_branch_operator']) retrieved from /home/airflow/.local/lib/python3.7/site-packages/airflow/example_dags/example_branch_day_of_week_operator.py
[2024-02-19T12:37:20.117+0000] {logging_mixin.py:137} INFO - [2024-02-19T12:37:20.117+0000] {dag.py:2690} INFO - Sync 1 DAGs
[2024-02-19T12:37:20.131+0000] {logging_mixin.py:137} INFO - [2024-02-19T12:37:20.131+0000] {dag.py:3441} INFO - Setting next_dagrun for example_weekday_branch_operator to 2024-02-18T00:00:00+00:00, run_after=2024-02-19T00:00:00+00:00
[2024-02-19T12:37:20.141+0000] {processor.py:175} INFO - Processing /home/airflow/.local/lib/python3.7/site-packages/airflow/example_dags/example_branch_day_of_week_operator.py took 0.050 seconds
[2024-02-19T12:37:50.546+0000] {processor.py:153} INFO - Started process (PID=3299) to work on /home/airflow/.local/lib/python3.7/site-packages/airflow/example_dags/example_branch_day_of_week_operator.py
[2024-02-19T12:37:50.546+0000] {processor.py:743} INFO - Processing file /home/airflow/.local/lib/python3.7/site-packages/airflow/example_dags/example_branch_day_of_week_operator.py for tasks to queue
[2024-02-19T12:37:50.546+0000] {logging_mixin.py:137} INFO - [2024-02-19T12:37:50.546+0000] {dagbag.py:538} INFO - Filling up the DagBag from /home/airflow/.local/lib/python3.7/site-packages/airflow/example_dags/example_branch_day_of_week_operator.py
[2024-02-19T12:37:50.555+0000] {processor.py:753} INFO - DAG(s) dict_keys(['example_weekday_branch_operator']) retrieved from /home/airflow/.local/lib/python3.7/site-packages/airflow/example_dags/example_branch_day_of_week_operator.py
[2024-02-19T12:37:50.568+0000] {logging_mixin.py:137} INFO - [2024-02-19T12:37:50.568+0000] {dag.py:2690} INFO - Sync 1 DAGs
[2024-02-19T12:37:50.583+0000] {logging_mixin.py:137} INFO - [2024-02-19T12:37:50.583+0000] {dag.py:3441} INFO - Setting next_dagrun for example_weekday_branch_operator to 2024-02-18T00:00:00+00:00, run_after=2024-02-19T00:00:00+00:00
[2024-02-19T12:37:50.594+0000] {processor.py:175} INFO - Processing /home/airflow/.local/lib/python3.7/site-packages/airflow/example_dags/example_branch_day_of_week_operator.py took 0.051 seconds
[2024-02-19T12:38:21.162+0000] {processor.py:153} INFO - Started process (PID=3434) to work on /home/airflow/.local/lib/python3.7/site-packages/airflow/example_dags/example_branch_day_of_week_operator.py
[2024-02-19T12:38:21.162+0000] {processor.py:743} INFO - Processing file /home/airflow/.local/lib/python3.7/site-packages/airflow/example_dags/example_branch_day_of_week_operator.py for tasks to queue
[2024-02-19T12:38:21.163+0000] {logging_mixin.py:137} INFO - [2024-02-19T12:38:21.163+0000] {dagbag.py:538} INFO - Filling up the DagBag from /home/airflow/.local/lib/python3.7/site-packages/airflow/example_dags/example_branch_day_of_week_operator.py
[2024-02-19T12:38:21.171+0000] {processor.py:753} INFO - DAG(s) dict_keys(['example_weekday_branch_operator']) retrieved from /home/airflow/.local/lib/python3.7/site-packages/airflow/example_dags/example_branch_day_of_week_operator.py
[2024-02-19T12:38:21.186+0000] {logging_mixin.py:137} INFO - [2024-02-19T12:38:21.186+0000] {dag.py:2690} INFO - Sync 1 DAGs
[2024-02-19T12:38:21.201+0000] {logging_mixin.py:137} INFO - [2024-02-19T12:38:21.201+0000] {dag.py:3441} INFO - Setting next_dagrun for example_weekday_branch_operator to 2024-02-18T00:00:00+00:00, run_after=2024-02-19T00:00:00+00:00
[2024-02-19T12:38:21.212+0000] {processor.py:175} INFO - Processing /home/airflow/.local/lib/python3.7/site-packages/airflow/example_dags/example_branch_day_of_week_operator.py took 0.052 seconds
[2024-02-19T12:38:51.637+0000] {processor.py:153} INFO - Started process (PID=3569) to work on /home/airflow/.local/lib/python3.7/site-packages/airflow/example_dags/example_branch_day_of_week_operator.py
[2024-02-19T12:38:51.638+0000] {processor.py:743} INFO - Processing file /home/airflow/.local/lib/python3.7/site-packages/airflow/example_dags/example_branch_day_of_week_operator.py for tasks to queue
[2024-02-19T12:38:51.638+0000] {logging_mixin.py:137} INFO - [2024-02-19T12:38:51.638+0000] {dagbag.py:538} INFO - Filling up the DagBag from /home/airflow/.local/lib/python3.7/site-packages/airflow/example_dags/example_branch_day_of_week_operator.py
[2024-02-19T12:38:51.647+0000] {processor.py:753} INFO - DAG(s) dict_keys(['example_weekday_branch_operator']) retrieved from /home/airflow/.local/lib/python3.7/site-packages/airflow/example_dags/example_branch_day_of_week_operator.py
[2024-02-19T12:38:51.661+0000] {logging_mixin.py:137} INFO - [2024-02-19T12:38:51.661+0000] {dag.py:2690} INFO - Sync 1 DAGs
[2024-02-19T12:38:51.676+0000] {logging_mixin.py:137} INFO - [2024-02-19T12:38:51.676+0000] {dag.py:3441} INFO - Setting next_dagrun for example_weekday_branch_operator to 2024-02-18T00:00:00+00:00, run_after=2024-02-19T00:00:00+00:00
[2024-02-19T12:38:51.687+0000] {processor.py:175} INFO - Processing /home/airflow/.local/lib/python3.7/site-packages/airflow/example_dags/example_branch_day_of_week_operator.py took 0.051 seconds
[2024-02-19T12:39:22.241+0000] {processor.py:153} INFO - Started process (PID=3672) to work on /home/airflow/.local/lib/python3.7/site-packages/airflow/example_dags/example_branch_day_of_week_operator.py
[2024-02-19T12:39:22.242+0000] {processor.py:743} INFO - Processing file /home/airflow/.local/lib/python3.7/site-packages/airflow/example_dags/example_branch_day_of_week_operator.py for tasks to queue
[2024-02-19T12:39:22.242+0000] {logging_mixin.py:137} INFO - [2024-02-19T12:39:22.242+0000] {dagbag.py:538} INFO - Filling up the DagBag from /home/airflow/.local/lib/python3.7/site-packages/airflow/example_dags/example_branch_day_of_week_operator.py
[2024-02-19T12:39:22.251+0000] {processor.py:753} INFO - DAG(s) dict_keys(['example_weekday_branch_operator']) retrieved from /home/airflow/.local/lib/python3.7/site-packages/airflow/example_dags/example_branch_day_of_week_operator.py
[2024-02-19T12:39:22.265+0000] {logging_mixin.py:137} INFO - [2024-02-19T12:39:22.265+0000] {dag.py:2690} INFO - Sync 1 DAGs
[2024-02-19T12:39:22.280+0000] {logging_mixin.py:137} INFO - [2024-02-19T12:39:22.280+0000] {dag.py:3441} INFO - Setting next_dagrun for example_weekday_branch_operator to 2024-02-18T00:00:00+00:00, run_after=2024-02-19T00:00:00+00:00
[2024-02-19T12:39:22.291+0000] {processor.py:175} INFO - Processing /home/airflow/.local/lib/python3.7/site-packages/airflow/example_dags/example_branch_day_of_week_operator.py took 0.052 seconds
[2024-02-19T12:39:52.781+0000] {processor.py:153} INFO - Started process (PID=3807) to work on /home/airflow/.local/lib/python3.7/site-packages/airflow/example_dags/example_branch_day_of_week_operator.py
[2024-02-19T12:39:52.782+0000] {processor.py:743} INFO - Processing file /home/airflow/.local/lib/python3.7/site-packages/airflow/example_dags/example_branch_day_of_week_operator.py for tasks to queue
[2024-02-19T12:39:52.782+0000] {logging_mixin.py:137} INFO - [2024-02-19T12:39:52.782+0000] {dagbag.py:538} INFO - Filling up the DagBag from /home/airflow/.local/lib/python3.7/site-packages/airflow/example_dags/example_branch_day_of_week_operator.py
[2024-02-19T12:39:52.791+0000] {processor.py:753} INFO - DAG(s) dict_keys(['example_weekday_branch_operator']) retrieved from /home/airflow/.local/lib/python3.7/site-packages/airflow/example_dags/example_branch_day_of_week_operator.py
[2024-02-19T12:39:52.805+0000] {logging_mixin.py:137} INFO - [2024-02-19T12:39:52.805+0000] {dag.py:2690} INFO - Sync 1 DAGs
[2024-02-19T12:39:52.821+0000] {logging_mixin.py:137} INFO - [2024-02-19T12:39:52.821+0000] {dag.py:3441} INFO - Setting next_dagrun for example_weekday_branch_operator to 2024-02-18T00:00:00+00:00, run_after=2024-02-19T00:00:00+00:00
[2024-02-19T12:39:52.832+0000] {processor.py:175} INFO - Processing /home/airflow/.local/lib/python3.7/site-packages/airflow/example_dags/example_branch_day_of_week_operator.py took 0.053 seconds
[2024-02-19T12:40:23.240+0000] {processor.py:153} INFO - Started process (PID=3942) to work on /home/airflow/.local/lib/python3.7/site-packages/airflow/example_dags/example_branch_day_of_week_operator.py
[2024-02-19T12:40:23.241+0000] {processor.py:743} INFO - Processing file /home/airflow/.local/lib/python3.7/site-packages/airflow/example_dags/example_branch_day_of_week_operator.py for tasks to queue
[2024-02-19T12:40:23.241+0000] {logging_mixin.py:137} INFO - [2024-02-19T12:40:23.241+0000] {dagbag.py:538} INFO - Filling up the DagBag from /home/airflow/.local/lib/python3.7/site-packages/airflow/example_dags/example_branch_day_of_week_operator.py
[2024-02-19T12:40:23.250+0000] {processor.py:753} INFO - DAG(s) dict_keys(['example_weekday_branch_operator']) retrieved from /home/airflow/.local/lib/python3.7/site-packages/airflow/example_dags/example_branch_day_of_week_operator.py
[2024-02-19T12:40:23.264+0000] {logging_mixin.py:137} INFO - [2024-02-19T12:40:23.264+0000] {dag.py:2690} INFO - Sync 1 DAGs
[2024-02-19T12:40:23.279+0000] {logging_mixin.py:137} INFO - [2024-02-19T12:40:23.279+0000] {dag.py:3441} INFO - Setting next_dagrun for example_weekday_branch_operator to 2024-02-18T00:00:00+00:00, run_after=2024-02-19T00:00:00+00:00
[2024-02-19T12:40:23.289+0000] {processor.py:175} INFO - Processing /home/airflow/.local/lib/python3.7/site-packages/airflow/example_dags/example_branch_day_of_week_operator.py took 0.051 seconds
[2024-02-19T12:40:53.704+0000] {processor.py:153} INFO - Started process (PID=4046) to work on /home/airflow/.local/lib/python3.7/site-packages/airflow/example_dags/example_branch_day_of_week_operator.py
[2024-02-19T12:40:53.704+0000] {processor.py:743} INFO - Processing file /home/airflow/.local/lib/python3.7/site-packages/airflow/example_dags/example_branch_day_of_week_operator.py for tasks to queue
[2024-02-19T12:40:53.705+0000] {logging_mixin.py:137} INFO - [2024-02-19T12:40:53.705+0000] {dagbag.py:538} INFO - Filling up the DagBag from /home/airflow/.local/lib/python3.7/site-packages/airflow/example_dags/example_branch_day_of_week_operator.py
[2024-02-19T12:40:53.714+0000] {processor.py:753} INFO - DAG(s) dict_keys(['example_weekday_branch_operator']) retrieved from /home/airflow/.local/lib/python3.7/site-packages/airflow/example_dags/example_branch_day_of_week_operator.py
[2024-02-19T12:40:53.727+0000] {logging_mixin.py:137} INFO - [2024-02-19T12:40:53.727+0000] {dag.py:2690} INFO - Sync 1 DAGs
[2024-02-19T12:40:53.743+0000] {logging_mixin.py:137} INFO - [2024-02-19T12:40:53.743+0000] {dag.py:3441} INFO - Setting next_dagrun for example_weekday_branch_operator to 2024-02-18T00:00:00+00:00, run_after=2024-02-19T00:00:00+00:00
[2024-02-19T12:40:53.753+0000] {processor.py:175} INFO - Processing /home/airflow/.local/lib/python3.7/site-packages/airflow/example_dags/example_branch_day_of_week_operator.py took 0.051 seconds
[2024-02-19T12:41:24.112+0000] {processor.py:153} INFO - Started process (PID=4181) to work on /home/airflow/.local/lib/python3.7/site-packages/airflow/example_dags/example_branch_day_of_week_operator.py
[2024-02-19T12:41:24.113+0000] {processor.py:743} INFO - Processing file /home/airflow/.local/lib/python3.7/site-packages/airflow/example_dags/example_branch_day_of_week_operator.py for tasks to queue
[2024-02-19T12:41:24.113+0000] {logging_mixin.py:137} INFO - [2024-02-19T12:41:24.113+0000] {dagbag.py:538} INFO - Filling up the DagBag from /home/airflow/.local/lib/python3.7/site-packages/airflow/example_dags/example_branch_day_of_week_operator.py
[2024-02-19T12:41:24.122+0000] {processor.py:753} INFO - DAG(s) dict_keys(['example_weekday_branch_operator']) retrieved from /home/airflow/.local/lib/python3.7/site-packages/airflow/example_dags/example_branch_day_of_week_operator.py
[2024-02-19T12:41:24.135+0000] {logging_mixin.py:137} INFO - [2024-02-19T12:41:24.135+0000] {dag.py:2690} INFO - Sync 1 DAGs
[2024-02-19T12:41:24.150+0000] {logging_mixin.py:137} INFO - [2024-02-19T12:41:24.150+0000] {dag.py:3441} INFO - Setting next_dagrun for example_weekday_branch_operator to 2024-02-18T00:00:00+00:00, run_after=2024-02-19T00:00:00+00:00
[2024-02-19T12:41:24.161+0000] {processor.py:175} INFO - Processing /home/airflow/.local/lib/python3.7/site-packages/airflow/example_dags/example_branch_day_of_week_operator.py took 0.050 seconds
[2024-02-19T12:41:54.821+0000] {processor.py:153} INFO - Started process (PID=4316) to work on /home/airflow/.local/lib/python3.7/site-packages/airflow/example_dags/example_branch_day_of_week_operator.py
[2024-02-19T12:41:54.823+0000] {processor.py:743} INFO - Processing file /home/airflow/.local/lib/python3.7/site-packages/airflow/example_dags/example_branch_day_of_week_operator.py for tasks to queue
[2024-02-19T12:41:54.824+0000] {logging_mixin.py:137} INFO - [2024-02-19T12:41:54.824+0000] {dagbag.py:538} INFO - Filling up the DagBag from /home/airflow/.local/lib/python3.7/site-packages/airflow/example_dags/example_branch_day_of_week_operator.py
[2024-02-19T12:41:54.836+0000] {processor.py:753} INFO - DAG(s) dict_keys(['example_weekday_branch_operator']) retrieved from /home/airflow/.local/lib/python3.7/site-packages/airflow/example_dags/example_branch_day_of_week_operator.py
[2024-02-19T12:41:54.871+0000] {logging_mixin.py:137} INFO - [2024-02-19T12:41:54.871+0000] {dag.py:2690} INFO - Sync 1 DAGs
[2024-02-19T12:41:54.899+0000] {logging_mixin.py:137} INFO - [2024-02-19T12:41:54.899+0000] {dag.py:3441} INFO - Setting next_dagrun for example_weekday_branch_operator to 2024-02-18T00:00:00+00:00, run_after=2024-02-19T00:00:00+00:00
[2024-02-19T12:41:54.917+0000] {processor.py:175} INFO - Processing /home/airflow/.local/lib/python3.7/site-packages/airflow/example_dags/example_branch_day_of_week_operator.py took 0.099 seconds
[2024-02-19T12:42:25.432+0000] {processor.py:153} INFO - Started process (PID=4419) to work on /home/airflow/.local/lib/python3.7/site-packages/airflow/example_dags/example_branch_day_of_week_operator.py
[2024-02-19T12:42:25.433+0000] {processor.py:743} INFO - Processing file /home/airflow/.local/lib/python3.7/site-packages/airflow/example_dags/example_branch_day_of_week_operator.py for tasks to queue
[2024-02-19T12:42:25.434+0000] {logging_mixin.py:137} INFO - [2024-02-19T12:42:25.433+0000] {dagbag.py:538} INFO - Filling up the DagBag from /home/airflow/.local/lib/python3.7/site-packages/airflow/example_dags/example_branch_day_of_week_operator.py
[2024-02-19T12:42:25.442+0000] {processor.py:753} INFO - DAG(s) dict_keys(['example_weekday_branch_operator']) retrieved from /home/airflow/.local/lib/python3.7/site-packages/airflow/example_dags/example_branch_day_of_week_operator.py
[2024-02-19T12:42:25.457+0000] {logging_mixin.py:137} INFO - [2024-02-19T12:42:25.457+0000] {dag.py:2690} INFO - Sync 1 DAGs
[2024-02-19T12:42:25.471+0000] {logging_mixin.py:137} INFO - [2024-02-19T12:42:25.471+0000] {dag.py:3441} INFO - Setting next_dagrun for example_weekday_branch_operator to 2024-02-18T00:00:00+00:00, run_after=2024-02-19T00:00:00+00:00
[2024-02-19T12:42:25.482+0000] {processor.py:175} INFO - Processing /home/airflow/.local/lib/python3.7/site-packages/airflow/example_dags/example_branch_day_of_week_operator.py took 0.051 seconds
[2024-02-19T12:42:55.905+0000] {processor.py:153} INFO - Started process (PID=4554) to work on /home/airflow/.local/lib/python3.7/site-packages/airflow/example_dags/example_branch_day_of_week_operator.py
[2024-02-19T12:42:55.905+0000] {processor.py:743} INFO - Processing file /home/airflow/.local/lib/python3.7/site-packages/airflow/example_dags/example_branch_day_of_week_operator.py for tasks to queue
[2024-02-19T12:42:55.906+0000] {logging_mixin.py:137} INFO - [2024-02-19T12:42:55.906+0000] {dagbag.py:538} INFO - Filling up the DagBag from /home/airflow/.local/lib/python3.7/site-packages/airflow/example_dags/example_branch_day_of_week_operator.py
[2024-02-19T12:42:55.914+0000] {processor.py:753} INFO - DAG(s) dict_keys(['example_weekday_branch_operator']) retrieved from /home/airflow/.local/lib/python3.7/site-packages/airflow/example_dags/example_branch_day_of_week_operator.py
[2024-02-19T12:42:55.928+0000] {logging_mixin.py:137} INFO - [2024-02-19T12:42:55.928+0000] {dag.py:2690} INFO - Sync 1 DAGs
[2024-02-19T12:42:55.942+0000] {logging_mixin.py:137} INFO - [2024-02-19T12:42:55.942+0000] {dag.py:3441} INFO - Setting next_dagrun for example_weekday_branch_operator to 2024-02-18T00:00:00+00:00, run_after=2024-02-19T00:00:00+00:00
[2024-02-19T12:42:55.954+0000] {processor.py:175} INFO - Processing /home/airflow/.local/lib/python3.7/site-packages/airflow/example_dags/example_branch_day_of_week_operator.py took 0.051 seconds
[2024-02-19T12:43:26.681+0000] {processor.py:153} INFO - Started process (PID=4689) to work on /home/airflow/.local/lib/python3.7/site-packages/airflow/example_dags/example_branch_day_of_week_operator.py
[2024-02-19T12:43:26.682+0000] {processor.py:743} INFO - Processing file /home/airflow/.local/lib/python3.7/site-packages/airflow/example_dags/example_branch_day_of_week_operator.py for tasks to queue
[2024-02-19T12:43:26.682+0000] {logging_mixin.py:137} INFO - [2024-02-19T12:43:26.682+0000] {dagbag.py:538} INFO - Filling up the DagBag from /home/airflow/.local/lib/python3.7/site-packages/airflow/example_dags/example_branch_day_of_week_operator.py
[2024-02-19T12:43:26.690+0000] {processor.py:753} INFO - DAG(s) dict_keys(['example_weekday_branch_operator']) retrieved from /home/airflow/.local/lib/python3.7/site-packages/airflow/example_dags/example_branch_day_of_week_operator.py
[2024-02-19T12:43:26.706+0000] {logging_mixin.py:137} INFO - [2024-02-19T12:43:26.706+0000] {dag.py:2690} INFO - Sync 1 DAGs
[2024-02-19T12:43:26.721+0000] {logging_mixin.py:137} INFO - [2024-02-19T12:43:26.721+0000] {dag.py:3441} INFO - Setting next_dagrun for example_weekday_branch_operator to 2024-02-18T00:00:00+00:00, run_after=2024-02-19T00:00:00+00:00
[2024-02-19T12:43:26.735+0000] {processor.py:175} INFO - Processing /home/airflow/.local/lib/python3.7/site-packages/airflow/example_dags/example_branch_day_of_week_operator.py took 0.056 seconds
[2024-02-19T12:43:57.166+0000] {processor.py:153} INFO - Started process (PID=4792) to work on /home/airflow/.local/lib/python3.7/site-packages/airflow/example_dags/example_branch_day_of_week_operator.py
[2024-02-19T12:43:57.166+0000] {processor.py:743} INFO - Processing file /home/airflow/.local/lib/python3.7/site-packages/airflow/example_dags/example_branch_day_of_week_operator.py for tasks to queue
[2024-02-19T12:43:57.167+0000] {logging_mixin.py:137} INFO - [2024-02-19T12:43:57.167+0000] {dagbag.py:538} INFO - Filling up the DagBag from /home/airflow/.local/lib/python3.7/site-packages/airflow/example_dags/example_branch_day_of_week_operator.py
[2024-02-19T12:43:57.175+0000] {processor.py:753} INFO - DAG(s) dict_keys(['example_weekday_branch_operator']) retrieved from /home/airflow/.local/lib/python3.7/site-packages/airflow/example_dags/example_branch_day_of_week_operator.py
[2024-02-19T12:43:57.189+0000] {logging_mixin.py:137} INFO - [2024-02-19T12:43:57.188+0000] {dag.py:2690} INFO - Sync 1 DAGs
[2024-02-19T12:43:57.204+0000] {logging_mixin.py:137} INFO - [2024-02-19T12:43:57.204+0000] {dag.py:3441} INFO - Setting next_dagrun for example_weekday_branch_operator to 2024-02-18T00:00:00+00:00, run_after=2024-02-19T00:00:00+00:00
[2024-02-19T12:43:57.214+0000] {processor.py:175} INFO - Processing /home/airflow/.local/lib/python3.7/site-packages/airflow/example_dags/example_branch_day_of_week_operator.py took 0.050 seconds
[2024-02-19T12:44:27.618+0000] {processor.py:153} INFO - Started process (PID=4926) to work on /home/airflow/.local/lib/python3.7/site-packages/airflow/example_dags/example_branch_day_of_week_operator.py
[2024-02-19T12:44:27.619+0000] {processor.py:743} INFO - Processing file /home/airflow/.local/lib/python3.7/site-packages/airflow/example_dags/example_branch_day_of_week_operator.py for tasks to queue
[2024-02-19T12:44:27.619+0000] {logging_mixin.py:137} INFO - [2024-02-19T12:44:27.619+0000] {dagbag.py:538} INFO - Filling up the DagBag from /home/airflow/.local/lib/python3.7/site-packages/airflow/example_dags/example_branch_day_of_week_operator.py
[2024-02-19T12:44:27.627+0000] {processor.py:753} INFO - DAG(s) dict_keys(['example_weekday_branch_operator']) retrieved from /home/airflow/.local/lib/python3.7/site-packages/airflow/example_dags/example_branch_day_of_week_operator.py
[2024-02-19T12:44:27.642+0000] {logging_mixin.py:137} INFO - [2024-02-19T12:44:27.642+0000] {dag.py:2690} INFO - Sync 1 DAGs
[2024-02-19T12:44:27.657+0000] {logging_mixin.py:137} INFO - [2024-02-19T12:44:27.657+0000] {dag.py:3441} INFO - Setting next_dagrun for example_weekday_branch_operator to 2024-02-18T00:00:00+00:00, run_after=2024-02-19T00:00:00+00:00
[2024-02-19T12:44:27.668+0000] {processor.py:175} INFO - Processing /home/airflow/.local/lib/python3.7/site-packages/airflow/example_dags/example_branch_day_of_week_operator.py took 0.052 seconds
[2024-02-19T12:44:58.448+0000] {processor.py:153} INFO - Started process (PID=5061) to work on /home/airflow/.local/lib/python3.7/site-packages/airflow/example_dags/example_branch_day_of_week_operator.py
[2024-02-19T12:44:58.448+0000] {processor.py:743} INFO - Processing file /home/airflow/.local/lib/python3.7/site-packages/airflow/example_dags/example_branch_day_of_week_operator.py for tasks to queue
[2024-02-19T12:44:58.449+0000] {logging_mixin.py:137} INFO - [2024-02-19T12:44:58.449+0000] {dagbag.py:538} INFO - Filling up the DagBag from /home/airflow/.local/lib/python3.7/site-packages/airflow/example_dags/example_branch_day_of_week_operator.py
[2024-02-19T12:44:58.457+0000] {processor.py:753} INFO - DAG(s) dict_keys(['example_weekday_branch_operator']) retrieved from /home/airflow/.local/lib/python3.7/site-packages/airflow/example_dags/example_branch_day_of_week_operator.py
[2024-02-19T12:44:58.473+0000] {logging_mixin.py:137} INFO - [2024-02-19T12:44:58.473+0000] {dag.py:2690} INFO - Sync 1 DAGs
[2024-02-19T12:44:58.489+0000] {logging_mixin.py:137} INFO - [2024-02-19T12:44:58.489+0000] {dag.py:3441} INFO - Setting next_dagrun for example_weekday_branch_operator to 2024-02-18T00:00:00+00:00, run_after=2024-02-19T00:00:00+00:00
[2024-02-19T12:44:58.500+0000] {processor.py:175} INFO - Processing /home/airflow/.local/lib/python3.7/site-packages/airflow/example_dags/example_branch_day_of_week_operator.py took 0.055 seconds
[2024-02-19T12:45:28.890+0000] {processor.py:153} INFO - Started process (PID=5164) to work on /home/airflow/.local/lib/python3.7/site-packages/airflow/example_dags/example_branch_day_of_week_operator.py
[2024-02-19T12:45:28.891+0000] {processor.py:743} INFO - Processing file /home/airflow/.local/lib/python3.7/site-packages/airflow/example_dags/example_branch_day_of_week_operator.py for tasks to queue
[2024-02-19T12:45:28.891+0000] {logging_mixin.py:137} INFO - [2024-02-19T12:45:28.891+0000] {dagbag.py:538} INFO - Filling up the DagBag from /home/airflow/.local/lib/python3.7/site-packages/airflow/example_dags/example_branch_day_of_week_operator.py
[2024-02-19T12:45:28.899+0000] {processor.py:753} INFO - DAG(s) dict_keys(['example_weekday_branch_operator']) retrieved from /home/airflow/.local/lib/python3.7/site-packages/airflow/example_dags/example_branch_day_of_week_operator.py
[2024-02-19T12:45:28.915+0000] {logging_mixin.py:137} INFO - [2024-02-19T12:45:28.914+0000] {dag.py:2690} INFO - Sync 1 DAGs
[2024-02-19T12:45:28.930+0000] {logging_mixin.py:137} INFO - [2024-02-19T12:45:28.930+0000] {dag.py:3441} INFO - Setting next_dagrun for example_weekday_branch_operator to 2024-02-18T00:00:00+00:00, run_after=2024-02-19T00:00:00+00:00
[2024-02-19T12:45:28.941+0000] {processor.py:175} INFO - Processing /home/airflow/.local/lib/python3.7/site-packages/airflow/example_dags/example_branch_day_of_week_operator.py took 0.052 seconds
[2024-02-19T12:45:59.414+0000] {processor.py:153} INFO - Started process (PID=5299) to work on /home/airflow/.local/lib/python3.7/site-packages/airflow/example_dags/example_branch_day_of_week_operator.py
[2024-02-19T12:45:59.415+0000] {processor.py:743} INFO - Processing file /home/airflow/.local/lib/python3.7/site-packages/airflow/example_dags/example_branch_day_of_week_operator.py for tasks to queue
[2024-02-19T12:45:59.415+0000] {logging_mixin.py:137} INFO - [2024-02-19T12:45:59.415+0000] {dagbag.py:538} INFO - Filling up the DagBag from /home/airflow/.local/lib/python3.7/site-packages/airflow/example_dags/example_branch_day_of_week_operator.py
[2024-02-19T12:45:59.424+0000] {processor.py:753} INFO - DAG(s) dict_keys(['example_weekday_branch_operator']) retrieved from /home/airflow/.local/lib/python3.7/site-packages/airflow/example_dags/example_branch_day_of_week_operator.py
[2024-02-19T12:45:59.438+0000] {logging_mixin.py:137} INFO - [2024-02-19T12:45:59.437+0000] {dag.py:2690} INFO - Sync 1 DAGs
[2024-02-19T12:45:59.452+0000] {logging_mixin.py:137} INFO - [2024-02-19T12:45:59.452+0000] {dag.py:3441} INFO - Setting next_dagrun for example_weekday_branch_operator to 2024-02-18T00:00:00+00:00, run_after=2024-02-19T00:00:00+00:00
[2024-02-19T12:45:59.462+0000] {processor.py:175} INFO - Processing /home/airflow/.local/lib/python3.7/site-packages/airflow/example_dags/example_branch_day_of_week_operator.py took 0.050 seconds
[2024-02-19T12:46:30.100+0000] {processor.py:153} INFO - Started process (PID=5434) to work on /home/airflow/.local/lib/python3.7/site-packages/airflow/example_dags/example_branch_day_of_week_operator.py
[2024-02-19T12:46:30.100+0000] {processor.py:743} INFO - Processing file /home/airflow/.local/lib/python3.7/site-packages/airflow/example_dags/example_branch_day_of_week_operator.py for tasks to queue
[2024-02-19T12:46:30.101+0000] {logging_mixin.py:137} INFO - [2024-02-19T12:46:30.101+0000] {dagbag.py:538} INFO - Filling up the DagBag from /home/airflow/.local/lib/python3.7/site-packages/airflow/example_dags/example_branch_day_of_week_operator.py
[2024-02-19T12:46:30.109+0000] {processor.py:753} INFO - DAG(s) dict_keys(['example_weekday_branch_operator']) retrieved from /home/airflow/.local/lib/python3.7/site-packages/airflow/example_dags/example_branch_day_of_week_operator.py
[2024-02-19T12:46:30.125+0000] {logging_mixin.py:137} INFO - [2024-02-19T12:46:30.125+0000] {dag.py:2690} INFO - Sync 1 DAGs
[2024-02-19T12:46:30.140+0000] {logging_mixin.py:137} INFO - [2024-02-19T12:46:30.140+0000] {dag.py:3441} INFO - Setting next_dagrun for example_weekday_branch_operator to 2024-02-18T00:00:00+00:00, run_after=2024-02-19T00:00:00+00:00
[2024-02-19T12:46:30.152+0000] {processor.py:175} INFO - Processing /home/airflow/.local/lib/python3.7/site-packages/airflow/example_dags/example_branch_day_of_week_operator.py took 0.054 seconds
[2024-02-19T12:47:00.611+0000] {processor.py:153} INFO - Started process (PID=5537) to work on /home/airflow/.local/lib/python3.7/site-packages/airflow/example_dags/example_branch_day_of_week_operator.py
[2024-02-19T12:47:00.611+0000] {processor.py:743} INFO - Processing file /home/airflow/.local/lib/python3.7/site-packages/airflow/example_dags/example_branch_day_of_week_operator.py for tasks to queue
[2024-02-19T12:47:00.612+0000] {logging_mixin.py:137} INFO - [2024-02-19T12:47:00.612+0000] {dagbag.py:538} INFO - Filling up the DagBag from /home/airflow/.local/lib/python3.7/site-packages/airflow/example_dags/example_branch_day_of_week_operator.py
[2024-02-19T12:47:00.620+0000] {processor.py:753} INFO - DAG(s) dict_keys(['example_weekday_branch_operator']) retrieved from /home/airflow/.local/lib/python3.7/site-packages/airflow/example_dags/example_branch_day_of_week_operator.py
[2024-02-19T12:47:00.635+0000] {logging_mixin.py:137} INFO - [2024-02-19T12:47:00.635+0000] {dag.py:2690} INFO - Sync 1 DAGs
[2024-02-19T12:47:00.651+0000] {logging_mixin.py:137} INFO - [2024-02-19T12:47:00.651+0000] {dag.py:3441} INFO - Setting next_dagrun for example_weekday_branch_operator to 2024-02-18T00:00:00+00:00, run_after=2024-02-19T00:00:00+00:00
[2024-02-19T12:47:00.662+0000] {processor.py:175} INFO - Processing /home/airflow/.local/lib/python3.7/site-packages/airflow/example_dags/example_branch_day_of_week_operator.py took 0.053 seconds
[2024-02-19T12:47:31.060+0000] {processor.py:153} INFO - Started process (PID=5672) to work on /home/airflow/.local/lib/python3.7/site-packages/airflow/example_dags/example_branch_day_of_week_operator.py
[2024-02-19T12:47:31.060+0000] {processor.py:743} INFO - Processing file /home/airflow/.local/lib/python3.7/site-packages/airflow/example_dags/example_branch_day_of_week_operator.py for tasks to queue
[2024-02-19T12:47:31.060+0000] {logging_mixin.py:137} INFO - [2024-02-19T12:47:31.060+0000] {dagbag.py:538} INFO - Filling up the DagBag from /home/airflow/.local/lib/python3.7/site-packages/airflow/example_dags/example_branch_day_of_week_operator.py
[2024-02-19T12:47:31.069+0000] {processor.py:753} INFO - DAG(s) dict_keys(['example_weekday_branch_operator']) retrieved from /home/airflow/.local/lib/python3.7/site-packages/airflow/example_dags/example_branch_day_of_week_operator.py
[2024-02-19T12:47:31.085+0000] {logging_mixin.py:137} INFO - [2024-02-19T12:47:31.084+0000] {dag.py:2690} INFO - Sync 1 DAGs
[2024-02-19T12:47:31.101+0000] {logging_mixin.py:137} INFO - [2024-02-19T12:47:31.101+0000] {dag.py:3441} INFO - Setting next_dagrun for example_weekday_branch_operator to 2024-02-18T00:00:00+00:00, run_after=2024-02-19T00:00:00+00:00
[2024-02-19T12:47:31.112+0000] {processor.py:175} INFO - Processing /home/airflow/.local/lib/python3.7/site-packages/airflow/example_dags/example_branch_day_of_week_operator.py took 0.054 seconds
[2024-02-19T12:48:01.674+0000] {processor.py:153} INFO - Started process (PID=5807) to work on /home/airflow/.local/lib/python3.7/site-packages/airflow/example_dags/example_branch_day_of_week_operator.py
[2024-02-19T12:48:01.675+0000] {processor.py:743} INFO - Processing file /home/airflow/.local/lib/python3.7/site-packages/airflow/example_dags/example_branch_day_of_week_operator.py for tasks to queue
[2024-02-19T12:48:01.675+0000] {logging_mixin.py:137} INFO - [2024-02-19T12:48:01.675+0000] {dagbag.py:538} INFO - Filling up the DagBag from /home/airflow/.local/lib/python3.7/site-packages/airflow/example_dags/example_branch_day_of_week_operator.py
[2024-02-19T12:48:01.689+0000] {processor.py:753} INFO - DAG(s) dict_keys(['example_weekday_branch_operator']) retrieved from /home/airflow/.local/lib/python3.7/site-packages/airflow/example_dags/example_branch_day_of_week_operator.py
[2024-02-19T12:48:01.708+0000] {logging_mixin.py:137} INFO - [2024-02-19T12:48:01.708+0000] {dag.py:2690} INFO - Sync 1 DAGs
[2024-02-19T12:48:01.725+0000] {logging_mixin.py:137} INFO - [2024-02-19T12:48:01.724+0000] {dag.py:3441} INFO - Setting next_dagrun for example_weekday_branch_operator to 2024-02-18T00:00:00+00:00, run_after=2024-02-19T00:00:00+00:00
[2024-02-19T12:48:01.736+0000] {processor.py:175} INFO - Processing /home/airflow/.local/lib/python3.7/site-packages/airflow/example_dags/example_branch_day_of_week_operator.py took 0.065 seconds
[2024-02-19T12:48:32.227+0000] {processor.py:153} INFO - Started process (PID=5910) to work on /home/airflow/.local/lib/python3.7/site-packages/airflow/example_dags/example_branch_day_of_week_operator.py
[2024-02-19T12:48:32.227+0000] {processor.py:743} INFO - Processing file /home/airflow/.local/lib/python3.7/site-packages/airflow/example_dags/example_branch_day_of_week_operator.py for tasks to queue
[2024-02-19T12:48:32.227+0000] {logging_mixin.py:137} INFO - [2024-02-19T12:48:32.227+0000] {dagbag.py:538} INFO - Filling up the DagBag from /home/airflow/.local/lib/python3.7/site-packages/airflow/example_dags/example_branch_day_of_week_operator.py
[2024-02-19T12:48:32.235+0000] {processor.py:753} INFO - DAG(s) dict_keys(['example_weekday_branch_operator']) retrieved from /home/airflow/.local/lib/python3.7/site-packages/airflow/example_dags/example_branch_day_of_week_operator.py
[2024-02-19T12:48:32.250+0000] {logging_mixin.py:137} INFO - [2024-02-19T12:48:32.250+0000] {dag.py:2690} INFO - Sync 1 DAGs
[2024-02-19T12:48:32.266+0000] {logging_mixin.py:137} INFO - [2024-02-19T12:48:32.266+0000] {dag.py:3441} INFO - Setting next_dagrun for example_weekday_branch_operator to 2024-02-18T00:00:00+00:00, run_after=2024-02-19T00:00:00+00:00
[2024-02-19T12:48:32.278+0000] {processor.py:175} INFO - Processing /home/airflow/.local/lib/python3.7/site-packages/airflow/example_dags/example_branch_day_of_week_operator.py took 0.054 seconds
[2024-02-19T12:49:02.842+0000] {processor.py:153} INFO - Started process (PID=6045) to work on /home/airflow/.local/lib/python3.7/site-packages/airflow/example_dags/example_branch_day_of_week_operator.py
[2024-02-19T12:49:02.843+0000] {processor.py:743} INFO - Processing file /home/airflow/.local/lib/python3.7/site-packages/airflow/example_dags/example_branch_day_of_week_operator.py for tasks to queue
[2024-02-19T12:49:02.843+0000] {logging_mixin.py:137} INFO - [2024-02-19T12:49:02.843+0000] {dagbag.py:538} INFO - Filling up the DagBag from /home/airflow/.local/lib/python3.7/site-packages/airflow/example_dags/example_branch_day_of_week_operator.py
[2024-02-19T12:49:02.851+0000] {processor.py:753} INFO - DAG(s) dict_keys(['example_weekday_branch_operator']) retrieved from /home/airflow/.local/lib/python3.7/site-packages/airflow/example_dags/example_branch_day_of_week_operator.py
[2024-02-19T12:49:02.867+0000] {logging_mixin.py:137} INFO - [2024-02-19T12:49:02.867+0000] {dag.py:2690} INFO - Sync 1 DAGs
[2024-02-19T12:49:02.883+0000] {logging_mixin.py:137} INFO - [2024-02-19T12:49:02.883+0000] {dag.py:3441} INFO - Setting next_dagrun for example_weekday_branch_operator to 2024-02-18T00:00:00+00:00, run_after=2024-02-19T00:00:00+00:00
[2024-02-19T12:49:02.895+0000] {processor.py:175} INFO - Processing /home/airflow/.local/lib/python3.7/site-packages/airflow/example_dags/example_branch_day_of_week_operator.py took 0.055 seconds
[2024-02-19T12:49:33.535+0000] {processor.py:153} INFO - Started process (PID=6180) to work on /home/airflow/.local/lib/python3.7/site-packages/airflow/example_dags/example_branch_day_of_week_operator.py
[2024-02-19T12:49:33.535+0000] {processor.py:743} INFO - Processing file /home/airflow/.local/lib/python3.7/site-packages/airflow/example_dags/example_branch_day_of_week_operator.py for tasks to queue
[2024-02-19T12:49:33.536+0000] {logging_mixin.py:137} INFO - [2024-02-19T12:49:33.536+0000] {dagbag.py:538} INFO - Filling up the DagBag from /home/airflow/.local/lib/python3.7/site-packages/airflow/example_dags/example_branch_day_of_week_operator.py
[2024-02-19T12:49:33.545+0000] {processor.py:753} INFO - DAG(s) dict_keys(['example_weekday_branch_operator']) retrieved from /home/airflow/.local/lib/python3.7/site-packages/airflow/example_dags/example_branch_day_of_week_operator.py
[2024-02-19T12:49:33.560+0000] {logging_mixin.py:137} INFO - [2024-02-19T12:49:33.560+0000] {dag.py:2690} INFO - Sync 1 DAGs
[2024-02-19T12:49:33.576+0000] {logging_mixin.py:137} INFO - [2024-02-19T12:49:33.576+0000] {dag.py:3441} INFO - Setting next_dagrun for example_weekday_branch_operator to 2024-02-18T00:00:00+00:00, run_after=2024-02-19T00:00:00+00:00
[2024-02-19T12:49:33.587+0000] {processor.py:175} INFO - Processing /home/airflow/.local/lib/python3.7/site-packages/airflow/example_dags/example_branch_day_of_week_operator.py took 0.054 seconds
[2024-02-19T12:50:04.154+0000] {processor.py:153} INFO - Started process (PID=6283) to work on /home/airflow/.local/lib/python3.7/site-packages/airflow/example_dags/example_branch_day_of_week_operator.py
[2024-02-19T12:50:04.154+0000] {processor.py:743} INFO - Processing file /home/airflow/.local/lib/python3.7/site-packages/airflow/example_dags/example_branch_day_of_week_operator.py for tasks to queue
[2024-02-19T12:50:04.155+0000] {logging_mixin.py:137} INFO - [2024-02-19T12:50:04.155+0000] {dagbag.py:538} INFO - Filling up the DagBag from /home/airflow/.local/lib/python3.7/site-packages/airflow/example_dags/example_branch_day_of_week_operator.py
[2024-02-19T12:50:04.163+0000] {processor.py:753} INFO - DAG(s) dict_keys(['example_weekday_branch_operator']) retrieved from /home/airflow/.local/lib/python3.7/site-packages/airflow/example_dags/example_branch_day_of_week_operator.py
[2024-02-19T12:50:04.178+0000] {logging_mixin.py:137} INFO - [2024-02-19T12:50:04.178+0000] {dag.py:2690} INFO - Sync 1 DAGs
[2024-02-19T12:50:04.194+0000] {logging_mixin.py:137} INFO - [2024-02-19T12:50:04.194+0000] {dag.py:3441} INFO - Setting next_dagrun for example_weekday_branch_operator to 2024-02-18T00:00:00+00:00, run_after=2024-02-19T00:00:00+00:00
[2024-02-19T12:50:04.204+0000] {processor.py:175} INFO - Processing /home/airflow/.local/lib/python3.7/site-packages/airflow/example_dags/example_branch_day_of_week_operator.py took 0.052 seconds
[2024-02-19T12:50:34.542+0000] {processor.py:153} INFO - Started process (PID=6418) to work on /home/airflow/.local/lib/python3.7/site-packages/airflow/example_dags/example_branch_day_of_week_operator.py
[2024-02-19T12:50:34.543+0000] {processor.py:743} INFO - Processing file /home/airflow/.local/lib/python3.7/site-packages/airflow/example_dags/example_branch_day_of_week_operator.py for tasks to queue
[2024-02-19T12:50:34.543+0000] {logging_mixin.py:137} INFO - [2024-02-19T12:50:34.543+0000] {dagbag.py:538} INFO - Filling up the DagBag from /home/airflow/.local/lib/python3.7/site-packages/airflow/example_dags/example_branch_day_of_week_operator.py
[2024-02-19T12:50:34.556+0000] {processor.py:753} INFO - DAG(s) dict_keys(['example_weekday_branch_operator']) retrieved from /home/airflow/.local/lib/python3.7/site-packages/airflow/example_dags/example_branch_day_of_week_operator.py
[2024-02-19T12:50:34.572+0000] {logging_mixin.py:137} INFO - [2024-02-19T12:50:34.572+0000] {dag.py:2690} INFO - Sync 1 DAGs
[2024-02-19T12:50:34.589+0000] {logging_mixin.py:137} INFO - [2024-02-19T12:50:34.588+0000] {dag.py:3441} INFO - Setting next_dagrun for example_weekday_branch_operator to 2024-02-18T00:00:00+00:00, run_after=2024-02-19T00:00:00+00:00
[2024-02-19T12:50:34.603+0000] {processor.py:175} INFO - Processing /home/airflow/.local/lib/python3.7/site-packages/airflow/example_dags/example_branch_day_of_week_operator.py took 0.064 seconds
[2024-02-19T12:51:05.130+0000] {processor.py:153} INFO - Started process (PID=6520) to work on /home/airflow/.local/lib/python3.7/site-packages/airflow/example_dags/example_branch_day_of_week_operator.py
[2024-02-19T12:51:05.131+0000] {processor.py:743} INFO - Processing file /home/airflow/.local/lib/python3.7/site-packages/airflow/example_dags/example_branch_day_of_week_operator.py for tasks to queue
[2024-02-19T12:51:05.131+0000] {logging_mixin.py:137} INFO - [2024-02-19T12:51:05.131+0000] {dagbag.py:538} INFO - Filling up the DagBag from /home/airflow/.local/lib/python3.7/site-packages/airflow/example_dags/example_branch_day_of_week_operator.py
[2024-02-19T12:51:05.143+0000] {processor.py:753} INFO - DAG(s) dict_keys(['example_weekday_branch_operator']) retrieved from /home/airflow/.local/lib/python3.7/site-packages/airflow/example_dags/example_branch_day_of_week_operator.py
[2024-02-19T12:51:05.164+0000] {logging_mixin.py:137} INFO - [2024-02-19T12:51:05.164+0000] {dag.py:2690} INFO - Sync 1 DAGs
[2024-02-19T12:51:05.188+0000] {logging_mixin.py:137} INFO - [2024-02-19T12:51:05.188+0000] {dag.py:3441} INFO - Setting next_dagrun for example_weekday_branch_operator to 2024-02-18T00:00:00+00:00, run_after=2024-02-19T00:00:00+00:00
[2024-02-19T12:51:05.204+0000] {processor.py:175} INFO - Processing /home/airflow/.local/lib/python3.7/site-packages/airflow/example_dags/example_branch_day_of_week_operator.py took 0.077 seconds
[2024-02-19T12:51:35.957+0000] {processor.py:153} INFO - Started process (PID=6655) to work on /home/airflow/.local/lib/python3.7/site-packages/airflow/example_dags/example_branch_day_of_week_operator.py
[2024-02-19T12:51:35.958+0000] {processor.py:743} INFO - Processing file /home/airflow/.local/lib/python3.7/site-packages/airflow/example_dags/example_branch_day_of_week_operator.py for tasks to queue
[2024-02-19T12:51:35.959+0000] {logging_mixin.py:137} INFO - [2024-02-19T12:51:35.959+0000] {dagbag.py:538} INFO - Filling up the DagBag from /home/airflow/.local/lib/python3.7/site-packages/airflow/example_dags/example_branch_day_of_week_operator.py
[2024-02-19T12:51:35.970+0000] {processor.py:753} INFO - DAG(s) dict_keys(['example_weekday_branch_operator']) retrieved from /home/airflow/.local/lib/python3.7/site-packages/airflow/example_dags/example_branch_day_of_week_operator.py
[2024-02-19T12:51:35.988+0000] {logging_mixin.py:137} INFO - [2024-02-19T12:51:35.988+0000] {dag.py:2690} INFO - Sync 1 DAGs
[2024-02-19T12:51:36.007+0000] {logging_mixin.py:137} INFO - [2024-02-19T12:51:36.007+0000] {dag.py:3441} INFO - Setting next_dagrun for example_weekday_branch_operator to 2024-02-18T00:00:00+00:00, run_after=2024-02-19T00:00:00+00:00
[2024-02-19T12:51:36.024+0000] {processor.py:175} INFO - Processing /home/airflow/.local/lib/python3.7/site-packages/airflow/example_dags/example_branch_day_of_week_operator.py took 0.069 seconds
[2024-02-19T12:52:07.016+0000] {processor.py:153} INFO - Started process (PID=6790) to work on /home/airflow/.local/lib/python3.7/site-packages/airflow/example_dags/example_branch_day_of_week_operator.py
[2024-02-19T12:52:07.017+0000] {processor.py:743} INFO - Processing file /home/airflow/.local/lib/python3.7/site-packages/airflow/example_dags/example_branch_day_of_week_operator.py for tasks to queue
[2024-02-19T12:52:07.018+0000] {logging_mixin.py:137} INFO - [2024-02-19T12:52:07.018+0000] {dagbag.py:538} INFO - Filling up the DagBag from /home/airflow/.local/lib/python3.7/site-packages/airflow/example_dags/example_branch_day_of_week_operator.py
[2024-02-19T12:52:07.036+0000] {processor.py:753} INFO - DAG(s) dict_keys(['example_weekday_branch_operator']) retrieved from /home/airflow/.local/lib/python3.7/site-packages/airflow/example_dags/example_branch_day_of_week_operator.py
[2024-02-19T12:52:07.064+0000] {logging_mixin.py:137} INFO - [2024-02-19T12:52:07.064+0000] {dag.py:2690} INFO - Sync 1 DAGs
[2024-02-19T12:52:07.095+0000] {logging_mixin.py:137} INFO - [2024-02-19T12:52:07.095+0000] {dag.py:3441} INFO - Setting next_dagrun for example_weekday_branch_operator to 2024-02-18T00:00:00+00:00, run_after=2024-02-19T00:00:00+00:00
[2024-02-19T12:52:07.117+0000] {processor.py:175} INFO - Processing /home/airflow/.local/lib/python3.7/site-packages/airflow/example_dags/example_branch_day_of_week_operator.py took 0.106 seconds
[2024-02-19T12:52:38.045+0000] {processor.py:153} INFO - Started process (PID=6893) to work on /home/airflow/.local/lib/python3.7/site-packages/airflow/example_dags/example_branch_day_of_week_operator.py
[2024-02-19T12:52:38.046+0000] {processor.py:743} INFO - Processing file /home/airflow/.local/lib/python3.7/site-packages/airflow/example_dags/example_branch_day_of_week_operator.py for tasks to queue
[2024-02-19T12:52:38.046+0000] {logging_mixin.py:137} INFO - [2024-02-19T12:52:38.046+0000] {dagbag.py:538} INFO - Filling up the DagBag from /home/airflow/.local/lib/python3.7/site-packages/airflow/example_dags/example_branch_day_of_week_operator.py
[2024-02-19T12:52:38.054+0000] {processor.py:753} INFO - DAG(s) dict_keys(['example_weekday_branch_operator']) retrieved from /home/airflow/.local/lib/python3.7/site-packages/airflow/example_dags/example_branch_day_of_week_operator.py
[2024-02-19T12:52:38.068+0000] {logging_mixin.py:137} INFO - [2024-02-19T12:52:38.068+0000] {dag.py:2690} INFO - Sync 1 DAGs
[2024-02-19T12:52:38.083+0000] {logging_mixin.py:137} INFO - [2024-02-19T12:52:38.083+0000] {dag.py:3441} INFO - Setting next_dagrun for example_weekday_branch_operator to 2024-02-18T00:00:00+00:00, run_after=2024-02-19T00:00:00+00:00
[2024-02-19T12:52:38.095+0000] {processor.py:175} INFO - Processing /home/airflow/.local/lib/python3.7/site-packages/airflow/example_dags/example_branch_day_of_week_operator.py took 0.052 seconds
[2024-02-19T12:53:08.987+0000] {processor.py:153} INFO - Started process (PID=7028) to work on /home/airflow/.local/lib/python3.7/site-packages/airflow/example_dags/example_branch_day_of_week_operator.py
[2024-02-19T12:53:08.987+0000] {processor.py:743} INFO - Processing file /home/airflow/.local/lib/python3.7/site-packages/airflow/example_dags/example_branch_day_of_week_operator.py for tasks to queue
[2024-02-19T12:53:08.988+0000] {logging_mixin.py:137} INFO - [2024-02-19T12:53:08.988+0000] {dagbag.py:538} INFO - Filling up the DagBag from /home/airflow/.local/lib/python3.7/site-packages/airflow/example_dags/example_branch_day_of_week_operator.py
[2024-02-19T12:53:08.996+0000] {processor.py:753} INFO - DAG(s) dict_keys(['example_weekday_branch_operator']) retrieved from /home/airflow/.local/lib/python3.7/site-packages/airflow/example_dags/example_branch_day_of_week_operator.py
[2024-02-19T12:53:09.011+0000] {logging_mixin.py:137} INFO - [2024-02-19T12:53:09.011+0000] {dag.py:2690} INFO - Sync 1 DAGs
[2024-02-19T12:53:09.028+0000] {logging_mixin.py:137} INFO - [2024-02-19T12:53:09.028+0000] {dag.py:3441} INFO - Setting next_dagrun for example_weekday_branch_operator to 2024-02-18T00:00:00+00:00, run_after=2024-02-19T00:00:00+00:00
[2024-02-19T12:53:09.039+0000] {processor.py:175} INFO - Processing /home/airflow/.local/lib/python3.7/site-packages/airflow/example_dags/example_branch_day_of_week_operator.py took 0.054 seconds
[2024-02-19T12:53:39.701+0000] {processor.py:153} INFO - Started process (PID=7164) to work on /home/airflow/.local/lib/python3.7/site-packages/airflow/example_dags/example_branch_day_of_week_operator.py
[2024-02-19T12:53:39.702+0000] {processor.py:743} INFO - Processing file /home/airflow/.local/lib/python3.7/site-packages/airflow/example_dags/example_branch_day_of_week_operator.py for tasks to queue
[2024-02-19T12:53:39.703+0000] {logging_mixin.py:137} INFO - [2024-02-19T12:53:39.703+0000] {dagbag.py:538} INFO - Filling up the DagBag from /home/airflow/.local/lib/python3.7/site-packages/airflow/example_dags/example_branch_day_of_week_operator.py
[2024-02-19T12:53:39.714+0000] {processor.py:753} INFO - DAG(s) dict_keys(['example_weekday_branch_operator']) retrieved from /home/airflow/.local/lib/python3.7/site-packages/airflow/example_dags/example_branch_day_of_week_operator.py
[2024-02-19T12:53:39.735+0000] {logging_mixin.py:137} INFO - [2024-02-19T12:53:39.735+0000] {dag.py:2690} INFO - Sync 1 DAGs
[2024-02-19T12:53:39.758+0000] {logging_mixin.py:137} INFO - [2024-02-19T12:53:39.758+0000] {dag.py:3441} INFO - Setting next_dagrun for example_weekday_branch_operator to 2024-02-18T00:00:00+00:00, run_after=2024-02-19T00:00:00+00:00
[2024-02-19T12:53:39.775+0000] {processor.py:175} INFO - Processing /home/airflow/.local/lib/python3.7/site-packages/airflow/example_dags/example_branch_day_of_week_operator.py took 0.076 seconds
[2024-02-19T12:54:09.863+0000] {processor.py:153} INFO - Started process (PID=7267) to work on /home/airflow/.local/lib/python3.7/site-packages/airflow/example_dags/example_branch_day_of_week_operator.py
[2024-02-19T12:54:09.864+0000] {processor.py:743} INFO - Processing file /home/airflow/.local/lib/python3.7/site-packages/airflow/example_dags/example_branch_day_of_week_operator.py for tasks to queue
[2024-02-19T12:54:09.864+0000] {logging_mixin.py:137} INFO - [2024-02-19T12:54:09.864+0000] {dagbag.py:538} INFO - Filling up the DagBag from /home/airflow/.local/lib/python3.7/site-packages/airflow/example_dags/example_branch_day_of_week_operator.py
[2024-02-19T12:54:09.874+0000] {processor.py:753} INFO - DAG(s) dict_keys(['example_weekday_branch_operator']) retrieved from /home/airflow/.local/lib/python3.7/site-packages/airflow/example_dags/example_branch_day_of_week_operator.py
[2024-02-19T12:54:09.890+0000] {logging_mixin.py:137} INFO - [2024-02-19T12:54:09.890+0000] {dag.py:2690} INFO - Sync 1 DAGs
[2024-02-19T12:54:09.907+0000] {logging_mixin.py:137} INFO - [2024-02-19T12:54:09.907+0000] {dag.py:3441} INFO - Setting next_dagrun for example_weekday_branch_operator to 2024-02-18T00:00:00+00:00, run_after=2024-02-19T00:00:00+00:00
[2024-02-19T12:54:09.920+0000] {processor.py:175} INFO - Processing /home/airflow/.local/lib/python3.7/site-packages/airflow/example_dags/example_branch_day_of_week_operator.py took 0.059 seconds
[2024-02-19T12:54:40.882+0000] {processor.py:153} INFO - Started process (PID=7402) to work on /home/airflow/.local/lib/python3.7/site-packages/airflow/example_dags/example_branch_day_of_week_operator.py
[2024-02-19T12:54:40.882+0000] {processor.py:743} INFO - Processing file /home/airflow/.local/lib/python3.7/site-packages/airflow/example_dags/example_branch_day_of_week_operator.py for tasks to queue
[2024-02-19T12:54:40.883+0000] {logging_mixin.py:137} INFO - [2024-02-19T12:54:40.883+0000] {dagbag.py:538} INFO - Filling up the DagBag from /home/airflow/.local/lib/python3.7/site-packages/airflow/example_dags/example_branch_day_of_week_operator.py
[2024-02-19T12:54:40.895+0000] {processor.py:753} INFO - DAG(s) dict_keys(['example_weekday_branch_operator']) retrieved from /home/airflow/.local/lib/python3.7/site-packages/airflow/example_dags/example_branch_day_of_week_operator.py
[2024-02-19T12:54:40.915+0000] {logging_mixin.py:137} INFO - [2024-02-19T12:54:40.915+0000] {dag.py:2690} INFO - Sync 1 DAGs
[2024-02-19T12:54:40.937+0000] {logging_mixin.py:137} INFO - [2024-02-19T12:54:40.937+0000] {dag.py:3441} INFO - Setting next_dagrun for example_weekday_branch_operator to 2024-02-18T00:00:00+00:00, run_after=2024-02-19T00:00:00+00:00
[2024-02-19T12:54:40.953+0000] {processor.py:175} INFO - Processing /home/airflow/.local/lib/python3.7/site-packages/airflow/example_dags/example_branch_day_of_week_operator.py took 0.074 seconds
[2024-02-19T12:55:11.631+0000] {processor.py:153} INFO - Started process (PID=7505) to work on /home/airflow/.local/lib/python3.7/site-packages/airflow/example_dags/example_branch_day_of_week_operator.py
[2024-02-19T12:55:11.631+0000] {processor.py:743} INFO - Processing file /home/airflow/.local/lib/python3.7/site-packages/airflow/example_dags/example_branch_day_of_week_operator.py for tasks to queue
[2024-02-19T12:55:11.632+0000] {logging_mixin.py:137} INFO - [2024-02-19T12:55:11.631+0000] {dagbag.py:538} INFO - Filling up the DagBag from /home/airflow/.local/lib/python3.7/site-packages/airflow/example_dags/example_branch_day_of_week_operator.py
[2024-02-19T12:55:11.641+0000] {processor.py:753} INFO - DAG(s) dict_keys(['example_weekday_branch_operator']) retrieved from /home/airflow/.local/lib/python3.7/site-packages/airflow/example_dags/example_branch_day_of_week_operator.py
[2024-02-19T12:55:11.657+0000] {logging_mixin.py:137} INFO - [2024-02-19T12:55:11.657+0000] {dag.py:2690} INFO - Sync 1 DAGs
[2024-02-19T12:55:11.674+0000] {logging_mixin.py:137} INFO - [2024-02-19T12:55:11.674+0000] {dag.py:3441} INFO - Setting next_dagrun for example_weekday_branch_operator to 2024-02-18T00:00:00+00:00, run_after=2024-02-19T00:00:00+00:00
[2024-02-19T12:55:11.686+0000] {processor.py:175} INFO - Processing /home/airflow/.local/lib/python3.7/site-packages/airflow/example_dags/example_branch_day_of_week_operator.py took 0.058 seconds
[2024-02-19T12:55:42.372+0000] {processor.py:153} INFO - Started process (PID=7640) to work on /home/airflow/.local/lib/python3.7/site-packages/airflow/example_dags/example_branch_day_of_week_operator.py
[2024-02-19T12:55:42.373+0000] {processor.py:743} INFO - Processing file /home/airflow/.local/lib/python3.7/site-packages/airflow/example_dags/example_branch_day_of_week_operator.py for tasks to queue
[2024-02-19T12:55:42.373+0000] {logging_mixin.py:137} INFO - [2024-02-19T12:55:42.373+0000] {dagbag.py:538} INFO - Filling up the DagBag from /home/airflow/.local/lib/python3.7/site-packages/airflow/example_dags/example_branch_day_of_week_operator.py
[2024-02-19T12:55:42.383+0000] {processor.py:753} INFO - DAG(s) dict_keys(['example_weekday_branch_operator']) retrieved from /home/airflow/.local/lib/python3.7/site-packages/airflow/example_dags/example_branch_day_of_week_operator.py
[2024-02-19T12:55:42.401+0000] {logging_mixin.py:137} INFO - [2024-02-19T12:55:42.401+0000] {dag.py:2690} INFO - Sync 1 DAGs
[2024-02-19T12:55:42.419+0000] {logging_mixin.py:137} INFO - [2024-02-19T12:55:42.418+0000] {dag.py:3441} INFO - Setting next_dagrun for example_weekday_branch_operator to 2024-02-18T00:00:00+00:00, run_after=2024-02-19T00:00:00+00:00
[2024-02-19T12:55:42.433+0000] {processor.py:175} INFO - Processing /home/airflow/.local/lib/python3.7/site-packages/airflow/example_dags/example_branch_day_of_week_operator.py took 0.063 seconds
[2024-02-19T12:56:13.224+0000] {processor.py:153} INFO - Started process (PID=7775) to work on /home/airflow/.local/lib/python3.7/site-packages/airflow/example_dags/example_branch_day_of_week_operator.py
[2024-02-19T12:56:13.225+0000] {processor.py:743} INFO - Processing file /home/airflow/.local/lib/python3.7/site-packages/airflow/example_dags/example_branch_day_of_week_operator.py for tasks to queue
[2024-02-19T12:56:13.225+0000] {logging_mixin.py:137} INFO - [2024-02-19T12:56:13.225+0000] {dagbag.py:538} INFO - Filling up the DagBag from /home/airflow/.local/lib/python3.7/site-packages/airflow/example_dags/example_branch_day_of_week_operator.py
[2024-02-19T12:56:13.237+0000] {processor.py:753} INFO - DAG(s) dict_keys(['example_weekday_branch_operator']) retrieved from /home/airflow/.local/lib/python3.7/site-packages/airflow/example_dags/example_branch_day_of_week_operator.py
[2024-02-19T12:56:13.257+0000] {logging_mixin.py:137} INFO - [2024-02-19T12:56:13.257+0000] {dag.py:2690} INFO - Sync 1 DAGs
[2024-02-19T12:56:13.279+0000] {logging_mixin.py:137} INFO - [2024-02-19T12:56:13.279+0000] {dag.py:3441} INFO - Setting next_dagrun for example_weekday_branch_operator to 2024-02-18T00:00:00+00:00, run_after=2024-02-19T00:00:00+00:00
[2024-02-19T12:56:13.296+0000] {processor.py:175} INFO - Processing /home/airflow/.local/lib/python3.7/site-packages/airflow/example_dags/example_branch_day_of_week_operator.py took 0.073 seconds
[2024-02-19T12:56:44.025+0000] {processor.py:153} INFO - Started process (PID=7878) to work on /home/airflow/.local/lib/python3.7/site-packages/airflow/example_dags/example_branch_day_of_week_operator.py
[2024-02-19T12:56:44.025+0000] {processor.py:743} INFO - Processing file /home/airflow/.local/lib/python3.7/site-packages/airflow/example_dags/example_branch_day_of_week_operator.py for tasks to queue
[2024-02-19T12:56:44.026+0000] {logging_mixin.py:137} INFO - [2024-02-19T12:56:44.026+0000] {dagbag.py:538} INFO - Filling up the DagBag from /home/airflow/.local/lib/python3.7/site-packages/airflow/example_dags/example_branch_day_of_week_operator.py
[2024-02-19T12:56:44.036+0000] {processor.py:753} INFO - DAG(s) dict_keys(['example_weekday_branch_operator']) retrieved from /home/airflow/.local/lib/python3.7/site-packages/airflow/example_dags/example_branch_day_of_week_operator.py
[2024-02-19T12:56:44.052+0000] {logging_mixin.py:137} INFO - [2024-02-19T12:56:44.052+0000] {dag.py:2690} INFO - Sync 1 DAGs
[2024-02-19T12:56:44.071+0000] {logging_mixin.py:137} INFO - [2024-02-19T12:56:44.071+0000] {dag.py:3441} INFO - Setting next_dagrun for example_weekday_branch_operator to 2024-02-18T00:00:00+00:00, run_after=2024-02-19T00:00:00+00:00
[2024-02-19T12:56:44.084+0000] {processor.py:175} INFO - Processing /home/airflow/.local/lib/python3.7/site-packages/airflow/example_dags/example_branch_day_of_week_operator.py took 0.061 seconds
[2024-02-19T12:57:15.019+0000] {processor.py:153} INFO - Started process (PID=8013) to work on /home/airflow/.local/lib/python3.7/site-packages/airflow/example_dags/example_branch_day_of_week_operator.py
[2024-02-19T12:57:15.020+0000] {processor.py:743} INFO - Processing file /home/airflow/.local/lib/python3.7/site-packages/airflow/example_dags/example_branch_day_of_week_operator.py for tasks to queue
[2024-02-19T12:57:15.020+0000] {logging_mixin.py:137} INFO - [2024-02-19T12:57:15.020+0000] {dagbag.py:538} INFO - Filling up the DagBag from /home/airflow/.local/lib/python3.7/site-packages/airflow/example_dags/example_branch_day_of_week_operator.py
[2024-02-19T12:57:15.033+0000] {processor.py:753} INFO - DAG(s) dict_keys(['example_weekday_branch_operator']) retrieved from /home/airflow/.local/lib/python3.7/site-packages/airflow/example_dags/example_branch_day_of_week_operator.py
[2024-02-19T12:57:15.052+0000] {logging_mixin.py:137} INFO - [2024-02-19T12:57:15.051+0000] {dag.py:2690} INFO - Sync 1 DAGs
[2024-02-19T12:57:15.071+0000] {logging_mixin.py:137} INFO - [2024-02-19T12:57:15.071+0000] {dag.py:3441} INFO - Setting next_dagrun for example_weekday_branch_operator to 2024-02-18T00:00:00+00:00, run_after=2024-02-19T00:00:00+00:00
[2024-02-19T12:57:15.086+0000] {processor.py:175} INFO - Processing /home/airflow/.local/lib/python3.7/site-packages/airflow/example_dags/example_branch_day_of_week_operator.py took 0.069 seconds
[2024-02-19T12:57:45.783+0000] {processor.py:153} INFO - Started process (PID=8148) to work on /home/airflow/.local/lib/python3.7/site-packages/airflow/example_dags/example_branch_day_of_week_operator.py
[2024-02-19T12:57:45.784+0000] {processor.py:743} INFO - Processing file /home/airflow/.local/lib/python3.7/site-packages/airflow/example_dags/example_branch_day_of_week_operator.py for tasks to queue
[2024-02-19T12:57:45.784+0000] {logging_mixin.py:137} INFO - [2024-02-19T12:57:45.784+0000] {dagbag.py:538} INFO - Filling up the DagBag from /home/airflow/.local/lib/python3.7/site-packages/airflow/example_dags/example_branch_day_of_week_operator.py
[2024-02-19T12:57:45.797+0000] {processor.py:753} INFO - DAG(s) dict_keys(['example_weekday_branch_operator']) retrieved from /home/airflow/.local/lib/python3.7/site-packages/airflow/example_dags/example_branch_day_of_week_operator.py
[2024-02-19T12:57:45.818+0000] {logging_mixin.py:137} INFO - [2024-02-19T12:57:45.818+0000] {dag.py:2690} INFO - Sync 1 DAGs
[2024-02-19T12:57:45.843+0000] {logging_mixin.py:137} INFO - [2024-02-19T12:57:45.842+0000] {dag.py:3441} INFO - Setting next_dagrun for example_weekday_branch_operator to 2024-02-18T00:00:00+00:00, run_after=2024-02-19T00:00:00+00:00
[2024-02-19T12:57:45.859+0000] {processor.py:175} INFO - Processing /home/airflow/.local/lib/python3.7/site-packages/airflow/example_dags/example_branch_day_of_week_operator.py took 0.080 seconds
[2024-02-19T12:58:15.926+0000] {processor.py:153} INFO - Started process (PID=8250) to work on /home/airflow/.local/lib/python3.7/site-packages/airflow/example_dags/example_branch_day_of_week_operator.py
[2024-02-19T12:58:15.926+0000] {processor.py:743} INFO - Processing file /home/airflow/.local/lib/python3.7/site-packages/airflow/example_dags/example_branch_day_of_week_operator.py for tasks to queue
[2024-02-19T12:58:15.927+0000] {logging_mixin.py:137} INFO - [2024-02-19T12:58:15.926+0000] {dagbag.py:538} INFO - Filling up the DagBag from /home/airflow/.local/lib/python3.7/site-packages/airflow/example_dags/example_branch_day_of_week_operator.py
[2024-02-19T12:58:15.936+0000] {processor.py:753} INFO - DAG(s) dict_keys(['example_weekday_branch_operator']) retrieved from /home/airflow/.local/lib/python3.7/site-packages/airflow/example_dags/example_branch_day_of_week_operator.py
[2024-02-19T12:58:15.952+0000] {logging_mixin.py:137} INFO - [2024-02-19T12:58:15.952+0000] {dag.py:2690} INFO - Sync 1 DAGs
[2024-02-19T12:58:15.970+0000] {logging_mixin.py:137} INFO - [2024-02-19T12:58:15.969+0000] {dag.py:3441} INFO - Setting next_dagrun for example_weekday_branch_operator to 2024-02-18T00:00:00+00:00, run_after=2024-02-19T00:00:00+00:00
[2024-02-19T12:58:15.984+0000] {processor.py:175} INFO - Processing /home/airflow/.local/lib/python3.7/site-packages/airflow/example_dags/example_branch_day_of_week_operator.py took 0.060 seconds
