[2024-02-19T12:24:38.347+0000] {processor.py:153} INFO - Started process (PID=83) to work on /home/airflow/.local/lib/python3.7/site-packages/airflow/example_dags/example_xcom.py
[2024-02-19T12:24:38.347+0000] {processor.py:743} INFO - Processing file /home/airflow/.local/lib/python3.7/site-packages/airflow/example_dags/example_xcom.py for tasks to queue
[2024-02-19T12:24:38.348+0000] {logging_mixin.py:137} INFO - [2024-02-19T12:24:38.348+0000] {dagbag.py:538} INFO - Filling up the DagBag from /home/airflow/.local/lib/python3.7/site-packages/airflow/example_dags/example_xcom.py
[2024-02-19T12:24:38.365+0000] {processor.py:753} INFO - DAG(s) dict_keys(['example_xcom']) retrieved from /home/airflow/.local/lib/python3.7/site-packages/airflow/example_dags/example_xcom.py
[2024-02-19T12:24:38.373+0000] {logging_mixin.py:137} INFO - [2024-02-19T12:24:38.373+0000] {dag.py:2690} INFO - Sync 1 DAGs
[2024-02-19T12:24:38.388+0000] {logging_mixin.py:137} INFO - [2024-02-19T12:24:38.388+0000] {dag.py:3441} INFO - Setting next_dagrun for example_xcom to 2021-01-01T00:00:00+00:00, run_after=2021-01-01T00:00:00+00:00
[2024-02-19T12:24:38.400+0000] {processor.py:175} INFO - Processing /home/airflow/.local/lib/python3.7/site-packages/airflow/example_dags/example_xcom.py took 0.055 seconds
[2024-02-19T12:25:08.810+0000] {processor.py:153} INFO - Started process (PID=218) to work on /home/airflow/.local/lib/python3.7/site-packages/airflow/example_dags/example_xcom.py
[2024-02-19T12:25:08.810+0000] {processor.py:743} INFO - Processing file /home/airflow/.local/lib/python3.7/site-packages/airflow/example_dags/example_xcom.py for tasks to queue
[2024-02-19T12:25:08.811+0000] {logging_mixin.py:137} INFO - [2024-02-19T12:25:08.811+0000] {dagbag.py:538} INFO - Filling up the DagBag from /home/airflow/.local/lib/python3.7/site-packages/airflow/example_dags/example_xcom.py
[2024-02-19T12:25:08.823+0000] {processor.py:753} INFO - DAG(s) dict_keys(['example_xcom']) retrieved from /home/airflow/.local/lib/python3.7/site-packages/airflow/example_dags/example_xcom.py
[2024-02-19T12:25:08.838+0000] {logging_mixin.py:137} INFO - [2024-02-19T12:25:08.838+0000] {dag.py:2690} INFO - Sync 1 DAGs
[2024-02-19T12:25:08.852+0000] {logging_mixin.py:137} INFO - [2024-02-19T12:25:08.852+0000] {dag.py:3441} INFO - Setting next_dagrun for example_xcom to 2021-01-01T00:00:00+00:00, run_after=2021-01-01T00:00:00+00:00
[2024-02-19T12:25:08.863+0000] {processor.py:175} INFO - Processing /home/airflow/.local/lib/python3.7/site-packages/airflow/example_dags/example_xcom.py took 0.055 seconds
[2024-02-19T12:25:39.241+0000] {processor.py:153} INFO - Started process (PID=328) to work on /home/airflow/.local/lib/python3.7/site-packages/airflow/example_dags/example_xcom.py
[2024-02-19T12:25:39.241+0000] {processor.py:743} INFO - Processing file /home/airflow/.local/lib/python3.7/site-packages/airflow/example_dags/example_xcom.py for tasks to queue
[2024-02-19T12:25:39.242+0000] {logging_mixin.py:137} INFO - [2024-02-19T12:25:39.242+0000] {dagbag.py:538} INFO - Filling up the DagBag from /home/airflow/.local/lib/python3.7/site-packages/airflow/example_dags/example_xcom.py
[2024-02-19T12:25:39.255+0000] {processor.py:753} INFO - DAG(s) dict_keys(['example_xcom']) retrieved from /home/airflow/.local/lib/python3.7/site-packages/airflow/example_dags/example_xcom.py
[2024-02-19T12:25:39.270+0000] {logging_mixin.py:137} INFO - [2024-02-19T12:25:39.270+0000] {dag.py:2690} INFO - Sync 1 DAGs
[2024-02-19T12:25:39.284+0000] {logging_mixin.py:137} INFO - [2024-02-19T12:25:39.284+0000] {dag.py:3441} INFO - Setting next_dagrun for example_xcom to 2021-01-01T00:00:00+00:00, run_after=2021-01-01T00:00:00+00:00
[2024-02-19T12:25:39.296+0000] {processor.py:175} INFO - Processing /home/airflow/.local/lib/python3.7/site-packages/airflow/example_dags/example_xcom.py took 0.056 seconds
[2024-02-19T12:26:09.672+0000] {processor.py:153} INFO - Started process (PID=456) to work on /home/airflow/.local/lib/python3.7/site-packages/airflow/example_dags/example_xcom.py
[2024-02-19T12:26:09.673+0000] {processor.py:743} INFO - Processing file /home/airflow/.local/lib/python3.7/site-packages/airflow/example_dags/example_xcom.py for tasks to queue
[2024-02-19T12:26:09.674+0000] {logging_mixin.py:137} INFO - [2024-02-19T12:26:09.673+0000] {dagbag.py:538} INFO - Filling up the DagBag from /home/airflow/.local/lib/python3.7/site-packages/airflow/example_dags/example_xcom.py
[2024-02-19T12:26:09.686+0000] {processor.py:753} INFO - DAG(s) dict_keys(['example_xcom']) retrieved from /home/airflow/.local/lib/python3.7/site-packages/airflow/example_dags/example_xcom.py
[2024-02-19T12:26:09.700+0000] {logging_mixin.py:137} INFO - [2024-02-19T12:26:09.700+0000] {dag.py:2690} INFO - Sync 1 DAGs
[2024-02-19T12:26:09.714+0000] {logging_mixin.py:137} INFO - [2024-02-19T12:26:09.714+0000] {dag.py:3441} INFO - Setting next_dagrun for example_xcom to 2021-01-01T00:00:00+00:00, run_after=2021-01-01T00:00:00+00:00
[2024-02-19T12:26:09.724+0000] {processor.py:175} INFO - Processing /home/airflow/.local/lib/python3.7/site-packages/airflow/example_dags/example_xcom.py took 0.054 seconds
[2024-02-19T12:26:40.067+0000] {processor.py:153} INFO - Started process (PID=591) to work on /home/airflow/.local/lib/python3.7/site-packages/airflow/example_dags/example_xcom.py
[2024-02-19T12:26:40.068+0000] {processor.py:743} INFO - Processing file /home/airflow/.local/lib/python3.7/site-packages/airflow/example_dags/example_xcom.py for tasks to queue
[2024-02-19T12:26:40.068+0000] {logging_mixin.py:137} INFO - [2024-02-19T12:26:40.068+0000] {dagbag.py:538} INFO - Filling up the DagBag from /home/airflow/.local/lib/python3.7/site-packages/airflow/example_dags/example_xcom.py
[2024-02-19T12:26:40.081+0000] {processor.py:753} INFO - DAG(s) dict_keys(['example_xcom']) retrieved from /home/airflow/.local/lib/python3.7/site-packages/airflow/example_dags/example_xcom.py
[2024-02-19T12:26:40.095+0000] {logging_mixin.py:137} INFO - [2024-02-19T12:26:40.095+0000] {dag.py:2690} INFO - Sync 1 DAGs
[2024-02-19T12:26:40.109+0000] {logging_mixin.py:137} INFO - [2024-02-19T12:26:40.108+0000] {dag.py:3441} INFO - Setting next_dagrun for example_xcom to 2021-01-01T00:00:00+00:00, run_after=2021-01-01T00:00:00+00:00
[2024-02-19T12:26:40.118+0000] {processor.py:175} INFO - Processing /home/airflow/.local/lib/python3.7/site-packages/airflow/example_dags/example_xcom.py took 0.053 seconds
[2024-02-19T12:27:10.465+0000] {processor.py:153} INFO - Started process (PID=694) to work on /home/airflow/.local/lib/python3.7/site-packages/airflow/example_dags/example_xcom.py
[2024-02-19T12:27:10.465+0000] {processor.py:743} INFO - Processing file /home/airflow/.local/lib/python3.7/site-packages/airflow/example_dags/example_xcom.py for tasks to queue
[2024-02-19T12:27:10.465+0000] {logging_mixin.py:137} INFO - [2024-02-19T12:27:10.465+0000] {dagbag.py:538} INFO - Filling up the DagBag from /home/airflow/.local/lib/python3.7/site-packages/airflow/example_dags/example_xcom.py
[2024-02-19T12:27:10.478+0000] {processor.py:753} INFO - DAG(s) dict_keys(['example_xcom']) retrieved from /home/airflow/.local/lib/python3.7/site-packages/airflow/example_dags/example_xcom.py
[2024-02-19T12:27:10.492+0000] {logging_mixin.py:137} INFO - [2024-02-19T12:27:10.492+0000] {dag.py:2690} INFO - Sync 1 DAGs
[2024-02-19T12:27:10.506+0000] {logging_mixin.py:137} INFO - [2024-02-19T12:27:10.506+0000] {dag.py:3441} INFO - Setting next_dagrun for example_xcom to 2021-01-01T00:00:00+00:00, run_after=2021-01-01T00:00:00+00:00
[2024-02-19T12:27:10.518+0000] {processor.py:175} INFO - Processing /home/airflow/.local/lib/python3.7/site-packages/airflow/example_dags/example_xcom.py took 0.055 seconds
[2024-02-19T12:27:40.888+0000] {processor.py:153} INFO - Started process (PID=829) to work on /home/airflow/.local/lib/python3.7/site-packages/airflow/example_dags/example_xcom.py
[2024-02-19T12:27:40.889+0000] {processor.py:743} INFO - Processing file /home/airflow/.local/lib/python3.7/site-packages/airflow/example_dags/example_xcom.py for tasks to queue
[2024-02-19T12:27:40.889+0000] {logging_mixin.py:137} INFO - [2024-02-19T12:27:40.889+0000] {dagbag.py:538} INFO - Filling up the DagBag from /home/airflow/.local/lib/python3.7/site-packages/airflow/example_dags/example_xcom.py
[2024-02-19T12:27:40.901+0000] {processor.py:753} INFO - DAG(s) dict_keys(['example_xcom']) retrieved from /home/airflow/.local/lib/python3.7/site-packages/airflow/example_dags/example_xcom.py
[2024-02-19T12:27:40.915+0000] {logging_mixin.py:137} INFO - [2024-02-19T12:27:40.915+0000] {dag.py:2690} INFO - Sync 1 DAGs
[2024-02-19T12:27:40.928+0000] {logging_mixin.py:137} INFO - [2024-02-19T12:27:40.928+0000] {dag.py:3441} INFO - Setting next_dagrun for example_xcom to 2021-01-01T00:00:00+00:00, run_after=2021-01-01T00:00:00+00:00
[2024-02-19T12:27:40.939+0000] {processor.py:175} INFO - Processing /home/airflow/.local/lib/python3.7/site-packages/airflow/example_dags/example_xcom.py took 0.052 seconds
[2024-02-19T12:28:11.278+0000] {processor.py:153} INFO - Started process (PID=965) to work on /home/airflow/.local/lib/python3.7/site-packages/airflow/example_dags/example_xcom.py
[2024-02-19T12:28:11.278+0000] {processor.py:743} INFO - Processing file /home/airflow/.local/lib/python3.7/site-packages/airflow/example_dags/example_xcom.py for tasks to queue
[2024-02-19T12:28:11.279+0000] {logging_mixin.py:137} INFO - [2024-02-19T12:28:11.279+0000] {dagbag.py:538} INFO - Filling up the DagBag from /home/airflow/.local/lib/python3.7/site-packages/airflow/example_dags/example_xcom.py
[2024-02-19T12:28:11.291+0000] {processor.py:753} INFO - DAG(s) dict_keys(['example_xcom']) retrieved from /home/airflow/.local/lib/python3.7/site-packages/airflow/example_dags/example_xcom.py
[2024-02-19T12:28:11.306+0000] {logging_mixin.py:137} INFO - [2024-02-19T12:28:11.306+0000] {dag.py:2690} INFO - Sync 1 DAGs
[2024-02-19T12:28:11.320+0000] {logging_mixin.py:137} INFO - [2024-02-19T12:28:11.320+0000] {dag.py:3441} INFO - Setting next_dagrun for example_xcom to 2021-01-01T00:00:00+00:00, run_after=2021-01-01T00:00:00+00:00
[2024-02-19T12:28:11.330+0000] {processor.py:175} INFO - Processing /home/airflow/.local/lib/python3.7/site-packages/airflow/example_dags/example_xcom.py took 0.054 seconds
[2024-02-19T12:28:41.760+0000] {processor.py:153} INFO - Started process (PID=1068) to work on /home/airflow/.local/lib/python3.7/site-packages/airflow/example_dags/example_xcom.py
[2024-02-19T12:28:41.760+0000] {processor.py:743} INFO - Processing file /home/airflow/.local/lib/python3.7/site-packages/airflow/example_dags/example_xcom.py for tasks to queue
[2024-02-19T12:28:41.761+0000] {logging_mixin.py:137} INFO - [2024-02-19T12:28:41.761+0000] {dagbag.py:538} INFO - Filling up the DagBag from /home/airflow/.local/lib/python3.7/site-packages/airflow/example_dags/example_xcom.py
[2024-02-19T12:28:41.773+0000] {processor.py:753} INFO - DAG(s) dict_keys(['example_xcom']) retrieved from /home/airflow/.local/lib/python3.7/site-packages/airflow/example_dags/example_xcom.py
[2024-02-19T12:28:41.787+0000] {logging_mixin.py:137} INFO - [2024-02-19T12:28:41.787+0000] {dag.py:2690} INFO - Sync 1 DAGs
[2024-02-19T12:28:41.801+0000] {logging_mixin.py:137} INFO - [2024-02-19T12:28:41.801+0000] {dag.py:3441} INFO - Setting next_dagrun for example_xcom to 2021-01-01T00:00:00+00:00, run_after=2021-01-01T00:00:00+00:00
[2024-02-19T12:28:41.811+0000] {processor.py:175} INFO - Processing /home/airflow/.local/lib/python3.7/site-packages/airflow/example_dags/example_xcom.py took 0.053 seconds
[2024-02-19T12:29:12.392+0000] {processor.py:153} INFO - Started process (PID=1203) to work on /home/airflow/.local/lib/python3.7/site-packages/airflow/example_dags/example_xcom.py
[2024-02-19T12:29:12.393+0000] {processor.py:743} INFO - Processing file /home/airflow/.local/lib/python3.7/site-packages/airflow/example_dags/example_xcom.py for tasks to queue
[2024-02-19T12:29:12.393+0000] {logging_mixin.py:137} INFO - [2024-02-19T12:29:12.393+0000] {dagbag.py:538} INFO - Filling up the DagBag from /home/airflow/.local/lib/python3.7/site-packages/airflow/example_dags/example_xcom.py
[2024-02-19T12:29:12.408+0000] {processor.py:753} INFO - DAG(s) dict_keys(['example_xcom']) retrieved from /home/airflow/.local/lib/python3.7/site-packages/airflow/example_dags/example_xcom.py
[2024-02-19T12:29:12.422+0000] {logging_mixin.py:137} INFO - [2024-02-19T12:29:12.422+0000] {dag.py:2690} INFO - Sync 1 DAGs
[2024-02-19T12:29:12.436+0000] {logging_mixin.py:137} INFO - [2024-02-19T12:29:12.436+0000] {dag.py:3441} INFO - Setting next_dagrun for example_xcom to 2021-01-01T00:00:00+00:00, run_after=2021-01-01T00:00:00+00:00
[2024-02-19T12:29:12.446+0000] {processor.py:175} INFO - Processing /home/airflow/.local/lib/python3.7/site-packages/airflow/example_dags/example_xcom.py took 0.056 seconds
[2024-02-19T12:29:42.903+0000] {processor.py:153} INFO - Started process (PID=1338) to work on /home/airflow/.local/lib/python3.7/site-packages/airflow/example_dags/example_xcom.py
[2024-02-19T12:29:42.903+0000] {processor.py:743} INFO - Processing file /home/airflow/.local/lib/python3.7/site-packages/airflow/example_dags/example_xcom.py for tasks to queue
[2024-02-19T12:29:42.904+0000] {logging_mixin.py:137} INFO - [2024-02-19T12:29:42.904+0000] {dagbag.py:538} INFO - Filling up the DagBag from /home/airflow/.local/lib/python3.7/site-packages/airflow/example_dags/example_xcom.py
[2024-02-19T12:29:42.917+0000] {processor.py:753} INFO - DAG(s) dict_keys(['example_xcom']) retrieved from /home/airflow/.local/lib/python3.7/site-packages/airflow/example_dags/example_xcom.py
[2024-02-19T12:29:42.931+0000] {logging_mixin.py:137} INFO - [2024-02-19T12:29:42.931+0000] {dag.py:2690} INFO - Sync 1 DAGs
[2024-02-19T12:29:42.945+0000] {logging_mixin.py:137} INFO - [2024-02-19T12:29:42.944+0000] {dag.py:3441} INFO - Setting next_dagrun for example_xcom to 2021-01-01T00:00:00+00:00, run_after=2021-01-01T00:00:00+00:00
[2024-02-19T12:29:42.955+0000] {processor.py:175} INFO - Processing /home/airflow/.local/lib/python3.7/site-packages/airflow/example_dags/example_xcom.py took 0.054 seconds
[2024-02-19T12:30:13.431+0000] {processor.py:153} INFO - Started process (PID=1441) to work on /home/airflow/.local/lib/python3.7/site-packages/airflow/example_dags/example_xcom.py
[2024-02-19T12:30:13.432+0000] {processor.py:743} INFO - Processing file /home/airflow/.local/lib/python3.7/site-packages/airflow/example_dags/example_xcom.py for tasks to queue
[2024-02-19T12:30:13.432+0000] {logging_mixin.py:137} INFO - [2024-02-19T12:30:13.432+0000] {dagbag.py:538} INFO - Filling up the DagBag from /home/airflow/.local/lib/python3.7/site-packages/airflow/example_dags/example_xcom.py
[2024-02-19T12:30:13.445+0000] {processor.py:753} INFO - DAG(s) dict_keys(['example_xcom']) retrieved from /home/airflow/.local/lib/python3.7/site-packages/airflow/example_dags/example_xcom.py
[2024-02-19T12:30:13.458+0000] {logging_mixin.py:137} INFO - [2024-02-19T12:30:13.458+0000] {dag.py:2690} INFO - Sync 1 DAGs
[2024-02-19T12:30:13.472+0000] {logging_mixin.py:137} INFO - [2024-02-19T12:30:13.472+0000] {dag.py:3441} INFO - Setting next_dagrun for example_xcom to 2021-01-01T00:00:00+00:00, run_after=2021-01-01T00:00:00+00:00
[2024-02-19T12:30:13.483+0000] {processor.py:175} INFO - Processing /home/airflow/.local/lib/python3.7/site-packages/airflow/example_dags/example_xcom.py took 0.054 seconds
[2024-02-19T12:30:43.882+0000] {processor.py:153} INFO - Started process (PID=1576) to work on /home/airflow/.local/lib/python3.7/site-packages/airflow/example_dags/example_xcom.py
[2024-02-19T12:30:43.883+0000] {processor.py:743} INFO - Processing file /home/airflow/.local/lib/python3.7/site-packages/airflow/example_dags/example_xcom.py for tasks to queue
[2024-02-19T12:30:43.883+0000] {logging_mixin.py:137} INFO - [2024-02-19T12:30:43.883+0000] {dagbag.py:538} INFO - Filling up the DagBag from /home/airflow/.local/lib/python3.7/site-packages/airflow/example_dags/example_xcom.py
[2024-02-19T12:30:43.896+0000] {processor.py:753} INFO - DAG(s) dict_keys(['example_xcom']) retrieved from /home/airflow/.local/lib/python3.7/site-packages/airflow/example_dags/example_xcom.py
[2024-02-19T12:30:43.910+0000] {logging_mixin.py:137} INFO - [2024-02-19T12:30:43.909+0000] {dag.py:2690} INFO - Sync 1 DAGs
[2024-02-19T12:30:43.925+0000] {logging_mixin.py:137} INFO - [2024-02-19T12:30:43.925+0000] {dag.py:3441} INFO - Setting next_dagrun for example_xcom to 2021-01-01T00:00:00+00:00, run_after=2021-01-01T00:00:00+00:00
[2024-02-19T12:30:43.937+0000] {processor.py:175} INFO - Processing /home/airflow/.local/lib/python3.7/site-packages/airflow/example_dags/example_xcom.py took 0.056 seconds
[2024-02-19T12:31:14.329+0000] {processor.py:153} INFO - Started process (PID=1711) to work on /home/airflow/.local/lib/python3.7/site-packages/airflow/example_dags/example_xcom.py
[2024-02-19T12:31:14.330+0000] {processor.py:743} INFO - Processing file /home/airflow/.local/lib/python3.7/site-packages/airflow/example_dags/example_xcom.py for tasks to queue
[2024-02-19T12:31:14.330+0000] {logging_mixin.py:137} INFO - [2024-02-19T12:31:14.330+0000] {dagbag.py:538} INFO - Filling up the DagBag from /home/airflow/.local/lib/python3.7/site-packages/airflow/example_dags/example_xcom.py
[2024-02-19T12:31:14.343+0000] {processor.py:753} INFO - DAG(s) dict_keys(['example_xcom']) retrieved from /home/airflow/.local/lib/python3.7/site-packages/airflow/example_dags/example_xcom.py
[2024-02-19T12:31:14.361+0000] {logging_mixin.py:137} INFO - [2024-02-19T12:31:14.361+0000] {dag.py:2690} INFO - Sync 1 DAGs
[2024-02-19T12:31:14.376+0000] {logging_mixin.py:137} INFO - [2024-02-19T12:31:14.376+0000] {dag.py:3441} INFO - Setting next_dagrun for example_xcom to 2021-01-01T00:00:00+00:00, run_after=2021-01-01T00:00:00+00:00
[2024-02-19T12:31:14.387+0000] {processor.py:175} INFO - Processing /home/airflow/.local/lib/python3.7/site-packages/airflow/example_dags/example_xcom.py took 0.059 seconds
[2024-02-19T12:31:44.763+0000] {processor.py:153} INFO - Started process (PID=1814) to work on /home/airflow/.local/lib/python3.7/site-packages/airflow/example_dags/example_xcom.py
[2024-02-19T12:31:44.763+0000] {processor.py:743} INFO - Processing file /home/airflow/.local/lib/python3.7/site-packages/airflow/example_dags/example_xcom.py for tasks to queue
[2024-02-19T12:31:44.764+0000] {logging_mixin.py:137} INFO - [2024-02-19T12:31:44.764+0000] {dagbag.py:538} INFO - Filling up the DagBag from /home/airflow/.local/lib/python3.7/site-packages/airflow/example_dags/example_xcom.py
[2024-02-19T12:31:44.777+0000] {processor.py:753} INFO - DAG(s) dict_keys(['example_xcom']) retrieved from /home/airflow/.local/lib/python3.7/site-packages/airflow/example_dags/example_xcom.py
[2024-02-19T12:31:44.791+0000] {logging_mixin.py:137} INFO - [2024-02-19T12:31:44.791+0000] {dag.py:2690} INFO - Sync 1 DAGs
[2024-02-19T12:31:44.806+0000] {logging_mixin.py:137} INFO - [2024-02-19T12:31:44.806+0000] {dag.py:3441} INFO - Setting next_dagrun for example_xcom to 2021-01-01T00:00:00+00:00, run_after=2021-01-01T00:00:00+00:00
[2024-02-19T12:31:44.817+0000] {processor.py:175} INFO - Processing /home/airflow/.local/lib/python3.7/site-packages/airflow/example_dags/example_xcom.py took 0.056 seconds
[2024-02-19T12:32:15.238+0000] {processor.py:153} INFO - Started process (PID=1949) to work on /home/airflow/.local/lib/python3.7/site-packages/airflow/example_dags/example_xcom.py
[2024-02-19T12:32:15.239+0000] {processor.py:743} INFO - Processing file /home/airflow/.local/lib/python3.7/site-packages/airflow/example_dags/example_xcom.py for tasks to queue
[2024-02-19T12:32:15.239+0000] {logging_mixin.py:137} INFO - [2024-02-19T12:32:15.239+0000] {dagbag.py:538} INFO - Filling up the DagBag from /home/airflow/.local/lib/python3.7/site-packages/airflow/example_dags/example_xcom.py
[2024-02-19T12:32:15.252+0000] {processor.py:753} INFO - DAG(s) dict_keys(['example_xcom']) retrieved from /home/airflow/.local/lib/python3.7/site-packages/airflow/example_dags/example_xcom.py
[2024-02-19T12:32:15.267+0000] {logging_mixin.py:137} INFO - [2024-02-19T12:32:15.267+0000] {dag.py:2690} INFO - Sync 1 DAGs
[2024-02-19T12:32:15.283+0000] {logging_mixin.py:137} INFO - [2024-02-19T12:32:15.283+0000] {dag.py:3441} INFO - Setting next_dagrun for example_xcom to 2021-01-01T00:00:00+00:00, run_after=2021-01-01T00:00:00+00:00
[2024-02-19T12:32:15.293+0000] {processor.py:175} INFO - Processing /home/airflow/.local/lib/python3.7/site-packages/airflow/example_dags/example_xcom.py took 0.057 seconds
[2024-02-19T12:32:45.820+0000] {processor.py:153} INFO - Started process (PID=2084) to work on /home/airflow/.local/lib/python3.7/site-packages/airflow/example_dags/example_xcom.py
[2024-02-19T12:32:45.821+0000] {processor.py:743} INFO - Processing file /home/airflow/.local/lib/python3.7/site-packages/airflow/example_dags/example_xcom.py for tasks to queue
[2024-02-19T12:32:45.821+0000] {logging_mixin.py:137} INFO - [2024-02-19T12:32:45.821+0000] {dagbag.py:538} INFO - Filling up the DagBag from /home/airflow/.local/lib/python3.7/site-packages/airflow/example_dags/example_xcom.py
[2024-02-19T12:32:45.834+0000] {processor.py:753} INFO - DAG(s) dict_keys(['example_xcom']) retrieved from /home/airflow/.local/lib/python3.7/site-packages/airflow/example_dags/example_xcom.py
[2024-02-19T12:32:45.847+0000] {logging_mixin.py:137} INFO - [2024-02-19T12:32:45.846+0000] {dag.py:2690} INFO - Sync 1 DAGs
[2024-02-19T12:32:45.861+0000] {logging_mixin.py:137} INFO - [2024-02-19T12:32:45.861+0000] {dag.py:3441} INFO - Setting next_dagrun for example_xcom to 2021-01-01T00:00:00+00:00, run_after=2021-01-01T00:00:00+00:00
[2024-02-19T12:32:45.871+0000] {processor.py:175} INFO - Processing /home/airflow/.local/lib/python3.7/site-packages/airflow/example_dags/example_xcom.py took 0.052 seconds
[2024-02-19T12:33:16.304+0000] {processor.py:153} INFO - Started process (PID=2187) to work on /home/airflow/.local/lib/python3.7/site-packages/airflow/example_dags/example_xcom.py
[2024-02-19T12:33:16.304+0000] {processor.py:743} INFO - Processing file /home/airflow/.local/lib/python3.7/site-packages/airflow/example_dags/example_xcom.py for tasks to queue
[2024-02-19T12:33:16.305+0000] {logging_mixin.py:137} INFO - [2024-02-19T12:33:16.305+0000] {dagbag.py:538} INFO - Filling up the DagBag from /home/airflow/.local/lib/python3.7/site-packages/airflow/example_dags/example_xcom.py
[2024-02-19T12:33:16.318+0000] {processor.py:753} INFO - DAG(s) dict_keys(['example_xcom']) retrieved from /home/airflow/.local/lib/python3.7/site-packages/airflow/example_dags/example_xcom.py
[2024-02-19T12:33:16.333+0000] {logging_mixin.py:137} INFO - [2024-02-19T12:33:16.333+0000] {dag.py:2690} INFO - Sync 1 DAGs
[2024-02-19T12:33:16.347+0000] {logging_mixin.py:137} INFO - [2024-02-19T12:33:16.347+0000] {dag.py:3441} INFO - Setting next_dagrun for example_xcom to 2021-01-01T00:00:00+00:00, run_after=2021-01-01T00:00:00+00:00
[2024-02-19T12:33:16.357+0000] {processor.py:175} INFO - Processing /home/airflow/.local/lib/python3.7/site-packages/airflow/example_dags/example_xcom.py took 0.055 seconds
[2024-02-19T12:33:46.746+0000] {processor.py:153} INFO - Started process (PID=2322) to work on /home/airflow/.local/lib/python3.7/site-packages/airflow/example_dags/example_xcom.py
[2024-02-19T12:33:46.746+0000] {processor.py:743} INFO - Processing file /home/airflow/.local/lib/python3.7/site-packages/airflow/example_dags/example_xcom.py for tasks to queue
[2024-02-19T12:33:46.747+0000] {logging_mixin.py:137} INFO - [2024-02-19T12:33:46.747+0000] {dagbag.py:538} INFO - Filling up the DagBag from /home/airflow/.local/lib/python3.7/site-packages/airflow/example_dags/example_xcom.py
[2024-02-19T12:33:46.759+0000] {processor.py:753} INFO - DAG(s) dict_keys(['example_xcom']) retrieved from /home/airflow/.local/lib/python3.7/site-packages/airflow/example_dags/example_xcom.py
[2024-02-19T12:33:46.773+0000] {logging_mixin.py:137} INFO - [2024-02-19T12:33:46.773+0000] {dag.py:2690} INFO - Sync 1 DAGs
[2024-02-19T12:33:46.786+0000] {logging_mixin.py:137} INFO - [2024-02-19T12:33:46.786+0000] {dag.py:3441} INFO - Setting next_dagrun for example_xcom to 2021-01-01T00:00:00+00:00, run_after=2021-01-01T00:00:00+00:00
[2024-02-19T12:33:46.796+0000] {processor.py:175} INFO - Processing /home/airflow/.local/lib/python3.7/site-packages/airflow/example_dags/example_xcom.py took 0.053 seconds
[2024-02-19T12:34:17.165+0000] {processor.py:153} INFO - Started process (PID=2457) to work on /home/airflow/.local/lib/python3.7/site-packages/airflow/example_dags/example_xcom.py
[2024-02-19T12:34:17.166+0000] {processor.py:743} INFO - Processing file /home/airflow/.local/lib/python3.7/site-packages/airflow/example_dags/example_xcom.py for tasks to queue
[2024-02-19T12:34:17.166+0000] {logging_mixin.py:137} INFO - [2024-02-19T12:34:17.166+0000] {dagbag.py:538} INFO - Filling up the DagBag from /home/airflow/.local/lib/python3.7/site-packages/airflow/example_dags/example_xcom.py
[2024-02-19T12:34:17.179+0000] {processor.py:753} INFO - DAG(s) dict_keys(['example_xcom']) retrieved from /home/airflow/.local/lib/python3.7/site-packages/airflow/example_dags/example_xcom.py
[2024-02-19T12:34:17.192+0000] {logging_mixin.py:137} INFO - [2024-02-19T12:34:17.192+0000] {dag.py:2690} INFO - Sync 1 DAGs
[2024-02-19T12:34:17.206+0000] {logging_mixin.py:137} INFO - [2024-02-19T12:34:17.206+0000] {dag.py:3441} INFO - Setting next_dagrun for example_xcom to 2021-01-01T00:00:00+00:00, run_after=2021-01-01T00:00:00+00:00
[2024-02-19T12:34:17.217+0000] {processor.py:175} INFO - Processing /home/airflow/.local/lib/python3.7/site-packages/airflow/example_dags/example_xcom.py took 0.053 seconds
[2024-02-19T12:34:47.728+0000] {processor.py:153} INFO - Started process (PID=2560) to work on /home/airflow/.local/lib/python3.7/site-packages/airflow/example_dags/example_xcom.py
[2024-02-19T12:34:47.729+0000] {processor.py:743} INFO - Processing file /home/airflow/.local/lib/python3.7/site-packages/airflow/example_dags/example_xcom.py for tasks to queue
[2024-02-19T12:34:47.729+0000] {logging_mixin.py:137} INFO - [2024-02-19T12:34:47.729+0000] {dagbag.py:538} INFO - Filling up the DagBag from /home/airflow/.local/lib/python3.7/site-packages/airflow/example_dags/example_xcom.py
[2024-02-19T12:34:47.742+0000] {processor.py:753} INFO - DAG(s) dict_keys(['example_xcom']) retrieved from /home/airflow/.local/lib/python3.7/site-packages/airflow/example_dags/example_xcom.py
[2024-02-19T12:34:47.757+0000] {logging_mixin.py:137} INFO - [2024-02-19T12:34:47.756+0000] {dag.py:2690} INFO - Sync 1 DAGs
[2024-02-19T12:34:47.770+0000] {logging_mixin.py:137} INFO - [2024-02-19T12:34:47.770+0000] {dag.py:3441} INFO - Setting next_dagrun for example_xcom to 2021-01-01T00:00:00+00:00, run_after=2021-01-01T00:00:00+00:00
[2024-02-19T12:34:47.781+0000] {processor.py:175} INFO - Processing /home/airflow/.local/lib/python3.7/site-packages/airflow/example_dags/example_xcom.py took 0.055 seconds
[2024-02-19T12:35:18.288+0000] {processor.py:153} INFO - Started process (PID=2695) to work on /home/airflow/.local/lib/python3.7/site-packages/airflow/example_dags/example_xcom.py
[2024-02-19T12:35:18.288+0000] {processor.py:743} INFO - Processing file /home/airflow/.local/lib/python3.7/site-packages/airflow/example_dags/example_xcom.py for tasks to queue
[2024-02-19T12:35:18.289+0000] {logging_mixin.py:137} INFO - [2024-02-19T12:35:18.289+0000] {dagbag.py:538} INFO - Filling up the DagBag from /home/airflow/.local/lib/python3.7/site-packages/airflow/example_dags/example_xcom.py
[2024-02-19T12:35:18.302+0000] {processor.py:753} INFO - DAG(s) dict_keys(['example_xcom']) retrieved from /home/airflow/.local/lib/python3.7/site-packages/airflow/example_dags/example_xcom.py
[2024-02-19T12:35:18.316+0000] {logging_mixin.py:137} INFO - [2024-02-19T12:35:18.316+0000] {dag.py:2690} INFO - Sync 1 DAGs
[2024-02-19T12:35:18.330+0000] {logging_mixin.py:137} INFO - [2024-02-19T12:35:18.330+0000] {dag.py:3441} INFO - Setting next_dagrun for example_xcom to 2021-01-01T00:00:00+00:00, run_after=2021-01-01T00:00:00+00:00
[2024-02-19T12:35:18.341+0000] {processor.py:175} INFO - Processing /home/airflow/.local/lib/python3.7/site-packages/airflow/example_dags/example_xcom.py took 0.055 seconds
[2024-02-19T12:35:48.788+0000] {processor.py:153} INFO - Started process (PID=2830) to work on /home/airflow/.local/lib/python3.7/site-packages/airflow/example_dags/example_xcom.py
[2024-02-19T12:35:48.788+0000] {processor.py:743} INFO - Processing file /home/airflow/.local/lib/python3.7/site-packages/airflow/example_dags/example_xcom.py for tasks to queue
[2024-02-19T12:35:48.789+0000] {logging_mixin.py:137} INFO - [2024-02-19T12:35:48.789+0000] {dagbag.py:538} INFO - Filling up the DagBag from /home/airflow/.local/lib/python3.7/site-packages/airflow/example_dags/example_xcom.py
[2024-02-19T12:35:48.802+0000] {processor.py:753} INFO - DAG(s) dict_keys(['example_xcom']) retrieved from /home/airflow/.local/lib/python3.7/site-packages/airflow/example_dags/example_xcom.py
[2024-02-19T12:35:48.816+0000] {logging_mixin.py:137} INFO - [2024-02-19T12:35:48.816+0000] {dag.py:2690} INFO - Sync 1 DAGs
[2024-02-19T12:35:48.829+0000] {logging_mixin.py:137} INFO - [2024-02-19T12:35:48.829+0000] {dag.py:3441} INFO - Setting next_dagrun for example_xcom to 2021-01-01T00:00:00+00:00, run_after=2021-01-01T00:00:00+00:00
[2024-02-19T12:35:48.841+0000] {processor.py:175} INFO - Processing /home/airflow/.local/lib/python3.7/site-packages/airflow/example_dags/example_xcom.py took 0.055 seconds
[2024-02-19T12:36:19.384+0000] {processor.py:153} INFO - Started process (PID=2933) to work on /home/airflow/.local/lib/python3.7/site-packages/airflow/example_dags/example_xcom.py
[2024-02-19T12:36:19.385+0000] {processor.py:743} INFO - Processing file /home/airflow/.local/lib/python3.7/site-packages/airflow/example_dags/example_xcom.py for tasks to queue
[2024-02-19T12:36:19.385+0000] {logging_mixin.py:137} INFO - [2024-02-19T12:36:19.385+0000] {dagbag.py:538} INFO - Filling up the DagBag from /home/airflow/.local/lib/python3.7/site-packages/airflow/example_dags/example_xcom.py
[2024-02-19T12:36:19.398+0000] {processor.py:753} INFO - DAG(s) dict_keys(['example_xcom']) retrieved from /home/airflow/.local/lib/python3.7/site-packages/airflow/example_dags/example_xcom.py
[2024-02-19T12:36:19.412+0000] {logging_mixin.py:137} INFO - [2024-02-19T12:36:19.412+0000] {dag.py:2690} INFO - Sync 1 DAGs
[2024-02-19T12:36:19.426+0000] {logging_mixin.py:137} INFO - [2024-02-19T12:36:19.426+0000] {dag.py:3441} INFO - Setting next_dagrun for example_xcom to 2021-01-01T00:00:00+00:00, run_after=2021-01-01T00:00:00+00:00
[2024-02-19T12:36:19.437+0000] {processor.py:175} INFO - Processing /home/airflow/.local/lib/python3.7/site-packages/airflow/example_dags/example_xcom.py took 0.055 seconds
[2024-02-19T12:36:49.874+0000] {processor.py:153} INFO - Started process (PID=3068) to work on /home/airflow/.local/lib/python3.7/site-packages/airflow/example_dags/example_xcom.py
[2024-02-19T12:36:49.875+0000] {processor.py:743} INFO - Processing file /home/airflow/.local/lib/python3.7/site-packages/airflow/example_dags/example_xcom.py for tasks to queue
[2024-02-19T12:36:49.875+0000] {logging_mixin.py:137} INFO - [2024-02-19T12:36:49.875+0000] {dagbag.py:538} INFO - Filling up the DagBag from /home/airflow/.local/lib/python3.7/site-packages/airflow/example_dags/example_xcom.py
[2024-02-19T12:36:49.888+0000] {processor.py:753} INFO - DAG(s) dict_keys(['example_xcom']) retrieved from /home/airflow/.local/lib/python3.7/site-packages/airflow/example_dags/example_xcom.py
[2024-02-19T12:36:49.904+0000] {logging_mixin.py:137} INFO - [2024-02-19T12:36:49.904+0000] {dag.py:2690} INFO - Sync 1 DAGs
[2024-02-19T12:36:49.918+0000] {logging_mixin.py:137} INFO - [2024-02-19T12:36:49.918+0000] {dag.py:3441} INFO - Setting next_dagrun for example_xcom to 2021-01-01T00:00:00+00:00, run_after=2021-01-01T00:00:00+00:00
[2024-02-19T12:36:49.929+0000] {processor.py:175} INFO - Processing /home/airflow/.local/lib/python3.7/site-packages/airflow/example_dags/example_xcom.py took 0.057 seconds
[2024-02-19T12:37:20.335+0000] {processor.py:153} INFO - Started process (PID=3203) to work on /home/airflow/.local/lib/python3.7/site-packages/airflow/example_dags/example_xcom.py
[2024-02-19T12:37:20.336+0000] {processor.py:743} INFO - Processing file /home/airflow/.local/lib/python3.7/site-packages/airflow/example_dags/example_xcom.py for tasks to queue
[2024-02-19T12:37:20.336+0000] {logging_mixin.py:137} INFO - [2024-02-19T12:37:20.336+0000] {dagbag.py:538} INFO - Filling up the DagBag from /home/airflow/.local/lib/python3.7/site-packages/airflow/example_dags/example_xcom.py
[2024-02-19T12:37:20.353+0000] {processor.py:753} INFO - DAG(s) dict_keys(['example_xcom']) retrieved from /home/airflow/.local/lib/python3.7/site-packages/airflow/example_dags/example_xcom.py
[2024-02-19T12:37:20.367+0000] {logging_mixin.py:137} INFO - [2024-02-19T12:37:20.367+0000] {dag.py:2690} INFO - Sync 1 DAGs
[2024-02-19T12:37:20.381+0000] {logging_mixin.py:137} INFO - [2024-02-19T12:37:20.381+0000] {dag.py:3441} INFO - Setting next_dagrun for example_xcom to 2021-01-01T00:00:00+00:00, run_after=2021-01-01T00:00:00+00:00
[2024-02-19T12:37:20.392+0000] {processor.py:175} INFO - Processing /home/airflow/.local/lib/python3.7/site-packages/airflow/example_dags/example_xcom.py took 0.059 seconds
[2024-02-19T12:37:50.791+0000] {processor.py:153} INFO - Started process (PID=3306) to work on /home/airflow/.local/lib/python3.7/site-packages/airflow/example_dags/example_xcom.py
[2024-02-19T12:37:50.792+0000] {processor.py:743} INFO - Processing file /home/airflow/.local/lib/python3.7/site-packages/airflow/example_dags/example_xcom.py for tasks to queue
[2024-02-19T12:37:50.792+0000] {logging_mixin.py:137} INFO - [2024-02-19T12:37:50.792+0000] {dagbag.py:538} INFO - Filling up the DagBag from /home/airflow/.local/lib/python3.7/site-packages/airflow/example_dags/example_xcom.py
[2024-02-19T12:37:50.805+0000] {processor.py:753} INFO - DAG(s) dict_keys(['example_xcom']) retrieved from /home/airflow/.local/lib/python3.7/site-packages/airflow/example_dags/example_xcom.py
[2024-02-19T12:37:50.819+0000] {logging_mixin.py:137} INFO - [2024-02-19T12:37:50.819+0000] {dag.py:2690} INFO - Sync 1 DAGs
[2024-02-19T12:37:50.833+0000] {logging_mixin.py:137} INFO - [2024-02-19T12:37:50.833+0000] {dag.py:3441} INFO - Setting next_dagrun for example_xcom to 2021-01-01T00:00:00+00:00, run_after=2021-01-01T00:00:00+00:00
[2024-02-19T12:37:50.843+0000] {processor.py:175} INFO - Processing /home/airflow/.local/lib/python3.7/site-packages/airflow/example_dags/example_xcom.py took 0.054 seconds
[2024-02-19T12:38:21.370+0000] {processor.py:153} INFO - Started process (PID=3441) to work on /home/airflow/.local/lib/python3.7/site-packages/airflow/example_dags/example_xcom.py
[2024-02-19T12:38:21.370+0000] {processor.py:743} INFO - Processing file /home/airflow/.local/lib/python3.7/site-packages/airflow/example_dags/example_xcom.py for tasks to queue
[2024-02-19T12:38:21.371+0000] {logging_mixin.py:137} INFO - [2024-02-19T12:38:21.370+0000] {dagbag.py:538} INFO - Filling up the DagBag from /home/airflow/.local/lib/python3.7/site-packages/airflow/example_dags/example_xcom.py
[2024-02-19T12:38:21.384+0000] {processor.py:753} INFO - DAG(s) dict_keys(['example_xcom']) retrieved from /home/airflow/.local/lib/python3.7/site-packages/airflow/example_dags/example_xcom.py
[2024-02-19T12:38:21.399+0000] {logging_mixin.py:137} INFO - [2024-02-19T12:38:21.399+0000] {dag.py:2690} INFO - Sync 1 DAGs
[2024-02-19T12:38:21.413+0000] {logging_mixin.py:137} INFO - [2024-02-19T12:38:21.413+0000] {dag.py:3441} INFO - Setting next_dagrun for example_xcom to 2021-01-01T00:00:00+00:00, run_after=2021-01-01T00:00:00+00:00
[2024-02-19T12:38:21.424+0000] {processor.py:175} INFO - Processing /home/airflow/.local/lib/python3.7/site-packages/airflow/example_dags/example_xcom.py took 0.056 seconds
[2024-02-19T12:38:51.955+0000] {processor.py:153} INFO - Started process (PID=3576) to work on /home/airflow/.local/lib/python3.7/site-packages/airflow/example_dags/example_xcom.py
[2024-02-19T12:38:51.955+0000] {processor.py:743} INFO - Processing file /home/airflow/.local/lib/python3.7/site-packages/airflow/example_dags/example_xcom.py for tasks to queue
[2024-02-19T12:38:51.956+0000] {logging_mixin.py:137} INFO - [2024-02-19T12:38:51.956+0000] {dagbag.py:538} INFO - Filling up the DagBag from /home/airflow/.local/lib/python3.7/site-packages/airflow/example_dags/example_xcom.py
[2024-02-19T12:38:51.970+0000] {processor.py:753} INFO - DAG(s) dict_keys(['example_xcom']) retrieved from /home/airflow/.local/lib/python3.7/site-packages/airflow/example_dags/example_xcom.py
[2024-02-19T12:38:51.987+0000] {logging_mixin.py:137} INFO - [2024-02-19T12:38:51.987+0000] {dag.py:2690} INFO - Sync 1 DAGs
[2024-02-19T12:38:52.002+0000] {logging_mixin.py:137} INFO - [2024-02-19T12:38:52.002+0000] {dag.py:3441} INFO - Setting next_dagrun for example_xcom to 2021-01-01T00:00:00+00:00, run_after=2021-01-01T00:00:00+00:00
[2024-02-19T12:38:52.014+0000] {processor.py:175} INFO - Processing /home/airflow/.local/lib/python3.7/site-packages/airflow/example_dags/example_xcom.py took 0.061 seconds
[2024-02-19T12:39:22.449+0000] {processor.py:153} INFO - Started process (PID=3679) to work on /home/airflow/.local/lib/python3.7/site-packages/airflow/example_dags/example_xcom.py
[2024-02-19T12:39:22.450+0000] {processor.py:743} INFO - Processing file /home/airflow/.local/lib/python3.7/site-packages/airflow/example_dags/example_xcom.py for tasks to queue
[2024-02-19T12:39:22.450+0000] {logging_mixin.py:137} INFO - [2024-02-19T12:39:22.450+0000] {dagbag.py:538} INFO - Filling up the DagBag from /home/airflow/.local/lib/python3.7/site-packages/airflow/example_dags/example_xcom.py
[2024-02-19T12:39:22.463+0000] {processor.py:753} INFO - DAG(s) dict_keys(['example_xcom']) retrieved from /home/airflow/.local/lib/python3.7/site-packages/airflow/example_dags/example_xcom.py
[2024-02-19T12:39:22.477+0000] {logging_mixin.py:137} INFO - [2024-02-19T12:39:22.477+0000] {dag.py:2690} INFO - Sync 1 DAGs
[2024-02-19T12:39:22.491+0000] {logging_mixin.py:137} INFO - [2024-02-19T12:39:22.491+0000] {dag.py:3441} INFO - Setting next_dagrun for example_xcom to 2021-01-01T00:00:00+00:00, run_after=2021-01-01T00:00:00+00:00
[2024-02-19T12:39:22.502+0000] {processor.py:175} INFO - Processing /home/airflow/.local/lib/python3.7/site-packages/airflow/example_dags/example_xcom.py took 0.055 seconds
[2024-02-19T12:39:52.995+0000] {processor.py:153} INFO - Started process (PID=3814) to work on /home/airflow/.local/lib/python3.7/site-packages/airflow/example_dags/example_xcom.py
[2024-02-19T12:39:52.995+0000] {processor.py:743} INFO - Processing file /home/airflow/.local/lib/python3.7/site-packages/airflow/example_dags/example_xcom.py for tasks to queue
[2024-02-19T12:39:52.996+0000] {logging_mixin.py:137} INFO - [2024-02-19T12:39:52.996+0000] {dagbag.py:538} INFO - Filling up the DagBag from /home/airflow/.local/lib/python3.7/site-packages/airflow/example_dags/example_xcom.py
[2024-02-19T12:39:53.009+0000] {processor.py:753} INFO - DAG(s) dict_keys(['example_xcom']) retrieved from /home/airflow/.local/lib/python3.7/site-packages/airflow/example_dags/example_xcom.py
[2024-02-19T12:39:53.024+0000] {logging_mixin.py:137} INFO - [2024-02-19T12:39:53.024+0000] {dag.py:2690} INFO - Sync 1 DAGs
[2024-02-19T12:39:53.039+0000] {logging_mixin.py:137} INFO - [2024-02-19T12:39:53.039+0000] {dag.py:3441} INFO - Setting next_dagrun for example_xcom to 2021-01-01T00:00:00+00:00, run_after=2021-01-01T00:00:00+00:00
[2024-02-19T12:39:53.050+0000] {processor.py:175} INFO - Processing /home/airflow/.local/lib/python3.7/site-packages/airflow/example_dags/example_xcom.py took 0.058 seconds
[2024-02-19T12:40:23.494+0000] {processor.py:153} INFO - Started process (PID=3949) to work on /home/airflow/.local/lib/python3.7/site-packages/airflow/example_dags/example_xcom.py
[2024-02-19T12:40:23.494+0000] {processor.py:743} INFO - Processing file /home/airflow/.local/lib/python3.7/site-packages/airflow/example_dags/example_xcom.py for tasks to queue
[2024-02-19T12:40:23.495+0000] {logging_mixin.py:137} INFO - [2024-02-19T12:40:23.495+0000] {dagbag.py:538} INFO - Filling up the DagBag from /home/airflow/.local/lib/python3.7/site-packages/airflow/example_dags/example_xcom.py
[2024-02-19T12:40:23.508+0000] {processor.py:753} INFO - DAG(s) dict_keys(['example_xcom']) retrieved from /home/airflow/.local/lib/python3.7/site-packages/airflow/example_dags/example_xcom.py
[2024-02-19T12:40:23.523+0000] {logging_mixin.py:137} INFO - [2024-02-19T12:40:23.523+0000] {dag.py:2690} INFO - Sync 1 DAGs
[2024-02-19T12:40:23.537+0000] {logging_mixin.py:137} INFO - [2024-02-19T12:40:23.537+0000] {dag.py:3441} INFO - Setting next_dagrun for example_xcom to 2021-01-01T00:00:00+00:00, run_after=2021-01-01T00:00:00+00:00
[2024-02-19T12:40:23.548+0000] {processor.py:175} INFO - Processing /home/airflow/.local/lib/python3.7/site-packages/airflow/example_dags/example_xcom.py took 0.056 seconds
[2024-02-19T12:40:53.952+0000] {processor.py:153} INFO - Started process (PID=4053) to work on /home/airflow/.local/lib/python3.7/site-packages/airflow/example_dags/example_xcom.py
[2024-02-19T12:40:53.953+0000] {processor.py:743} INFO - Processing file /home/airflow/.local/lib/python3.7/site-packages/airflow/example_dags/example_xcom.py for tasks to queue
[2024-02-19T12:40:53.953+0000] {logging_mixin.py:137} INFO - [2024-02-19T12:40:53.953+0000] {dagbag.py:538} INFO - Filling up the DagBag from /home/airflow/.local/lib/python3.7/site-packages/airflow/example_dags/example_xcom.py
[2024-02-19T12:40:53.966+0000] {processor.py:753} INFO - DAG(s) dict_keys(['example_xcom']) retrieved from /home/airflow/.local/lib/python3.7/site-packages/airflow/example_dags/example_xcom.py
[2024-02-19T12:40:53.980+0000] {logging_mixin.py:137} INFO - [2024-02-19T12:40:53.980+0000] {dag.py:2690} INFO - Sync 1 DAGs
[2024-02-19T12:40:53.995+0000] {logging_mixin.py:137} INFO - [2024-02-19T12:40:53.995+0000] {dag.py:3441} INFO - Setting next_dagrun for example_xcom to 2021-01-01T00:00:00+00:00, run_after=2021-01-01T00:00:00+00:00
[2024-02-19T12:40:54.006+0000] {processor.py:175} INFO - Processing /home/airflow/.local/lib/python3.7/site-packages/airflow/example_dags/example_xcom.py took 0.056 seconds
[2024-02-19T12:41:24.359+0000] {processor.py:153} INFO - Started process (PID=4188) to work on /home/airflow/.local/lib/python3.7/site-packages/airflow/example_dags/example_xcom.py
[2024-02-19T12:41:24.359+0000] {processor.py:743} INFO - Processing file /home/airflow/.local/lib/python3.7/site-packages/airflow/example_dags/example_xcom.py for tasks to queue
[2024-02-19T12:41:24.359+0000] {logging_mixin.py:137} INFO - [2024-02-19T12:41:24.359+0000] {dagbag.py:538} INFO - Filling up the DagBag from /home/airflow/.local/lib/python3.7/site-packages/airflow/example_dags/example_xcom.py
[2024-02-19T12:41:24.372+0000] {processor.py:753} INFO - DAG(s) dict_keys(['example_xcom']) retrieved from /home/airflow/.local/lib/python3.7/site-packages/airflow/example_dags/example_xcom.py
[2024-02-19T12:41:24.386+0000] {logging_mixin.py:137} INFO - [2024-02-19T12:41:24.386+0000] {dag.py:2690} INFO - Sync 1 DAGs
[2024-02-19T12:41:24.400+0000] {logging_mixin.py:137} INFO - [2024-02-19T12:41:24.400+0000] {dag.py:3441} INFO - Setting next_dagrun for example_xcom to 2021-01-01T00:00:00+00:00, run_after=2021-01-01T00:00:00+00:00
[2024-02-19T12:41:24.410+0000] {processor.py:175} INFO - Processing /home/airflow/.local/lib/python3.7/site-packages/airflow/example_dags/example_xcom.py took 0.053 seconds
[2024-02-19T12:41:55.151+0000] {processor.py:153} INFO - Started process (PID=4323) to work on /home/airflow/.local/lib/python3.7/site-packages/airflow/example_dags/example_xcom.py
[2024-02-19T12:41:55.152+0000] {processor.py:743} INFO - Processing file /home/airflow/.local/lib/python3.7/site-packages/airflow/example_dags/example_xcom.py for tasks to queue
[2024-02-19T12:41:55.152+0000] {logging_mixin.py:137} INFO - [2024-02-19T12:41:55.152+0000] {dagbag.py:538} INFO - Filling up the DagBag from /home/airflow/.local/lib/python3.7/site-packages/airflow/example_dags/example_xcom.py
[2024-02-19T12:41:55.168+0000] {processor.py:753} INFO - DAG(s) dict_keys(['example_xcom']) retrieved from /home/airflow/.local/lib/python3.7/site-packages/airflow/example_dags/example_xcom.py
[2024-02-19T12:41:55.183+0000] {logging_mixin.py:137} INFO - [2024-02-19T12:41:55.183+0000] {dag.py:2690} INFO - Sync 1 DAGs
[2024-02-19T12:41:55.199+0000] {logging_mixin.py:137} INFO - [2024-02-19T12:41:55.199+0000] {dag.py:3441} INFO - Setting next_dagrun for example_xcom to 2021-01-01T00:00:00+00:00, run_after=2021-01-01T00:00:00+00:00
[2024-02-19T12:41:55.211+0000] {processor.py:175} INFO - Processing /home/airflow/.local/lib/python3.7/site-packages/airflow/example_dags/example_xcom.py took 0.061 seconds
[2024-02-19T12:42:25.632+0000] {processor.py:153} INFO - Started process (PID=4426) to work on /home/airflow/.local/lib/python3.7/site-packages/airflow/example_dags/example_xcom.py
[2024-02-19T12:42:25.632+0000] {processor.py:743} INFO - Processing file /home/airflow/.local/lib/python3.7/site-packages/airflow/example_dags/example_xcom.py for tasks to queue
[2024-02-19T12:42:25.633+0000] {logging_mixin.py:137} INFO - [2024-02-19T12:42:25.633+0000] {dagbag.py:538} INFO - Filling up the DagBag from /home/airflow/.local/lib/python3.7/site-packages/airflow/example_dags/example_xcom.py
[2024-02-19T12:42:25.647+0000] {processor.py:753} INFO - DAG(s) dict_keys(['example_xcom']) retrieved from /home/airflow/.local/lib/python3.7/site-packages/airflow/example_dags/example_xcom.py
[2024-02-19T12:42:25.661+0000] {logging_mixin.py:137} INFO - [2024-02-19T12:42:25.661+0000] {dag.py:2690} INFO - Sync 1 DAGs
[2024-02-19T12:42:25.674+0000] {logging_mixin.py:137} INFO - [2024-02-19T12:42:25.674+0000] {dag.py:3441} INFO - Setting next_dagrun for example_xcom to 2021-01-01T00:00:00+00:00, run_after=2021-01-01T00:00:00+00:00
[2024-02-19T12:42:25.685+0000] {processor.py:175} INFO - Processing /home/airflow/.local/lib/python3.7/site-packages/airflow/example_dags/example_xcom.py took 0.055 seconds
[2024-02-19T12:42:56.148+0000] {processor.py:153} INFO - Started process (PID=4561) to work on /home/airflow/.local/lib/python3.7/site-packages/airflow/example_dags/example_xcom.py
[2024-02-19T12:42:56.149+0000] {processor.py:743} INFO - Processing file /home/airflow/.local/lib/python3.7/site-packages/airflow/example_dags/example_xcom.py for tasks to queue
[2024-02-19T12:42:56.149+0000] {logging_mixin.py:137} INFO - [2024-02-19T12:42:56.149+0000] {dagbag.py:538} INFO - Filling up the DagBag from /home/airflow/.local/lib/python3.7/site-packages/airflow/example_dags/example_xcom.py
[2024-02-19T12:42:56.162+0000] {processor.py:753} INFO - DAG(s) dict_keys(['example_xcom']) retrieved from /home/airflow/.local/lib/python3.7/site-packages/airflow/example_dags/example_xcom.py
[2024-02-19T12:42:56.176+0000] {logging_mixin.py:137} INFO - [2024-02-19T12:42:56.176+0000] {dag.py:2690} INFO - Sync 1 DAGs
[2024-02-19T12:42:56.191+0000] {logging_mixin.py:137} INFO - [2024-02-19T12:42:56.190+0000] {dag.py:3441} INFO - Setting next_dagrun for example_xcom to 2021-01-01T00:00:00+00:00, run_after=2021-01-01T00:00:00+00:00
[2024-02-19T12:42:56.202+0000] {processor.py:175} INFO - Processing /home/airflow/.local/lib/python3.7/site-packages/airflow/example_dags/example_xcom.py took 0.055 seconds
[2024-02-19T12:43:26.956+0000] {processor.py:153} INFO - Started process (PID=4696) to work on /home/airflow/.local/lib/python3.7/site-packages/airflow/example_dags/example_xcom.py
[2024-02-19T12:43:26.957+0000] {processor.py:743} INFO - Processing file /home/airflow/.local/lib/python3.7/site-packages/airflow/example_dags/example_xcom.py for tasks to queue
[2024-02-19T12:43:26.957+0000] {logging_mixin.py:137} INFO - [2024-02-19T12:43:26.957+0000] {dagbag.py:538} INFO - Filling up the DagBag from /home/airflow/.local/lib/python3.7/site-packages/airflow/example_dags/example_xcom.py
[2024-02-19T12:43:26.970+0000] {processor.py:753} INFO - DAG(s) dict_keys(['example_xcom']) retrieved from /home/airflow/.local/lib/python3.7/site-packages/airflow/example_dags/example_xcom.py
[2024-02-19T12:43:26.984+0000] {logging_mixin.py:137} INFO - [2024-02-19T12:43:26.984+0000] {dag.py:2690} INFO - Sync 1 DAGs
[2024-02-19T12:43:26.998+0000] {logging_mixin.py:137} INFO - [2024-02-19T12:43:26.998+0000] {dag.py:3441} INFO - Setting next_dagrun for example_xcom to 2021-01-01T00:00:00+00:00, run_after=2021-01-01T00:00:00+00:00
[2024-02-19T12:43:27.009+0000] {processor.py:175} INFO - Processing /home/airflow/.local/lib/python3.7/site-packages/airflow/example_dags/example_xcom.py took 0.055 seconds
[2024-02-19T12:43:57.416+0000] {processor.py:153} INFO - Started process (PID=4799) to work on /home/airflow/.local/lib/python3.7/site-packages/airflow/example_dags/example_xcom.py
[2024-02-19T12:43:57.416+0000] {processor.py:743} INFO - Processing file /home/airflow/.local/lib/python3.7/site-packages/airflow/example_dags/example_xcom.py for tasks to queue
[2024-02-19T12:43:57.417+0000] {logging_mixin.py:137} INFO - [2024-02-19T12:43:57.417+0000] {dagbag.py:538} INFO - Filling up the DagBag from /home/airflow/.local/lib/python3.7/site-packages/airflow/example_dags/example_xcom.py
[2024-02-19T12:43:57.429+0000] {processor.py:753} INFO - DAG(s) dict_keys(['example_xcom']) retrieved from /home/airflow/.local/lib/python3.7/site-packages/airflow/example_dags/example_xcom.py
[2024-02-19T12:43:57.444+0000] {logging_mixin.py:137} INFO - [2024-02-19T12:43:57.443+0000] {dag.py:2690} INFO - Sync 1 DAGs
[2024-02-19T12:43:57.457+0000] {logging_mixin.py:137} INFO - [2024-02-19T12:43:57.457+0000] {dag.py:3441} INFO - Setting next_dagrun for example_xcom to 2021-01-01T00:00:00+00:00, run_after=2021-01-01T00:00:00+00:00
[2024-02-19T12:43:57.467+0000] {processor.py:175} INFO - Processing /home/airflow/.local/lib/python3.7/site-packages/airflow/example_dags/example_xcom.py took 0.053 seconds
[2024-02-19T12:44:27.866+0000] {processor.py:153} INFO - Started process (PID=4933) to work on /home/airflow/.local/lib/python3.7/site-packages/airflow/example_dags/example_xcom.py
[2024-02-19T12:44:27.867+0000] {processor.py:743} INFO - Processing file /home/airflow/.local/lib/python3.7/site-packages/airflow/example_dags/example_xcom.py for tasks to queue
[2024-02-19T12:44:27.867+0000] {logging_mixin.py:137} INFO - [2024-02-19T12:44:27.867+0000] {dagbag.py:538} INFO - Filling up the DagBag from /home/airflow/.local/lib/python3.7/site-packages/airflow/example_dags/example_xcom.py
[2024-02-19T12:44:27.881+0000] {processor.py:753} INFO - DAG(s) dict_keys(['example_xcom']) retrieved from /home/airflow/.local/lib/python3.7/site-packages/airflow/example_dags/example_xcom.py
[2024-02-19T12:44:27.895+0000] {logging_mixin.py:137} INFO - [2024-02-19T12:44:27.894+0000] {dag.py:2690} INFO - Sync 1 DAGs
[2024-02-19T12:44:27.909+0000] {logging_mixin.py:137} INFO - [2024-02-19T12:44:27.908+0000] {dag.py:3441} INFO - Setting next_dagrun for example_xcom to 2021-01-01T00:00:00+00:00, run_after=2021-01-01T00:00:00+00:00
[2024-02-19T12:44:27.919+0000] {processor.py:175} INFO - Processing /home/airflow/.local/lib/python3.7/site-packages/airflow/example_dags/example_xcom.py took 0.055 seconds
[2024-02-19T12:44:58.670+0000] {processor.py:153} INFO - Started process (PID=5068) to work on /home/airflow/.local/lib/python3.7/site-packages/airflow/example_dags/example_xcom.py
[2024-02-19T12:44:58.671+0000] {processor.py:743} INFO - Processing file /home/airflow/.local/lib/python3.7/site-packages/airflow/example_dags/example_xcom.py for tasks to queue
[2024-02-19T12:44:58.671+0000] {logging_mixin.py:137} INFO - [2024-02-19T12:44:58.671+0000] {dagbag.py:538} INFO - Filling up the DagBag from /home/airflow/.local/lib/python3.7/site-packages/airflow/example_dags/example_xcom.py
[2024-02-19T12:44:58.684+0000] {processor.py:753} INFO - DAG(s) dict_keys(['example_xcom']) retrieved from /home/airflow/.local/lib/python3.7/site-packages/airflow/example_dags/example_xcom.py
[2024-02-19T12:44:58.700+0000] {logging_mixin.py:137} INFO - [2024-02-19T12:44:58.699+0000] {dag.py:2690} INFO - Sync 1 DAGs
[2024-02-19T12:44:58.715+0000] {logging_mixin.py:137} INFO - [2024-02-19T12:44:58.714+0000] {dag.py:3441} INFO - Setting next_dagrun for example_xcom to 2021-01-01T00:00:00+00:00, run_after=2021-01-01T00:00:00+00:00
[2024-02-19T12:44:58.727+0000] {processor.py:175} INFO - Processing /home/airflow/.local/lib/python3.7/site-packages/airflow/example_dags/example_xcom.py took 0.059 seconds
[2024-02-19T12:45:29.227+0000] {processor.py:153} INFO - Started process (PID=5171) to work on /home/airflow/.local/lib/python3.7/site-packages/airflow/example_dags/example_xcom.py
[2024-02-19T12:45:29.228+0000] {processor.py:743} INFO - Processing file /home/airflow/.local/lib/python3.7/site-packages/airflow/example_dags/example_xcom.py for tasks to queue
[2024-02-19T12:45:29.229+0000] {logging_mixin.py:137} INFO - [2024-02-19T12:45:29.229+0000] {dagbag.py:538} INFO - Filling up the DagBag from /home/airflow/.local/lib/python3.7/site-packages/airflow/example_dags/example_xcom.py
[2024-02-19T12:45:29.253+0000] {processor.py:753} INFO - DAG(s) dict_keys(['example_xcom']) retrieved from /home/airflow/.local/lib/python3.7/site-packages/airflow/example_dags/example_xcom.py
[2024-02-19T12:45:29.268+0000] {logging_mixin.py:137} INFO - [2024-02-19T12:45:29.268+0000] {dag.py:2690} INFO - Sync 1 DAGs
[2024-02-19T12:45:29.283+0000] {logging_mixin.py:137} INFO - [2024-02-19T12:45:29.283+0000] {dag.py:3441} INFO - Setting next_dagrun for example_xcom to 2021-01-01T00:00:00+00:00, run_after=2021-01-01T00:00:00+00:00
[2024-02-19T12:45:29.294+0000] {processor.py:175} INFO - Processing /home/airflow/.local/lib/python3.7/site-packages/airflow/example_dags/example_xcom.py took 0.071 seconds
[2024-02-19T12:45:59.669+0000] {processor.py:153} INFO - Started process (PID=5306) to work on /home/airflow/.local/lib/python3.7/site-packages/airflow/example_dags/example_xcom.py
[2024-02-19T12:45:59.669+0000] {processor.py:743} INFO - Processing file /home/airflow/.local/lib/python3.7/site-packages/airflow/example_dags/example_xcom.py for tasks to queue
[2024-02-19T12:45:59.669+0000] {logging_mixin.py:137} INFO - [2024-02-19T12:45:59.669+0000] {dagbag.py:538} INFO - Filling up the DagBag from /home/airflow/.local/lib/python3.7/site-packages/airflow/example_dags/example_xcom.py
[2024-02-19T12:45:59.682+0000] {processor.py:753} INFO - DAG(s) dict_keys(['example_xcom']) retrieved from /home/airflow/.local/lib/python3.7/site-packages/airflow/example_dags/example_xcom.py
[2024-02-19T12:45:59.698+0000] {logging_mixin.py:137} INFO - [2024-02-19T12:45:59.698+0000] {dag.py:2690} INFO - Sync 1 DAGs
[2024-02-19T12:45:59.712+0000] {logging_mixin.py:137} INFO - [2024-02-19T12:45:59.712+0000] {dag.py:3441} INFO - Setting next_dagrun for example_xcom to 2021-01-01T00:00:00+00:00, run_after=2021-01-01T00:00:00+00:00
[2024-02-19T12:45:59.723+0000] {processor.py:175} INFO - Processing /home/airflow/.local/lib/python3.7/site-packages/airflow/example_dags/example_xcom.py took 0.056 seconds
[2024-02-19T12:46:30.385+0000] {processor.py:153} INFO - Started process (PID=5441) to work on /home/airflow/.local/lib/python3.7/site-packages/airflow/example_dags/example_xcom.py
[2024-02-19T12:46:30.385+0000] {processor.py:743} INFO - Processing file /home/airflow/.local/lib/python3.7/site-packages/airflow/example_dags/example_xcom.py for tasks to queue
[2024-02-19T12:46:30.386+0000] {logging_mixin.py:137} INFO - [2024-02-19T12:46:30.386+0000] {dagbag.py:538} INFO - Filling up the DagBag from /home/airflow/.local/lib/python3.7/site-packages/airflow/example_dags/example_xcom.py
[2024-02-19T12:46:30.400+0000] {processor.py:753} INFO - DAG(s) dict_keys(['example_xcom']) retrieved from /home/airflow/.local/lib/python3.7/site-packages/airflow/example_dags/example_xcom.py
[2024-02-19T12:46:30.417+0000] {logging_mixin.py:137} INFO - [2024-02-19T12:46:30.416+0000] {dag.py:2690} INFO - Sync 1 DAGs
[2024-02-19T12:46:30.432+0000] {logging_mixin.py:137} INFO - [2024-02-19T12:46:30.432+0000] {dag.py:3441} INFO - Setting next_dagrun for example_xcom to 2021-01-01T00:00:00+00:00, run_after=2021-01-01T00:00:00+00:00
[2024-02-19T12:46:30.444+0000] {processor.py:175} INFO - Processing /home/airflow/.local/lib/python3.7/site-packages/airflow/example_dags/example_xcom.py took 0.061 seconds
[2024-02-19T12:47:00.865+0000] {processor.py:153} INFO - Started process (PID=5544) to work on /home/airflow/.local/lib/python3.7/site-packages/airflow/example_dags/example_xcom.py
[2024-02-19T12:47:00.866+0000] {processor.py:743} INFO - Processing file /home/airflow/.local/lib/python3.7/site-packages/airflow/example_dags/example_xcom.py for tasks to queue
[2024-02-19T12:47:00.866+0000] {logging_mixin.py:137} INFO - [2024-02-19T12:47:00.866+0000] {dagbag.py:538} INFO - Filling up the DagBag from /home/airflow/.local/lib/python3.7/site-packages/airflow/example_dags/example_xcom.py
[2024-02-19T12:47:00.879+0000] {processor.py:753} INFO - DAG(s) dict_keys(['example_xcom']) retrieved from /home/airflow/.local/lib/python3.7/site-packages/airflow/example_dags/example_xcom.py
[2024-02-19T12:47:00.894+0000] {logging_mixin.py:137} INFO - [2024-02-19T12:47:00.894+0000] {dag.py:2690} INFO - Sync 1 DAGs
[2024-02-19T12:47:00.908+0000] {logging_mixin.py:137} INFO - [2024-02-19T12:47:00.908+0000] {dag.py:3441} INFO - Setting next_dagrun for example_xcom to 2021-01-01T00:00:00+00:00, run_after=2021-01-01T00:00:00+00:00
[2024-02-19T12:47:00.919+0000] {processor.py:175} INFO - Processing /home/airflow/.local/lib/python3.7/site-packages/airflow/example_dags/example_xcom.py took 0.055 seconds
[2024-02-19T12:47:31.315+0000] {processor.py:153} INFO - Started process (PID=5679) to work on /home/airflow/.local/lib/python3.7/site-packages/airflow/example_dags/example_xcom.py
[2024-02-19T12:47:31.315+0000] {processor.py:743} INFO - Processing file /home/airflow/.local/lib/python3.7/site-packages/airflow/example_dags/example_xcom.py for tasks to queue
[2024-02-19T12:47:31.316+0000] {logging_mixin.py:137} INFO - [2024-02-19T12:47:31.316+0000] {dagbag.py:538} INFO - Filling up the DagBag from /home/airflow/.local/lib/python3.7/site-packages/airflow/example_dags/example_xcom.py
[2024-02-19T12:47:31.329+0000] {processor.py:753} INFO - DAG(s) dict_keys(['example_xcom']) retrieved from /home/airflow/.local/lib/python3.7/site-packages/airflow/example_dags/example_xcom.py
[2024-02-19T12:47:31.343+0000] {logging_mixin.py:137} INFO - [2024-02-19T12:47:31.343+0000] {dag.py:2690} INFO - Sync 1 DAGs
[2024-02-19T12:47:31.358+0000] {logging_mixin.py:137} INFO - [2024-02-19T12:47:31.358+0000] {dag.py:3441} INFO - Setting next_dagrun for example_xcom to 2021-01-01T00:00:00+00:00, run_after=2021-01-01T00:00:00+00:00
[2024-02-19T12:47:31.369+0000] {processor.py:175} INFO - Processing /home/airflow/.local/lib/python3.7/site-packages/airflow/example_dags/example_xcom.py took 0.056 seconds
[2024-02-19T12:48:01.939+0000] {processor.py:153} INFO - Started process (PID=5814) to work on /home/airflow/.local/lib/python3.7/site-packages/airflow/example_dags/example_xcom.py
[2024-02-19T12:48:01.940+0000] {processor.py:743} INFO - Processing file /home/airflow/.local/lib/python3.7/site-packages/airflow/example_dags/example_xcom.py for tasks to queue
[2024-02-19T12:48:01.940+0000] {logging_mixin.py:137} INFO - [2024-02-19T12:48:01.940+0000] {dagbag.py:538} INFO - Filling up the DagBag from /home/airflow/.local/lib/python3.7/site-packages/airflow/example_dags/example_xcom.py
[2024-02-19T12:48:01.954+0000] {processor.py:753} INFO - DAG(s) dict_keys(['example_xcom']) retrieved from /home/airflow/.local/lib/python3.7/site-packages/airflow/example_dags/example_xcom.py
[2024-02-19T12:48:01.971+0000] {logging_mixin.py:137} INFO - [2024-02-19T12:48:01.971+0000] {dag.py:2690} INFO - Sync 1 DAGs
[2024-02-19T12:48:01.987+0000] {logging_mixin.py:137} INFO - [2024-02-19T12:48:01.986+0000] {dag.py:3441} INFO - Setting next_dagrun for example_xcom to 2021-01-01T00:00:00+00:00, run_after=2021-01-01T00:00:00+00:00
[2024-02-19T12:48:01.999+0000] {processor.py:175} INFO - Processing /home/airflow/.local/lib/python3.7/site-packages/airflow/example_dags/example_xcom.py took 0.062 seconds
[2024-02-19T12:48:32.488+0000] {processor.py:153} INFO - Started process (PID=5917) to work on /home/airflow/.local/lib/python3.7/site-packages/airflow/example_dags/example_xcom.py
[2024-02-19T12:48:32.488+0000] {processor.py:743} INFO - Processing file /home/airflow/.local/lib/python3.7/site-packages/airflow/example_dags/example_xcom.py for tasks to queue
[2024-02-19T12:48:32.489+0000] {logging_mixin.py:137} INFO - [2024-02-19T12:48:32.489+0000] {dagbag.py:538} INFO - Filling up the DagBag from /home/airflow/.local/lib/python3.7/site-packages/airflow/example_dags/example_xcom.py
[2024-02-19T12:48:32.503+0000] {processor.py:753} INFO - DAG(s) dict_keys(['example_xcom']) retrieved from /home/airflow/.local/lib/python3.7/site-packages/airflow/example_dags/example_xcom.py
[2024-02-19T12:48:32.519+0000] {logging_mixin.py:137} INFO - [2024-02-19T12:48:32.519+0000] {dag.py:2690} INFO - Sync 1 DAGs
[2024-02-19T12:48:32.536+0000] {logging_mixin.py:137} INFO - [2024-02-19T12:48:32.536+0000] {dag.py:3441} INFO - Setting next_dagrun for example_xcom to 2021-01-01T00:00:00+00:00, run_after=2021-01-01T00:00:00+00:00
[2024-02-19T12:48:32.548+0000] {processor.py:175} INFO - Processing /home/airflow/.local/lib/python3.7/site-packages/airflow/example_dags/example_xcom.py took 0.062 seconds
[2024-02-19T12:49:03.090+0000] {processor.py:153} INFO - Started process (PID=6052) to work on /home/airflow/.local/lib/python3.7/site-packages/airflow/example_dags/example_xcom.py
[2024-02-19T12:49:03.090+0000] {processor.py:743} INFO - Processing file /home/airflow/.local/lib/python3.7/site-packages/airflow/example_dags/example_xcom.py for tasks to queue
[2024-02-19T12:49:03.091+0000] {logging_mixin.py:137} INFO - [2024-02-19T12:49:03.091+0000] {dagbag.py:538} INFO - Filling up the DagBag from /home/airflow/.local/lib/python3.7/site-packages/airflow/example_dags/example_xcom.py
[2024-02-19T12:49:03.104+0000] {processor.py:753} INFO - DAG(s) dict_keys(['example_xcom']) retrieved from /home/airflow/.local/lib/python3.7/site-packages/airflow/example_dags/example_xcom.py
[2024-02-19T12:49:03.117+0000] {logging_mixin.py:137} INFO - [2024-02-19T12:49:03.117+0000] {dag.py:2690} INFO - Sync 1 DAGs
[2024-02-19T12:49:03.132+0000] {logging_mixin.py:137} INFO - [2024-02-19T12:49:03.131+0000] {dag.py:3441} INFO - Setting next_dagrun for example_xcom to 2021-01-01T00:00:00+00:00, run_after=2021-01-01T00:00:00+00:00
[2024-02-19T12:49:03.142+0000] {processor.py:175} INFO - Processing /home/airflow/.local/lib/python3.7/site-packages/airflow/example_dags/example_xcom.py took 0.054 seconds
[2024-02-19T12:49:33.807+0000] {processor.py:153} INFO - Started process (PID=6187) to work on /home/airflow/.local/lib/python3.7/site-packages/airflow/example_dags/example_xcom.py
[2024-02-19T12:49:33.808+0000] {processor.py:743} INFO - Processing file /home/airflow/.local/lib/python3.7/site-packages/airflow/example_dags/example_xcom.py for tasks to queue
[2024-02-19T12:49:33.809+0000] {logging_mixin.py:137} INFO - [2024-02-19T12:49:33.808+0000] {dagbag.py:538} INFO - Filling up the DagBag from /home/airflow/.local/lib/python3.7/site-packages/airflow/example_dags/example_xcom.py
[2024-02-19T12:49:33.826+0000] {processor.py:753} INFO - DAG(s) dict_keys(['example_xcom']) retrieved from /home/airflow/.local/lib/python3.7/site-packages/airflow/example_dags/example_xcom.py
[2024-02-19T12:49:33.842+0000] {logging_mixin.py:137} INFO - [2024-02-19T12:49:33.842+0000] {dag.py:2690} INFO - Sync 1 DAGs
[2024-02-19T12:49:33.858+0000] {logging_mixin.py:137} INFO - [2024-02-19T12:49:33.858+0000] {dag.py:3441} INFO - Setting next_dagrun for example_xcom to 2021-01-01T00:00:00+00:00, run_after=2021-01-01T00:00:00+00:00
[2024-02-19T12:49:33.869+0000] {processor.py:175} INFO - Processing /home/airflow/.local/lib/python3.7/site-packages/airflow/example_dags/example_xcom.py took 0.064 seconds
[2024-02-19T12:50:04.358+0000] {processor.py:153} INFO - Started process (PID=6290) to work on /home/airflow/.local/lib/python3.7/site-packages/airflow/example_dags/example_xcom.py
[2024-02-19T12:50:04.358+0000] {processor.py:743} INFO - Processing file /home/airflow/.local/lib/python3.7/site-packages/airflow/example_dags/example_xcom.py for tasks to queue
[2024-02-19T12:50:04.359+0000] {logging_mixin.py:137} INFO - [2024-02-19T12:50:04.359+0000] {dagbag.py:538} INFO - Filling up the DagBag from /home/airflow/.local/lib/python3.7/site-packages/airflow/example_dags/example_xcom.py
[2024-02-19T12:50:04.372+0000] {processor.py:753} INFO - DAG(s) dict_keys(['example_xcom']) retrieved from /home/airflow/.local/lib/python3.7/site-packages/airflow/example_dags/example_xcom.py
[2024-02-19T12:50:04.386+0000] {logging_mixin.py:137} INFO - [2024-02-19T12:50:04.386+0000] {dag.py:2690} INFO - Sync 1 DAGs
[2024-02-19T12:50:04.400+0000] {logging_mixin.py:137} INFO - [2024-02-19T12:50:04.400+0000] {dag.py:3441} INFO - Setting next_dagrun for example_xcom to 2021-01-01T00:00:00+00:00, run_after=2021-01-01T00:00:00+00:00
[2024-02-19T12:50:04.411+0000] {processor.py:175} INFO - Processing /home/airflow/.local/lib/python3.7/site-packages/airflow/example_dags/example_xcom.py took 0.055 seconds
[2024-02-19T12:50:34.820+0000] {processor.py:153} INFO - Started process (PID=6425) to work on /home/airflow/.local/lib/python3.7/site-packages/airflow/example_dags/example_xcom.py
[2024-02-19T12:50:34.821+0000] {processor.py:743} INFO - Processing file /home/airflow/.local/lib/python3.7/site-packages/airflow/example_dags/example_xcom.py for tasks to queue
[2024-02-19T12:50:34.821+0000] {logging_mixin.py:137} INFO - [2024-02-19T12:50:34.821+0000] {dagbag.py:538} INFO - Filling up the DagBag from /home/airflow/.local/lib/python3.7/site-packages/airflow/example_dags/example_xcom.py
[2024-02-19T12:50:34.834+0000] {processor.py:753} INFO - DAG(s) dict_keys(['example_xcom']) retrieved from /home/airflow/.local/lib/python3.7/site-packages/airflow/example_dags/example_xcom.py
[2024-02-19T12:50:34.849+0000] {logging_mixin.py:137} INFO - [2024-02-19T12:50:34.849+0000] {dag.py:2690} INFO - Sync 1 DAGs
[2024-02-19T12:50:34.864+0000] {logging_mixin.py:137} INFO - [2024-02-19T12:50:34.863+0000] {dag.py:3441} INFO - Setting next_dagrun for example_xcom to 2021-01-01T00:00:00+00:00, run_after=2021-01-01T00:00:00+00:00
[2024-02-19T12:50:34.875+0000] {processor.py:175} INFO - Processing /home/airflow/.local/lib/python3.7/site-packages/airflow/example_dags/example_xcom.py took 0.057 seconds
[2024-02-19T12:51:05.494+0000] {processor.py:153} INFO - Started process (PID=6534) to work on /home/airflow/.local/lib/python3.7/site-packages/airflow/example_dags/example_xcom.py
[2024-02-19T12:51:05.495+0000] {processor.py:743} INFO - Processing file /home/airflow/.local/lib/python3.7/site-packages/airflow/example_dags/example_xcom.py for tasks to queue
[2024-02-19T12:51:05.496+0000] {logging_mixin.py:137} INFO - [2024-02-19T12:51:05.496+0000] {dagbag.py:538} INFO - Filling up the DagBag from /home/airflow/.local/lib/python3.7/site-packages/airflow/example_dags/example_xcom.py
[2024-02-19T12:51:05.517+0000] {processor.py:753} INFO - DAG(s) dict_keys(['example_xcom']) retrieved from /home/airflow/.local/lib/python3.7/site-packages/airflow/example_dags/example_xcom.py
[2024-02-19T12:51:05.540+0000] {logging_mixin.py:137} INFO - [2024-02-19T12:51:05.540+0000] {dag.py:2690} INFO - Sync 1 DAGs
[2024-02-19T12:51:05.564+0000] {logging_mixin.py:137} INFO - [2024-02-19T12:51:05.564+0000] {dag.py:3441} INFO - Setting next_dagrun for example_xcom to 2021-01-01T00:00:00+00:00, run_after=2021-01-01T00:00:00+00:00
[2024-02-19T12:51:05.580+0000] {processor.py:175} INFO - Processing /home/airflow/.local/lib/python3.7/site-packages/airflow/example_dags/example_xcom.py took 0.089 seconds
[2024-02-19T12:51:36.281+0000] {processor.py:153} INFO - Started process (PID=6662) to work on /home/airflow/.local/lib/python3.7/site-packages/airflow/example_dags/example_xcom.py
[2024-02-19T12:51:36.282+0000] {processor.py:743} INFO - Processing file /home/airflow/.local/lib/python3.7/site-packages/airflow/example_dags/example_xcom.py for tasks to queue
[2024-02-19T12:51:36.282+0000] {logging_mixin.py:137} INFO - [2024-02-19T12:51:36.282+0000] {dagbag.py:538} INFO - Filling up the DagBag from /home/airflow/.local/lib/python3.7/site-packages/airflow/example_dags/example_xcom.py
[2024-02-19T12:51:36.301+0000] {processor.py:753} INFO - DAG(s) dict_keys(['example_xcom']) retrieved from /home/airflow/.local/lib/python3.7/site-packages/airflow/example_dags/example_xcom.py
[2024-02-19T12:51:36.321+0000] {logging_mixin.py:137} INFO - [2024-02-19T12:51:36.321+0000] {dag.py:2690} INFO - Sync 1 DAGs
[2024-02-19T12:51:36.340+0000] {logging_mixin.py:137} INFO - [2024-02-19T12:51:36.340+0000] {dag.py:3441} INFO - Setting next_dagrun for example_xcom to 2021-01-01T00:00:00+00:00, run_after=2021-01-01T00:00:00+00:00
[2024-02-19T12:51:36.354+0000] {processor.py:175} INFO - Processing /home/airflow/.local/lib/python3.7/site-packages/airflow/example_dags/example_xcom.py took 0.076 seconds
[2024-02-19T12:52:07.574+0000] {processor.py:153} INFO - Started process (PID=6797) to work on /home/airflow/.local/lib/python3.7/site-packages/airflow/example_dags/example_xcom.py
[2024-02-19T12:52:07.575+0000] {processor.py:743} INFO - Processing file /home/airflow/.local/lib/python3.7/site-packages/airflow/example_dags/example_xcom.py for tasks to queue
[2024-02-19T12:52:07.576+0000] {logging_mixin.py:137} INFO - [2024-02-19T12:52:07.575+0000] {dagbag.py:538} INFO - Filling up the DagBag from /home/airflow/.local/lib/python3.7/site-packages/airflow/example_dags/example_xcom.py
[2024-02-19T12:52:07.598+0000] {processor.py:753} INFO - DAG(s) dict_keys(['example_xcom']) retrieved from /home/airflow/.local/lib/python3.7/site-packages/airflow/example_dags/example_xcom.py
[2024-02-19T12:52:07.621+0000] {logging_mixin.py:137} INFO - [2024-02-19T12:52:07.621+0000] {dag.py:2690} INFO - Sync 1 DAGs
[2024-02-19T12:52:07.647+0000] {logging_mixin.py:137} INFO - [2024-02-19T12:52:07.646+0000] {dag.py:3441} INFO - Setting next_dagrun for example_xcom to 2021-01-01T00:00:00+00:00, run_after=2021-01-01T00:00:00+00:00
[2024-02-19T12:52:07.665+0000] {processor.py:175} INFO - Processing /home/airflow/.local/lib/python3.7/site-packages/airflow/example_dags/example_xcom.py took 0.094 seconds
[2024-02-19T12:52:38.331+0000] {processor.py:153} INFO - Started process (PID=6900) to work on /home/airflow/.local/lib/python3.7/site-packages/airflow/example_dags/example_xcom.py
[2024-02-19T12:52:38.332+0000] {processor.py:743} INFO - Processing file /home/airflow/.local/lib/python3.7/site-packages/airflow/example_dags/example_xcom.py for tasks to queue
[2024-02-19T12:52:38.333+0000] {logging_mixin.py:137} INFO - [2024-02-19T12:52:38.332+0000] {dagbag.py:538} INFO - Filling up the DagBag from /home/airflow/.local/lib/python3.7/site-packages/airflow/example_dags/example_xcom.py
[2024-02-19T12:52:38.348+0000] {processor.py:753} INFO - DAG(s) dict_keys(['example_xcom']) retrieved from /home/airflow/.local/lib/python3.7/site-packages/airflow/example_dags/example_xcom.py
[2024-02-19T12:52:38.366+0000] {logging_mixin.py:137} INFO - [2024-02-19T12:52:38.366+0000] {dag.py:2690} INFO - Sync 1 DAGs
[2024-02-19T12:52:38.384+0000] {logging_mixin.py:137} INFO - [2024-02-19T12:52:38.384+0000] {dag.py:3441} INFO - Setting next_dagrun for example_xcom to 2021-01-01T00:00:00+00:00, run_after=2021-01-01T00:00:00+00:00
[2024-02-19T12:52:38.398+0000] {processor.py:175} INFO - Processing /home/airflow/.local/lib/python3.7/site-packages/airflow/example_dags/example_xcom.py took 0.069 seconds
[2024-02-19T12:53:09.269+0000] {processor.py:153} INFO - Started process (PID=7035) to work on /home/airflow/.local/lib/python3.7/site-packages/airflow/example_dags/example_xcom.py
[2024-02-19T12:53:09.270+0000] {processor.py:743} INFO - Processing file /home/airflow/.local/lib/python3.7/site-packages/airflow/example_dags/example_xcom.py for tasks to queue
[2024-02-19T12:53:09.270+0000] {logging_mixin.py:137} INFO - [2024-02-19T12:53:09.270+0000] {dagbag.py:538} INFO - Filling up the DagBag from /home/airflow/.local/lib/python3.7/site-packages/airflow/example_dags/example_xcom.py
[2024-02-19T12:53:09.286+0000] {processor.py:753} INFO - DAG(s) dict_keys(['example_xcom']) retrieved from /home/airflow/.local/lib/python3.7/site-packages/airflow/example_dags/example_xcom.py
[2024-02-19T12:53:09.304+0000] {logging_mixin.py:137} INFO - [2024-02-19T12:53:09.303+0000] {dag.py:2690} INFO - Sync 1 DAGs
[2024-02-19T12:53:09.320+0000] {logging_mixin.py:137} INFO - [2024-02-19T12:53:09.319+0000] {dag.py:3441} INFO - Setting next_dagrun for example_xcom to 2021-01-01T00:00:00+00:00, run_after=2021-01-01T00:00:00+00:00
[2024-02-19T12:53:09.332+0000] {processor.py:175} INFO - Processing /home/airflow/.local/lib/python3.7/site-packages/airflow/example_dags/example_xcom.py took 0.065 seconds
[2024-02-19T12:53:40.085+0000] {processor.py:153} INFO - Started process (PID=7171) to work on /home/airflow/.local/lib/python3.7/site-packages/airflow/example_dags/example_xcom.py
[2024-02-19T12:53:40.086+0000] {processor.py:743} INFO - Processing file /home/airflow/.local/lib/python3.7/site-packages/airflow/example_dags/example_xcom.py for tasks to queue
[2024-02-19T12:53:40.086+0000] {logging_mixin.py:137} INFO - [2024-02-19T12:53:40.086+0000] {dagbag.py:538} INFO - Filling up the DagBag from /home/airflow/.local/lib/python3.7/site-packages/airflow/example_dags/example_xcom.py
[2024-02-19T12:53:40.106+0000] {processor.py:753} INFO - DAG(s) dict_keys(['example_xcom']) retrieved from /home/airflow/.local/lib/python3.7/site-packages/airflow/example_dags/example_xcom.py
[2024-02-19T12:53:40.128+0000] {logging_mixin.py:137} INFO - [2024-02-19T12:53:40.128+0000] {dag.py:2690} INFO - Sync 1 DAGs
[2024-02-19T12:53:40.149+0000] {logging_mixin.py:137} INFO - [2024-02-19T12:53:40.149+0000] {dag.py:3441} INFO - Setting next_dagrun for example_xcom to 2021-01-01T00:00:00+00:00, run_after=2021-01-01T00:00:00+00:00
[2024-02-19T12:53:40.165+0000] {processor.py:175} INFO - Processing /home/airflow/.local/lib/python3.7/site-packages/airflow/example_dags/example_xcom.py took 0.083 seconds
[2024-02-19T12:54:10.183+0000] {processor.py:153} INFO - Started process (PID=7274) to work on /home/airflow/.local/lib/python3.7/site-packages/airflow/example_dags/example_xcom.py
[2024-02-19T12:54:10.184+0000] {processor.py:743} INFO - Processing file /home/airflow/.local/lib/python3.7/site-packages/airflow/example_dags/example_xcom.py for tasks to queue
[2024-02-19T12:54:10.185+0000] {logging_mixin.py:137} INFO - [2024-02-19T12:54:10.184+0000] {dagbag.py:538} INFO - Filling up the DagBag from /home/airflow/.local/lib/python3.7/site-packages/airflow/example_dags/example_xcom.py
[2024-02-19T12:54:10.201+0000] {processor.py:753} INFO - DAG(s) dict_keys(['example_xcom']) retrieved from /home/airflow/.local/lib/python3.7/site-packages/airflow/example_dags/example_xcom.py
[2024-02-19T12:54:10.218+0000] {logging_mixin.py:137} INFO - [2024-02-19T12:54:10.218+0000] {dag.py:2690} INFO - Sync 1 DAGs
[2024-02-19T12:54:10.235+0000] {logging_mixin.py:137} INFO - [2024-02-19T12:54:10.235+0000] {dag.py:3441} INFO - Setting next_dagrun for example_xcom to 2021-01-01T00:00:00+00:00, run_after=2021-01-01T00:00:00+00:00
[2024-02-19T12:54:10.250+0000] {processor.py:175} INFO - Processing /home/airflow/.local/lib/python3.7/site-packages/airflow/example_dags/example_xcom.py took 0.069 seconds
[2024-02-19T12:54:41.236+0000] {processor.py:153} INFO - Started process (PID=7409) to work on /home/airflow/.local/lib/python3.7/site-packages/airflow/example_dags/example_xcom.py
[2024-02-19T12:54:41.237+0000] {processor.py:743} INFO - Processing file /home/airflow/.local/lib/python3.7/site-packages/airflow/example_dags/example_xcom.py for tasks to queue
[2024-02-19T12:54:41.237+0000] {logging_mixin.py:137} INFO - [2024-02-19T12:54:41.237+0000] {dagbag.py:538} INFO - Filling up the DagBag from /home/airflow/.local/lib/python3.7/site-packages/airflow/example_dags/example_xcom.py
[2024-02-19T12:54:41.255+0000] {processor.py:753} INFO - DAG(s) dict_keys(['example_xcom']) retrieved from /home/airflow/.local/lib/python3.7/site-packages/airflow/example_dags/example_xcom.py
[2024-02-19T12:54:41.274+0000] {logging_mixin.py:137} INFO - [2024-02-19T12:54:41.274+0000] {dag.py:2690} INFO - Sync 1 DAGs
[2024-02-19T12:54:41.295+0000] {logging_mixin.py:137} INFO - [2024-02-19T12:54:41.295+0000] {dag.py:3441} INFO - Setting next_dagrun for example_xcom to 2021-01-01T00:00:00+00:00, run_after=2021-01-01T00:00:00+00:00
[2024-02-19T12:54:41.311+0000] {processor.py:175} INFO - Processing /home/airflow/.local/lib/python3.7/site-packages/airflow/example_dags/example_xcom.py took 0.077 seconds
[2024-02-19T12:55:11.930+0000] {processor.py:153} INFO - Started process (PID=7512) to work on /home/airflow/.local/lib/python3.7/site-packages/airflow/example_dags/example_xcom.py
[2024-02-19T12:55:11.931+0000] {processor.py:743} INFO - Processing file /home/airflow/.local/lib/python3.7/site-packages/airflow/example_dags/example_xcom.py for tasks to queue
[2024-02-19T12:55:11.931+0000] {logging_mixin.py:137} INFO - [2024-02-19T12:55:11.931+0000] {dagbag.py:538} INFO - Filling up the DagBag from /home/airflow/.local/lib/python3.7/site-packages/airflow/example_dags/example_xcom.py
[2024-02-19T12:55:11.947+0000] {processor.py:753} INFO - DAG(s) dict_keys(['example_xcom']) retrieved from /home/airflow/.local/lib/python3.7/site-packages/airflow/example_dags/example_xcom.py
[2024-02-19T12:55:11.966+0000] {logging_mixin.py:137} INFO - [2024-02-19T12:55:11.966+0000] {dag.py:2690} INFO - Sync 1 DAGs
[2024-02-19T12:55:11.988+0000] {logging_mixin.py:137} INFO - [2024-02-19T12:55:11.988+0000] {dag.py:3441} INFO - Setting next_dagrun for example_xcom to 2021-01-01T00:00:00+00:00, run_after=2021-01-01T00:00:00+00:00
[2024-02-19T12:55:12.005+0000] {processor.py:175} INFO - Processing /home/airflow/.local/lib/python3.7/site-packages/airflow/example_dags/example_xcom.py took 0.078 seconds
[2024-02-19T12:55:42.716+0000] {processor.py:153} INFO - Started process (PID=7647) to work on /home/airflow/.local/lib/python3.7/site-packages/airflow/example_dags/example_xcom.py
[2024-02-19T12:55:42.716+0000] {processor.py:743} INFO - Processing file /home/airflow/.local/lib/python3.7/site-packages/airflow/example_dags/example_xcom.py for tasks to queue
[2024-02-19T12:55:42.717+0000] {logging_mixin.py:137} INFO - [2024-02-19T12:55:42.717+0000] {dagbag.py:538} INFO - Filling up the DagBag from /home/airflow/.local/lib/python3.7/site-packages/airflow/example_dags/example_xcom.py
[2024-02-19T12:55:42.735+0000] {processor.py:753} INFO - DAG(s) dict_keys(['example_xcom']) retrieved from /home/airflow/.local/lib/python3.7/site-packages/airflow/example_dags/example_xcom.py
[2024-02-19T12:55:42.756+0000] {logging_mixin.py:137} INFO - [2024-02-19T12:55:42.756+0000] {dag.py:2690} INFO - Sync 1 DAGs
[2024-02-19T12:55:42.777+0000] {logging_mixin.py:137} INFO - [2024-02-19T12:55:42.776+0000] {dag.py:3441} INFO - Setting next_dagrun for example_xcom to 2021-01-01T00:00:00+00:00, run_after=2021-01-01T00:00:00+00:00
[2024-02-19T12:55:42.793+0000] {processor.py:175} INFO - Processing /home/airflow/.local/lib/python3.7/site-packages/airflow/example_dags/example_xcom.py took 0.080 seconds
[2024-02-19T12:56:13.585+0000] {processor.py:153} INFO - Started process (PID=7782) to work on /home/airflow/.local/lib/python3.7/site-packages/airflow/example_dags/example_xcom.py
[2024-02-19T12:56:13.585+0000] {processor.py:743} INFO - Processing file /home/airflow/.local/lib/python3.7/site-packages/airflow/example_dags/example_xcom.py for tasks to queue
[2024-02-19T12:56:13.586+0000] {logging_mixin.py:137} INFO - [2024-02-19T12:56:13.586+0000] {dagbag.py:538} INFO - Filling up the DagBag from /home/airflow/.local/lib/python3.7/site-packages/airflow/example_dags/example_xcom.py
[2024-02-19T12:56:13.604+0000] {processor.py:753} INFO - DAG(s) dict_keys(['example_xcom']) retrieved from /home/airflow/.local/lib/python3.7/site-packages/airflow/example_dags/example_xcom.py
[2024-02-19T12:56:13.624+0000] {logging_mixin.py:137} INFO - [2024-02-19T12:56:13.624+0000] {dag.py:2690} INFO - Sync 1 DAGs
[2024-02-19T12:56:13.646+0000] {logging_mixin.py:137} INFO - [2024-02-19T12:56:13.645+0000] {dag.py:3441} INFO - Setting next_dagrun for example_xcom to 2021-01-01T00:00:00+00:00, run_after=2021-01-01T00:00:00+00:00
[2024-02-19T12:56:13.662+0000] {processor.py:175} INFO - Processing /home/airflow/.local/lib/python3.7/site-packages/airflow/example_dags/example_xcom.py took 0.080 seconds
[2024-02-19T12:56:44.361+0000] {processor.py:153} INFO - Started process (PID=7885) to work on /home/airflow/.local/lib/python3.7/site-packages/airflow/example_dags/example_xcom.py
[2024-02-19T12:56:44.362+0000] {processor.py:743} INFO - Processing file /home/airflow/.local/lib/python3.7/site-packages/airflow/example_dags/example_xcom.py for tasks to queue
[2024-02-19T12:56:44.363+0000] {logging_mixin.py:137} INFO - [2024-02-19T12:56:44.363+0000] {dagbag.py:538} INFO - Filling up the DagBag from /home/airflow/.local/lib/python3.7/site-packages/airflow/example_dags/example_xcom.py
[2024-02-19T12:56:44.381+0000] {processor.py:753} INFO - DAG(s) dict_keys(['example_xcom']) retrieved from /home/airflow/.local/lib/python3.7/site-packages/airflow/example_dags/example_xcom.py
[2024-02-19T12:56:44.402+0000] {logging_mixin.py:137} INFO - [2024-02-19T12:56:44.402+0000] {dag.py:2690} INFO - Sync 1 DAGs
[2024-02-19T12:56:44.423+0000] {logging_mixin.py:137} INFO - [2024-02-19T12:56:44.423+0000] {dag.py:3441} INFO - Setting next_dagrun for example_xcom to 2021-01-01T00:00:00+00:00, run_after=2021-01-01T00:00:00+00:00
[2024-02-19T12:56:44.439+0000] {processor.py:175} INFO - Processing /home/airflow/.local/lib/python3.7/site-packages/airflow/example_dags/example_xcom.py took 0.080 seconds
[2024-02-19T12:57:15.292+0000] {processor.py:153} INFO - Started process (PID=8020) to work on /home/airflow/.local/lib/python3.7/site-packages/airflow/example_dags/example_xcom.py
[2024-02-19T12:57:15.292+0000] {processor.py:743} INFO - Processing file /home/airflow/.local/lib/python3.7/site-packages/airflow/example_dags/example_xcom.py for tasks to queue
[2024-02-19T12:57:15.293+0000] {logging_mixin.py:137} INFO - [2024-02-19T12:57:15.292+0000] {dagbag.py:538} INFO - Filling up the DagBag from /home/airflow/.local/lib/python3.7/site-packages/airflow/example_dags/example_xcom.py
[2024-02-19T12:57:15.310+0000] {processor.py:753} INFO - DAG(s) dict_keys(['example_xcom']) retrieved from /home/airflow/.local/lib/python3.7/site-packages/airflow/example_dags/example_xcom.py
[2024-02-19T12:57:15.329+0000] {logging_mixin.py:137} INFO - [2024-02-19T12:57:15.329+0000] {dag.py:2690} INFO - Sync 1 DAGs
[2024-02-19T12:57:15.347+0000] {logging_mixin.py:137} INFO - [2024-02-19T12:57:15.347+0000] {dag.py:3441} INFO - Setting next_dagrun for example_xcom to 2021-01-01T00:00:00+00:00, run_after=2021-01-01T00:00:00+00:00
[2024-02-19T12:57:15.361+0000] {processor.py:175} INFO - Processing /home/airflow/.local/lib/python3.7/site-packages/airflow/example_dags/example_xcom.py took 0.072 seconds
[2024-02-19T12:57:46.177+0000] {processor.py:153} INFO - Started process (PID=8155) to work on /home/airflow/.local/lib/python3.7/site-packages/airflow/example_dags/example_xcom.py
[2024-02-19T12:57:46.178+0000] {processor.py:743} INFO - Processing file /home/airflow/.local/lib/python3.7/site-packages/airflow/example_dags/example_xcom.py for tasks to queue
[2024-02-19T12:57:46.179+0000] {logging_mixin.py:137} INFO - [2024-02-19T12:57:46.179+0000] {dagbag.py:538} INFO - Filling up the DagBag from /home/airflow/.local/lib/python3.7/site-packages/airflow/example_dags/example_xcom.py
[2024-02-19T12:57:46.199+0000] {processor.py:753} INFO - DAG(s) dict_keys(['example_xcom']) retrieved from /home/airflow/.local/lib/python3.7/site-packages/airflow/example_dags/example_xcom.py
[2024-02-19T12:57:46.220+0000] {logging_mixin.py:137} INFO - [2024-02-19T12:57:46.220+0000] {dag.py:2690} INFO - Sync 1 DAGs
[2024-02-19T12:57:46.246+0000] {logging_mixin.py:137} INFO - [2024-02-19T12:57:46.245+0000] {dag.py:3441} INFO - Setting next_dagrun for example_xcom to 2021-01-01T00:00:00+00:00, run_after=2021-01-01T00:00:00+00:00
[2024-02-19T12:57:46.273+0000] {processor.py:175} INFO - Processing /home/airflow/.local/lib/python3.7/site-packages/airflow/example_dags/example_xcom.py took 0.098 seconds
[2024-02-19T12:58:16.320+0000] {processor.py:153} INFO - Started process (PID=8257) to work on /home/airflow/.local/lib/python3.7/site-packages/airflow/example_dags/example_xcom.py
[2024-02-19T12:58:16.320+0000] {processor.py:743} INFO - Processing file /home/airflow/.local/lib/python3.7/site-packages/airflow/example_dags/example_xcom.py for tasks to queue
[2024-02-19T12:58:16.321+0000] {logging_mixin.py:137} INFO - [2024-02-19T12:58:16.321+0000] {dagbag.py:538} INFO - Filling up the DagBag from /home/airflow/.local/lib/python3.7/site-packages/airflow/example_dags/example_xcom.py
[2024-02-19T12:58:16.339+0000] {processor.py:753} INFO - DAG(s) dict_keys(['example_xcom']) retrieved from /home/airflow/.local/lib/python3.7/site-packages/airflow/example_dags/example_xcom.py
[2024-02-19T12:58:16.357+0000] {logging_mixin.py:137} INFO - [2024-02-19T12:58:16.357+0000] {dag.py:2690} INFO - Sync 1 DAGs
[2024-02-19T12:58:16.377+0000] {logging_mixin.py:137} INFO - [2024-02-19T12:58:16.376+0000] {dag.py:3441} INFO - Setting next_dagrun for example_xcom to 2021-01-01T00:00:00+00:00, run_after=2021-01-01T00:00:00+00:00
[2024-02-19T12:58:16.391+0000] {processor.py:175} INFO - Processing /home/airflow/.local/lib/python3.7/site-packages/airflow/example_dags/example_xcom.py took 0.073 seconds
