[2024-02-19T12:24:38.566+0000] {processor.py:153} INFO - Started process (PID=90) to work on /home/airflow/.local/lib/python3.7/site-packages/airflow/example_dags/example_kubernetes_executor.py
[2024-02-19T12:24:38.566+0000] {processor.py:743} INFO - Processing file /home/airflow/.local/lib/python3.7/site-packages/airflow/example_dags/example_kubernetes_executor.py for tasks to queue
[2024-02-19T12:24:38.567+0000] {logging_mixin.py:137} INFO - [2024-02-19T12:24:38.567+0000] {dagbag.py:538} INFO - Filling up the DagBag from /home/airflow/.local/lib/python3.7/site-packages/airflow/example_dags/example_kubernetes_executor.py
[2024-02-19T12:24:38.586+0000] {processor.py:753} INFO - DAG(s) dict_keys(['example_kubernetes_executor']) retrieved from /home/airflow/.local/lib/python3.7/site-packages/airflow/example_dags/example_kubernetes_executor.py
[2024-02-19T12:24:38.593+0000] {logging_mixin.py:137} INFO - [2024-02-19T12:24:38.593+0000] {dag.py:2690} INFO - Sync 1 DAGs
[2024-02-19T12:24:38.608+0000] {logging_mixin.py:137} INFO - [2024-02-19T12:24:38.608+0000] {dag.py:3441} INFO - Setting next_dagrun for example_kubernetes_executor to None, run_after=None
[2024-02-19T12:24:38.620+0000] {processor.py:175} INFO - Processing /home/airflow/.local/lib/python3.7/site-packages/airflow/example_dags/example_kubernetes_executor.py took 0.057 seconds
[2024-02-19T12:25:09.047+0000] {processor.py:153} INFO - Started process (PID=225) to work on /home/airflow/.local/lib/python3.7/site-packages/airflow/example_dags/example_kubernetes_executor.py
[2024-02-19T12:25:09.048+0000] {processor.py:743} INFO - Processing file /home/airflow/.local/lib/python3.7/site-packages/airflow/example_dags/example_kubernetes_executor.py for tasks to queue
[2024-02-19T12:25:09.048+0000] {logging_mixin.py:137} INFO - [2024-02-19T12:25:09.048+0000] {dagbag.py:538} INFO - Filling up the DagBag from /home/airflow/.local/lib/python3.7/site-packages/airflow/example_dags/example_kubernetes_executor.py
[2024-02-19T12:25:09.064+0000] {processor.py:753} INFO - DAG(s) dict_keys(['example_kubernetes_executor']) retrieved from /home/airflow/.local/lib/python3.7/site-packages/airflow/example_dags/example_kubernetes_executor.py
[2024-02-19T12:25:09.080+0000] {logging_mixin.py:137} INFO - [2024-02-19T12:25:09.080+0000] {dag.py:2690} INFO - Sync 1 DAGs
[2024-02-19T12:25:09.094+0000] {logging_mixin.py:137} INFO - [2024-02-19T12:25:09.094+0000] {dag.py:3441} INFO - Setting next_dagrun for example_kubernetes_executor to None, run_after=None
[2024-02-19T12:25:09.106+0000] {processor.py:175} INFO - Processing /home/airflow/.local/lib/python3.7/site-packages/airflow/example_dags/example_kubernetes_executor.py took 0.061 seconds
[2024-02-19T12:25:39.505+0000] {processor.py:153} INFO - Started process (PID=337) to work on /home/airflow/.local/lib/python3.7/site-packages/airflow/example_dags/example_kubernetes_executor.py
[2024-02-19T12:25:39.506+0000] {processor.py:743} INFO - Processing file /home/airflow/.local/lib/python3.7/site-packages/airflow/example_dags/example_kubernetes_executor.py for tasks to queue
[2024-02-19T12:25:39.506+0000] {logging_mixin.py:137} INFO - [2024-02-19T12:25:39.506+0000] {dagbag.py:538} INFO - Filling up the DagBag from /home/airflow/.local/lib/python3.7/site-packages/airflow/example_dags/example_kubernetes_executor.py
[2024-02-19T12:25:39.527+0000] {processor.py:753} INFO - DAG(s) dict_keys(['example_kubernetes_executor']) retrieved from /home/airflow/.local/lib/python3.7/site-packages/airflow/example_dags/example_kubernetes_executor.py
[2024-02-19T12:25:39.548+0000] {logging_mixin.py:137} INFO - [2024-02-19T12:25:39.547+0000] {dag.py:2690} INFO - Sync 1 DAGs
[2024-02-19T12:25:39.569+0000] {logging_mixin.py:137} INFO - [2024-02-19T12:25:39.569+0000] {dag.py:3441} INFO - Setting next_dagrun for example_kubernetes_executor to None, run_after=None
[2024-02-19T12:25:39.584+0000] {processor.py:175} INFO - Processing /home/airflow/.local/lib/python3.7/site-packages/airflow/example_dags/example_kubernetes_executor.py took 0.082 seconds
[2024-02-19T12:26:09.894+0000] {processor.py:153} INFO - Started process (PID=463) to work on /home/airflow/.local/lib/python3.7/site-packages/airflow/example_dags/example_kubernetes_executor.py
[2024-02-19T12:26:09.895+0000] {processor.py:743} INFO - Processing file /home/airflow/.local/lib/python3.7/site-packages/airflow/example_dags/example_kubernetes_executor.py for tasks to queue
[2024-02-19T12:26:09.895+0000] {logging_mixin.py:137} INFO - [2024-02-19T12:26:09.895+0000] {dagbag.py:538} INFO - Filling up the DagBag from /home/airflow/.local/lib/python3.7/site-packages/airflow/example_dags/example_kubernetes_executor.py
[2024-02-19T12:26:09.911+0000] {processor.py:753} INFO - DAG(s) dict_keys(['example_kubernetes_executor']) retrieved from /home/airflow/.local/lib/python3.7/site-packages/airflow/example_dags/example_kubernetes_executor.py
[2024-02-19T12:26:09.928+0000] {logging_mixin.py:137} INFO - [2024-02-19T12:26:09.928+0000] {dag.py:2690} INFO - Sync 1 DAGs
[2024-02-19T12:26:09.942+0000] {logging_mixin.py:137} INFO - [2024-02-19T12:26:09.942+0000] {dag.py:3441} INFO - Setting next_dagrun for example_kubernetes_executor to None, run_after=None
[2024-02-19T12:26:09.954+0000] {processor.py:175} INFO - Processing /home/airflow/.local/lib/python3.7/site-packages/airflow/example_dags/example_kubernetes_executor.py took 0.062 seconds
[2024-02-19T12:26:40.292+0000] {processor.py:153} INFO - Started process (PID=598) to work on /home/airflow/.local/lib/python3.7/site-packages/airflow/example_dags/example_kubernetes_executor.py
[2024-02-19T12:26:40.292+0000] {processor.py:743} INFO - Processing file /home/airflow/.local/lib/python3.7/site-packages/airflow/example_dags/example_kubernetes_executor.py for tasks to queue
[2024-02-19T12:26:40.293+0000] {logging_mixin.py:137} INFO - [2024-02-19T12:26:40.293+0000] {dagbag.py:538} INFO - Filling up the DagBag from /home/airflow/.local/lib/python3.7/site-packages/airflow/example_dags/example_kubernetes_executor.py
[2024-02-19T12:26:40.308+0000] {processor.py:753} INFO - DAG(s) dict_keys(['example_kubernetes_executor']) retrieved from /home/airflow/.local/lib/python3.7/site-packages/airflow/example_dags/example_kubernetes_executor.py
[2024-02-19T12:26:40.324+0000] {logging_mixin.py:137} INFO - [2024-02-19T12:26:40.324+0000] {dag.py:2690} INFO - Sync 1 DAGs
[2024-02-19T12:26:40.338+0000] {logging_mixin.py:137} INFO - [2024-02-19T12:26:40.338+0000] {dag.py:3441} INFO - Setting next_dagrun for example_kubernetes_executor to None, run_after=None
[2024-02-19T12:26:40.349+0000] {processor.py:175} INFO - Processing /home/airflow/.local/lib/python3.7/site-packages/airflow/example_dags/example_kubernetes_executor.py took 0.059 seconds
[2024-02-19T12:27:10.714+0000] {processor.py:153} INFO - Started process (PID=701) to work on /home/airflow/.local/lib/python3.7/site-packages/airflow/example_dags/example_kubernetes_executor.py
[2024-02-19T12:27:10.715+0000] {processor.py:743} INFO - Processing file /home/airflow/.local/lib/python3.7/site-packages/airflow/example_dags/example_kubernetes_executor.py for tasks to queue
[2024-02-19T12:27:10.715+0000] {logging_mixin.py:137} INFO - [2024-02-19T12:27:10.715+0000] {dagbag.py:538} INFO - Filling up the DagBag from /home/airflow/.local/lib/python3.7/site-packages/airflow/example_dags/example_kubernetes_executor.py
[2024-02-19T12:27:10.731+0000] {processor.py:753} INFO - DAG(s) dict_keys(['example_kubernetes_executor']) retrieved from /home/airflow/.local/lib/python3.7/site-packages/airflow/example_dags/example_kubernetes_executor.py
[2024-02-19T12:27:10.748+0000] {logging_mixin.py:137} INFO - [2024-02-19T12:27:10.748+0000] {dag.py:2690} INFO - Sync 1 DAGs
[2024-02-19T12:27:10.761+0000] {logging_mixin.py:137} INFO - [2024-02-19T12:27:10.761+0000] {dag.py:3441} INFO - Setting next_dagrun for example_kubernetes_executor to None, run_after=None
[2024-02-19T12:27:10.772+0000] {processor.py:175} INFO - Processing /home/airflow/.local/lib/python3.7/site-packages/airflow/example_dags/example_kubernetes_executor.py took 0.059 seconds
[2024-02-19T12:27:41.140+0000] {processor.py:153} INFO - Started process (PID=836) to work on /home/airflow/.local/lib/python3.7/site-packages/airflow/example_dags/example_kubernetes_executor.py
[2024-02-19T12:27:41.140+0000] {processor.py:743} INFO - Processing file /home/airflow/.local/lib/python3.7/site-packages/airflow/example_dags/example_kubernetes_executor.py for tasks to queue
[2024-02-19T12:27:41.140+0000] {logging_mixin.py:137} INFO - [2024-02-19T12:27:41.140+0000] {dagbag.py:538} INFO - Filling up the DagBag from /home/airflow/.local/lib/python3.7/site-packages/airflow/example_dags/example_kubernetes_executor.py
[2024-02-19T12:27:41.156+0000] {processor.py:753} INFO - DAG(s) dict_keys(['example_kubernetes_executor']) retrieved from /home/airflow/.local/lib/python3.7/site-packages/airflow/example_dags/example_kubernetes_executor.py
[2024-02-19T12:27:41.172+0000] {logging_mixin.py:137} INFO - [2024-02-19T12:27:41.172+0000] {dag.py:2690} INFO - Sync 1 DAGs
[2024-02-19T12:27:41.186+0000] {logging_mixin.py:137} INFO - [2024-02-19T12:27:41.186+0000] {dag.py:3441} INFO - Setting next_dagrun for example_kubernetes_executor to None, run_after=None
[2024-02-19T12:27:41.196+0000] {processor.py:175} INFO - Processing /home/airflow/.local/lib/python3.7/site-packages/airflow/example_dags/example_kubernetes_executor.py took 0.058 seconds
[2024-02-19T12:28:11.550+0000] {processor.py:153} INFO - Started process (PID=972) to work on /home/airflow/.local/lib/python3.7/site-packages/airflow/example_dags/example_kubernetes_executor.py
[2024-02-19T12:28:11.551+0000] {processor.py:743} INFO - Processing file /home/airflow/.local/lib/python3.7/site-packages/airflow/example_dags/example_kubernetes_executor.py for tasks to queue
[2024-02-19T12:28:11.552+0000] {logging_mixin.py:137} INFO - [2024-02-19T12:28:11.551+0000] {dagbag.py:538} INFO - Filling up the DagBag from /home/airflow/.local/lib/python3.7/site-packages/airflow/example_dags/example_kubernetes_executor.py
[2024-02-19T12:28:11.569+0000] {processor.py:753} INFO - DAG(s) dict_keys(['example_kubernetes_executor']) retrieved from /home/airflow/.local/lib/python3.7/site-packages/airflow/example_dags/example_kubernetes_executor.py
[2024-02-19T12:28:11.586+0000] {logging_mixin.py:137} INFO - [2024-02-19T12:28:11.586+0000] {dag.py:2690} INFO - Sync 1 DAGs
[2024-02-19T12:28:11.600+0000] {logging_mixin.py:137} INFO - [2024-02-19T12:28:11.600+0000] {dag.py:3441} INFO - Setting next_dagrun for example_kubernetes_executor to None, run_after=None
[2024-02-19T12:28:11.612+0000] {processor.py:175} INFO - Processing /home/airflow/.local/lib/python3.7/site-packages/airflow/example_dags/example_kubernetes_executor.py took 0.063 seconds
[2024-02-19T12:28:42.008+0000] {processor.py:153} INFO - Started process (PID=1075) to work on /home/airflow/.local/lib/python3.7/site-packages/airflow/example_dags/example_kubernetes_executor.py
[2024-02-19T12:28:42.009+0000] {processor.py:743} INFO - Processing file /home/airflow/.local/lib/python3.7/site-packages/airflow/example_dags/example_kubernetes_executor.py for tasks to queue
[2024-02-19T12:28:42.009+0000] {logging_mixin.py:137} INFO - [2024-02-19T12:28:42.009+0000] {dagbag.py:538} INFO - Filling up the DagBag from /home/airflow/.local/lib/python3.7/site-packages/airflow/example_dags/example_kubernetes_executor.py
[2024-02-19T12:28:42.025+0000] {processor.py:753} INFO - DAG(s) dict_keys(['example_kubernetes_executor']) retrieved from /home/airflow/.local/lib/python3.7/site-packages/airflow/example_dags/example_kubernetes_executor.py
[2024-02-19T12:28:42.041+0000] {logging_mixin.py:137} INFO - [2024-02-19T12:28:42.040+0000] {dag.py:2690} INFO - Sync 1 DAGs
[2024-02-19T12:28:42.054+0000] {logging_mixin.py:137} INFO - [2024-02-19T12:28:42.054+0000] {dag.py:3441} INFO - Setting next_dagrun for example_kubernetes_executor to None, run_after=None
[2024-02-19T12:28:42.064+0000] {processor.py:175} INFO - Processing /home/airflow/.local/lib/python3.7/site-packages/airflow/example_dags/example_kubernetes_executor.py took 0.058 seconds
[2024-02-19T12:29:12.658+0000] {processor.py:153} INFO - Started process (PID=1210) to work on /home/airflow/.local/lib/python3.7/site-packages/airflow/example_dags/example_kubernetes_executor.py
[2024-02-19T12:29:12.658+0000] {processor.py:743} INFO - Processing file /home/airflow/.local/lib/python3.7/site-packages/airflow/example_dags/example_kubernetes_executor.py for tasks to queue
[2024-02-19T12:29:12.659+0000] {logging_mixin.py:137} INFO - [2024-02-19T12:29:12.659+0000] {dagbag.py:538} INFO - Filling up the DagBag from /home/airflow/.local/lib/python3.7/site-packages/airflow/example_dags/example_kubernetes_executor.py
[2024-02-19T12:29:12.675+0000] {processor.py:753} INFO - DAG(s) dict_keys(['example_kubernetes_executor']) retrieved from /home/airflow/.local/lib/python3.7/site-packages/airflow/example_dags/example_kubernetes_executor.py
[2024-02-19T12:29:12.693+0000] {logging_mixin.py:137} INFO - [2024-02-19T12:29:12.692+0000] {dag.py:2690} INFO - Sync 1 DAGs
[2024-02-19T12:29:12.711+0000] {logging_mixin.py:137} INFO - [2024-02-19T12:29:12.711+0000] {dag.py:3441} INFO - Setting next_dagrun for example_kubernetes_executor to None, run_after=None
[2024-02-19T12:29:12.724+0000] {processor.py:175} INFO - Processing /home/airflow/.local/lib/python3.7/site-packages/airflow/example_dags/example_kubernetes_executor.py took 0.068 seconds
[2024-02-19T12:29:43.165+0000] {processor.py:153} INFO - Started process (PID=1345) to work on /home/airflow/.local/lib/python3.7/site-packages/airflow/example_dags/example_kubernetes_executor.py
[2024-02-19T12:29:43.165+0000] {processor.py:743} INFO - Processing file /home/airflow/.local/lib/python3.7/site-packages/airflow/example_dags/example_kubernetes_executor.py for tasks to queue
[2024-02-19T12:29:43.166+0000] {logging_mixin.py:137} INFO - [2024-02-19T12:29:43.166+0000] {dagbag.py:538} INFO - Filling up the DagBag from /home/airflow/.local/lib/python3.7/site-packages/airflow/example_dags/example_kubernetes_executor.py
[2024-02-19T12:29:43.182+0000] {processor.py:753} INFO - DAG(s) dict_keys(['example_kubernetes_executor']) retrieved from /home/airflow/.local/lib/python3.7/site-packages/airflow/example_dags/example_kubernetes_executor.py
[2024-02-19T12:29:43.197+0000] {logging_mixin.py:137} INFO - [2024-02-19T12:29:43.197+0000] {dag.py:2690} INFO - Sync 1 DAGs
[2024-02-19T12:29:43.211+0000] {logging_mixin.py:137} INFO - [2024-02-19T12:29:43.211+0000] {dag.py:3441} INFO - Setting next_dagrun for example_kubernetes_executor to None, run_after=None
[2024-02-19T12:29:43.222+0000] {processor.py:175} INFO - Processing /home/airflow/.local/lib/python3.7/site-packages/airflow/example_dags/example_kubernetes_executor.py took 0.059 seconds
[2024-02-19T12:30:13.686+0000] {processor.py:153} INFO - Started process (PID=1448) to work on /home/airflow/.local/lib/python3.7/site-packages/airflow/example_dags/example_kubernetes_executor.py
[2024-02-19T12:30:13.686+0000] {processor.py:743} INFO - Processing file /home/airflow/.local/lib/python3.7/site-packages/airflow/example_dags/example_kubernetes_executor.py for tasks to queue
[2024-02-19T12:30:13.687+0000] {logging_mixin.py:137} INFO - [2024-02-19T12:30:13.687+0000] {dagbag.py:538} INFO - Filling up the DagBag from /home/airflow/.local/lib/python3.7/site-packages/airflow/example_dags/example_kubernetes_executor.py
[2024-02-19T12:30:13.707+0000] {processor.py:753} INFO - DAG(s) dict_keys(['example_kubernetes_executor']) retrieved from /home/airflow/.local/lib/python3.7/site-packages/airflow/example_dags/example_kubernetes_executor.py
[2024-02-19T12:30:13.724+0000] {logging_mixin.py:137} INFO - [2024-02-19T12:30:13.724+0000] {dag.py:2690} INFO - Sync 1 DAGs
[2024-02-19T12:30:13.738+0000] {logging_mixin.py:137} INFO - [2024-02-19T12:30:13.738+0000] {dag.py:3441} INFO - Setting next_dagrun for example_kubernetes_executor to None, run_after=None
[2024-02-19T12:30:13.750+0000] {processor.py:175} INFO - Processing /home/airflow/.local/lib/python3.7/site-packages/airflow/example_dags/example_kubernetes_executor.py took 0.067 seconds
[2024-02-19T12:30:44.142+0000] {processor.py:153} INFO - Started process (PID=1583) to work on /home/airflow/.local/lib/python3.7/site-packages/airflow/example_dags/example_kubernetes_executor.py
[2024-02-19T12:30:44.143+0000] {processor.py:743} INFO - Processing file /home/airflow/.local/lib/python3.7/site-packages/airflow/example_dags/example_kubernetes_executor.py for tasks to queue
[2024-02-19T12:30:44.143+0000] {logging_mixin.py:137} INFO - [2024-02-19T12:30:44.143+0000] {dagbag.py:538} INFO - Filling up the DagBag from /home/airflow/.local/lib/python3.7/site-packages/airflow/example_dags/example_kubernetes_executor.py
[2024-02-19T12:30:44.160+0000] {processor.py:753} INFO - DAG(s) dict_keys(['example_kubernetes_executor']) retrieved from /home/airflow/.local/lib/python3.7/site-packages/airflow/example_dags/example_kubernetes_executor.py
[2024-02-19T12:30:44.175+0000] {logging_mixin.py:137} INFO - [2024-02-19T12:30:44.175+0000] {dag.py:2690} INFO - Sync 1 DAGs
[2024-02-19T12:30:44.190+0000] {logging_mixin.py:137} INFO - [2024-02-19T12:30:44.190+0000] {dag.py:3441} INFO - Setting next_dagrun for example_kubernetes_executor to None, run_after=None
[2024-02-19T12:30:44.202+0000] {processor.py:175} INFO - Processing /home/airflow/.local/lib/python3.7/site-packages/airflow/example_dags/example_kubernetes_executor.py took 0.061 seconds
[2024-02-19T12:31:14.621+0000] {processor.py:153} INFO - Started process (PID=1720) to work on /home/airflow/.local/lib/python3.7/site-packages/airflow/example_dags/example_kubernetes_executor.py
[2024-02-19T12:31:14.622+0000] {processor.py:743} INFO - Processing file /home/airflow/.local/lib/python3.7/site-packages/airflow/example_dags/example_kubernetes_executor.py for tasks to queue
[2024-02-19T12:31:14.622+0000] {logging_mixin.py:137} INFO - [2024-02-19T12:31:14.622+0000] {dagbag.py:538} INFO - Filling up the DagBag from /home/airflow/.local/lib/python3.7/site-packages/airflow/example_dags/example_kubernetes_executor.py
[2024-02-19T12:31:14.638+0000] {processor.py:753} INFO - DAG(s) dict_keys(['example_kubernetes_executor']) retrieved from /home/airflow/.local/lib/python3.7/site-packages/airflow/example_dags/example_kubernetes_executor.py
[2024-02-19T12:31:14.656+0000] {logging_mixin.py:137} INFO - [2024-02-19T12:31:14.656+0000] {dag.py:2690} INFO - Sync 1 DAGs
[2024-02-19T12:31:14.670+0000] {logging_mixin.py:137} INFO - [2024-02-19T12:31:14.670+0000] {dag.py:3441} INFO - Setting next_dagrun for example_kubernetes_executor to None, run_after=None
[2024-02-19T12:31:14.681+0000] {processor.py:175} INFO - Processing /home/airflow/.local/lib/python3.7/site-packages/airflow/example_dags/example_kubernetes_executor.py took 0.061 seconds
[2024-02-19T12:31:45.019+0000] {processor.py:153} INFO - Started process (PID=1821) to work on /home/airflow/.local/lib/python3.7/site-packages/airflow/example_dags/example_kubernetes_executor.py
[2024-02-19T12:31:45.020+0000] {processor.py:743} INFO - Processing file /home/airflow/.local/lib/python3.7/site-packages/airflow/example_dags/example_kubernetes_executor.py for tasks to queue
[2024-02-19T12:31:45.020+0000] {logging_mixin.py:137} INFO - [2024-02-19T12:31:45.020+0000] {dagbag.py:538} INFO - Filling up the DagBag from /home/airflow/.local/lib/python3.7/site-packages/airflow/example_dags/example_kubernetes_executor.py
[2024-02-19T12:31:45.038+0000] {processor.py:753} INFO - DAG(s) dict_keys(['example_kubernetes_executor']) retrieved from /home/airflow/.local/lib/python3.7/site-packages/airflow/example_dags/example_kubernetes_executor.py
[2024-02-19T12:31:45.055+0000] {logging_mixin.py:137} INFO - [2024-02-19T12:31:45.054+0000] {dag.py:2690} INFO - Sync 1 DAGs
[2024-02-19T12:31:45.069+0000] {logging_mixin.py:137} INFO - [2024-02-19T12:31:45.069+0000] {dag.py:3441} INFO - Setting next_dagrun for example_kubernetes_executor to None, run_after=None
[2024-02-19T12:31:45.080+0000] {processor.py:175} INFO - Processing /home/airflow/.local/lib/python3.7/site-packages/airflow/example_dags/example_kubernetes_executor.py took 0.062 seconds
[2024-02-19T12:32:15.487+0000] {processor.py:153} INFO - Started process (PID=1956) to work on /home/airflow/.local/lib/python3.7/site-packages/airflow/example_dags/example_kubernetes_executor.py
[2024-02-19T12:32:15.488+0000] {processor.py:743} INFO - Processing file /home/airflow/.local/lib/python3.7/site-packages/airflow/example_dags/example_kubernetes_executor.py for tasks to queue
[2024-02-19T12:32:15.489+0000] {logging_mixin.py:137} INFO - [2024-02-19T12:32:15.489+0000] {dagbag.py:538} INFO - Filling up the DagBag from /home/airflow/.local/lib/python3.7/site-packages/airflow/example_dags/example_kubernetes_executor.py
[2024-02-19T12:32:15.507+0000] {processor.py:753} INFO - DAG(s) dict_keys(['example_kubernetes_executor']) retrieved from /home/airflow/.local/lib/python3.7/site-packages/airflow/example_dags/example_kubernetes_executor.py
[2024-02-19T12:32:15.523+0000] {logging_mixin.py:137} INFO - [2024-02-19T12:32:15.523+0000] {dag.py:2690} INFO - Sync 1 DAGs
[2024-02-19T12:32:15.539+0000] {logging_mixin.py:137} INFO - [2024-02-19T12:32:15.539+0000] {dag.py:3441} INFO - Setting next_dagrun for example_kubernetes_executor to None, run_after=None
[2024-02-19T12:32:15.550+0000] {processor.py:175} INFO - Processing /home/airflow/.local/lib/python3.7/site-packages/airflow/example_dags/example_kubernetes_executor.py took 0.065 seconds
[2024-02-19T12:32:46.019+0000] {processor.py:153} INFO - Started process (PID=2091) to work on /home/airflow/.local/lib/python3.7/site-packages/airflow/example_dags/example_kubernetes_executor.py
[2024-02-19T12:32:46.019+0000] {processor.py:743} INFO - Processing file /home/airflow/.local/lib/python3.7/site-packages/airflow/example_dags/example_kubernetes_executor.py for tasks to queue
[2024-02-19T12:32:46.020+0000] {logging_mixin.py:137} INFO - [2024-02-19T12:32:46.020+0000] {dagbag.py:538} INFO - Filling up the DagBag from /home/airflow/.local/lib/python3.7/site-packages/airflow/example_dags/example_kubernetes_executor.py
[2024-02-19T12:32:46.035+0000] {processor.py:753} INFO - DAG(s) dict_keys(['example_kubernetes_executor']) retrieved from /home/airflow/.local/lib/python3.7/site-packages/airflow/example_dags/example_kubernetes_executor.py
[2024-02-19T12:32:46.053+0000] {logging_mixin.py:137} INFO - [2024-02-19T12:32:46.053+0000] {dag.py:2690} INFO - Sync 1 DAGs
[2024-02-19T12:32:46.067+0000] {logging_mixin.py:137} INFO - [2024-02-19T12:32:46.067+0000] {dag.py:3441} INFO - Setting next_dagrun for example_kubernetes_executor to None, run_after=None
[2024-02-19T12:32:46.079+0000] {processor.py:175} INFO - Processing /home/airflow/.local/lib/python3.7/site-packages/airflow/example_dags/example_kubernetes_executor.py took 0.062 seconds
[2024-02-19T12:33:16.546+0000] {processor.py:153} INFO - Started process (PID=2194) to work on /home/airflow/.local/lib/python3.7/site-packages/airflow/example_dags/example_kubernetes_executor.py
[2024-02-19T12:33:16.547+0000] {processor.py:743} INFO - Processing file /home/airflow/.local/lib/python3.7/site-packages/airflow/example_dags/example_kubernetes_executor.py for tasks to queue
[2024-02-19T12:33:16.547+0000] {logging_mixin.py:137} INFO - [2024-02-19T12:33:16.547+0000] {dagbag.py:538} INFO - Filling up the DagBag from /home/airflow/.local/lib/python3.7/site-packages/airflow/example_dags/example_kubernetes_executor.py
[2024-02-19T12:33:16.563+0000] {processor.py:753} INFO - DAG(s) dict_keys(['example_kubernetes_executor']) retrieved from /home/airflow/.local/lib/python3.7/site-packages/airflow/example_dags/example_kubernetes_executor.py
[2024-02-19T12:33:16.580+0000] {logging_mixin.py:137} INFO - [2024-02-19T12:33:16.579+0000] {dag.py:2690} INFO - Sync 1 DAGs
[2024-02-19T12:33:16.593+0000] {logging_mixin.py:137} INFO - [2024-02-19T12:33:16.593+0000] {dag.py:3441} INFO - Setting next_dagrun for example_kubernetes_executor to None, run_after=None
[2024-02-19T12:33:16.604+0000] {processor.py:175} INFO - Processing /home/airflow/.local/lib/python3.7/site-packages/airflow/example_dags/example_kubernetes_executor.py took 0.059 seconds
[2024-02-19T12:33:47.003+0000] {processor.py:153} INFO - Started process (PID=2331) to work on /home/airflow/.local/lib/python3.7/site-packages/airflow/example_dags/example_kubernetes_executor.py
[2024-02-19T12:33:47.004+0000] {processor.py:743} INFO - Processing file /home/airflow/.local/lib/python3.7/site-packages/airflow/example_dags/example_kubernetes_executor.py for tasks to queue
[2024-02-19T12:33:47.004+0000] {logging_mixin.py:137} INFO - [2024-02-19T12:33:47.004+0000] {dagbag.py:538} INFO - Filling up the DagBag from /home/airflow/.local/lib/python3.7/site-packages/airflow/example_dags/example_kubernetes_executor.py
[2024-02-19T12:33:47.021+0000] {processor.py:753} INFO - DAG(s) dict_keys(['example_kubernetes_executor']) retrieved from /home/airflow/.local/lib/python3.7/site-packages/airflow/example_dags/example_kubernetes_executor.py
[2024-02-19T12:33:47.037+0000] {logging_mixin.py:137} INFO - [2024-02-19T12:33:47.037+0000] {dag.py:2690} INFO - Sync 1 DAGs
[2024-02-19T12:33:47.050+0000] {logging_mixin.py:137} INFO - [2024-02-19T12:33:47.050+0000] {dag.py:3441} INFO - Setting next_dagrun for example_kubernetes_executor to None, run_after=None
[2024-02-19T12:33:47.061+0000] {processor.py:175} INFO - Processing /home/airflow/.local/lib/python3.7/site-packages/airflow/example_dags/example_kubernetes_executor.py took 0.059 seconds
[2024-02-19T12:34:17.414+0000] {processor.py:153} INFO - Started process (PID=2464) to work on /home/airflow/.local/lib/python3.7/site-packages/airflow/example_dags/example_kubernetes_executor.py
[2024-02-19T12:34:17.415+0000] {processor.py:743} INFO - Processing file /home/airflow/.local/lib/python3.7/site-packages/airflow/example_dags/example_kubernetes_executor.py for tasks to queue
[2024-02-19T12:34:17.415+0000] {logging_mixin.py:137} INFO - [2024-02-19T12:34:17.415+0000] {dagbag.py:538} INFO - Filling up the DagBag from /home/airflow/.local/lib/python3.7/site-packages/airflow/example_dags/example_kubernetes_executor.py
[2024-02-19T12:34:17.431+0000] {processor.py:753} INFO - DAG(s) dict_keys(['example_kubernetes_executor']) retrieved from /home/airflow/.local/lib/python3.7/site-packages/airflow/example_dags/example_kubernetes_executor.py
[2024-02-19T12:34:17.447+0000] {logging_mixin.py:137} INFO - [2024-02-19T12:34:17.447+0000] {dag.py:2690} INFO - Sync 1 DAGs
[2024-02-19T12:34:17.461+0000] {logging_mixin.py:137} INFO - [2024-02-19T12:34:17.461+0000] {dag.py:3441} INFO - Setting next_dagrun for example_kubernetes_executor to None, run_after=None
[2024-02-19T12:34:17.471+0000] {processor.py:175} INFO - Processing /home/airflow/.local/lib/python3.7/site-packages/airflow/example_dags/example_kubernetes_executor.py took 0.059 seconds
[2024-02-19T12:34:47.970+0000] {processor.py:153} INFO - Started process (PID=2567) to work on /home/airflow/.local/lib/python3.7/site-packages/airflow/example_dags/example_kubernetes_executor.py
[2024-02-19T12:34:47.971+0000] {processor.py:743} INFO - Processing file /home/airflow/.local/lib/python3.7/site-packages/airflow/example_dags/example_kubernetes_executor.py for tasks to queue
[2024-02-19T12:34:47.971+0000] {logging_mixin.py:137} INFO - [2024-02-19T12:34:47.971+0000] {dagbag.py:538} INFO - Filling up the DagBag from /home/airflow/.local/lib/python3.7/site-packages/airflow/example_dags/example_kubernetes_executor.py
[2024-02-19T12:34:47.987+0000] {processor.py:753} INFO - DAG(s) dict_keys(['example_kubernetes_executor']) retrieved from /home/airflow/.local/lib/python3.7/site-packages/airflow/example_dags/example_kubernetes_executor.py
[2024-02-19T12:34:48.003+0000] {logging_mixin.py:137} INFO - [2024-02-19T12:34:48.003+0000] {dag.py:2690} INFO - Sync 1 DAGs
[2024-02-19T12:34:48.017+0000] {logging_mixin.py:137} INFO - [2024-02-19T12:34:48.017+0000] {dag.py:3441} INFO - Setting next_dagrun for example_kubernetes_executor to None, run_after=None
[2024-02-19T12:34:48.027+0000] {processor.py:175} INFO - Processing /home/airflow/.local/lib/python3.7/site-packages/airflow/example_dags/example_kubernetes_executor.py took 0.059 seconds
[2024-02-19T12:35:18.540+0000] {processor.py:153} INFO - Started process (PID=2702) to work on /home/airflow/.local/lib/python3.7/site-packages/airflow/example_dags/example_kubernetes_executor.py
[2024-02-19T12:35:18.540+0000] {processor.py:743} INFO - Processing file /home/airflow/.local/lib/python3.7/site-packages/airflow/example_dags/example_kubernetes_executor.py for tasks to queue
[2024-02-19T12:35:18.541+0000] {logging_mixin.py:137} INFO - [2024-02-19T12:35:18.540+0000] {dagbag.py:538} INFO - Filling up the DagBag from /home/airflow/.local/lib/python3.7/site-packages/airflow/example_dags/example_kubernetes_executor.py
[2024-02-19T12:35:18.557+0000] {processor.py:753} INFO - DAG(s) dict_keys(['example_kubernetes_executor']) retrieved from /home/airflow/.local/lib/python3.7/site-packages/airflow/example_dags/example_kubernetes_executor.py
[2024-02-19T12:35:18.574+0000] {logging_mixin.py:137} INFO - [2024-02-19T12:35:18.573+0000] {dag.py:2690} INFO - Sync 1 DAGs
[2024-02-19T12:35:18.588+0000] {logging_mixin.py:137} INFO - [2024-02-19T12:35:18.588+0000] {dag.py:3441} INFO - Setting next_dagrun for example_kubernetes_executor to None, run_after=None
[2024-02-19T12:35:18.599+0000] {processor.py:175} INFO - Processing /home/airflow/.local/lib/python3.7/site-packages/airflow/example_dags/example_kubernetes_executor.py took 0.061 seconds
[2024-02-19T12:35:49.023+0000] {processor.py:153} INFO - Started process (PID=2837) to work on /home/airflow/.local/lib/python3.7/site-packages/airflow/example_dags/example_kubernetes_executor.py
[2024-02-19T12:35:49.024+0000] {processor.py:743} INFO - Processing file /home/airflow/.local/lib/python3.7/site-packages/airflow/example_dags/example_kubernetes_executor.py for tasks to queue
[2024-02-19T12:35:49.024+0000] {logging_mixin.py:137} INFO - [2024-02-19T12:35:49.024+0000] {dagbag.py:538} INFO - Filling up the DagBag from /home/airflow/.local/lib/python3.7/site-packages/airflow/example_dags/example_kubernetes_executor.py
[2024-02-19T12:35:49.044+0000] {processor.py:753} INFO - DAG(s) dict_keys(['example_kubernetes_executor']) retrieved from /home/airflow/.local/lib/python3.7/site-packages/airflow/example_dags/example_kubernetes_executor.py
[2024-02-19T12:35:49.061+0000] {logging_mixin.py:137} INFO - [2024-02-19T12:35:49.061+0000] {dag.py:2690} INFO - Sync 1 DAGs
[2024-02-19T12:35:49.075+0000] {logging_mixin.py:137} INFO - [2024-02-19T12:35:49.075+0000] {dag.py:3441} INFO - Setting next_dagrun for example_kubernetes_executor to None, run_after=None
[2024-02-19T12:35:49.085+0000] {processor.py:175} INFO - Processing /home/airflow/.local/lib/python3.7/site-packages/airflow/example_dags/example_kubernetes_executor.py took 0.064 seconds
[2024-02-19T12:36:19.619+0000] {processor.py:153} INFO - Started process (PID=2940) to work on /home/airflow/.local/lib/python3.7/site-packages/airflow/example_dags/example_kubernetes_executor.py
[2024-02-19T12:36:19.619+0000] {processor.py:743} INFO - Processing file /home/airflow/.local/lib/python3.7/site-packages/airflow/example_dags/example_kubernetes_executor.py for tasks to queue
[2024-02-19T12:36:19.620+0000] {logging_mixin.py:137} INFO - [2024-02-19T12:36:19.619+0000] {dagbag.py:538} INFO - Filling up the DagBag from /home/airflow/.local/lib/python3.7/site-packages/airflow/example_dags/example_kubernetes_executor.py
[2024-02-19T12:36:19.635+0000] {processor.py:753} INFO - DAG(s) dict_keys(['example_kubernetes_executor']) retrieved from /home/airflow/.local/lib/python3.7/site-packages/airflow/example_dags/example_kubernetes_executor.py
[2024-02-19T12:36:19.651+0000] {logging_mixin.py:137} INFO - [2024-02-19T12:36:19.651+0000] {dag.py:2690} INFO - Sync 1 DAGs
[2024-02-19T12:36:19.666+0000] {logging_mixin.py:137} INFO - [2024-02-19T12:36:19.666+0000] {dag.py:3441} INFO - Setting next_dagrun for example_kubernetes_executor to None, run_after=None
[2024-02-19T12:36:19.676+0000] {processor.py:175} INFO - Processing /home/airflow/.local/lib/python3.7/site-packages/airflow/example_dags/example_kubernetes_executor.py took 0.059 seconds
[2024-02-19T12:36:50.134+0000] {processor.py:153} INFO - Started process (PID=3075) to work on /home/airflow/.local/lib/python3.7/site-packages/airflow/example_dags/example_kubernetes_executor.py
[2024-02-19T12:36:50.134+0000] {processor.py:743} INFO - Processing file /home/airflow/.local/lib/python3.7/site-packages/airflow/example_dags/example_kubernetes_executor.py for tasks to queue
[2024-02-19T12:36:50.135+0000] {logging_mixin.py:137} INFO - [2024-02-19T12:36:50.135+0000] {dagbag.py:538} INFO - Filling up the DagBag from /home/airflow/.local/lib/python3.7/site-packages/airflow/example_dags/example_kubernetes_executor.py
[2024-02-19T12:36:50.151+0000] {processor.py:753} INFO - DAG(s) dict_keys(['example_kubernetes_executor']) retrieved from /home/airflow/.local/lib/python3.7/site-packages/airflow/example_dags/example_kubernetes_executor.py
[2024-02-19T12:36:50.168+0000] {logging_mixin.py:137} INFO - [2024-02-19T12:36:50.168+0000] {dag.py:2690} INFO - Sync 1 DAGs
[2024-02-19T12:36:50.182+0000] {logging_mixin.py:137} INFO - [2024-02-19T12:36:50.182+0000] {dag.py:3441} INFO - Setting next_dagrun for example_kubernetes_executor to None, run_after=None
[2024-02-19T12:36:50.193+0000] {processor.py:175} INFO - Processing /home/airflow/.local/lib/python3.7/site-packages/airflow/example_dags/example_kubernetes_executor.py took 0.061 seconds
[2024-02-19T12:37:20.634+0000] {processor.py:153} INFO - Started process (PID=3212) to work on /home/airflow/.local/lib/python3.7/site-packages/airflow/example_dags/example_kubernetes_executor.py
[2024-02-19T12:37:20.634+0000] {processor.py:743} INFO - Processing file /home/airflow/.local/lib/python3.7/site-packages/airflow/example_dags/example_kubernetes_executor.py for tasks to queue
[2024-02-19T12:37:20.635+0000] {logging_mixin.py:137} INFO - [2024-02-19T12:37:20.635+0000] {dagbag.py:538} INFO - Filling up the DagBag from /home/airflow/.local/lib/python3.7/site-packages/airflow/example_dags/example_kubernetes_executor.py
[2024-02-19T12:37:20.651+0000] {processor.py:753} INFO - DAG(s) dict_keys(['example_kubernetes_executor']) retrieved from /home/airflow/.local/lib/python3.7/site-packages/airflow/example_dags/example_kubernetes_executor.py
[2024-02-19T12:37:20.667+0000] {logging_mixin.py:137} INFO - [2024-02-19T12:37:20.667+0000] {dag.py:2690} INFO - Sync 1 DAGs
[2024-02-19T12:37:20.680+0000] {logging_mixin.py:137} INFO - [2024-02-19T12:37:20.680+0000] {dag.py:3441} INFO - Setting next_dagrun for example_kubernetes_executor to None, run_after=None
[2024-02-19T12:37:20.691+0000] {processor.py:175} INFO - Processing /home/airflow/.local/lib/python3.7/site-packages/airflow/example_dags/example_kubernetes_executor.py took 0.059 seconds
[2024-02-19T12:37:51.064+0000] {processor.py:153} INFO - Started process (PID=3315) to work on /home/airflow/.local/lib/python3.7/site-packages/airflow/example_dags/example_kubernetes_executor.py
[2024-02-19T12:37:51.065+0000] {processor.py:743} INFO - Processing file /home/airflow/.local/lib/python3.7/site-packages/airflow/example_dags/example_kubernetes_executor.py for tasks to queue
[2024-02-19T12:37:51.065+0000] {logging_mixin.py:137} INFO - [2024-02-19T12:37:51.065+0000] {dagbag.py:538} INFO - Filling up the DagBag from /home/airflow/.local/lib/python3.7/site-packages/airflow/example_dags/example_kubernetes_executor.py
[2024-02-19T12:37:51.081+0000] {processor.py:753} INFO - DAG(s) dict_keys(['example_kubernetes_executor']) retrieved from /home/airflow/.local/lib/python3.7/site-packages/airflow/example_dags/example_kubernetes_executor.py
[2024-02-19T12:37:51.097+0000] {logging_mixin.py:137} INFO - [2024-02-19T12:37:51.097+0000] {dag.py:2690} INFO - Sync 1 DAGs
[2024-02-19T12:37:51.111+0000] {logging_mixin.py:137} INFO - [2024-02-19T12:37:51.111+0000] {dag.py:3441} INFO - Setting next_dagrun for example_kubernetes_executor to None, run_after=None
[2024-02-19T12:37:51.120+0000] {processor.py:175} INFO - Processing /home/airflow/.local/lib/python3.7/site-packages/airflow/example_dags/example_kubernetes_executor.py took 0.059 seconds
[2024-02-19T12:38:21.609+0000] {processor.py:153} INFO - Started process (PID=3448) to work on /home/airflow/.local/lib/python3.7/site-packages/airflow/example_dags/example_kubernetes_executor.py
[2024-02-19T12:38:21.609+0000] {processor.py:743} INFO - Processing file /home/airflow/.local/lib/python3.7/site-packages/airflow/example_dags/example_kubernetes_executor.py for tasks to queue
[2024-02-19T12:38:21.609+0000] {logging_mixin.py:137} INFO - [2024-02-19T12:38:21.609+0000] {dagbag.py:538} INFO - Filling up the DagBag from /home/airflow/.local/lib/python3.7/site-packages/airflow/example_dags/example_kubernetes_executor.py
[2024-02-19T12:38:21.626+0000] {processor.py:753} INFO - DAG(s) dict_keys(['example_kubernetes_executor']) retrieved from /home/airflow/.local/lib/python3.7/site-packages/airflow/example_dags/example_kubernetes_executor.py
[2024-02-19T12:38:21.642+0000] {logging_mixin.py:137} INFO - [2024-02-19T12:38:21.642+0000] {dag.py:2690} INFO - Sync 1 DAGs
[2024-02-19T12:38:21.657+0000] {logging_mixin.py:137} INFO - [2024-02-19T12:38:21.657+0000] {dag.py:3441} INFO - Setting next_dagrun for example_kubernetes_executor to None, run_after=None
[2024-02-19T12:38:21.668+0000] {processor.py:175} INFO - Processing /home/airflow/.local/lib/python3.7/site-packages/airflow/example_dags/example_kubernetes_executor.py took 0.061 seconds
[2024-02-19T12:38:52.175+0000] {processor.py:153} INFO - Started process (PID=3583) to work on /home/airflow/.local/lib/python3.7/site-packages/airflow/example_dags/example_kubernetes_executor.py
[2024-02-19T12:38:52.175+0000] {processor.py:743} INFO - Processing file /home/airflow/.local/lib/python3.7/site-packages/airflow/example_dags/example_kubernetes_executor.py for tasks to queue
[2024-02-19T12:38:52.176+0000] {logging_mixin.py:137} INFO - [2024-02-19T12:38:52.176+0000] {dagbag.py:538} INFO - Filling up the DagBag from /home/airflow/.local/lib/python3.7/site-packages/airflow/example_dags/example_kubernetes_executor.py
[2024-02-19T12:38:52.192+0000] {processor.py:753} INFO - DAG(s) dict_keys(['example_kubernetes_executor']) retrieved from /home/airflow/.local/lib/python3.7/site-packages/airflow/example_dags/example_kubernetes_executor.py
[2024-02-19T12:38:52.209+0000] {logging_mixin.py:137} INFO - [2024-02-19T12:38:52.209+0000] {dag.py:2690} INFO - Sync 1 DAGs
[2024-02-19T12:38:52.223+0000] {logging_mixin.py:137} INFO - [2024-02-19T12:38:52.223+0000] {dag.py:3441} INFO - Setting next_dagrun for example_kubernetes_executor to None, run_after=None
[2024-02-19T12:38:52.234+0000] {processor.py:175} INFO - Processing /home/airflow/.local/lib/python3.7/site-packages/airflow/example_dags/example_kubernetes_executor.py took 0.061 seconds
[2024-02-19T12:39:22.690+0000] {processor.py:153} INFO - Started process (PID=3686) to work on /home/airflow/.local/lib/python3.7/site-packages/airflow/example_dags/example_kubernetes_executor.py
[2024-02-19T12:39:22.691+0000] {processor.py:743} INFO - Processing file /home/airflow/.local/lib/python3.7/site-packages/airflow/example_dags/example_kubernetes_executor.py for tasks to queue
[2024-02-19T12:39:22.691+0000] {logging_mixin.py:137} INFO - [2024-02-19T12:39:22.691+0000] {dagbag.py:538} INFO - Filling up the DagBag from /home/airflow/.local/lib/python3.7/site-packages/airflow/example_dags/example_kubernetes_executor.py
[2024-02-19T12:39:22.708+0000] {processor.py:753} INFO - DAG(s) dict_keys(['example_kubernetes_executor']) retrieved from /home/airflow/.local/lib/python3.7/site-packages/airflow/example_dags/example_kubernetes_executor.py
[2024-02-19T12:39:22.725+0000] {logging_mixin.py:137} INFO - [2024-02-19T12:39:22.725+0000] {dag.py:2690} INFO - Sync 1 DAGs
[2024-02-19T12:39:22.739+0000] {logging_mixin.py:137} INFO - [2024-02-19T12:39:22.739+0000] {dag.py:3441} INFO - Setting next_dagrun for example_kubernetes_executor to None, run_after=None
[2024-02-19T12:39:22.750+0000] {processor.py:175} INFO - Processing /home/airflow/.local/lib/python3.7/site-packages/airflow/example_dags/example_kubernetes_executor.py took 0.062 seconds
[2024-02-19T12:39:53.245+0000] {processor.py:153} INFO - Started process (PID=3821) to work on /home/airflow/.local/lib/python3.7/site-packages/airflow/example_dags/example_kubernetes_executor.py
[2024-02-19T12:39:53.246+0000] {processor.py:743} INFO - Processing file /home/airflow/.local/lib/python3.7/site-packages/airflow/example_dags/example_kubernetes_executor.py for tasks to queue
[2024-02-19T12:39:53.246+0000] {logging_mixin.py:137} INFO - [2024-02-19T12:39:53.246+0000] {dagbag.py:538} INFO - Filling up the DagBag from /home/airflow/.local/lib/python3.7/site-packages/airflow/example_dags/example_kubernetes_executor.py
[2024-02-19T12:39:53.263+0000] {processor.py:753} INFO - DAG(s) dict_keys(['example_kubernetes_executor']) retrieved from /home/airflow/.local/lib/python3.7/site-packages/airflow/example_dags/example_kubernetes_executor.py
[2024-02-19T12:39:53.280+0000] {logging_mixin.py:137} INFO - [2024-02-19T12:39:53.280+0000] {dag.py:2690} INFO - Sync 1 DAGs
[2024-02-19T12:39:53.295+0000] {logging_mixin.py:137} INFO - [2024-02-19T12:39:53.295+0000] {dag.py:3441} INFO - Setting next_dagrun for example_kubernetes_executor to None, run_after=None
[2024-02-19T12:39:53.306+0000] {processor.py:175} INFO - Processing /home/airflow/.local/lib/python3.7/site-packages/airflow/example_dags/example_kubernetes_executor.py took 0.062 seconds
[2024-02-19T12:40:23.755+0000] {processor.py:153} INFO - Started process (PID=3956) to work on /home/airflow/.local/lib/python3.7/site-packages/airflow/example_dags/example_kubernetes_executor.py
[2024-02-19T12:40:23.755+0000] {processor.py:743} INFO - Processing file /home/airflow/.local/lib/python3.7/site-packages/airflow/example_dags/example_kubernetes_executor.py for tasks to queue
[2024-02-19T12:40:23.756+0000] {logging_mixin.py:137} INFO - [2024-02-19T12:40:23.756+0000] {dagbag.py:538} INFO - Filling up the DagBag from /home/airflow/.local/lib/python3.7/site-packages/airflow/example_dags/example_kubernetes_executor.py
[2024-02-19T12:40:23.773+0000] {processor.py:753} INFO - DAG(s) dict_keys(['example_kubernetes_executor']) retrieved from /home/airflow/.local/lib/python3.7/site-packages/airflow/example_dags/example_kubernetes_executor.py
[2024-02-19T12:40:23.790+0000] {logging_mixin.py:137} INFO - [2024-02-19T12:40:23.790+0000] {dag.py:2690} INFO - Sync 1 DAGs
[2024-02-19T12:40:23.804+0000] {logging_mixin.py:137} INFO - [2024-02-19T12:40:23.804+0000] {dag.py:3441} INFO - Setting next_dagrun for example_kubernetes_executor to None, run_after=None
[2024-02-19T12:40:23.815+0000] {processor.py:175} INFO - Processing /home/airflow/.local/lib/python3.7/site-packages/airflow/example_dags/example_kubernetes_executor.py took 0.062 seconds
[2024-02-19T12:40:54.236+0000] {processor.py:153} INFO - Started process (PID=4062) to work on /home/airflow/.local/lib/python3.7/site-packages/airflow/example_dags/example_kubernetes_executor.py
[2024-02-19T12:40:54.236+0000] {processor.py:743} INFO - Processing file /home/airflow/.local/lib/python3.7/site-packages/airflow/example_dags/example_kubernetes_executor.py for tasks to queue
[2024-02-19T12:40:54.237+0000] {logging_mixin.py:137} INFO - [2024-02-19T12:40:54.237+0000] {dagbag.py:538} INFO - Filling up the DagBag from /home/airflow/.local/lib/python3.7/site-packages/airflow/example_dags/example_kubernetes_executor.py
[2024-02-19T12:40:54.254+0000] {processor.py:753} INFO - DAG(s) dict_keys(['example_kubernetes_executor']) retrieved from /home/airflow/.local/lib/python3.7/site-packages/airflow/example_dags/example_kubernetes_executor.py
[2024-02-19T12:40:54.272+0000] {logging_mixin.py:137} INFO - [2024-02-19T12:40:54.272+0000] {dag.py:2690} INFO - Sync 1 DAGs
[2024-02-19T12:40:54.287+0000] {logging_mixin.py:137} INFO - [2024-02-19T12:40:54.287+0000] {dag.py:3441} INFO - Setting next_dagrun for example_kubernetes_executor to None, run_after=None
[2024-02-19T12:40:54.299+0000] {processor.py:175} INFO - Processing /home/airflow/.local/lib/python3.7/site-packages/airflow/example_dags/example_kubernetes_executor.py took 0.065 seconds
[2024-02-19T12:41:24.608+0000] {processor.py:153} INFO - Started process (PID=4195) to work on /home/airflow/.local/lib/python3.7/site-packages/airflow/example_dags/example_kubernetes_executor.py
[2024-02-19T12:41:24.608+0000] {processor.py:743} INFO - Processing file /home/airflow/.local/lib/python3.7/site-packages/airflow/example_dags/example_kubernetes_executor.py for tasks to queue
[2024-02-19T12:41:24.609+0000] {logging_mixin.py:137} INFO - [2024-02-19T12:41:24.609+0000] {dagbag.py:538} INFO - Filling up the DagBag from /home/airflow/.local/lib/python3.7/site-packages/airflow/example_dags/example_kubernetes_executor.py
[2024-02-19T12:41:24.625+0000] {processor.py:753} INFO - DAG(s) dict_keys(['example_kubernetes_executor']) retrieved from /home/airflow/.local/lib/python3.7/site-packages/airflow/example_dags/example_kubernetes_executor.py
[2024-02-19T12:41:24.641+0000] {logging_mixin.py:137} INFO - [2024-02-19T12:41:24.641+0000] {dag.py:2690} INFO - Sync 1 DAGs
[2024-02-19T12:41:24.656+0000] {logging_mixin.py:137} INFO - [2024-02-19T12:41:24.656+0000] {dag.py:3441} INFO - Setting next_dagrun for example_kubernetes_executor to None, run_after=None
[2024-02-19T12:41:24.666+0000] {processor.py:175} INFO - Processing /home/airflow/.local/lib/python3.7/site-packages/airflow/example_dags/example_kubernetes_executor.py took 0.060 seconds
[2024-02-19T12:41:55.404+0000] {processor.py:153} INFO - Started process (PID=4330) to work on /home/airflow/.local/lib/python3.7/site-packages/airflow/example_dags/example_kubernetes_executor.py
[2024-02-19T12:41:55.405+0000] {processor.py:743} INFO - Processing file /home/airflow/.local/lib/python3.7/site-packages/airflow/example_dags/example_kubernetes_executor.py for tasks to queue
[2024-02-19T12:41:55.405+0000] {logging_mixin.py:137} INFO - [2024-02-19T12:41:55.405+0000] {dagbag.py:538} INFO - Filling up the DagBag from /home/airflow/.local/lib/python3.7/site-packages/airflow/example_dags/example_kubernetes_executor.py
[2024-02-19T12:41:55.422+0000] {processor.py:753} INFO - DAG(s) dict_keys(['example_kubernetes_executor']) retrieved from /home/airflow/.local/lib/python3.7/site-packages/airflow/example_dags/example_kubernetes_executor.py
[2024-02-19T12:41:55.438+0000] {logging_mixin.py:137} INFO - [2024-02-19T12:41:55.438+0000] {dag.py:2690} INFO - Sync 1 DAGs
[2024-02-19T12:41:55.454+0000] {logging_mixin.py:137} INFO - [2024-02-19T12:41:55.454+0000] {dag.py:3441} INFO - Setting next_dagrun for example_kubernetes_executor to None, run_after=None
[2024-02-19T12:41:55.465+0000] {processor.py:175} INFO - Processing /home/airflow/.local/lib/python3.7/site-packages/airflow/example_dags/example_kubernetes_executor.py took 0.063 seconds
[2024-02-19T12:42:25.877+0000] {processor.py:153} INFO - Started process (PID=4433) to work on /home/airflow/.local/lib/python3.7/site-packages/airflow/example_dags/example_kubernetes_executor.py
[2024-02-19T12:42:25.878+0000] {processor.py:743} INFO - Processing file /home/airflow/.local/lib/python3.7/site-packages/airflow/example_dags/example_kubernetes_executor.py for tasks to queue
[2024-02-19T12:42:25.878+0000] {logging_mixin.py:137} INFO - [2024-02-19T12:42:25.878+0000] {dagbag.py:538} INFO - Filling up the DagBag from /home/airflow/.local/lib/python3.7/site-packages/airflow/example_dags/example_kubernetes_executor.py
[2024-02-19T12:42:25.895+0000] {processor.py:753} INFO - DAG(s) dict_keys(['example_kubernetes_executor']) retrieved from /home/airflow/.local/lib/python3.7/site-packages/airflow/example_dags/example_kubernetes_executor.py
[2024-02-19T12:42:25.912+0000] {logging_mixin.py:137} INFO - [2024-02-19T12:42:25.912+0000] {dag.py:2690} INFO - Sync 1 DAGs
[2024-02-19T12:42:25.925+0000] {logging_mixin.py:137} INFO - [2024-02-19T12:42:25.925+0000] {dag.py:3441} INFO - Setting next_dagrun for example_kubernetes_executor to None, run_after=None
[2024-02-19T12:42:25.936+0000] {processor.py:175} INFO - Processing /home/airflow/.local/lib/python3.7/site-packages/airflow/example_dags/example_kubernetes_executor.py took 0.061 seconds
[2024-02-19T12:42:56.399+0000] {processor.py:153} INFO - Started process (PID=4568) to work on /home/airflow/.local/lib/python3.7/site-packages/airflow/example_dags/example_kubernetes_executor.py
[2024-02-19T12:42:56.399+0000] {processor.py:743} INFO - Processing file /home/airflow/.local/lib/python3.7/site-packages/airflow/example_dags/example_kubernetes_executor.py for tasks to queue
[2024-02-19T12:42:56.399+0000] {logging_mixin.py:137} INFO - [2024-02-19T12:42:56.399+0000] {dagbag.py:538} INFO - Filling up the DagBag from /home/airflow/.local/lib/python3.7/site-packages/airflow/example_dags/example_kubernetes_executor.py
[2024-02-19T12:42:56.416+0000] {processor.py:753} INFO - DAG(s) dict_keys(['example_kubernetes_executor']) retrieved from /home/airflow/.local/lib/python3.7/site-packages/airflow/example_dags/example_kubernetes_executor.py
[2024-02-19T12:42:56.434+0000] {logging_mixin.py:137} INFO - [2024-02-19T12:42:56.434+0000] {dag.py:2690} INFO - Sync 1 DAGs
[2024-02-19T12:42:56.448+0000] {logging_mixin.py:137} INFO - [2024-02-19T12:42:56.448+0000] {dag.py:3441} INFO - Setting next_dagrun for example_kubernetes_executor to None, run_after=None
[2024-02-19T12:42:56.459+0000] {processor.py:175} INFO - Processing /home/airflow/.local/lib/python3.7/site-packages/airflow/example_dags/example_kubernetes_executor.py took 0.062 seconds
[2024-02-19T12:43:27.214+0000] {processor.py:153} INFO - Started process (PID=4703) to work on /home/airflow/.local/lib/python3.7/site-packages/airflow/example_dags/example_kubernetes_executor.py
[2024-02-19T12:43:27.214+0000] {processor.py:743} INFO - Processing file /home/airflow/.local/lib/python3.7/site-packages/airflow/example_dags/example_kubernetes_executor.py for tasks to queue
[2024-02-19T12:43:27.214+0000] {logging_mixin.py:137} INFO - [2024-02-19T12:43:27.214+0000] {dagbag.py:538} INFO - Filling up the DagBag from /home/airflow/.local/lib/python3.7/site-packages/airflow/example_dags/example_kubernetes_executor.py
[2024-02-19T12:43:27.231+0000] {processor.py:753} INFO - DAG(s) dict_keys(['example_kubernetes_executor']) retrieved from /home/airflow/.local/lib/python3.7/site-packages/airflow/example_dags/example_kubernetes_executor.py
[2024-02-19T12:43:27.248+0000] {logging_mixin.py:137} INFO - [2024-02-19T12:43:27.248+0000] {dag.py:2690} INFO - Sync 1 DAGs
[2024-02-19T12:43:27.263+0000] {logging_mixin.py:137} INFO - [2024-02-19T12:43:27.263+0000] {dag.py:3441} INFO - Setting next_dagrun for example_kubernetes_executor to None, run_after=None
[2024-02-19T12:43:27.273+0000] {processor.py:175} INFO - Processing /home/airflow/.local/lib/python3.7/site-packages/airflow/example_dags/example_kubernetes_executor.py took 0.061 seconds
[2024-02-19T12:43:57.688+0000] {processor.py:153} INFO - Started process (PID=4808) to work on /home/airflow/.local/lib/python3.7/site-packages/airflow/example_dags/example_kubernetes_executor.py
[2024-02-19T12:43:57.689+0000] {processor.py:743} INFO - Processing file /home/airflow/.local/lib/python3.7/site-packages/airflow/example_dags/example_kubernetes_executor.py for tasks to queue
[2024-02-19T12:43:57.689+0000] {logging_mixin.py:137} INFO - [2024-02-19T12:43:57.689+0000] {dagbag.py:538} INFO - Filling up the DagBag from /home/airflow/.local/lib/python3.7/site-packages/airflow/example_dags/example_kubernetes_executor.py
[2024-02-19T12:43:57.705+0000] {processor.py:753} INFO - DAG(s) dict_keys(['example_kubernetes_executor']) retrieved from /home/airflow/.local/lib/python3.7/site-packages/airflow/example_dags/example_kubernetes_executor.py
[2024-02-19T12:43:57.721+0000] {logging_mixin.py:137} INFO - [2024-02-19T12:43:57.721+0000] {dag.py:2690} INFO - Sync 1 DAGs
[2024-02-19T12:43:57.735+0000] {logging_mixin.py:137} INFO - [2024-02-19T12:43:57.735+0000] {dag.py:3441} INFO - Setting next_dagrun for example_kubernetes_executor to None, run_after=None
[2024-02-19T12:43:57.745+0000] {processor.py:175} INFO - Processing /home/airflow/.local/lib/python3.7/site-packages/airflow/example_dags/example_kubernetes_executor.py took 0.058 seconds
[2024-02-19T12:44:28.130+0000] {processor.py:153} INFO - Started process (PID=4940) to work on /home/airflow/.local/lib/python3.7/site-packages/airflow/example_dags/example_kubernetes_executor.py
[2024-02-19T12:44:28.130+0000] {processor.py:743} INFO - Processing file /home/airflow/.local/lib/python3.7/site-packages/airflow/example_dags/example_kubernetes_executor.py for tasks to queue
[2024-02-19T12:44:28.130+0000] {logging_mixin.py:137} INFO - [2024-02-19T12:44:28.130+0000] {dagbag.py:538} INFO - Filling up the DagBag from /home/airflow/.local/lib/python3.7/site-packages/airflow/example_dags/example_kubernetes_executor.py
[2024-02-19T12:44:28.147+0000] {processor.py:753} INFO - DAG(s) dict_keys(['example_kubernetes_executor']) retrieved from /home/airflow/.local/lib/python3.7/site-packages/airflow/example_dags/example_kubernetes_executor.py
[2024-02-19T12:44:28.164+0000] {logging_mixin.py:137} INFO - [2024-02-19T12:44:28.164+0000] {dag.py:2690} INFO - Sync 1 DAGs
[2024-02-19T12:44:28.178+0000] {logging_mixin.py:137} INFO - [2024-02-19T12:44:28.178+0000] {dag.py:3441} INFO - Setting next_dagrun for example_kubernetes_executor to None, run_after=None
[2024-02-19T12:44:28.189+0000] {processor.py:175} INFO - Processing /home/airflow/.local/lib/python3.7/site-packages/airflow/example_dags/example_kubernetes_executor.py took 0.061 seconds
[2024-02-19T12:44:58.927+0000] {processor.py:153} INFO - Started process (PID=5075) to work on /home/airflow/.local/lib/python3.7/site-packages/airflow/example_dags/example_kubernetes_executor.py
[2024-02-19T12:44:58.928+0000] {processor.py:743} INFO - Processing file /home/airflow/.local/lib/python3.7/site-packages/airflow/example_dags/example_kubernetes_executor.py for tasks to queue
[2024-02-19T12:44:58.928+0000] {logging_mixin.py:137} INFO - [2024-02-19T12:44:58.928+0000] {dagbag.py:538} INFO - Filling up the DagBag from /home/airflow/.local/lib/python3.7/site-packages/airflow/example_dags/example_kubernetes_executor.py
[2024-02-19T12:44:58.945+0000] {processor.py:753} INFO - DAG(s) dict_keys(['example_kubernetes_executor']) retrieved from /home/airflow/.local/lib/python3.7/site-packages/airflow/example_dags/example_kubernetes_executor.py
[2024-02-19T12:44:58.962+0000] {logging_mixin.py:137} INFO - [2024-02-19T12:44:58.962+0000] {dag.py:2690} INFO - Sync 1 DAGs
[2024-02-19T12:44:58.976+0000] {logging_mixin.py:137} INFO - [2024-02-19T12:44:58.976+0000] {dag.py:3441} INFO - Setting next_dagrun for example_kubernetes_executor to None, run_after=None
[2024-02-19T12:44:58.987+0000] {processor.py:175} INFO - Processing /home/airflow/.local/lib/python3.7/site-packages/airflow/example_dags/example_kubernetes_executor.py took 0.061 seconds
[2024-02-19T12:45:29.449+0000] {processor.py:153} INFO - Started process (PID=5178) to work on /home/airflow/.local/lib/python3.7/site-packages/airflow/example_dags/example_kubernetes_executor.py
[2024-02-19T12:45:29.450+0000] {processor.py:743} INFO - Processing file /home/airflow/.local/lib/python3.7/site-packages/airflow/example_dags/example_kubernetes_executor.py for tasks to queue
[2024-02-19T12:45:29.450+0000] {logging_mixin.py:137} INFO - [2024-02-19T12:45:29.450+0000] {dagbag.py:538} INFO - Filling up the DagBag from /home/airflow/.local/lib/python3.7/site-packages/airflow/example_dags/example_kubernetes_executor.py
[2024-02-19T12:45:29.467+0000] {processor.py:753} INFO - DAG(s) dict_keys(['example_kubernetes_executor']) retrieved from /home/airflow/.local/lib/python3.7/site-packages/airflow/example_dags/example_kubernetes_executor.py
[2024-02-19T12:45:29.487+0000] {logging_mixin.py:137} INFO - [2024-02-19T12:45:29.486+0000] {dag.py:2690} INFO - Sync 1 DAGs
[2024-02-19T12:45:29.502+0000] {logging_mixin.py:137} INFO - [2024-02-19T12:45:29.502+0000] {dag.py:3441} INFO - Setting next_dagrun for example_kubernetes_executor to None, run_after=None
[2024-02-19T12:45:29.513+0000] {processor.py:175} INFO - Processing /home/airflow/.local/lib/python3.7/site-packages/airflow/example_dags/example_kubernetes_executor.py took 0.066 seconds
[2024-02-19T12:45:59.926+0000] {processor.py:153} INFO - Started process (PID=5313) to work on /home/airflow/.local/lib/python3.7/site-packages/airflow/example_dags/example_kubernetes_executor.py
[2024-02-19T12:45:59.926+0000] {processor.py:743} INFO - Processing file /home/airflow/.local/lib/python3.7/site-packages/airflow/example_dags/example_kubernetes_executor.py for tasks to queue
[2024-02-19T12:45:59.927+0000] {logging_mixin.py:137} INFO - [2024-02-19T12:45:59.926+0000] {dagbag.py:538} INFO - Filling up the DagBag from /home/airflow/.local/lib/python3.7/site-packages/airflow/example_dags/example_kubernetes_executor.py
[2024-02-19T12:45:59.943+0000] {processor.py:753} INFO - DAG(s) dict_keys(['example_kubernetes_executor']) retrieved from /home/airflow/.local/lib/python3.7/site-packages/airflow/example_dags/example_kubernetes_executor.py
[2024-02-19T12:45:59.959+0000] {logging_mixin.py:137} INFO - [2024-02-19T12:45:59.959+0000] {dag.py:2690} INFO - Sync 1 DAGs
[2024-02-19T12:45:59.973+0000] {logging_mixin.py:137} INFO - [2024-02-19T12:45:59.973+0000] {dag.py:3441} INFO - Setting next_dagrun for example_kubernetes_executor to None, run_after=None
[2024-02-19T12:45:59.984+0000] {processor.py:175} INFO - Processing /home/airflow/.local/lib/python3.7/site-packages/airflow/example_dags/example_kubernetes_executor.py took 0.060 seconds
[2024-02-19T12:46:30.662+0000] {processor.py:153} INFO - Started process (PID=5448) to work on /home/airflow/.local/lib/python3.7/site-packages/airflow/example_dags/example_kubernetes_executor.py
[2024-02-19T12:46:30.663+0000] {processor.py:743} INFO - Processing file /home/airflow/.local/lib/python3.7/site-packages/airflow/example_dags/example_kubernetes_executor.py for tasks to queue
[2024-02-19T12:46:30.663+0000] {logging_mixin.py:137} INFO - [2024-02-19T12:46:30.663+0000] {dagbag.py:538} INFO - Filling up the DagBag from /home/airflow/.local/lib/python3.7/site-packages/airflow/example_dags/example_kubernetes_executor.py
[2024-02-19T12:46:30.681+0000] {processor.py:753} INFO - DAG(s) dict_keys(['example_kubernetes_executor']) retrieved from /home/airflow/.local/lib/python3.7/site-packages/airflow/example_dags/example_kubernetes_executor.py
[2024-02-19T12:46:30.698+0000] {logging_mixin.py:137} INFO - [2024-02-19T12:46:30.698+0000] {dag.py:2690} INFO - Sync 1 DAGs
[2024-02-19T12:46:30.712+0000] {logging_mixin.py:137} INFO - [2024-02-19T12:46:30.712+0000] {dag.py:3441} INFO - Setting next_dagrun for example_kubernetes_executor to None, run_after=None
[2024-02-19T12:46:30.724+0000] {processor.py:175} INFO - Processing /home/airflow/.local/lib/python3.7/site-packages/airflow/example_dags/example_kubernetes_executor.py took 0.064 seconds
[2024-02-19T12:47:01.126+0000] {processor.py:153} INFO - Started process (PID=5551) to work on /home/airflow/.local/lib/python3.7/site-packages/airflow/example_dags/example_kubernetes_executor.py
[2024-02-19T12:47:01.126+0000] {processor.py:743} INFO - Processing file /home/airflow/.local/lib/python3.7/site-packages/airflow/example_dags/example_kubernetes_executor.py for tasks to queue
[2024-02-19T12:47:01.127+0000] {logging_mixin.py:137} INFO - [2024-02-19T12:47:01.127+0000] {dagbag.py:538} INFO - Filling up the DagBag from /home/airflow/.local/lib/python3.7/site-packages/airflow/example_dags/example_kubernetes_executor.py
[2024-02-19T12:47:01.144+0000] {processor.py:753} INFO - DAG(s) dict_keys(['example_kubernetes_executor']) retrieved from /home/airflow/.local/lib/python3.7/site-packages/airflow/example_dags/example_kubernetes_executor.py
[2024-02-19T12:47:01.161+0000] {logging_mixin.py:137} INFO - [2024-02-19T12:47:01.161+0000] {dag.py:2690} INFO - Sync 1 DAGs
[2024-02-19T12:47:01.175+0000] {logging_mixin.py:137} INFO - [2024-02-19T12:47:01.175+0000] {dag.py:3441} INFO - Setting next_dagrun for example_kubernetes_executor to None, run_after=None
[2024-02-19T12:47:01.186+0000] {processor.py:175} INFO - Processing /home/airflow/.local/lib/python3.7/site-packages/airflow/example_dags/example_kubernetes_executor.py took 0.062 seconds
[2024-02-19T12:47:31.597+0000] {processor.py:153} INFO - Started process (PID=5688) to work on /home/airflow/.local/lib/python3.7/site-packages/airflow/example_dags/example_kubernetes_executor.py
[2024-02-19T12:47:31.597+0000] {processor.py:743} INFO - Processing file /home/airflow/.local/lib/python3.7/site-packages/airflow/example_dags/example_kubernetes_executor.py for tasks to queue
[2024-02-19T12:47:31.597+0000] {logging_mixin.py:137} INFO - [2024-02-19T12:47:31.597+0000] {dagbag.py:538} INFO - Filling up the DagBag from /home/airflow/.local/lib/python3.7/site-packages/airflow/example_dags/example_kubernetes_executor.py
[2024-02-19T12:47:31.613+0000] {processor.py:753} INFO - DAG(s) dict_keys(['example_kubernetes_executor']) retrieved from /home/airflow/.local/lib/python3.7/site-packages/airflow/example_dags/example_kubernetes_executor.py
[2024-02-19T12:47:31.632+0000] {logging_mixin.py:137} INFO - [2024-02-19T12:47:31.632+0000] {dag.py:2690} INFO - Sync 1 DAGs
[2024-02-19T12:47:31.649+0000] {logging_mixin.py:137} INFO - [2024-02-19T12:47:31.649+0000] {dag.py:3441} INFO - Setting next_dagrun for example_kubernetes_executor to None, run_after=None
[2024-02-19T12:47:31.660+0000] {processor.py:175} INFO - Processing /home/airflow/.local/lib/python3.7/site-packages/airflow/example_dags/example_kubernetes_executor.py took 0.066 seconds
[2024-02-19T12:48:02.238+0000] {processor.py:153} INFO - Started process (PID=5821) to work on /home/airflow/.local/lib/python3.7/site-packages/airflow/example_dags/example_kubernetes_executor.py
[2024-02-19T12:48:02.239+0000] {processor.py:743} INFO - Processing file /home/airflow/.local/lib/python3.7/site-packages/airflow/example_dags/example_kubernetes_executor.py for tasks to queue
[2024-02-19T12:48:02.239+0000] {logging_mixin.py:137} INFO - [2024-02-19T12:48:02.239+0000] {dagbag.py:538} INFO - Filling up the DagBag from /home/airflow/.local/lib/python3.7/site-packages/airflow/example_dags/example_kubernetes_executor.py
[2024-02-19T12:48:02.257+0000] {processor.py:753} INFO - DAG(s) dict_keys(['example_kubernetes_executor']) retrieved from /home/airflow/.local/lib/python3.7/site-packages/airflow/example_dags/example_kubernetes_executor.py
[2024-02-19T12:48:02.276+0000] {logging_mixin.py:137} INFO - [2024-02-19T12:48:02.276+0000] {dag.py:2690} INFO - Sync 1 DAGs
[2024-02-19T12:48:02.292+0000] {logging_mixin.py:137} INFO - [2024-02-19T12:48:02.292+0000] {dag.py:3441} INFO - Setting next_dagrun for example_kubernetes_executor to None, run_after=None
[2024-02-19T12:48:02.305+0000] {processor.py:175} INFO - Processing /home/airflow/.local/lib/python3.7/site-packages/airflow/example_dags/example_kubernetes_executor.py took 0.069 seconds
[2024-02-19T12:48:32.771+0000] {processor.py:153} INFO - Started process (PID=5924) to work on /home/airflow/.local/lib/python3.7/site-packages/airflow/example_dags/example_kubernetes_executor.py
[2024-02-19T12:48:32.772+0000] {processor.py:743} INFO - Processing file /home/airflow/.local/lib/python3.7/site-packages/airflow/example_dags/example_kubernetes_executor.py for tasks to queue
[2024-02-19T12:48:32.772+0000] {logging_mixin.py:137} INFO - [2024-02-19T12:48:32.772+0000] {dagbag.py:538} INFO - Filling up the DagBag from /home/airflow/.local/lib/python3.7/site-packages/airflow/example_dags/example_kubernetes_executor.py
[2024-02-19T12:48:32.788+0000] {processor.py:753} INFO - DAG(s) dict_keys(['example_kubernetes_executor']) retrieved from /home/airflow/.local/lib/python3.7/site-packages/airflow/example_dags/example_kubernetes_executor.py
[2024-02-19T12:48:32.806+0000] {logging_mixin.py:137} INFO - [2024-02-19T12:48:32.806+0000] {dag.py:2690} INFO - Sync 1 DAGs
[2024-02-19T12:48:32.820+0000] {logging_mixin.py:137} INFO - [2024-02-19T12:48:32.820+0000] {dag.py:3441} INFO - Setting next_dagrun for example_kubernetes_executor to None, run_after=None
[2024-02-19T12:48:32.832+0000] {processor.py:175} INFO - Processing /home/airflow/.local/lib/python3.7/site-packages/airflow/example_dags/example_kubernetes_executor.py took 0.062 seconds
[2024-02-19T12:49:03.356+0000] {processor.py:153} INFO - Started process (PID=6059) to work on /home/airflow/.local/lib/python3.7/site-packages/airflow/example_dags/example_kubernetes_executor.py
[2024-02-19T12:49:03.356+0000] {processor.py:743} INFO - Processing file /home/airflow/.local/lib/python3.7/site-packages/airflow/example_dags/example_kubernetes_executor.py for tasks to queue
[2024-02-19T12:49:03.357+0000] {logging_mixin.py:137} INFO - [2024-02-19T12:49:03.357+0000] {dagbag.py:538} INFO - Filling up the DagBag from /home/airflow/.local/lib/python3.7/site-packages/airflow/example_dags/example_kubernetes_executor.py
[2024-02-19T12:49:03.373+0000] {processor.py:753} INFO - DAG(s) dict_keys(['example_kubernetes_executor']) retrieved from /home/airflow/.local/lib/python3.7/site-packages/airflow/example_dags/example_kubernetes_executor.py
[2024-02-19T12:49:03.390+0000] {logging_mixin.py:137} INFO - [2024-02-19T12:49:03.390+0000] {dag.py:2690} INFO - Sync 1 DAGs
[2024-02-19T12:49:03.404+0000] {logging_mixin.py:137} INFO - [2024-02-19T12:49:03.404+0000] {dag.py:3441} INFO - Setting next_dagrun for example_kubernetes_executor to None, run_after=None
[2024-02-19T12:49:03.414+0000] {processor.py:175} INFO - Processing /home/airflow/.local/lib/python3.7/site-packages/airflow/example_dags/example_kubernetes_executor.py took 0.060 seconds
[2024-02-19T12:49:34.082+0000] {processor.py:153} INFO - Started process (PID=6194) to work on /home/airflow/.local/lib/python3.7/site-packages/airflow/example_dags/example_kubernetes_executor.py
[2024-02-19T12:49:34.083+0000] {processor.py:743} INFO - Processing file /home/airflow/.local/lib/python3.7/site-packages/airflow/example_dags/example_kubernetes_executor.py for tasks to queue
[2024-02-19T12:49:34.083+0000] {logging_mixin.py:137} INFO - [2024-02-19T12:49:34.083+0000] {dagbag.py:538} INFO - Filling up the DagBag from /home/airflow/.local/lib/python3.7/site-packages/airflow/example_dags/example_kubernetes_executor.py
[2024-02-19T12:49:34.100+0000] {processor.py:753} INFO - DAG(s) dict_keys(['example_kubernetes_executor']) retrieved from /home/airflow/.local/lib/python3.7/site-packages/airflow/example_dags/example_kubernetes_executor.py
[2024-02-19T12:49:34.116+0000] {logging_mixin.py:137} INFO - [2024-02-19T12:49:34.116+0000] {dag.py:2690} INFO - Sync 1 DAGs
[2024-02-19T12:49:34.130+0000] {logging_mixin.py:137} INFO - [2024-02-19T12:49:34.130+0000] {dag.py:3441} INFO - Setting next_dagrun for example_kubernetes_executor to None, run_after=None
[2024-02-19T12:49:34.140+0000] {processor.py:175} INFO - Processing /home/airflow/.local/lib/python3.7/site-packages/airflow/example_dags/example_kubernetes_executor.py took 0.060 seconds
[2024-02-19T12:50:04.616+0000] {processor.py:153} INFO - Started process (PID=6297) to work on /home/airflow/.local/lib/python3.7/site-packages/airflow/example_dags/example_kubernetes_executor.py
[2024-02-19T12:50:04.616+0000] {processor.py:743} INFO - Processing file /home/airflow/.local/lib/python3.7/site-packages/airflow/example_dags/example_kubernetes_executor.py for tasks to queue
[2024-02-19T12:50:04.617+0000] {logging_mixin.py:137} INFO - [2024-02-19T12:50:04.617+0000] {dagbag.py:538} INFO - Filling up the DagBag from /home/airflow/.local/lib/python3.7/site-packages/airflow/example_dags/example_kubernetes_executor.py
[2024-02-19T12:50:04.635+0000] {processor.py:753} INFO - DAG(s) dict_keys(['example_kubernetes_executor']) retrieved from /home/airflow/.local/lib/python3.7/site-packages/airflow/example_dags/example_kubernetes_executor.py
[2024-02-19T12:50:04.653+0000] {logging_mixin.py:137} INFO - [2024-02-19T12:50:04.653+0000] {dag.py:2690} INFO - Sync 1 DAGs
[2024-02-19T12:50:04.668+0000] {logging_mixin.py:137} INFO - [2024-02-19T12:50:04.668+0000] {dag.py:3441} INFO - Setting next_dagrun for example_kubernetes_executor to None, run_after=None
[2024-02-19T12:50:04.680+0000] {processor.py:175} INFO - Processing /home/airflow/.local/lib/python3.7/site-packages/airflow/example_dags/example_kubernetes_executor.py took 0.066 seconds
[2024-02-19T12:50:35.036+0000] {processor.py:153} INFO - Started process (PID=6432) to work on /home/airflow/.local/lib/python3.7/site-packages/airflow/example_dags/example_kubernetes_executor.py
[2024-02-19T12:50:35.037+0000] {processor.py:743} INFO - Processing file /home/airflow/.local/lib/python3.7/site-packages/airflow/example_dags/example_kubernetes_executor.py for tasks to queue
[2024-02-19T12:50:35.037+0000] {logging_mixin.py:137} INFO - [2024-02-19T12:50:35.037+0000] {dagbag.py:538} INFO - Filling up the DagBag from /home/airflow/.local/lib/python3.7/site-packages/airflow/example_dags/example_kubernetes_executor.py
[2024-02-19T12:50:35.056+0000] {processor.py:753} INFO - DAG(s) dict_keys(['example_kubernetes_executor']) retrieved from /home/airflow/.local/lib/python3.7/site-packages/airflow/example_dags/example_kubernetes_executor.py
[2024-02-19T12:50:35.073+0000] {logging_mixin.py:137} INFO - [2024-02-19T12:50:35.073+0000] {dag.py:2690} INFO - Sync 1 DAGs
[2024-02-19T12:50:35.089+0000] {logging_mixin.py:137} INFO - [2024-02-19T12:50:35.089+0000] {dag.py:3441} INFO - Setting next_dagrun for example_kubernetes_executor to None, run_after=None
[2024-02-19T12:50:35.101+0000] {processor.py:175} INFO - Processing /home/airflow/.local/lib/python3.7/site-packages/airflow/example_dags/example_kubernetes_executor.py took 0.067 seconds
[2024-02-19T12:51:05.924+0000] {processor.py:153} INFO - Started process (PID=6544) to work on /home/airflow/.local/lib/python3.7/site-packages/airflow/example_dags/example_kubernetes_executor.py
[2024-02-19T12:51:05.925+0000] {processor.py:743} INFO - Processing file /home/airflow/.local/lib/python3.7/site-packages/airflow/example_dags/example_kubernetes_executor.py for tasks to queue
[2024-02-19T12:51:05.925+0000] {logging_mixin.py:137} INFO - [2024-02-19T12:51:05.925+0000] {dagbag.py:538} INFO - Filling up the DagBag from /home/airflow/.local/lib/python3.7/site-packages/airflow/example_dags/example_kubernetes_executor.py
[2024-02-19T12:51:05.948+0000] {processor.py:753} INFO - DAG(s) dict_keys(['example_kubernetes_executor']) retrieved from /home/airflow/.local/lib/python3.7/site-packages/airflow/example_dags/example_kubernetes_executor.py
[2024-02-19T12:51:05.972+0000] {logging_mixin.py:137} INFO - [2024-02-19T12:51:05.972+0000] {dag.py:2690} INFO - Sync 1 DAGs
[2024-02-19T12:51:05.992+0000] {logging_mixin.py:137} INFO - [2024-02-19T12:51:05.991+0000] {dag.py:3441} INFO - Setting next_dagrun for example_kubernetes_executor to None, run_after=None
[2024-02-19T12:51:06.010+0000] {processor.py:175} INFO - Processing /home/airflow/.local/lib/python3.7/site-packages/airflow/example_dags/example_kubernetes_executor.py took 0.089 seconds
[2024-02-19T12:51:36.616+0000] {processor.py:153} INFO - Started process (PID=6669) to work on /home/airflow/.local/lib/python3.7/site-packages/airflow/example_dags/example_kubernetes_executor.py
[2024-02-19T12:51:36.617+0000] {processor.py:743} INFO - Processing file /home/airflow/.local/lib/python3.7/site-packages/airflow/example_dags/example_kubernetes_executor.py for tasks to queue
[2024-02-19T12:51:36.617+0000] {logging_mixin.py:137} INFO - [2024-02-19T12:51:36.617+0000] {dagbag.py:538} INFO - Filling up the DagBag from /home/airflow/.local/lib/python3.7/site-packages/airflow/example_dags/example_kubernetes_executor.py
[2024-02-19T12:51:36.639+0000] {processor.py:753} INFO - DAG(s) dict_keys(['example_kubernetes_executor']) retrieved from /home/airflow/.local/lib/python3.7/site-packages/airflow/example_dags/example_kubernetes_executor.py
[2024-02-19T12:51:36.660+0000] {logging_mixin.py:137} INFO - [2024-02-19T12:51:36.660+0000] {dag.py:2690} INFO - Sync 1 DAGs
[2024-02-19T12:51:36.678+0000] {logging_mixin.py:137} INFO - [2024-02-19T12:51:36.678+0000] {dag.py:3441} INFO - Setting next_dagrun for example_kubernetes_executor to None, run_after=None
[2024-02-19T12:51:36.692+0000] {processor.py:175} INFO - Processing /home/airflow/.local/lib/python3.7/site-packages/airflow/example_dags/example_kubernetes_executor.py took 0.079 seconds
[2024-02-19T12:52:07.985+0000] {processor.py:153} INFO - Started process (PID=6804) to work on /home/airflow/.local/lib/python3.7/site-packages/airflow/example_dags/example_kubernetes_executor.py
[2024-02-19T12:52:07.986+0000] {processor.py:743} INFO - Processing file /home/airflow/.local/lib/python3.7/site-packages/airflow/example_dags/example_kubernetes_executor.py for tasks to queue
[2024-02-19T12:52:07.987+0000] {logging_mixin.py:137} INFO - [2024-02-19T12:52:07.986+0000] {dagbag.py:538} INFO - Filling up the DagBag from /home/airflow/.local/lib/python3.7/site-packages/airflow/example_dags/example_kubernetes_executor.py
[2024-02-19T12:52:08.015+0000] {processor.py:753} INFO - DAG(s) dict_keys(['example_kubernetes_executor']) retrieved from /home/airflow/.local/lib/python3.7/site-packages/airflow/example_dags/example_kubernetes_executor.py
[2024-02-19T12:52:08.041+0000] {logging_mixin.py:137} INFO - [2024-02-19T12:52:08.041+0000] {dag.py:2690} INFO - Sync 1 DAGs
[2024-02-19T12:52:08.065+0000] {logging_mixin.py:137} INFO - [2024-02-19T12:52:08.065+0000] {dag.py:3441} INFO - Setting next_dagrun for example_kubernetes_executor to None, run_after=None
[2024-02-19T12:52:08.084+0000] {processor.py:175} INFO - Processing /home/airflow/.local/lib/python3.7/site-packages/airflow/example_dags/example_kubernetes_executor.py took 0.102 seconds
[2024-02-19T12:52:38.659+0000] {processor.py:153} INFO - Started process (PID=6907) to work on /home/airflow/.local/lib/python3.7/site-packages/airflow/example_dags/example_kubernetes_executor.py
[2024-02-19T12:52:38.660+0000] {processor.py:743} INFO - Processing file /home/airflow/.local/lib/python3.7/site-packages/airflow/example_dags/example_kubernetes_executor.py for tasks to queue
[2024-02-19T12:52:38.660+0000] {logging_mixin.py:137} INFO - [2024-02-19T12:52:38.660+0000] {dagbag.py:538} INFO - Filling up the DagBag from /home/airflow/.local/lib/python3.7/site-packages/airflow/example_dags/example_kubernetes_executor.py
[2024-02-19T12:52:38.682+0000] {processor.py:753} INFO - DAG(s) dict_keys(['example_kubernetes_executor']) retrieved from /home/airflow/.local/lib/python3.7/site-packages/airflow/example_dags/example_kubernetes_executor.py
[2024-02-19T12:52:38.704+0000] {logging_mixin.py:137} INFO - [2024-02-19T12:52:38.704+0000] {dag.py:2690} INFO - Sync 1 DAGs
[2024-02-19T12:52:38.723+0000] {logging_mixin.py:137} INFO - [2024-02-19T12:52:38.723+0000] {dag.py:3441} INFO - Setting next_dagrun for example_kubernetes_executor to None, run_after=None
[2024-02-19T12:52:38.737+0000] {processor.py:175} INFO - Processing /home/airflow/.local/lib/python3.7/site-packages/airflow/example_dags/example_kubernetes_executor.py took 0.081 seconds
[2024-02-19T12:53:09.569+0000] {processor.py:153} INFO - Started process (PID=7042) to work on /home/airflow/.local/lib/python3.7/site-packages/airflow/example_dags/example_kubernetes_executor.py
[2024-02-19T12:53:09.569+0000] {processor.py:743} INFO - Processing file /home/airflow/.local/lib/python3.7/site-packages/airflow/example_dags/example_kubernetes_executor.py for tasks to queue
[2024-02-19T12:53:09.570+0000] {logging_mixin.py:137} INFO - [2024-02-19T12:53:09.570+0000] {dagbag.py:538} INFO - Filling up the DagBag from /home/airflow/.local/lib/python3.7/site-packages/airflow/example_dags/example_kubernetes_executor.py
[2024-02-19T12:53:09.590+0000] {processor.py:753} INFO - DAG(s) dict_keys(['example_kubernetes_executor']) retrieved from /home/airflow/.local/lib/python3.7/site-packages/airflow/example_dags/example_kubernetes_executor.py
[2024-02-19T12:53:09.611+0000] {logging_mixin.py:137} INFO - [2024-02-19T12:53:09.610+0000] {dag.py:2690} INFO - Sync 1 DAGs
[2024-02-19T12:53:09.628+0000] {logging_mixin.py:137} INFO - [2024-02-19T12:53:09.628+0000] {dag.py:3441} INFO - Setting next_dagrun for example_kubernetes_executor to None, run_after=None
[2024-02-19T12:53:09.641+0000] {processor.py:175} INFO - Processing /home/airflow/.local/lib/python3.7/site-packages/airflow/example_dags/example_kubernetes_executor.py took 0.074 seconds
[2024-02-19T12:53:40.565+0000] {processor.py:153} INFO - Started process (PID=7178) to work on /home/airflow/.local/lib/python3.7/site-packages/airflow/example_dags/example_kubernetes_executor.py
[2024-02-19T12:53:40.567+0000] {processor.py:743} INFO - Processing file /home/airflow/.local/lib/python3.7/site-packages/airflow/example_dags/example_kubernetes_executor.py for tasks to queue
[2024-02-19T12:53:40.568+0000] {logging_mixin.py:137} INFO - [2024-02-19T12:53:40.568+0000] {dagbag.py:538} INFO - Filling up the DagBag from /home/airflow/.local/lib/python3.7/site-packages/airflow/example_dags/example_kubernetes_executor.py
[2024-02-19T12:53:40.600+0000] {processor.py:753} INFO - DAG(s) dict_keys(['example_kubernetes_executor']) retrieved from /home/airflow/.local/lib/python3.7/site-packages/airflow/example_dags/example_kubernetes_executor.py
[2024-02-19T12:53:40.632+0000] {logging_mixin.py:137} INFO - [2024-02-19T12:53:40.631+0000] {dag.py:2690} INFO - Sync 1 DAGs
[2024-02-19T12:53:40.659+0000] {logging_mixin.py:137} INFO - [2024-02-19T12:53:40.659+0000] {dag.py:3441} INFO - Setting next_dagrun for example_kubernetes_executor to None, run_after=None
[2024-02-19T12:53:40.679+0000] {processor.py:175} INFO - Processing /home/airflow/.local/lib/python3.7/site-packages/airflow/example_dags/example_kubernetes_executor.py took 0.117 seconds
[2024-02-19T12:54:11.418+0000] {processor.py:153} INFO - Started process (PID=7281) to work on /home/airflow/.local/lib/python3.7/site-packages/airflow/example_dags/example_kubernetes_executor.py
[2024-02-19T12:54:11.419+0000] {processor.py:743} INFO - Processing file /home/airflow/.local/lib/python3.7/site-packages/airflow/example_dags/example_kubernetes_executor.py for tasks to queue
[2024-02-19T12:54:11.420+0000] {logging_mixin.py:137} INFO - [2024-02-19T12:54:11.420+0000] {dagbag.py:538} INFO - Filling up the DagBag from /home/airflow/.local/lib/python3.7/site-packages/airflow/example_dags/example_kubernetes_executor.py
[2024-02-19T12:54:11.441+0000] {processor.py:753} INFO - DAG(s) dict_keys(['example_kubernetes_executor']) retrieved from /home/airflow/.local/lib/python3.7/site-packages/airflow/example_dags/example_kubernetes_executor.py
[2024-02-19T12:54:11.462+0000] {logging_mixin.py:137} INFO - [2024-02-19T12:54:11.462+0000] {dag.py:2690} INFO - Sync 1 DAGs
[2024-02-19T12:54:11.482+0000] {logging_mixin.py:137} INFO - [2024-02-19T12:54:11.482+0000] {dag.py:3441} INFO - Setting next_dagrun for example_kubernetes_executor to None, run_after=None
[2024-02-19T12:54:11.497+0000] {processor.py:175} INFO - Processing /home/airflow/.local/lib/python3.7/site-packages/airflow/example_dags/example_kubernetes_executor.py took 0.080 seconds
[2024-02-19T12:54:41.588+0000] {processor.py:153} INFO - Started process (PID=7416) to work on /home/airflow/.local/lib/python3.7/site-packages/airflow/example_dags/example_kubernetes_executor.py
[2024-02-19T12:54:41.589+0000] {processor.py:743} INFO - Processing file /home/airflow/.local/lib/python3.7/site-packages/airflow/example_dags/example_kubernetes_executor.py for tasks to queue
[2024-02-19T12:54:41.589+0000] {logging_mixin.py:137} INFO - [2024-02-19T12:54:41.589+0000] {dagbag.py:538} INFO - Filling up the DagBag from /home/airflow/.local/lib/python3.7/site-packages/airflow/example_dags/example_kubernetes_executor.py
[2024-02-19T12:54:41.611+0000] {processor.py:753} INFO - DAG(s) dict_keys(['example_kubernetes_executor']) retrieved from /home/airflow/.local/lib/python3.7/site-packages/airflow/example_dags/example_kubernetes_executor.py
[2024-02-19T12:54:41.633+0000] {logging_mixin.py:137} INFO - [2024-02-19T12:54:41.633+0000] {dag.py:2690} INFO - Sync 1 DAGs
[2024-02-19T12:54:41.653+0000] {logging_mixin.py:137} INFO - [2024-02-19T12:54:41.652+0000] {dag.py:3441} INFO - Setting next_dagrun for example_kubernetes_executor to None, run_after=None
[2024-02-19T12:54:41.667+0000] {processor.py:175} INFO - Processing /home/airflow/.local/lib/python3.7/site-packages/airflow/example_dags/example_kubernetes_executor.py took 0.081 seconds
[2024-02-19T12:55:12.298+0000] {processor.py:153} INFO - Started process (PID=7526) to work on /home/airflow/.local/lib/python3.7/site-packages/airflow/example_dags/example_kubernetes_executor.py
[2024-02-19T12:55:12.298+0000] {processor.py:743} INFO - Processing file /home/airflow/.local/lib/python3.7/site-packages/airflow/example_dags/example_kubernetes_executor.py for tasks to queue
[2024-02-19T12:55:12.299+0000] {logging_mixin.py:137} INFO - [2024-02-19T12:55:12.299+0000] {dagbag.py:538} INFO - Filling up the DagBag from /home/airflow/.local/lib/python3.7/site-packages/airflow/example_dags/example_kubernetes_executor.py
[2024-02-19T12:55:12.321+0000] {processor.py:753} INFO - DAG(s) dict_keys(['example_kubernetes_executor']) retrieved from /home/airflow/.local/lib/python3.7/site-packages/airflow/example_dags/example_kubernetes_executor.py
[2024-02-19T12:55:12.344+0000] {logging_mixin.py:137} INFO - [2024-02-19T12:55:12.343+0000] {dag.py:2690} INFO - Sync 1 DAGs
[2024-02-19T12:55:12.364+0000] {logging_mixin.py:137} INFO - [2024-02-19T12:55:12.364+0000] {dag.py:3441} INFO - Setting next_dagrun for example_kubernetes_executor to None, run_after=None
[2024-02-19T12:55:12.381+0000] {processor.py:175} INFO - Processing /home/airflow/.local/lib/python3.7/site-packages/airflow/example_dags/example_kubernetes_executor.py took 0.086 seconds
[2024-02-19T12:55:43.087+0000] {processor.py:153} INFO - Started process (PID=7654) to work on /home/airflow/.local/lib/python3.7/site-packages/airflow/example_dags/example_kubernetes_executor.py
[2024-02-19T12:55:43.087+0000] {processor.py:743} INFO - Processing file /home/airflow/.local/lib/python3.7/site-packages/airflow/example_dags/example_kubernetes_executor.py for tasks to queue
[2024-02-19T12:55:43.088+0000] {logging_mixin.py:137} INFO - [2024-02-19T12:55:43.087+0000] {dagbag.py:538} INFO - Filling up the DagBag from /home/airflow/.local/lib/python3.7/site-packages/airflow/example_dags/example_kubernetes_executor.py
[2024-02-19T12:55:43.112+0000] {processor.py:753} INFO - DAG(s) dict_keys(['example_kubernetes_executor']) retrieved from /home/airflow/.local/lib/python3.7/site-packages/airflow/example_dags/example_kubernetes_executor.py
[2024-02-19T12:55:43.135+0000] {logging_mixin.py:137} INFO - [2024-02-19T12:55:43.135+0000] {dag.py:2690} INFO - Sync 1 DAGs
[2024-02-19T12:55:43.155+0000] {logging_mixin.py:137} INFO - [2024-02-19T12:55:43.155+0000] {dag.py:3441} INFO - Setting next_dagrun for example_kubernetes_executor to None, run_after=None
[2024-02-19T12:55:43.172+0000] {processor.py:175} INFO - Processing /home/airflow/.local/lib/python3.7/site-packages/airflow/example_dags/example_kubernetes_executor.py took 0.088 seconds
[2024-02-19T12:56:13.982+0000] {processor.py:153} INFO - Started process (PID=7790) to work on /home/airflow/.local/lib/python3.7/site-packages/airflow/example_dags/example_kubernetes_executor.py
[2024-02-19T12:56:13.983+0000] {processor.py:743} INFO - Processing file /home/airflow/.local/lib/python3.7/site-packages/airflow/example_dags/example_kubernetes_executor.py for tasks to queue
[2024-02-19T12:56:13.983+0000] {logging_mixin.py:137} INFO - [2024-02-19T12:56:13.983+0000] {dagbag.py:538} INFO - Filling up the DagBag from /home/airflow/.local/lib/python3.7/site-packages/airflow/example_dags/example_kubernetes_executor.py
[2024-02-19T12:56:14.007+0000] {processor.py:753} INFO - DAG(s) dict_keys(['example_kubernetes_executor']) retrieved from /home/airflow/.local/lib/python3.7/site-packages/airflow/example_dags/example_kubernetes_executor.py
[2024-02-19T12:56:14.034+0000] {logging_mixin.py:137} INFO - [2024-02-19T12:56:14.034+0000] {dag.py:2690} INFO - Sync 1 DAGs
[2024-02-19T12:56:14.066+0000] {logging_mixin.py:137} INFO - [2024-02-19T12:56:14.066+0000] {dag.py:3441} INFO - Setting next_dagrun for example_kubernetes_executor to None, run_after=None
[2024-02-19T12:56:14.097+0000] {processor.py:175} INFO - Processing /home/airflow/.local/lib/python3.7/site-packages/airflow/example_dags/example_kubernetes_executor.py took 0.118 seconds
[2024-02-19T12:56:44.713+0000] {processor.py:153} INFO - Started process (PID=7892) to work on /home/airflow/.local/lib/python3.7/site-packages/airflow/example_dags/example_kubernetes_executor.py
[2024-02-19T12:56:44.713+0000] {processor.py:743} INFO - Processing file /home/airflow/.local/lib/python3.7/site-packages/airflow/example_dags/example_kubernetes_executor.py for tasks to queue
[2024-02-19T12:56:44.714+0000] {logging_mixin.py:137} INFO - [2024-02-19T12:56:44.714+0000] {dagbag.py:538} INFO - Filling up the DagBag from /home/airflow/.local/lib/python3.7/site-packages/airflow/example_dags/example_kubernetes_executor.py
[2024-02-19T12:56:44.735+0000] {processor.py:753} INFO - DAG(s) dict_keys(['example_kubernetes_executor']) retrieved from /home/airflow/.local/lib/python3.7/site-packages/airflow/example_dags/example_kubernetes_executor.py
[2024-02-19T12:56:44.757+0000] {logging_mixin.py:137} INFO - [2024-02-19T12:56:44.757+0000] {dag.py:2690} INFO - Sync 1 DAGs
[2024-02-19T12:56:44.776+0000] {logging_mixin.py:137} INFO - [2024-02-19T12:56:44.776+0000] {dag.py:3441} INFO - Setting next_dagrun for example_kubernetes_executor to None, run_after=None
[2024-02-19T12:56:44.790+0000] {processor.py:175} INFO - Processing /home/airflow/.local/lib/python3.7/site-packages/airflow/example_dags/example_kubernetes_executor.py took 0.080 seconds
[2024-02-19T12:57:15.609+0000] {processor.py:153} INFO - Started process (PID=8027) to work on /home/airflow/.local/lib/python3.7/site-packages/airflow/example_dags/example_kubernetes_executor.py
[2024-02-19T12:57:15.610+0000] {processor.py:743} INFO - Processing file /home/airflow/.local/lib/python3.7/site-packages/airflow/example_dags/example_kubernetes_executor.py for tasks to queue
[2024-02-19T12:57:15.611+0000] {logging_mixin.py:137} INFO - [2024-02-19T12:57:15.611+0000] {dagbag.py:538} INFO - Filling up the DagBag from /home/airflow/.local/lib/python3.7/site-packages/airflow/example_dags/example_kubernetes_executor.py
[2024-02-19T12:57:15.633+0000] {processor.py:753} INFO - DAG(s) dict_keys(['example_kubernetes_executor']) retrieved from /home/airflow/.local/lib/python3.7/site-packages/airflow/example_dags/example_kubernetes_executor.py
[2024-02-19T12:57:15.656+0000] {logging_mixin.py:137} INFO - [2024-02-19T12:57:15.655+0000] {dag.py:2690} INFO - Sync 1 DAGs
[2024-02-19T12:57:15.675+0000] {logging_mixin.py:137} INFO - [2024-02-19T12:57:15.675+0000] {dag.py:3441} INFO - Setting next_dagrun for example_kubernetes_executor to None, run_after=None
[2024-02-19T12:57:15.690+0000] {processor.py:175} INFO - Processing /home/airflow/.local/lib/python3.7/site-packages/airflow/example_dags/example_kubernetes_executor.py took 0.083 seconds
[2024-02-19T12:57:46.732+0000] {processor.py:153} INFO - Started process (PID=8163) to work on /home/airflow/.local/lib/python3.7/site-packages/airflow/example_dags/example_kubernetes_executor.py
[2024-02-19T12:57:46.732+0000] {processor.py:743} INFO - Processing file /home/airflow/.local/lib/python3.7/site-packages/airflow/example_dags/example_kubernetes_executor.py for tasks to queue
[2024-02-19T12:57:46.733+0000] {logging_mixin.py:137} INFO - [2024-02-19T12:57:46.733+0000] {dagbag.py:538} INFO - Filling up the DagBag from /home/airflow/.local/lib/python3.7/site-packages/airflow/example_dags/example_kubernetes_executor.py
[2024-02-19T12:57:46.759+0000] {processor.py:753} INFO - DAG(s) dict_keys(['example_kubernetes_executor']) retrieved from /home/airflow/.local/lib/python3.7/site-packages/airflow/example_dags/example_kubernetes_executor.py
[2024-02-19T12:57:46.786+0000] {logging_mixin.py:137} INFO - [2024-02-19T12:57:46.786+0000] {dag.py:2690} INFO - Sync 1 DAGs
[2024-02-19T12:57:46.809+0000] {logging_mixin.py:137} INFO - [2024-02-19T12:57:46.809+0000] {dag.py:3441} INFO - Setting next_dagrun for example_kubernetes_executor to None, run_after=None
[2024-02-19T12:57:46.829+0000] {processor.py:175} INFO - Processing /home/airflow/.local/lib/python3.7/site-packages/airflow/example_dags/example_kubernetes_executor.py took 0.100 seconds
[2024-02-19T12:58:17.548+0000] {processor.py:153} INFO - Started process (PID=8264) to work on /home/airflow/.local/lib/python3.7/site-packages/airflow/example_dags/example_kubernetes_executor.py
[2024-02-19T12:58:17.549+0000] {processor.py:743} INFO - Processing file /home/airflow/.local/lib/python3.7/site-packages/airflow/example_dags/example_kubernetes_executor.py for tasks to queue
[2024-02-19T12:58:17.549+0000] {logging_mixin.py:137} INFO - [2024-02-19T12:58:17.549+0000] {dagbag.py:538} INFO - Filling up the DagBag from /home/airflow/.local/lib/python3.7/site-packages/airflow/example_dags/example_kubernetes_executor.py
[2024-02-19T12:58:17.569+0000] {processor.py:753} INFO - DAG(s) dict_keys(['example_kubernetes_executor']) retrieved from /home/airflow/.local/lib/python3.7/site-packages/airflow/example_dags/example_kubernetes_executor.py
[2024-02-19T12:58:17.590+0000] {logging_mixin.py:137} INFO - [2024-02-19T12:58:17.590+0000] {dag.py:2690} INFO - Sync 1 DAGs
[2024-02-19T12:58:17.609+0000] {logging_mixin.py:137} INFO - [2024-02-19T12:58:17.609+0000] {dag.py:3441} INFO - Setting next_dagrun for example_kubernetes_executor to None, run_after=None
[2024-02-19T12:58:17.624+0000] {processor.py:175} INFO - Processing /home/airflow/.local/lib/python3.7/site-packages/airflow/example_dags/example_kubernetes_executor.py took 0.078 seconds
