[2024-02-19T12:24:37.843+0000] {processor.py:153} INFO - Started process (PID=66) to work on /home/airflow/.local/lib/python3.7/site-packages/airflow/example_dags/example_nested_branch_dag.py
[2024-02-19T12:24:37.844+0000] {processor.py:743} INFO - Processing file /home/airflow/.local/lib/python3.7/site-packages/airflow/example_dags/example_nested_branch_dag.py for tasks to queue
[2024-02-19T12:24:37.844+0000] {logging_mixin.py:137} INFO - [2024-02-19T12:24:37.844+0000] {dagbag.py:538} INFO - Filling up the DagBag from /home/airflow/.local/lib/python3.7/site-packages/airflow/example_dags/example_nested_branch_dag.py
[2024-02-19T12:24:37.859+0000] {processor.py:753} INFO - DAG(s) dict_keys(['example_nested_branch_dag']) retrieved from /home/airflow/.local/lib/python3.7/site-packages/airflow/example_dags/example_nested_branch_dag.py
[2024-02-19T12:24:37.866+0000] {logging_mixin.py:137} INFO - [2024-02-19T12:24:37.866+0000] {dag.py:2690} INFO - Sync 1 DAGs
[2024-02-19T12:24:37.882+0000] {logging_mixin.py:137} INFO - [2024-02-19T12:24:37.882+0000] {dag.py:3441} INFO - Setting next_dagrun for example_nested_branch_dag to 2024-02-18T00:00:00+00:00, run_after=2024-02-19T00:00:00+00:00
[2024-02-19T12:24:37.893+0000] {processor.py:175} INFO - Processing /home/airflow/.local/lib/python3.7/site-packages/airflow/example_dags/example_nested_branch_dag.py took 0.051 seconds
[2024-02-19T12:25:08.271+0000] {processor.py:153} INFO - Started process (PID=201) to work on /home/airflow/.local/lib/python3.7/site-packages/airflow/example_dags/example_nested_branch_dag.py
[2024-02-19T12:25:08.271+0000] {processor.py:743} INFO - Processing file /home/airflow/.local/lib/python3.7/site-packages/airflow/example_dags/example_nested_branch_dag.py for tasks to queue
[2024-02-19T12:25:08.272+0000] {logging_mixin.py:137} INFO - [2024-02-19T12:25:08.272+0000] {dagbag.py:538} INFO - Filling up the DagBag from /home/airflow/.local/lib/python3.7/site-packages/airflow/example_dags/example_nested_branch_dag.py
[2024-02-19T12:25:08.285+0000] {processor.py:753} INFO - DAG(s) dict_keys(['example_nested_branch_dag']) retrieved from /home/airflow/.local/lib/python3.7/site-packages/airflow/example_dags/example_nested_branch_dag.py
[2024-02-19T12:25:08.299+0000] {logging_mixin.py:137} INFO - [2024-02-19T12:25:08.299+0000] {dag.py:2690} INFO - Sync 1 DAGs
[2024-02-19T12:25:08.314+0000] {logging_mixin.py:137} INFO - [2024-02-19T12:25:08.313+0000] {dag.py:3441} INFO - Setting next_dagrun for example_nested_branch_dag to 2024-02-18T00:00:00+00:00, run_after=2024-02-19T00:00:00+00:00
[2024-02-19T12:25:08.324+0000] {processor.py:175} INFO - Processing /home/airflow/.local/lib/python3.7/site-packages/airflow/example_dags/example_nested_branch_dag.py took 0.055 seconds
[2024-02-19T12:25:38.687+0000] {processor.py:153} INFO - Started process (PID=304) to work on /home/airflow/.local/lib/python3.7/site-packages/airflow/example_dags/example_nested_branch_dag.py
[2024-02-19T12:25:38.687+0000] {processor.py:743} INFO - Processing file /home/airflow/.local/lib/python3.7/site-packages/airflow/example_dags/example_nested_branch_dag.py for tasks to queue
[2024-02-19T12:25:38.688+0000] {logging_mixin.py:137} INFO - [2024-02-19T12:25:38.687+0000] {dagbag.py:538} INFO - Filling up the DagBag from /home/airflow/.local/lib/python3.7/site-packages/airflow/example_dags/example_nested_branch_dag.py
[2024-02-19T12:25:38.702+0000] {processor.py:753} INFO - DAG(s) dict_keys(['example_nested_branch_dag']) retrieved from /home/airflow/.local/lib/python3.7/site-packages/airflow/example_dags/example_nested_branch_dag.py
[2024-02-19T12:25:38.716+0000] {logging_mixin.py:137} INFO - [2024-02-19T12:25:38.716+0000] {dag.py:2690} INFO - Sync 1 DAGs
[2024-02-19T12:25:38.729+0000] {logging_mixin.py:137} INFO - [2024-02-19T12:25:38.729+0000] {dag.py:3441} INFO - Setting next_dagrun for example_nested_branch_dag to 2024-02-18T00:00:00+00:00, run_after=2024-02-19T00:00:00+00:00
[2024-02-19T12:25:38.743+0000] {processor.py:175} INFO - Processing /home/airflow/.local/lib/python3.7/site-packages/airflow/example_dags/example_nested_branch_dag.py took 0.058 seconds
[2024-02-19T12:26:09.129+0000] {processor.py:153} INFO - Started process (PID=439) to work on /home/airflow/.local/lib/python3.7/site-packages/airflow/example_dags/example_nested_branch_dag.py
[2024-02-19T12:26:09.129+0000] {processor.py:743} INFO - Processing file /home/airflow/.local/lib/python3.7/site-packages/airflow/example_dags/example_nested_branch_dag.py for tasks to queue
[2024-02-19T12:26:09.129+0000] {logging_mixin.py:137} INFO - [2024-02-19T12:26:09.129+0000] {dagbag.py:538} INFO - Filling up the DagBag from /home/airflow/.local/lib/python3.7/site-packages/airflow/example_dags/example_nested_branch_dag.py
[2024-02-19T12:26:09.143+0000] {processor.py:753} INFO - DAG(s) dict_keys(['example_nested_branch_dag']) retrieved from /home/airflow/.local/lib/python3.7/site-packages/airflow/example_dags/example_nested_branch_dag.py
[2024-02-19T12:26:09.156+0000] {logging_mixin.py:137} INFO - [2024-02-19T12:26:09.156+0000] {dag.py:2690} INFO - Sync 1 DAGs
[2024-02-19T12:26:09.170+0000] {logging_mixin.py:137} INFO - [2024-02-19T12:26:09.170+0000] {dag.py:3441} INFO - Setting next_dagrun for example_nested_branch_dag to 2024-02-18T00:00:00+00:00, run_after=2024-02-19T00:00:00+00:00
[2024-02-19T12:26:09.180+0000] {processor.py:175} INFO - Processing /home/airflow/.local/lib/python3.7/site-packages/airflow/example_dags/example_nested_branch_dag.py took 0.053 seconds
[2024-02-19T12:26:39.517+0000] {processor.py:153} INFO - Started process (PID=574) to work on /home/airflow/.local/lib/python3.7/site-packages/airflow/example_dags/example_nested_branch_dag.py
[2024-02-19T12:26:39.518+0000] {processor.py:743} INFO - Processing file /home/airflow/.local/lib/python3.7/site-packages/airflow/example_dags/example_nested_branch_dag.py for tasks to queue
[2024-02-19T12:26:39.518+0000] {logging_mixin.py:137} INFO - [2024-02-19T12:26:39.518+0000] {dagbag.py:538} INFO - Filling up the DagBag from /home/airflow/.local/lib/python3.7/site-packages/airflow/example_dags/example_nested_branch_dag.py
[2024-02-19T12:26:39.532+0000] {processor.py:753} INFO - DAG(s) dict_keys(['example_nested_branch_dag']) retrieved from /home/airflow/.local/lib/python3.7/site-packages/airflow/example_dags/example_nested_branch_dag.py
[2024-02-19T12:26:39.546+0000] {logging_mixin.py:137} INFO - [2024-02-19T12:26:39.545+0000] {dag.py:2690} INFO - Sync 1 DAGs
[2024-02-19T12:26:39.560+0000] {logging_mixin.py:137} INFO - [2024-02-19T12:26:39.560+0000] {dag.py:3441} INFO - Setting next_dagrun for example_nested_branch_dag to 2024-02-18T00:00:00+00:00, run_after=2024-02-19T00:00:00+00:00
[2024-02-19T12:26:39.570+0000] {processor.py:175} INFO - Processing /home/airflow/.local/lib/python3.7/site-packages/airflow/example_dags/example_nested_branch_dag.py took 0.055 seconds
[2024-02-19T12:27:09.906+0000] {processor.py:153} INFO - Started process (PID=677) to work on /home/airflow/.local/lib/python3.7/site-packages/airflow/example_dags/example_nested_branch_dag.py
[2024-02-19T12:27:09.906+0000] {processor.py:743} INFO - Processing file /home/airflow/.local/lib/python3.7/site-packages/airflow/example_dags/example_nested_branch_dag.py for tasks to queue
[2024-02-19T12:27:09.906+0000] {logging_mixin.py:137} INFO - [2024-02-19T12:27:09.906+0000] {dagbag.py:538} INFO - Filling up the DagBag from /home/airflow/.local/lib/python3.7/site-packages/airflow/example_dags/example_nested_branch_dag.py
[2024-02-19T12:27:09.920+0000] {processor.py:753} INFO - DAG(s) dict_keys(['example_nested_branch_dag']) retrieved from /home/airflow/.local/lib/python3.7/site-packages/airflow/example_dags/example_nested_branch_dag.py
[2024-02-19T12:27:09.934+0000] {logging_mixin.py:137} INFO - [2024-02-19T12:27:09.933+0000] {dag.py:2690} INFO - Sync 1 DAGs
[2024-02-19T12:27:09.948+0000] {logging_mixin.py:137} INFO - [2024-02-19T12:27:09.948+0000] {dag.py:3441} INFO - Setting next_dagrun for example_nested_branch_dag to 2024-02-18T00:00:00+00:00, run_after=2024-02-19T00:00:00+00:00
[2024-02-19T12:27:09.959+0000] {processor.py:175} INFO - Processing /home/airflow/.local/lib/python3.7/site-packages/airflow/example_dags/example_nested_branch_dag.py took 0.055 seconds
[2024-02-19T12:27:40.350+0000] {processor.py:153} INFO - Started process (PID=812) to work on /home/airflow/.local/lib/python3.7/site-packages/airflow/example_dags/example_nested_branch_dag.py
[2024-02-19T12:27:40.351+0000] {processor.py:743} INFO - Processing file /home/airflow/.local/lib/python3.7/site-packages/airflow/example_dags/example_nested_branch_dag.py for tasks to queue
[2024-02-19T12:27:40.351+0000] {logging_mixin.py:137} INFO - [2024-02-19T12:27:40.351+0000] {dagbag.py:538} INFO - Filling up the DagBag from /home/airflow/.local/lib/python3.7/site-packages/airflow/example_dags/example_nested_branch_dag.py
[2024-02-19T12:27:40.365+0000] {processor.py:753} INFO - DAG(s) dict_keys(['example_nested_branch_dag']) retrieved from /home/airflow/.local/lib/python3.7/site-packages/airflow/example_dags/example_nested_branch_dag.py
[2024-02-19T12:27:40.379+0000] {logging_mixin.py:137} INFO - [2024-02-19T12:27:40.379+0000] {dag.py:2690} INFO - Sync 1 DAGs
[2024-02-19T12:27:40.394+0000] {logging_mixin.py:137} INFO - [2024-02-19T12:27:40.394+0000] {dag.py:3441} INFO - Setting next_dagrun for example_nested_branch_dag to 2024-02-18T00:00:00+00:00, run_after=2024-02-19T00:00:00+00:00
[2024-02-19T12:27:40.405+0000] {processor.py:175} INFO - Processing /home/airflow/.local/lib/python3.7/site-packages/airflow/example_dags/example_nested_branch_dag.py took 0.056 seconds
[2024-02-19T12:28:10.740+0000] {processor.py:153} INFO - Started process (PID=948) to work on /home/airflow/.local/lib/python3.7/site-packages/airflow/example_dags/example_nested_branch_dag.py
[2024-02-19T12:28:10.741+0000] {processor.py:743} INFO - Processing file /home/airflow/.local/lib/python3.7/site-packages/airflow/example_dags/example_nested_branch_dag.py for tasks to queue
[2024-02-19T12:28:10.741+0000] {logging_mixin.py:137} INFO - [2024-02-19T12:28:10.741+0000] {dagbag.py:538} INFO - Filling up the DagBag from /home/airflow/.local/lib/python3.7/site-packages/airflow/example_dags/example_nested_branch_dag.py
[2024-02-19T12:28:10.755+0000] {processor.py:753} INFO - DAG(s) dict_keys(['example_nested_branch_dag']) retrieved from /home/airflow/.local/lib/python3.7/site-packages/airflow/example_dags/example_nested_branch_dag.py
[2024-02-19T12:28:10.769+0000] {logging_mixin.py:137} INFO - [2024-02-19T12:28:10.769+0000] {dag.py:2690} INFO - Sync 1 DAGs
[2024-02-19T12:28:10.784+0000] {logging_mixin.py:137} INFO - [2024-02-19T12:28:10.784+0000] {dag.py:3441} INFO - Setting next_dagrun for example_nested_branch_dag to 2024-02-18T00:00:00+00:00, run_after=2024-02-19T00:00:00+00:00
[2024-02-19T12:28:10.794+0000] {processor.py:175} INFO - Processing /home/airflow/.local/lib/python3.7/site-packages/airflow/example_dags/example_nested_branch_dag.py took 0.056 seconds
[2024-02-19T12:28:41.203+0000] {processor.py:153} INFO - Started process (PID=1051) to work on /home/airflow/.local/lib/python3.7/site-packages/airflow/example_dags/example_nested_branch_dag.py
[2024-02-19T12:28:41.203+0000] {processor.py:743} INFO - Processing file /home/airflow/.local/lib/python3.7/site-packages/airflow/example_dags/example_nested_branch_dag.py for tasks to queue
[2024-02-19T12:28:41.204+0000] {logging_mixin.py:137} INFO - [2024-02-19T12:28:41.204+0000] {dagbag.py:538} INFO - Filling up the DagBag from /home/airflow/.local/lib/python3.7/site-packages/airflow/example_dags/example_nested_branch_dag.py
[2024-02-19T12:28:41.217+0000] {processor.py:753} INFO - DAG(s) dict_keys(['example_nested_branch_dag']) retrieved from /home/airflow/.local/lib/python3.7/site-packages/airflow/example_dags/example_nested_branch_dag.py
[2024-02-19T12:28:41.231+0000] {logging_mixin.py:137} INFO - [2024-02-19T12:28:41.231+0000] {dag.py:2690} INFO - Sync 1 DAGs
[2024-02-19T12:28:41.246+0000] {logging_mixin.py:137} INFO - [2024-02-19T12:28:41.246+0000] {dag.py:3441} INFO - Setting next_dagrun for example_nested_branch_dag to 2024-02-18T00:00:00+00:00, run_after=2024-02-19T00:00:00+00:00
[2024-02-19T12:28:41.259+0000] {processor.py:175} INFO - Processing /home/airflow/.local/lib/python3.7/site-packages/airflow/example_dags/example_nested_branch_dag.py took 0.057 seconds
[2024-02-19T12:29:11.640+0000] {processor.py:153} INFO - Started process (PID=1186) to work on /home/airflow/.local/lib/python3.7/site-packages/airflow/example_dags/example_nested_branch_dag.py
[2024-02-19T12:29:11.641+0000] {processor.py:743} INFO - Processing file /home/airflow/.local/lib/python3.7/site-packages/airflow/example_dags/example_nested_branch_dag.py for tasks to queue
[2024-02-19T12:29:11.641+0000] {logging_mixin.py:137} INFO - [2024-02-19T12:29:11.641+0000] {dagbag.py:538} INFO - Filling up the DagBag from /home/airflow/.local/lib/python3.7/site-packages/airflow/example_dags/example_nested_branch_dag.py
[2024-02-19T12:29:11.655+0000] {processor.py:753} INFO - DAG(s) dict_keys(['example_nested_branch_dag']) retrieved from /home/airflow/.local/lib/python3.7/site-packages/airflow/example_dags/example_nested_branch_dag.py
[2024-02-19T12:29:11.670+0000] {logging_mixin.py:137} INFO - [2024-02-19T12:29:11.670+0000] {dag.py:2690} INFO - Sync 1 DAGs
[2024-02-19T12:29:11.686+0000] {logging_mixin.py:137} INFO - [2024-02-19T12:29:11.686+0000] {dag.py:3441} INFO - Setting next_dagrun for example_nested_branch_dag to 2024-02-18T00:00:00+00:00, run_after=2024-02-19T00:00:00+00:00
[2024-02-19T12:29:11.696+0000] {processor.py:175} INFO - Processing /home/airflow/.local/lib/python3.7/site-packages/airflow/example_dags/example_nested_branch_dag.py took 0.058 seconds
[2024-02-19T12:29:42.345+0000] {processor.py:153} INFO - Started process (PID=1321) to work on /home/airflow/.local/lib/python3.7/site-packages/airflow/example_dags/example_nested_branch_dag.py
[2024-02-19T12:29:42.345+0000] {processor.py:743} INFO - Processing file /home/airflow/.local/lib/python3.7/site-packages/airflow/example_dags/example_nested_branch_dag.py for tasks to queue
[2024-02-19T12:29:42.346+0000] {logging_mixin.py:137} INFO - [2024-02-19T12:29:42.346+0000] {dagbag.py:538} INFO - Filling up the DagBag from /home/airflow/.local/lib/python3.7/site-packages/airflow/example_dags/example_nested_branch_dag.py
[2024-02-19T12:29:42.360+0000] {processor.py:753} INFO - DAG(s) dict_keys(['example_nested_branch_dag']) retrieved from /home/airflow/.local/lib/python3.7/site-packages/airflow/example_dags/example_nested_branch_dag.py
[2024-02-19T12:29:42.375+0000] {logging_mixin.py:137} INFO - [2024-02-19T12:29:42.375+0000] {dag.py:2690} INFO - Sync 1 DAGs
[2024-02-19T12:29:42.390+0000] {logging_mixin.py:137} INFO - [2024-02-19T12:29:42.390+0000] {dag.py:3441} INFO - Setting next_dagrun for example_nested_branch_dag to 2024-02-18T00:00:00+00:00, run_after=2024-02-19T00:00:00+00:00
[2024-02-19T12:29:42.400+0000] {processor.py:175} INFO - Processing /home/airflow/.local/lib/python3.7/site-packages/airflow/example_dags/example_nested_branch_dag.py took 0.057 seconds
[2024-02-19T12:30:12.885+0000] {processor.py:153} INFO - Started process (PID=1424) to work on /home/airflow/.local/lib/python3.7/site-packages/airflow/example_dags/example_nested_branch_dag.py
[2024-02-19T12:30:12.885+0000] {processor.py:743} INFO - Processing file /home/airflow/.local/lib/python3.7/site-packages/airflow/example_dags/example_nested_branch_dag.py for tasks to queue
[2024-02-19T12:30:12.886+0000] {logging_mixin.py:137} INFO - [2024-02-19T12:30:12.886+0000] {dagbag.py:538} INFO - Filling up the DagBag from /home/airflow/.local/lib/python3.7/site-packages/airflow/example_dags/example_nested_branch_dag.py
[2024-02-19T12:30:12.900+0000] {processor.py:753} INFO - DAG(s) dict_keys(['example_nested_branch_dag']) retrieved from /home/airflow/.local/lib/python3.7/site-packages/airflow/example_dags/example_nested_branch_dag.py
[2024-02-19T12:30:12.914+0000] {logging_mixin.py:137} INFO - [2024-02-19T12:30:12.914+0000] {dag.py:2690} INFO - Sync 1 DAGs
[2024-02-19T12:30:12.929+0000] {logging_mixin.py:137} INFO - [2024-02-19T12:30:12.929+0000] {dag.py:3441} INFO - Setting next_dagrun for example_nested_branch_dag to 2024-02-18T00:00:00+00:00, run_after=2024-02-19T00:00:00+00:00
[2024-02-19T12:30:12.940+0000] {processor.py:175} INFO - Processing /home/airflow/.local/lib/python3.7/site-packages/airflow/example_dags/example_nested_branch_dag.py took 0.057 seconds
[2024-02-19T12:30:43.315+0000] {processor.py:153} INFO - Started process (PID=1559) to work on /home/airflow/.local/lib/python3.7/site-packages/airflow/example_dags/example_nested_branch_dag.py
[2024-02-19T12:30:43.315+0000] {processor.py:743} INFO - Processing file /home/airflow/.local/lib/python3.7/site-packages/airflow/example_dags/example_nested_branch_dag.py for tasks to queue
[2024-02-19T12:30:43.316+0000] {logging_mixin.py:137} INFO - [2024-02-19T12:30:43.316+0000] {dagbag.py:538} INFO - Filling up the DagBag from /home/airflow/.local/lib/python3.7/site-packages/airflow/example_dags/example_nested_branch_dag.py
[2024-02-19T12:30:43.330+0000] {processor.py:753} INFO - DAG(s) dict_keys(['example_nested_branch_dag']) retrieved from /home/airflow/.local/lib/python3.7/site-packages/airflow/example_dags/example_nested_branch_dag.py
[2024-02-19T12:30:43.345+0000] {logging_mixin.py:137} INFO - [2024-02-19T12:30:43.345+0000] {dag.py:2690} INFO - Sync 1 DAGs
[2024-02-19T12:30:43.361+0000] {logging_mixin.py:137} INFO - [2024-02-19T12:30:43.360+0000] {dag.py:3441} INFO - Setting next_dagrun for example_nested_branch_dag to 2024-02-18T00:00:00+00:00, run_after=2024-02-19T00:00:00+00:00
[2024-02-19T12:30:43.371+0000] {processor.py:175} INFO - Processing /home/airflow/.local/lib/python3.7/site-packages/airflow/example_dags/example_nested_branch_dag.py took 0.058 seconds
[2024-02-19T12:31:13.761+0000] {processor.py:153} INFO - Started process (PID=1694) to work on /home/airflow/.local/lib/python3.7/site-packages/airflow/example_dags/example_nested_branch_dag.py
[2024-02-19T12:31:13.762+0000] {processor.py:743} INFO - Processing file /home/airflow/.local/lib/python3.7/site-packages/airflow/example_dags/example_nested_branch_dag.py for tasks to queue
[2024-02-19T12:31:13.762+0000] {logging_mixin.py:137} INFO - [2024-02-19T12:31:13.762+0000] {dagbag.py:538} INFO - Filling up the DagBag from /home/airflow/.local/lib/python3.7/site-packages/airflow/example_dags/example_nested_branch_dag.py
[2024-02-19T12:31:13.776+0000] {processor.py:753} INFO - DAG(s) dict_keys(['example_nested_branch_dag']) retrieved from /home/airflow/.local/lib/python3.7/site-packages/airflow/example_dags/example_nested_branch_dag.py
[2024-02-19T12:31:13.791+0000] {logging_mixin.py:137} INFO - [2024-02-19T12:31:13.791+0000] {dag.py:2690} INFO - Sync 1 DAGs
[2024-02-19T12:31:13.806+0000] {logging_mixin.py:137} INFO - [2024-02-19T12:31:13.806+0000] {dag.py:3441} INFO - Setting next_dagrun for example_nested_branch_dag to 2024-02-18T00:00:00+00:00, run_after=2024-02-19T00:00:00+00:00
[2024-02-19T12:31:13.817+0000] {processor.py:175} INFO - Processing /home/airflow/.local/lib/python3.7/site-packages/airflow/example_dags/example_nested_branch_dag.py took 0.057 seconds
[2024-02-19T12:31:44.198+0000] {processor.py:153} INFO - Started process (PID=1797) to work on /home/airflow/.local/lib/python3.7/site-packages/airflow/example_dags/example_nested_branch_dag.py
[2024-02-19T12:31:44.199+0000] {processor.py:743} INFO - Processing file /home/airflow/.local/lib/python3.7/site-packages/airflow/example_dags/example_nested_branch_dag.py for tasks to queue
[2024-02-19T12:31:44.199+0000] {logging_mixin.py:137} INFO - [2024-02-19T12:31:44.199+0000] {dagbag.py:538} INFO - Filling up the DagBag from /home/airflow/.local/lib/python3.7/site-packages/airflow/example_dags/example_nested_branch_dag.py
[2024-02-19T12:31:44.213+0000] {processor.py:753} INFO - DAG(s) dict_keys(['example_nested_branch_dag']) retrieved from /home/airflow/.local/lib/python3.7/site-packages/airflow/example_dags/example_nested_branch_dag.py
[2024-02-19T12:31:44.227+0000] {logging_mixin.py:137} INFO - [2024-02-19T12:31:44.227+0000] {dag.py:2690} INFO - Sync 1 DAGs
[2024-02-19T12:31:44.242+0000] {logging_mixin.py:137} INFO - [2024-02-19T12:31:44.241+0000] {dag.py:3441} INFO - Setting next_dagrun for example_nested_branch_dag to 2024-02-18T00:00:00+00:00, run_after=2024-02-19T00:00:00+00:00
[2024-02-19T12:31:44.253+0000] {processor.py:175} INFO - Processing /home/airflow/.local/lib/python3.7/site-packages/airflow/example_dags/example_nested_branch_dag.py took 0.056 seconds
[2024-02-19T12:32:14.648+0000] {processor.py:153} INFO - Started process (PID=1932) to work on /home/airflow/.local/lib/python3.7/site-packages/airflow/example_dags/example_nested_branch_dag.py
[2024-02-19T12:32:14.648+0000] {processor.py:743} INFO - Processing file /home/airflow/.local/lib/python3.7/site-packages/airflow/example_dags/example_nested_branch_dag.py for tasks to queue
[2024-02-19T12:32:14.649+0000] {logging_mixin.py:137} INFO - [2024-02-19T12:32:14.649+0000] {dagbag.py:538} INFO - Filling up the DagBag from /home/airflow/.local/lib/python3.7/site-packages/airflow/example_dags/example_nested_branch_dag.py
[2024-02-19T12:32:14.662+0000] {processor.py:753} INFO - DAG(s) dict_keys(['example_nested_branch_dag']) retrieved from /home/airflow/.local/lib/python3.7/site-packages/airflow/example_dags/example_nested_branch_dag.py
[2024-02-19T12:32:14.677+0000] {logging_mixin.py:137} INFO - [2024-02-19T12:32:14.676+0000] {dag.py:2690} INFO - Sync 1 DAGs
[2024-02-19T12:32:14.691+0000] {logging_mixin.py:137} INFO - [2024-02-19T12:32:14.691+0000] {dag.py:3441} INFO - Setting next_dagrun for example_nested_branch_dag to 2024-02-18T00:00:00+00:00, run_after=2024-02-19T00:00:00+00:00
[2024-02-19T12:32:14.702+0000] {processor.py:175} INFO - Processing /home/airflow/.local/lib/python3.7/site-packages/airflow/example_dags/example_nested_branch_dag.py took 0.056 seconds
[2024-02-19T12:32:45.215+0000] {processor.py:153} INFO - Started process (PID=2067) to work on /home/airflow/.local/lib/python3.7/site-packages/airflow/example_dags/example_nested_branch_dag.py
[2024-02-19T12:32:45.216+0000] {processor.py:743} INFO - Processing file /home/airflow/.local/lib/python3.7/site-packages/airflow/example_dags/example_nested_branch_dag.py for tasks to queue
[2024-02-19T12:32:45.216+0000] {logging_mixin.py:137} INFO - [2024-02-19T12:32:45.216+0000] {dagbag.py:538} INFO - Filling up the DagBag from /home/airflow/.local/lib/python3.7/site-packages/airflow/example_dags/example_nested_branch_dag.py
[2024-02-19T12:32:45.232+0000] {processor.py:753} INFO - DAG(s) dict_keys(['example_nested_branch_dag']) retrieved from /home/airflow/.local/lib/python3.7/site-packages/airflow/example_dags/example_nested_branch_dag.py
[2024-02-19T12:32:45.248+0000] {logging_mixin.py:137} INFO - [2024-02-19T12:32:45.248+0000] {dag.py:2690} INFO - Sync 1 DAGs
[2024-02-19T12:32:45.267+0000] {logging_mixin.py:137} INFO - [2024-02-19T12:32:45.267+0000] {dag.py:3441} INFO - Setting next_dagrun for example_nested_branch_dag to 2024-02-18T00:00:00+00:00, run_after=2024-02-19T00:00:00+00:00
[2024-02-19T12:32:45.279+0000] {processor.py:175} INFO - Processing /home/airflow/.local/lib/python3.7/site-packages/airflow/example_dags/example_nested_branch_dag.py took 0.066 seconds
[2024-02-19T12:33:15.670+0000] {processor.py:153} INFO - Started process (PID=2170) to work on /home/airflow/.local/lib/python3.7/site-packages/airflow/example_dags/example_nested_branch_dag.py
[2024-02-19T12:33:15.671+0000] {processor.py:743} INFO - Processing file /home/airflow/.local/lib/python3.7/site-packages/airflow/example_dags/example_nested_branch_dag.py for tasks to queue
[2024-02-19T12:33:15.671+0000] {logging_mixin.py:137} INFO - [2024-02-19T12:33:15.671+0000] {dagbag.py:538} INFO - Filling up the DagBag from /home/airflow/.local/lib/python3.7/site-packages/airflow/example_dags/example_nested_branch_dag.py
[2024-02-19T12:33:15.685+0000] {processor.py:753} INFO - DAG(s) dict_keys(['example_nested_branch_dag']) retrieved from /home/airflow/.local/lib/python3.7/site-packages/airflow/example_dags/example_nested_branch_dag.py
[2024-02-19T12:33:15.699+0000] {logging_mixin.py:137} INFO - [2024-02-19T12:33:15.699+0000] {dag.py:2690} INFO - Sync 1 DAGs
[2024-02-19T12:33:15.714+0000] {logging_mixin.py:137} INFO - [2024-02-19T12:33:15.714+0000] {dag.py:3441} INFO - Setting next_dagrun for example_nested_branch_dag to 2024-02-18T00:00:00+00:00, run_after=2024-02-19T00:00:00+00:00
[2024-02-19T12:33:15.724+0000] {processor.py:175} INFO - Processing /home/airflow/.local/lib/python3.7/site-packages/airflow/example_dags/example_nested_branch_dag.py took 0.056 seconds
[2024-02-19T12:33:46.192+0000] {processor.py:153} INFO - Started process (PID=2305) to work on /home/airflow/.local/lib/python3.7/site-packages/airflow/example_dags/example_nested_branch_dag.py
[2024-02-19T12:33:46.193+0000] {processor.py:743} INFO - Processing file /home/airflow/.local/lib/python3.7/site-packages/airflow/example_dags/example_nested_branch_dag.py for tasks to queue
[2024-02-19T12:33:46.193+0000] {logging_mixin.py:137} INFO - [2024-02-19T12:33:46.193+0000] {dagbag.py:538} INFO - Filling up the DagBag from /home/airflow/.local/lib/python3.7/site-packages/airflow/example_dags/example_nested_branch_dag.py
[2024-02-19T12:33:46.208+0000] {processor.py:753} INFO - DAG(s) dict_keys(['example_nested_branch_dag']) retrieved from /home/airflow/.local/lib/python3.7/site-packages/airflow/example_dags/example_nested_branch_dag.py
[2024-02-19T12:33:46.223+0000] {logging_mixin.py:137} INFO - [2024-02-19T12:33:46.223+0000] {dag.py:2690} INFO - Sync 1 DAGs
[2024-02-19T12:33:46.238+0000] {logging_mixin.py:137} INFO - [2024-02-19T12:33:46.238+0000] {dag.py:3441} INFO - Setting next_dagrun for example_nested_branch_dag to 2024-02-18T00:00:00+00:00, run_after=2024-02-19T00:00:00+00:00
[2024-02-19T12:33:46.249+0000] {processor.py:175} INFO - Processing /home/airflow/.local/lib/python3.7/site-packages/airflow/example_dags/example_nested_branch_dag.py took 0.059 seconds
[2024-02-19T12:34:16.625+0000] {processor.py:153} INFO - Started process (PID=2440) to work on /home/airflow/.local/lib/python3.7/site-packages/airflow/example_dags/example_nested_branch_dag.py
[2024-02-19T12:34:16.625+0000] {processor.py:743} INFO - Processing file /home/airflow/.local/lib/python3.7/site-packages/airflow/example_dags/example_nested_branch_dag.py for tasks to queue
[2024-02-19T12:34:16.626+0000] {logging_mixin.py:137} INFO - [2024-02-19T12:34:16.625+0000] {dagbag.py:538} INFO - Filling up the DagBag from /home/airflow/.local/lib/python3.7/site-packages/airflow/example_dags/example_nested_branch_dag.py
[2024-02-19T12:34:16.639+0000] {processor.py:753} INFO - DAG(s) dict_keys(['example_nested_branch_dag']) retrieved from /home/airflow/.local/lib/python3.7/site-packages/airflow/example_dags/example_nested_branch_dag.py
[2024-02-19T12:34:16.653+0000] {logging_mixin.py:137} INFO - [2024-02-19T12:34:16.653+0000] {dag.py:2690} INFO - Sync 1 DAGs
[2024-02-19T12:34:16.668+0000] {logging_mixin.py:137} INFO - [2024-02-19T12:34:16.668+0000] {dag.py:3441} INFO - Setting next_dagrun for example_nested_branch_dag to 2024-02-18T00:00:00+00:00, run_after=2024-02-19T00:00:00+00:00
[2024-02-19T12:34:16.678+0000] {processor.py:175} INFO - Processing /home/airflow/.local/lib/python3.7/site-packages/airflow/example_dags/example_nested_branch_dag.py took 0.055 seconds
[2024-02-19T12:34:47.058+0000] {processor.py:153} INFO - Started process (PID=2543) to work on /home/airflow/.local/lib/python3.7/site-packages/airflow/example_dags/example_nested_branch_dag.py
[2024-02-19T12:34:47.059+0000] {processor.py:743} INFO - Processing file /home/airflow/.local/lib/python3.7/site-packages/airflow/example_dags/example_nested_branch_dag.py for tasks to queue
[2024-02-19T12:34:47.059+0000] {logging_mixin.py:137} INFO - [2024-02-19T12:34:47.059+0000] {dagbag.py:538} INFO - Filling up the DagBag from /home/airflow/.local/lib/python3.7/site-packages/airflow/example_dags/example_nested_branch_dag.py
[2024-02-19T12:34:47.072+0000] {processor.py:753} INFO - DAG(s) dict_keys(['example_nested_branch_dag']) retrieved from /home/airflow/.local/lib/python3.7/site-packages/airflow/example_dags/example_nested_branch_dag.py
[2024-02-19T12:34:47.086+0000] {logging_mixin.py:137} INFO - [2024-02-19T12:34:47.086+0000] {dag.py:2690} INFO - Sync 1 DAGs
[2024-02-19T12:34:47.101+0000] {logging_mixin.py:137} INFO - [2024-02-19T12:34:47.101+0000] {dag.py:3441} INFO - Setting next_dagrun for example_nested_branch_dag to 2024-02-18T00:00:00+00:00, run_after=2024-02-19T00:00:00+00:00
[2024-02-19T12:34:47.111+0000] {processor.py:175} INFO - Processing /home/airflow/.local/lib/python3.7/site-packages/airflow/example_dags/example_nested_branch_dag.py took 0.055 seconds
[2024-02-19T12:35:17.622+0000] {processor.py:153} INFO - Started process (PID=2678) to work on /home/airflow/.local/lib/python3.7/site-packages/airflow/example_dags/example_nested_branch_dag.py
[2024-02-19T12:35:17.622+0000] {processor.py:743} INFO - Processing file /home/airflow/.local/lib/python3.7/site-packages/airflow/example_dags/example_nested_branch_dag.py for tasks to queue
[2024-02-19T12:35:17.622+0000] {logging_mixin.py:137} INFO - [2024-02-19T12:35:17.622+0000] {dagbag.py:538} INFO - Filling up the DagBag from /home/airflow/.local/lib/python3.7/site-packages/airflow/example_dags/example_nested_branch_dag.py
[2024-02-19T12:35:17.637+0000] {processor.py:753} INFO - DAG(s) dict_keys(['example_nested_branch_dag']) retrieved from /home/airflow/.local/lib/python3.7/site-packages/airflow/example_dags/example_nested_branch_dag.py
[2024-02-19T12:35:17.652+0000] {logging_mixin.py:137} INFO - [2024-02-19T12:35:17.652+0000] {dag.py:2690} INFO - Sync 1 DAGs
[2024-02-19T12:35:17.667+0000] {logging_mixin.py:137} INFO - [2024-02-19T12:35:17.667+0000] {dag.py:3441} INFO - Setting next_dagrun for example_nested_branch_dag to 2024-02-18T00:00:00+00:00, run_after=2024-02-19T00:00:00+00:00
[2024-02-19T12:35:17.679+0000] {processor.py:175} INFO - Processing /home/airflow/.local/lib/python3.7/site-packages/airflow/example_dags/example_nested_branch_dag.py took 0.060 seconds
[2024-02-19T12:35:48.185+0000] {processor.py:153} INFO - Started process (PID=2813) to work on /home/airflow/.local/lib/python3.7/site-packages/airflow/example_dags/example_nested_branch_dag.py
[2024-02-19T12:35:48.186+0000] {processor.py:743} INFO - Processing file /home/airflow/.local/lib/python3.7/site-packages/airflow/example_dags/example_nested_branch_dag.py for tasks to queue
[2024-02-19T12:35:48.186+0000] {logging_mixin.py:137} INFO - [2024-02-19T12:35:48.186+0000] {dagbag.py:538} INFO - Filling up the DagBag from /home/airflow/.local/lib/python3.7/site-packages/airflow/example_dags/example_nested_branch_dag.py
[2024-02-19T12:35:48.201+0000] {processor.py:753} INFO - DAG(s) dict_keys(['example_nested_branch_dag']) retrieved from /home/airflow/.local/lib/python3.7/site-packages/airflow/example_dags/example_nested_branch_dag.py
[2024-02-19T12:35:48.216+0000] {logging_mixin.py:137} INFO - [2024-02-19T12:35:48.216+0000] {dag.py:2690} INFO - Sync 1 DAGs
[2024-02-19T12:35:48.231+0000] {logging_mixin.py:137} INFO - [2024-02-19T12:35:48.231+0000] {dag.py:3441} INFO - Setting next_dagrun for example_nested_branch_dag to 2024-02-18T00:00:00+00:00, run_after=2024-02-19T00:00:00+00:00
[2024-02-19T12:35:48.243+0000] {processor.py:175} INFO - Processing /home/airflow/.local/lib/python3.7/site-packages/airflow/example_dags/example_nested_branch_dag.py took 0.060 seconds
[2024-02-19T12:36:18.700+0000] {processor.py:153} INFO - Started process (PID=2916) to work on /home/airflow/.local/lib/python3.7/site-packages/airflow/example_dags/example_nested_branch_dag.py
[2024-02-19T12:36:18.704+0000] {processor.py:743} INFO - Processing file /home/airflow/.local/lib/python3.7/site-packages/airflow/example_dags/example_nested_branch_dag.py for tasks to queue
[2024-02-19T12:36:18.704+0000] {logging_mixin.py:137} INFO - [2024-02-19T12:36:18.704+0000] {dagbag.py:538} INFO - Filling up the DagBag from /home/airflow/.local/lib/python3.7/site-packages/airflow/example_dags/example_nested_branch_dag.py
[2024-02-19T12:36:18.722+0000] {processor.py:753} INFO - DAG(s) dict_keys(['example_nested_branch_dag']) retrieved from /home/airflow/.local/lib/python3.7/site-packages/airflow/example_dags/example_nested_branch_dag.py
[2024-02-19T12:36:18.764+0000] {logging_mixin.py:137} INFO - [2024-02-19T12:36:18.764+0000] {dag.py:2690} INFO - Sync 1 DAGs
[2024-02-19T12:36:18.787+0000] {logging_mixin.py:137} INFO - [2024-02-19T12:36:18.787+0000] {dag.py:3441} INFO - Setting next_dagrun for example_nested_branch_dag to 2024-02-18T00:00:00+00:00, run_after=2024-02-19T00:00:00+00:00
[2024-02-19T12:36:18.814+0000] {processor.py:175} INFO - Processing /home/airflow/.local/lib/python3.7/site-packages/airflow/example_dags/example_nested_branch_dag.py took 0.117 seconds
[2024-02-19T12:36:49.306+0000] {processor.py:153} INFO - Started process (PID=3051) to work on /home/airflow/.local/lib/python3.7/site-packages/airflow/example_dags/example_nested_branch_dag.py
[2024-02-19T12:36:49.307+0000] {processor.py:743} INFO - Processing file /home/airflow/.local/lib/python3.7/site-packages/airflow/example_dags/example_nested_branch_dag.py for tasks to queue
[2024-02-19T12:36:49.307+0000] {logging_mixin.py:137} INFO - [2024-02-19T12:36:49.307+0000] {dagbag.py:538} INFO - Filling up the DagBag from /home/airflow/.local/lib/python3.7/site-packages/airflow/example_dags/example_nested_branch_dag.py
[2024-02-19T12:36:49.322+0000] {processor.py:753} INFO - DAG(s) dict_keys(['example_nested_branch_dag']) retrieved from /home/airflow/.local/lib/python3.7/site-packages/airflow/example_dags/example_nested_branch_dag.py
[2024-02-19T12:36:49.337+0000] {logging_mixin.py:137} INFO - [2024-02-19T12:36:49.337+0000] {dag.py:2690} INFO - Sync 1 DAGs
[2024-02-19T12:36:49.352+0000] {logging_mixin.py:137} INFO - [2024-02-19T12:36:49.352+0000] {dag.py:3441} INFO - Setting next_dagrun for example_nested_branch_dag to 2024-02-18T00:00:00+00:00, run_after=2024-02-19T00:00:00+00:00
[2024-02-19T12:36:49.363+0000] {processor.py:175} INFO - Processing /home/airflow/.local/lib/python3.7/site-packages/airflow/example_dags/example_nested_branch_dag.py took 0.058 seconds
[2024-02-19T12:37:19.785+0000] {processor.py:153} INFO - Started process (PID=3186) to work on /home/airflow/.local/lib/python3.7/site-packages/airflow/example_dags/example_nested_branch_dag.py
[2024-02-19T12:37:19.786+0000] {processor.py:743} INFO - Processing file /home/airflow/.local/lib/python3.7/site-packages/airflow/example_dags/example_nested_branch_dag.py for tasks to queue
[2024-02-19T12:37:19.786+0000] {logging_mixin.py:137} INFO - [2024-02-19T12:37:19.786+0000] {dagbag.py:538} INFO - Filling up the DagBag from /home/airflow/.local/lib/python3.7/site-packages/airflow/example_dags/example_nested_branch_dag.py
[2024-02-19T12:37:19.802+0000] {processor.py:753} INFO - DAG(s) dict_keys(['example_nested_branch_dag']) retrieved from /home/airflow/.local/lib/python3.7/site-packages/airflow/example_dags/example_nested_branch_dag.py
[2024-02-19T12:37:19.816+0000] {logging_mixin.py:137} INFO - [2024-02-19T12:37:19.816+0000] {dag.py:2690} INFO - Sync 1 DAGs
[2024-02-19T12:37:19.831+0000] {logging_mixin.py:137} INFO - [2024-02-19T12:37:19.830+0000] {dag.py:3441} INFO - Setting next_dagrun for example_nested_branch_dag to 2024-02-18T00:00:00+00:00, run_after=2024-02-19T00:00:00+00:00
[2024-02-19T12:37:19.849+0000] {processor.py:175} INFO - Processing /home/airflow/.local/lib/python3.7/site-packages/airflow/example_dags/example_nested_branch_dag.py took 0.066 seconds
[2024-02-19T12:37:50.232+0000] {processor.py:153} INFO - Started process (PID=3289) to work on /home/airflow/.local/lib/python3.7/site-packages/airflow/example_dags/example_nested_branch_dag.py
[2024-02-19T12:37:50.233+0000] {processor.py:743} INFO - Processing file /home/airflow/.local/lib/python3.7/site-packages/airflow/example_dags/example_nested_branch_dag.py for tasks to queue
[2024-02-19T12:37:50.233+0000] {logging_mixin.py:137} INFO - [2024-02-19T12:37:50.233+0000] {dagbag.py:538} INFO - Filling up the DagBag from /home/airflow/.local/lib/python3.7/site-packages/airflow/example_dags/example_nested_branch_dag.py
[2024-02-19T12:37:50.248+0000] {processor.py:753} INFO - DAG(s) dict_keys(['example_nested_branch_dag']) retrieved from /home/airflow/.local/lib/python3.7/site-packages/airflow/example_dags/example_nested_branch_dag.py
[2024-02-19T12:37:50.262+0000] {logging_mixin.py:137} INFO - [2024-02-19T12:37:50.262+0000] {dag.py:2690} INFO - Sync 1 DAGs
[2024-02-19T12:37:50.277+0000] {logging_mixin.py:137} INFO - [2024-02-19T12:37:50.277+0000] {dag.py:3441} INFO - Setting next_dagrun for example_nested_branch_dag to 2024-02-18T00:00:00+00:00, run_after=2024-02-19T00:00:00+00:00
[2024-02-19T12:37:50.288+0000] {processor.py:175} INFO - Processing /home/airflow/.local/lib/python3.7/site-packages/airflow/example_dags/example_nested_branch_dag.py took 0.058 seconds
[2024-02-19T12:38:20.686+0000] {processor.py:153} INFO - Started process (PID=3424) to work on /home/airflow/.local/lib/python3.7/site-packages/airflow/example_dags/example_nested_branch_dag.py
[2024-02-19T12:38:20.686+0000] {processor.py:743} INFO - Processing file /home/airflow/.local/lib/python3.7/site-packages/airflow/example_dags/example_nested_branch_dag.py for tasks to queue
[2024-02-19T12:38:20.687+0000] {logging_mixin.py:137} INFO - [2024-02-19T12:38:20.686+0000] {dagbag.py:538} INFO - Filling up the DagBag from /home/airflow/.local/lib/python3.7/site-packages/airflow/example_dags/example_nested_branch_dag.py
[2024-02-19T12:38:20.700+0000] {processor.py:753} INFO - DAG(s) dict_keys(['example_nested_branch_dag']) retrieved from /home/airflow/.local/lib/python3.7/site-packages/airflow/example_dags/example_nested_branch_dag.py
[2024-02-19T12:38:20.714+0000] {logging_mixin.py:137} INFO - [2024-02-19T12:38:20.714+0000] {dag.py:2690} INFO - Sync 1 DAGs
[2024-02-19T12:38:20.729+0000] {logging_mixin.py:137} INFO - [2024-02-19T12:38:20.729+0000] {dag.py:3441} INFO - Setting next_dagrun for example_nested_branch_dag to 2024-02-18T00:00:00+00:00, run_after=2024-02-19T00:00:00+00:00
[2024-02-19T12:38:20.739+0000] {processor.py:175} INFO - Processing /home/airflow/.local/lib/python3.7/site-packages/airflow/example_dags/example_nested_branch_dag.py took 0.056 seconds
[2024-02-19T12:38:51.299+0000] {processor.py:153} INFO - Started process (PID=3559) to work on /home/airflow/.local/lib/python3.7/site-packages/airflow/example_dags/example_nested_branch_dag.py
[2024-02-19T12:38:51.300+0000] {processor.py:743} INFO - Processing file /home/airflow/.local/lib/python3.7/site-packages/airflow/example_dags/example_nested_branch_dag.py for tasks to queue
[2024-02-19T12:38:51.300+0000] {logging_mixin.py:137} INFO - [2024-02-19T12:38:51.300+0000] {dagbag.py:538} INFO - Filling up the DagBag from /home/airflow/.local/lib/python3.7/site-packages/airflow/example_dags/example_nested_branch_dag.py
[2024-02-19T12:38:51.314+0000] {processor.py:753} INFO - DAG(s) dict_keys(['example_nested_branch_dag']) retrieved from /home/airflow/.local/lib/python3.7/site-packages/airflow/example_dags/example_nested_branch_dag.py
[2024-02-19T12:38:51.329+0000] {logging_mixin.py:137} INFO - [2024-02-19T12:38:51.329+0000] {dag.py:2690} INFO - Sync 1 DAGs
[2024-02-19T12:38:51.344+0000] {logging_mixin.py:137} INFO - [2024-02-19T12:38:51.344+0000] {dag.py:3441} INFO - Setting next_dagrun for example_nested_branch_dag to 2024-02-18T00:00:00+00:00, run_after=2024-02-19T00:00:00+00:00
[2024-02-19T12:38:51.355+0000] {processor.py:175} INFO - Processing /home/airflow/.local/lib/python3.7/site-packages/airflow/example_dags/example_nested_branch_dag.py took 0.058 seconds
[2024-02-19T12:39:21.845+0000] {processor.py:153} INFO - Started process (PID=3662) to work on /home/airflow/.local/lib/python3.7/site-packages/airflow/example_dags/example_nested_branch_dag.py
[2024-02-19T12:39:21.845+0000] {processor.py:743} INFO - Processing file /home/airflow/.local/lib/python3.7/site-packages/airflow/example_dags/example_nested_branch_dag.py for tasks to queue
[2024-02-19T12:39:21.846+0000] {logging_mixin.py:137} INFO - [2024-02-19T12:39:21.846+0000] {dagbag.py:538} INFO - Filling up the DagBag from /home/airflow/.local/lib/python3.7/site-packages/airflow/example_dags/example_nested_branch_dag.py
[2024-02-19T12:39:21.862+0000] {processor.py:753} INFO - DAG(s) dict_keys(['example_nested_branch_dag']) retrieved from /home/airflow/.local/lib/python3.7/site-packages/airflow/example_dags/example_nested_branch_dag.py
[2024-02-19T12:39:21.876+0000] {logging_mixin.py:137} INFO - [2024-02-19T12:39:21.876+0000] {dag.py:2690} INFO - Sync 1 DAGs
[2024-02-19T12:39:21.890+0000] {logging_mixin.py:137} INFO - [2024-02-19T12:39:21.890+0000] {dag.py:3441} INFO - Setting next_dagrun for example_nested_branch_dag to 2024-02-18T00:00:00+00:00, run_after=2024-02-19T00:00:00+00:00
[2024-02-19T12:39:21.900+0000] {processor.py:175} INFO - Processing /home/airflow/.local/lib/python3.7/site-packages/airflow/example_dags/example_nested_branch_dag.py took 0.058 seconds
[2024-02-19T12:39:52.388+0000] {processor.py:153} INFO - Started process (PID=3797) to work on /home/airflow/.local/lib/python3.7/site-packages/airflow/example_dags/example_nested_branch_dag.py
[2024-02-19T12:39:52.389+0000] {processor.py:743} INFO - Processing file /home/airflow/.local/lib/python3.7/site-packages/airflow/example_dags/example_nested_branch_dag.py for tasks to queue
[2024-02-19T12:39:52.389+0000] {logging_mixin.py:137} INFO - [2024-02-19T12:39:52.389+0000] {dagbag.py:538} INFO - Filling up the DagBag from /home/airflow/.local/lib/python3.7/site-packages/airflow/example_dags/example_nested_branch_dag.py
[2024-02-19T12:39:52.403+0000] {processor.py:753} INFO - DAG(s) dict_keys(['example_nested_branch_dag']) retrieved from /home/airflow/.local/lib/python3.7/site-packages/airflow/example_dags/example_nested_branch_dag.py
[2024-02-19T12:39:52.417+0000] {logging_mixin.py:137} INFO - [2024-02-19T12:39:52.417+0000] {dag.py:2690} INFO - Sync 1 DAGs
[2024-02-19T12:39:52.433+0000] {logging_mixin.py:137} INFO - [2024-02-19T12:39:52.433+0000] {dag.py:3441} INFO - Setting next_dagrun for example_nested_branch_dag to 2024-02-18T00:00:00+00:00, run_after=2024-02-19T00:00:00+00:00
[2024-02-19T12:39:52.444+0000] {processor.py:175} INFO - Processing /home/airflow/.local/lib/python3.7/site-packages/airflow/example_dags/example_nested_branch_dag.py took 0.058 seconds
[2024-02-19T12:40:22.925+0000] {processor.py:153} INFO - Started process (PID=3932) to work on /home/airflow/.local/lib/python3.7/site-packages/airflow/example_dags/example_nested_branch_dag.py
[2024-02-19T12:40:22.926+0000] {processor.py:743} INFO - Processing file /home/airflow/.local/lib/python3.7/site-packages/airflow/example_dags/example_nested_branch_dag.py for tasks to queue
[2024-02-19T12:40:22.926+0000] {logging_mixin.py:137} INFO - [2024-02-19T12:40:22.926+0000] {dagbag.py:538} INFO - Filling up the DagBag from /home/airflow/.local/lib/python3.7/site-packages/airflow/example_dags/example_nested_branch_dag.py
[2024-02-19T12:40:22.940+0000] {processor.py:753} INFO - DAG(s) dict_keys(['example_nested_branch_dag']) retrieved from /home/airflow/.local/lib/python3.7/site-packages/airflow/example_dags/example_nested_branch_dag.py
[2024-02-19T12:40:22.955+0000] {logging_mixin.py:137} INFO - [2024-02-19T12:40:22.955+0000] {dag.py:2690} INFO - Sync 1 DAGs
[2024-02-19T12:40:22.970+0000] {logging_mixin.py:137} INFO - [2024-02-19T12:40:22.970+0000] {dag.py:3441} INFO - Setting next_dagrun for example_nested_branch_dag to 2024-02-18T00:00:00+00:00, run_after=2024-02-19T00:00:00+00:00
[2024-02-19T12:40:22.981+0000] {processor.py:175} INFO - Processing /home/airflow/.local/lib/python3.7/site-packages/airflow/example_dags/example_nested_branch_dag.py took 0.058 seconds
[2024-02-19T12:40:53.394+0000] {processor.py:153} INFO - Started process (PID=4036) to work on /home/airflow/.local/lib/python3.7/site-packages/airflow/example_dags/example_nested_branch_dag.py
[2024-02-19T12:40:53.395+0000] {processor.py:743} INFO - Processing file /home/airflow/.local/lib/python3.7/site-packages/airflow/example_dags/example_nested_branch_dag.py for tasks to queue
[2024-02-19T12:40:53.395+0000] {logging_mixin.py:137} INFO - [2024-02-19T12:40:53.395+0000] {dagbag.py:538} INFO - Filling up the DagBag from /home/airflow/.local/lib/python3.7/site-packages/airflow/example_dags/example_nested_branch_dag.py
[2024-02-19T12:40:53.409+0000] {processor.py:753} INFO - DAG(s) dict_keys(['example_nested_branch_dag']) retrieved from /home/airflow/.local/lib/python3.7/site-packages/airflow/example_dags/example_nested_branch_dag.py
[2024-02-19T12:40:53.424+0000] {logging_mixin.py:137} INFO - [2024-02-19T12:40:53.424+0000] {dag.py:2690} INFO - Sync 1 DAGs
[2024-02-19T12:40:53.440+0000] {logging_mixin.py:137} INFO - [2024-02-19T12:40:53.439+0000] {dag.py:3441} INFO - Setting next_dagrun for example_nested_branch_dag to 2024-02-18T00:00:00+00:00, run_after=2024-02-19T00:00:00+00:00
[2024-02-19T12:40:53.450+0000] {processor.py:175} INFO - Processing /home/airflow/.local/lib/python3.7/site-packages/airflow/example_dags/example_nested_branch_dag.py took 0.058 seconds
[2024-02-19T12:41:23.811+0000] {processor.py:153} INFO - Started process (PID=4171) to work on /home/airflow/.local/lib/python3.7/site-packages/airflow/example_dags/example_nested_branch_dag.py
[2024-02-19T12:41:23.811+0000] {processor.py:743} INFO - Processing file /home/airflow/.local/lib/python3.7/site-packages/airflow/example_dags/example_nested_branch_dag.py for tasks to queue
[2024-02-19T12:41:23.812+0000] {logging_mixin.py:137} INFO - [2024-02-19T12:41:23.811+0000] {dagbag.py:538} INFO - Filling up the DagBag from /home/airflow/.local/lib/python3.7/site-packages/airflow/example_dags/example_nested_branch_dag.py
[2024-02-19T12:41:23.825+0000] {processor.py:753} INFO - DAG(s) dict_keys(['example_nested_branch_dag']) retrieved from /home/airflow/.local/lib/python3.7/site-packages/airflow/example_dags/example_nested_branch_dag.py
[2024-02-19T12:41:23.840+0000] {logging_mixin.py:137} INFO - [2024-02-19T12:41:23.840+0000] {dag.py:2690} INFO - Sync 1 DAGs
[2024-02-19T12:41:23.855+0000] {logging_mixin.py:137} INFO - [2024-02-19T12:41:23.855+0000] {dag.py:3441} INFO - Setting next_dagrun for example_nested_branch_dag to 2024-02-18T00:00:00+00:00, run_after=2024-02-19T00:00:00+00:00
[2024-02-19T12:41:23.866+0000] {processor.py:175} INFO - Processing /home/airflow/.local/lib/python3.7/site-packages/airflow/example_dags/example_nested_branch_dag.py took 0.057 seconds
[2024-02-19T12:41:54.450+0000] {processor.py:153} INFO - Started process (PID=4306) to work on /home/airflow/.local/lib/python3.7/site-packages/airflow/example_dags/example_nested_branch_dag.py
[2024-02-19T12:41:54.450+0000] {processor.py:743} INFO - Processing file /home/airflow/.local/lib/python3.7/site-packages/airflow/example_dags/example_nested_branch_dag.py for tasks to queue
[2024-02-19T12:41:54.451+0000] {logging_mixin.py:137} INFO - [2024-02-19T12:41:54.451+0000] {dagbag.py:538} INFO - Filling up the DagBag from /home/airflow/.local/lib/python3.7/site-packages/airflow/example_dags/example_nested_branch_dag.py
[2024-02-19T12:41:54.466+0000] {processor.py:753} INFO - DAG(s) dict_keys(['example_nested_branch_dag']) retrieved from /home/airflow/.local/lib/python3.7/site-packages/airflow/example_dags/example_nested_branch_dag.py
[2024-02-19T12:41:54.483+0000] {logging_mixin.py:137} INFO - [2024-02-19T12:41:54.483+0000] {dag.py:2690} INFO - Sync 1 DAGs
[2024-02-19T12:41:54.502+0000] {logging_mixin.py:137} INFO - [2024-02-19T12:41:54.502+0000] {dag.py:3441} INFO - Setting next_dagrun for example_nested_branch_dag to 2024-02-18T00:00:00+00:00, run_after=2024-02-19T00:00:00+00:00
[2024-02-19T12:41:54.514+0000] {processor.py:175} INFO - Processing /home/airflow/.local/lib/python3.7/site-packages/airflow/example_dags/example_nested_branch_dag.py took 0.067 seconds
[2024-02-19T12:42:25.074+0000] {processor.py:153} INFO - Started process (PID=4409) to work on /home/airflow/.local/lib/python3.7/site-packages/airflow/example_dags/example_nested_branch_dag.py
[2024-02-19T12:42:25.075+0000] {processor.py:743} INFO - Processing file /home/airflow/.local/lib/python3.7/site-packages/airflow/example_dags/example_nested_branch_dag.py for tasks to queue
[2024-02-19T12:42:25.075+0000] {logging_mixin.py:137} INFO - [2024-02-19T12:42:25.075+0000] {dagbag.py:538} INFO - Filling up the DagBag from /home/airflow/.local/lib/python3.7/site-packages/airflow/example_dags/example_nested_branch_dag.py
[2024-02-19T12:42:25.089+0000] {processor.py:753} INFO - DAG(s) dict_keys(['example_nested_branch_dag']) retrieved from /home/airflow/.local/lib/python3.7/site-packages/airflow/example_dags/example_nested_branch_dag.py
[2024-02-19T12:42:25.103+0000] {logging_mixin.py:137} INFO - [2024-02-19T12:42:25.103+0000] {dag.py:2690} INFO - Sync 1 DAGs
[2024-02-19T12:42:25.118+0000] {logging_mixin.py:137} INFO - [2024-02-19T12:42:25.118+0000] {dag.py:3441} INFO - Setting next_dagrun for example_nested_branch_dag to 2024-02-18T00:00:00+00:00, run_after=2024-02-19T00:00:00+00:00
[2024-02-19T12:42:25.128+0000] {processor.py:175} INFO - Processing /home/airflow/.local/lib/python3.7/site-packages/airflow/example_dags/example_nested_branch_dag.py took 0.056 seconds
[2024-02-19T12:42:55.607+0000] {processor.py:153} INFO - Started process (PID=4544) to work on /home/airflow/.local/lib/python3.7/site-packages/airflow/example_dags/example_nested_branch_dag.py
[2024-02-19T12:42:55.607+0000] {processor.py:743} INFO - Processing file /home/airflow/.local/lib/python3.7/site-packages/airflow/example_dags/example_nested_branch_dag.py for tasks to queue
[2024-02-19T12:42:55.608+0000] {logging_mixin.py:137} INFO - [2024-02-19T12:42:55.607+0000] {dagbag.py:538} INFO - Filling up the DagBag from /home/airflow/.local/lib/python3.7/site-packages/airflow/example_dags/example_nested_branch_dag.py
[2024-02-19T12:42:55.621+0000] {processor.py:753} INFO - DAG(s) dict_keys(['example_nested_branch_dag']) retrieved from /home/airflow/.local/lib/python3.7/site-packages/airflow/example_dags/example_nested_branch_dag.py
[2024-02-19T12:42:55.635+0000] {logging_mixin.py:137} INFO - [2024-02-19T12:42:55.635+0000] {dag.py:2690} INFO - Sync 1 DAGs
[2024-02-19T12:42:55.650+0000] {logging_mixin.py:137} INFO - [2024-02-19T12:42:55.650+0000] {dag.py:3441} INFO - Setting next_dagrun for example_nested_branch_dag to 2024-02-18T00:00:00+00:00, run_after=2024-02-19T00:00:00+00:00
[2024-02-19T12:42:55.660+0000] {processor.py:175} INFO - Processing /home/airflow/.local/lib/python3.7/site-packages/airflow/example_dags/example_nested_branch_dag.py took 0.056 seconds
[2024-02-19T12:43:26.326+0000] {processor.py:153} INFO - Started process (PID=4679) to work on /home/airflow/.local/lib/python3.7/site-packages/airflow/example_dags/example_nested_branch_dag.py
[2024-02-19T12:43:26.327+0000] {processor.py:743} INFO - Processing file /home/airflow/.local/lib/python3.7/site-packages/airflow/example_dags/example_nested_branch_dag.py for tasks to queue
[2024-02-19T12:43:26.327+0000] {logging_mixin.py:137} INFO - [2024-02-19T12:43:26.327+0000] {dagbag.py:538} INFO - Filling up the DagBag from /home/airflow/.local/lib/python3.7/site-packages/airflow/example_dags/example_nested_branch_dag.py
[2024-02-19T12:43:26.341+0000] {processor.py:753} INFO - DAG(s) dict_keys(['example_nested_branch_dag']) retrieved from /home/airflow/.local/lib/python3.7/site-packages/airflow/example_dags/example_nested_branch_dag.py
[2024-02-19T12:43:26.356+0000] {logging_mixin.py:137} INFO - [2024-02-19T12:43:26.356+0000] {dag.py:2690} INFO - Sync 1 DAGs
[2024-02-19T12:43:26.372+0000] {logging_mixin.py:137} INFO - [2024-02-19T12:43:26.372+0000] {dag.py:3441} INFO - Setting next_dagrun for example_nested_branch_dag to 2024-02-18T00:00:00+00:00, run_after=2024-02-19T00:00:00+00:00
[2024-02-19T12:43:26.384+0000] {processor.py:175} INFO - Processing /home/airflow/.local/lib/python3.7/site-packages/airflow/example_dags/example_nested_branch_dag.py took 0.060 seconds
[2024-02-19T12:43:56.857+0000] {processor.py:153} INFO - Started process (PID=4782) to work on /home/airflow/.local/lib/python3.7/site-packages/airflow/example_dags/example_nested_branch_dag.py
[2024-02-19T12:43:56.857+0000] {processor.py:743} INFO - Processing file /home/airflow/.local/lib/python3.7/site-packages/airflow/example_dags/example_nested_branch_dag.py for tasks to queue
[2024-02-19T12:43:56.858+0000] {logging_mixin.py:137} INFO - [2024-02-19T12:43:56.858+0000] {dagbag.py:538} INFO - Filling up the DagBag from /home/airflow/.local/lib/python3.7/site-packages/airflow/example_dags/example_nested_branch_dag.py
[2024-02-19T12:43:56.872+0000] {processor.py:753} INFO - DAG(s) dict_keys(['example_nested_branch_dag']) retrieved from /home/airflow/.local/lib/python3.7/site-packages/airflow/example_dags/example_nested_branch_dag.py
[2024-02-19T12:43:56.886+0000] {logging_mixin.py:137} INFO - [2024-02-19T12:43:56.886+0000] {dag.py:2690} INFO - Sync 1 DAGs
[2024-02-19T12:43:56.901+0000] {logging_mixin.py:137} INFO - [2024-02-19T12:43:56.901+0000] {dag.py:3441} INFO - Setting next_dagrun for example_nested_branch_dag to 2024-02-18T00:00:00+00:00, run_after=2024-02-19T00:00:00+00:00
[2024-02-19T12:43:56.911+0000] {processor.py:175} INFO - Processing /home/airflow/.local/lib/python3.7/site-packages/airflow/example_dags/example_nested_branch_dag.py took 0.056 seconds
[2024-02-19T12:44:27.291+0000] {processor.py:153} INFO - Started process (PID=4916) to work on /home/airflow/.local/lib/python3.7/site-packages/airflow/example_dags/example_nested_branch_dag.py
[2024-02-19T12:44:27.291+0000] {processor.py:743} INFO - Processing file /home/airflow/.local/lib/python3.7/site-packages/airflow/example_dags/example_nested_branch_dag.py for tasks to queue
[2024-02-19T12:44:27.291+0000] {logging_mixin.py:137} INFO - [2024-02-19T12:44:27.291+0000] {dagbag.py:538} INFO - Filling up the DagBag from /home/airflow/.local/lib/python3.7/site-packages/airflow/example_dags/example_nested_branch_dag.py
[2024-02-19T12:44:27.306+0000] {processor.py:753} INFO - DAG(s) dict_keys(['example_nested_branch_dag']) retrieved from /home/airflow/.local/lib/python3.7/site-packages/airflow/example_dags/example_nested_branch_dag.py
[2024-02-19T12:44:27.320+0000] {logging_mixin.py:137} INFO - [2024-02-19T12:44:27.320+0000] {dag.py:2690} INFO - Sync 1 DAGs
[2024-02-19T12:44:27.335+0000] {logging_mixin.py:137} INFO - [2024-02-19T12:44:27.335+0000] {dag.py:3441} INFO - Setting next_dagrun for example_nested_branch_dag to 2024-02-18T00:00:00+00:00, run_after=2024-02-19T00:00:00+00:00
[2024-02-19T12:44:27.346+0000] {processor.py:175} INFO - Processing /home/airflow/.local/lib/python3.7/site-packages/airflow/example_dags/example_nested_branch_dag.py took 0.057 seconds
[2024-02-19T12:44:57.829+0000] {processor.py:153} INFO - Started process (PID=5028) to work on /home/airflow/.local/lib/python3.7/site-packages/airflow/example_dags/example_nested_branch_dag.py
[2024-02-19T12:44:57.829+0000] {processor.py:743} INFO - Processing file /home/airflow/.local/lib/python3.7/site-packages/airflow/example_dags/example_nested_branch_dag.py for tasks to queue
[2024-02-19T12:44:57.830+0000] {logging_mixin.py:137} INFO - [2024-02-19T12:44:57.830+0000] {dagbag.py:538} INFO - Filling up the DagBag from /home/airflow/.local/lib/python3.7/site-packages/airflow/example_dags/example_nested_branch_dag.py
[2024-02-19T12:44:57.844+0000] {processor.py:753} INFO - DAG(s) dict_keys(['example_nested_branch_dag']) retrieved from /home/airflow/.local/lib/python3.7/site-packages/airflow/example_dags/example_nested_branch_dag.py
[2024-02-19T12:44:57.858+0000] {logging_mixin.py:137} INFO - [2024-02-19T12:44:57.858+0000] {dag.py:2690} INFO - Sync 1 DAGs
[2024-02-19T12:44:57.873+0000] {logging_mixin.py:137} INFO - [2024-02-19T12:44:57.873+0000] {dag.py:3441} INFO - Setting next_dagrun for example_nested_branch_dag to 2024-02-18T00:00:00+00:00, run_after=2024-02-19T00:00:00+00:00
[2024-02-19T12:44:57.885+0000] {processor.py:175} INFO - Processing /home/airflow/.local/lib/python3.7/site-packages/airflow/example_dags/example_nested_branch_dag.py took 0.058 seconds
[2024-02-19T12:45:28.576+0000] {processor.py:153} INFO - Started process (PID=5154) to work on /home/airflow/.local/lib/python3.7/site-packages/airflow/example_dags/example_nested_branch_dag.py
[2024-02-19T12:45:28.577+0000] {processor.py:743} INFO - Processing file /home/airflow/.local/lib/python3.7/site-packages/airflow/example_dags/example_nested_branch_dag.py for tasks to queue
[2024-02-19T12:45:28.577+0000] {logging_mixin.py:137} INFO - [2024-02-19T12:45:28.577+0000] {dagbag.py:538} INFO - Filling up the DagBag from /home/airflow/.local/lib/python3.7/site-packages/airflow/example_dags/example_nested_branch_dag.py
[2024-02-19T12:45:28.591+0000] {processor.py:753} INFO - DAG(s) dict_keys(['example_nested_branch_dag']) retrieved from /home/airflow/.local/lib/python3.7/site-packages/airflow/example_dags/example_nested_branch_dag.py
[2024-02-19T12:45:28.605+0000] {logging_mixin.py:137} INFO - [2024-02-19T12:45:28.605+0000] {dag.py:2690} INFO - Sync 1 DAGs
[2024-02-19T12:45:28.622+0000] {logging_mixin.py:137} INFO - [2024-02-19T12:45:28.622+0000] {dag.py:3441} INFO - Setting next_dagrun for example_nested_branch_dag to 2024-02-18T00:00:00+00:00, run_after=2024-02-19T00:00:00+00:00
[2024-02-19T12:45:28.632+0000] {processor.py:175} INFO - Processing /home/airflow/.local/lib/python3.7/site-packages/airflow/example_dags/example_nested_branch_dag.py took 0.058 seconds
[2024-02-19T12:45:59.110+0000] {processor.py:153} INFO - Started process (PID=5289) to work on /home/airflow/.local/lib/python3.7/site-packages/airflow/example_dags/example_nested_branch_dag.py
[2024-02-19T12:45:59.110+0000] {processor.py:743} INFO - Processing file /home/airflow/.local/lib/python3.7/site-packages/airflow/example_dags/example_nested_branch_dag.py for tasks to queue
[2024-02-19T12:45:59.110+0000] {logging_mixin.py:137} INFO - [2024-02-19T12:45:59.110+0000] {dagbag.py:538} INFO - Filling up the DagBag from /home/airflow/.local/lib/python3.7/site-packages/airflow/example_dags/example_nested_branch_dag.py
[2024-02-19T12:45:59.125+0000] {processor.py:753} INFO - DAG(s) dict_keys(['example_nested_branch_dag']) retrieved from /home/airflow/.local/lib/python3.7/site-packages/airflow/example_dags/example_nested_branch_dag.py
[2024-02-19T12:45:59.140+0000] {logging_mixin.py:137} INFO - [2024-02-19T12:45:59.140+0000] {dag.py:2690} INFO - Sync 1 DAGs
[2024-02-19T12:45:59.156+0000] {logging_mixin.py:137} INFO - [2024-02-19T12:45:59.156+0000] {dag.py:3441} INFO - Setting next_dagrun for example_nested_branch_dag to 2024-02-18T00:00:00+00:00, run_after=2024-02-19T00:00:00+00:00
[2024-02-19T12:45:59.167+0000] {processor.py:175} INFO - Processing /home/airflow/.local/lib/python3.7/site-packages/airflow/example_dags/example_nested_branch_dag.py took 0.059 seconds
[2024-02-19T12:46:29.580+0000] {processor.py:153} INFO - Started process (PID=5401) to work on /home/airflow/.local/lib/python3.7/site-packages/airflow/example_dags/example_nested_branch_dag.py
[2024-02-19T12:46:29.580+0000] {processor.py:743} INFO - Processing file /home/airflow/.local/lib/python3.7/site-packages/airflow/example_dags/example_nested_branch_dag.py for tasks to queue
[2024-02-19T12:46:29.581+0000] {logging_mixin.py:137} INFO - [2024-02-19T12:46:29.581+0000] {dagbag.py:538} INFO - Filling up the DagBag from /home/airflow/.local/lib/python3.7/site-packages/airflow/example_dags/example_nested_branch_dag.py
[2024-02-19T12:46:29.596+0000] {processor.py:753} INFO - DAG(s) dict_keys(['example_nested_branch_dag']) retrieved from /home/airflow/.local/lib/python3.7/site-packages/airflow/example_dags/example_nested_branch_dag.py
[2024-02-19T12:46:29.612+0000] {logging_mixin.py:137} INFO - [2024-02-19T12:46:29.612+0000] {dag.py:2690} INFO - Sync 1 DAGs
[2024-02-19T12:46:29.635+0000] {logging_mixin.py:137} INFO - [2024-02-19T12:46:29.634+0000] {dag.py:3441} INFO - Setting next_dagrun for example_nested_branch_dag to 2024-02-18T00:00:00+00:00, run_after=2024-02-19T00:00:00+00:00
[2024-02-19T12:46:29.653+0000] {processor.py:175} INFO - Processing /home/airflow/.local/lib/python3.7/site-packages/airflow/example_dags/example_nested_branch_dag.py took 0.076 seconds
[2024-02-19T12:47:00.299+0000] {processor.py:153} INFO - Started process (PID=5527) to work on /home/airflow/.local/lib/python3.7/site-packages/airflow/example_dags/example_nested_branch_dag.py
[2024-02-19T12:47:00.300+0000] {processor.py:743} INFO - Processing file /home/airflow/.local/lib/python3.7/site-packages/airflow/example_dags/example_nested_branch_dag.py for tasks to queue
[2024-02-19T12:47:00.300+0000] {logging_mixin.py:137} INFO - [2024-02-19T12:47:00.300+0000] {dagbag.py:538} INFO - Filling up the DagBag from /home/airflow/.local/lib/python3.7/site-packages/airflow/example_dags/example_nested_branch_dag.py
[2024-02-19T12:47:00.314+0000] {processor.py:753} INFO - DAG(s) dict_keys(['example_nested_branch_dag']) retrieved from /home/airflow/.local/lib/python3.7/site-packages/airflow/example_dags/example_nested_branch_dag.py
[2024-02-19T12:47:00.329+0000] {logging_mixin.py:137} INFO - [2024-02-19T12:47:00.329+0000] {dag.py:2690} INFO - Sync 1 DAGs
[2024-02-19T12:47:00.344+0000] {logging_mixin.py:137} INFO - [2024-02-19T12:47:00.344+0000] {dag.py:3441} INFO - Setting next_dagrun for example_nested_branch_dag to 2024-02-18T00:00:00+00:00, run_after=2024-02-19T00:00:00+00:00
[2024-02-19T12:47:00.355+0000] {processor.py:175} INFO - Processing /home/airflow/.local/lib/python3.7/site-packages/airflow/example_dags/example_nested_branch_dag.py took 0.058 seconds
[2024-02-19T12:47:30.747+0000] {processor.py:153} INFO - Started process (PID=5662) to work on /home/airflow/.local/lib/python3.7/site-packages/airflow/example_dags/example_nested_branch_dag.py
[2024-02-19T12:47:30.747+0000] {processor.py:743} INFO - Processing file /home/airflow/.local/lib/python3.7/site-packages/airflow/example_dags/example_nested_branch_dag.py for tasks to queue
[2024-02-19T12:47:30.747+0000] {logging_mixin.py:137} INFO - [2024-02-19T12:47:30.747+0000] {dagbag.py:538} INFO - Filling up the DagBag from /home/airflow/.local/lib/python3.7/site-packages/airflow/example_dags/example_nested_branch_dag.py
[2024-02-19T12:47:30.761+0000] {processor.py:753} INFO - DAG(s) dict_keys(['example_nested_branch_dag']) retrieved from /home/airflow/.local/lib/python3.7/site-packages/airflow/example_dags/example_nested_branch_dag.py
[2024-02-19T12:47:30.776+0000] {logging_mixin.py:137} INFO - [2024-02-19T12:47:30.776+0000] {dag.py:2690} INFO - Sync 1 DAGs
[2024-02-19T12:47:30.791+0000] {logging_mixin.py:137} INFO - [2024-02-19T12:47:30.791+0000] {dag.py:3441} INFO - Setting next_dagrun for example_nested_branch_dag to 2024-02-18T00:00:00+00:00, run_after=2024-02-19T00:00:00+00:00
[2024-02-19T12:47:30.802+0000] {processor.py:175} INFO - Processing /home/airflow/.local/lib/python3.7/site-packages/airflow/example_dags/example_nested_branch_dag.py took 0.058 seconds
[2024-02-19T12:48:01.212+0000] {processor.py:153} INFO - Started process (PID=5774) to work on /home/airflow/.local/lib/python3.7/site-packages/airflow/example_dags/example_nested_branch_dag.py
[2024-02-19T12:48:01.213+0000] {processor.py:743} INFO - Processing file /home/airflow/.local/lib/python3.7/site-packages/airflow/example_dags/example_nested_branch_dag.py for tasks to queue
[2024-02-19T12:48:01.213+0000] {logging_mixin.py:137} INFO - [2024-02-19T12:48:01.213+0000] {dagbag.py:538} INFO - Filling up the DagBag from /home/airflow/.local/lib/python3.7/site-packages/airflow/example_dags/example_nested_branch_dag.py
[2024-02-19T12:48:01.227+0000] {processor.py:753} INFO - DAG(s) dict_keys(['example_nested_branch_dag']) retrieved from /home/airflow/.local/lib/python3.7/site-packages/airflow/example_dags/example_nested_branch_dag.py
[2024-02-19T12:48:01.243+0000] {logging_mixin.py:137} INFO - [2024-02-19T12:48:01.243+0000] {dag.py:2690} INFO - Sync 1 DAGs
[2024-02-19T12:48:01.260+0000] {logging_mixin.py:137} INFO - [2024-02-19T12:48:01.260+0000] {dag.py:3441} INFO - Setting next_dagrun for example_nested_branch_dag to 2024-02-18T00:00:00+00:00, run_after=2024-02-19T00:00:00+00:00
[2024-02-19T12:48:01.271+0000] {processor.py:175} INFO - Processing /home/airflow/.local/lib/python3.7/site-packages/airflow/example_dags/example_nested_branch_dag.py took 0.061 seconds
[2024-02-19T12:48:31.915+0000] {processor.py:153} INFO - Started process (PID=5900) to work on /home/airflow/.local/lib/python3.7/site-packages/airflow/example_dags/example_nested_branch_dag.py
[2024-02-19T12:48:31.916+0000] {processor.py:743} INFO - Processing file /home/airflow/.local/lib/python3.7/site-packages/airflow/example_dags/example_nested_branch_dag.py for tasks to queue
[2024-02-19T12:48:31.916+0000] {logging_mixin.py:137} INFO - [2024-02-19T12:48:31.916+0000] {dagbag.py:538} INFO - Filling up the DagBag from /home/airflow/.local/lib/python3.7/site-packages/airflow/example_dags/example_nested_branch_dag.py
[2024-02-19T12:48:31.930+0000] {processor.py:753} INFO - DAG(s) dict_keys(['example_nested_branch_dag']) retrieved from /home/airflow/.local/lib/python3.7/site-packages/airflow/example_dags/example_nested_branch_dag.py
[2024-02-19T12:48:31.944+0000] {logging_mixin.py:137} INFO - [2024-02-19T12:48:31.944+0000] {dag.py:2690} INFO - Sync 1 DAGs
[2024-02-19T12:48:31.959+0000] {logging_mixin.py:137} INFO - [2024-02-19T12:48:31.959+0000] {dag.py:3441} INFO - Setting next_dagrun for example_nested_branch_dag to 2024-02-18T00:00:00+00:00, run_after=2024-02-19T00:00:00+00:00
[2024-02-19T12:48:31.969+0000] {processor.py:175} INFO - Processing /home/airflow/.local/lib/python3.7/site-packages/airflow/example_dags/example_nested_branch_dag.py took 0.055 seconds
[2024-02-19T12:49:02.526+0000] {processor.py:153} INFO - Started process (PID=6035) to work on /home/airflow/.local/lib/python3.7/site-packages/airflow/example_dags/example_nested_branch_dag.py
[2024-02-19T12:49:02.527+0000] {processor.py:743} INFO - Processing file /home/airflow/.local/lib/python3.7/site-packages/airflow/example_dags/example_nested_branch_dag.py for tasks to queue
[2024-02-19T12:49:02.527+0000] {logging_mixin.py:137} INFO - [2024-02-19T12:49:02.527+0000] {dagbag.py:538} INFO - Filling up the DagBag from /home/airflow/.local/lib/python3.7/site-packages/airflow/example_dags/example_nested_branch_dag.py
[2024-02-19T12:49:02.543+0000] {processor.py:753} INFO - DAG(s) dict_keys(['example_nested_branch_dag']) retrieved from /home/airflow/.local/lib/python3.7/site-packages/airflow/example_dags/example_nested_branch_dag.py
[2024-02-19T12:49:02.559+0000] {logging_mixin.py:137} INFO - [2024-02-19T12:49:02.559+0000] {dag.py:2690} INFO - Sync 1 DAGs
[2024-02-19T12:49:02.576+0000] {logging_mixin.py:137} INFO - [2024-02-19T12:49:02.576+0000] {dag.py:3441} INFO - Setting next_dagrun for example_nested_branch_dag to 2024-02-18T00:00:00+00:00, run_after=2024-02-19T00:00:00+00:00
[2024-02-19T12:49:02.587+0000] {processor.py:175} INFO - Processing /home/airflow/.local/lib/python3.7/site-packages/airflow/example_dags/example_nested_branch_dag.py took 0.063 seconds
[2024-02-19T12:49:33.129+0000] {processor.py:153} INFO - Started process (PID=6170) to work on /home/airflow/.local/lib/python3.7/site-packages/airflow/example_dags/example_nested_branch_dag.py
[2024-02-19T12:49:33.130+0000] {processor.py:743} INFO - Processing file /home/airflow/.local/lib/python3.7/site-packages/airflow/example_dags/example_nested_branch_dag.py for tasks to queue
[2024-02-19T12:49:33.130+0000] {logging_mixin.py:137} INFO - [2024-02-19T12:49:33.130+0000] {dagbag.py:538} INFO - Filling up the DagBag from /home/airflow/.local/lib/python3.7/site-packages/airflow/example_dags/example_nested_branch_dag.py
[2024-02-19T12:49:33.177+0000] {processor.py:753} INFO - DAG(s) dict_keys(['example_nested_branch_dag']) retrieved from /home/airflow/.local/lib/python3.7/site-packages/airflow/example_dags/example_nested_branch_dag.py
[2024-02-19T12:49:33.219+0000] {logging_mixin.py:137} INFO - [2024-02-19T12:49:33.219+0000] {dag.py:2690} INFO - Sync 1 DAGs
[2024-02-19T12:49:33.256+0000] {logging_mixin.py:137} INFO - [2024-02-19T12:49:33.256+0000] {dag.py:3441} INFO - Setting next_dagrun for example_nested_branch_dag to 2024-02-18T00:00:00+00:00, run_after=2024-02-19T00:00:00+00:00
[2024-02-19T12:49:33.271+0000] {processor.py:175} INFO - Processing /home/airflow/.local/lib/python3.7/site-packages/airflow/example_dags/example_nested_branch_dag.py took 0.145 seconds
[2024-02-19T12:50:03.737+0000] {processor.py:153} INFO - Started process (PID=6273) to work on /home/airflow/.local/lib/python3.7/site-packages/airflow/example_dags/example_nested_branch_dag.py
[2024-02-19T12:50:03.737+0000] {processor.py:743} INFO - Processing file /home/airflow/.local/lib/python3.7/site-packages/airflow/example_dags/example_nested_branch_dag.py for tasks to queue
[2024-02-19T12:50:03.738+0000] {logging_mixin.py:137} INFO - [2024-02-19T12:50:03.738+0000] {dagbag.py:538} INFO - Filling up the DagBag from /home/airflow/.local/lib/python3.7/site-packages/airflow/example_dags/example_nested_branch_dag.py
[2024-02-19T12:50:03.752+0000] {processor.py:753} INFO - DAG(s) dict_keys(['example_nested_branch_dag']) retrieved from /home/airflow/.local/lib/python3.7/site-packages/airflow/example_dags/example_nested_branch_dag.py
[2024-02-19T12:50:03.767+0000] {logging_mixin.py:137} INFO - [2024-02-19T12:50:03.767+0000] {dag.py:2690} INFO - Sync 1 DAGs
[2024-02-19T12:50:03.782+0000] {logging_mixin.py:137} INFO - [2024-02-19T12:50:03.782+0000] {dag.py:3441} INFO - Setting next_dagrun for example_nested_branch_dag to 2024-02-18T00:00:00+00:00, run_after=2024-02-19T00:00:00+00:00
[2024-02-19T12:50:03.794+0000] {processor.py:175} INFO - Processing /home/airflow/.local/lib/python3.7/site-packages/airflow/example_dags/example_nested_branch_dag.py took 0.059 seconds
[2024-02-19T12:50:34.233+0000] {processor.py:153} INFO - Started process (PID=6408) to work on /home/airflow/.local/lib/python3.7/site-packages/airflow/example_dags/example_nested_branch_dag.py
[2024-02-19T12:50:34.233+0000] {processor.py:743} INFO - Processing file /home/airflow/.local/lib/python3.7/site-packages/airflow/example_dags/example_nested_branch_dag.py for tasks to queue
[2024-02-19T12:50:34.234+0000] {logging_mixin.py:137} INFO - [2024-02-19T12:50:34.234+0000] {dagbag.py:538} INFO - Filling up the DagBag from /home/airflow/.local/lib/python3.7/site-packages/airflow/example_dags/example_nested_branch_dag.py
[2024-02-19T12:50:34.248+0000] {processor.py:753} INFO - DAG(s) dict_keys(['example_nested_branch_dag']) retrieved from /home/airflow/.local/lib/python3.7/site-packages/airflow/example_dags/example_nested_branch_dag.py
[2024-02-19T12:50:34.262+0000] {logging_mixin.py:137} INFO - [2024-02-19T12:50:34.262+0000] {dag.py:2690} INFO - Sync 1 DAGs
[2024-02-19T12:50:34.277+0000] {logging_mixin.py:137} INFO - [2024-02-19T12:50:34.277+0000] {dag.py:3441} INFO - Setting next_dagrun for example_nested_branch_dag to 2024-02-18T00:00:00+00:00, run_after=2024-02-19T00:00:00+00:00
[2024-02-19T12:50:34.289+0000] {processor.py:175} INFO - Processing /home/airflow/.local/lib/python3.7/site-packages/airflow/example_dags/example_nested_branch_dag.py took 0.058 seconds
[2024-02-19T12:51:04.710+0000] {processor.py:153} INFO - Started process (PID=6510) to work on /home/airflow/.local/lib/python3.7/site-packages/airflow/example_dags/example_nested_branch_dag.py
[2024-02-19T12:51:04.712+0000] {processor.py:743} INFO - Processing file /home/airflow/.local/lib/python3.7/site-packages/airflow/example_dags/example_nested_branch_dag.py for tasks to queue
[2024-02-19T12:51:04.713+0000] {logging_mixin.py:137} INFO - [2024-02-19T12:51:04.712+0000] {dagbag.py:538} INFO - Filling up the DagBag from /home/airflow/.local/lib/python3.7/site-packages/airflow/example_dags/example_nested_branch_dag.py
[2024-02-19T12:51:04.731+0000] {processor.py:753} INFO - DAG(s) dict_keys(['example_nested_branch_dag']) retrieved from /home/airflow/.local/lib/python3.7/site-packages/airflow/example_dags/example_nested_branch_dag.py
[2024-02-19T12:51:04.749+0000] {logging_mixin.py:137} INFO - [2024-02-19T12:51:04.748+0000] {dag.py:2690} INFO - Sync 1 DAGs
[2024-02-19T12:51:04.767+0000] {logging_mixin.py:137} INFO - [2024-02-19T12:51:04.767+0000] {dag.py:3441} INFO - Setting next_dagrun for example_nested_branch_dag to 2024-02-18T00:00:00+00:00, run_after=2024-02-19T00:00:00+00:00
[2024-02-19T12:51:04.783+0000] {processor.py:175} INFO - Processing /home/airflow/.local/lib/python3.7/site-packages/airflow/example_dags/example_nested_branch_dag.py took 0.074 seconds
[2024-02-19T12:51:35.578+0000] {processor.py:153} INFO - Started process (PID=6645) to work on /home/airflow/.local/lib/python3.7/site-packages/airflow/example_dags/example_nested_branch_dag.py
[2024-02-19T12:51:35.579+0000] {processor.py:743} INFO - Processing file /home/airflow/.local/lib/python3.7/site-packages/airflow/example_dags/example_nested_branch_dag.py for tasks to queue
[2024-02-19T12:51:35.579+0000] {logging_mixin.py:137} INFO - [2024-02-19T12:51:35.579+0000] {dagbag.py:538} INFO - Filling up the DagBag from /home/airflow/.local/lib/python3.7/site-packages/airflow/example_dags/example_nested_branch_dag.py
[2024-02-19T12:51:35.597+0000] {processor.py:753} INFO - DAG(s) dict_keys(['example_nested_branch_dag']) retrieved from /home/airflow/.local/lib/python3.7/site-packages/airflow/example_dags/example_nested_branch_dag.py
[2024-02-19T12:51:35.613+0000] {logging_mixin.py:137} INFO - [2024-02-19T12:51:35.613+0000] {dag.py:2690} INFO - Sync 1 DAGs
[2024-02-19T12:51:35.630+0000] {logging_mixin.py:137} INFO - [2024-02-19T12:51:35.630+0000] {dag.py:3441} INFO - Setting next_dagrun for example_nested_branch_dag to 2024-02-18T00:00:00+00:00, run_after=2024-02-19T00:00:00+00:00
[2024-02-19T12:51:35.643+0000] {processor.py:175} INFO - Processing /home/airflow/.local/lib/python3.7/site-packages/airflow/example_dags/example_nested_branch_dag.py took 0.067 seconds
[2024-02-19T12:52:06.405+0000] {processor.py:153} INFO - Started process (PID=6780) to work on /home/airflow/.local/lib/python3.7/site-packages/airflow/example_dags/example_nested_branch_dag.py
[2024-02-19T12:52:06.406+0000] {processor.py:743} INFO - Processing file /home/airflow/.local/lib/python3.7/site-packages/airflow/example_dags/example_nested_branch_dag.py for tasks to queue
[2024-02-19T12:52:06.406+0000] {logging_mixin.py:137} INFO - [2024-02-19T12:52:06.406+0000] {dagbag.py:538} INFO - Filling up the DagBag from /home/airflow/.local/lib/python3.7/site-packages/airflow/example_dags/example_nested_branch_dag.py
[2024-02-19T12:52:06.429+0000] {processor.py:753} INFO - DAG(s) dict_keys(['example_nested_branch_dag']) retrieved from /home/airflow/.local/lib/python3.7/site-packages/airflow/example_dags/example_nested_branch_dag.py
[2024-02-19T12:52:06.453+0000] {logging_mixin.py:137} INFO - [2024-02-19T12:52:06.453+0000] {dag.py:2690} INFO - Sync 1 DAGs
[2024-02-19T12:52:06.478+0000] {logging_mixin.py:137} INFO - [2024-02-19T12:52:06.478+0000] {dag.py:3441} INFO - Setting next_dagrun for example_nested_branch_dag to 2024-02-18T00:00:00+00:00, run_after=2024-02-19T00:00:00+00:00
[2024-02-19T12:52:06.498+0000] {processor.py:175} INFO - Processing /home/airflow/.local/lib/python3.7/site-packages/airflow/example_dags/example_nested_branch_dag.py took 0.096 seconds
[2024-02-19T12:52:36.655+0000] {processor.py:153} INFO - Started process (PID=6883) to work on /home/airflow/.local/lib/python3.7/site-packages/airflow/example_dags/example_nested_branch_dag.py
[2024-02-19T12:52:36.656+0000] {processor.py:743} INFO - Processing file /home/airflow/.local/lib/python3.7/site-packages/airflow/example_dags/example_nested_branch_dag.py for tasks to queue
[2024-02-19T12:52:36.656+0000] {logging_mixin.py:137} INFO - [2024-02-19T12:52:36.656+0000] {dagbag.py:538} INFO - Filling up the DagBag from /home/airflow/.local/lib/python3.7/site-packages/airflow/example_dags/example_nested_branch_dag.py
[2024-02-19T12:52:36.672+0000] {processor.py:753} INFO - DAG(s) dict_keys(['example_nested_branch_dag']) retrieved from /home/airflow/.local/lib/python3.7/site-packages/airflow/example_dags/example_nested_branch_dag.py
[2024-02-19T12:52:36.688+0000] {logging_mixin.py:137} INFO - [2024-02-19T12:52:36.688+0000] {dag.py:2690} INFO - Sync 1 DAGs
[2024-02-19T12:52:36.705+0000] {logging_mixin.py:137} INFO - [2024-02-19T12:52:36.705+0000] {dag.py:3441} INFO - Setting next_dagrun for example_nested_branch_dag to 2024-02-18T00:00:00+00:00, run_after=2024-02-19T00:00:00+00:00
[2024-02-19T12:52:36.717+0000] {processor.py:175} INFO - Processing /home/airflow/.local/lib/python3.7/site-packages/airflow/example_dags/example_nested_branch_dag.py took 0.063 seconds
[2024-02-19T12:53:07.539+0000] {processor.py:153} INFO - Started process (PID=7018) to work on /home/airflow/.local/lib/python3.7/site-packages/airflow/example_dags/example_nested_branch_dag.py
[2024-02-19T12:53:07.540+0000] {processor.py:743} INFO - Processing file /home/airflow/.local/lib/python3.7/site-packages/airflow/example_dags/example_nested_branch_dag.py for tasks to queue
[2024-02-19T12:53:07.540+0000] {logging_mixin.py:137} INFO - [2024-02-19T12:53:07.540+0000] {dagbag.py:538} INFO - Filling up the DagBag from /home/airflow/.local/lib/python3.7/site-packages/airflow/example_dags/example_nested_branch_dag.py
[2024-02-19T12:53:07.559+0000] {processor.py:753} INFO - DAG(s) dict_keys(['example_nested_branch_dag']) retrieved from /home/airflow/.local/lib/python3.7/site-packages/airflow/example_dags/example_nested_branch_dag.py
[2024-02-19T12:53:07.577+0000] {logging_mixin.py:137} INFO - [2024-02-19T12:53:07.577+0000] {dag.py:2690} INFO - Sync 1 DAGs
[2024-02-19T12:53:07.598+0000] {logging_mixin.py:137} INFO - [2024-02-19T12:53:07.597+0000] {dag.py:3441} INFO - Setting next_dagrun for example_nested_branch_dag to 2024-02-18T00:00:00+00:00, run_after=2024-02-19T00:00:00+00:00
[2024-02-19T12:53:07.613+0000] {processor.py:175} INFO - Processing /home/airflow/.local/lib/python3.7/site-packages/airflow/example_dags/example_nested_branch_dag.py took 0.076 seconds
[2024-02-19T12:53:38.272+0000] {processor.py:153} INFO - Started process (PID=7129) to work on /home/airflow/.local/lib/python3.7/site-packages/airflow/example_dags/example_nested_branch_dag.py
[2024-02-19T12:53:38.273+0000] {processor.py:743} INFO - Processing file /home/airflow/.local/lib/python3.7/site-packages/airflow/example_dags/example_nested_branch_dag.py for tasks to queue
[2024-02-19T12:53:38.273+0000] {logging_mixin.py:137} INFO - [2024-02-19T12:53:38.273+0000] {dagbag.py:538} INFO - Filling up the DagBag from /home/airflow/.local/lib/python3.7/site-packages/airflow/example_dags/example_nested_branch_dag.py
[2024-02-19T12:53:38.293+0000] {processor.py:753} INFO - DAG(s) dict_keys(['example_nested_branch_dag']) retrieved from /home/airflow/.local/lib/python3.7/site-packages/airflow/example_dags/example_nested_branch_dag.py
[2024-02-19T12:53:38.314+0000] {logging_mixin.py:137} INFO - [2024-02-19T12:53:38.314+0000] {dag.py:2690} INFO - Sync 1 DAGs
[2024-02-19T12:53:38.335+0000] {logging_mixin.py:137} INFO - [2024-02-19T12:53:38.335+0000] {dag.py:3441} INFO - Setting next_dagrun for example_nested_branch_dag to 2024-02-18T00:00:00+00:00, run_after=2024-02-19T00:00:00+00:00
[2024-02-19T12:53:38.352+0000] {processor.py:175} INFO - Processing /home/airflow/.local/lib/python3.7/site-packages/airflow/example_dags/example_nested_branch_dag.py took 0.083 seconds
[2024-02-19T12:54:08.424+0000] {processor.py:153} INFO - Started process (PID=7257) to work on /home/airflow/.local/lib/python3.7/site-packages/airflow/example_dags/example_nested_branch_dag.py
[2024-02-19T12:54:08.424+0000] {processor.py:743} INFO - Processing file /home/airflow/.local/lib/python3.7/site-packages/airflow/example_dags/example_nested_branch_dag.py for tasks to queue
[2024-02-19T12:54:08.425+0000] {logging_mixin.py:137} INFO - [2024-02-19T12:54:08.425+0000] {dagbag.py:538} INFO - Filling up the DagBag from /home/airflow/.local/lib/python3.7/site-packages/airflow/example_dags/example_nested_branch_dag.py
[2024-02-19T12:54:08.442+0000] {processor.py:753} INFO - DAG(s) dict_keys(['example_nested_branch_dag']) retrieved from /home/airflow/.local/lib/python3.7/site-packages/airflow/example_dags/example_nested_branch_dag.py
[2024-02-19T12:54:08.460+0000] {logging_mixin.py:137} INFO - [2024-02-19T12:54:08.460+0000] {dag.py:2690} INFO - Sync 1 DAGs
[2024-02-19T12:54:08.479+0000] {logging_mixin.py:137} INFO - [2024-02-19T12:54:08.479+0000] {dag.py:3441} INFO - Setting next_dagrun for example_nested_branch_dag to 2024-02-18T00:00:00+00:00, run_after=2024-02-19T00:00:00+00:00
[2024-02-19T12:54:08.493+0000] {processor.py:175} INFO - Processing /home/airflow/.local/lib/python3.7/site-packages/airflow/example_dags/example_nested_branch_dag.py took 0.072 seconds
[2024-02-19T12:54:39.350+0000] {processor.py:153} INFO - Started process (PID=7392) to work on /home/airflow/.local/lib/python3.7/site-packages/airflow/example_dags/example_nested_branch_dag.py
[2024-02-19T12:54:39.351+0000] {processor.py:743} INFO - Processing file /home/airflow/.local/lib/python3.7/site-packages/airflow/example_dags/example_nested_branch_dag.py for tasks to queue
[2024-02-19T12:54:39.352+0000] {logging_mixin.py:137} INFO - [2024-02-19T12:54:39.351+0000] {dagbag.py:538} INFO - Filling up the DagBag from /home/airflow/.local/lib/python3.7/site-packages/airflow/example_dags/example_nested_branch_dag.py
[2024-02-19T12:54:39.373+0000] {processor.py:753} INFO - DAG(s) dict_keys(['example_nested_branch_dag']) retrieved from /home/airflow/.local/lib/python3.7/site-packages/airflow/example_dags/example_nested_branch_dag.py
[2024-02-19T12:54:39.395+0000] {logging_mixin.py:137} INFO - [2024-02-19T12:54:39.395+0000] {dag.py:2690} INFO - Sync 1 DAGs
[2024-02-19T12:54:39.418+0000] {logging_mixin.py:137} INFO - [2024-02-19T12:54:39.418+0000] {dag.py:3441} INFO - Setting next_dagrun for example_nested_branch_dag to 2024-02-18T00:00:00+00:00, run_after=2024-02-19T00:00:00+00:00
[2024-02-19T12:54:39.435+0000] {processor.py:175} INFO - Processing /home/airflow/.local/lib/python3.7/site-packages/airflow/example_dags/example_nested_branch_dag.py took 0.087 seconds
[2024-02-19T12:55:10.271+0000] {processor.py:153} INFO - Started process (PID=7495) to work on /home/airflow/.local/lib/python3.7/site-packages/airflow/example_dags/example_nested_branch_dag.py
[2024-02-19T12:55:10.271+0000] {processor.py:743} INFO - Processing file /home/airflow/.local/lib/python3.7/site-packages/airflow/example_dags/example_nested_branch_dag.py for tasks to queue
[2024-02-19T12:55:10.272+0000] {logging_mixin.py:137} INFO - [2024-02-19T12:55:10.272+0000] {dagbag.py:538} INFO - Filling up the DagBag from /home/airflow/.local/lib/python3.7/site-packages/airflow/example_dags/example_nested_branch_dag.py
[2024-02-19T12:55:10.288+0000] {processor.py:753} INFO - DAG(s) dict_keys(['example_nested_branch_dag']) retrieved from /home/airflow/.local/lib/python3.7/site-packages/airflow/example_dags/example_nested_branch_dag.py
[2024-02-19T12:55:10.306+0000] {logging_mixin.py:137} INFO - [2024-02-19T12:55:10.306+0000] {dag.py:2690} INFO - Sync 1 DAGs
[2024-02-19T12:55:10.324+0000] {logging_mixin.py:137} INFO - [2024-02-19T12:55:10.324+0000] {dag.py:3441} INFO - Setting next_dagrun for example_nested_branch_dag to 2024-02-18T00:00:00+00:00, run_after=2024-02-19T00:00:00+00:00
[2024-02-19T12:55:10.337+0000] {processor.py:175} INFO - Processing /home/airflow/.local/lib/python3.7/site-packages/airflow/example_dags/example_nested_branch_dag.py took 0.068 seconds
[2024-02-19T12:55:40.979+0000] {processor.py:153} INFO - Started process (PID=7630) to work on /home/airflow/.local/lib/python3.7/site-packages/airflow/example_dags/example_nested_branch_dag.py
[2024-02-19T12:55:40.979+0000] {processor.py:743} INFO - Processing file /home/airflow/.local/lib/python3.7/site-packages/airflow/example_dags/example_nested_branch_dag.py for tasks to queue
[2024-02-19T12:55:40.980+0000] {logging_mixin.py:137} INFO - [2024-02-19T12:55:40.980+0000] {dagbag.py:538} INFO - Filling up the DagBag from /home/airflow/.local/lib/python3.7/site-packages/airflow/example_dags/example_nested_branch_dag.py
[2024-02-19T12:55:40.997+0000] {processor.py:753} INFO - DAG(s) dict_keys(['example_nested_branch_dag']) retrieved from /home/airflow/.local/lib/python3.7/site-packages/airflow/example_dags/example_nested_branch_dag.py
[2024-02-19T12:55:41.014+0000] {logging_mixin.py:137} INFO - [2024-02-19T12:55:41.013+0000] {dag.py:2690} INFO - Sync 1 DAGs
[2024-02-19T12:55:41.032+0000] {logging_mixin.py:137} INFO - [2024-02-19T12:55:41.031+0000] {dag.py:3441} INFO - Setting next_dagrun for example_nested_branch_dag to 2024-02-18T00:00:00+00:00, run_after=2024-02-19T00:00:00+00:00
[2024-02-19T12:55:41.044+0000] {processor.py:175} INFO - Processing /home/airflow/.local/lib/python3.7/site-packages/airflow/example_dags/example_nested_branch_dag.py took 0.067 seconds
[2024-02-19T12:56:11.733+0000] {processor.py:153} INFO - Started process (PID=7765) to work on /home/airflow/.local/lib/python3.7/site-packages/airflow/example_dags/example_nested_branch_dag.py
[2024-02-19T12:56:11.733+0000] {processor.py:743} INFO - Processing file /home/airflow/.local/lib/python3.7/site-packages/airflow/example_dags/example_nested_branch_dag.py for tasks to queue
[2024-02-19T12:56:11.734+0000] {logging_mixin.py:137} INFO - [2024-02-19T12:56:11.734+0000] {dagbag.py:538} INFO - Filling up the DagBag from /home/airflow/.local/lib/python3.7/site-packages/airflow/example_dags/example_nested_branch_dag.py
[2024-02-19T12:56:11.755+0000] {processor.py:753} INFO - DAG(s) dict_keys(['example_nested_branch_dag']) retrieved from /home/airflow/.local/lib/python3.7/site-packages/airflow/example_dags/example_nested_branch_dag.py
[2024-02-19T12:56:11.778+0000] {logging_mixin.py:137} INFO - [2024-02-19T12:56:11.778+0000] {dag.py:2690} INFO - Sync 1 DAGs
[2024-02-19T12:56:11.803+0000] {logging_mixin.py:137} INFO - [2024-02-19T12:56:11.803+0000] {dag.py:3441} INFO - Setting next_dagrun for example_nested_branch_dag to 2024-02-18T00:00:00+00:00, run_after=2024-02-19T00:00:00+00:00
[2024-02-19T12:56:11.821+0000] {processor.py:175} INFO - Processing /home/airflow/.local/lib/python3.7/site-packages/airflow/example_dags/example_nested_branch_dag.py took 0.091 seconds
[2024-02-19T12:56:42.643+0000] {processor.py:153} INFO - Started process (PID=7868) to work on /home/airflow/.local/lib/python3.7/site-packages/airflow/example_dags/example_nested_branch_dag.py
[2024-02-19T12:56:42.644+0000] {processor.py:743} INFO - Processing file /home/airflow/.local/lib/python3.7/site-packages/airflow/example_dags/example_nested_branch_dag.py for tasks to queue
[2024-02-19T12:56:42.644+0000] {logging_mixin.py:137} INFO - [2024-02-19T12:56:42.644+0000] {dagbag.py:538} INFO - Filling up the DagBag from /home/airflow/.local/lib/python3.7/site-packages/airflow/example_dags/example_nested_branch_dag.py
[2024-02-19T12:56:42.661+0000] {processor.py:753} INFO - DAG(s) dict_keys(['example_nested_branch_dag']) retrieved from /home/airflow/.local/lib/python3.7/site-packages/airflow/example_dags/example_nested_branch_dag.py
[2024-02-19T12:56:42.679+0000] {logging_mixin.py:137} INFO - [2024-02-19T12:56:42.679+0000] {dag.py:2690} INFO - Sync 1 DAGs
[2024-02-19T12:56:42.698+0000] {logging_mixin.py:137} INFO - [2024-02-19T12:56:42.698+0000] {dag.py:3441} INFO - Setting next_dagrun for example_nested_branch_dag to 2024-02-18T00:00:00+00:00, run_after=2024-02-19T00:00:00+00:00
[2024-02-19T12:56:42.711+0000] {processor.py:175} INFO - Processing /home/airflow/.local/lib/python3.7/site-packages/airflow/example_dags/example_nested_branch_dag.py took 0.070 seconds
[2024-02-19T12:57:13.533+0000] {processor.py:153} INFO - Started process (PID=8003) to work on /home/airflow/.local/lib/python3.7/site-packages/airflow/example_dags/example_nested_branch_dag.py
[2024-02-19T12:57:13.533+0000] {processor.py:743} INFO - Processing file /home/airflow/.local/lib/python3.7/site-packages/airflow/example_dags/example_nested_branch_dag.py for tasks to queue
[2024-02-19T12:57:13.534+0000] {logging_mixin.py:137} INFO - [2024-02-19T12:57:13.534+0000] {dagbag.py:538} INFO - Filling up the DagBag from /home/airflow/.local/lib/python3.7/site-packages/airflow/example_dags/example_nested_branch_dag.py
[2024-02-19T12:57:13.555+0000] {processor.py:753} INFO - DAG(s) dict_keys(['example_nested_branch_dag']) retrieved from /home/airflow/.local/lib/python3.7/site-packages/airflow/example_dags/example_nested_branch_dag.py
[2024-02-19T12:57:13.577+0000] {logging_mixin.py:137} INFO - [2024-02-19T12:57:13.577+0000] {dag.py:2690} INFO - Sync 1 DAGs
[2024-02-19T12:57:13.600+0000] {logging_mixin.py:137} INFO - [2024-02-19T12:57:13.599+0000] {dag.py:3441} INFO - Setting next_dagrun for example_nested_branch_dag to 2024-02-18T00:00:00+00:00, run_after=2024-02-19T00:00:00+00:00
[2024-02-19T12:57:13.617+0000] {processor.py:175} INFO - Processing /home/airflow/.local/lib/python3.7/site-packages/airflow/example_dags/example_nested_branch_dag.py took 0.087 seconds
[2024-02-19T12:57:44.322+0000] {processor.py:153} INFO - Started process (PID=8113) to work on /home/airflow/.local/lib/python3.7/site-packages/airflow/example_dags/example_nested_branch_dag.py
[2024-02-19T12:57:44.322+0000] {processor.py:743} INFO - Processing file /home/airflow/.local/lib/python3.7/site-packages/airflow/example_dags/example_nested_branch_dag.py for tasks to queue
[2024-02-19T12:57:44.323+0000] {logging_mixin.py:137} INFO - [2024-02-19T12:57:44.323+0000] {dagbag.py:538} INFO - Filling up the DagBag from /home/airflow/.local/lib/python3.7/site-packages/airflow/example_dags/example_nested_branch_dag.py
[2024-02-19T12:57:44.341+0000] {processor.py:753} INFO - DAG(s) dict_keys(['example_nested_branch_dag']) retrieved from /home/airflow/.local/lib/python3.7/site-packages/airflow/example_dags/example_nested_branch_dag.py
[2024-02-19T12:57:44.359+0000] {logging_mixin.py:137} INFO - [2024-02-19T12:57:44.359+0000] {dag.py:2690} INFO - Sync 1 DAGs
[2024-02-19T12:57:44.379+0000] {logging_mixin.py:137} INFO - [2024-02-19T12:57:44.378+0000] {dag.py:3441} INFO - Setting next_dagrun for example_nested_branch_dag to 2024-02-18T00:00:00+00:00, run_after=2024-02-19T00:00:00+00:00
[2024-02-19T12:57:44.393+0000] {processor.py:175} INFO - Processing /home/airflow/.local/lib/python3.7/site-packages/airflow/example_dags/example_nested_branch_dag.py took 0.073 seconds
[2024-02-19T12:58:14.489+0000] {processor.py:153} INFO - Started process (PID=8240) to work on /home/airflow/.local/lib/python3.7/site-packages/airflow/example_dags/example_nested_branch_dag.py
[2024-02-19T12:58:14.490+0000] {processor.py:743} INFO - Processing file /home/airflow/.local/lib/python3.7/site-packages/airflow/example_dags/example_nested_branch_dag.py for tasks to queue
[2024-02-19T12:58:14.490+0000] {logging_mixin.py:137} INFO - [2024-02-19T12:58:14.490+0000] {dagbag.py:538} INFO - Filling up the DagBag from /home/airflow/.local/lib/python3.7/site-packages/airflow/example_dags/example_nested_branch_dag.py
[2024-02-19T12:58:14.506+0000] {processor.py:753} INFO - DAG(s) dict_keys(['example_nested_branch_dag']) retrieved from /home/airflow/.local/lib/python3.7/site-packages/airflow/example_dags/example_nested_branch_dag.py
[2024-02-19T12:58:14.522+0000] {logging_mixin.py:137} INFO - [2024-02-19T12:58:14.522+0000] {dag.py:2690} INFO - Sync 1 DAGs
[2024-02-19T12:58:14.541+0000] {logging_mixin.py:137} INFO - [2024-02-19T12:58:14.541+0000] {dag.py:3441} INFO - Setting next_dagrun for example_nested_branch_dag to 2024-02-18T00:00:00+00:00, run_after=2024-02-19T00:00:00+00:00
[2024-02-19T12:58:14.554+0000] {processor.py:175} INFO - Processing /home/airflow/.local/lib/python3.7/site-packages/airflow/example_dags/example_nested_branch_dag.py took 0.067 seconds
