[2024-02-19T12:24:37.663+0000] {processor.py:153} INFO - Started process (PID=61) to work on /home/airflow/.local/lib/python3.7/site-packages/airflow/example_dags/example_trigger_target_dag.py
[2024-02-19T12:24:37.664+0000] {processor.py:743} INFO - Processing file /home/airflow/.local/lib/python3.7/site-packages/airflow/example_dags/example_trigger_target_dag.py for tasks to queue
[2024-02-19T12:24:37.664+0000] {logging_mixin.py:137} INFO - [2024-02-19T12:24:37.664+0000] {dagbag.py:538} INFO - Filling up the DagBag from /home/airflow/.local/lib/python3.7/site-packages/airflow/example_dags/example_trigger_target_dag.py
[2024-02-19T12:24:37.679+0000] {processor.py:753} INFO - DAG(s) dict_keys(['example_trigger_target_dag']) retrieved from /home/airflow/.local/lib/python3.7/site-packages/airflow/example_dags/example_trigger_target_dag.py
[2024-02-19T12:24:37.687+0000] {logging_mixin.py:137} INFO - [2024-02-19T12:24:37.686+0000] {dag.py:2690} INFO - Sync 1 DAGs
[2024-02-19T12:24:37.703+0000] {logging_mixin.py:137} INFO - [2024-02-19T12:24:37.703+0000] {dag.py:3441} INFO - Setting next_dagrun for example_trigger_target_dag to None, run_after=None
[2024-02-19T12:24:37.716+0000] {processor.py:175} INFO - Processing /home/airflow/.local/lib/python3.7/site-packages/airflow/example_dags/example_trigger_target_dag.py took 0.054 seconds
[2024-02-19T12:25:08.033+0000] {processor.py:153} INFO - Started process (PID=196) to work on /home/airflow/.local/lib/python3.7/site-packages/airflow/example_dags/example_trigger_target_dag.py
[2024-02-19T12:25:08.034+0000] {processor.py:743} INFO - Processing file /home/airflow/.local/lib/python3.7/site-packages/airflow/example_dags/example_trigger_target_dag.py for tasks to queue
[2024-02-19T12:25:08.034+0000] {logging_mixin.py:137} INFO - [2024-02-19T12:25:08.034+0000] {dagbag.py:538} INFO - Filling up the DagBag from /home/airflow/.local/lib/python3.7/site-packages/airflow/example_dags/example_trigger_target_dag.py
[2024-02-19T12:25:08.045+0000] {processor.py:753} INFO - DAG(s) dict_keys(['example_trigger_target_dag']) retrieved from /home/airflow/.local/lib/python3.7/site-packages/airflow/example_dags/example_trigger_target_dag.py
[2024-02-19T12:25:08.058+0000] {logging_mixin.py:137} INFO - [2024-02-19T12:25:08.058+0000] {dag.py:2690} INFO - Sync 1 DAGs
[2024-02-19T12:25:08.072+0000] {logging_mixin.py:137} INFO - [2024-02-19T12:25:08.072+0000] {dag.py:3441} INFO - Setting next_dagrun for example_trigger_target_dag to None, run_after=None
[2024-02-19T12:25:08.082+0000] {processor.py:175} INFO - Processing /home/airflow/.local/lib/python3.7/site-packages/airflow/example_dags/example_trigger_target_dag.py took 0.051 seconds
[2024-02-19T12:25:38.512+0000] {processor.py:153} INFO - Started process (PID=299) to work on /home/airflow/.local/lib/python3.7/site-packages/airflow/example_dags/example_trigger_target_dag.py
[2024-02-19T12:25:38.512+0000] {processor.py:743} INFO - Processing file /home/airflow/.local/lib/python3.7/site-packages/airflow/example_dags/example_trigger_target_dag.py for tasks to queue
[2024-02-19T12:25:38.513+0000] {logging_mixin.py:137} INFO - [2024-02-19T12:25:38.513+0000] {dagbag.py:538} INFO - Filling up the DagBag from /home/airflow/.local/lib/python3.7/site-packages/airflow/example_dags/example_trigger_target_dag.py
[2024-02-19T12:25:38.524+0000] {processor.py:753} INFO - DAG(s) dict_keys(['example_trigger_target_dag']) retrieved from /home/airflow/.local/lib/python3.7/site-packages/airflow/example_dags/example_trigger_target_dag.py
[2024-02-19T12:25:38.537+0000] {logging_mixin.py:137} INFO - [2024-02-19T12:25:38.537+0000] {dag.py:2690} INFO - Sync 1 DAGs
[2024-02-19T12:25:38.550+0000] {logging_mixin.py:137} INFO - [2024-02-19T12:25:38.550+0000] {dag.py:3441} INFO - Setting next_dagrun for example_trigger_target_dag to None, run_after=None
[2024-02-19T12:25:38.560+0000] {processor.py:175} INFO - Processing /home/airflow/.local/lib/python3.7/site-packages/airflow/example_dags/example_trigger_target_dag.py took 0.049 seconds
[2024-02-19T12:26:08.957+0000] {processor.py:153} INFO - Started process (PID=434) to work on /home/airflow/.local/lib/python3.7/site-packages/airflow/example_dags/example_trigger_target_dag.py
[2024-02-19T12:26:08.957+0000] {processor.py:743} INFO - Processing file /home/airflow/.local/lib/python3.7/site-packages/airflow/example_dags/example_trigger_target_dag.py for tasks to queue
[2024-02-19T12:26:08.957+0000] {logging_mixin.py:137} INFO - [2024-02-19T12:26:08.957+0000] {dagbag.py:538} INFO - Filling up the DagBag from /home/airflow/.local/lib/python3.7/site-packages/airflow/example_dags/example_trigger_target_dag.py
[2024-02-19T12:26:08.969+0000] {processor.py:753} INFO - DAG(s) dict_keys(['example_trigger_target_dag']) retrieved from /home/airflow/.local/lib/python3.7/site-packages/airflow/example_dags/example_trigger_target_dag.py
[2024-02-19T12:26:08.982+0000] {logging_mixin.py:137} INFO - [2024-02-19T12:26:08.982+0000] {dag.py:2690} INFO - Sync 1 DAGs
[2024-02-19T12:26:08.996+0000] {logging_mixin.py:137} INFO - [2024-02-19T12:26:08.996+0000] {dag.py:3441} INFO - Setting next_dagrun for example_trigger_target_dag to None, run_after=None
[2024-02-19T12:26:09.006+0000] {processor.py:175} INFO - Processing /home/airflow/.local/lib/python3.7/site-packages/airflow/example_dags/example_trigger_target_dag.py took 0.051 seconds
[2024-02-19T12:26:39.343+0000] {processor.py:153} INFO - Started process (PID=569) to work on /home/airflow/.local/lib/python3.7/site-packages/airflow/example_dags/example_trigger_target_dag.py
[2024-02-19T12:26:39.343+0000] {processor.py:743} INFO - Processing file /home/airflow/.local/lib/python3.7/site-packages/airflow/example_dags/example_trigger_target_dag.py for tasks to queue
[2024-02-19T12:26:39.343+0000] {logging_mixin.py:137} INFO - [2024-02-19T12:26:39.343+0000] {dagbag.py:538} INFO - Filling up the DagBag from /home/airflow/.local/lib/python3.7/site-packages/airflow/example_dags/example_trigger_target_dag.py
[2024-02-19T12:26:39.355+0000] {processor.py:753} INFO - DAG(s) dict_keys(['example_trigger_target_dag']) retrieved from /home/airflow/.local/lib/python3.7/site-packages/airflow/example_dags/example_trigger_target_dag.py
[2024-02-19T12:26:39.368+0000] {logging_mixin.py:137} INFO - [2024-02-19T12:26:39.368+0000] {dag.py:2690} INFO - Sync 1 DAGs
[2024-02-19T12:26:39.382+0000] {logging_mixin.py:137} INFO - [2024-02-19T12:26:39.382+0000] {dag.py:3441} INFO - Setting next_dagrun for example_trigger_target_dag to None, run_after=None
[2024-02-19T12:26:39.392+0000] {processor.py:175} INFO - Processing /home/airflow/.local/lib/python3.7/site-packages/airflow/example_dags/example_trigger_target_dag.py took 0.051 seconds
[2024-02-19T12:27:09.728+0000] {processor.py:153} INFO - Started process (PID=672) to work on /home/airflow/.local/lib/python3.7/site-packages/airflow/example_dags/example_trigger_target_dag.py
[2024-02-19T12:27:09.729+0000] {processor.py:743} INFO - Processing file /home/airflow/.local/lib/python3.7/site-packages/airflow/example_dags/example_trigger_target_dag.py for tasks to queue
[2024-02-19T12:27:09.729+0000] {logging_mixin.py:137} INFO - [2024-02-19T12:27:09.729+0000] {dagbag.py:538} INFO - Filling up the DagBag from /home/airflow/.local/lib/python3.7/site-packages/airflow/example_dags/example_trigger_target_dag.py
[2024-02-19T12:27:09.740+0000] {processor.py:753} INFO - DAG(s) dict_keys(['example_trigger_target_dag']) retrieved from /home/airflow/.local/lib/python3.7/site-packages/airflow/example_dags/example_trigger_target_dag.py
[2024-02-19T12:27:09.754+0000] {logging_mixin.py:137} INFO - [2024-02-19T12:27:09.754+0000] {dag.py:2690} INFO - Sync 1 DAGs
[2024-02-19T12:27:09.768+0000] {logging_mixin.py:137} INFO - [2024-02-19T12:27:09.768+0000] {dag.py:3441} INFO - Setting next_dagrun for example_trigger_target_dag to None, run_after=None
[2024-02-19T12:27:09.778+0000] {processor.py:175} INFO - Processing /home/airflow/.local/lib/python3.7/site-packages/airflow/example_dags/example_trigger_target_dag.py took 0.051 seconds
[2024-02-19T12:27:40.164+0000] {processor.py:153} INFO - Started process (PID=807) to work on /home/airflow/.local/lib/python3.7/site-packages/airflow/example_dags/example_trigger_target_dag.py
[2024-02-19T12:27:40.165+0000] {processor.py:743} INFO - Processing file /home/airflow/.local/lib/python3.7/site-packages/airflow/example_dags/example_trigger_target_dag.py for tasks to queue
[2024-02-19T12:27:40.165+0000] {logging_mixin.py:137} INFO - [2024-02-19T12:27:40.165+0000] {dagbag.py:538} INFO - Filling up the DagBag from /home/airflow/.local/lib/python3.7/site-packages/airflow/example_dags/example_trigger_target_dag.py
[2024-02-19T12:27:40.177+0000] {processor.py:753} INFO - DAG(s) dict_keys(['example_trigger_target_dag']) retrieved from /home/airflow/.local/lib/python3.7/site-packages/airflow/example_dags/example_trigger_target_dag.py
[2024-02-19T12:27:40.192+0000] {logging_mixin.py:137} INFO - [2024-02-19T12:27:40.191+0000] {dag.py:2690} INFO - Sync 1 DAGs
[2024-02-19T12:27:40.205+0000] {logging_mixin.py:137} INFO - [2024-02-19T12:27:40.205+0000] {dag.py:3441} INFO - Setting next_dagrun for example_trigger_target_dag to None, run_after=None
[2024-02-19T12:27:40.215+0000] {processor.py:175} INFO - Processing /home/airflow/.local/lib/python3.7/site-packages/airflow/example_dags/example_trigger_target_dag.py took 0.053 seconds
[2024-02-19T12:28:10.558+0000] {processor.py:153} INFO - Started process (PID=943) to work on /home/airflow/.local/lib/python3.7/site-packages/airflow/example_dags/example_trigger_target_dag.py
[2024-02-19T12:28:10.558+0000] {processor.py:743} INFO - Processing file /home/airflow/.local/lib/python3.7/site-packages/airflow/example_dags/example_trigger_target_dag.py for tasks to queue
[2024-02-19T12:28:10.558+0000] {logging_mixin.py:137} INFO - [2024-02-19T12:28:10.558+0000] {dagbag.py:538} INFO - Filling up the DagBag from /home/airflow/.local/lib/python3.7/site-packages/airflow/example_dags/example_trigger_target_dag.py
[2024-02-19T12:28:10.571+0000] {processor.py:753} INFO - DAG(s) dict_keys(['example_trigger_target_dag']) retrieved from /home/airflow/.local/lib/python3.7/site-packages/airflow/example_dags/example_trigger_target_dag.py
[2024-02-19T12:28:10.584+0000] {logging_mixin.py:137} INFO - [2024-02-19T12:28:10.584+0000] {dag.py:2690} INFO - Sync 1 DAGs
[2024-02-19T12:28:10.598+0000] {logging_mixin.py:137} INFO - [2024-02-19T12:28:10.598+0000] {dag.py:3441} INFO - Setting next_dagrun for example_trigger_target_dag to None, run_after=None
[2024-02-19T12:28:10.608+0000] {processor.py:175} INFO - Processing /home/airflow/.local/lib/python3.7/site-packages/airflow/example_dags/example_trigger_target_dag.py took 0.052 seconds
[2024-02-19T12:28:41.022+0000] {processor.py:153} INFO - Started process (PID=1046) to work on /home/airflow/.local/lib/python3.7/site-packages/airflow/example_dags/example_trigger_target_dag.py
[2024-02-19T12:28:41.022+0000] {processor.py:743} INFO - Processing file /home/airflow/.local/lib/python3.7/site-packages/airflow/example_dags/example_trigger_target_dag.py for tasks to queue
[2024-02-19T12:28:41.022+0000] {logging_mixin.py:137} INFO - [2024-02-19T12:28:41.022+0000] {dagbag.py:538} INFO - Filling up the DagBag from /home/airflow/.local/lib/python3.7/site-packages/airflow/example_dags/example_trigger_target_dag.py
[2024-02-19T12:28:41.034+0000] {processor.py:753} INFO - DAG(s) dict_keys(['example_trigger_target_dag']) retrieved from /home/airflow/.local/lib/python3.7/site-packages/airflow/example_dags/example_trigger_target_dag.py
[2024-02-19T12:28:41.047+0000] {logging_mixin.py:137} INFO - [2024-02-19T12:28:41.047+0000] {dag.py:2690} INFO - Sync 1 DAGs
[2024-02-19T12:28:41.061+0000] {logging_mixin.py:137} INFO - [2024-02-19T12:28:41.061+0000] {dag.py:3441} INFO - Setting next_dagrun for example_trigger_target_dag to None, run_after=None
[2024-02-19T12:28:41.072+0000] {processor.py:175} INFO - Processing /home/airflow/.local/lib/python3.7/site-packages/airflow/example_dags/example_trigger_target_dag.py took 0.052 seconds
[2024-02-19T12:29:11.445+0000] {processor.py:153} INFO - Started process (PID=1181) to work on /home/airflow/.local/lib/python3.7/site-packages/airflow/example_dags/example_trigger_target_dag.py
[2024-02-19T12:29:11.445+0000] {processor.py:743} INFO - Processing file /home/airflow/.local/lib/python3.7/site-packages/airflow/example_dags/example_trigger_target_dag.py for tasks to queue
[2024-02-19T12:29:11.446+0000] {logging_mixin.py:137} INFO - [2024-02-19T12:29:11.446+0000] {dagbag.py:538} INFO - Filling up the DagBag from /home/airflow/.local/lib/python3.7/site-packages/airflow/example_dags/example_trigger_target_dag.py
[2024-02-19T12:29:11.458+0000] {processor.py:753} INFO - DAG(s) dict_keys(['example_trigger_target_dag']) retrieved from /home/airflow/.local/lib/python3.7/site-packages/airflow/example_dags/example_trigger_target_dag.py
[2024-02-19T12:29:11.472+0000] {logging_mixin.py:137} INFO - [2024-02-19T12:29:11.472+0000] {dag.py:2690} INFO - Sync 1 DAGs
[2024-02-19T12:29:11.486+0000] {logging_mixin.py:137} INFO - [2024-02-19T12:29:11.486+0000] {dag.py:3441} INFO - Setting next_dagrun for example_trigger_target_dag to None, run_after=None
[2024-02-19T12:29:11.497+0000] {processor.py:175} INFO - Processing /home/airflow/.local/lib/python3.7/site-packages/airflow/example_dags/example_trigger_target_dag.py took 0.053 seconds
[2024-02-19T12:29:42.164+0000] {processor.py:153} INFO - Started process (PID=1316) to work on /home/airflow/.local/lib/python3.7/site-packages/airflow/example_dags/example_trigger_target_dag.py
[2024-02-19T12:29:42.165+0000] {processor.py:743} INFO - Processing file /home/airflow/.local/lib/python3.7/site-packages/airflow/example_dags/example_trigger_target_dag.py for tasks to queue
[2024-02-19T12:29:42.165+0000] {logging_mixin.py:137} INFO - [2024-02-19T12:29:42.165+0000] {dagbag.py:538} INFO - Filling up the DagBag from /home/airflow/.local/lib/python3.7/site-packages/airflow/example_dags/example_trigger_target_dag.py
[2024-02-19T12:29:42.177+0000] {processor.py:753} INFO - DAG(s) dict_keys(['example_trigger_target_dag']) retrieved from /home/airflow/.local/lib/python3.7/site-packages/airflow/example_dags/example_trigger_target_dag.py
[2024-02-19T12:29:42.191+0000] {logging_mixin.py:137} INFO - [2024-02-19T12:29:42.190+0000] {dag.py:2690} INFO - Sync 1 DAGs
[2024-02-19T12:29:42.204+0000] {logging_mixin.py:137} INFO - [2024-02-19T12:29:42.204+0000] {dag.py:3441} INFO - Setting next_dagrun for example_trigger_target_dag to None, run_after=None
[2024-02-19T12:29:42.214+0000] {processor.py:175} INFO - Processing /home/airflow/.local/lib/python3.7/site-packages/airflow/example_dags/example_trigger_target_dag.py took 0.052 seconds
[2024-02-19T12:30:12.640+0000] {processor.py:153} INFO - Started process (PID=1419) to work on /home/airflow/.local/lib/python3.7/site-packages/airflow/example_dags/example_trigger_target_dag.py
[2024-02-19T12:30:12.641+0000] {processor.py:743} INFO - Processing file /home/airflow/.local/lib/python3.7/site-packages/airflow/example_dags/example_trigger_target_dag.py for tasks to queue
[2024-02-19T12:30:12.641+0000] {logging_mixin.py:137} INFO - [2024-02-19T12:30:12.641+0000] {dagbag.py:538} INFO - Filling up the DagBag from /home/airflow/.local/lib/python3.7/site-packages/airflow/example_dags/example_trigger_target_dag.py
[2024-02-19T12:30:12.653+0000] {processor.py:753} INFO - DAG(s) dict_keys(['example_trigger_target_dag']) retrieved from /home/airflow/.local/lib/python3.7/site-packages/airflow/example_dags/example_trigger_target_dag.py
[2024-02-19T12:30:12.668+0000] {logging_mixin.py:137} INFO - [2024-02-19T12:30:12.668+0000] {dag.py:2690} INFO - Sync 1 DAGs
[2024-02-19T12:30:12.681+0000] {logging_mixin.py:137} INFO - [2024-02-19T12:30:12.681+0000] {dag.py:3441} INFO - Setting next_dagrun for example_trigger_target_dag to None, run_after=None
[2024-02-19T12:30:12.691+0000] {processor.py:175} INFO - Processing /home/airflow/.local/lib/python3.7/site-packages/airflow/example_dags/example_trigger_target_dag.py took 0.053 seconds
[2024-02-19T12:30:43.126+0000] {processor.py:153} INFO - Started process (PID=1554) to work on /home/airflow/.local/lib/python3.7/site-packages/airflow/example_dags/example_trigger_target_dag.py
[2024-02-19T12:30:43.127+0000] {processor.py:743} INFO - Processing file /home/airflow/.local/lib/python3.7/site-packages/airflow/example_dags/example_trigger_target_dag.py for tasks to queue
[2024-02-19T12:30:43.127+0000] {logging_mixin.py:137} INFO - [2024-02-19T12:30:43.127+0000] {dagbag.py:538} INFO - Filling up the DagBag from /home/airflow/.local/lib/python3.7/site-packages/airflow/example_dags/example_trigger_target_dag.py
[2024-02-19T12:30:43.139+0000] {processor.py:753} INFO - DAG(s) dict_keys(['example_trigger_target_dag']) retrieved from /home/airflow/.local/lib/python3.7/site-packages/airflow/example_dags/example_trigger_target_dag.py
[2024-02-19T12:30:43.153+0000] {logging_mixin.py:137} INFO - [2024-02-19T12:30:43.153+0000] {dag.py:2690} INFO - Sync 1 DAGs
[2024-02-19T12:30:43.167+0000] {logging_mixin.py:137} INFO - [2024-02-19T12:30:43.167+0000] {dag.py:3441} INFO - Setting next_dagrun for example_trigger_target_dag to None, run_after=None
[2024-02-19T12:30:43.178+0000] {processor.py:175} INFO - Processing /home/airflow/.local/lib/python3.7/site-packages/airflow/example_dags/example_trigger_target_dag.py took 0.053 seconds
[2024-02-19T12:31:13.562+0000] {processor.py:153} INFO - Started process (PID=1689) to work on /home/airflow/.local/lib/python3.7/site-packages/airflow/example_dags/example_trigger_target_dag.py
[2024-02-19T12:31:13.562+0000] {processor.py:743} INFO - Processing file /home/airflow/.local/lib/python3.7/site-packages/airflow/example_dags/example_trigger_target_dag.py for tasks to queue
[2024-02-19T12:31:13.563+0000] {logging_mixin.py:137} INFO - [2024-02-19T12:31:13.562+0000] {dagbag.py:538} INFO - Filling up the DagBag from /home/airflow/.local/lib/python3.7/site-packages/airflow/example_dags/example_trigger_target_dag.py
[2024-02-19T12:31:13.574+0000] {processor.py:753} INFO - DAG(s) dict_keys(['example_trigger_target_dag']) retrieved from /home/airflow/.local/lib/python3.7/site-packages/airflow/example_dags/example_trigger_target_dag.py
[2024-02-19T12:31:13.588+0000] {logging_mixin.py:137} INFO - [2024-02-19T12:31:13.588+0000] {dag.py:2690} INFO - Sync 1 DAGs
[2024-02-19T12:31:13.602+0000] {logging_mixin.py:137} INFO - [2024-02-19T12:31:13.602+0000] {dag.py:3441} INFO - Setting next_dagrun for example_trigger_target_dag to None, run_after=None
[2024-02-19T12:31:13.613+0000] {processor.py:175} INFO - Processing /home/airflow/.local/lib/python3.7/site-packages/airflow/example_dags/example_trigger_target_dag.py took 0.054 seconds
[2024-02-19T12:31:44.006+0000] {processor.py:153} INFO - Started process (PID=1792) to work on /home/airflow/.local/lib/python3.7/site-packages/airflow/example_dags/example_trigger_target_dag.py
[2024-02-19T12:31:44.006+0000] {processor.py:743} INFO - Processing file /home/airflow/.local/lib/python3.7/site-packages/airflow/example_dags/example_trigger_target_dag.py for tasks to queue
[2024-02-19T12:31:44.007+0000] {logging_mixin.py:137} INFO - [2024-02-19T12:31:44.006+0000] {dagbag.py:538} INFO - Filling up the DagBag from /home/airflow/.local/lib/python3.7/site-packages/airflow/example_dags/example_trigger_target_dag.py
[2024-02-19T12:31:44.019+0000] {processor.py:753} INFO - DAG(s) dict_keys(['example_trigger_target_dag']) retrieved from /home/airflow/.local/lib/python3.7/site-packages/airflow/example_dags/example_trigger_target_dag.py
[2024-02-19T12:31:44.032+0000] {logging_mixin.py:137} INFO - [2024-02-19T12:31:44.032+0000] {dag.py:2690} INFO - Sync 1 DAGs
[2024-02-19T12:31:44.047+0000] {logging_mixin.py:137} INFO - [2024-02-19T12:31:44.047+0000] {dag.py:3441} INFO - Setting next_dagrun for example_trigger_target_dag to None, run_after=None
[2024-02-19T12:31:44.058+0000] {processor.py:175} INFO - Processing /home/airflow/.local/lib/python3.7/site-packages/airflow/example_dags/example_trigger_target_dag.py took 0.054 seconds
[2024-02-19T12:32:14.460+0000] {processor.py:153} INFO - Started process (PID=1927) to work on /home/airflow/.local/lib/python3.7/site-packages/airflow/example_dags/example_trigger_target_dag.py
[2024-02-19T12:32:14.460+0000] {processor.py:743} INFO - Processing file /home/airflow/.local/lib/python3.7/site-packages/airflow/example_dags/example_trigger_target_dag.py for tasks to queue
[2024-02-19T12:32:14.461+0000] {logging_mixin.py:137} INFO - [2024-02-19T12:32:14.461+0000] {dagbag.py:538} INFO - Filling up the DagBag from /home/airflow/.local/lib/python3.7/site-packages/airflow/example_dags/example_trigger_target_dag.py
[2024-02-19T12:32:14.473+0000] {processor.py:753} INFO - DAG(s) dict_keys(['example_trigger_target_dag']) retrieved from /home/airflow/.local/lib/python3.7/site-packages/airflow/example_dags/example_trigger_target_dag.py
[2024-02-19T12:32:14.487+0000] {logging_mixin.py:137} INFO - [2024-02-19T12:32:14.487+0000] {dag.py:2690} INFO - Sync 1 DAGs
[2024-02-19T12:32:14.500+0000] {logging_mixin.py:137} INFO - [2024-02-19T12:32:14.500+0000] {dag.py:3441} INFO - Setting next_dagrun for example_trigger_target_dag to None, run_after=None
[2024-02-19T12:32:14.512+0000] {processor.py:175} INFO - Processing /home/airflow/.local/lib/python3.7/site-packages/airflow/example_dags/example_trigger_target_dag.py took 0.054 seconds
[2024-02-19T12:32:45.012+0000] {processor.py:153} INFO - Started process (PID=2062) to work on /home/airflow/.local/lib/python3.7/site-packages/airflow/example_dags/example_trigger_target_dag.py
[2024-02-19T12:32:45.013+0000] {processor.py:743} INFO - Processing file /home/airflow/.local/lib/python3.7/site-packages/airflow/example_dags/example_trigger_target_dag.py for tasks to queue
[2024-02-19T12:32:45.013+0000] {logging_mixin.py:137} INFO - [2024-02-19T12:32:45.013+0000] {dagbag.py:538} INFO - Filling up the DagBag from /home/airflow/.local/lib/python3.7/site-packages/airflow/example_dags/example_trigger_target_dag.py
[2024-02-19T12:32:45.025+0000] {processor.py:753} INFO - DAG(s) dict_keys(['example_trigger_target_dag']) retrieved from /home/airflow/.local/lib/python3.7/site-packages/airflow/example_dags/example_trigger_target_dag.py
[2024-02-19T12:32:45.040+0000] {logging_mixin.py:137} INFO - [2024-02-19T12:32:45.039+0000] {dag.py:2690} INFO - Sync 1 DAGs
[2024-02-19T12:32:45.055+0000] {logging_mixin.py:137} INFO - [2024-02-19T12:32:45.054+0000] {dag.py:3441} INFO - Setting next_dagrun for example_trigger_target_dag to None, run_after=None
[2024-02-19T12:32:45.067+0000] {processor.py:175} INFO - Processing /home/airflow/.local/lib/python3.7/site-packages/airflow/example_dags/example_trigger_target_dag.py took 0.057 seconds
[2024-02-19T12:33:15.490+0000] {processor.py:153} INFO - Started process (PID=2165) to work on /home/airflow/.local/lib/python3.7/site-packages/airflow/example_dags/example_trigger_target_dag.py
[2024-02-19T12:33:15.490+0000] {processor.py:743} INFO - Processing file /home/airflow/.local/lib/python3.7/site-packages/airflow/example_dags/example_trigger_target_dag.py for tasks to queue
[2024-02-19T12:33:15.491+0000] {logging_mixin.py:137} INFO - [2024-02-19T12:33:15.491+0000] {dagbag.py:538} INFO - Filling up the DagBag from /home/airflow/.local/lib/python3.7/site-packages/airflow/example_dags/example_trigger_target_dag.py
[2024-02-19T12:33:15.502+0000] {processor.py:753} INFO - DAG(s) dict_keys(['example_trigger_target_dag']) retrieved from /home/airflow/.local/lib/python3.7/site-packages/airflow/example_dags/example_trigger_target_dag.py
[2024-02-19T12:33:15.517+0000] {logging_mixin.py:137} INFO - [2024-02-19T12:33:15.517+0000] {dag.py:2690} INFO - Sync 1 DAGs
[2024-02-19T12:33:15.531+0000] {logging_mixin.py:137} INFO - [2024-02-19T12:33:15.531+0000] {dag.py:3441} INFO - Setting next_dagrun for example_trigger_target_dag to None, run_after=None
[2024-02-19T12:33:15.542+0000] {processor.py:175} INFO - Processing /home/airflow/.local/lib/python3.7/site-packages/airflow/example_dags/example_trigger_target_dag.py took 0.053 seconds
[2024-02-19T12:33:46.017+0000] {processor.py:153} INFO - Started process (PID=2300) to work on /home/airflow/.local/lib/python3.7/site-packages/airflow/example_dags/example_trigger_target_dag.py
[2024-02-19T12:33:46.017+0000] {processor.py:743} INFO - Processing file /home/airflow/.local/lib/python3.7/site-packages/airflow/example_dags/example_trigger_target_dag.py for tasks to queue
[2024-02-19T12:33:46.018+0000] {logging_mixin.py:137} INFO - [2024-02-19T12:33:46.018+0000] {dagbag.py:538} INFO - Filling up the DagBag from /home/airflow/.local/lib/python3.7/site-packages/airflow/example_dags/example_trigger_target_dag.py
[2024-02-19T12:33:46.030+0000] {processor.py:753} INFO - DAG(s) dict_keys(['example_trigger_target_dag']) retrieved from /home/airflow/.local/lib/python3.7/site-packages/airflow/example_dags/example_trigger_target_dag.py
[2024-02-19T12:33:46.044+0000] {logging_mixin.py:137} INFO - [2024-02-19T12:33:46.044+0000] {dag.py:2690} INFO - Sync 1 DAGs
[2024-02-19T12:33:46.057+0000] {logging_mixin.py:137} INFO - [2024-02-19T12:33:46.057+0000] {dag.py:3441} INFO - Setting next_dagrun for example_trigger_target_dag to None, run_after=None
[2024-02-19T12:33:46.068+0000] {processor.py:175} INFO - Processing /home/airflow/.local/lib/python3.7/site-packages/airflow/example_dags/example_trigger_target_dag.py took 0.053 seconds
[2024-02-19T12:34:16.436+0000] {processor.py:153} INFO - Started process (PID=2435) to work on /home/airflow/.local/lib/python3.7/site-packages/airflow/example_dags/example_trigger_target_dag.py
[2024-02-19T12:34:16.437+0000] {processor.py:743} INFO - Processing file /home/airflow/.local/lib/python3.7/site-packages/airflow/example_dags/example_trigger_target_dag.py for tasks to queue
[2024-02-19T12:34:16.438+0000] {logging_mixin.py:137} INFO - [2024-02-19T12:34:16.438+0000] {dagbag.py:538} INFO - Filling up the DagBag from /home/airflow/.local/lib/python3.7/site-packages/airflow/example_dags/example_trigger_target_dag.py
[2024-02-19T12:34:16.450+0000] {processor.py:753} INFO - DAG(s) dict_keys(['example_trigger_target_dag']) retrieved from /home/airflow/.local/lib/python3.7/site-packages/airflow/example_dags/example_trigger_target_dag.py
[2024-02-19T12:34:16.465+0000] {logging_mixin.py:137} INFO - [2024-02-19T12:34:16.465+0000] {dag.py:2690} INFO - Sync 1 DAGs
[2024-02-19T12:34:16.480+0000] {logging_mixin.py:137} INFO - [2024-02-19T12:34:16.480+0000] {dag.py:3441} INFO - Setting next_dagrun for example_trigger_target_dag to None, run_after=None
[2024-02-19T12:34:16.490+0000] {processor.py:175} INFO - Processing /home/airflow/.local/lib/python3.7/site-packages/airflow/example_dags/example_trigger_target_dag.py took 0.056 seconds
[2024-02-19T12:34:46.875+0000] {processor.py:153} INFO - Started process (PID=2538) to work on /home/airflow/.local/lib/python3.7/site-packages/airflow/example_dags/example_trigger_target_dag.py
[2024-02-19T12:34:46.876+0000] {processor.py:743} INFO - Processing file /home/airflow/.local/lib/python3.7/site-packages/airflow/example_dags/example_trigger_target_dag.py for tasks to queue
[2024-02-19T12:34:46.876+0000] {logging_mixin.py:137} INFO - [2024-02-19T12:34:46.876+0000] {dagbag.py:538} INFO - Filling up the DagBag from /home/airflow/.local/lib/python3.7/site-packages/airflow/example_dags/example_trigger_target_dag.py
[2024-02-19T12:34:46.888+0000] {processor.py:753} INFO - DAG(s) dict_keys(['example_trigger_target_dag']) retrieved from /home/airflow/.local/lib/python3.7/site-packages/airflow/example_dags/example_trigger_target_dag.py
[2024-02-19T12:34:46.901+0000] {logging_mixin.py:137} INFO - [2024-02-19T12:34:46.901+0000] {dag.py:2690} INFO - Sync 1 DAGs
[2024-02-19T12:34:46.915+0000] {logging_mixin.py:137} INFO - [2024-02-19T12:34:46.915+0000] {dag.py:3441} INFO - Setting next_dagrun for example_trigger_target_dag to None, run_after=None
[2024-02-19T12:34:46.926+0000] {processor.py:175} INFO - Processing /home/airflow/.local/lib/python3.7/site-packages/airflow/example_dags/example_trigger_target_dag.py took 0.053 seconds
[2024-02-19T12:35:17.431+0000] {processor.py:153} INFO - Started process (PID=2673) to work on /home/airflow/.local/lib/python3.7/site-packages/airflow/example_dags/example_trigger_target_dag.py
[2024-02-19T12:35:17.431+0000] {processor.py:743} INFO - Processing file /home/airflow/.local/lib/python3.7/site-packages/airflow/example_dags/example_trigger_target_dag.py for tasks to queue
[2024-02-19T12:35:17.431+0000] {logging_mixin.py:137} INFO - [2024-02-19T12:35:17.431+0000] {dagbag.py:538} INFO - Filling up the DagBag from /home/airflow/.local/lib/python3.7/site-packages/airflow/example_dags/example_trigger_target_dag.py
[2024-02-19T12:35:17.444+0000] {processor.py:753} INFO - DAG(s) dict_keys(['example_trigger_target_dag']) retrieved from /home/airflow/.local/lib/python3.7/site-packages/airflow/example_dags/example_trigger_target_dag.py
[2024-02-19T12:35:17.458+0000] {logging_mixin.py:137} INFO - [2024-02-19T12:35:17.458+0000] {dag.py:2690} INFO - Sync 1 DAGs
[2024-02-19T12:35:17.473+0000] {logging_mixin.py:137} INFO - [2024-02-19T12:35:17.473+0000] {dag.py:3441} INFO - Setting next_dagrun for example_trigger_target_dag to None, run_after=None
[2024-02-19T12:35:17.484+0000] {processor.py:175} INFO - Processing /home/airflow/.local/lib/python3.7/site-packages/airflow/example_dags/example_trigger_target_dag.py took 0.055 seconds
[2024-02-19T12:35:48.002+0000] {processor.py:153} INFO - Started process (PID=2808) to work on /home/airflow/.local/lib/python3.7/site-packages/airflow/example_dags/example_trigger_target_dag.py
[2024-02-19T12:35:48.002+0000] {processor.py:743} INFO - Processing file /home/airflow/.local/lib/python3.7/site-packages/airflow/example_dags/example_trigger_target_dag.py for tasks to queue
[2024-02-19T12:35:48.003+0000] {logging_mixin.py:137} INFO - [2024-02-19T12:35:48.002+0000] {dagbag.py:538} INFO - Filling up the DagBag from /home/airflow/.local/lib/python3.7/site-packages/airflow/example_dags/example_trigger_target_dag.py
[2024-02-19T12:35:48.014+0000] {processor.py:753} INFO - DAG(s) dict_keys(['example_trigger_target_dag']) retrieved from /home/airflow/.local/lib/python3.7/site-packages/airflow/example_dags/example_trigger_target_dag.py
[2024-02-19T12:35:48.027+0000] {logging_mixin.py:137} INFO - [2024-02-19T12:35:48.027+0000] {dag.py:2690} INFO - Sync 1 DAGs
[2024-02-19T12:35:48.041+0000] {logging_mixin.py:137} INFO - [2024-02-19T12:35:48.041+0000] {dag.py:3441} INFO - Setting next_dagrun for example_trigger_target_dag to None, run_after=None
[2024-02-19T12:35:48.052+0000] {processor.py:175} INFO - Processing /home/airflow/.local/lib/python3.7/site-packages/airflow/example_dags/example_trigger_target_dag.py took 0.052 seconds
[2024-02-19T12:36:18.511+0000] {processor.py:153} INFO - Started process (PID=2911) to work on /home/airflow/.local/lib/python3.7/site-packages/airflow/example_dags/example_trigger_target_dag.py
[2024-02-19T12:36:18.511+0000] {processor.py:743} INFO - Processing file /home/airflow/.local/lib/python3.7/site-packages/airflow/example_dags/example_trigger_target_dag.py for tasks to queue
[2024-02-19T12:36:18.511+0000] {logging_mixin.py:137} INFO - [2024-02-19T12:36:18.511+0000] {dagbag.py:538} INFO - Filling up the DagBag from /home/airflow/.local/lib/python3.7/site-packages/airflow/example_dags/example_trigger_target_dag.py
[2024-02-19T12:36:18.523+0000] {processor.py:753} INFO - DAG(s) dict_keys(['example_trigger_target_dag']) retrieved from /home/airflow/.local/lib/python3.7/site-packages/airflow/example_dags/example_trigger_target_dag.py
[2024-02-19T12:36:18.537+0000] {logging_mixin.py:137} INFO - [2024-02-19T12:36:18.537+0000] {dag.py:2690} INFO - Sync 1 DAGs
[2024-02-19T12:36:18.551+0000] {logging_mixin.py:137} INFO - [2024-02-19T12:36:18.551+0000] {dag.py:3441} INFO - Setting next_dagrun for example_trigger_target_dag to None, run_after=None
[2024-02-19T12:36:18.562+0000] {processor.py:175} INFO - Processing /home/airflow/.local/lib/python3.7/site-packages/airflow/example_dags/example_trigger_target_dag.py took 0.054 seconds
[2024-02-19T12:36:49.111+0000] {processor.py:153} INFO - Started process (PID=3046) to work on /home/airflow/.local/lib/python3.7/site-packages/airflow/example_dags/example_trigger_target_dag.py
[2024-02-19T12:36:49.112+0000] {processor.py:743} INFO - Processing file /home/airflow/.local/lib/python3.7/site-packages/airflow/example_dags/example_trigger_target_dag.py for tasks to queue
[2024-02-19T12:36:49.112+0000] {logging_mixin.py:137} INFO - [2024-02-19T12:36:49.112+0000] {dagbag.py:538} INFO - Filling up the DagBag from /home/airflow/.local/lib/python3.7/site-packages/airflow/example_dags/example_trigger_target_dag.py
[2024-02-19T12:36:49.126+0000] {processor.py:753} INFO - DAG(s) dict_keys(['example_trigger_target_dag']) retrieved from /home/airflow/.local/lib/python3.7/site-packages/airflow/example_dags/example_trigger_target_dag.py
[2024-02-19T12:36:49.141+0000] {logging_mixin.py:137} INFO - [2024-02-19T12:36:49.141+0000] {dag.py:2690} INFO - Sync 1 DAGs
[2024-02-19T12:36:49.155+0000] {logging_mixin.py:137} INFO - [2024-02-19T12:36:49.155+0000] {dag.py:3441} INFO - Setting next_dagrun for example_trigger_target_dag to None, run_after=None
[2024-02-19T12:36:49.166+0000] {processor.py:175} INFO - Processing /home/airflow/.local/lib/python3.7/site-packages/airflow/example_dags/example_trigger_target_dag.py took 0.056 seconds
[2024-02-19T12:37:19.602+0000] {processor.py:153} INFO - Started process (PID=3181) to work on /home/airflow/.local/lib/python3.7/site-packages/airflow/example_dags/example_trigger_target_dag.py
[2024-02-19T12:37:19.603+0000] {processor.py:743} INFO - Processing file /home/airflow/.local/lib/python3.7/site-packages/airflow/example_dags/example_trigger_target_dag.py for tasks to queue
[2024-02-19T12:37:19.603+0000] {logging_mixin.py:137} INFO - [2024-02-19T12:37:19.603+0000] {dagbag.py:538} INFO - Filling up the DagBag from /home/airflow/.local/lib/python3.7/site-packages/airflow/example_dags/example_trigger_target_dag.py
[2024-02-19T12:37:19.615+0000] {processor.py:753} INFO - DAG(s) dict_keys(['example_trigger_target_dag']) retrieved from /home/airflow/.local/lib/python3.7/site-packages/airflow/example_dags/example_trigger_target_dag.py
[2024-02-19T12:37:19.628+0000] {logging_mixin.py:137} INFO - [2024-02-19T12:37:19.628+0000] {dag.py:2690} INFO - Sync 1 DAGs
[2024-02-19T12:37:19.642+0000] {logging_mixin.py:137} INFO - [2024-02-19T12:37:19.642+0000] {dag.py:3441} INFO - Setting next_dagrun for example_trigger_target_dag to None, run_after=None
[2024-02-19T12:37:19.652+0000] {processor.py:175} INFO - Processing /home/airflow/.local/lib/python3.7/site-packages/airflow/example_dags/example_trigger_target_dag.py took 0.051 seconds
[2024-02-19T12:37:50.044+0000] {processor.py:153} INFO - Started process (PID=3284) to work on /home/airflow/.local/lib/python3.7/site-packages/airflow/example_dags/example_trigger_target_dag.py
[2024-02-19T12:37:50.044+0000] {processor.py:743} INFO - Processing file /home/airflow/.local/lib/python3.7/site-packages/airflow/example_dags/example_trigger_target_dag.py for tasks to queue
[2024-02-19T12:37:50.045+0000] {logging_mixin.py:137} INFO - [2024-02-19T12:37:50.044+0000] {dagbag.py:538} INFO - Filling up the DagBag from /home/airflow/.local/lib/python3.7/site-packages/airflow/example_dags/example_trigger_target_dag.py
[2024-02-19T12:37:50.057+0000] {processor.py:753} INFO - DAG(s) dict_keys(['example_trigger_target_dag']) retrieved from /home/airflow/.local/lib/python3.7/site-packages/airflow/example_dags/example_trigger_target_dag.py
[2024-02-19T12:37:50.070+0000] {logging_mixin.py:137} INFO - [2024-02-19T12:37:50.070+0000] {dag.py:2690} INFO - Sync 1 DAGs
[2024-02-19T12:37:50.085+0000] {logging_mixin.py:137} INFO - [2024-02-19T12:37:50.085+0000] {dag.py:3441} INFO - Setting next_dagrun for example_trigger_target_dag to None, run_after=None
[2024-02-19T12:37:50.097+0000] {processor.py:175} INFO - Processing /home/airflow/.local/lib/python3.7/site-packages/airflow/example_dags/example_trigger_target_dag.py took 0.055 seconds
[2024-02-19T12:38:20.487+0000] {processor.py:153} INFO - Started process (PID=3419) to work on /home/airflow/.local/lib/python3.7/site-packages/airflow/example_dags/example_trigger_target_dag.py
[2024-02-19T12:38:20.487+0000] {processor.py:743} INFO - Processing file /home/airflow/.local/lib/python3.7/site-packages/airflow/example_dags/example_trigger_target_dag.py for tasks to queue
[2024-02-19T12:38:20.488+0000] {logging_mixin.py:137} INFO - [2024-02-19T12:38:20.488+0000] {dagbag.py:538} INFO - Filling up the DagBag from /home/airflow/.local/lib/python3.7/site-packages/airflow/example_dags/example_trigger_target_dag.py
[2024-02-19T12:38:20.499+0000] {processor.py:753} INFO - DAG(s) dict_keys(['example_trigger_target_dag']) retrieved from /home/airflow/.local/lib/python3.7/site-packages/airflow/example_dags/example_trigger_target_dag.py
[2024-02-19T12:38:20.514+0000] {logging_mixin.py:137} INFO - [2024-02-19T12:38:20.514+0000] {dag.py:2690} INFO - Sync 1 DAGs
[2024-02-19T12:38:20.529+0000] {logging_mixin.py:137} INFO - [2024-02-19T12:38:20.529+0000] {dag.py:3441} INFO - Setting next_dagrun for example_trigger_target_dag to None, run_after=None
[2024-02-19T12:38:20.540+0000] {processor.py:175} INFO - Processing /home/airflow/.local/lib/python3.7/site-packages/airflow/example_dags/example_trigger_target_dag.py took 0.055 seconds
[2024-02-19T12:38:51.106+0000] {processor.py:153} INFO - Started process (PID=3554) to work on /home/airflow/.local/lib/python3.7/site-packages/airflow/example_dags/example_trigger_target_dag.py
[2024-02-19T12:38:51.106+0000] {processor.py:743} INFO - Processing file /home/airflow/.local/lib/python3.7/site-packages/airflow/example_dags/example_trigger_target_dag.py for tasks to queue
[2024-02-19T12:38:51.107+0000] {logging_mixin.py:137} INFO - [2024-02-19T12:38:51.107+0000] {dagbag.py:538} INFO - Filling up the DagBag from /home/airflow/.local/lib/python3.7/site-packages/airflow/example_dags/example_trigger_target_dag.py
[2024-02-19T12:38:51.119+0000] {processor.py:753} INFO - DAG(s) dict_keys(['example_trigger_target_dag']) retrieved from /home/airflow/.local/lib/python3.7/site-packages/airflow/example_dags/example_trigger_target_dag.py
[2024-02-19T12:38:51.133+0000] {logging_mixin.py:137} INFO - [2024-02-19T12:38:51.132+0000] {dag.py:2690} INFO - Sync 1 DAGs
[2024-02-19T12:38:51.147+0000] {logging_mixin.py:137} INFO - [2024-02-19T12:38:51.147+0000] {dag.py:3441} INFO - Setting next_dagrun for example_trigger_target_dag to None, run_after=None
[2024-02-19T12:38:51.157+0000] {processor.py:175} INFO - Processing /home/airflow/.local/lib/python3.7/site-packages/airflow/example_dags/example_trigger_target_dag.py took 0.053 seconds
[2024-02-19T12:39:21.660+0000] {processor.py:153} INFO - Started process (PID=3657) to work on /home/airflow/.local/lib/python3.7/site-packages/airflow/example_dags/example_trigger_target_dag.py
[2024-02-19T12:39:21.660+0000] {processor.py:743} INFO - Processing file /home/airflow/.local/lib/python3.7/site-packages/airflow/example_dags/example_trigger_target_dag.py for tasks to queue
[2024-02-19T12:39:21.660+0000] {logging_mixin.py:137} INFO - [2024-02-19T12:39:21.660+0000] {dagbag.py:538} INFO - Filling up the DagBag from /home/airflow/.local/lib/python3.7/site-packages/airflow/example_dags/example_trigger_target_dag.py
[2024-02-19T12:39:21.672+0000] {processor.py:753} INFO - DAG(s) dict_keys(['example_trigger_target_dag']) retrieved from /home/airflow/.local/lib/python3.7/site-packages/airflow/example_dags/example_trigger_target_dag.py
[2024-02-19T12:39:21.686+0000] {logging_mixin.py:137} INFO - [2024-02-19T12:39:21.686+0000] {dag.py:2690} INFO - Sync 1 DAGs
[2024-02-19T12:39:21.699+0000] {logging_mixin.py:137} INFO - [2024-02-19T12:39:21.699+0000] {dag.py:3441} INFO - Setting next_dagrun for example_trigger_target_dag to None, run_after=None
[2024-02-19T12:39:21.710+0000] {processor.py:175} INFO - Processing /home/airflow/.local/lib/python3.7/site-packages/airflow/example_dags/example_trigger_target_dag.py took 0.052 seconds
[2024-02-19T12:39:52.195+0000] {processor.py:153} INFO - Started process (PID=3792) to work on /home/airflow/.local/lib/python3.7/site-packages/airflow/example_dags/example_trigger_target_dag.py
[2024-02-19T12:39:52.196+0000] {processor.py:743} INFO - Processing file /home/airflow/.local/lib/python3.7/site-packages/airflow/example_dags/example_trigger_target_dag.py for tasks to queue
[2024-02-19T12:39:52.196+0000] {logging_mixin.py:137} INFO - [2024-02-19T12:39:52.196+0000] {dagbag.py:538} INFO - Filling up the DagBag from /home/airflow/.local/lib/python3.7/site-packages/airflow/example_dags/example_trigger_target_dag.py
[2024-02-19T12:39:52.209+0000] {processor.py:753} INFO - DAG(s) dict_keys(['example_trigger_target_dag']) retrieved from /home/airflow/.local/lib/python3.7/site-packages/airflow/example_dags/example_trigger_target_dag.py
[2024-02-19T12:39:52.223+0000] {logging_mixin.py:137} INFO - [2024-02-19T12:39:52.223+0000] {dag.py:2690} INFO - Sync 1 DAGs
[2024-02-19T12:39:52.238+0000] {logging_mixin.py:137} INFO - [2024-02-19T12:39:52.238+0000] {dag.py:3441} INFO - Setting next_dagrun for example_trigger_target_dag to None, run_after=None
[2024-02-19T12:39:52.249+0000] {processor.py:175} INFO - Processing /home/airflow/.local/lib/python3.7/site-packages/airflow/example_dags/example_trigger_target_dag.py took 0.055 seconds
[2024-02-19T12:40:22.724+0000] {processor.py:153} INFO - Started process (PID=3927) to work on /home/airflow/.local/lib/python3.7/site-packages/airflow/example_dags/example_trigger_target_dag.py
[2024-02-19T12:40:22.725+0000] {processor.py:743} INFO - Processing file /home/airflow/.local/lib/python3.7/site-packages/airflow/example_dags/example_trigger_target_dag.py for tasks to queue
[2024-02-19T12:40:22.725+0000] {logging_mixin.py:137} INFO - [2024-02-19T12:40:22.725+0000] {dagbag.py:538} INFO - Filling up the DagBag from /home/airflow/.local/lib/python3.7/site-packages/airflow/example_dags/example_trigger_target_dag.py
[2024-02-19T12:40:22.739+0000] {processor.py:753} INFO - DAG(s) dict_keys(['example_trigger_target_dag']) retrieved from /home/airflow/.local/lib/python3.7/site-packages/airflow/example_dags/example_trigger_target_dag.py
[2024-02-19T12:40:22.754+0000] {logging_mixin.py:137} INFO - [2024-02-19T12:40:22.754+0000] {dag.py:2690} INFO - Sync 1 DAGs
[2024-02-19T12:40:22.769+0000] {logging_mixin.py:137} INFO - [2024-02-19T12:40:22.768+0000] {dag.py:3441} INFO - Setting next_dagrun for example_trigger_target_dag to None, run_after=None
[2024-02-19T12:40:22.780+0000] {processor.py:175} INFO - Processing /home/airflow/.local/lib/python3.7/site-packages/airflow/example_dags/example_trigger_target_dag.py took 0.057 seconds
[2024-02-19T12:40:53.202+0000] {processor.py:153} INFO - Started process (PID=4031) to work on /home/airflow/.local/lib/python3.7/site-packages/airflow/example_dags/example_trigger_target_dag.py
[2024-02-19T12:40:53.203+0000] {processor.py:743} INFO - Processing file /home/airflow/.local/lib/python3.7/site-packages/airflow/example_dags/example_trigger_target_dag.py for tasks to queue
[2024-02-19T12:40:53.203+0000] {logging_mixin.py:137} INFO - [2024-02-19T12:40:53.203+0000] {dagbag.py:538} INFO - Filling up the DagBag from /home/airflow/.local/lib/python3.7/site-packages/airflow/example_dags/example_trigger_target_dag.py
[2024-02-19T12:40:53.216+0000] {processor.py:753} INFO - DAG(s) dict_keys(['example_trigger_target_dag']) retrieved from /home/airflow/.local/lib/python3.7/site-packages/airflow/example_dags/example_trigger_target_dag.py
[2024-02-19T12:40:53.231+0000] {logging_mixin.py:137} INFO - [2024-02-19T12:40:53.230+0000] {dag.py:2690} INFO - Sync 1 DAGs
[2024-02-19T12:40:53.245+0000] {logging_mixin.py:137} INFO - [2024-02-19T12:40:53.245+0000] {dag.py:3441} INFO - Setting next_dagrun for example_trigger_target_dag to None, run_after=None
[2024-02-19T12:40:53.255+0000] {processor.py:175} INFO - Processing /home/airflow/.local/lib/python3.7/site-packages/airflow/example_dags/example_trigger_target_dag.py took 0.055 seconds
[2024-02-19T12:41:23.626+0000] {processor.py:153} INFO - Started process (PID=4166) to work on /home/airflow/.local/lib/python3.7/site-packages/airflow/example_dags/example_trigger_target_dag.py
[2024-02-19T12:41:23.627+0000] {processor.py:743} INFO - Processing file /home/airflow/.local/lib/python3.7/site-packages/airflow/example_dags/example_trigger_target_dag.py for tasks to queue
[2024-02-19T12:41:23.627+0000] {logging_mixin.py:137} INFO - [2024-02-19T12:41:23.627+0000] {dagbag.py:538} INFO - Filling up the DagBag from /home/airflow/.local/lib/python3.7/site-packages/airflow/example_dags/example_trigger_target_dag.py
[2024-02-19T12:41:23.639+0000] {processor.py:753} INFO - DAG(s) dict_keys(['example_trigger_target_dag']) retrieved from /home/airflow/.local/lib/python3.7/site-packages/airflow/example_dags/example_trigger_target_dag.py
[2024-02-19T12:41:23.652+0000] {logging_mixin.py:137} INFO - [2024-02-19T12:41:23.652+0000] {dag.py:2690} INFO - Sync 1 DAGs
[2024-02-19T12:41:23.666+0000] {logging_mixin.py:137} INFO - [2024-02-19T12:41:23.666+0000] {dag.py:3441} INFO - Setting next_dagrun for example_trigger_target_dag to None, run_after=None
[2024-02-19T12:41:23.677+0000] {processor.py:175} INFO - Processing /home/airflow/.local/lib/python3.7/site-packages/airflow/example_dags/example_trigger_target_dag.py took 0.053 seconds
[2024-02-19T12:41:54.181+0000] {processor.py:153} INFO - Started process (PID=4301) to work on /home/airflow/.local/lib/python3.7/site-packages/airflow/example_dags/example_trigger_target_dag.py
[2024-02-19T12:41:54.182+0000] {processor.py:743} INFO - Processing file /home/airflow/.local/lib/python3.7/site-packages/airflow/example_dags/example_trigger_target_dag.py for tasks to queue
[2024-02-19T12:41:54.182+0000] {logging_mixin.py:137} INFO - [2024-02-19T12:41:54.182+0000] {dagbag.py:538} INFO - Filling up the DagBag from /home/airflow/.local/lib/python3.7/site-packages/airflow/example_dags/example_trigger_target_dag.py
[2024-02-19T12:41:54.194+0000] {processor.py:753} INFO - DAG(s) dict_keys(['example_trigger_target_dag']) retrieved from /home/airflow/.local/lib/python3.7/site-packages/airflow/example_dags/example_trigger_target_dag.py
[2024-02-19T12:41:54.209+0000] {logging_mixin.py:137} INFO - [2024-02-19T12:41:54.209+0000] {dag.py:2690} INFO - Sync 1 DAGs
[2024-02-19T12:41:54.225+0000] {logging_mixin.py:137} INFO - [2024-02-19T12:41:54.225+0000] {dag.py:3441} INFO - Setting next_dagrun for example_trigger_target_dag to None, run_after=None
[2024-02-19T12:41:54.239+0000] {processor.py:175} INFO - Processing /home/airflow/.local/lib/python3.7/site-packages/airflow/example_dags/example_trigger_target_dag.py took 0.060 seconds
[2024-02-19T12:42:24.883+0000] {processor.py:153} INFO - Started process (PID=4404) to work on /home/airflow/.local/lib/python3.7/site-packages/airflow/example_dags/example_trigger_target_dag.py
[2024-02-19T12:42:24.884+0000] {processor.py:743} INFO - Processing file /home/airflow/.local/lib/python3.7/site-packages/airflow/example_dags/example_trigger_target_dag.py for tasks to queue
[2024-02-19T12:42:24.884+0000] {logging_mixin.py:137} INFO - [2024-02-19T12:42:24.884+0000] {dagbag.py:538} INFO - Filling up the DagBag from /home/airflow/.local/lib/python3.7/site-packages/airflow/example_dags/example_trigger_target_dag.py
[2024-02-19T12:42:24.896+0000] {processor.py:753} INFO - DAG(s) dict_keys(['example_trigger_target_dag']) retrieved from /home/airflow/.local/lib/python3.7/site-packages/airflow/example_dags/example_trigger_target_dag.py
[2024-02-19T12:42:24.911+0000] {logging_mixin.py:137} INFO - [2024-02-19T12:42:24.911+0000] {dag.py:2690} INFO - Sync 1 DAGs
[2024-02-19T12:42:24.925+0000] {logging_mixin.py:137} INFO - [2024-02-19T12:42:24.925+0000] {dag.py:3441} INFO - Setting next_dagrun for example_trigger_target_dag to None, run_after=None
[2024-02-19T12:42:24.935+0000] {processor.py:175} INFO - Processing /home/airflow/.local/lib/python3.7/site-packages/airflow/example_dags/example_trigger_target_dag.py took 0.054 seconds
[2024-02-19T12:42:55.355+0000] {processor.py:153} INFO - Started process (PID=4539) to work on /home/airflow/.local/lib/python3.7/site-packages/airflow/example_dags/example_trigger_target_dag.py
[2024-02-19T12:42:55.356+0000] {processor.py:743} INFO - Processing file /home/airflow/.local/lib/python3.7/site-packages/airflow/example_dags/example_trigger_target_dag.py for tasks to queue
[2024-02-19T12:42:55.356+0000] {logging_mixin.py:137} INFO - [2024-02-19T12:42:55.356+0000] {dagbag.py:538} INFO - Filling up the DagBag from /home/airflow/.local/lib/python3.7/site-packages/airflow/example_dags/example_trigger_target_dag.py
[2024-02-19T12:42:55.368+0000] {processor.py:753} INFO - DAG(s) dict_keys(['example_trigger_target_dag']) retrieved from /home/airflow/.local/lib/python3.7/site-packages/airflow/example_dags/example_trigger_target_dag.py
[2024-02-19T12:42:55.383+0000] {logging_mixin.py:137} INFO - [2024-02-19T12:42:55.383+0000] {dag.py:2690} INFO - Sync 1 DAGs
[2024-02-19T12:42:55.397+0000] {logging_mixin.py:137} INFO - [2024-02-19T12:42:55.397+0000] {dag.py:3441} INFO - Setting next_dagrun for example_trigger_target_dag to None, run_after=None
[2024-02-19T12:42:55.408+0000] {processor.py:175} INFO - Processing /home/airflow/.local/lib/python3.7/site-packages/airflow/example_dags/example_trigger_target_dag.py took 0.054 seconds
[2024-02-19T12:43:26.023+0000] {processor.py:153} INFO - Started process (PID=4651) to work on /home/airflow/.local/lib/python3.7/site-packages/airflow/example_dags/example_trigger_target_dag.py
[2024-02-19T12:43:26.024+0000] {processor.py:743} INFO - Processing file /home/airflow/.local/lib/python3.7/site-packages/airflow/example_dags/example_trigger_target_dag.py for tasks to queue
[2024-02-19T12:43:26.024+0000] {logging_mixin.py:137} INFO - [2024-02-19T12:43:26.024+0000] {dagbag.py:538} INFO - Filling up the DagBag from /home/airflow/.local/lib/python3.7/site-packages/airflow/example_dags/example_trigger_target_dag.py
[2024-02-19T12:43:26.038+0000] {processor.py:753} INFO - DAG(s) dict_keys(['example_trigger_target_dag']) retrieved from /home/airflow/.local/lib/python3.7/site-packages/airflow/example_dags/example_trigger_target_dag.py
[2024-02-19T12:43:26.054+0000] {logging_mixin.py:137} INFO - [2024-02-19T12:43:26.054+0000] {dag.py:2690} INFO - Sync 1 DAGs
[2024-02-19T12:43:26.072+0000] {logging_mixin.py:137} INFO - [2024-02-19T12:43:26.072+0000] {dag.py:3441} INFO - Setting next_dagrun for example_trigger_target_dag to None, run_after=None
[2024-02-19T12:43:26.085+0000] {processor.py:175} INFO - Processing /home/airflow/.local/lib/python3.7/site-packages/airflow/example_dags/example_trigger_target_dag.py took 0.064 seconds
[2024-02-19T12:43:56.673+0000] {processor.py:153} INFO - Started process (PID=4777) to work on /home/airflow/.local/lib/python3.7/site-packages/airflow/example_dags/example_trigger_target_dag.py
[2024-02-19T12:43:56.674+0000] {processor.py:743} INFO - Processing file /home/airflow/.local/lib/python3.7/site-packages/airflow/example_dags/example_trigger_target_dag.py for tasks to queue
[2024-02-19T12:43:56.674+0000] {logging_mixin.py:137} INFO - [2024-02-19T12:43:56.674+0000] {dagbag.py:538} INFO - Filling up the DagBag from /home/airflow/.local/lib/python3.7/site-packages/airflow/example_dags/example_trigger_target_dag.py
[2024-02-19T12:43:56.686+0000] {processor.py:753} INFO - DAG(s) dict_keys(['example_trigger_target_dag']) retrieved from /home/airflow/.local/lib/python3.7/site-packages/airflow/example_dags/example_trigger_target_dag.py
[2024-02-19T12:43:56.700+0000] {logging_mixin.py:137} INFO - [2024-02-19T12:43:56.700+0000] {dag.py:2690} INFO - Sync 1 DAGs
[2024-02-19T12:43:56.715+0000] {logging_mixin.py:137} INFO - [2024-02-19T12:43:56.715+0000] {dag.py:3441} INFO - Setting next_dagrun for example_trigger_target_dag to None, run_after=None
[2024-02-19T12:43:56.725+0000] {processor.py:175} INFO - Processing /home/airflow/.local/lib/python3.7/site-packages/airflow/example_dags/example_trigger_target_dag.py took 0.054 seconds
[2024-02-19T12:44:27.098+0000] {processor.py:153} INFO - Started process (PID=4911) to work on /home/airflow/.local/lib/python3.7/site-packages/airflow/example_dags/example_trigger_target_dag.py
[2024-02-19T12:44:27.099+0000] {processor.py:743} INFO - Processing file /home/airflow/.local/lib/python3.7/site-packages/airflow/example_dags/example_trigger_target_dag.py for tasks to queue
[2024-02-19T12:44:27.099+0000] {logging_mixin.py:137} INFO - [2024-02-19T12:44:27.099+0000] {dagbag.py:538} INFO - Filling up the DagBag from /home/airflow/.local/lib/python3.7/site-packages/airflow/example_dags/example_trigger_target_dag.py
[2024-02-19T12:44:27.112+0000] {processor.py:753} INFO - DAG(s) dict_keys(['example_trigger_target_dag']) retrieved from /home/airflow/.local/lib/python3.7/site-packages/airflow/example_dags/example_trigger_target_dag.py
[2024-02-19T12:44:27.128+0000] {logging_mixin.py:137} INFO - [2024-02-19T12:44:27.128+0000] {dag.py:2690} INFO - Sync 1 DAGs
[2024-02-19T12:44:27.143+0000] {logging_mixin.py:137} INFO - [2024-02-19T12:44:27.143+0000] {dag.py:3441} INFO - Setting next_dagrun for example_trigger_target_dag to None, run_after=None
[2024-02-19T12:44:27.154+0000] {processor.py:175} INFO - Processing /home/airflow/.local/lib/python3.7/site-packages/airflow/example_dags/example_trigger_target_dag.py took 0.057 seconds
[2024-02-19T12:44:57.638+0000] {processor.py:153} INFO - Started process (PID=5023) to work on /home/airflow/.local/lib/python3.7/site-packages/airflow/example_dags/example_trigger_target_dag.py
[2024-02-19T12:44:57.639+0000] {processor.py:743} INFO - Processing file /home/airflow/.local/lib/python3.7/site-packages/airflow/example_dags/example_trigger_target_dag.py for tasks to queue
[2024-02-19T12:44:57.639+0000] {logging_mixin.py:137} INFO - [2024-02-19T12:44:57.639+0000] {dagbag.py:538} INFO - Filling up the DagBag from /home/airflow/.local/lib/python3.7/site-packages/airflow/example_dags/example_trigger_target_dag.py
[2024-02-19T12:44:57.652+0000] {processor.py:753} INFO - DAG(s) dict_keys(['example_trigger_target_dag']) retrieved from /home/airflow/.local/lib/python3.7/site-packages/airflow/example_dags/example_trigger_target_dag.py
[2024-02-19T12:44:57.667+0000] {logging_mixin.py:137} INFO - [2024-02-19T12:44:57.666+0000] {dag.py:2690} INFO - Sync 1 DAGs
[2024-02-19T12:44:57.681+0000] {logging_mixin.py:137} INFO - [2024-02-19T12:44:57.681+0000] {dag.py:3441} INFO - Setting next_dagrun for example_trigger_target_dag to None, run_after=None
[2024-02-19T12:44:57.693+0000] {processor.py:175} INFO - Processing /home/airflow/.local/lib/python3.7/site-packages/airflow/example_dags/example_trigger_target_dag.py took 0.056 seconds
[2024-02-19T12:45:28.394+0000] {processor.py:153} INFO - Started process (PID=5149) to work on /home/airflow/.local/lib/python3.7/site-packages/airflow/example_dags/example_trigger_target_dag.py
[2024-02-19T12:45:28.395+0000] {processor.py:743} INFO - Processing file /home/airflow/.local/lib/python3.7/site-packages/airflow/example_dags/example_trigger_target_dag.py for tasks to queue
[2024-02-19T12:45:28.395+0000] {logging_mixin.py:137} INFO - [2024-02-19T12:45:28.395+0000] {dagbag.py:538} INFO - Filling up the DagBag from /home/airflow/.local/lib/python3.7/site-packages/airflow/example_dags/example_trigger_target_dag.py
[2024-02-19T12:45:28.408+0000] {processor.py:753} INFO - DAG(s) dict_keys(['example_trigger_target_dag']) retrieved from /home/airflow/.local/lib/python3.7/site-packages/airflow/example_dags/example_trigger_target_dag.py
[2024-02-19T12:45:28.422+0000] {logging_mixin.py:137} INFO - [2024-02-19T12:45:28.422+0000] {dag.py:2690} INFO - Sync 1 DAGs
[2024-02-19T12:45:28.437+0000] {logging_mixin.py:137} INFO - [2024-02-19T12:45:28.437+0000] {dag.py:3441} INFO - Setting next_dagrun for example_trigger_target_dag to None, run_after=None
[2024-02-19T12:45:28.447+0000] {processor.py:175} INFO - Processing /home/airflow/.local/lib/python3.7/site-packages/airflow/example_dags/example_trigger_target_dag.py took 0.055 seconds
[2024-02-19T12:45:58.926+0000] {processor.py:153} INFO - Started process (PID=5284) to work on /home/airflow/.local/lib/python3.7/site-packages/airflow/example_dags/example_trigger_target_dag.py
[2024-02-19T12:45:58.926+0000] {processor.py:743} INFO - Processing file /home/airflow/.local/lib/python3.7/site-packages/airflow/example_dags/example_trigger_target_dag.py for tasks to queue
[2024-02-19T12:45:58.926+0000] {logging_mixin.py:137} INFO - [2024-02-19T12:45:58.926+0000] {dagbag.py:538} INFO - Filling up the DagBag from /home/airflow/.local/lib/python3.7/site-packages/airflow/example_dags/example_trigger_target_dag.py
[2024-02-19T12:45:58.938+0000] {processor.py:753} INFO - DAG(s) dict_keys(['example_trigger_target_dag']) retrieved from /home/airflow/.local/lib/python3.7/site-packages/airflow/example_dags/example_trigger_target_dag.py
[2024-02-19T12:45:58.954+0000] {logging_mixin.py:137} INFO - [2024-02-19T12:45:58.953+0000] {dag.py:2690} INFO - Sync 1 DAGs
[2024-02-19T12:45:58.968+0000] {logging_mixin.py:137} INFO - [2024-02-19T12:45:58.968+0000] {dag.py:3441} INFO - Setting next_dagrun for example_trigger_target_dag to None, run_after=None
[2024-02-19T12:45:58.979+0000] {processor.py:175} INFO - Processing /home/airflow/.local/lib/python3.7/site-packages/airflow/example_dags/example_trigger_target_dag.py took 0.055 seconds
[2024-02-19T12:46:29.379+0000] {processor.py:153} INFO - Started process (PID=5396) to work on /home/airflow/.local/lib/python3.7/site-packages/airflow/example_dags/example_trigger_target_dag.py
[2024-02-19T12:46:29.380+0000] {processor.py:743} INFO - Processing file /home/airflow/.local/lib/python3.7/site-packages/airflow/example_dags/example_trigger_target_dag.py for tasks to queue
[2024-02-19T12:46:29.380+0000] {logging_mixin.py:137} INFO - [2024-02-19T12:46:29.380+0000] {dagbag.py:538} INFO - Filling up the DagBag from /home/airflow/.local/lib/python3.7/site-packages/airflow/example_dags/example_trigger_target_dag.py
[2024-02-19T12:46:29.393+0000] {processor.py:753} INFO - DAG(s) dict_keys(['example_trigger_target_dag']) retrieved from /home/airflow/.local/lib/python3.7/site-packages/airflow/example_dags/example_trigger_target_dag.py
[2024-02-19T12:46:29.408+0000] {logging_mixin.py:137} INFO - [2024-02-19T12:46:29.408+0000] {dag.py:2690} INFO - Sync 1 DAGs
[2024-02-19T12:46:29.423+0000] {logging_mixin.py:137} INFO - [2024-02-19T12:46:29.423+0000] {dag.py:3441} INFO - Setting next_dagrun for example_trigger_target_dag to None, run_after=None
[2024-02-19T12:46:29.435+0000] {processor.py:175} INFO - Processing /home/airflow/.local/lib/python3.7/site-packages/airflow/example_dags/example_trigger_target_dag.py took 0.058 seconds
[2024-02-19T12:47:00.110+0000] {processor.py:153} INFO - Started process (PID=5522) to work on /home/airflow/.local/lib/python3.7/site-packages/airflow/example_dags/example_trigger_target_dag.py
[2024-02-19T12:47:00.110+0000] {processor.py:743} INFO - Processing file /home/airflow/.local/lib/python3.7/site-packages/airflow/example_dags/example_trigger_target_dag.py for tasks to queue
[2024-02-19T12:47:00.111+0000] {logging_mixin.py:137} INFO - [2024-02-19T12:47:00.111+0000] {dagbag.py:538} INFO - Filling up the DagBag from /home/airflow/.local/lib/python3.7/site-packages/airflow/example_dags/example_trigger_target_dag.py
[2024-02-19T12:47:00.123+0000] {processor.py:753} INFO - DAG(s) dict_keys(['example_trigger_target_dag']) retrieved from /home/airflow/.local/lib/python3.7/site-packages/airflow/example_dags/example_trigger_target_dag.py
[2024-02-19T12:47:00.136+0000] {logging_mixin.py:137} INFO - [2024-02-19T12:47:00.136+0000] {dag.py:2690} INFO - Sync 1 DAGs
[2024-02-19T12:47:00.150+0000] {logging_mixin.py:137} INFO - [2024-02-19T12:47:00.150+0000] {dag.py:3441} INFO - Setting next_dagrun for example_trigger_target_dag to None, run_after=None
[2024-02-19T12:47:00.162+0000] {processor.py:175} INFO - Processing /home/airflow/.local/lib/python3.7/site-packages/airflow/example_dags/example_trigger_target_dag.py took 0.054 seconds
[2024-02-19T12:47:30.557+0000] {processor.py:153} INFO - Started process (PID=5657) to work on /home/airflow/.local/lib/python3.7/site-packages/airflow/example_dags/example_trigger_target_dag.py
[2024-02-19T12:47:30.557+0000] {processor.py:743} INFO - Processing file /home/airflow/.local/lib/python3.7/site-packages/airflow/example_dags/example_trigger_target_dag.py for tasks to queue
[2024-02-19T12:47:30.558+0000] {logging_mixin.py:137} INFO - [2024-02-19T12:47:30.558+0000] {dagbag.py:538} INFO - Filling up the DagBag from /home/airflow/.local/lib/python3.7/site-packages/airflow/example_dags/example_trigger_target_dag.py
[2024-02-19T12:47:30.570+0000] {processor.py:753} INFO - DAG(s) dict_keys(['example_trigger_target_dag']) retrieved from /home/airflow/.local/lib/python3.7/site-packages/airflow/example_dags/example_trigger_target_dag.py
[2024-02-19T12:47:30.584+0000] {logging_mixin.py:137} INFO - [2024-02-19T12:47:30.583+0000] {dag.py:2690} INFO - Sync 1 DAGs
[2024-02-19T12:47:30.598+0000] {logging_mixin.py:137} INFO - [2024-02-19T12:47:30.598+0000] {dag.py:3441} INFO - Setting next_dagrun for example_trigger_target_dag to None, run_after=None
[2024-02-19T12:47:30.609+0000] {processor.py:175} INFO - Processing /home/airflow/.local/lib/python3.7/site-packages/airflow/example_dags/example_trigger_target_dag.py took 0.053 seconds
[2024-02-19T12:48:01.015+0000] {processor.py:153} INFO - Started process (PID=5769) to work on /home/airflow/.local/lib/python3.7/site-packages/airflow/example_dags/example_trigger_target_dag.py
[2024-02-19T12:48:01.016+0000] {processor.py:743} INFO - Processing file /home/airflow/.local/lib/python3.7/site-packages/airflow/example_dags/example_trigger_target_dag.py for tasks to queue
[2024-02-19T12:48:01.016+0000] {logging_mixin.py:137} INFO - [2024-02-19T12:48:01.016+0000] {dagbag.py:538} INFO - Filling up the DagBag from /home/airflow/.local/lib/python3.7/site-packages/airflow/example_dags/example_trigger_target_dag.py
[2024-02-19T12:48:01.029+0000] {processor.py:753} INFO - DAG(s) dict_keys(['example_trigger_target_dag']) retrieved from /home/airflow/.local/lib/python3.7/site-packages/airflow/example_dags/example_trigger_target_dag.py
[2024-02-19T12:48:01.043+0000] {logging_mixin.py:137} INFO - [2024-02-19T12:48:01.043+0000] {dag.py:2690} INFO - Sync 1 DAGs
[2024-02-19T12:48:01.058+0000] {logging_mixin.py:137} INFO - [2024-02-19T12:48:01.058+0000] {dag.py:3441} INFO - Setting next_dagrun for example_trigger_target_dag to None, run_after=None
[2024-02-19T12:48:01.070+0000] {processor.py:175} INFO - Processing /home/airflow/.local/lib/python3.7/site-packages/airflow/example_dags/example_trigger_target_dag.py took 0.057 seconds
[2024-02-19T12:48:31.731+0000] {processor.py:153} INFO - Started process (PID=5895) to work on /home/airflow/.local/lib/python3.7/site-packages/airflow/example_dags/example_trigger_target_dag.py
[2024-02-19T12:48:31.731+0000] {processor.py:743} INFO - Processing file /home/airflow/.local/lib/python3.7/site-packages/airflow/example_dags/example_trigger_target_dag.py for tasks to queue
[2024-02-19T12:48:31.732+0000] {logging_mixin.py:137} INFO - [2024-02-19T12:48:31.732+0000] {dagbag.py:538} INFO - Filling up the DagBag from /home/airflow/.local/lib/python3.7/site-packages/airflow/example_dags/example_trigger_target_dag.py
[2024-02-19T12:48:31.745+0000] {processor.py:753} INFO - DAG(s) dict_keys(['example_trigger_target_dag']) retrieved from /home/airflow/.local/lib/python3.7/site-packages/airflow/example_dags/example_trigger_target_dag.py
[2024-02-19T12:48:31.759+0000] {logging_mixin.py:137} INFO - [2024-02-19T12:48:31.759+0000] {dag.py:2690} INFO - Sync 1 DAGs
[2024-02-19T12:48:31.773+0000] {logging_mixin.py:137} INFO - [2024-02-19T12:48:31.773+0000] {dag.py:3441} INFO - Setting next_dagrun for example_trigger_target_dag to None, run_after=None
[2024-02-19T12:48:31.785+0000] {processor.py:175} INFO - Processing /home/airflow/.local/lib/python3.7/site-packages/airflow/example_dags/example_trigger_target_dag.py took 0.056 seconds
[2024-02-19T12:49:02.328+0000] {processor.py:153} INFO - Started process (PID=6030) to work on /home/airflow/.local/lib/python3.7/site-packages/airflow/example_dags/example_trigger_target_dag.py
[2024-02-19T12:49:02.329+0000] {processor.py:743} INFO - Processing file /home/airflow/.local/lib/python3.7/site-packages/airflow/example_dags/example_trigger_target_dag.py for tasks to queue
[2024-02-19T12:49:02.329+0000] {logging_mixin.py:137} INFO - [2024-02-19T12:49:02.329+0000] {dagbag.py:538} INFO - Filling up the DagBag from /home/airflow/.local/lib/python3.7/site-packages/airflow/example_dags/example_trigger_target_dag.py
[2024-02-19T12:49:02.341+0000] {processor.py:753} INFO - DAG(s) dict_keys(['example_trigger_target_dag']) retrieved from /home/airflow/.local/lib/python3.7/site-packages/airflow/example_dags/example_trigger_target_dag.py
[2024-02-19T12:49:02.355+0000] {logging_mixin.py:137} INFO - [2024-02-19T12:49:02.355+0000] {dag.py:2690} INFO - Sync 1 DAGs
[2024-02-19T12:49:02.370+0000] {logging_mixin.py:137} INFO - [2024-02-19T12:49:02.370+0000] {dag.py:3441} INFO - Setting next_dagrun for example_trigger_target_dag to None, run_after=None
[2024-02-19T12:49:02.381+0000] {processor.py:175} INFO - Processing /home/airflow/.local/lib/python3.7/site-packages/airflow/example_dags/example_trigger_target_dag.py took 0.054 seconds
[2024-02-19T12:49:32.830+0000] {processor.py:153} INFO - Started process (PID=6142) to work on /home/airflow/.local/lib/python3.7/site-packages/airflow/example_dags/example_trigger_target_dag.py
[2024-02-19T12:49:32.831+0000] {processor.py:743} INFO - Processing file /home/airflow/.local/lib/python3.7/site-packages/airflow/example_dags/example_trigger_target_dag.py for tasks to queue
[2024-02-19T12:49:32.831+0000] {logging_mixin.py:137} INFO - [2024-02-19T12:49:32.831+0000] {dagbag.py:538} INFO - Filling up the DagBag from /home/airflow/.local/lib/python3.7/site-packages/airflow/example_dags/example_trigger_target_dag.py
[2024-02-19T12:49:32.843+0000] {processor.py:753} INFO - DAG(s) dict_keys(['example_trigger_target_dag']) retrieved from /home/airflow/.local/lib/python3.7/site-packages/airflow/example_dags/example_trigger_target_dag.py
[2024-02-19T12:49:32.858+0000] {logging_mixin.py:137} INFO - [2024-02-19T12:49:32.857+0000] {dag.py:2690} INFO - Sync 1 DAGs
[2024-02-19T12:49:32.872+0000] {logging_mixin.py:137} INFO - [2024-02-19T12:49:32.871+0000] {dag.py:3441} INFO - Setting next_dagrun for example_trigger_target_dag to None, run_after=None
[2024-02-19T12:49:32.882+0000] {processor.py:175} INFO - Processing /home/airflow/.local/lib/python3.7/site-packages/airflow/example_dags/example_trigger_target_dag.py took 0.054 seconds
[2024-02-19T12:50:03.540+0000] {processor.py:153} INFO - Started process (PID=6268) to work on /home/airflow/.local/lib/python3.7/site-packages/airflow/example_dags/example_trigger_target_dag.py
[2024-02-19T12:50:03.541+0000] {processor.py:743} INFO - Processing file /home/airflow/.local/lib/python3.7/site-packages/airflow/example_dags/example_trigger_target_dag.py for tasks to queue
[2024-02-19T12:50:03.541+0000] {logging_mixin.py:137} INFO - [2024-02-19T12:50:03.541+0000] {dagbag.py:538} INFO - Filling up the DagBag from /home/airflow/.local/lib/python3.7/site-packages/airflow/example_dags/example_trigger_target_dag.py
[2024-02-19T12:50:03.553+0000] {processor.py:753} INFO - DAG(s) dict_keys(['example_trigger_target_dag']) retrieved from /home/airflow/.local/lib/python3.7/site-packages/airflow/example_dags/example_trigger_target_dag.py
[2024-02-19T12:50:03.567+0000] {logging_mixin.py:137} INFO - [2024-02-19T12:50:03.567+0000] {dag.py:2690} INFO - Sync 1 DAGs
[2024-02-19T12:50:03.582+0000] {logging_mixin.py:137} INFO - [2024-02-19T12:50:03.582+0000] {dag.py:3441} INFO - Setting next_dagrun for example_trigger_target_dag to None, run_after=None
[2024-02-19T12:50:03.593+0000] {processor.py:175} INFO - Processing /home/airflow/.local/lib/python3.7/site-packages/airflow/example_dags/example_trigger_target_dag.py took 0.055 seconds
[2024-02-19T12:50:34.041+0000] {processor.py:153} INFO - Started process (PID=6403) to work on /home/airflow/.local/lib/python3.7/site-packages/airflow/example_dags/example_trigger_target_dag.py
[2024-02-19T12:50:34.042+0000] {processor.py:743} INFO - Processing file /home/airflow/.local/lib/python3.7/site-packages/airflow/example_dags/example_trigger_target_dag.py for tasks to queue
[2024-02-19T12:50:34.042+0000] {logging_mixin.py:137} INFO - [2024-02-19T12:50:34.042+0000] {dagbag.py:538} INFO - Filling up the DagBag from /home/airflow/.local/lib/python3.7/site-packages/airflow/example_dags/example_trigger_target_dag.py
[2024-02-19T12:50:34.055+0000] {processor.py:753} INFO - DAG(s) dict_keys(['example_trigger_target_dag']) retrieved from /home/airflow/.local/lib/python3.7/site-packages/airflow/example_dags/example_trigger_target_dag.py
[2024-02-19T12:50:34.068+0000] {logging_mixin.py:137} INFO - [2024-02-19T12:50:34.068+0000] {dag.py:2690} INFO - Sync 1 DAGs
[2024-02-19T12:50:34.084+0000] {logging_mixin.py:137} INFO - [2024-02-19T12:50:34.084+0000] {dag.py:3441} INFO - Setting next_dagrun for example_trigger_target_dag to None, run_after=None
[2024-02-19T12:50:34.096+0000] {processor.py:175} INFO - Processing /home/airflow/.local/lib/python3.7/site-packages/airflow/example_dags/example_trigger_target_dag.py took 0.056 seconds
[2024-02-19T12:51:04.489+0000] {processor.py:153} INFO - Started process (PID=6505) to work on /home/airflow/.local/lib/python3.7/site-packages/airflow/example_dags/example_trigger_target_dag.py
[2024-02-19T12:51:04.489+0000] {processor.py:743} INFO - Processing file /home/airflow/.local/lib/python3.7/site-packages/airflow/example_dags/example_trigger_target_dag.py for tasks to queue
[2024-02-19T12:51:04.490+0000] {logging_mixin.py:137} INFO - [2024-02-19T12:51:04.490+0000] {dagbag.py:538} INFO - Filling up the DagBag from /home/airflow/.local/lib/python3.7/site-packages/airflow/example_dags/example_trigger_target_dag.py
[2024-02-19T12:51:04.503+0000] {processor.py:753} INFO - DAG(s) dict_keys(['example_trigger_target_dag']) retrieved from /home/airflow/.local/lib/python3.7/site-packages/airflow/example_dags/example_trigger_target_dag.py
[2024-02-19T12:51:04.519+0000] {logging_mixin.py:137} INFO - [2024-02-19T12:51:04.519+0000] {dag.py:2690} INFO - Sync 1 DAGs
[2024-02-19T12:51:04.535+0000] {logging_mixin.py:137} INFO - [2024-02-19T12:51:04.535+0000] {dag.py:3441} INFO - Setting next_dagrun for example_trigger_target_dag to None, run_after=None
[2024-02-19T12:51:04.548+0000] {processor.py:175} INFO - Processing /home/airflow/.local/lib/python3.7/site-packages/airflow/example_dags/example_trigger_target_dag.py took 0.061 seconds
[2024-02-19T12:51:35.346+0000] {processor.py:153} INFO - Started process (PID=6640) to work on /home/airflow/.local/lib/python3.7/site-packages/airflow/example_dags/example_trigger_target_dag.py
[2024-02-19T12:51:35.346+0000] {processor.py:743} INFO - Processing file /home/airflow/.local/lib/python3.7/site-packages/airflow/example_dags/example_trigger_target_dag.py for tasks to queue
[2024-02-19T12:51:35.347+0000] {logging_mixin.py:137} INFO - [2024-02-19T12:51:35.347+0000] {dagbag.py:538} INFO - Filling up the DagBag from /home/airflow/.local/lib/python3.7/site-packages/airflow/example_dags/example_trigger_target_dag.py
[2024-02-19T12:51:35.361+0000] {processor.py:753} INFO - DAG(s) dict_keys(['example_trigger_target_dag']) retrieved from /home/airflow/.local/lib/python3.7/site-packages/airflow/example_dags/example_trigger_target_dag.py
[2024-02-19T12:51:35.378+0000] {logging_mixin.py:137} INFO - [2024-02-19T12:51:35.378+0000] {dag.py:2690} INFO - Sync 1 DAGs
[2024-02-19T12:51:35.395+0000] {logging_mixin.py:137} INFO - [2024-02-19T12:51:35.395+0000] {dag.py:3441} INFO - Setting next_dagrun for example_trigger_target_dag to None, run_after=None
[2024-02-19T12:51:35.410+0000] {processor.py:175} INFO - Processing /home/airflow/.local/lib/python3.7/site-packages/airflow/example_dags/example_trigger_target_dag.py took 0.066 seconds
[2024-02-19T12:52:06.127+0000] {processor.py:153} INFO - Started process (PID=6775) to work on /home/airflow/.local/lib/python3.7/site-packages/airflow/example_dags/example_trigger_target_dag.py
[2024-02-19T12:52:06.127+0000] {processor.py:743} INFO - Processing file /home/airflow/.local/lib/python3.7/site-packages/airflow/example_dags/example_trigger_target_dag.py for tasks to queue
[2024-02-19T12:52:06.128+0000] {logging_mixin.py:137} INFO - [2024-02-19T12:52:06.127+0000] {dagbag.py:538} INFO - Filling up the DagBag from /home/airflow/.local/lib/python3.7/site-packages/airflow/example_dags/example_trigger_target_dag.py
[2024-02-19T12:52:06.147+0000] {processor.py:753} INFO - DAG(s) dict_keys(['example_trigger_target_dag']) retrieved from /home/airflow/.local/lib/python3.7/site-packages/airflow/example_dags/example_trigger_target_dag.py
[2024-02-19T12:52:06.168+0000] {logging_mixin.py:137} INFO - [2024-02-19T12:52:06.168+0000] {dag.py:2690} INFO - Sync 1 DAGs
[2024-02-19T12:52:06.190+0000] {logging_mixin.py:137} INFO - [2024-02-19T12:52:06.190+0000] {dag.py:3441} INFO - Setting next_dagrun for example_trigger_target_dag to None, run_after=None
[2024-02-19T12:52:06.208+0000] {processor.py:175} INFO - Processing /home/airflow/.local/lib/python3.7/site-packages/airflow/example_dags/example_trigger_target_dag.py took 0.084 seconds
[2024-02-19T12:52:36.439+0000] {processor.py:153} INFO - Started process (PID=6878) to work on /home/airflow/.local/lib/python3.7/site-packages/airflow/example_dags/example_trigger_target_dag.py
[2024-02-19T12:52:36.440+0000] {processor.py:743} INFO - Processing file /home/airflow/.local/lib/python3.7/site-packages/airflow/example_dags/example_trigger_target_dag.py for tasks to queue
[2024-02-19T12:52:36.440+0000] {logging_mixin.py:137} INFO - [2024-02-19T12:52:36.440+0000] {dagbag.py:538} INFO - Filling up the DagBag from /home/airflow/.local/lib/python3.7/site-packages/airflow/example_dags/example_trigger_target_dag.py
[2024-02-19T12:52:36.454+0000] {processor.py:753} INFO - DAG(s) dict_keys(['example_trigger_target_dag']) retrieved from /home/airflow/.local/lib/python3.7/site-packages/airflow/example_dags/example_trigger_target_dag.py
[2024-02-19T12:52:36.470+0000] {logging_mixin.py:137} INFO - [2024-02-19T12:52:36.470+0000] {dag.py:2690} INFO - Sync 1 DAGs
[2024-02-19T12:52:36.487+0000] {logging_mixin.py:137} INFO - [2024-02-19T12:52:36.487+0000] {dag.py:3441} INFO - Setting next_dagrun for example_trigger_target_dag to None, run_after=None
[2024-02-19T12:52:36.500+0000] {processor.py:175} INFO - Processing /home/airflow/.local/lib/python3.7/site-packages/airflow/example_dags/example_trigger_target_dag.py took 0.062 seconds
[2024-02-19T12:53:07.281+0000] {processor.py:153} INFO - Started process (PID=7013) to work on /home/airflow/.local/lib/python3.7/site-packages/airflow/example_dags/example_trigger_target_dag.py
[2024-02-19T12:53:07.282+0000] {processor.py:743} INFO - Processing file /home/airflow/.local/lib/python3.7/site-packages/airflow/example_dags/example_trigger_target_dag.py for tasks to queue
[2024-02-19T12:53:07.282+0000] {logging_mixin.py:137} INFO - [2024-02-19T12:53:07.282+0000] {dagbag.py:538} INFO - Filling up the DagBag from /home/airflow/.local/lib/python3.7/site-packages/airflow/example_dags/example_trigger_target_dag.py
[2024-02-19T12:53:07.299+0000] {processor.py:753} INFO - DAG(s) dict_keys(['example_trigger_target_dag']) retrieved from /home/airflow/.local/lib/python3.7/site-packages/airflow/example_dags/example_trigger_target_dag.py
[2024-02-19T12:53:07.318+0000] {logging_mixin.py:137} INFO - [2024-02-19T12:53:07.318+0000] {dag.py:2690} INFO - Sync 1 DAGs
[2024-02-19T12:53:07.339+0000] {logging_mixin.py:137} INFO - [2024-02-19T12:53:07.338+0000] {dag.py:3441} INFO - Setting next_dagrun for example_trigger_target_dag to None, run_after=None
[2024-02-19T12:53:07.354+0000] {processor.py:175} INFO - Processing /home/airflow/.local/lib/python3.7/site-packages/airflow/example_dags/example_trigger_target_dag.py took 0.075 seconds
[2024-02-19T12:53:38.023+0000] {processor.py:153} INFO - Started process (PID=7116) to work on /home/airflow/.local/lib/python3.7/site-packages/airflow/example_dags/example_trigger_target_dag.py
[2024-02-19T12:53:38.024+0000] {processor.py:743} INFO - Processing file /home/airflow/.local/lib/python3.7/site-packages/airflow/example_dags/example_trigger_target_dag.py for tasks to queue
[2024-02-19T12:53:38.024+0000] {logging_mixin.py:137} INFO - [2024-02-19T12:53:38.024+0000] {dagbag.py:538} INFO - Filling up the DagBag from /home/airflow/.local/lib/python3.7/site-packages/airflow/example_dags/example_trigger_target_dag.py
[2024-02-19T12:53:38.040+0000] {processor.py:753} INFO - DAG(s) dict_keys(['example_trigger_target_dag']) retrieved from /home/airflow/.local/lib/python3.7/site-packages/airflow/example_dags/example_trigger_target_dag.py
[2024-02-19T12:53:38.058+0000] {logging_mixin.py:137} INFO - [2024-02-19T12:53:38.058+0000] {dag.py:2690} INFO - Sync 1 DAGs
[2024-02-19T12:53:38.076+0000] {logging_mixin.py:137} INFO - [2024-02-19T12:53:38.076+0000] {dag.py:3441} INFO - Setting next_dagrun for example_trigger_target_dag to None, run_after=None
[2024-02-19T12:53:38.091+0000] {processor.py:175} INFO - Processing /home/airflow/.local/lib/python3.7/site-packages/airflow/example_dags/example_trigger_target_dag.py took 0.070 seconds
[2024-02-19T12:54:08.108+0000] {processor.py:153} INFO - Started process (PID=7252) to work on /home/airflow/.local/lib/python3.7/site-packages/airflow/example_dags/example_trigger_target_dag.py
[2024-02-19T12:54:08.109+0000] {processor.py:743} INFO - Processing file /home/airflow/.local/lib/python3.7/site-packages/airflow/example_dags/example_trigger_target_dag.py for tasks to queue
[2024-02-19T12:54:08.109+0000] {logging_mixin.py:137} INFO - [2024-02-19T12:54:08.109+0000] {dagbag.py:538} INFO - Filling up the DagBag from /home/airflow/.local/lib/python3.7/site-packages/airflow/example_dags/example_trigger_target_dag.py
[2024-02-19T12:54:08.124+0000] {processor.py:753} INFO - DAG(s) dict_keys(['example_trigger_target_dag']) retrieved from /home/airflow/.local/lib/python3.7/site-packages/airflow/example_dags/example_trigger_target_dag.py
[2024-02-19T12:54:08.142+0000] {logging_mixin.py:137} INFO - [2024-02-19T12:54:08.142+0000] {dag.py:2690} INFO - Sync 1 DAGs
[2024-02-19T12:54:08.160+0000] {logging_mixin.py:137} INFO - [2024-02-19T12:54:08.160+0000] {dag.py:3441} INFO - Setting next_dagrun for example_trigger_target_dag to None, run_after=None
[2024-02-19T12:54:08.175+0000] {processor.py:175} INFO - Processing /home/airflow/.local/lib/python3.7/site-packages/airflow/example_dags/example_trigger_target_dag.py took 0.069 seconds
[2024-02-19T12:54:38.951+0000] {processor.py:153} INFO - Started process (PID=7387) to work on /home/airflow/.local/lib/python3.7/site-packages/airflow/example_dags/example_trigger_target_dag.py
[2024-02-19T12:54:38.952+0000] {processor.py:743} INFO - Processing file /home/airflow/.local/lib/python3.7/site-packages/airflow/example_dags/example_trigger_target_dag.py for tasks to queue
[2024-02-19T12:54:38.952+0000] {logging_mixin.py:137} INFO - [2024-02-19T12:54:38.952+0000] {dagbag.py:538} INFO - Filling up the DagBag from /home/airflow/.local/lib/python3.7/site-packages/airflow/example_dags/example_trigger_target_dag.py
[2024-02-19T12:54:38.969+0000] {processor.py:753} INFO - DAG(s) dict_keys(['example_trigger_target_dag']) retrieved from /home/airflow/.local/lib/python3.7/site-packages/airflow/example_dags/example_trigger_target_dag.py
[2024-02-19T12:54:39.002+0000] {logging_mixin.py:137} INFO - [2024-02-19T12:54:39.001+0000] {dag.py:2690} INFO - Sync 1 DAGs
[2024-02-19T12:54:39.040+0000] {logging_mixin.py:137} INFO - [2024-02-19T12:54:39.040+0000] {dag.py:3441} INFO - Setting next_dagrun for example_trigger_target_dag to None, run_after=None
[2024-02-19T12:54:39.063+0000] {processor.py:175} INFO - Processing /home/airflow/.local/lib/python3.7/site-packages/airflow/example_dags/example_trigger_target_dag.py took 0.114 seconds
[2024-02-19T12:55:10.057+0000] {processor.py:153} INFO - Started process (PID=7490) to work on /home/airflow/.local/lib/python3.7/site-packages/airflow/example_dags/example_trigger_target_dag.py
[2024-02-19T12:55:10.058+0000] {processor.py:743} INFO - Processing file /home/airflow/.local/lib/python3.7/site-packages/airflow/example_dags/example_trigger_target_dag.py for tasks to queue
[2024-02-19T12:55:10.058+0000] {logging_mixin.py:137} INFO - [2024-02-19T12:55:10.058+0000] {dagbag.py:538} INFO - Filling up the DagBag from /home/airflow/.local/lib/python3.7/site-packages/airflow/example_dags/example_trigger_target_dag.py
[2024-02-19T12:55:10.070+0000] {processor.py:753} INFO - DAG(s) dict_keys(['example_trigger_target_dag']) retrieved from /home/airflow/.local/lib/python3.7/site-packages/airflow/example_dags/example_trigger_target_dag.py
[2024-02-19T12:55:10.087+0000] {logging_mixin.py:137} INFO - [2024-02-19T12:55:10.087+0000] {dag.py:2690} INFO - Sync 1 DAGs
[2024-02-19T12:55:10.102+0000] {logging_mixin.py:137} INFO - [2024-02-19T12:55:10.102+0000] {dag.py:3441} INFO - Setting next_dagrun for example_trigger_target_dag to None, run_after=None
[2024-02-19T12:55:10.114+0000] {processor.py:175} INFO - Processing /home/airflow/.local/lib/python3.7/site-packages/airflow/example_dags/example_trigger_target_dag.py took 0.059 seconds
[2024-02-19T12:55:40.775+0000] {processor.py:153} INFO - Started process (PID=7625) to work on /home/airflow/.local/lib/python3.7/site-packages/airflow/example_dags/example_trigger_target_dag.py
[2024-02-19T12:55:40.776+0000] {processor.py:743} INFO - Processing file /home/airflow/.local/lib/python3.7/site-packages/airflow/example_dags/example_trigger_target_dag.py for tasks to queue
[2024-02-19T12:55:40.776+0000] {logging_mixin.py:137} INFO - [2024-02-19T12:55:40.776+0000] {dagbag.py:538} INFO - Filling up the DagBag from /home/airflow/.local/lib/python3.7/site-packages/airflow/example_dags/example_trigger_target_dag.py
[2024-02-19T12:55:40.789+0000] {processor.py:753} INFO - DAG(s) dict_keys(['example_trigger_target_dag']) retrieved from /home/airflow/.local/lib/python3.7/site-packages/airflow/example_dags/example_trigger_target_dag.py
[2024-02-19T12:55:40.803+0000] {logging_mixin.py:137} INFO - [2024-02-19T12:55:40.802+0000] {dag.py:2690} INFO - Sync 1 DAGs
[2024-02-19T12:55:40.817+0000] {logging_mixin.py:137} INFO - [2024-02-19T12:55:40.817+0000] {dag.py:3441} INFO - Setting next_dagrun for example_trigger_target_dag to None, run_after=None
[2024-02-19T12:55:40.829+0000] {processor.py:175} INFO - Processing /home/airflow/.local/lib/python3.7/site-packages/airflow/example_dags/example_trigger_target_dag.py took 0.056 seconds
[2024-02-19T12:56:11.518+0000] {processor.py:153} INFO - Started process (PID=7760) to work on /home/airflow/.local/lib/python3.7/site-packages/airflow/example_dags/example_trigger_target_dag.py
[2024-02-19T12:56:11.519+0000] {processor.py:743} INFO - Processing file /home/airflow/.local/lib/python3.7/site-packages/airflow/example_dags/example_trigger_target_dag.py for tasks to queue
[2024-02-19T12:56:11.519+0000] {logging_mixin.py:137} INFO - [2024-02-19T12:56:11.519+0000] {dagbag.py:538} INFO - Filling up the DagBag from /home/airflow/.local/lib/python3.7/site-packages/airflow/example_dags/example_trigger_target_dag.py
[2024-02-19T12:56:11.539+0000] {processor.py:753} INFO - DAG(s) dict_keys(['example_trigger_target_dag']) retrieved from /home/airflow/.local/lib/python3.7/site-packages/airflow/example_dags/example_trigger_target_dag.py
[2024-02-19T12:56:11.560+0000] {logging_mixin.py:137} INFO - [2024-02-19T12:56:11.560+0000] {dag.py:2690} INFO - Sync 1 DAGs
[2024-02-19T12:56:11.582+0000] {logging_mixin.py:137} INFO - [2024-02-19T12:56:11.582+0000] {dag.py:3441} INFO - Setting next_dagrun for example_trigger_target_dag to None, run_after=None
[2024-02-19T12:56:11.604+0000] {processor.py:175} INFO - Processing /home/airflow/.local/lib/python3.7/site-packages/airflow/example_dags/example_trigger_target_dag.py took 0.088 seconds
[2024-02-19T12:56:42.427+0000] {processor.py:153} INFO - Started process (PID=7863) to work on /home/airflow/.local/lib/python3.7/site-packages/airflow/example_dags/example_trigger_target_dag.py
[2024-02-19T12:56:42.428+0000] {processor.py:743} INFO - Processing file /home/airflow/.local/lib/python3.7/site-packages/airflow/example_dags/example_trigger_target_dag.py for tasks to queue
[2024-02-19T12:56:42.428+0000] {logging_mixin.py:137} INFO - [2024-02-19T12:56:42.428+0000] {dagbag.py:538} INFO - Filling up the DagBag from /home/airflow/.local/lib/python3.7/site-packages/airflow/example_dags/example_trigger_target_dag.py
[2024-02-19T12:56:42.442+0000] {processor.py:753} INFO - DAG(s) dict_keys(['example_trigger_target_dag']) retrieved from /home/airflow/.local/lib/python3.7/site-packages/airflow/example_dags/example_trigger_target_dag.py
[2024-02-19T12:56:42.457+0000] {logging_mixin.py:137} INFO - [2024-02-19T12:56:42.457+0000] {dag.py:2690} INFO - Sync 1 DAGs
[2024-02-19T12:56:42.474+0000] {logging_mixin.py:137} INFO - [2024-02-19T12:56:42.473+0000] {dag.py:3441} INFO - Setting next_dagrun for example_trigger_target_dag to None, run_after=None
[2024-02-19T12:56:42.486+0000] {processor.py:175} INFO - Processing /home/airflow/.local/lib/python3.7/site-packages/airflow/example_dags/example_trigger_target_dag.py took 0.061 seconds
[2024-02-19T12:57:13.257+0000] {processor.py:153} INFO - Started process (PID=7998) to work on /home/airflow/.local/lib/python3.7/site-packages/airflow/example_dags/example_trigger_target_dag.py
[2024-02-19T12:57:13.257+0000] {processor.py:743} INFO - Processing file /home/airflow/.local/lib/python3.7/site-packages/airflow/example_dags/example_trigger_target_dag.py for tasks to queue
[2024-02-19T12:57:13.258+0000] {logging_mixin.py:137} INFO - [2024-02-19T12:57:13.258+0000] {dagbag.py:538} INFO - Filling up the DagBag from /home/airflow/.local/lib/python3.7/site-packages/airflow/example_dags/example_trigger_target_dag.py
[2024-02-19T12:57:13.275+0000] {processor.py:753} INFO - DAG(s) dict_keys(['example_trigger_target_dag']) retrieved from /home/airflow/.local/lib/python3.7/site-packages/airflow/example_dags/example_trigger_target_dag.py
[2024-02-19T12:57:13.294+0000] {logging_mixin.py:137} INFO - [2024-02-19T12:57:13.294+0000] {dag.py:2690} INFO - Sync 1 DAGs
[2024-02-19T12:57:13.315+0000] {logging_mixin.py:137} INFO - [2024-02-19T12:57:13.315+0000] {dag.py:3441} INFO - Setting next_dagrun for example_trigger_target_dag to None, run_after=None
[2024-02-19T12:57:13.332+0000] {processor.py:175} INFO - Processing /home/airflow/.local/lib/python3.7/site-packages/airflow/example_dags/example_trigger_target_dag.py took 0.078 seconds
[2024-02-19T12:57:44.109+0000] {processor.py:153} INFO - Started process (PID=8101) to work on /home/airflow/.local/lib/python3.7/site-packages/airflow/example_dags/example_trigger_target_dag.py
[2024-02-19T12:57:44.110+0000] {processor.py:743} INFO - Processing file /home/airflow/.local/lib/python3.7/site-packages/airflow/example_dags/example_trigger_target_dag.py for tasks to queue
[2024-02-19T12:57:44.110+0000] {logging_mixin.py:137} INFO - [2024-02-19T12:57:44.110+0000] {dagbag.py:538} INFO - Filling up the DagBag from /home/airflow/.local/lib/python3.7/site-packages/airflow/example_dags/example_trigger_target_dag.py
[2024-02-19T12:57:44.122+0000] {processor.py:753} INFO - DAG(s) dict_keys(['example_trigger_target_dag']) retrieved from /home/airflow/.local/lib/python3.7/site-packages/airflow/example_dags/example_trigger_target_dag.py
[2024-02-19T12:57:44.136+0000] {logging_mixin.py:137} INFO - [2024-02-19T12:57:44.136+0000] {dag.py:2690} INFO - Sync 1 DAGs
[2024-02-19T12:57:44.151+0000] {logging_mixin.py:137} INFO - [2024-02-19T12:57:44.151+0000] {dag.py:3441} INFO - Setting next_dagrun for example_trigger_target_dag to None, run_after=None
[2024-02-19T12:57:44.163+0000] {processor.py:175} INFO - Processing /home/airflow/.local/lib/python3.7/site-packages/airflow/example_dags/example_trigger_target_dag.py took 0.056 seconds
[2024-02-19T12:58:14.274+0000] {processor.py:153} INFO - Started process (PID=8235) to work on /home/airflow/.local/lib/python3.7/site-packages/airflow/example_dags/example_trigger_target_dag.py
[2024-02-19T12:58:14.275+0000] {processor.py:743} INFO - Processing file /home/airflow/.local/lib/python3.7/site-packages/airflow/example_dags/example_trigger_target_dag.py for tasks to queue
[2024-02-19T12:58:14.276+0000] {logging_mixin.py:137} INFO - [2024-02-19T12:58:14.275+0000] {dagbag.py:538} INFO - Filling up the DagBag from /home/airflow/.local/lib/python3.7/site-packages/airflow/example_dags/example_trigger_target_dag.py
[2024-02-19T12:58:14.290+0000] {processor.py:753} INFO - DAG(s) dict_keys(['example_trigger_target_dag']) retrieved from /home/airflow/.local/lib/python3.7/site-packages/airflow/example_dags/example_trigger_target_dag.py
[2024-02-19T12:58:14.306+0000] {logging_mixin.py:137} INFO - [2024-02-19T12:58:14.306+0000] {dag.py:2690} INFO - Sync 1 DAGs
[2024-02-19T12:58:14.322+0000] {logging_mixin.py:137} INFO - [2024-02-19T12:58:14.322+0000] {dag.py:3441} INFO - Setting next_dagrun for example_trigger_target_dag to None, run_after=None
[2024-02-19T12:58:14.335+0000] {processor.py:175} INFO - Processing /home/airflow/.local/lib/python3.7/site-packages/airflow/example_dags/example_trigger_target_dag.py took 0.063 seconds
