[2024-02-19T12:24:38.187+0000] {processor.py:153} INFO - Started process (PID=78) to work on /home/airflow/.local/lib/python3.7/site-packages/airflow/example_dags/example_short_circuit_operator.py
[2024-02-19T12:24:38.187+0000] {processor.py:743} INFO - Processing file /home/airflow/.local/lib/python3.7/site-packages/airflow/example_dags/example_short_circuit_operator.py for tasks to queue
[2024-02-19T12:24:38.187+0000] {logging_mixin.py:137} INFO - [2024-02-19T12:24:38.187+0000] {dagbag.py:538} INFO - Filling up the DagBag from /home/airflow/.local/lib/python3.7/site-packages/airflow/example_dags/example_short_circuit_operator.py
[2024-02-19T12:24:38.198+0000] {processor.py:753} INFO - DAG(s) dict_keys(['example_short_circuit_operator']) retrieved from /home/airflow/.local/lib/python3.7/site-packages/airflow/example_dags/example_short_circuit_operator.py
[2024-02-19T12:24:38.205+0000] {logging_mixin.py:137} INFO - [2024-02-19T12:24:38.205+0000] {dag.py:2690} INFO - Sync 1 DAGs
[2024-02-19T12:24:38.221+0000] {logging_mixin.py:137} INFO - [2024-02-19T12:24:38.221+0000] {dag.py:3441} INFO - Setting next_dagrun for example_short_circuit_operator to 2024-02-18T12:24:38.220769+00:00, run_after=2024-02-19T12:24:38.220769+00:00
[2024-02-19T12:24:38.232+0000] {processor.py:175} INFO - Processing /home/airflow/.local/lib/python3.7/site-packages/airflow/example_dags/example_short_circuit_operator.py took 0.048 seconds
[2024-02-19T12:25:08.654+0000] {processor.py:153} INFO - Started process (PID=213) to work on /home/airflow/.local/lib/python3.7/site-packages/airflow/example_dags/example_short_circuit_operator.py
[2024-02-19T12:25:08.655+0000] {processor.py:743} INFO - Processing file /home/airflow/.local/lib/python3.7/site-packages/airflow/example_dags/example_short_circuit_operator.py for tasks to queue
[2024-02-19T12:25:08.655+0000] {logging_mixin.py:137} INFO - [2024-02-19T12:25:08.655+0000] {dagbag.py:538} INFO - Filling up the DagBag from /home/airflow/.local/lib/python3.7/site-packages/airflow/example_dags/example_short_circuit_operator.py
[2024-02-19T12:25:08.664+0000] {processor.py:753} INFO - DAG(s) dict_keys(['example_short_circuit_operator']) retrieved from /home/airflow/.local/lib/python3.7/site-packages/airflow/example_dags/example_short_circuit_operator.py
[2024-02-19T12:25:08.677+0000] {logging_mixin.py:137} INFO - [2024-02-19T12:25:08.677+0000] {dag.py:2690} INFO - Sync 1 DAGs
[2024-02-19T12:25:08.692+0000] {logging_mixin.py:137} INFO - [2024-02-19T12:25:08.692+0000] {dag.py:3441} INFO - Setting next_dagrun for example_short_circuit_operator to 2024-02-18T12:25:08.691944+00:00, run_after=2024-02-19T12:25:08.691944+00:00
[2024-02-19T12:25:08.702+0000] {processor.py:175} INFO - Processing /home/airflow/.local/lib/python3.7/site-packages/airflow/example_dags/example_short_circuit_operator.py took 0.050 seconds
[2024-02-19T12:25:39.038+0000] {processor.py:153} INFO - Started process (PID=316) to work on /home/airflow/.local/lib/python3.7/site-packages/airflow/example_dags/example_short_circuit_operator.py
[2024-02-19T12:25:39.039+0000] {processor.py:743} INFO - Processing file /home/airflow/.local/lib/python3.7/site-packages/airflow/example_dags/example_short_circuit_operator.py for tasks to queue
[2024-02-19T12:25:39.039+0000] {logging_mixin.py:137} INFO - [2024-02-19T12:25:39.039+0000] {dagbag.py:538} INFO - Filling up the DagBag from /home/airflow/.local/lib/python3.7/site-packages/airflow/example_dags/example_short_circuit_operator.py
[2024-02-19T12:25:39.048+0000] {processor.py:753} INFO - DAG(s) dict_keys(['example_short_circuit_operator']) retrieved from /home/airflow/.local/lib/python3.7/site-packages/airflow/example_dags/example_short_circuit_operator.py
[2024-02-19T12:25:39.061+0000] {logging_mixin.py:137} INFO - [2024-02-19T12:25:39.061+0000] {dag.py:2690} INFO - Sync 1 DAGs
[2024-02-19T12:25:39.075+0000] {logging_mixin.py:137} INFO - [2024-02-19T12:25:39.075+0000] {dag.py:3441} INFO - Setting next_dagrun for example_short_circuit_operator to 2024-02-18T12:25:39.074947+00:00, run_after=2024-02-19T12:25:39.074947+00:00
[2024-02-19T12:25:39.085+0000] {processor.py:175} INFO - Processing /home/airflow/.local/lib/python3.7/site-packages/airflow/example_dags/example_short_circuit_operator.py took 0.048 seconds
[2024-02-19T12:26:09.531+0000] {processor.py:153} INFO - Started process (PID=451) to work on /home/airflow/.local/lib/python3.7/site-packages/airflow/example_dags/example_short_circuit_operator.py
[2024-02-19T12:26:09.531+0000] {processor.py:743} INFO - Processing file /home/airflow/.local/lib/python3.7/site-packages/airflow/example_dags/example_short_circuit_operator.py for tasks to queue
[2024-02-19T12:26:09.531+0000] {logging_mixin.py:137} INFO - [2024-02-19T12:26:09.531+0000] {dagbag.py:538} INFO - Filling up the DagBag from /home/airflow/.local/lib/python3.7/site-packages/airflow/example_dags/example_short_circuit_operator.py
[2024-02-19T12:26:09.540+0000] {processor.py:753} INFO - DAG(s) dict_keys(['example_short_circuit_operator']) retrieved from /home/airflow/.local/lib/python3.7/site-packages/airflow/example_dags/example_short_circuit_operator.py
[2024-02-19T12:26:09.554+0000] {logging_mixin.py:137} INFO - [2024-02-19T12:26:09.554+0000] {dag.py:2690} INFO - Sync 1 DAGs
[2024-02-19T12:26:09.567+0000] {logging_mixin.py:137} INFO - [2024-02-19T12:26:09.567+0000] {dag.py:3441} INFO - Setting next_dagrun for example_short_circuit_operator to 2024-02-18T12:26:09.567252+00:00, run_after=2024-02-19T12:26:09.567252+00:00
[2024-02-19T12:26:09.577+0000] {processor.py:175} INFO - Processing /home/airflow/.local/lib/python3.7/site-packages/airflow/example_dags/example_short_circuit_operator.py took 0.048 seconds
[2024-02-19T12:26:39.927+0000] {processor.py:153} INFO - Started process (PID=586) to work on /home/airflow/.local/lib/python3.7/site-packages/airflow/example_dags/example_short_circuit_operator.py
[2024-02-19T12:26:39.928+0000] {processor.py:743} INFO - Processing file /home/airflow/.local/lib/python3.7/site-packages/airflow/example_dags/example_short_circuit_operator.py for tasks to queue
[2024-02-19T12:26:39.928+0000] {logging_mixin.py:137} INFO - [2024-02-19T12:26:39.928+0000] {dagbag.py:538} INFO - Filling up the DagBag from /home/airflow/.local/lib/python3.7/site-packages/airflow/example_dags/example_short_circuit_operator.py
[2024-02-19T12:26:39.936+0000] {processor.py:753} INFO - DAG(s) dict_keys(['example_short_circuit_operator']) retrieved from /home/airflow/.local/lib/python3.7/site-packages/airflow/example_dags/example_short_circuit_operator.py
[2024-02-19T12:26:39.950+0000] {logging_mixin.py:137} INFO - [2024-02-19T12:26:39.950+0000] {dag.py:2690} INFO - Sync 1 DAGs
[2024-02-19T12:26:39.963+0000] {logging_mixin.py:137} INFO - [2024-02-19T12:26:39.963+0000] {dag.py:3441} INFO - Setting next_dagrun for example_short_circuit_operator to 2024-02-18T12:26:39.963666+00:00, run_after=2024-02-19T12:26:39.963666+00:00
[2024-02-19T12:26:39.974+0000] {processor.py:175} INFO - Processing /home/airflow/.local/lib/python3.7/site-packages/airflow/example_dags/example_short_circuit_operator.py took 0.048 seconds
[2024-02-19T12:27:10.274+0000] {processor.py:153} INFO - Started process (PID=689) to work on /home/airflow/.local/lib/python3.7/site-packages/airflow/example_dags/example_short_circuit_operator.py
[2024-02-19T12:27:10.274+0000] {processor.py:743} INFO - Processing file /home/airflow/.local/lib/python3.7/site-packages/airflow/example_dags/example_short_circuit_operator.py for tasks to queue
[2024-02-19T12:27:10.274+0000] {logging_mixin.py:137} INFO - [2024-02-19T12:27:10.274+0000] {dagbag.py:538} INFO - Filling up the DagBag from /home/airflow/.local/lib/python3.7/site-packages/airflow/example_dags/example_short_circuit_operator.py
[2024-02-19T12:27:10.283+0000] {processor.py:753} INFO - DAG(s) dict_keys(['example_short_circuit_operator']) retrieved from /home/airflow/.local/lib/python3.7/site-packages/airflow/example_dags/example_short_circuit_operator.py
[2024-02-19T12:27:10.296+0000] {logging_mixin.py:137} INFO - [2024-02-19T12:27:10.296+0000] {dag.py:2690} INFO - Sync 1 DAGs
[2024-02-19T12:27:10.311+0000] {logging_mixin.py:137} INFO - [2024-02-19T12:27:10.311+0000] {dag.py:3441} INFO - Setting next_dagrun for example_short_circuit_operator to 2024-02-18T12:27:10.311216+00:00, run_after=2024-02-19T12:27:10.311216+00:00
[2024-02-19T12:27:10.322+0000] {processor.py:175} INFO - Processing /home/airflow/.local/lib/python3.7/site-packages/airflow/example_dags/example_short_circuit_operator.py took 0.050 seconds
[2024-02-19T12:27:40.708+0000] {processor.py:153} INFO - Started process (PID=824) to work on /home/airflow/.local/lib/python3.7/site-packages/airflow/example_dags/example_short_circuit_operator.py
[2024-02-19T12:27:40.709+0000] {processor.py:743} INFO - Processing file /home/airflow/.local/lib/python3.7/site-packages/airflow/example_dags/example_short_circuit_operator.py for tasks to queue
[2024-02-19T12:27:40.709+0000] {logging_mixin.py:137} INFO - [2024-02-19T12:27:40.709+0000] {dagbag.py:538} INFO - Filling up the DagBag from /home/airflow/.local/lib/python3.7/site-packages/airflow/example_dags/example_short_circuit_operator.py
[2024-02-19T12:27:40.718+0000] {processor.py:753} INFO - DAG(s) dict_keys(['example_short_circuit_operator']) retrieved from /home/airflow/.local/lib/python3.7/site-packages/airflow/example_dags/example_short_circuit_operator.py
[2024-02-19T12:27:40.731+0000] {logging_mixin.py:137} INFO - [2024-02-19T12:27:40.731+0000] {dag.py:2690} INFO - Sync 1 DAGs
[2024-02-19T12:27:40.745+0000] {logging_mixin.py:137} INFO - [2024-02-19T12:27:40.745+0000] {dag.py:3441} INFO - Setting next_dagrun for example_short_circuit_operator to 2024-02-18T12:27:40.745352+00:00, run_after=2024-02-19T12:27:40.745352+00:00
[2024-02-19T12:27:40.755+0000] {processor.py:175} INFO - Processing /home/airflow/.local/lib/python3.7/site-packages/airflow/example_dags/example_short_circuit_operator.py took 0.049 seconds
[2024-02-19T12:28:11.095+0000] {processor.py:153} INFO - Started process (PID=960) to work on /home/airflow/.local/lib/python3.7/site-packages/airflow/example_dags/example_short_circuit_operator.py
[2024-02-19T12:28:11.096+0000] {processor.py:743} INFO - Processing file /home/airflow/.local/lib/python3.7/site-packages/airflow/example_dags/example_short_circuit_operator.py for tasks to queue
[2024-02-19T12:28:11.096+0000] {logging_mixin.py:137} INFO - [2024-02-19T12:28:11.096+0000] {dagbag.py:538} INFO - Filling up the DagBag from /home/airflow/.local/lib/python3.7/site-packages/airflow/example_dags/example_short_circuit_operator.py
[2024-02-19T12:28:11.105+0000] {processor.py:753} INFO - DAG(s) dict_keys(['example_short_circuit_operator']) retrieved from /home/airflow/.local/lib/python3.7/site-packages/airflow/example_dags/example_short_circuit_operator.py
[2024-02-19T12:28:11.118+0000] {logging_mixin.py:137} INFO - [2024-02-19T12:28:11.118+0000] {dag.py:2690} INFO - Sync 1 DAGs
[2024-02-19T12:28:11.132+0000] {logging_mixin.py:137} INFO - [2024-02-19T12:28:11.132+0000] {dag.py:3441} INFO - Setting next_dagrun for example_short_circuit_operator to 2024-02-18T12:28:11.132218+00:00, run_after=2024-02-19T12:28:11.132218+00:00
[2024-02-19T12:28:11.143+0000] {processor.py:175} INFO - Processing /home/airflow/.local/lib/python3.7/site-packages/airflow/example_dags/example_short_circuit_operator.py took 0.050 seconds
[2024-02-19T12:28:41.576+0000] {processor.py:153} INFO - Started process (PID=1063) to work on /home/airflow/.local/lib/python3.7/site-packages/airflow/example_dags/example_short_circuit_operator.py
[2024-02-19T12:28:41.577+0000] {processor.py:743} INFO - Processing file /home/airflow/.local/lib/python3.7/site-packages/airflow/example_dags/example_short_circuit_operator.py for tasks to queue
[2024-02-19T12:28:41.577+0000] {logging_mixin.py:137} INFO - [2024-02-19T12:28:41.577+0000] {dagbag.py:538} INFO - Filling up the DagBag from /home/airflow/.local/lib/python3.7/site-packages/airflow/example_dags/example_short_circuit_operator.py
[2024-02-19T12:28:41.586+0000] {processor.py:753} INFO - DAG(s) dict_keys(['example_short_circuit_operator']) retrieved from /home/airflow/.local/lib/python3.7/site-packages/airflow/example_dags/example_short_circuit_operator.py
[2024-02-19T12:28:41.601+0000] {logging_mixin.py:137} INFO - [2024-02-19T12:28:41.601+0000] {dag.py:2690} INFO - Sync 1 DAGs
[2024-02-19T12:28:41.616+0000] {logging_mixin.py:137} INFO - [2024-02-19T12:28:41.615+0000] {dag.py:3441} INFO - Setting next_dagrun for example_short_circuit_operator to 2024-02-18T12:28:41.615813+00:00, run_after=2024-02-19T12:28:41.615813+00:00
[2024-02-19T12:28:41.628+0000] {processor.py:175} INFO - Processing /home/airflow/.local/lib/python3.7/site-packages/airflow/example_dags/example_short_circuit_operator.py took 0.054 seconds
[2024-02-19T12:29:12.182+0000] {processor.py:153} INFO - Started process (PID=1198) to work on /home/airflow/.local/lib/python3.7/site-packages/airflow/example_dags/example_short_circuit_operator.py
[2024-02-19T12:29:12.183+0000] {processor.py:743} INFO - Processing file /home/airflow/.local/lib/python3.7/site-packages/airflow/example_dags/example_short_circuit_operator.py for tasks to queue
[2024-02-19T12:29:12.183+0000] {logging_mixin.py:137} INFO - [2024-02-19T12:29:12.183+0000] {dagbag.py:538} INFO - Filling up the DagBag from /home/airflow/.local/lib/python3.7/site-packages/airflow/example_dags/example_short_circuit_operator.py
[2024-02-19T12:29:12.193+0000] {processor.py:753} INFO - DAG(s) dict_keys(['example_short_circuit_operator']) retrieved from /home/airflow/.local/lib/python3.7/site-packages/airflow/example_dags/example_short_circuit_operator.py
[2024-02-19T12:29:12.208+0000] {logging_mixin.py:137} INFO - [2024-02-19T12:29:12.208+0000] {dag.py:2690} INFO - Sync 1 DAGs
[2024-02-19T12:29:12.224+0000] {logging_mixin.py:137} INFO - [2024-02-19T12:29:12.224+0000] {dag.py:3441} INFO - Setting next_dagrun for example_short_circuit_operator to 2024-02-18T12:29:12.224093+00:00, run_after=2024-02-19T12:29:12.224093+00:00
[2024-02-19T12:29:12.236+0000] {processor.py:175} INFO - Processing /home/airflow/.local/lib/python3.7/site-packages/airflow/example_dags/example_short_circuit_operator.py took 0.055 seconds
[2024-02-19T12:29:42.708+0000] {processor.py:153} INFO - Started process (PID=1333) to work on /home/airflow/.local/lib/python3.7/site-packages/airflow/example_dags/example_short_circuit_operator.py
[2024-02-19T12:29:42.709+0000] {processor.py:743} INFO - Processing file /home/airflow/.local/lib/python3.7/site-packages/airflow/example_dags/example_short_circuit_operator.py for tasks to queue
[2024-02-19T12:29:42.709+0000] {logging_mixin.py:137} INFO - [2024-02-19T12:29:42.709+0000] {dagbag.py:538} INFO - Filling up the DagBag from /home/airflow/.local/lib/python3.7/site-packages/airflow/example_dags/example_short_circuit_operator.py
[2024-02-19T12:29:42.718+0000] {processor.py:753} INFO - DAG(s) dict_keys(['example_short_circuit_operator']) retrieved from /home/airflow/.local/lib/python3.7/site-packages/airflow/example_dags/example_short_circuit_operator.py
[2024-02-19T12:29:42.733+0000] {logging_mixin.py:137} INFO - [2024-02-19T12:29:42.733+0000] {dag.py:2690} INFO - Sync 1 DAGs
[2024-02-19T12:29:42.746+0000] {logging_mixin.py:137} INFO - [2024-02-19T12:29:42.746+0000] {dag.py:3441} INFO - Setting next_dagrun for example_short_circuit_operator to 2024-02-18T12:29:42.746674+00:00, run_after=2024-02-19T12:29:42.746674+00:00
[2024-02-19T12:29:42.757+0000] {processor.py:175} INFO - Processing /home/airflow/.local/lib/python3.7/site-packages/airflow/example_dags/example_short_circuit_operator.py took 0.050 seconds
[2024-02-19T12:30:13.238+0000] {processor.py:153} INFO - Started process (PID=1436) to work on /home/airflow/.local/lib/python3.7/site-packages/airflow/example_dags/example_short_circuit_operator.py
[2024-02-19T12:30:13.239+0000] {processor.py:743} INFO - Processing file /home/airflow/.local/lib/python3.7/site-packages/airflow/example_dags/example_short_circuit_operator.py for tasks to queue
[2024-02-19T12:30:13.239+0000] {logging_mixin.py:137} INFO - [2024-02-19T12:30:13.239+0000] {dagbag.py:538} INFO - Filling up the DagBag from /home/airflow/.local/lib/python3.7/site-packages/airflow/example_dags/example_short_circuit_operator.py
[2024-02-19T12:30:13.248+0000] {processor.py:753} INFO - DAG(s) dict_keys(['example_short_circuit_operator']) retrieved from /home/airflow/.local/lib/python3.7/site-packages/airflow/example_dags/example_short_circuit_operator.py
[2024-02-19T12:30:13.262+0000] {logging_mixin.py:137} INFO - [2024-02-19T12:30:13.262+0000] {dag.py:2690} INFO - Sync 1 DAGs
[2024-02-19T12:30:13.275+0000] {logging_mixin.py:137} INFO - [2024-02-19T12:30:13.275+0000] {dag.py:3441} INFO - Setting next_dagrun for example_short_circuit_operator to 2024-02-18T12:30:13.275596+00:00, run_after=2024-02-19T12:30:13.275596+00:00
[2024-02-19T12:30:13.286+0000] {processor.py:175} INFO - Processing /home/airflow/.local/lib/python3.7/site-packages/airflow/example_dags/example_short_circuit_operator.py took 0.049 seconds
[2024-02-19T12:30:43.695+0000] {processor.py:153} INFO - Started process (PID=1571) to work on /home/airflow/.local/lib/python3.7/site-packages/airflow/example_dags/example_short_circuit_operator.py
[2024-02-19T12:30:43.695+0000] {processor.py:743} INFO - Processing file /home/airflow/.local/lib/python3.7/site-packages/airflow/example_dags/example_short_circuit_operator.py for tasks to queue
[2024-02-19T12:30:43.696+0000] {logging_mixin.py:137} INFO - [2024-02-19T12:30:43.696+0000] {dagbag.py:538} INFO - Filling up the DagBag from /home/airflow/.local/lib/python3.7/site-packages/airflow/example_dags/example_short_circuit_operator.py
[2024-02-19T12:30:43.704+0000] {processor.py:753} INFO - DAG(s) dict_keys(['example_short_circuit_operator']) retrieved from /home/airflow/.local/lib/python3.7/site-packages/airflow/example_dags/example_short_circuit_operator.py
[2024-02-19T12:30:43.718+0000] {logging_mixin.py:137} INFO - [2024-02-19T12:30:43.718+0000] {dag.py:2690} INFO - Sync 1 DAGs
[2024-02-19T12:30:43.733+0000] {logging_mixin.py:137} INFO - [2024-02-19T12:30:43.733+0000] {dag.py:3441} INFO - Setting next_dagrun for example_short_circuit_operator to 2024-02-18T12:30:43.732874+00:00, run_after=2024-02-19T12:30:43.732874+00:00
[2024-02-19T12:30:43.744+0000] {processor.py:175} INFO - Processing /home/airflow/.local/lib/python3.7/site-packages/airflow/example_dags/example_short_circuit_operator.py took 0.052 seconds
[2024-02-19T12:31:14.186+0000] {processor.py:153} INFO - Started process (PID=1706) to work on /home/airflow/.local/lib/python3.7/site-packages/airflow/example_dags/example_short_circuit_operator.py
[2024-02-19T12:31:14.187+0000] {processor.py:743} INFO - Processing file /home/airflow/.local/lib/python3.7/site-packages/airflow/example_dags/example_short_circuit_operator.py for tasks to queue
[2024-02-19T12:31:14.187+0000] {logging_mixin.py:137} INFO - [2024-02-19T12:31:14.187+0000] {dagbag.py:538} INFO - Filling up the DagBag from /home/airflow/.local/lib/python3.7/site-packages/airflow/example_dags/example_short_circuit_operator.py
[2024-02-19T12:31:14.196+0000] {processor.py:753} INFO - DAG(s) dict_keys(['example_short_circuit_operator']) retrieved from /home/airflow/.local/lib/python3.7/site-packages/airflow/example_dags/example_short_circuit_operator.py
[2024-02-19T12:31:14.210+0000] {logging_mixin.py:137} INFO - [2024-02-19T12:31:14.210+0000] {dag.py:2690} INFO - Sync 1 DAGs
[2024-02-19T12:31:14.224+0000] {logging_mixin.py:137} INFO - [2024-02-19T12:31:14.224+0000] {dag.py:3441} INFO - Setting next_dagrun for example_short_circuit_operator to 2024-02-18T12:31:14.224469+00:00, run_after=2024-02-19T12:31:14.224469+00:00
[2024-02-19T12:31:14.237+0000] {processor.py:175} INFO - Processing /home/airflow/.local/lib/python3.7/site-packages/airflow/example_dags/example_short_circuit_operator.py took 0.053 seconds
[2024-02-19T12:31:44.573+0000] {processor.py:153} INFO - Started process (PID=1809) to work on /home/airflow/.local/lib/python3.7/site-packages/airflow/example_dags/example_short_circuit_operator.py
[2024-02-19T12:31:44.574+0000] {processor.py:743} INFO - Processing file /home/airflow/.local/lib/python3.7/site-packages/airflow/example_dags/example_short_circuit_operator.py for tasks to queue
[2024-02-19T12:31:44.574+0000] {logging_mixin.py:137} INFO - [2024-02-19T12:31:44.574+0000] {dagbag.py:538} INFO - Filling up the DagBag from /home/airflow/.local/lib/python3.7/site-packages/airflow/example_dags/example_short_circuit_operator.py
[2024-02-19T12:31:44.586+0000] {processor.py:753} INFO - DAG(s) dict_keys(['example_short_circuit_operator']) retrieved from /home/airflow/.local/lib/python3.7/site-packages/airflow/example_dags/example_short_circuit_operator.py
[2024-02-19T12:31:44.600+0000] {logging_mixin.py:137} INFO - [2024-02-19T12:31:44.600+0000] {dag.py:2690} INFO - Sync 1 DAGs
[2024-02-19T12:31:44.614+0000] {logging_mixin.py:137} INFO - [2024-02-19T12:31:44.614+0000] {dag.py:3441} INFO - Setting next_dagrun for example_short_circuit_operator to 2024-02-18T12:31:44.614420+00:00, run_after=2024-02-19T12:31:44.614420+00:00
[2024-02-19T12:31:44.626+0000] {processor.py:175} INFO - Processing /home/airflow/.local/lib/python3.7/site-packages/airflow/example_dags/example_short_circuit_operator.py took 0.054 seconds
[2024-02-19T12:32:15.092+0000] {processor.py:153} INFO - Started process (PID=1944) to work on /home/airflow/.local/lib/python3.7/site-packages/airflow/example_dags/example_short_circuit_operator.py
[2024-02-19T12:32:15.093+0000] {processor.py:743} INFO - Processing file /home/airflow/.local/lib/python3.7/site-packages/airflow/example_dags/example_short_circuit_operator.py for tasks to queue
[2024-02-19T12:32:15.093+0000] {logging_mixin.py:137} INFO - [2024-02-19T12:32:15.093+0000] {dagbag.py:538} INFO - Filling up the DagBag from /home/airflow/.local/lib/python3.7/site-packages/airflow/example_dags/example_short_circuit_operator.py
[2024-02-19T12:32:15.102+0000] {processor.py:753} INFO - DAG(s) dict_keys(['example_short_circuit_operator']) retrieved from /home/airflow/.local/lib/python3.7/site-packages/airflow/example_dags/example_short_circuit_operator.py
[2024-02-19T12:32:15.116+0000] {logging_mixin.py:137} INFO - [2024-02-19T12:32:15.116+0000] {dag.py:2690} INFO - Sync 1 DAGs
[2024-02-19T12:32:15.131+0000] {logging_mixin.py:137} INFO - [2024-02-19T12:32:15.131+0000] {dag.py:3441} INFO - Setting next_dagrun for example_short_circuit_operator to 2024-02-18T12:32:15.131170+00:00, run_after=2024-02-19T12:32:15.131170+00:00
[2024-02-19T12:32:15.142+0000] {processor.py:175} INFO - Processing /home/airflow/.local/lib/python3.7/site-packages/airflow/example_dags/example_short_circuit_operator.py took 0.051 seconds
[2024-02-19T12:32:45.634+0000] {processor.py:153} INFO - Started process (PID=2079) to work on /home/airflow/.local/lib/python3.7/site-packages/airflow/example_dags/example_short_circuit_operator.py
[2024-02-19T12:32:45.635+0000] {processor.py:743} INFO - Processing file /home/airflow/.local/lib/python3.7/site-packages/airflow/example_dags/example_short_circuit_operator.py for tasks to queue
[2024-02-19T12:32:45.635+0000] {logging_mixin.py:137} INFO - [2024-02-19T12:32:45.635+0000] {dagbag.py:538} INFO - Filling up the DagBag from /home/airflow/.local/lib/python3.7/site-packages/airflow/example_dags/example_short_circuit_operator.py
[2024-02-19T12:32:45.643+0000] {processor.py:753} INFO - DAG(s) dict_keys(['example_short_circuit_operator']) retrieved from /home/airflow/.local/lib/python3.7/site-packages/airflow/example_dags/example_short_circuit_operator.py
[2024-02-19T12:32:45.658+0000] {logging_mixin.py:137} INFO - [2024-02-19T12:32:45.658+0000] {dag.py:2690} INFO - Sync 1 DAGs
[2024-02-19T12:32:45.672+0000] {logging_mixin.py:137} INFO - [2024-02-19T12:32:45.672+0000] {dag.py:3441} INFO - Setting next_dagrun for example_short_circuit_operator to 2024-02-18T12:32:45.672632+00:00, run_after=2024-02-19T12:32:45.672632+00:00
[2024-02-19T12:32:45.683+0000] {processor.py:175} INFO - Processing /home/airflow/.local/lib/python3.7/site-packages/airflow/example_dags/example_short_circuit_operator.py took 0.051 seconds
[2024-02-19T12:33:16.101+0000] {processor.py:153} INFO - Started process (PID=2182) to work on /home/airflow/.local/lib/python3.7/site-packages/airflow/example_dags/example_short_circuit_operator.py
[2024-02-19T12:33:16.101+0000] {processor.py:743} INFO - Processing file /home/airflow/.local/lib/python3.7/site-packages/airflow/example_dags/example_short_circuit_operator.py for tasks to queue
[2024-02-19T12:33:16.102+0000] {logging_mixin.py:137} INFO - [2024-02-19T12:33:16.102+0000] {dagbag.py:538} INFO - Filling up the DagBag from /home/airflow/.local/lib/python3.7/site-packages/airflow/example_dags/example_short_circuit_operator.py
[2024-02-19T12:33:16.111+0000] {processor.py:753} INFO - DAG(s) dict_keys(['example_short_circuit_operator']) retrieved from /home/airflow/.local/lib/python3.7/site-packages/airflow/example_dags/example_short_circuit_operator.py
[2024-02-19T12:33:16.126+0000] {logging_mixin.py:137} INFO - [2024-02-19T12:33:16.126+0000] {dag.py:2690} INFO - Sync 1 DAGs
[2024-02-19T12:33:16.139+0000] {logging_mixin.py:137} INFO - [2024-02-19T12:33:16.139+0000] {dag.py:3441} INFO - Setting next_dagrun for example_short_circuit_operator to 2024-02-18T12:33:16.139699+00:00, run_after=2024-02-19T12:33:16.139699+00:00
[2024-02-19T12:33:16.151+0000] {processor.py:175} INFO - Processing /home/airflow/.local/lib/python3.7/site-packages/airflow/example_dags/example_short_circuit_operator.py took 0.051 seconds
[2024-02-19T12:33:46.605+0000] {processor.py:153} INFO - Started process (PID=2317) to work on /home/airflow/.local/lib/python3.7/site-packages/airflow/example_dags/example_short_circuit_operator.py
[2024-02-19T12:33:46.605+0000] {processor.py:743} INFO - Processing file /home/airflow/.local/lib/python3.7/site-packages/airflow/example_dags/example_short_circuit_operator.py for tasks to queue
[2024-02-19T12:33:46.606+0000] {logging_mixin.py:137} INFO - [2024-02-19T12:33:46.606+0000] {dagbag.py:538} INFO - Filling up the DagBag from /home/airflow/.local/lib/python3.7/site-packages/airflow/example_dags/example_short_circuit_operator.py
[2024-02-19T12:33:46.615+0000] {processor.py:753} INFO - DAG(s) dict_keys(['example_short_circuit_operator']) retrieved from /home/airflow/.local/lib/python3.7/site-packages/airflow/example_dags/example_short_circuit_operator.py
[2024-02-19T12:33:46.629+0000] {logging_mixin.py:137} INFO - [2024-02-19T12:33:46.629+0000] {dag.py:2690} INFO - Sync 1 DAGs
[2024-02-19T12:33:46.643+0000] {logging_mixin.py:137} INFO - [2024-02-19T12:33:46.643+0000] {dag.py:3441} INFO - Setting next_dagrun for example_short_circuit_operator to 2024-02-18T12:33:46.643148+00:00, run_after=2024-02-19T12:33:46.643148+00:00
[2024-02-19T12:33:46.653+0000] {processor.py:175} INFO - Processing /home/airflow/.local/lib/python3.7/site-packages/airflow/example_dags/example_short_circuit_operator.py took 0.050 seconds
[2024-02-19T12:34:16.986+0000] {processor.py:153} INFO - Started process (PID=2452) to work on /home/airflow/.local/lib/python3.7/site-packages/airflow/example_dags/example_short_circuit_operator.py
[2024-02-19T12:34:16.987+0000] {processor.py:743} INFO - Processing file /home/airflow/.local/lib/python3.7/site-packages/airflow/example_dags/example_short_circuit_operator.py for tasks to queue
[2024-02-19T12:34:16.987+0000] {logging_mixin.py:137} INFO - [2024-02-19T12:34:16.987+0000] {dagbag.py:538} INFO - Filling up the DagBag from /home/airflow/.local/lib/python3.7/site-packages/airflow/example_dags/example_short_circuit_operator.py
[2024-02-19T12:34:16.996+0000] {processor.py:753} INFO - DAG(s) dict_keys(['example_short_circuit_operator']) retrieved from /home/airflow/.local/lib/python3.7/site-packages/airflow/example_dags/example_short_circuit_operator.py
[2024-02-19T12:34:17.010+0000] {logging_mixin.py:137} INFO - [2024-02-19T12:34:17.009+0000] {dag.py:2690} INFO - Sync 1 DAGs
[2024-02-19T12:34:17.023+0000] {logging_mixin.py:137} INFO - [2024-02-19T12:34:17.023+0000] {dag.py:3441} INFO - Setting next_dagrun for example_short_circuit_operator to 2024-02-18T12:34:17.023422+00:00, run_after=2024-02-19T12:34:17.023422+00:00
[2024-02-19T12:34:17.034+0000] {processor.py:175} INFO - Processing /home/airflow/.local/lib/python3.7/site-packages/airflow/example_dags/example_short_circuit_operator.py took 0.050 seconds
[2024-02-19T12:34:47.585+0000] {processor.py:153} INFO - Started process (PID=2555) to work on /home/airflow/.local/lib/python3.7/site-packages/airflow/example_dags/example_short_circuit_operator.py
[2024-02-19T12:34:47.586+0000] {processor.py:743} INFO - Processing file /home/airflow/.local/lib/python3.7/site-packages/airflow/example_dags/example_short_circuit_operator.py for tasks to queue
[2024-02-19T12:34:47.586+0000] {logging_mixin.py:137} INFO - [2024-02-19T12:34:47.586+0000] {dagbag.py:538} INFO - Filling up the DagBag from /home/airflow/.local/lib/python3.7/site-packages/airflow/example_dags/example_short_circuit_operator.py
[2024-02-19T12:34:47.595+0000] {processor.py:753} INFO - DAG(s) dict_keys(['example_short_circuit_operator']) retrieved from /home/airflow/.local/lib/python3.7/site-packages/airflow/example_dags/example_short_circuit_operator.py
[2024-02-19T12:34:47.609+0000] {logging_mixin.py:137} INFO - [2024-02-19T12:34:47.609+0000] {dag.py:2690} INFO - Sync 1 DAGs
[2024-02-19T12:34:47.623+0000] {logging_mixin.py:137} INFO - [2024-02-19T12:34:47.623+0000] {dag.py:3441} INFO - Setting next_dagrun for example_short_circuit_operator to 2024-02-18T12:34:47.623526+00:00, run_after=2024-02-19T12:34:47.623526+00:00
[2024-02-19T12:34:47.634+0000] {processor.py:175} INFO - Processing /home/airflow/.local/lib/python3.7/site-packages/airflow/example_dags/example_short_circuit_operator.py took 0.050 seconds
[2024-02-19T12:35:18.084+0000] {processor.py:153} INFO - Started process (PID=2690) to work on /home/airflow/.local/lib/python3.7/site-packages/airflow/example_dags/example_short_circuit_operator.py
[2024-02-19T12:35:18.084+0000] {processor.py:743} INFO - Processing file /home/airflow/.local/lib/python3.7/site-packages/airflow/example_dags/example_short_circuit_operator.py for tasks to queue
[2024-02-19T12:35:18.085+0000] {logging_mixin.py:137} INFO - [2024-02-19T12:35:18.085+0000] {dagbag.py:538} INFO - Filling up the DagBag from /home/airflow/.local/lib/python3.7/site-packages/airflow/example_dags/example_short_circuit_operator.py
[2024-02-19T12:35:18.094+0000] {processor.py:753} INFO - DAG(s) dict_keys(['example_short_circuit_operator']) retrieved from /home/airflow/.local/lib/python3.7/site-packages/airflow/example_dags/example_short_circuit_operator.py
[2024-02-19T12:35:18.109+0000] {logging_mixin.py:137} INFO - [2024-02-19T12:35:18.109+0000] {dag.py:2690} INFO - Sync 1 DAGs
[2024-02-19T12:35:18.124+0000] {logging_mixin.py:137} INFO - [2024-02-19T12:35:18.124+0000] {dag.py:3441} INFO - Setting next_dagrun for example_short_circuit_operator to 2024-02-18T12:35:18.123883+00:00, run_after=2024-02-19T12:35:18.123883+00:00
[2024-02-19T12:35:18.134+0000] {processor.py:175} INFO - Processing /home/airflow/.local/lib/python3.7/site-packages/airflow/example_dags/example_short_circuit_operator.py took 0.053 seconds
[2024-02-19T12:35:48.644+0000] {processor.py:153} INFO - Started process (PID=2825) to work on /home/airflow/.local/lib/python3.7/site-packages/airflow/example_dags/example_short_circuit_operator.py
[2024-02-19T12:35:48.645+0000] {processor.py:743} INFO - Processing file /home/airflow/.local/lib/python3.7/site-packages/airflow/example_dags/example_short_circuit_operator.py for tasks to queue
[2024-02-19T12:35:48.645+0000] {logging_mixin.py:137} INFO - [2024-02-19T12:35:48.645+0000] {dagbag.py:538} INFO - Filling up the DagBag from /home/airflow/.local/lib/python3.7/site-packages/airflow/example_dags/example_short_circuit_operator.py
[2024-02-19T12:35:48.654+0000] {processor.py:753} INFO - DAG(s) dict_keys(['example_short_circuit_operator']) retrieved from /home/airflow/.local/lib/python3.7/site-packages/airflow/example_dags/example_short_circuit_operator.py
[2024-02-19T12:35:48.668+0000] {logging_mixin.py:137} INFO - [2024-02-19T12:35:48.668+0000] {dag.py:2690} INFO - Sync 1 DAGs
[2024-02-19T12:35:48.683+0000] {logging_mixin.py:137} INFO - [2024-02-19T12:35:48.683+0000] {dag.py:3441} INFO - Setting next_dagrun for example_short_circuit_operator to 2024-02-18T12:35:48.683371+00:00, run_after=2024-02-19T12:35:48.683371+00:00
[2024-02-19T12:35:48.694+0000] {processor.py:175} INFO - Processing /home/airflow/.local/lib/python3.7/site-packages/airflow/example_dags/example_short_circuit_operator.py took 0.052 seconds
[2024-02-19T12:36:19.237+0000] {processor.py:153} INFO - Started process (PID=2928) to work on /home/airflow/.local/lib/python3.7/site-packages/airflow/example_dags/example_short_circuit_operator.py
[2024-02-19T12:36:19.238+0000] {processor.py:743} INFO - Processing file /home/airflow/.local/lib/python3.7/site-packages/airflow/example_dags/example_short_circuit_operator.py for tasks to queue
[2024-02-19T12:36:19.238+0000] {logging_mixin.py:137} INFO - [2024-02-19T12:36:19.238+0000] {dagbag.py:538} INFO - Filling up the DagBag from /home/airflow/.local/lib/python3.7/site-packages/airflow/example_dags/example_short_circuit_operator.py
[2024-02-19T12:36:19.248+0000] {processor.py:753} INFO - DAG(s) dict_keys(['example_short_circuit_operator']) retrieved from /home/airflow/.local/lib/python3.7/site-packages/airflow/example_dags/example_short_circuit_operator.py
[2024-02-19T12:36:19.262+0000] {logging_mixin.py:137} INFO - [2024-02-19T12:36:19.261+0000] {dag.py:2690} INFO - Sync 1 DAGs
[2024-02-19T12:36:19.276+0000] {logging_mixin.py:137} INFO - [2024-02-19T12:36:19.276+0000] {dag.py:3441} INFO - Setting next_dagrun for example_short_circuit_operator to 2024-02-18T12:36:19.276514+00:00, run_after=2024-02-19T12:36:19.276514+00:00
[2024-02-19T12:36:19.288+0000] {processor.py:175} INFO - Processing /home/airflow/.local/lib/python3.7/site-packages/airflow/example_dags/example_short_circuit_operator.py took 0.052 seconds
[2024-02-19T12:36:49.679+0000] {processor.py:153} INFO - Started process (PID=3063) to work on /home/airflow/.local/lib/python3.7/site-packages/airflow/example_dags/example_short_circuit_operator.py
[2024-02-19T12:36:49.680+0000] {processor.py:743} INFO - Processing file /home/airflow/.local/lib/python3.7/site-packages/airflow/example_dags/example_short_circuit_operator.py for tasks to queue
[2024-02-19T12:36:49.680+0000] {logging_mixin.py:137} INFO - [2024-02-19T12:36:49.680+0000] {dagbag.py:538} INFO - Filling up the DagBag from /home/airflow/.local/lib/python3.7/site-packages/airflow/example_dags/example_short_circuit_operator.py
[2024-02-19T12:36:49.690+0000] {processor.py:753} INFO - DAG(s) dict_keys(['example_short_circuit_operator']) retrieved from /home/airflow/.local/lib/python3.7/site-packages/airflow/example_dags/example_short_circuit_operator.py
[2024-02-19T12:36:49.704+0000] {logging_mixin.py:137} INFO - [2024-02-19T12:36:49.704+0000] {dag.py:2690} INFO - Sync 1 DAGs
[2024-02-19T12:36:49.719+0000] {logging_mixin.py:137} INFO - [2024-02-19T12:36:49.719+0000] {dag.py:3441} INFO - Setting next_dagrun for example_short_circuit_operator to 2024-02-18T12:36:49.718875+00:00, run_after=2024-02-19T12:36:49.718875+00:00
[2024-02-19T12:36:49.729+0000] {processor.py:175} INFO - Processing /home/airflow/.local/lib/python3.7/site-packages/airflow/example_dags/example_short_circuit_operator.py took 0.052 seconds
[2024-02-19T12:37:20.152+0000] {processor.py:153} INFO - Started process (PID=3198) to work on /home/airflow/.local/lib/python3.7/site-packages/airflow/example_dags/example_short_circuit_operator.py
[2024-02-19T12:37:20.153+0000] {processor.py:743} INFO - Processing file /home/airflow/.local/lib/python3.7/site-packages/airflow/example_dags/example_short_circuit_operator.py for tasks to queue
[2024-02-19T12:37:20.153+0000] {logging_mixin.py:137} INFO - [2024-02-19T12:37:20.153+0000] {dagbag.py:538} INFO - Filling up the DagBag from /home/airflow/.local/lib/python3.7/site-packages/airflow/example_dags/example_short_circuit_operator.py
[2024-02-19T12:37:20.162+0000] {processor.py:753} INFO - DAG(s) dict_keys(['example_short_circuit_operator']) retrieved from /home/airflow/.local/lib/python3.7/site-packages/airflow/example_dags/example_short_circuit_operator.py
[2024-02-19T12:37:20.176+0000] {logging_mixin.py:137} INFO - [2024-02-19T12:37:20.176+0000] {dag.py:2690} INFO - Sync 1 DAGs
[2024-02-19T12:37:20.190+0000] {logging_mixin.py:137} INFO - [2024-02-19T12:37:20.190+0000] {dag.py:3441} INFO - Setting next_dagrun for example_short_circuit_operator to 2024-02-18T12:37:20.190429+00:00, run_after=2024-02-19T12:37:20.190429+00:00
[2024-02-19T12:37:20.202+0000] {processor.py:175} INFO - Processing /home/airflow/.local/lib/python3.7/site-packages/airflow/example_dags/example_short_circuit_operator.py took 0.052 seconds
[2024-02-19T12:37:50.605+0000] {processor.py:153} INFO - Started process (PID=3301) to work on /home/airflow/.local/lib/python3.7/site-packages/airflow/example_dags/example_short_circuit_operator.py
[2024-02-19T12:37:50.606+0000] {processor.py:743} INFO - Processing file /home/airflow/.local/lib/python3.7/site-packages/airflow/example_dags/example_short_circuit_operator.py for tasks to queue
[2024-02-19T12:37:50.606+0000] {logging_mixin.py:137} INFO - [2024-02-19T12:37:50.606+0000] {dagbag.py:538} INFO - Filling up the DagBag from /home/airflow/.local/lib/python3.7/site-packages/airflow/example_dags/example_short_circuit_operator.py
[2024-02-19T12:37:50.616+0000] {processor.py:753} INFO - DAG(s) dict_keys(['example_short_circuit_operator']) retrieved from /home/airflow/.local/lib/python3.7/site-packages/airflow/example_dags/example_short_circuit_operator.py
[2024-02-19T12:37:50.630+0000] {logging_mixin.py:137} INFO - [2024-02-19T12:37:50.630+0000] {dag.py:2690} INFO - Sync 1 DAGs
[2024-02-19T12:37:50.643+0000] {logging_mixin.py:137} INFO - [2024-02-19T12:37:50.643+0000] {dag.py:3441} INFO - Setting next_dagrun for example_short_circuit_operator to 2024-02-18T12:37:50.643587+00:00, run_after=2024-02-19T12:37:50.643587+00:00
[2024-02-19T12:37:50.654+0000] {processor.py:175} INFO - Processing /home/airflow/.local/lib/python3.7/site-packages/airflow/example_dags/example_short_circuit_operator.py took 0.051 seconds
[2024-02-19T12:38:21.222+0000] {processor.py:153} INFO - Started process (PID=3436) to work on /home/airflow/.local/lib/python3.7/site-packages/airflow/example_dags/example_short_circuit_operator.py
[2024-02-19T12:38:21.223+0000] {processor.py:743} INFO - Processing file /home/airflow/.local/lib/python3.7/site-packages/airflow/example_dags/example_short_circuit_operator.py for tasks to queue
[2024-02-19T12:38:21.223+0000] {logging_mixin.py:137} INFO - [2024-02-19T12:38:21.223+0000] {dagbag.py:538} INFO - Filling up the DagBag from /home/airflow/.local/lib/python3.7/site-packages/airflow/example_dags/example_short_circuit_operator.py
[2024-02-19T12:38:21.232+0000] {processor.py:753} INFO - DAG(s) dict_keys(['example_short_circuit_operator']) retrieved from /home/airflow/.local/lib/python3.7/site-packages/airflow/example_dags/example_short_circuit_operator.py
[2024-02-19T12:38:21.246+0000] {logging_mixin.py:137} INFO - [2024-02-19T12:38:21.246+0000] {dag.py:2690} INFO - Sync 1 DAGs
[2024-02-19T12:38:21.261+0000] {logging_mixin.py:137} INFO - [2024-02-19T12:38:21.261+0000] {dag.py:3441} INFO - Setting next_dagrun for example_short_circuit_operator to 2024-02-18T12:38:21.261000+00:00, run_after=2024-02-19T12:38:21.261000+00:00
[2024-02-19T12:38:21.272+0000] {processor.py:175} INFO - Processing /home/airflow/.local/lib/python3.7/site-packages/airflow/example_dags/example_short_circuit_operator.py took 0.052 seconds
[2024-02-19T12:38:51.697+0000] {processor.py:153} INFO - Started process (PID=3571) to work on /home/airflow/.local/lib/python3.7/site-packages/airflow/example_dags/example_short_circuit_operator.py
[2024-02-19T12:38:51.698+0000] {processor.py:743} INFO - Processing file /home/airflow/.local/lib/python3.7/site-packages/airflow/example_dags/example_short_circuit_operator.py for tasks to queue
[2024-02-19T12:38:51.698+0000] {logging_mixin.py:137} INFO - [2024-02-19T12:38:51.698+0000] {dagbag.py:538} INFO - Filling up the DagBag from /home/airflow/.local/lib/python3.7/site-packages/airflow/example_dags/example_short_circuit_operator.py
[2024-02-19T12:38:51.707+0000] {processor.py:753} INFO - DAG(s) dict_keys(['example_short_circuit_operator']) retrieved from /home/airflow/.local/lib/python3.7/site-packages/airflow/example_dags/example_short_circuit_operator.py
[2024-02-19T12:38:51.722+0000] {logging_mixin.py:137} INFO - [2024-02-19T12:38:51.722+0000] {dag.py:2690} INFO - Sync 1 DAGs
[2024-02-19T12:38:51.736+0000] {logging_mixin.py:137} INFO - [2024-02-19T12:38:51.736+0000] {dag.py:3441} INFO - Setting next_dagrun for example_short_circuit_operator to 2024-02-18T12:38:51.736483+00:00, run_after=2024-02-19T12:38:51.736483+00:00
[2024-02-19T12:38:51.747+0000] {processor.py:175} INFO - Processing /home/airflow/.local/lib/python3.7/site-packages/airflow/example_dags/example_short_circuit_operator.py took 0.051 seconds
[2024-02-19T12:39:22.302+0000] {processor.py:153} INFO - Started process (PID=3674) to work on /home/airflow/.local/lib/python3.7/site-packages/airflow/example_dags/example_short_circuit_operator.py
[2024-02-19T12:39:22.302+0000] {processor.py:743} INFO - Processing file /home/airflow/.local/lib/python3.7/site-packages/airflow/example_dags/example_short_circuit_operator.py for tasks to queue
[2024-02-19T12:39:22.302+0000] {logging_mixin.py:137} INFO - [2024-02-19T12:39:22.302+0000] {dagbag.py:538} INFO - Filling up the DagBag from /home/airflow/.local/lib/python3.7/site-packages/airflow/example_dags/example_short_circuit_operator.py
[2024-02-19T12:39:22.311+0000] {processor.py:753} INFO - DAG(s) dict_keys(['example_short_circuit_operator']) retrieved from /home/airflow/.local/lib/python3.7/site-packages/airflow/example_dags/example_short_circuit_operator.py
[2024-02-19T12:39:22.325+0000] {logging_mixin.py:137} INFO - [2024-02-19T12:39:22.325+0000] {dag.py:2690} INFO - Sync 1 DAGs
[2024-02-19T12:39:22.339+0000] {logging_mixin.py:137} INFO - [2024-02-19T12:39:22.339+0000] {dag.py:3441} INFO - Setting next_dagrun for example_short_circuit_operator to 2024-02-18T12:39:22.339754+00:00, run_after=2024-02-19T12:39:22.339754+00:00
[2024-02-19T12:39:22.351+0000] {processor.py:175} INFO - Processing /home/airflow/.local/lib/python3.7/site-packages/airflow/example_dags/example_short_circuit_operator.py took 0.051 seconds
[2024-02-19T12:39:52.844+0000] {processor.py:153} INFO - Started process (PID=3809) to work on /home/airflow/.local/lib/python3.7/site-packages/airflow/example_dags/example_short_circuit_operator.py
[2024-02-19T12:39:52.845+0000] {processor.py:743} INFO - Processing file /home/airflow/.local/lib/python3.7/site-packages/airflow/example_dags/example_short_circuit_operator.py for tasks to queue
[2024-02-19T12:39:52.845+0000] {logging_mixin.py:137} INFO - [2024-02-19T12:39:52.845+0000] {dagbag.py:538} INFO - Filling up the DagBag from /home/airflow/.local/lib/python3.7/site-packages/airflow/example_dags/example_short_circuit_operator.py
[2024-02-19T12:39:52.854+0000] {processor.py:753} INFO - DAG(s) dict_keys(['example_short_circuit_operator']) retrieved from /home/airflow/.local/lib/python3.7/site-packages/airflow/example_dags/example_short_circuit_operator.py
[2024-02-19T12:39:52.869+0000] {logging_mixin.py:137} INFO - [2024-02-19T12:39:52.869+0000] {dag.py:2690} INFO - Sync 1 DAGs
[2024-02-19T12:39:52.884+0000] {logging_mixin.py:137} INFO - [2024-02-19T12:39:52.884+0000] {dag.py:3441} INFO - Setting next_dagrun for example_short_circuit_operator to 2024-02-18T12:39:52.884006+00:00, run_after=2024-02-19T12:39:52.884006+00:00
[2024-02-19T12:39:52.895+0000] {processor.py:175} INFO - Processing /home/airflow/.local/lib/python3.7/site-packages/airflow/example_dags/example_short_circuit_operator.py took 0.053 seconds
[2024-02-19T12:40:23.301+0000] {processor.py:153} INFO - Started process (PID=3944) to work on /home/airflow/.local/lib/python3.7/site-packages/airflow/example_dags/example_short_circuit_operator.py
[2024-02-19T12:40:23.302+0000] {processor.py:743} INFO - Processing file /home/airflow/.local/lib/python3.7/site-packages/airflow/example_dags/example_short_circuit_operator.py for tasks to queue
[2024-02-19T12:40:23.302+0000] {logging_mixin.py:137} INFO - [2024-02-19T12:40:23.302+0000] {dagbag.py:538} INFO - Filling up the DagBag from /home/airflow/.local/lib/python3.7/site-packages/airflow/example_dags/example_short_circuit_operator.py
[2024-02-19T12:40:23.311+0000] {processor.py:753} INFO - DAG(s) dict_keys(['example_short_circuit_operator']) retrieved from /home/airflow/.local/lib/python3.7/site-packages/airflow/example_dags/example_short_circuit_operator.py
[2024-02-19T12:40:23.325+0000] {logging_mixin.py:137} INFO - [2024-02-19T12:40:23.325+0000] {dag.py:2690} INFO - Sync 1 DAGs
[2024-02-19T12:40:23.339+0000] {logging_mixin.py:137} INFO - [2024-02-19T12:40:23.339+0000] {dag.py:3441} INFO - Setting next_dagrun for example_short_circuit_operator to 2024-02-18T12:40:23.339486+00:00, run_after=2024-02-19T12:40:23.339486+00:00
[2024-02-19T12:40:23.350+0000] {processor.py:175} INFO - Processing /home/airflow/.local/lib/python3.7/site-packages/airflow/example_dags/example_short_circuit_operator.py took 0.051 seconds
[2024-02-19T12:40:53.765+0000] {processor.py:153} INFO - Started process (PID=4048) to work on /home/airflow/.local/lib/python3.7/site-packages/airflow/example_dags/example_short_circuit_operator.py
[2024-02-19T12:40:53.766+0000] {processor.py:743} INFO - Processing file /home/airflow/.local/lib/python3.7/site-packages/airflow/example_dags/example_short_circuit_operator.py for tasks to queue
[2024-02-19T12:40:53.766+0000] {logging_mixin.py:137} INFO - [2024-02-19T12:40:53.766+0000] {dagbag.py:538} INFO - Filling up the DagBag from /home/airflow/.local/lib/python3.7/site-packages/airflow/example_dags/example_short_circuit_operator.py
[2024-02-19T12:40:53.775+0000] {processor.py:753} INFO - DAG(s) dict_keys(['example_short_circuit_operator']) retrieved from /home/airflow/.local/lib/python3.7/site-packages/airflow/example_dags/example_short_circuit_operator.py
[2024-02-19T12:40:53.789+0000] {logging_mixin.py:137} INFO - [2024-02-19T12:40:53.789+0000] {dag.py:2690} INFO - Sync 1 DAGs
[2024-02-19T12:40:53.804+0000] {logging_mixin.py:137} INFO - [2024-02-19T12:40:53.804+0000] {dag.py:3441} INFO - Setting next_dagrun for example_short_circuit_operator to 2024-02-18T12:40:53.803882+00:00, run_after=2024-02-19T12:40:53.803882+00:00
[2024-02-19T12:40:53.815+0000] {processor.py:175} INFO - Processing /home/airflow/.local/lib/python3.7/site-packages/airflow/example_dags/example_short_circuit_operator.py took 0.052 seconds
[2024-02-19T12:41:24.171+0000] {processor.py:153} INFO - Started process (PID=4183) to work on /home/airflow/.local/lib/python3.7/site-packages/airflow/example_dags/example_short_circuit_operator.py
[2024-02-19T12:41:24.172+0000] {processor.py:743} INFO - Processing file /home/airflow/.local/lib/python3.7/site-packages/airflow/example_dags/example_short_circuit_operator.py for tasks to queue
[2024-02-19T12:41:24.172+0000] {logging_mixin.py:137} INFO - [2024-02-19T12:41:24.172+0000] {dagbag.py:538} INFO - Filling up the DagBag from /home/airflow/.local/lib/python3.7/site-packages/airflow/example_dags/example_short_circuit_operator.py
[2024-02-19T12:41:24.182+0000] {processor.py:753} INFO - DAG(s) dict_keys(['example_short_circuit_operator']) retrieved from /home/airflow/.local/lib/python3.7/site-packages/airflow/example_dags/example_short_circuit_operator.py
[2024-02-19T12:41:24.195+0000] {logging_mixin.py:137} INFO - [2024-02-19T12:41:24.195+0000] {dag.py:2690} INFO - Sync 1 DAGs
[2024-02-19T12:41:24.212+0000] {logging_mixin.py:137} INFO - [2024-02-19T12:41:24.212+0000] {dag.py:3441} INFO - Setting next_dagrun for example_short_circuit_operator to 2024-02-18T12:41:24.212394+00:00, run_after=2024-02-19T12:41:24.212394+00:00
[2024-02-19T12:41:24.223+0000] {processor.py:175} INFO - Processing /home/airflow/.local/lib/python3.7/site-packages/airflow/example_dags/example_short_circuit_operator.py took 0.054 seconds
[2024-02-19T12:41:54.995+0000] {processor.py:153} INFO - Started process (PID=4318) to work on /home/airflow/.local/lib/python3.7/site-packages/airflow/example_dags/example_short_circuit_operator.py
[2024-02-19T12:41:54.996+0000] {processor.py:743} INFO - Processing file /home/airflow/.local/lib/python3.7/site-packages/airflow/example_dags/example_short_circuit_operator.py for tasks to queue
[2024-02-19T12:41:54.996+0000] {logging_mixin.py:137} INFO - [2024-02-19T12:41:54.996+0000] {dagbag.py:538} INFO - Filling up the DagBag from /home/airflow/.local/lib/python3.7/site-packages/airflow/example_dags/example_short_circuit_operator.py
[2024-02-19T12:41:55.005+0000] {processor.py:753} INFO - DAG(s) dict_keys(['example_short_circuit_operator']) retrieved from /home/airflow/.local/lib/python3.7/site-packages/airflow/example_dags/example_short_circuit_operator.py
[2024-02-19T12:41:55.020+0000] {logging_mixin.py:137} INFO - [2024-02-19T12:41:55.020+0000] {dag.py:2690} INFO - Sync 1 DAGs
[2024-02-19T12:41:55.037+0000] {logging_mixin.py:137} INFO - [2024-02-19T12:41:55.037+0000] {dag.py:3441} INFO - Setting next_dagrun for example_short_circuit_operator to 2024-02-18T12:41:55.037278+00:00, run_after=2024-02-19T12:41:55.037278+00:00
[2024-02-19T12:41:55.048+0000] {processor.py:175} INFO - Processing /home/airflow/.local/lib/python3.7/site-packages/airflow/example_dags/example_short_circuit_operator.py took 0.055 seconds
[2024-02-19T12:42:25.492+0000] {processor.py:153} INFO - Started process (PID=4421) to work on /home/airflow/.local/lib/python3.7/site-packages/airflow/example_dags/example_short_circuit_operator.py
[2024-02-19T12:42:25.492+0000] {processor.py:743} INFO - Processing file /home/airflow/.local/lib/python3.7/site-packages/airflow/example_dags/example_short_circuit_operator.py for tasks to queue
[2024-02-19T12:42:25.493+0000] {logging_mixin.py:137} INFO - [2024-02-19T12:42:25.493+0000] {dagbag.py:538} INFO - Filling up the DagBag from /home/airflow/.local/lib/python3.7/site-packages/airflow/example_dags/example_short_circuit_operator.py
[2024-02-19T12:42:25.502+0000] {processor.py:753} INFO - DAG(s) dict_keys(['example_short_circuit_operator']) retrieved from /home/airflow/.local/lib/python3.7/site-packages/airflow/example_dags/example_short_circuit_operator.py
[2024-02-19T12:42:25.516+0000] {logging_mixin.py:137} INFO - [2024-02-19T12:42:25.516+0000] {dag.py:2690} INFO - Sync 1 DAGs
[2024-02-19T12:42:25.530+0000] {logging_mixin.py:137} INFO - [2024-02-19T12:42:25.530+0000] {dag.py:3441} INFO - Setting next_dagrun for example_short_circuit_operator to 2024-02-18T12:42:25.529980+00:00, run_after=2024-02-19T12:42:25.529980+00:00
[2024-02-19T12:42:25.540+0000] {processor.py:175} INFO - Processing /home/airflow/.local/lib/python3.7/site-packages/airflow/example_dags/example_short_circuit_operator.py took 0.050 seconds
[2024-02-19T12:42:55.964+0000] {processor.py:153} INFO - Started process (PID=4556) to work on /home/airflow/.local/lib/python3.7/site-packages/airflow/example_dags/example_short_circuit_operator.py
[2024-02-19T12:42:55.964+0000] {processor.py:743} INFO - Processing file /home/airflow/.local/lib/python3.7/site-packages/airflow/example_dags/example_short_circuit_operator.py for tasks to queue
[2024-02-19T12:42:55.965+0000] {logging_mixin.py:137} INFO - [2024-02-19T12:42:55.965+0000] {dagbag.py:538} INFO - Filling up the DagBag from /home/airflow/.local/lib/python3.7/site-packages/airflow/example_dags/example_short_circuit_operator.py
[2024-02-19T12:42:55.973+0000] {processor.py:753} INFO - DAG(s) dict_keys(['example_short_circuit_operator']) retrieved from /home/airflow/.local/lib/python3.7/site-packages/airflow/example_dags/example_short_circuit_operator.py
[2024-02-19T12:42:55.987+0000] {logging_mixin.py:137} INFO - [2024-02-19T12:42:55.987+0000] {dag.py:2690} INFO - Sync 1 DAGs
[2024-02-19T12:42:56.000+0000] {logging_mixin.py:137} INFO - [2024-02-19T12:42:56.000+0000] {dag.py:3441} INFO - Setting next_dagrun for example_short_circuit_operator to 2024-02-18T12:42:56.000533+00:00, run_after=2024-02-19T12:42:56.000533+00:00
[2024-02-19T12:42:56.011+0000] {processor.py:175} INFO - Processing /home/airflow/.local/lib/python3.7/site-packages/airflow/example_dags/example_short_circuit_operator.py took 0.049 seconds
[2024-02-19T12:43:26.746+0000] {processor.py:153} INFO - Started process (PID=4691) to work on /home/airflow/.local/lib/python3.7/site-packages/airflow/example_dags/example_short_circuit_operator.py
[2024-02-19T12:43:26.746+0000] {processor.py:743} INFO - Processing file /home/airflow/.local/lib/python3.7/site-packages/airflow/example_dags/example_short_circuit_operator.py for tasks to queue
[2024-02-19T12:43:26.747+0000] {logging_mixin.py:137} INFO - [2024-02-19T12:43:26.747+0000] {dagbag.py:538} INFO - Filling up the DagBag from /home/airflow/.local/lib/python3.7/site-packages/airflow/example_dags/example_short_circuit_operator.py
[2024-02-19T12:43:26.756+0000] {processor.py:753} INFO - DAG(s) dict_keys(['example_short_circuit_operator']) retrieved from /home/airflow/.local/lib/python3.7/site-packages/airflow/example_dags/example_short_circuit_operator.py
[2024-02-19T12:43:26.771+0000] {logging_mixin.py:137} INFO - [2024-02-19T12:43:26.771+0000] {dag.py:2690} INFO - Sync 1 DAGs
[2024-02-19T12:43:26.785+0000] {logging_mixin.py:137} INFO - [2024-02-19T12:43:26.785+0000] {dag.py:3441} INFO - Setting next_dagrun for example_short_circuit_operator to 2024-02-18T12:43:26.785327+00:00, run_after=2024-02-19T12:43:26.785327+00:00
[2024-02-19T12:43:26.798+0000] {processor.py:175} INFO - Processing /home/airflow/.local/lib/python3.7/site-packages/airflow/example_dags/example_short_circuit_operator.py took 0.054 seconds
[2024-02-19T12:43:57.225+0000] {processor.py:153} INFO - Started process (PID=4794) to work on /home/airflow/.local/lib/python3.7/site-packages/airflow/example_dags/example_short_circuit_operator.py
[2024-02-19T12:43:57.226+0000] {processor.py:743} INFO - Processing file /home/airflow/.local/lib/python3.7/site-packages/airflow/example_dags/example_short_circuit_operator.py for tasks to queue
[2024-02-19T12:43:57.226+0000] {logging_mixin.py:137} INFO - [2024-02-19T12:43:57.226+0000] {dagbag.py:538} INFO - Filling up the DagBag from /home/airflow/.local/lib/python3.7/site-packages/airflow/example_dags/example_short_circuit_operator.py
[2024-02-19T12:43:57.235+0000] {processor.py:753} INFO - DAG(s) dict_keys(['example_short_circuit_operator']) retrieved from /home/airflow/.local/lib/python3.7/site-packages/airflow/example_dags/example_short_circuit_operator.py
[2024-02-19T12:43:57.252+0000] {logging_mixin.py:137} INFO - [2024-02-19T12:43:57.251+0000] {dag.py:2690} INFO - Sync 1 DAGs
[2024-02-19T12:43:57.269+0000] {logging_mixin.py:137} INFO - [2024-02-19T12:43:57.269+0000] {dag.py:3441} INFO - Setting next_dagrun for example_short_circuit_operator to 2024-02-18T12:43:57.269387+00:00, run_after=2024-02-19T12:43:57.269387+00:00
[2024-02-19T12:43:57.281+0000] {processor.py:175} INFO - Processing /home/airflow/.local/lib/python3.7/site-packages/airflow/example_dags/example_short_circuit_operator.py took 0.058 seconds
[2024-02-19T12:44:27.679+0000] {processor.py:153} INFO - Started process (PID=4928) to work on /home/airflow/.local/lib/python3.7/site-packages/airflow/example_dags/example_short_circuit_operator.py
[2024-02-19T12:44:27.680+0000] {processor.py:743} INFO - Processing file /home/airflow/.local/lib/python3.7/site-packages/airflow/example_dags/example_short_circuit_operator.py for tasks to queue
[2024-02-19T12:44:27.680+0000] {logging_mixin.py:137} INFO - [2024-02-19T12:44:27.680+0000] {dagbag.py:538} INFO - Filling up the DagBag from /home/airflow/.local/lib/python3.7/site-packages/airflow/example_dags/example_short_circuit_operator.py
[2024-02-19T12:44:27.690+0000] {processor.py:753} INFO - DAG(s) dict_keys(['example_short_circuit_operator']) retrieved from /home/airflow/.local/lib/python3.7/site-packages/airflow/example_dags/example_short_circuit_operator.py
[2024-02-19T12:44:27.705+0000] {logging_mixin.py:137} INFO - [2024-02-19T12:44:27.704+0000] {dag.py:2690} INFO - Sync 1 DAGs
[2024-02-19T12:44:27.719+0000] {logging_mixin.py:137} INFO - [2024-02-19T12:44:27.719+0000] {dag.py:3441} INFO - Setting next_dagrun for example_short_circuit_operator to 2024-02-18T12:44:27.719058+00:00, run_after=2024-02-19T12:44:27.719058+00:00
[2024-02-19T12:44:27.730+0000] {processor.py:175} INFO - Processing /home/airflow/.local/lib/python3.7/site-packages/airflow/example_dags/example_short_circuit_operator.py took 0.052 seconds
[2024-02-19T12:44:58.511+0000] {processor.py:153} INFO - Started process (PID=5063) to work on /home/airflow/.local/lib/python3.7/site-packages/airflow/example_dags/example_short_circuit_operator.py
[2024-02-19T12:44:58.511+0000] {processor.py:743} INFO - Processing file /home/airflow/.local/lib/python3.7/site-packages/airflow/example_dags/example_short_circuit_operator.py for tasks to queue
[2024-02-19T12:44:58.512+0000] {logging_mixin.py:137} INFO - [2024-02-19T12:44:58.512+0000] {dagbag.py:538} INFO - Filling up the DagBag from /home/airflow/.local/lib/python3.7/site-packages/airflow/example_dags/example_short_circuit_operator.py
[2024-02-19T12:44:58.521+0000] {processor.py:753} INFO - DAG(s) dict_keys(['example_short_circuit_operator']) retrieved from /home/airflow/.local/lib/python3.7/site-packages/airflow/example_dags/example_short_circuit_operator.py
[2024-02-19T12:44:58.536+0000] {logging_mixin.py:137} INFO - [2024-02-19T12:44:58.536+0000] {dag.py:2690} INFO - Sync 1 DAGs
[2024-02-19T12:44:58.552+0000] {logging_mixin.py:137} INFO - [2024-02-19T12:44:58.552+0000] {dag.py:3441} INFO - Setting next_dagrun for example_short_circuit_operator to 2024-02-18T12:44:58.551917+00:00, run_after=2024-02-19T12:44:58.551917+00:00
[2024-02-19T12:44:58.563+0000] {processor.py:175} INFO - Processing /home/airflow/.local/lib/python3.7/site-packages/airflow/example_dags/example_short_circuit_operator.py took 0.054 seconds
[2024-02-19T12:45:28.951+0000] {processor.py:153} INFO - Started process (PID=5166) to work on /home/airflow/.local/lib/python3.7/site-packages/airflow/example_dags/example_short_circuit_operator.py
[2024-02-19T12:45:28.952+0000] {processor.py:743} INFO - Processing file /home/airflow/.local/lib/python3.7/site-packages/airflow/example_dags/example_short_circuit_operator.py for tasks to queue
[2024-02-19T12:45:28.952+0000] {logging_mixin.py:137} INFO - [2024-02-19T12:45:28.952+0000] {dagbag.py:538} INFO - Filling up the DagBag from /home/airflow/.local/lib/python3.7/site-packages/airflow/example_dags/example_short_circuit_operator.py
[2024-02-19T12:45:28.961+0000] {processor.py:753} INFO - DAG(s) dict_keys(['example_short_circuit_operator']) retrieved from /home/airflow/.local/lib/python3.7/site-packages/airflow/example_dags/example_short_circuit_operator.py
[2024-02-19T12:45:28.976+0000] {logging_mixin.py:137} INFO - [2024-02-19T12:45:28.975+0000] {dag.py:2690} INFO - Sync 1 DAGs
[2024-02-19T12:45:28.990+0000] {logging_mixin.py:137} INFO - [2024-02-19T12:45:28.990+0000] {dag.py:3441} INFO - Setting next_dagrun for example_short_circuit_operator to 2024-02-18T12:45:28.990673+00:00, run_after=2024-02-19T12:45:28.990673+00:00
[2024-02-19T12:45:29.001+0000] {processor.py:175} INFO - Processing /home/airflow/.local/lib/python3.7/site-packages/airflow/example_dags/example_short_circuit_operator.py took 0.052 seconds
[2024-02-19T12:45:59.472+0000] {processor.py:153} INFO - Started process (PID=5301) to work on /home/airflow/.local/lib/python3.7/site-packages/airflow/example_dags/example_short_circuit_operator.py
[2024-02-19T12:45:59.473+0000] {processor.py:743} INFO - Processing file /home/airflow/.local/lib/python3.7/site-packages/airflow/example_dags/example_short_circuit_operator.py for tasks to queue
[2024-02-19T12:45:59.473+0000] {logging_mixin.py:137} INFO - [2024-02-19T12:45:59.473+0000] {dagbag.py:538} INFO - Filling up the DagBag from /home/airflow/.local/lib/python3.7/site-packages/airflow/example_dags/example_short_circuit_operator.py
[2024-02-19T12:45:59.482+0000] {processor.py:753} INFO - DAG(s) dict_keys(['example_short_circuit_operator']) retrieved from /home/airflow/.local/lib/python3.7/site-packages/airflow/example_dags/example_short_circuit_operator.py
[2024-02-19T12:45:59.496+0000] {logging_mixin.py:137} INFO - [2024-02-19T12:45:59.496+0000] {dag.py:2690} INFO - Sync 1 DAGs
[2024-02-19T12:45:59.510+0000] {logging_mixin.py:137} INFO - [2024-02-19T12:45:59.509+0000] {dag.py:3441} INFO - Setting next_dagrun for example_short_circuit_operator to 2024-02-18T12:45:59.509754+00:00, run_after=2024-02-19T12:45:59.509754+00:00
[2024-02-19T12:45:59.520+0000] {processor.py:175} INFO - Processing /home/airflow/.local/lib/python3.7/site-packages/airflow/example_dags/example_short_circuit_operator.py took 0.049 seconds
[2024-02-19T12:46:30.165+0000] {processor.py:153} INFO - Started process (PID=5436) to work on /home/airflow/.local/lib/python3.7/site-packages/airflow/example_dags/example_short_circuit_operator.py
[2024-02-19T12:46:30.165+0000] {processor.py:743} INFO - Processing file /home/airflow/.local/lib/python3.7/site-packages/airflow/example_dags/example_short_circuit_operator.py for tasks to queue
[2024-02-19T12:46:30.166+0000] {logging_mixin.py:137} INFO - [2024-02-19T12:46:30.166+0000] {dagbag.py:538} INFO - Filling up the DagBag from /home/airflow/.local/lib/python3.7/site-packages/airflow/example_dags/example_short_circuit_operator.py
[2024-02-19T12:46:30.175+0000] {processor.py:753} INFO - DAG(s) dict_keys(['example_short_circuit_operator']) retrieved from /home/airflow/.local/lib/python3.7/site-packages/airflow/example_dags/example_short_circuit_operator.py
[2024-02-19T12:46:30.192+0000] {logging_mixin.py:137} INFO - [2024-02-19T12:46:30.191+0000] {dag.py:2690} INFO - Sync 1 DAGs
[2024-02-19T12:46:30.208+0000] {logging_mixin.py:137} INFO - [2024-02-19T12:46:30.208+0000] {dag.py:3441} INFO - Setting next_dagrun for example_short_circuit_operator to 2024-02-18T12:46:30.208570+00:00, run_after=2024-02-19T12:46:30.208570+00:00
[2024-02-19T12:46:30.221+0000] {processor.py:175} INFO - Processing /home/airflow/.local/lib/python3.7/site-packages/airflow/example_dags/example_short_circuit_operator.py took 0.058 seconds
[2024-02-19T12:47:00.673+0000] {processor.py:153} INFO - Started process (PID=5539) to work on /home/airflow/.local/lib/python3.7/site-packages/airflow/example_dags/example_short_circuit_operator.py
[2024-02-19T12:47:00.674+0000] {processor.py:743} INFO - Processing file /home/airflow/.local/lib/python3.7/site-packages/airflow/example_dags/example_short_circuit_operator.py for tasks to queue
[2024-02-19T12:47:00.674+0000] {logging_mixin.py:137} INFO - [2024-02-19T12:47:00.674+0000] {dagbag.py:538} INFO - Filling up the DagBag from /home/airflow/.local/lib/python3.7/site-packages/airflow/example_dags/example_short_circuit_operator.py
[2024-02-19T12:47:00.683+0000] {processor.py:753} INFO - DAG(s) dict_keys(['example_short_circuit_operator']) retrieved from /home/airflow/.local/lib/python3.7/site-packages/airflow/example_dags/example_short_circuit_operator.py
[2024-02-19T12:47:00.698+0000] {logging_mixin.py:137} INFO - [2024-02-19T12:47:00.698+0000] {dag.py:2690} INFO - Sync 1 DAGs
[2024-02-19T12:47:00.712+0000] {logging_mixin.py:137} INFO - [2024-02-19T12:47:00.712+0000] {dag.py:3441} INFO - Setting next_dagrun for example_short_circuit_operator to 2024-02-18T12:47:00.712751+00:00, run_after=2024-02-19T12:47:00.712751+00:00
[2024-02-19T12:47:00.724+0000] {processor.py:175} INFO - Processing /home/airflow/.local/lib/python3.7/site-packages/airflow/example_dags/example_short_circuit_operator.py took 0.053 seconds
[2024-02-19T12:47:31.123+0000] {processor.py:153} INFO - Started process (PID=5674) to work on /home/airflow/.local/lib/python3.7/site-packages/airflow/example_dags/example_short_circuit_operator.py
[2024-02-19T12:47:31.124+0000] {processor.py:743} INFO - Processing file /home/airflow/.local/lib/python3.7/site-packages/airflow/example_dags/example_short_circuit_operator.py for tasks to queue
[2024-02-19T12:47:31.124+0000] {logging_mixin.py:137} INFO - [2024-02-19T12:47:31.124+0000] {dagbag.py:538} INFO - Filling up the DagBag from /home/airflow/.local/lib/python3.7/site-packages/airflow/example_dags/example_short_circuit_operator.py
[2024-02-19T12:47:31.133+0000] {processor.py:753} INFO - DAG(s) dict_keys(['example_short_circuit_operator']) retrieved from /home/airflow/.local/lib/python3.7/site-packages/airflow/example_dags/example_short_circuit_operator.py
[2024-02-19T12:47:31.147+0000] {logging_mixin.py:137} INFO - [2024-02-19T12:47:31.147+0000] {dag.py:2690} INFO - Sync 1 DAGs
[2024-02-19T12:47:31.163+0000] {logging_mixin.py:137} INFO - [2024-02-19T12:47:31.163+0000] {dag.py:3441} INFO - Setting next_dagrun for example_short_circuit_operator to 2024-02-18T12:47:31.163142+00:00, run_after=2024-02-19T12:47:31.163142+00:00
[2024-02-19T12:47:31.174+0000] {processor.py:175} INFO - Processing /home/airflow/.local/lib/python3.7/site-packages/airflow/example_dags/example_short_circuit_operator.py took 0.053 seconds
[2024-02-19T12:48:01.748+0000] {processor.py:153} INFO - Started process (PID=5809) to work on /home/airflow/.local/lib/python3.7/site-packages/airflow/example_dags/example_short_circuit_operator.py
[2024-02-19T12:48:01.749+0000] {processor.py:743} INFO - Processing file /home/airflow/.local/lib/python3.7/site-packages/airflow/example_dags/example_short_circuit_operator.py for tasks to queue
[2024-02-19T12:48:01.749+0000] {logging_mixin.py:137} INFO - [2024-02-19T12:48:01.749+0000] {dagbag.py:538} INFO - Filling up the DagBag from /home/airflow/.local/lib/python3.7/site-packages/airflow/example_dags/example_short_circuit_operator.py
[2024-02-19T12:48:01.759+0000] {processor.py:753} INFO - DAG(s) dict_keys(['example_short_circuit_operator']) retrieved from /home/airflow/.local/lib/python3.7/site-packages/airflow/example_dags/example_short_circuit_operator.py
[2024-02-19T12:48:01.776+0000] {logging_mixin.py:137} INFO - [2024-02-19T12:48:01.775+0000] {dag.py:2690} INFO - Sync 1 DAGs
[2024-02-19T12:48:01.792+0000] {logging_mixin.py:137} INFO - [2024-02-19T12:48:01.792+0000] {dag.py:3441} INFO - Setting next_dagrun for example_short_circuit_operator to 2024-02-18T12:48:01.792381+00:00, run_after=2024-02-19T12:48:01.792381+00:00
[2024-02-19T12:48:01.805+0000] {processor.py:175} INFO - Processing /home/airflow/.local/lib/python3.7/site-packages/airflow/example_dags/example_short_circuit_operator.py took 0.059 seconds
[2024-02-19T12:48:32.290+0000] {processor.py:153} INFO - Started process (PID=5912) to work on /home/airflow/.local/lib/python3.7/site-packages/airflow/example_dags/example_short_circuit_operator.py
[2024-02-19T12:48:32.290+0000] {processor.py:743} INFO - Processing file /home/airflow/.local/lib/python3.7/site-packages/airflow/example_dags/example_short_circuit_operator.py for tasks to queue
[2024-02-19T12:48:32.290+0000] {logging_mixin.py:137} INFO - [2024-02-19T12:48:32.290+0000] {dagbag.py:538} INFO - Filling up the DagBag from /home/airflow/.local/lib/python3.7/site-packages/airflow/example_dags/example_short_circuit_operator.py
[2024-02-19T12:48:32.299+0000] {processor.py:753} INFO - DAG(s) dict_keys(['example_short_circuit_operator']) retrieved from /home/airflow/.local/lib/python3.7/site-packages/airflow/example_dags/example_short_circuit_operator.py
[2024-02-19T12:48:32.313+0000] {logging_mixin.py:137} INFO - [2024-02-19T12:48:32.313+0000] {dag.py:2690} INFO - Sync 1 DAGs
[2024-02-19T12:48:32.328+0000] {logging_mixin.py:137} INFO - [2024-02-19T12:48:32.328+0000] {dag.py:3441} INFO - Setting next_dagrun for example_short_circuit_operator to 2024-02-18T12:48:32.328598+00:00, run_after=2024-02-19T12:48:32.328598+00:00
[2024-02-19T12:48:32.339+0000] {processor.py:175} INFO - Processing /home/airflow/.local/lib/python3.7/site-packages/airflow/example_dags/example_short_circuit_operator.py took 0.051 seconds
[2024-02-19T12:49:02.906+0000] {processor.py:153} INFO - Started process (PID=6047) to work on /home/airflow/.local/lib/python3.7/site-packages/airflow/example_dags/example_short_circuit_operator.py
[2024-02-19T12:49:02.907+0000] {processor.py:743} INFO - Processing file /home/airflow/.local/lib/python3.7/site-packages/airflow/example_dags/example_short_circuit_operator.py for tasks to queue
[2024-02-19T12:49:02.907+0000] {logging_mixin.py:137} INFO - [2024-02-19T12:49:02.907+0000] {dagbag.py:538} INFO - Filling up the DagBag from /home/airflow/.local/lib/python3.7/site-packages/airflow/example_dags/example_short_circuit_operator.py
[2024-02-19T12:49:02.917+0000] {processor.py:753} INFO - DAG(s) dict_keys(['example_short_circuit_operator']) retrieved from /home/airflow/.local/lib/python3.7/site-packages/airflow/example_dags/example_short_circuit_operator.py
[2024-02-19T12:49:02.930+0000] {logging_mixin.py:137} INFO - [2024-02-19T12:49:02.930+0000] {dag.py:2690} INFO - Sync 1 DAGs
[2024-02-19T12:49:02.945+0000] {logging_mixin.py:137} INFO - [2024-02-19T12:49:02.944+0000] {dag.py:3441} INFO - Setting next_dagrun for example_short_circuit_operator to 2024-02-18T12:49:02.944168+00:00, run_after=2024-02-19T12:49:02.944168+00:00
[2024-02-19T12:49:02.955+0000] {processor.py:175} INFO - Processing /home/airflow/.local/lib/python3.7/site-packages/airflow/example_dags/example_short_circuit_operator.py took 0.051 seconds
[2024-02-19T12:49:33.599+0000] {processor.py:153} INFO - Started process (PID=6182) to work on /home/airflow/.local/lib/python3.7/site-packages/airflow/example_dags/example_short_circuit_operator.py
[2024-02-19T12:49:33.599+0000] {processor.py:743} INFO - Processing file /home/airflow/.local/lib/python3.7/site-packages/airflow/example_dags/example_short_circuit_operator.py for tasks to queue
[2024-02-19T12:49:33.599+0000] {logging_mixin.py:137} INFO - [2024-02-19T12:49:33.599+0000] {dagbag.py:538} INFO - Filling up the DagBag from /home/airflow/.local/lib/python3.7/site-packages/airflow/example_dags/example_short_circuit_operator.py
[2024-02-19T12:49:33.609+0000] {processor.py:753} INFO - DAG(s) dict_keys(['example_short_circuit_operator']) retrieved from /home/airflow/.local/lib/python3.7/site-packages/airflow/example_dags/example_short_circuit_operator.py
[2024-02-19T12:49:33.624+0000] {logging_mixin.py:137} INFO - [2024-02-19T12:49:33.624+0000] {dag.py:2690} INFO - Sync 1 DAGs
[2024-02-19T12:49:33.639+0000] {logging_mixin.py:137} INFO - [2024-02-19T12:49:33.639+0000] {dag.py:3441} INFO - Setting next_dagrun for example_short_circuit_operator to 2024-02-18T12:49:33.638918+00:00, run_after=2024-02-19T12:49:33.638918+00:00
[2024-02-19T12:49:33.650+0000] {processor.py:175} INFO - Processing /home/airflow/.local/lib/python3.7/site-packages/airflow/example_dags/example_short_circuit_operator.py took 0.054 seconds
[2024-02-19T12:50:04.215+0000] {processor.py:153} INFO - Started process (PID=6285) to work on /home/airflow/.local/lib/python3.7/site-packages/airflow/example_dags/example_short_circuit_operator.py
[2024-02-19T12:50:04.216+0000] {processor.py:743} INFO - Processing file /home/airflow/.local/lib/python3.7/site-packages/airflow/example_dags/example_short_circuit_operator.py for tasks to queue
[2024-02-19T12:50:04.216+0000] {logging_mixin.py:137} INFO - [2024-02-19T12:50:04.216+0000] {dagbag.py:538} INFO - Filling up the DagBag from /home/airflow/.local/lib/python3.7/site-packages/airflow/example_dags/example_short_circuit_operator.py
[2024-02-19T12:50:04.225+0000] {processor.py:753} INFO - DAG(s) dict_keys(['example_short_circuit_operator']) retrieved from /home/airflow/.local/lib/python3.7/site-packages/airflow/example_dags/example_short_circuit_operator.py
[2024-02-19T12:50:04.240+0000] {logging_mixin.py:137} INFO - [2024-02-19T12:50:04.240+0000] {dag.py:2690} INFO - Sync 1 DAGs
[2024-02-19T12:50:04.254+0000] {logging_mixin.py:137} INFO - [2024-02-19T12:50:04.254+0000] {dag.py:3441} INFO - Setting next_dagrun for example_short_circuit_operator to 2024-02-18T12:50:04.254076+00:00, run_after=2024-02-19T12:50:04.254076+00:00
[2024-02-19T12:50:04.265+0000] {processor.py:175} INFO - Processing /home/airflow/.local/lib/python3.7/site-packages/airflow/example_dags/example_short_circuit_operator.py took 0.052 seconds
[2024-02-19T12:50:34.615+0000] {processor.py:153} INFO - Started process (PID=6420) to work on /home/airflow/.local/lib/python3.7/site-packages/airflow/example_dags/example_short_circuit_operator.py
[2024-02-19T12:50:34.616+0000] {processor.py:743} INFO - Processing file /home/airflow/.local/lib/python3.7/site-packages/airflow/example_dags/example_short_circuit_operator.py for tasks to queue
[2024-02-19T12:50:34.616+0000] {logging_mixin.py:137} INFO - [2024-02-19T12:50:34.616+0000] {dagbag.py:538} INFO - Filling up the DagBag from /home/airflow/.local/lib/python3.7/site-packages/airflow/example_dags/example_short_circuit_operator.py
[2024-02-19T12:50:34.627+0000] {processor.py:753} INFO - DAG(s) dict_keys(['example_short_circuit_operator']) retrieved from /home/airflow/.local/lib/python3.7/site-packages/airflow/example_dags/example_short_circuit_operator.py
[2024-02-19T12:50:34.642+0000] {logging_mixin.py:137} INFO - [2024-02-19T12:50:34.642+0000] {dag.py:2690} INFO - Sync 1 DAGs
[2024-02-19T12:50:34.658+0000] {logging_mixin.py:137} INFO - [2024-02-19T12:50:34.658+0000] {dag.py:3441} INFO - Setting next_dagrun for example_short_circuit_operator to 2024-02-18T12:50:34.658199+00:00, run_after=2024-02-19T12:50:34.658199+00:00
[2024-02-19T12:50:34.670+0000] {processor.py:175} INFO - Processing /home/airflow/.local/lib/python3.7/site-packages/airflow/example_dags/example_short_circuit_operator.py took 0.057 seconds
[2024-02-19T12:51:05.218+0000] {processor.py:153} INFO - Started process (PID=6522) to work on /home/airflow/.local/lib/python3.7/site-packages/airflow/example_dags/example_short_circuit_operator.py
[2024-02-19T12:51:05.219+0000] {processor.py:743} INFO - Processing file /home/airflow/.local/lib/python3.7/site-packages/airflow/example_dags/example_short_circuit_operator.py for tasks to queue
[2024-02-19T12:51:05.220+0000] {logging_mixin.py:137} INFO - [2024-02-19T12:51:05.220+0000] {dagbag.py:538} INFO - Filling up the DagBag from /home/airflow/.local/lib/python3.7/site-packages/airflow/example_dags/example_short_circuit_operator.py
[2024-02-19T12:51:05.232+0000] {processor.py:753} INFO - DAG(s) dict_keys(['example_short_circuit_operator']) retrieved from /home/airflow/.local/lib/python3.7/site-packages/airflow/example_dags/example_short_circuit_operator.py
[2024-02-19T12:51:05.251+0000] {logging_mixin.py:137} INFO - [2024-02-19T12:51:05.251+0000] {dag.py:2690} INFO - Sync 1 DAGs
[2024-02-19T12:51:05.272+0000] {logging_mixin.py:137} INFO - [2024-02-19T12:51:05.272+0000] {dag.py:3441} INFO - Setting next_dagrun for example_short_circuit_operator to 2024-02-18T12:51:05.272115+00:00, run_after=2024-02-19T12:51:05.272115+00:00
[2024-02-19T12:51:05.287+0000] {processor.py:175} INFO - Processing /home/airflow/.local/lib/python3.7/site-packages/airflow/example_dags/example_short_circuit_operator.py took 0.072 seconds
[2024-02-19T12:51:36.037+0000] {processor.py:153} INFO - Started process (PID=6657) to work on /home/airflow/.local/lib/python3.7/site-packages/airflow/example_dags/example_short_circuit_operator.py
[2024-02-19T12:51:36.037+0000] {processor.py:743} INFO - Processing file /home/airflow/.local/lib/python3.7/site-packages/airflow/example_dags/example_short_circuit_operator.py for tasks to queue
[2024-02-19T12:51:36.038+0000] {logging_mixin.py:137} INFO - [2024-02-19T12:51:36.038+0000] {dagbag.py:538} INFO - Filling up the DagBag from /home/airflow/.local/lib/python3.7/site-packages/airflow/example_dags/example_short_circuit_operator.py
[2024-02-19T12:51:36.049+0000] {processor.py:753} INFO - DAG(s) dict_keys(['example_short_circuit_operator']) retrieved from /home/airflow/.local/lib/python3.7/site-packages/airflow/example_dags/example_short_circuit_operator.py
[2024-02-19T12:51:36.068+0000] {logging_mixin.py:137} INFO - [2024-02-19T12:51:36.068+0000] {dag.py:2690} INFO - Sync 1 DAGs
[2024-02-19T12:51:36.085+0000] {logging_mixin.py:137} INFO - [2024-02-19T12:51:36.085+0000] {dag.py:3441} INFO - Setting next_dagrun for example_short_circuit_operator to 2024-02-18T12:51:36.085499+00:00, run_after=2024-02-19T12:51:36.085499+00:00
[2024-02-19T12:51:36.099+0000] {processor.py:175} INFO - Processing /home/airflow/.local/lib/python3.7/site-packages/airflow/example_dags/example_short_circuit_operator.py took 0.065 seconds
[2024-02-19T12:52:07.136+0000] {processor.py:153} INFO - Started process (PID=6792) to work on /home/airflow/.local/lib/python3.7/site-packages/airflow/example_dags/example_short_circuit_operator.py
[2024-02-19T12:52:07.137+0000] {processor.py:743} INFO - Processing file /home/airflow/.local/lib/python3.7/site-packages/airflow/example_dags/example_short_circuit_operator.py for tasks to queue
[2024-02-19T12:52:07.137+0000] {logging_mixin.py:137} INFO - [2024-02-19T12:52:07.137+0000] {dagbag.py:538} INFO - Filling up the DagBag from /home/airflow/.local/lib/python3.7/site-packages/airflow/example_dags/example_short_circuit_operator.py
[2024-02-19T12:52:07.154+0000] {processor.py:753} INFO - DAG(s) dict_keys(['example_short_circuit_operator']) retrieved from /home/airflow/.local/lib/python3.7/site-packages/airflow/example_dags/example_short_circuit_operator.py
[2024-02-19T12:52:07.178+0000] {logging_mixin.py:137} INFO - [2024-02-19T12:52:07.178+0000] {dag.py:2690} INFO - Sync 1 DAGs
[2024-02-19T12:52:07.203+0000] {logging_mixin.py:137} INFO - [2024-02-19T12:52:07.202+0000] {dag.py:3441} INFO - Setting next_dagrun for example_short_circuit_operator to 2024-02-18T12:52:07.202768+00:00, run_after=2024-02-19T12:52:07.202768+00:00
[2024-02-19T12:52:07.221+0000] {processor.py:175} INFO - Processing /home/airflow/.local/lib/python3.7/site-packages/airflow/example_dags/example_short_circuit_operator.py took 0.088 seconds
[2024-02-19T12:52:38.106+0000] {processor.py:153} INFO - Started process (PID=6895) to work on /home/airflow/.local/lib/python3.7/site-packages/airflow/example_dags/example_short_circuit_operator.py
[2024-02-19T12:52:38.106+0000] {processor.py:743} INFO - Processing file /home/airflow/.local/lib/python3.7/site-packages/airflow/example_dags/example_short_circuit_operator.py for tasks to queue
[2024-02-19T12:52:38.107+0000] {logging_mixin.py:137} INFO - [2024-02-19T12:52:38.107+0000] {dagbag.py:538} INFO - Filling up the DagBag from /home/airflow/.local/lib/python3.7/site-packages/airflow/example_dags/example_short_circuit_operator.py
[2024-02-19T12:52:38.115+0000] {processor.py:753} INFO - DAG(s) dict_keys(['example_short_circuit_operator']) retrieved from /home/airflow/.local/lib/python3.7/site-packages/airflow/example_dags/example_short_circuit_operator.py
[2024-02-19T12:52:38.130+0000] {logging_mixin.py:137} INFO - [2024-02-19T12:52:38.130+0000] {dag.py:2690} INFO - Sync 1 DAGs
[2024-02-19T12:52:38.145+0000] {logging_mixin.py:137} INFO - [2024-02-19T12:52:38.145+0000] {dag.py:3441} INFO - Setting next_dagrun for example_short_circuit_operator to 2024-02-18T12:52:38.145457+00:00, run_after=2024-02-19T12:52:38.145457+00:00
[2024-02-19T12:52:38.157+0000] {processor.py:175} INFO - Processing /home/airflow/.local/lib/python3.7/site-packages/airflow/example_dags/example_short_circuit_operator.py took 0.053 seconds
[2024-02-19T12:53:09.050+0000] {processor.py:153} INFO - Started process (PID=7030) to work on /home/airflow/.local/lib/python3.7/site-packages/airflow/example_dags/example_short_circuit_operator.py
[2024-02-19T12:53:09.051+0000] {processor.py:743} INFO - Processing file /home/airflow/.local/lib/python3.7/site-packages/airflow/example_dags/example_short_circuit_operator.py for tasks to queue
[2024-02-19T12:53:09.051+0000] {logging_mixin.py:137} INFO - [2024-02-19T12:53:09.051+0000] {dagbag.py:538} INFO - Filling up the DagBag from /home/airflow/.local/lib/python3.7/site-packages/airflow/example_dags/example_short_circuit_operator.py
[2024-02-19T12:53:09.060+0000] {processor.py:753} INFO - DAG(s) dict_keys(['example_short_circuit_operator']) retrieved from /home/airflow/.local/lib/python3.7/site-packages/airflow/example_dags/example_short_circuit_operator.py
[2024-02-19T12:53:09.076+0000] {logging_mixin.py:137} INFO - [2024-02-19T12:53:09.075+0000] {dag.py:2690} INFO - Sync 1 DAGs
[2024-02-19T12:53:09.091+0000] {logging_mixin.py:137} INFO - [2024-02-19T12:53:09.091+0000] {dag.py:3441} INFO - Setting next_dagrun for example_short_circuit_operator to 2024-02-18T12:53:09.091145+00:00, run_after=2024-02-19T12:53:09.091145+00:00
[2024-02-19T12:53:09.103+0000] {processor.py:175} INFO - Processing /home/airflow/.local/lib/python3.7/site-packages/airflow/example_dags/example_short_circuit_operator.py took 0.054 seconds
[2024-02-19T12:53:39.790+0000] {processor.py:153} INFO - Started process (PID=7166) to work on /home/airflow/.local/lib/python3.7/site-packages/airflow/example_dags/example_short_circuit_operator.py
[2024-02-19T12:53:39.791+0000] {processor.py:743} INFO - Processing file /home/airflow/.local/lib/python3.7/site-packages/airflow/example_dags/example_short_circuit_operator.py for tasks to queue
[2024-02-19T12:53:39.791+0000] {logging_mixin.py:137} INFO - [2024-02-19T12:53:39.791+0000] {dagbag.py:538} INFO - Filling up the DagBag from /home/airflow/.local/lib/python3.7/site-packages/airflow/example_dags/example_short_circuit_operator.py
[2024-02-19T12:53:39.804+0000] {processor.py:753} INFO - DAG(s) dict_keys(['example_short_circuit_operator']) retrieved from /home/airflow/.local/lib/python3.7/site-packages/airflow/example_dags/example_short_circuit_operator.py
[2024-02-19T12:53:39.826+0000] {logging_mixin.py:137} INFO - [2024-02-19T12:53:39.826+0000] {dag.py:2690} INFO - Sync 1 DAGs
[2024-02-19T12:53:39.849+0000] {logging_mixin.py:137} INFO - [2024-02-19T12:53:39.849+0000] {dag.py:3441} INFO - Setting next_dagrun for example_short_circuit_operator to 2024-02-18T12:53:39.849063+00:00, run_after=2024-02-19T12:53:39.849063+00:00
[2024-02-19T12:53:39.867+0000] {processor.py:175} INFO - Processing /home/airflow/.local/lib/python3.7/site-packages/airflow/example_dags/example_short_circuit_operator.py took 0.079 seconds
[2024-02-19T12:54:09.932+0000] {processor.py:153} INFO - Started process (PID=7269) to work on /home/airflow/.local/lib/python3.7/site-packages/airflow/example_dags/example_short_circuit_operator.py
[2024-02-19T12:54:09.933+0000] {processor.py:743} INFO - Processing file /home/airflow/.local/lib/python3.7/site-packages/airflow/example_dags/example_short_circuit_operator.py for tasks to queue
[2024-02-19T12:54:09.933+0000] {logging_mixin.py:137} INFO - [2024-02-19T12:54:09.933+0000] {dagbag.py:538} INFO - Filling up the DagBag from /home/airflow/.local/lib/python3.7/site-packages/airflow/example_dags/example_short_circuit_operator.py
[2024-02-19T12:54:09.944+0000] {processor.py:753} INFO - DAG(s) dict_keys(['example_short_circuit_operator']) retrieved from /home/airflow/.local/lib/python3.7/site-packages/airflow/example_dags/example_short_circuit_operator.py
[2024-02-19T12:54:09.961+0000] {logging_mixin.py:137} INFO - [2024-02-19T12:54:09.961+0000] {dag.py:2690} INFO - Sync 1 DAGs
[2024-02-19T12:54:09.978+0000] {logging_mixin.py:137} INFO - [2024-02-19T12:54:09.978+0000] {dag.py:3441} INFO - Setting next_dagrun for example_short_circuit_operator to 2024-02-18T12:54:09.978506+00:00, run_after=2024-02-19T12:54:09.978506+00:00
[2024-02-19T12:54:09.992+0000] {processor.py:175} INFO - Processing /home/airflow/.local/lib/python3.7/site-packages/airflow/example_dags/example_short_circuit_operator.py took 0.062 seconds
[2024-02-19T12:54:40.968+0000] {processor.py:153} INFO - Started process (PID=7404) to work on /home/airflow/.local/lib/python3.7/site-packages/airflow/example_dags/example_short_circuit_operator.py
[2024-02-19T12:54:40.969+0000] {processor.py:743} INFO - Processing file /home/airflow/.local/lib/python3.7/site-packages/airflow/example_dags/example_short_circuit_operator.py for tasks to queue
[2024-02-19T12:54:40.969+0000] {logging_mixin.py:137} INFO - [2024-02-19T12:54:40.969+0000] {dagbag.py:538} INFO - Filling up the DagBag from /home/airflow/.local/lib/python3.7/site-packages/airflow/example_dags/example_short_circuit_operator.py
[2024-02-19T12:54:40.982+0000] {processor.py:753} INFO - DAG(s) dict_keys(['example_short_circuit_operator']) retrieved from /home/airflow/.local/lib/python3.7/site-packages/airflow/example_dags/example_short_circuit_operator.py
[2024-02-19T12:54:41.002+0000] {logging_mixin.py:137} INFO - [2024-02-19T12:54:41.002+0000] {dag.py:2690} INFO - Sync 1 DAGs
[2024-02-19T12:54:41.023+0000] {logging_mixin.py:137} INFO - [2024-02-19T12:54:41.023+0000] {dag.py:3441} INFO - Setting next_dagrun for example_short_circuit_operator to 2024-02-18T12:54:41.023521+00:00, run_after=2024-02-19T12:54:41.023521+00:00
[2024-02-19T12:54:41.039+0000] {processor.py:175} INFO - Processing /home/airflow/.local/lib/python3.7/site-packages/airflow/example_dags/example_short_circuit_operator.py took 0.073 seconds
[2024-02-19T12:55:11.698+0000] {processor.py:153} INFO - Started process (PID=7507) to work on /home/airflow/.local/lib/python3.7/site-packages/airflow/example_dags/example_short_circuit_operator.py
[2024-02-19T12:55:11.699+0000] {processor.py:743} INFO - Processing file /home/airflow/.local/lib/python3.7/site-packages/airflow/example_dags/example_short_circuit_operator.py for tasks to queue
[2024-02-19T12:55:11.699+0000] {logging_mixin.py:137} INFO - [2024-02-19T12:55:11.699+0000] {dagbag.py:538} INFO - Filling up the DagBag from /home/airflow/.local/lib/python3.7/site-packages/airflow/example_dags/example_short_circuit_operator.py
[2024-02-19T12:55:11.709+0000] {processor.py:753} INFO - DAG(s) dict_keys(['example_short_circuit_operator']) retrieved from /home/airflow/.local/lib/python3.7/site-packages/airflow/example_dags/example_short_circuit_operator.py
[2024-02-19T12:55:11.726+0000] {logging_mixin.py:137} INFO - [2024-02-19T12:55:11.726+0000] {dag.py:2690} INFO - Sync 1 DAGs
[2024-02-19T12:55:11.743+0000] {logging_mixin.py:137} INFO - [2024-02-19T12:55:11.743+0000] {dag.py:3441} INFO - Setting next_dagrun for example_short_circuit_operator to 2024-02-18T12:55:11.743395+00:00, run_after=2024-02-19T12:55:11.743395+00:00
[2024-02-19T12:55:11.756+0000] {processor.py:175} INFO - Processing /home/airflow/.local/lib/python3.7/site-packages/airflow/example_dags/example_short_circuit_operator.py took 0.060 seconds
[2024-02-19T12:55:42.446+0000] {processor.py:153} INFO - Started process (PID=7642) to work on /home/airflow/.local/lib/python3.7/site-packages/airflow/example_dags/example_short_circuit_operator.py
[2024-02-19T12:55:42.447+0000] {processor.py:743} INFO - Processing file /home/airflow/.local/lib/python3.7/site-packages/airflow/example_dags/example_short_circuit_operator.py for tasks to queue
[2024-02-19T12:55:42.447+0000] {logging_mixin.py:137} INFO - [2024-02-19T12:55:42.447+0000] {dagbag.py:538} INFO - Filling up the DagBag from /home/airflow/.local/lib/python3.7/site-packages/airflow/example_dags/example_short_circuit_operator.py
[2024-02-19T12:55:42.462+0000] {processor.py:753} INFO - DAG(s) dict_keys(['example_short_circuit_operator']) retrieved from /home/airflow/.local/lib/python3.7/site-packages/airflow/example_dags/example_short_circuit_operator.py
[2024-02-19T12:55:42.486+0000] {logging_mixin.py:137} INFO - [2024-02-19T12:55:42.486+0000] {dag.py:2690} INFO - Sync 1 DAGs
[2024-02-19T12:55:42.506+0000] {logging_mixin.py:137} INFO - [2024-02-19T12:55:42.506+0000] {dag.py:3441} INFO - Setting next_dagrun for example_short_circuit_operator to 2024-02-18T12:55:42.506069+00:00, run_after=2024-02-19T12:55:42.506069+00:00
[2024-02-19T12:55:42.522+0000] {processor.py:175} INFO - Processing /home/airflow/.local/lib/python3.7/site-packages/airflow/example_dags/example_short_circuit_operator.py took 0.078 seconds
[2024-02-19T12:56:13.311+0000] {processor.py:153} INFO - Started process (PID=7777) to work on /home/airflow/.local/lib/python3.7/site-packages/airflow/example_dags/example_short_circuit_operator.py
[2024-02-19T12:56:13.312+0000] {processor.py:743} INFO - Processing file /home/airflow/.local/lib/python3.7/site-packages/airflow/example_dags/example_short_circuit_operator.py for tasks to queue
[2024-02-19T12:56:13.312+0000] {logging_mixin.py:137} INFO - [2024-02-19T12:56:13.312+0000] {dagbag.py:538} INFO - Filling up the DagBag from /home/airflow/.local/lib/python3.7/site-packages/airflow/example_dags/example_short_circuit_operator.py
[2024-02-19T12:56:13.325+0000] {processor.py:753} INFO - DAG(s) dict_keys(['example_short_circuit_operator']) retrieved from /home/airflow/.local/lib/python3.7/site-packages/airflow/example_dags/example_short_circuit_operator.py
[2024-02-19T12:56:13.346+0000] {logging_mixin.py:137} INFO - [2024-02-19T12:56:13.346+0000] {dag.py:2690} INFO - Sync 1 DAGs
[2024-02-19T12:56:13.366+0000] {logging_mixin.py:137} INFO - [2024-02-19T12:56:13.366+0000] {dag.py:3441} INFO - Setting next_dagrun for example_short_circuit_operator to 2024-02-18T12:56:13.366432+00:00, run_after=2024-02-19T12:56:13.366432+00:00
[2024-02-19T12:56:13.383+0000] {processor.py:175} INFO - Processing /home/airflow/.local/lib/python3.7/site-packages/airflow/example_dags/example_short_circuit_operator.py took 0.075 seconds
[2024-02-19T12:56:44.097+0000] {processor.py:153} INFO - Started process (PID=7880) to work on /home/airflow/.local/lib/python3.7/site-packages/airflow/example_dags/example_short_circuit_operator.py
[2024-02-19T12:56:44.097+0000] {processor.py:743} INFO - Processing file /home/airflow/.local/lib/python3.7/site-packages/airflow/example_dags/example_short_circuit_operator.py for tasks to queue
[2024-02-19T12:56:44.098+0000] {logging_mixin.py:137} INFO - [2024-02-19T12:56:44.098+0000] {dagbag.py:538} INFO - Filling up the DagBag from /home/airflow/.local/lib/python3.7/site-packages/airflow/example_dags/example_short_circuit_operator.py
[2024-02-19T12:56:44.109+0000] {processor.py:753} INFO - DAG(s) dict_keys(['example_short_circuit_operator']) retrieved from /home/airflow/.local/lib/python3.7/site-packages/airflow/example_dags/example_short_circuit_operator.py
[2024-02-19T12:56:44.127+0000] {logging_mixin.py:137} INFO - [2024-02-19T12:56:44.127+0000] {dag.py:2690} INFO - Sync 1 DAGs
[2024-02-19T12:56:44.145+0000] {logging_mixin.py:137} INFO - [2024-02-19T12:56:44.145+0000] {dag.py:3441} INFO - Setting next_dagrun for example_short_circuit_operator to 2024-02-18T12:56:44.145287+00:00, run_after=2024-02-19T12:56:44.145287+00:00
[2024-02-19T12:56:44.159+0000] {processor.py:175} INFO - Processing /home/airflow/.local/lib/python3.7/site-packages/airflow/example_dags/example_short_circuit_operator.py took 0.064 seconds
[2024-02-19T12:57:15.099+0000] {processor.py:153} INFO - Started process (PID=8015) to work on /home/airflow/.local/lib/python3.7/site-packages/airflow/example_dags/example_short_circuit_operator.py
[2024-02-19T12:57:15.099+0000] {processor.py:743} INFO - Processing file /home/airflow/.local/lib/python3.7/site-packages/airflow/example_dags/example_short_circuit_operator.py for tasks to queue
[2024-02-19T12:57:15.100+0000] {logging_mixin.py:137} INFO - [2024-02-19T12:57:15.099+0000] {dagbag.py:538} INFO - Filling up the DagBag from /home/airflow/.local/lib/python3.7/site-packages/airflow/example_dags/example_short_circuit_operator.py
[2024-02-19T12:57:15.111+0000] {processor.py:753} INFO - DAG(s) dict_keys(['example_short_circuit_operator']) retrieved from /home/airflow/.local/lib/python3.7/site-packages/airflow/example_dags/example_short_circuit_operator.py
[2024-02-19T12:57:15.130+0000] {logging_mixin.py:137} INFO - [2024-02-19T12:57:15.130+0000] {dag.py:2690} INFO - Sync 1 DAGs
[2024-02-19T12:57:15.149+0000] {logging_mixin.py:137} INFO - [2024-02-19T12:57:15.149+0000] {dag.py:3441} INFO - Setting next_dagrun for example_short_circuit_operator to 2024-02-18T12:57:15.149617+00:00, run_after=2024-02-19T12:57:15.149617+00:00
[2024-02-19T12:57:15.164+0000] {processor.py:175} INFO - Processing /home/airflow/.local/lib/python3.7/site-packages/airflow/example_dags/example_short_circuit_operator.py took 0.068 seconds
[2024-02-19T12:57:45.875+0000] {processor.py:153} INFO - Started process (PID=8150) to work on /home/airflow/.local/lib/python3.7/site-packages/airflow/example_dags/example_short_circuit_operator.py
[2024-02-19T12:57:45.876+0000] {processor.py:743} INFO - Processing file /home/airflow/.local/lib/python3.7/site-packages/airflow/example_dags/example_short_circuit_operator.py for tasks to queue
[2024-02-19T12:57:45.877+0000] {logging_mixin.py:137} INFO - [2024-02-19T12:57:45.877+0000] {dagbag.py:538} INFO - Filling up the DagBag from /home/airflow/.local/lib/python3.7/site-packages/airflow/example_dags/example_short_circuit_operator.py
[2024-02-19T12:57:45.890+0000] {processor.py:753} INFO - DAG(s) dict_keys(['example_short_circuit_operator']) retrieved from /home/airflow/.local/lib/python3.7/site-packages/airflow/example_dags/example_short_circuit_operator.py
[2024-02-19T12:57:45.914+0000] {logging_mixin.py:137} INFO - [2024-02-19T12:57:45.914+0000] {dag.py:2690} INFO - Sync 1 DAGs
[2024-02-19T12:57:45.938+0000] {logging_mixin.py:137} INFO - [2024-02-19T12:57:45.938+0000] {dag.py:3441} INFO - Setting next_dagrun for example_short_circuit_operator to 2024-02-18T12:57:45.938124+00:00, run_after=2024-02-19T12:57:45.938124+00:00
[2024-02-19T12:57:45.956+0000] {processor.py:175} INFO - Processing /home/airflow/.local/lib/python3.7/site-packages/airflow/example_dags/example_short_circuit_operator.py took 0.083 seconds
[2024-02-19T12:58:15.998+0000] {processor.py:153} INFO - Started process (PID=8252) to work on /home/airflow/.local/lib/python3.7/site-packages/airflow/example_dags/example_short_circuit_operator.py
[2024-02-19T12:58:15.998+0000] {processor.py:743} INFO - Processing file /home/airflow/.local/lib/python3.7/site-packages/airflow/example_dags/example_short_circuit_operator.py for tasks to queue
[2024-02-19T12:58:15.999+0000] {logging_mixin.py:137} INFO - [2024-02-19T12:58:15.999+0000] {dagbag.py:538} INFO - Filling up the DagBag from /home/airflow/.local/lib/python3.7/site-packages/airflow/example_dags/example_short_circuit_operator.py
[2024-02-19T12:58:16.009+0000] {processor.py:753} INFO - DAG(s) dict_keys(['example_short_circuit_operator']) retrieved from /home/airflow/.local/lib/python3.7/site-packages/airflow/example_dags/example_short_circuit_operator.py
[2024-02-19T12:58:16.027+0000] {logging_mixin.py:137} INFO - [2024-02-19T12:58:16.027+0000] {dag.py:2690} INFO - Sync 1 DAGs
[2024-02-19T12:58:16.044+0000] {logging_mixin.py:137} INFO - [2024-02-19T12:58:16.044+0000] {dag.py:3441} INFO - Setting next_dagrun for example_short_circuit_operator to 2024-02-18T12:58:16.044718+00:00, run_after=2024-02-19T12:58:16.044718+00:00
[2024-02-19T12:58:16.059+0000] {processor.py:175} INFO - Processing /home/airflow/.local/lib/python3.7/site-packages/airflow/example_dags/example_short_circuit_operator.py took 0.063 seconds
