[2024-02-19T12:24:37.790+0000] {processor.py:153} INFO - Started process (PID=65) to work on /home/airflow/.local/lib/python3.7/site-packages/airflow/example_dags/tutorial_taskflow_api.py
[2024-02-19T12:24:37.790+0000] {processor.py:743} INFO - Processing file /home/airflow/.local/lib/python3.7/site-packages/airflow/example_dags/tutorial_taskflow_api.py for tasks to queue
[2024-02-19T12:24:37.791+0000] {logging_mixin.py:137} INFO - [2024-02-19T12:24:37.791+0000] {dagbag.py:538} INFO - Filling up the DagBag from /home/airflow/.local/lib/python3.7/site-packages/airflow/example_dags/tutorial_taskflow_api.py
[2024-02-19T12:24:37.804+0000] {processor.py:753} INFO - DAG(s) dict_keys(['tutorial_taskflow_api']) retrieved from /home/airflow/.local/lib/python3.7/site-packages/airflow/example_dags/tutorial_taskflow_api.py
[2024-02-19T12:24:37.811+0000] {logging_mixin.py:137} INFO - [2024-02-19T12:24:37.811+0000] {dag.py:2690} INFO - Sync 1 DAGs
[2024-02-19T12:24:37.827+0000] {logging_mixin.py:137} INFO - [2024-02-19T12:24:37.827+0000] {dag.py:3441} INFO - Setting next_dagrun for tutorial_taskflow_api to None, run_after=None
[2024-02-19T12:24:37.838+0000] {processor.py:175} INFO - Processing /home/airflow/.local/lib/python3.7/site-packages/airflow/example_dags/tutorial_taskflow_api.py took 0.050 seconds
[2024-02-19T12:25:08.211+0000] {processor.py:153} INFO - Started process (PID=200) to work on /home/airflow/.local/lib/python3.7/site-packages/airflow/example_dags/tutorial_taskflow_api.py
[2024-02-19T12:25:08.211+0000] {processor.py:743} INFO - Processing file /home/airflow/.local/lib/python3.7/site-packages/airflow/example_dags/tutorial_taskflow_api.py for tasks to queue
[2024-02-19T12:25:08.212+0000] {logging_mixin.py:137} INFO - [2024-02-19T12:25:08.211+0000] {dagbag.py:538} INFO - Filling up the DagBag from /home/airflow/.local/lib/python3.7/site-packages/airflow/example_dags/tutorial_taskflow_api.py
[2024-02-19T12:25:08.223+0000] {processor.py:753} INFO - DAG(s) dict_keys(['tutorial_taskflow_api']) retrieved from /home/airflow/.local/lib/python3.7/site-packages/airflow/example_dags/tutorial_taskflow_api.py
[2024-02-19T12:25:08.237+0000] {logging_mixin.py:137} INFO - [2024-02-19T12:25:08.237+0000] {dag.py:2690} INFO - Sync 1 DAGs
[2024-02-19T12:25:08.251+0000] {logging_mixin.py:137} INFO - [2024-02-19T12:25:08.251+0000] {dag.py:3441} INFO - Setting next_dagrun for tutorial_taskflow_api to None, run_after=None
[2024-02-19T12:25:08.261+0000] {processor.py:175} INFO - Processing /home/airflow/.local/lib/python3.7/site-packages/airflow/example_dags/tutorial_taskflow_api.py took 0.053 seconds
[2024-02-19T12:25:38.628+0000] {processor.py:153} INFO - Started process (PID=303) to work on /home/airflow/.local/lib/python3.7/site-packages/airflow/example_dags/tutorial_taskflow_api.py
[2024-02-19T12:25:38.629+0000] {processor.py:743} INFO - Processing file /home/airflow/.local/lib/python3.7/site-packages/airflow/example_dags/tutorial_taskflow_api.py for tasks to queue
[2024-02-19T12:25:38.629+0000] {logging_mixin.py:137} INFO - [2024-02-19T12:25:38.629+0000] {dagbag.py:538} INFO - Filling up the DagBag from /home/airflow/.local/lib/python3.7/site-packages/airflow/example_dags/tutorial_taskflow_api.py
[2024-02-19T12:25:38.640+0000] {processor.py:753} INFO - DAG(s) dict_keys(['tutorial_taskflow_api']) retrieved from /home/airflow/.local/lib/python3.7/site-packages/airflow/example_dags/tutorial_taskflow_api.py
[2024-02-19T12:25:38.653+0000] {logging_mixin.py:137} INFO - [2024-02-19T12:25:38.653+0000] {dag.py:2690} INFO - Sync 1 DAGs
[2024-02-19T12:25:38.666+0000] {logging_mixin.py:137} INFO - [2024-02-19T12:25:38.666+0000] {dag.py:3441} INFO - Setting next_dagrun for tutorial_taskflow_api to None, run_after=None
[2024-02-19T12:25:38.676+0000] {processor.py:175} INFO - Processing /home/airflow/.local/lib/python3.7/site-packages/airflow/example_dags/tutorial_taskflow_api.py took 0.050 seconds
[2024-02-19T12:26:09.079+0000] {processor.py:153} INFO - Started process (PID=438) to work on /home/airflow/.local/lib/python3.7/site-packages/airflow/example_dags/tutorial_taskflow_api.py
[2024-02-19T12:26:09.080+0000] {processor.py:743} INFO - Processing file /home/airflow/.local/lib/python3.7/site-packages/airflow/example_dags/tutorial_taskflow_api.py for tasks to queue
[2024-02-19T12:26:09.080+0000] {logging_mixin.py:137} INFO - [2024-02-19T12:26:09.080+0000] {dagbag.py:538} INFO - Filling up the DagBag from /home/airflow/.local/lib/python3.7/site-packages/airflow/example_dags/tutorial_taskflow_api.py
[2024-02-19T12:26:09.092+0000] {processor.py:753} INFO - DAG(s) dict_keys(['tutorial_taskflow_api']) retrieved from /home/airflow/.local/lib/python3.7/site-packages/airflow/example_dags/tutorial_taskflow_api.py
[2024-02-19T12:26:09.104+0000] {logging_mixin.py:137} INFO - [2024-02-19T12:26:09.104+0000] {dag.py:2690} INFO - Sync 1 DAGs
[2024-02-19T12:26:09.118+0000] {logging_mixin.py:137} INFO - [2024-02-19T12:26:09.118+0000] {dag.py:3441} INFO - Setting next_dagrun for tutorial_taskflow_api to None, run_after=None
[2024-02-19T12:26:09.128+0000] {processor.py:175} INFO - Processing /home/airflow/.local/lib/python3.7/site-packages/airflow/example_dags/tutorial_taskflow_api.py took 0.050 seconds
[2024-02-19T12:26:39.467+0000] {processor.py:153} INFO - Started process (PID=573) to work on /home/airflow/.local/lib/python3.7/site-packages/airflow/example_dags/tutorial_taskflow_api.py
[2024-02-19T12:26:39.467+0000] {processor.py:743} INFO - Processing file /home/airflow/.local/lib/python3.7/site-packages/airflow/example_dags/tutorial_taskflow_api.py for tasks to queue
[2024-02-19T12:26:39.468+0000] {logging_mixin.py:137} INFO - [2024-02-19T12:26:39.467+0000] {dagbag.py:538} INFO - Filling up the DagBag from /home/airflow/.local/lib/python3.7/site-packages/airflow/example_dags/tutorial_taskflow_api.py
[2024-02-19T12:26:39.479+0000] {processor.py:753} INFO - DAG(s) dict_keys(['tutorial_taskflow_api']) retrieved from /home/airflow/.local/lib/python3.7/site-packages/airflow/example_dags/tutorial_taskflow_api.py
[2024-02-19T12:26:39.493+0000] {logging_mixin.py:137} INFO - [2024-02-19T12:26:39.492+0000] {dag.py:2690} INFO - Sync 1 DAGs
[2024-02-19T12:26:39.506+0000] {logging_mixin.py:137} INFO - [2024-02-19T12:26:39.506+0000] {dag.py:3441} INFO - Setting next_dagrun for tutorial_taskflow_api to None, run_after=None
[2024-02-19T12:26:39.516+0000] {processor.py:175} INFO - Processing /home/airflow/.local/lib/python3.7/site-packages/airflow/example_dags/tutorial_taskflow_api.py took 0.051 seconds
[2024-02-19T12:27:09.854+0000] {processor.py:153} INFO - Started process (PID=676) to work on /home/airflow/.local/lib/python3.7/site-packages/airflow/example_dags/tutorial_taskflow_api.py
[2024-02-19T12:27:09.854+0000] {processor.py:743} INFO - Processing file /home/airflow/.local/lib/python3.7/site-packages/airflow/example_dags/tutorial_taskflow_api.py for tasks to queue
[2024-02-19T12:27:09.855+0000] {logging_mixin.py:137} INFO - [2024-02-19T12:27:09.855+0000] {dagbag.py:538} INFO - Filling up the DagBag from /home/airflow/.local/lib/python3.7/site-packages/airflow/example_dags/tutorial_taskflow_api.py
[2024-02-19T12:27:09.866+0000] {processor.py:753} INFO - DAG(s) dict_keys(['tutorial_taskflow_api']) retrieved from /home/airflow/.local/lib/python3.7/site-packages/airflow/example_dags/tutorial_taskflow_api.py
[2024-02-19T12:27:09.879+0000] {logging_mixin.py:137} INFO - [2024-02-19T12:27:09.879+0000] {dag.py:2690} INFO - Sync 1 DAGs
[2024-02-19T12:27:09.893+0000] {logging_mixin.py:137} INFO - [2024-02-19T12:27:09.893+0000] {dag.py:3441} INFO - Setting next_dagrun for tutorial_taskflow_api to None, run_after=None
[2024-02-19T12:27:09.903+0000] {processor.py:175} INFO - Processing /home/airflow/.local/lib/python3.7/site-packages/airflow/example_dags/tutorial_taskflow_api.py took 0.051 seconds
[2024-02-19T12:27:40.288+0000] {processor.py:153} INFO - Started process (PID=811) to work on /home/airflow/.local/lib/python3.7/site-packages/airflow/example_dags/tutorial_taskflow_api.py
[2024-02-19T12:27:40.289+0000] {processor.py:743} INFO - Processing file /home/airflow/.local/lib/python3.7/site-packages/airflow/example_dags/tutorial_taskflow_api.py for tasks to queue
[2024-02-19T12:27:40.289+0000] {logging_mixin.py:137} INFO - [2024-02-19T12:27:40.289+0000] {dagbag.py:538} INFO - Filling up the DagBag from /home/airflow/.local/lib/python3.7/site-packages/airflow/example_dags/tutorial_taskflow_api.py
[2024-02-19T12:27:40.301+0000] {processor.py:753} INFO - DAG(s) dict_keys(['tutorial_taskflow_api']) retrieved from /home/airflow/.local/lib/python3.7/site-packages/airflow/example_dags/tutorial_taskflow_api.py
[2024-02-19T12:27:40.316+0000] {logging_mixin.py:137} INFO - [2024-02-19T12:27:40.316+0000] {dag.py:2690} INFO - Sync 1 DAGs
[2024-02-19T12:27:40.329+0000] {logging_mixin.py:137} INFO - [2024-02-19T12:27:40.329+0000] {dag.py:3441} INFO - Setting next_dagrun for tutorial_taskflow_api to None, run_after=None
[2024-02-19T12:27:40.340+0000] {processor.py:175} INFO - Processing /home/airflow/.local/lib/python3.7/site-packages/airflow/example_dags/tutorial_taskflow_api.py took 0.053 seconds
[2024-02-19T12:28:10.681+0000] {processor.py:153} INFO - Started process (PID=947) to work on /home/airflow/.local/lib/python3.7/site-packages/airflow/example_dags/tutorial_taskflow_api.py
[2024-02-19T12:28:10.681+0000] {processor.py:743} INFO - Processing file /home/airflow/.local/lib/python3.7/site-packages/airflow/example_dags/tutorial_taskflow_api.py for tasks to queue
[2024-02-19T12:28:10.681+0000] {logging_mixin.py:137} INFO - [2024-02-19T12:28:10.681+0000] {dagbag.py:538} INFO - Filling up the DagBag from /home/airflow/.local/lib/python3.7/site-packages/airflow/example_dags/tutorial_taskflow_api.py
[2024-02-19T12:28:10.693+0000] {processor.py:753} INFO - DAG(s) dict_keys(['tutorial_taskflow_api']) retrieved from /home/airflow/.local/lib/python3.7/site-packages/airflow/example_dags/tutorial_taskflow_api.py
[2024-02-19T12:28:10.706+0000] {logging_mixin.py:137} INFO - [2024-02-19T12:28:10.706+0000] {dag.py:2690} INFO - Sync 1 DAGs
[2024-02-19T12:28:10.719+0000] {logging_mixin.py:137} INFO - [2024-02-19T12:28:10.719+0000] {dag.py:3441} INFO - Setting next_dagrun for tutorial_taskflow_api to None, run_after=None
[2024-02-19T12:28:10.730+0000] {processor.py:175} INFO - Processing /home/airflow/.local/lib/python3.7/site-packages/airflow/example_dags/tutorial_taskflow_api.py took 0.051 seconds
[2024-02-19T12:28:41.143+0000] {processor.py:153} INFO - Started process (PID=1050) to work on /home/airflow/.local/lib/python3.7/site-packages/airflow/example_dags/tutorial_taskflow_api.py
[2024-02-19T12:28:41.144+0000] {processor.py:743} INFO - Processing file /home/airflow/.local/lib/python3.7/site-packages/airflow/example_dags/tutorial_taskflow_api.py for tasks to queue
[2024-02-19T12:28:41.144+0000] {logging_mixin.py:137} INFO - [2024-02-19T12:28:41.144+0000] {dagbag.py:538} INFO - Filling up the DagBag from /home/airflow/.local/lib/python3.7/site-packages/airflow/example_dags/tutorial_taskflow_api.py
[2024-02-19T12:28:41.156+0000] {processor.py:753} INFO - DAG(s) dict_keys(['tutorial_taskflow_api']) retrieved from /home/airflow/.local/lib/python3.7/site-packages/airflow/example_dags/tutorial_taskflow_api.py
[2024-02-19T12:28:41.169+0000] {logging_mixin.py:137} INFO - [2024-02-19T12:28:41.169+0000] {dag.py:2690} INFO - Sync 1 DAGs
[2024-02-19T12:28:41.182+0000] {logging_mixin.py:137} INFO - [2024-02-19T12:28:41.182+0000] {dag.py:3441} INFO - Setting next_dagrun for tutorial_taskflow_api to None, run_after=None
[2024-02-19T12:28:41.193+0000] {processor.py:175} INFO - Processing /home/airflow/.local/lib/python3.7/site-packages/airflow/example_dags/tutorial_taskflow_api.py took 0.051 seconds
[2024-02-19T12:29:11.639+0000] {processor.py:153} INFO - Started process (PID=1185) to work on /home/airflow/.local/lib/python3.7/site-packages/airflow/example_dags/tutorial_taskflow_api.py
[2024-02-19T12:29:11.639+0000] {processor.py:743} INFO - Processing file /home/airflow/.local/lib/python3.7/site-packages/airflow/example_dags/tutorial_taskflow_api.py for tasks to queue
[2024-02-19T12:29:11.640+0000] {logging_mixin.py:137} INFO - [2024-02-19T12:29:11.640+0000] {dagbag.py:538} INFO - Filling up the DagBag from /home/airflow/.local/lib/python3.7/site-packages/airflow/example_dags/tutorial_taskflow_api.py
[2024-02-19T12:29:11.651+0000] {processor.py:753} INFO - DAG(s) dict_keys(['tutorial_taskflow_api']) retrieved from /home/airflow/.local/lib/python3.7/site-packages/airflow/example_dags/tutorial_taskflow_api.py
[2024-02-19T12:29:11.666+0000] {logging_mixin.py:137} INFO - [2024-02-19T12:29:11.666+0000] {dag.py:2690} INFO - Sync 1 DAGs
[2024-02-19T12:29:11.681+0000] {logging_mixin.py:137} INFO - [2024-02-19T12:29:11.681+0000] {dag.py:3441} INFO - Setting next_dagrun for tutorial_taskflow_api to None, run_after=None
[2024-02-19T12:29:11.692+0000] {processor.py:175} INFO - Processing /home/airflow/.local/lib/python3.7/site-packages/airflow/example_dags/tutorial_taskflow_api.py took 0.055 seconds
[2024-02-19T12:29:42.285+0000] {processor.py:153} INFO - Started process (PID=1320) to work on /home/airflow/.local/lib/python3.7/site-packages/airflow/example_dags/tutorial_taskflow_api.py
[2024-02-19T12:29:42.286+0000] {processor.py:743} INFO - Processing file /home/airflow/.local/lib/python3.7/site-packages/airflow/example_dags/tutorial_taskflow_api.py for tasks to queue
[2024-02-19T12:29:42.286+0000] {logging_mixin.py:137} INFO - [2024-02-19T12:29:42.286+0000] {dagbag.py:538} INFO - Filling up the DagBag from /home/airflow/.local/lib/python3.7/site-packages/airflow/example_dags/tutorial_taskflow_api.py
[2024-02-19T12:29:42.298+0000] {processor.py:753} INFO - DAG(s) dict_keys(['tutorial_taskflow_api']) retrieved from /home/airflow/.local/lib/python3.7/site-packages/airflow/example_dags/tutorial_taskflow_api.py
[2024-02-19T12:29:42.311+0000] {logging_mixin.py:137} INFO - [2024-02-19T12:29:42.311+0000] {dag.py:2690} INFO - Sync 1 DAGs
[2024-02-19T12:29:42.325+0000] {logging_mixin.py:137} INFO - [2024-02-19T12:29:42.325+0000] {dag.py:3441} INFO - Setting next_dagrun for tutorial_taskflow_api to None, run_after=None
[2024-02-19T12:29:42.335+0000] {processor.py:175} INFO - Processing /home/airflow/.local/lib/python3.7/site-packages/airflow/example_dags/tutorial_taskflow_api.py took 0.051 seconds
[2024-02-19T12:30:12.818+0000] {processor.py:153} INFO - Started process (PID=1423) to work on /home/airflow/.local/lib/python3.7/site-packages/airflow/example_dags/tutorial_taskflow_api.py
[2024-02-19T12:30:12.819+0000] {processor.py:743} INFO - Processing file /home/airflow/.local/lib/python3.7/site-packages/airflow/example_dags/tutorial_taskflow_api.py for tasks to queue
[2024-02-19T12:30:12.819+0000] {logging_mixin.py:137} INFO - [2024-02-19T12:30:12.819+0000] {dagbag.py:538} INFO - Filling up the DagBag from /home/airflow/.local/lib/python3.7/site-packages/airflow/example_dags/tutorial_taskflow_api.py
[2024-02-19T12:30:12.831+0000] {processor.py:753} INFO - DAG(s) dict_keys(['tutorial_taskflow_api']) retrieved from /home/airflow/.local/lib/python3.7/site-packages/airflow/example_dags/tutorial_taskflow_api.py
[2024-02-19T12:30:12.845+0000] {logging_mixin.py:137} INFO - [2024-02-19T12:30:12.845+0000] {dag.py:2690} INFO - Sync 1 DAGs
[2024-02-19T12:30:12.861+0000] {logging_mixin.py:137} INFO - [2024-02-19T12:30:12.861+0000] {dag.py:3441} INFO - Setting next_dagrun for tutorial_taskflow_api to None, run_after=None
[2024-02-19T12:30:12.874+0000] {processor.py:175} INFO - Processing /home/airflow/.local/lib/python3.7/site-packages/airflow/example_dags/tutorial_taskflow_api.py took 0.057 seconds
[2024-02-19T12:30:43.252+0000] {processor.py:153} INFO - Started process (PID=1558) to work on /home/airflow/.local/lib/python3.7/site-packages/airflow/example_dags/tutorial_taskflow_api.py
[2024-02-19T12:30:43.253+0000] {processor.py:743} INFO - Processing file /home/airflow/.local/lib/python3.7/site-packages/airflow/example_dags/tutorial_taskflow_api.py for tasks to queue
[2024-02-19T12:30:43.253+0000] {logging_mixin.py:137} INFO - [2024-02-19T12:30:43.253+0000] {dagbag.py:538} INFO - Filling up the DagBag from /home/airflow/.local/lib/python3.7/site-packages/airflow/example_dags/tutorial_taskflow_api.py
[2024-02-19T12:30:43.265+0000] {processor.py:753} INFO - DAG(s) dict_keys(['tutorial_taskflow_api']) retrieved from /home/airflow/.local/lib/python3.7/site-packages/airflow/example_dags/tutorial_taskflow_api.py
[2024-02-19T12:30:43.279+0000] {logging_mixin.py:137} INFO - [2024-02-19T12:30:43.279+0000] {dag.py:2690} INFO - Sync 1 DAGs
[2024-02-19T12:30:43.294+0000] {logging_mixin.py:137} INFO - [2024-02-19T12:30:43.294+0000] {dag.py:3441} INFO - Setting next_dagrun for tutorial_taskflow_api to None, run_after=None
[2024-02-19T12:30:43.305+0000] {processor.py:175} INFO - Processing /home/airflow/.local/lib/python3.7/site-packages/airflow/example_dags/tutorial_taskflow_api.py took 0.054 seconds
[2024-02-19T12:31:13.702+0000] {processor.py:153} INFO - Started process (PID=1693) to work on /home/airflow/.local/lib/python3.7/site-packages/airflow/example_dags/tutorial_taskflow_api.py
[2024-02-19T12:31:13.702+0000] {processor.py:743} INFO - Processing file /home/airflow/.local/lib/python3.7/site-packages/airflow/example_dags/tutorial_taskflow_api.py for tasks to queue
[2024-02-19T12:31:13.703+0000] {logging_mixin.py:137} INFO - [2024-02-19T12:31:13.703+0000] {dagbag.py:538} INFO - Filling up the DagBag from /home/airflow/.local/lib/python3.7/site-packages/airflow/example_dags/tutorial_taskflow_api.py
[2024-02-19T12:31:13.714+0000] {processor.py:753} INFO - DAG(s) dict_keys(['tutorial_taskflow_api']) retrieved from /home/airflow/.local/lib/python3.7/site-packages/airflow/example_dags/tutorial_taskflow_api.py
[2024-02-19T12:31:13.731+0000] {logging_mixin.py:137} INFO - [2024-02-19T12:31:13.731+0000] {dag.py:2690} INFO - Sync 1 DAGs
[2024-02-19T12:31:13.747+0000] {logging_mixin.py:137} INFO - [2024-02-19T12:31:13.747+0000] {dag.py:3441} INFO - Setting next_dagrun for tutorial_taskflow_api to None, run_after=None
[2024-02-19T12:31:13.759+0000] {processor.py:175} INFO - Processing /home/airflow/.local/lib/python3.7/site-packages/airflow/example_dags/tutorial_taskflow_api.py took 0.059 seconds
[2024-02-19T12:31:44.140+0000] {processor.py:153} INFO - Started process (PID=1796) to work on /home/airflow/.local/lib/python3.7/site-packages/airflow/example_dags/tutorial_taskflow_api.py
[2024-02-19T12:31:44.140+0000] {processor.py:743} INFO - Processing file /home/airflow/.local/lib/python3.7/site-packages/airflow/example_dags/tutorial_taskflow_api.py for tasks to queue
[2024-02-19T12:31:44.140+0000] {logging_mixin.py:137} INFO - [2024-02-19T12:31:44.140+0000] {dagbag.py:538} INFO - Filling up the DagBag from /home/airflow/.local/lib/python3.7/site-packages/airflow/example_dags/tutorial_taskflow_api.py
[2024-02-19T12:31:44.153+0000] {processor.py:753} INFO - DAG(s) dict_keys(['tutorial_taskflow_api']) retrieved from /home/airflow/.local/lib/python3.7/site-packages/airflow/example_dags/tutorial_taskflow_api.py
[2024-02-19T12:31:44.168+0000] {logging_mixin.py:137} INFO - [2024-02-19T12:31:44.167+0000] {dag.py:2690} INFO - Sync 1 DAGs
[2024-02-19T12:31:44.181+0000] {logging_mixin.py:137} INFO - [2024-02-19T12:31:44.181+0000] {dag.py:3441} INFO - Setting next_dagrun for tutorial_taskflow_api to None, run_after=None
[2024-02-19T12:31:44.192+0000] {processor.py:175} INFO - Processing /home/airflow/.local/lib/python3.7/site-packages/airflow/example_dags/tutorial_taskflow_api.py took 0.055 seconds
[2024-02-19T12:32:14.646+0000] {processor.py:153} INFO - Started process (PID=1931) to work on /home/airflow/.local/lib/python3.7/site-packages/airflow/example_dags/tutorial_taskflow_api.py
[2024-02-19T12:32:14.646+0000] {processor.py:743} INFO - Processing file /home/airflow/.local/lib/python3.7/site-packages/airflow/example_dags/tutorial_taskflow_api.py for tasks to queue
[2024-02-19T12:32:14.647+0000] {logging_mixin.py:137} INFO - [2024-02-19T12:32:14.647+0000] {dagbag.py:538} INFO - Filling up the DagBag from /home/airflow/.local/lib/python3.7/site-packages/airflow/example_dags/tutorial_taskflow_api.py
[2024-02-19T12:32:14.659+0000] {processor.py:753} INFO - DAG(s) dict_keys(['tutorial_taskflow_api']) retrieved from /home/airflow/.local/lib/python3.7/site-packages/airflow/example_dags/tutorial_taskflow_api.py
[2024-02-19T12:32:14.673+0000] {logging_mixin.py:137} INFO - [2024-02-19T12:32:14.673+0000] {dag.py:2690} INFO - Sync 1 DAGs
[2024-02-19T12:32:14.687+0000] {logging_mixin.py:137} INFO - [2024-02-19T12:32:14.687+0000] {dag.py:3441} INFO - Setting next_dagrun for tutorial_taskflow_api to None, run_after=None
[2024-02-19T12:32:14.698+0000] {processor.py:175} INFO - Processing /home/airflow/.local/lib/python3.7/site-packages/airflow/example_dags/tutorial_taskflow_api.py took 0.054 seconds
[2024-02-19T12:32:45.148+0000] {processor.py:153} INFO - Started process (PID=2066) to work on /home/airflow/.local/lib/python3.7/site-packages/airflow/example_dags/tutorial_taskflow_api.py
[2024-02-19T12:32:45.148+0000] {processor.py:743} INFO - Processing file /home/airflow/.local/lib/python3.7/site-packages/airflow/example_dags/tutorial_taskflow_api.py for tasks to queue
[2024-02-19T12:32:45.149+0000] {logging_mixin.py:137} INFO - [2024-02-19T12:32:45.149+0000] {dagbag.py:538} INFO - Filling up the DagBag from /home/airflow/.local/lib/python3.7/site-packages/airflow/example_dags/tutorial_taskflow_api.py
[2024-02-19T12:32:45.161+0000] {processor.py:753} INFO - DAG(s) dict_keys(['tutorial_taskflow_api']) retrieved from /home/airflow/.local/lib/python3.7/site-packages/airflow/example_dags/tutorial_taskflow_api.py
[2024-02-19T12:32:45.177+0000] {logging_mixin.py:137} INFO - [2024-02-19T12:32:45.177+0000] {dag.py:2690} INFO - Sync 1 DAGs
[2024-02-19T12:32:45.192+0000] {logging_mixin.py:137} INFO - [2024-02-19T12:32:45.192+0000] {dag.py:3441} INFO - Setting next_dagrun for tutorial_taskflow_api to None, run_after=None
[2024-02-19T12:32:45.204+0000] {processor.py:175} INFO - Processing /home/airflow/.local/lib/python3.7/site-packages/airflow/example_dags/tutorial_taskflow_api.py took 0.058 seconds
[2024-02-19T12:33:15.619+0000] {processor.py:153} INFO - Started process (PID=2169) to work on /home/airflow/.local/lib/python3.7/site-packages/airflow/example_dags/tutorial_taskflow_api.py
[2024-02-19T12:33:15.620+0000] {processor.py:743} INFO - Processing file /home/airflow/.local/lib/python3.7/site-packages/airflow/example_dags/tutorial_taskflow_api.py for tasks to queue
[2024-02-19T12:33:15.620+0000] {logging_mixin.py:137} INFO - [2024-02-19T12:33:15.620+0000] {dagbag.py:538} INFO - Filling up the DagBag from /home/airflow/.local/lib/python3.7/site-packages/airflow/example_dags/tutorial_taskflow_api.py
[2024-02-19T12:33:15.631+0000] {processor.py:753} INFO - DAG(s) dict_keys(['tutorial_taskflow_api']) retrieved from /home/airflow/.local/lib/python3.7/site-packages/airflow/example_dags/tutorial_taskflow_api.py
[2024-02-19T12:33:15.645+0000] {logging_mixin.py:137} INFO - [2024-02-19T12:33:15.645+0000] {dag.py:2690} INFO - Sync 1 DAGs
[2024-02-19T12:33:15.659+0000] {logging_mixin.py:137} INFO - [2024-02-19T12:33:15.659+0000] {dag.py:3441} INFO - Setting next_dagrun for tutorial_taskflow_api to None, run_after=None
[2024-02-19T12:33:15.669+0000] {processor.py:175} INFO - Processing /home/airflow/.local/lib/python3.7/site-packages/airflow/example_dags/tutorial_taskflow_api.py took 0.052 seconds
[2024-02-19T12:33:46.142+0000] {processor.py:153} INFO - Started process (PID=2304) to work on /home/airflow/.local/lib/python3.7/site-packages/airflow/example_dags/tutorial_taskflow_api.py
[2024-02-19T12:33:46.143+0000] {processor.py:743} INFO - Processing file /home/airflow/.local/lib/python3.7/site-packages/airflow/example_dags/tutorial_taskflow_api.py for tasks to queue
[2024-02-19T12:33:46.143+0000] {logging_mixin.py:137} INFO - [2024-02-19T12:33:46.143+0000] {dagbag.py:538} INFO - Filling up the DagBag from /home/airflow/.local/lib/python3.7/site-packages/airflow/example_dags/tutorial_taskflow_api.py
[2024-02-19T12:33:46.155+0000] {processor.py:753} INFO - DAG(s) dict_keys(['tutorial_taskflow_api']) retrieved from /home/airflow/.local/lib/python3.7/site-packages/airflow/example_dags/tutorial_taskflow_api.py
[2024-02-19T12:33:46.168+0000] {logging_mixin.py:137} INFO - [2024-02-19T12:33:46.168+0000] {dag.py:2690} INFO - Sync 1 DAGs
[2024-02-19T12:33:46.181+0000] {logging_mixin.py:137} INFO - [2024-02-19T12:33:46.181+0000] {dag.py:3441} INFO - Setting next_dagrun for tutorial_taskflow_api to None, run_after=None
[2024-02-19T12:33:46.196+0000] {processor.py:175} INFO - Processing /home/airflow/.local/lib/python3.7/site-packages/airflow/example_dags/tutorial_taskflow_api.py took 0.056 seconds
[2024-02-19T12:34:16.564+0000] {processor.py:153} INFO - Started process (PID=2439) to work on /home/airflow/.local/lib/python3.7/site-packages/airflow/example_dags/tutorial_taskflow_api.py
[2024-02-19T12:34:16.565+0000] {processor.py:743} INFO - Processing file /home/airflow/.local/lib/python3.7/site-packages/airflow/example_dags/tutorial_taskflow_api.py for tasks to queue
[2024-02-19T12:34:16.565+0000] {logging_mixin.py:137} INFO - [2024-02-19T12:34:16.565+0000] {dagbag.py:538} INFO - Filling up the DagBag from /home/airflow/.local/lib/python3.7/site-packages/airflow/example_dags/tutorial_taskflow_api.py
[2024-02-19T12:34:16.577+0000] {processor.py:753} INFO - DAG(s) dict_keys(['tutorial_taskflow_api']) retrieved from /home/airflow/.local/lib/python3.7/site-packages/airflow/example_dags/tutorial_taskflow_api.py
[2024-02-19T12:34:16.590+0000] {logging_mixin.py:137} INFO - [2024-02-19T12:34:16.590+0000] {dag.py:2690} INFO - Sync 1 DAGs
[2024-02-19T12:34:16.605+0000] {logging_mixin.py:137} INFO - [2024-02-19T12:34:16.604+0000] {dag.py:3441} INFO - Setting next_dagrun for tutorial_taskflow_api to None, run_after=None
[2024-02-19T12:34:16.615+0000] {processor.py:175} INFO - Processing /home/airflow/.local/lib/python3.7/site-packages/airflow/example_dags/tutorial_taskflow_api.py took 0.052 seconds
[2024-02-19T12:34:47.056+0000] {processor.py:153} INFO - Started process (PID=2542) to work on /home/airflow/.local/lib/python3.7/site-packages/airflow/example_dags/tutorial_taskflow_api.py
[2024-02-19T12:34:47.057+0000] {processor.py:743} INFO - Processing file /home/airflow/.local/lib/python3.7/site-packages/airflow/example_dags/tutorial_taskflow_api.py for tasks to queue
[2024-02-19T12:34:47.057+0000] {logging_mixin.py:137} INFO - [2024-02-19T12:34:47.057+0000] {dagbag.py:538} INFO - Filling up the DagBag from /home/airflow/.local/lib/python3.7/site-packages/airflow/example_dags/tutorial_taskflow_api.py
[2024-02-19T12:34:47.069+0000] {processor.py:753} INFO - DAG(s) dict_keys(['tutorial_taskflow_api']) retrieved from /home/airflow/.local/lib/python3.7/site-packages/airflow/example_dags/tutorial_taskflow_api.py
[2024-02-19T12:34:47.083+0000] {logging_mixin.py:137} INFO - [2024-02-19T12:34:47.083+0000] {dag.py:2690} INFO - Sync 1 DAGs
[2024-02-19T12:34:47.097+0000] {logging_mixin.py:137} INFO - [2024-02-19T12:34:47.097+0000] {dag.py:3441} INFO - Setting next_dagrun for tutorial_taskflow_api to None, run_after=None
[2024-02-19T12:34:47.108+0000] {processor.py:175} INFO - Processing /home/airflow/.local/lib/python3.7/site-packages/airflow/example_dags/tutorial_taskflow_api.py took 0.054 seconds
[2024-02-19T12:35:17.559+0000] {processor.py:153} INFO - Started process (PID=2677) to work on /home/airflow/.local/lib/python3.7/site-packages/airflow/example_dags/tutorial_taskflow_api.py
[2024-02-19T12:35:17.559+0000] {processor.py:743} INFO - Processing file /home/airflow/.local/lib/python3.7/site-packages/airflow/example_dags/tutorial_taskflow_api.py for tasks to queue
[2024-02-19T12:35:17.560+0000] {logging_mixin.py:137} INFO - [2024-02-19T12:35:17.560+0000] {dagbag.py:538} INFO - Filling up the DagBag from /home/airflow/.local/lib/python3.7/site-packages/airflow/example_dags/tutorial_taskflow_api.py
[2024-02-19T12:35:17.572+0000] {processor.py:753} INFO - DAG(s) dict_keys(['tutorial_taskflow_api']) retrieved from /home/airflow/.local/lib/python3.7/site-packages/airflow/example_dags/tutorial_taskflow_api.py
[2024-02-19T12:35:17.586+0000] {logging_mixin.py:137} INFO - [2024-02-19T12:35:17.586+0000] {dag.py:2690} INFO - Sync 1 DAGs
[2024-02-19T12:35:17.600+0000] {logging_mixin.py:137} INFO - [2024-02-19T12:35:17.600+0000] {dag.py:3441} INFO - Setting next_dagrun for tutorial_taskflow_api to None, run_after=None
[2024-02-19T12:35:17.611+0000] {processor.py:175} INFO - Processing /home/airflow/.local/lib/python3.7/site-packages/airflow/example_dags/tutorial_taskflow_api.py took 0.054 seconds
[2024-02-19T12:35:48.123+0000] {processor.py:153} INFO - Started process (PID=2812) to work on /home/airflow/.local/lib/python3.7/site-packages/airflow/example_dags/tutorial_taskflow_api.py
[2024-02-19T12:35:48.124+0000] {processor.py:743} INFO - Processing file /home/airflow/.local/lib/python3.7/site-packages/airflow/example_dags/tutorial_taskflow_api.py for tasks to queue
[2024-02-19T12:35:48.124+0000] {logging_mixin.py:137} INFO - [2024-02-19T12:35:48.124+0000] {dagbag.py:538} INFO - Filling up the DagBag from /home/airflow/.local/lib/python3.7/site-packages/airflow/example_dags/tutorial_taskflow_api.py
[2024-02-19T12:35:48.136+0000] {processor.py:753} INFO - DAG(s) dict_keys(['tutorial_taskflow_api']) retrieved from /home/airflow/.local/lib/python3.7/site-packages/airflow/example_dags/tutorial_taskflow_api.py
[2024-02-19T12:35:48.150+0000] {logging_mixin.py:137} INFO - [2024-02-19T12:35:48.150+0000] {dag.py:2690} INFO - Sync 1 DAGs
[2024-02-19T12:35:48.163+0000] {logging_mixin.py:137} INFO - [2024-02-19T12:35:48.163+0000] {dag.py:3441} INFO - Setting next_dagrun for tutorial_taskflow_api to None, run_after=None
[2024-02-19T12:35:48.175+0000] {processor.py:175} INFO - Processing /home/airflow/.local/lib/python3.7/site-packages/airflow/example_dags/tutorial_taskflow_api.py took 0.053 seconds
[2024-02-19T12:36:18.698+0000] {processor.py:153} INFO - Started process (PID=2915) to work on /home/airflow/.local/lib/python3.7/site-packages/airflow/example_dags/tutorial_taskflow_api.py
[2024-02-19T12:36:18.699+0000] {processor.py:743} INFO - Processing file /home/airflow/.local/lib/python3.7/site-packages/airflow/example_dags/tutorial_taskflow_api.py for tasks to queue
[2024-02-19T12:36:18.700+0000] {logging_mixin.py:137} INFO - [2024-02-19T12:36:18.699+0000] {dagbag.py:538} INFO - Filling up the DagBag from /home/airflow/.local/lib/python3.7/site-packages/airflow/example_dags/tutorial_taskflow_api.py
[2024-02-19T12:36:18.720+0000] {processor.py:753} INFO - DAG(s) dict_keys(['tutorial_taskflow_api']) retrieved from /home/airflow/.local/lib/python3.7/site-packages/airflow/example_dags/tutorial_taskflow_api.py
[2024-02-19T12:36:18.743+0000] {logging_mixin.py:137} INFO - [2024-02-19T12:36:18.743+0000] {dag.py:2690} INFO - Sync 1 DAGs
[2024-02-19T12:36:18.773+0000] {logging_mixin.py:137} INFO - [2024-02-19T12:36:18.772+0000] {dag.py:3441} INFO - Setting next_dagrun for tutorial_taskflow_api to None, run_after=None
[2024-02-19T12:36:18.793+0000] {processor.py:175} INFO - Processing /home/airflow/.local/lib/python3.7/site-packages/airflow/example_dags/tutorial_taskflow_api.py took 0.098 seconds
[2024-02-19T12:36:49.246+0000] {processor.py:153} INFO - Started process (PID=3050) to work on /home/airflow/.local/lib/python3.7/site-packages/airflow/example_dags/tutorial_taskflow_api.py
[2024-02-19T12:36:49.247+0000] {processor.py:743} INFO - Processing file /home/airflow/.local/lib/python3.7/site-packages/airflow/example_dags/tutorial_taskflow_api.py for tasks to queue
[2024-02-19T12:36:49.247+0000] {logging_mixin.py:137} INFO - [2024-02-19T12:36:49.247+0000] {dagbag.py:538} INFO - Filling up the DagBag from /home/airflow/.local/lib/python3.7/site-packages/airflow/example_dags/tutorial_taskflow_api.py
[2024-02-19T12:36:49.260+0000] {processor.py:753} INFO - DAG(s) dict_keys(['tutorial_taskflow_api']) retrieved from /home/airflow/.local/lib/python3.7/site-packages/airflow/example_dags/tutorial_taskflow_api.py
[2024-02-19T12:36:49.275+0000] {logging_mixin.py:137} INFO - [2024-02-19T12:36:49.275+0000] {dag.py:2690} INFO - Sync 1 DAGs
[2024-02-19T12:36:49.290+0000] {logging_mixin.py:137} INFO - [2024-02-19T12:36:49.290+0000] {dag.py:3441} INFO - Setting next_dagrun for tutorial_taskflow_api to None, run_after=None
[2024-02-19T12:36:49.300+0000] {processor.py:175} INFO - Processing /home/airflow/.local/lib/python3.7/site-packages/airflow/example_dags/tutorial_taskflow_api.py took 0.056 seconds
[2024-02-19T12:37:19.724+0000] {processor.py:153} INFO - Started process (PID=3185) to work on /home/airflow/.local/lib/python3.7/site-packages/airflow/example_dags/tutorial_taskflow_api.py
[2024-02-19T12:37:19.724+0000] {processor.py:743} INFO - Processing file /home/airflow/.local/lib/python3.7/site-packages/airflow/example_dags/tutorial_taskflow_api.py for tasks to queue
[2024-02-19T12:37:19.725+0000] {logging_mixin.py:137} INFO - [2024-02-19T12:37:19.725+0000] {dagbag.py:538} INFO - Filling up the DagBag from /home/airflow/.local/lib/python3.7/site-packages/airflow/example_dags/tutorial_taskflow_api.py
[2024-02-19T12:37:19.736+0000] {processor.py:753} INFO - DAG(s) dict_keys(['tutorial_taskflow_api']) retrieved from /home/airflow/.local/lib/python3.7/site-packages/airflow/example_dags/tutorial_taskflow_api.py
[2024-02-19T12:37:19.750+0000] {logging_mixin.py:137} INFO - [2024-02-19T12:37:19.750+0000] {dag.py:2690} INFO - Sync 1 DAGs
[2024-02-19T12:37:19.764+0000] {logging_mixin.py:137} INFO - [2024-02-19T12:37:19.764+0000] {dag.py:3441} INFO - Setting next_dagrun for tutorial_taskflow_api to None, run_after=None
[2024-02-19T12:37:19.775+0000] {processor.py:175} INFO - Processing /home/airflow/.local/lib/python3.7/site-packages/airflow/example_dags/tutorial_taskflow_api.py took 0.053 seconds
[2024-02-19T12:37:50.168+0000] {processor.py:153} INFO - Started process (PID=3288) to work on /home/airflow/.local/lib/python3.7/site-packages/airflow/example_dags/tutorial_taskflow_api.py
[2024-02-19T12:37:50.169+0000] {processor.py:743} INFO - Processing file /home/airflow/.local/lib/python3.7/site-packages/airflow/example_dags/tutorial_taskflow_api.py for tasks to queue
[2024-02-19T12:37:50.169+0000] {logging_mixin.py:137} INFO - [2024-02-19T12:37:50.169+0000] {dagbag.py:538} INFO - Filling up the DagBag from /home/airflow/.local/lib/python3.7/site-packages/airflow/example_dags/tutorial_taskflow_api.py
[2024-02-19T12:37:50.181+0000] {processor.py:753} INFO - DAG(s) dict_keys(['tutorial_taskflow_api']) retrieved from /home/airflow/.local/lib/python3.7/site-packages/airflow/example_dags/tutorial_taskflow_api.py
[2024-02-19T12:37:50.195+0000] {logging_mixin.py:137} INFO - [2024-02-19T12:37:50.195+0000] {dag.py:2690} INFO - Sync 1 DAGs
[2024-02-19T12:37:50.209+0000] {logging_mixin.py:137} INFO - [2024-02-19T12:37:50.209+0000] {dag.py:3441} INFO - Setting next_dagrun for tutorial_taskflow_api to None, run_after=None
[2024-02-19T12:37:50.220+0000] {processor.py:175} INFO - Processing /home/airflow/.local/lib/python3.7/site-packages/airflow/example_dags/tutorial_taskflow_api.py took 0.054 seconds
[2024-02-19T12:38:20.683+0000] {processor.py:153} INFO - Started process (PID=3423) to work on /home/airflow/.local/lib/python3.7/site-packages/airflow/example_dags/tutorial_taskflow_api.py
[2024-02-19T12:38:20.684+0000] {processor.py:743} INFO - Processing file /home/airflow/.local/lib/python3.7/site-packages/airflow/example_dags/tutorial_taskflow_api.py for tasks to queue
[2024-02-19T12:38:20.684+0000] {logging_mixin.py:137} INFO - [2024-02-19T12:38:20.684+0000] {dagbag.py:538} INFO - Filling up the DagBag from /home/airflow/.local/lib/python3.7/site-packages/airflow/example_dags/tutorial_taskflow_api.py
[2024-02-19T12:38:20.697+0000] {processor.py:753} INFO - DAG(s) dict_keys(['tutorial_taskflow_api']) retrieved from /home/airflow/.local/lib/python3.7/site-packages/airflow/example_dags/tutorial_taskflow_api.py
[2024-02-19T12:38:20.712+0000] {logging_mixin.py:137} INFO - [2024-02-19T12:38:20.712+0000] {dag.py:2690} INFO - Sync 1 DAGs
[2024-02-19T12:38:20.726+0000] {logging_mixin.py:137} INFO - [2024-02-19T12:38:20.726+0000] {dag.py:3441} INFO - Setting next_dagrun for tutorial_taskflow_api to None, run_after=None
[2024-02-19T12:38:20.737+0000] {processor.py:175} INFO - Processing /home/airflow/.local/lib/python3.7/site-packages/airflow/example_dags/tutorial_taskflow_api.py took 0.056 seconds
[2024-02-19T12:38:51.236+0000] {processor.py:153} INFO - Started process (PID=3558) to work on /home/airflow/.local/lib/python3.7/site-packages/airflow/example_dags/tutorial_taskflow_api.py
[2024-02-19T12:38:51.237+0000] {processor.py:743} INFO - Processing file /home/airflow/.local/lib/python3.7/site-packages/airflow/example_dags/tutorial_taskflow_api.py for tasks to queue
[2024-02-19T12:38:51.237+0000] {logging_mixin.py:137} INFO - [2024-02-19T12:38:51.237+0000] {dagbag.py:538} INFO - Filling up the DagBag from /home/airflow/.local/lib/python3.7/site-packages/airflow/example_dags/tutorial_taskflow_api.py
[2024-02-19T12:38:51.249+0000] {processor.py:753} INFO - DAG(s) dict_keys(['tutorial_taskflow_api']) retrieved from /home/airflow/.local/lib/python3.7/site-packages/airflow/example_dags/tutorial_taskflow_api.py
[2024-02-19T12:38:51.264+0000] {logging_mixin.py:137} INFO - [2024-02-19T12:38:51.264+0000] {dag.py:2690} INFO - Sync 1 DAGs
[2024-02-19T12:38:51.278+0000] {logging_mixin.py:137} INFO - [2024-02-19T12:38:51.278+0000] {dag.py:3441} INFO - Setting next_dagrun for tutorial_taskflow_api to None, run_after=None
[2024-02-19T12:38:51.289+0000] {processor.py:175} INFO - Processing /home/airflow/.local/lib/python3.7/site-packages/airflow/example_dags/tutorial_taskflow_api.py took 0.054 seconds
[2024-02-19T12:39:21.839+0000] {processor.py:153} INFO - Started process (PID=3661) to work on /home/airflow/.local/lib/python3.7/site-packages/airflow/example_dags/tutorial_taskflow_api.py
[2024-02-19T12:39:21.840+0000] {processor.py:743} INFO - Processing file /home/airflow/.local/lib/python3.7/site-packages/airflow/example_dags/tutorial_taskflow_api.py for tasks to queue
[2024-02-19T12:39:21.840+0000] {logging_mixin.py:137} INFO - [2024-02-19T12:39:21.840+0000] {dagbag.py:538} INFO - Filling up the DagBag from /home/airflow/.local/lib/python3.7/site-packages/airflow/example_dags/tutorial_taskflow_api.py
[2024-02-19T12:39:21.854+0000] {processor.py:753} INFO - DAG(s) dict_keys(['tutorial_taskflow_api']) retrieved from /home/airflow/.local/lib/python3.7/site-packages/airflow/example_dags/tutorial_taskflow_api.py
[2024-02-19T12:39:21.869+0000] {logging_mixin.py:137} INFO - [2024-02-19T12:39:21.868+0000] {dag.py:2690} INFO - Sync 1 DAGs
[2024-02-19T12:39:21.882+0000] {logging_mixin.py:137} INFO - [2024-02-19T12:39:21.882+0000] {dag.py:3441} INFO - Setting next_dagrun for tutorial_taskflow_api to None, run_after=None
[2024-02-19T12:39:21.893+0000] {processor.py:175} INFO - Processing /home/airflow/.local/lib/python3.7/site-packages/airflow/example_dags/tutorial_taskflow_api.py took 0.056 seconds
[2024-02-19T12:39:52.324+0000] {processor.py:153} INFO - Started process (PID=3796) to work on /home/airflow/.local/lib/python3.7/site-packages/airflow/example_dags/tutorial_taskflow_api.py
[2024-02-19T12:39:52.324+0000] {processor.py:743} INFO - Processing file /home/airflow/.local/lib/python3.7/site-packages/airflow/example_dags/tutorial_taskflow_api.py for tasks to queue
[2024-02-19T12:39:52.325+0000] {logging_mixin.py:137} INFO - [2024-02-19T12:39:52.325+0000] {dagbag.py:538} INFO - Filling up the DagBag from /home/airflow/.local/lib/python3.7/site-packages/airflow/example_dags/tutorial_taskflow_api.py
[2024-02-19T12:39:52.337+0000] {processor.py:753} INFO - DAG(s) dict_keys(['tutorial_taskflow_api']) retrieved from /home/airflow/.local/lib/python3.7/site-packages/airflow/example_dags/tutorial_taskflow_api.py
[2024-02-19T12:39:52.351+0000] {logging_mixin.py:137} INFO - [2024-02-19T12:39:52.351+0000] {dag.py:2690} INFO - Sync 1 DAGs
[2024-02-19T12:39:52.367+0000] {logging_mixin.py:137} INFO - [2024-02-19T12:39:52.367+0000] {dag.py:3441} INFO - Setting next_dagrun for tutorial_taskflow_api to None, run_after=None
[2024-02-19T12:39:52.378+0000] {processor.py:175} INFO - Processing /home/airflow/.local/lib/python3.7/site-packages/airflow/example_dags/tutorial_taskflow_api.py took 0.056 seconds
[2024-02-19T12:40:22.861+0000] {processor.py:153} INFO - Started process (PID=3931) to work on /home/airflow/.local/lib/python3.7/site-packages/airflow/example_dags/tutorial_taskflow_api.py
[2024-02-19T12:40:22.861+0000] {processor.py:743} INFO - Processing file /home/airflow/.local/lib/python3.7/site-packages/airflow/example_dags/tutorial_taskflow_api.py for tasks to queue
[2024-02-19T12:40:22.862+0000] {logging_mixin.py:137} INFO - [2024-02-19T12:40:22.862+0000] {dagbag.py:538} INFO - Filling up the DagBag from /home/airflow/.local/lib/python3.7/site-packages/airflow/example_dags/tutorial_taskflow_api.py
[2024-02-19T12:40:22.874+0000] {processor.py:753} INFO - DAG(s) dict_keys(['tutorial_taskflow_api']) retrieved from /home/airflow/.local/lib/python3.7/site-packages/airflow/example_dags/tutorial_taskflow_api.py
[2024-02-19T12:40:22.889+0000] {logging_mixin.py:137} INFO - [2024-02-19T12:40:22.889+0000] {dag.py:2690} INFO - Sync 1 DAGs
[2024-02-19T12:40:22.903+0000] {logging_mixin.py:137} INFO - [2024-02-19T12:40:22.903+0000] {dag.py:3441} INFO - Setting next_dagrun for tutorial_taskflow_api to None, run_after=None
[2024-02-19T12:40:22.914+0000] {processor.py:175} INFO - Processing /home/airflow/.local/lib/python3.7/site-packages/airflow/example_dags/tutorial_taskflow_api.py took 0.055 seconds
[2024-02-19T12:40:53.331+0000] {processor.py:153} INFO - Started process (PID=4035) to work on /home/airflow/.local/lib/python3.7/site-packages/airflow/example_dags/tutorial_taskflow_api.py
[2024-02-19T12:40:53.332+0000] {processor.py:743} INFO - Processing file /home/airflow/.local/lib/python3.7/site-packages/airflow/example_dags/tutorial_taskflow_api.py for tasks to queue
[2024-02-19T12:40:53.332+0000] {logging_mixin.py:137} INFO - [2024-02-19T12:40:53.332+0000] {dagbag.py:538} INFO - Filling up the DagBag from /home/airflow/.local/lib/python3.7/site-packages/airflow/example_dags/tutorial_taskflow_api.py
[2024-02-19T12:40:53.344+0000] {processor.py:753} INFO - DAG(s) dict_keys(['tutorial_taskflow_api']) retrieved from /home/airflow/.local/lib/python3.7/site-packages/airflow/example_dags/tutorial_taskflow_api.py
[2024-02-19T12:40:53.358+0000] {logging_mixin.py:137} INFO - [2024-02-19T12:40:53.358+0000] {dag.py:2690} INFO - Sync 1 DAGs
[2024-02-19T12:40:53.372+0000] {logging_mixin.py:137} INFO - [2024-02-19T12:40:53.372+0000] {dag.py:3441} INFO - Setting next_dagrun for tutorial_taskflow_api to None, run_after=None
[2024-02-19T12:40:53.383+0000] {processor.py:175} INFO - Processing /home/airflow/.local/lib/python3.7/site-packages/airflow/example_dags/tutorial_taskflow_api.py took 0.054 seconds
[2024-02-19T12:41:23.749+0000] {processor.py:153} INFO - Started process (PID=4170) to work on /home/airflow/.local/lib/python3.7/site-packages/airflow/example_dags/tutorial_taskflow_api.py
[2024-02-19T12:41:23.750+0000] {processor.py:743} INFO - Processing file /home/airflow/.local/lib/python3.7/site-packages/airflow/example_dags/tutorial_taskflow_api.py for tasks to queue
[2024-02-19T12:41:23.750+0000] {logging_mixin.py:137} INFO - [2024-02-19T12:41:23.750+0000] {dagbag.py:538} INFO - Filling up the DagBag from /home/airflow/.local/lib/python3.7/site-packages/airflow/example_dags/tutorial_taskflow_api.py
[2024-02-19T12:41:23.762+0000] {processor.py:753} INFO - DAG(s) dict_keys(['tutorial_taskflow_api']) retrieved from /home/airflow/.local/lib/python3.7/site-packages/airflow/example_dags/tutorial_taskflow_api.py
[2024-02-19T12:41:23.775+0000] {logging_mixin.py:137} INFO - [2024-02-19T12:41:23.775+0000] {dag.py:2690} INFO - Sync 1 DAGs
[2024-02-19T12:41:23.789+0000] {logging_mixin.py:137} INFO - [2024-02-19T12:41:23.789+0000] {dag.py:3441} INFO - Setting next_dagrun for tutorial_taskflow_api to None, run_after=None
[2024-02-19T12:41:23.800+0000] {processor.py:175} INFO - Processing /home/airflow/.local/lib/python3.7/site-packages/airflow/example_dags/tutorial_taskflow_api.py took 0.053 seconds
[2024-02-19T12:41:54.380+0000] {processor.py:153} INFO - Started process (PID=4305) to work on /home/airflow/.local/lib/python3.7/site-packages/airflow/example_dags/tutorial_taskflow_api.py
[2024-02-19T12:41:54.381+0000] {processor.py:743} INFO - Processing file /home/airflow/.local/lib/python3.7/site-packages/airflow/example_dags/tutorial_taskflow_api.py for tasks to queue
[2024-02-19T12:41:54.382+0000] {logging_mixin.py:137} INFO - [2024-02-19T12:41:54.382+0000] {dagbag.py:538} INFO - Filling up the DagBag from /home/airflow/.local/lib/python3.7/site-packages/airflow/example_dags/tutorial_taskflow_api.py
[2024-02-19T12:41:54.394+0000] {processor.py:753} INFO - DAG(s) dict_keys(['tutorial_taskflow_api']) retrieved from /home/airflow/.local/lib/python3.7/site-packages/airflow/example_dags/tutorial_taskflow_api.py
[2024-02-19T12:41:54.409+0000] {logging_mixin.py:137} INFO - [2024-02-19T12:41:54.409+0000] {dag.py:2690} INFO - Sync 1 DAGs
[2024-02-19T12:41:54.426+0000] {logging_mixin.py:137} INFO - [2024-02-19T12:41:54.426+0000] {dag.py:3441} INFO - Setting next_dagrun for tutorial_taskflow_api to None, run_after=None
[2024-02-19T12:41:54.438+0000] {processor.py:175} INFO - Processing /home/airflow/.local/lib/python3.7/site-packages/airflow/example_dags/tutorial_taskflow_api.py took 0.060 seconds
[2024-02-19T12:42:25.017+0000] {processor.py:153} INFO - Started process (PID=4408) to work on /home/airflow/.local/lib/python3.7/site-packages/airflow/example_dags/tutorial_taskflow_api.py
[2024-02-19T12:42:25.018+0000] {processor.py:743} INFO - Processing file /home/airflow/.local/lib/python3.7/site-packages/airflow/example_dags/tutorial_taskflow_api.py for tasks to queue
[2024-02-19T12:42:25.018+0000] {logging_mixin.py:137} INFO - [2024-02-19T12:42:25.018+0000] {dagbag.py:538} INFO - Filling up the DagBag from /home/airflow/.local/lib/python3.7/site-packages/airflow/example_dags/tutorial_taskflow_api.py
[2024-02-19T12:42:25.033+0000] {processor.py:753} INFO - DAG(s) dict_keys(['tutorial_taskflow_api']) retrieved from /home/airflow/.local/lib/python3.7/site-packages/airflow/example_dags/tutorial_taskflow_api.py
[2024-02-19T12:42:25.048+0000] {logging_mixin.py:137} INFO - [2024-02-19T12:42:25.048+0000] {dag.py:2690} INFO - Sync 1 DAGs
[2024-02-19T12:42:25.062+0000] {logging_mixin.py:137} INFO - [2024-02-19T12:42:25.062+0000] {dag.py:3441} INFO - Setting next_dagrun for tutorial_taskflow_api to None, run_after=None
[2024-02-19T12:42:25.073+0000] {processor.py:175} INFO - Processing /home/airflow/.local/lib/python3.7/site-packages/airflow/example_dags/tutorial_taskflow_api.py took 0.057 seconds
[2024-02-19T12:42:55.536+0000] {processor.py:153} INFO - Started process (PID=4543) to work on /home/airflow/.local/lib/python3.7/site-packages/airflow/example_dags/tutorial_taskflow_api.py
[2024-02-19T12:42:55.537+0000] {processor.py:743} INFO - Processing file /home/airflow/.local/lib/python3.7/site-packages/airflow/example_dags/tutorial_taskflow_api.py for tasks to queue
[2024-02-19T12:42:55.537+0000] {logging_mixin.py:137} INFO - [2024-02-19T12:42:55.537+0000] {dagbag.py:538} INFO - Filling up the DagBag from /home/airflow/.local/lib/python3.7/site-packages/airflow/example_dags/tutorial_taskflow_api.py
[2024-02-19T12:42:55.552+0000] {processor.py:753} INFO - DAG(s) dict_keys(['tutorial_taskflow_api']) retrieved from /home/airflow/.local/lib/python3.7/site-packages/airflow/example_dags/tutorial_taskflow_api.py
[2024-02-19T12:42:55.569+0000] {logging_mixin.py:137} INFO - [2024-02-19T12:42:55.569+0000] {dag.py:2690} INFO - Sync 1 DAGs
[2024-02-19T12:42:55.585+0000] {logging_mixin.py:137} INFO - [2024-02-19T12:42:55.585+0000] {dag.py:3441} INFO - Setting next_dagrun for tutorial_taskflow_api to None, run_after=None
[2024-02-19T12:42:55.596+0000] {processor.py:175} INFO - Processing /home/airflow/.local/lib/python3.7/site-packages/airflow/example_dags/tutorial_taskflow_api.py took 0.062 seconds
[2024-02-19T12:43:26.201+0000] {processor.py:153} INFO - Started process (PID=4678) to work on /home/airflow/.local/lib/python3.7/site-packages/airflow/example_dags/tutorial_taskflow_api.py
[2024-02-19T12:43:26.207+0000] {processor.py:743} INFO - Processing file /home/airflow/.local/lib/python3.7/site-packages/airflow/example_dags/tutorial_taskflow_api.py for tasks to queue
[2024-02-19T12:43:26.208+0000] {logging_mixin.py:137} INFO - [2024-02-19T12:43:26.208+0000] {dagbag.py:538} INFO - Filling up the DagBag from /home/airflow/.local/lib/python3.7/site-packages/airflow/example_dags/tutorial_taskflow_api.py
[2024-02-19T12:43:26.239+0000] {processor.py:753} INFO - DAG(s) dict_keys(['tutorial_taskflow_api']) retrieved from /home/airflow/.local/lib/python3.7/site-packages/airflow/example_dags/tutorial_taskflow_api.py
[2024-02-19T12:43:26.264+0000] {logging_mixin.py:137} INFO - [2024-02-19T12:43:26.264+0000] {dag.py:2690} INFO - Sync 1 DAGs
[2024-02-19T12:43:26.291+0000] {logging_mixin.py:137} INFO - [2024-02-19T12:43:26.291+0000] {dag.py:3441} INFO - Setting next_dagrun for tutorial_taskflow_api to None, run_after=None
[2024-02-19T12:43:26.309+0000] {processor.py:175} INFO - Processing /home/airflow/.local/lib/python3.7/site-packages/airflow/example_dags/tutorial_taskflow_api.py took 0.111 seconds
[2024-02-19T12:43:56.801+0000] {processor.py:153} INFO - Started process (PID=4781) to work on /home/airflow/.local/lib/python3.7/site-packages/airflow/example_dags/tutorial_taskflow_api.py
[2024-02-19T12:43:56.801+0000] {processor.py:743} INFO - Processing file /home/airflow/.local/lib/python3.7/site-packages/airflow/example_dags/tutorial_taskflow_api.py for tasks to queue
[2024-02-19T12:43:56.802+0000] {logging_mixin.py:137} INFO - [2024-02-19T12:43:56.801+0000] {dagbag.py:538} INFO - Filling up the DagBag from /home/airflow/.local/lib/python3.7/site-packages/airflow/example_dags/tutorial_taskflow_api.py
[2024-02-19T12:43:56.814+0000] {processor.py:753} INFO - DAG(s) dict_keys(['tutorial_taskflow_api']) retrieved from /home/airflow/.local/lib/python3.7/site-packages/airflow/example_dags/tutorial_taskflow_api.py
[2024-02-19T12:43:56.827+0000] {logging_mixin.py:137} INFO - [2024-02-19T12:43:56.827+0000] {dag.py:2690} INFO - Sync 1 DAGs
[2024-02-19T12:43:56.841+0000] {logging_mixin.py:137} INFO - [2024-02-19T12:43:56.841+0000] {dag.py:3441} INFO - Setting next_dagrun for tutorial_taskflow_api to None, run_after=None
[2024-02-19T12:43:56.852+0000] {processor.py:175} INFO - Processing /home/airflow/.local/lib/python3.7/site-packages/airflow/example_dags/tutorial_taskflow_api.py took 0.053 seconds
[2024-02-19T12:44:27.233+0000] {processor.py:153} INFO - Started process (PID=4915) to work on /home/airflow/.local/lib/python3.7/site-packages/airflow/example_dags/tutorial_taskflow_api.py
[2024-02-19T12:44:27.233+0000] {processor.py:743} INFO - Processing file /home/airflow/.local/lib/python3.7/site-packages/airflow/example_dags/tutorial_taskflow_api.py for tasks to queue
[2024-02-19T12:44:27.233+0000] {logging_mixin.py:137} INFO - [2024-02-19T12:44:27.233+0000] {dagbag.py:538} INFO - Filling up the DagBag from /home/airflow/.local/lib/python3.7/site-packages/airflow/example_dags/tutorial_taskflow_api.py
[2024-02-19T12:44:27.246+0000] {processor.py:753} INFO - DAG(s) dict_keys(['tutorial_taskflow_api']) retrieved from /home/airflow/.local/lib/python3.7/site-packages/airflow/example_dags/tutorial_taskflow_api.py
[2024-02-19T12:44:27.260+0000] {logging_mixin.py:137} INFO - [2024-02-19T12:44:27.260+0000] {dag.py:2690} INFO - Sync 1 DAGs
[2024-02-19T12:44:27.274+0000] {logging_mixin.py:137} INFO - [2024-02-19T12:44:27.274+0000] {dag.py:3441} INFO - Setting next_dagrun for tutorial_taskflow_api to None, run_after=None
[2024-02-19T12:44:27.285+0000] {processor.py:175} INFO - Processing /home/airflow/.local/lib/python3.7/site-packages/airflow/example_dags/tutorial_taskflow_api.py took 0.054 seconds
[2024-02-19T12:44:57.826+0000] {processor.py:153} INFO - Started process (PID=5027) to work on /home/airflow/.local/lib/python3.7/site-packages/airflow/example_dags/tutorial_taskflow_api.py
[2024-02-19T12:44:57.827+0000] {processor.py:743} INFO - Processing file /home/airflow/.local/lib/python3.7/site-packages/airflow/example_dags/tutorial_taskflow_api.py for tasks to queue
[2024-02-19T12:44:57.827+0000] {logging_mixin.py:137} INFO - [2024-02-19T12:44:57.827+0000] {dagbag.py:538} INFO - Filling up the DagBag from /home/airflow/.local/lib/python3.7/site-packages/airflow/example_dags/tutorial_taskflow_api.py
[2024-02-19T12:44:57.839+0000] {processor.py:753} INFO - DAG(s) dict_keys(['tutorial_taskflow_api']) retrieved from /home/airflow/.local/lib/python3.7/site-packages/airflow/example_dags/tutorial_taskflow_api.py
[2024-02-19T12:44:57.855+0000] {logging_mixin.py:137} INFO - [2024-02-19T12:44:57.855+0000] {dag.py:2690} INFO - Sync 1 DAGs
[2024-02-19T12:44:57.869+0000] {logging_mixin.py:137} INFO - [2024-02-19T12:44:57.869+0000] {dag.py:3441} INFO - Setting next_dagrun for tutorial_taskflow_api to None, run_after=None
[2024-02-19T12:44:57.881+0000] {processor.py:175} INFO - Processing /home/airflow/.local/lib/python3.7/site-packages/airflow/example_dags/tutorial_taskflow_api.py took 0.056 seconds
[2024-02-19T12:45:28.525+0000] {processor.py:153} INFO - Started process (PID=5153) to work on /home/airflow/.local/lib/python3.7/site-packages/airflow/example_dags/tutorial_taskflow_api.py
[2024-02-19T12:45:28.525+0000] {processor.py:743} INFO - Processing file /home/airflow/.local/lib/python3.7/site-packages/airflow/example_dags/tutorial_taskflow_api.py for tasks to queue
[2024-02-19T12:45:28.526+0000] {logging_mixin.py:137} INFO - [2024-02-19T12:45:28.525+0000] {dagbag.py:538} INFO - Filling up the DagBag from /home/airflow/.local/lib/python3.7/site-packages/airflow/example_dags/tutorial_taskflow_api.py
[2024-02-19T12:45:28.537+0000] {processor.py:753} INFO - DAG(s) dict_keys(['tutorial_taskflow_api']) retrieved from /home/airflow/.local/lib/python3.7/site-packages/airflow/example_dags/tutorial_taskflow_api.py
[2024-02-19T12:45:28.551+0000] {logging_mixin.py:137} INFO - [2024-02-19T12:45:28.551+0000] {dag.py:2690} INFO - Sync 1 DAGs
[2024-02-19T12:45:28.565+0000] {logging_mixin.py:137} INFO - [2024-02-19T12:45:28.565+0000] {dag.py:3441} INFO - Setting next_dagrun for tutorial_taskflow_api to None, run_after=None
[2024-02-19T12:45:28.575+0000] {processor.py:175} INFO - Processing /home/airflow/.local/lib/python3.7/site-packages/airflow/example_dags/tutorial_taskflow_api.py took 0.053 seconds
[2024-02-19T12:45:59.053+0000] {processor.py:153} INFO - Started process (PID=5288) to work on /home/airflow/.local/lib/python3.7/site-packages/airflow/example_dags/tutorial_taskflow_api.py
[2024-02-19T12:45:59.054+0000] {processor.py:743} INFO - Processing file /home/airflow/.local/lib/python3.7/site-packages/airflow/example_dags/tutorial_taskflow_api.py for tasks to queue
[2024-02-19T12:45:59.054+0000] {logging_mixin.py:137} INFO - [2024-02-19T12:45:59.054+0000] {dagbag.py:538} INFO - Filling up the DagBag from /home/airflow/.local/lib/python3.7/site-packages/airflow/example_dags/tutorial_taskflow_api.py
[2024-02-19T12:45:59.066+0000] {processor.py:753} INFO - DAG(s) dict_keys(['tutorial_taskflow_api']) retrieved from /home/airflow/.local/lib/python3.7/site-packages/airflow/example_dags/tutorial_taskflow_api.py
[2024-02-19T12:45:59.080+0000] {logging_mixin.py:137} INFO - [2024-02-19T12:45:59.080+0000] {dag.py:2690} INFO - Sync 1 DAGs
[2024-02-19T12:45:59.094+0000] {logging_mixin.py:137} INFO - [2024-02-19T12:45:59.093+0000] {dag.py:3441} INFO - Setting next_dagrun for tutorial_taskflow_api to None, run_after=None
[2024-02-19T12:45:59.104+0000] {processor.py:175} INFO - Processing /home/airflow/.local/lib/python3.7/site-packages/airflow/example_dags/tutorial_taskflow_api.py took 0.052 seconds
[2024-02-19T12:46:29.515+0000] {processor.py:153} INFO - Started process (PID=5400) to work on /home/airflow/.local/lib/python3.7/site-packages/airflow/example_dags/tutorial_taskflow_api.py
[2024-02-19T12:46:29.516+0000] {processor.py:743} INFO - Processing file /home/airflow/.local/lib/python3.7/site-packages/airflow/example_dags/tutorial_taskflow_api.py for tasks to queue
[2024-02-19T12:46:29.516+0000] {logging_mixin.py:137} INFO - [2024-02-19T12:46:29.516+0000] {dagbag.py:538} INFO - Filling up the DagBag from /home/airflow/.local/lib/python3.7/site-packages/airflow/example_dags/tutorial_taskflow_api.py
[2024-02-19T12:46:29.528+0000] {processor.py:753} INFO - DAG(s) dict_keys(['tutorial_taskflow_api']) retrieved from /home/airflow/.local/lib/python3.7/site-packages/airflow/example_dags/tutorial_taskflow_api.py
[2024-02-19T12:46:29.543+0000] {logging_mixin.py:137} INFO - [2024-02-19T12:46:29.542+0000] {dag.py:2690} INFO - Sync 1 DAGs
[2024-02-19T12:46:29.558+0000] {logging_mixin.py:137} INFO - [2024-02-19T12:46:29.557+0000] {dag.py:3441} INFO - Setting next_dagrun for tutorial_taskflow_api to None, run_after=None
[2024-02-19T12:46:29.569+0000] {processor.py:175} INFO - Processing /home/airflow/.local/lib/python3.7/site-packages/airflow/example_dags/tutorial_taskflow_api.py took 0.055 seconds
[2024-02-19T12:47:00.236+0000] {processor.py:153} INFO - Started process (PID=5526) to work on /home/airflow/.local/lib/python3.7/site-packages/airflow/example_dags/tutorial_taskflow_api.py
[2024-02-19T12:47:00.236+0000] {processor.py:743} INFO - Processing file /home/airflow/.local/lib/python3.7/site-packages/airflow/example_dags/tutorial_taskflow_api.py for tasks to queue
[2024-02-19T12:47:00.237+0000] {logging_mixin.py:137} INFO - [2024-02-19T12:47:00.237+0000] {dagbag.py:538} INFO - Filling up the DagBag from /home/airflow/.local/lib/python3.7/site-packages/airflow/example_dags/tutorial_taskflow_api.py
[2024-02-19T12:47:00.249+0000] {processor.py:753} INFO - DAG(s) dict_keys(['tutorial_taskflow_api']) retrieved from /home/airflow/.local/lib/python3.7/site-packages/airflow/example_dags/tutorial_taskflow_api.py
[2024-02-19T12:47:00.263+0000] {logging_mixin.py:137} INFO - [2024-02-19T12:47:00.263+0000] {dag.py:2690} INFO - Sync 1 DAGs
[2024-02-19T12:47:00.277+0000] {logging_mixin.py:137} INFO - [2024-02-19T12:47:00.277+0000] {dag.py:3441} INFO - Setting next_dagrun for tutorial_taskflow_api to None, run_after=None
[2024-02-19T12:47:00.288+0000] {processor.py:175} INFO - Processing /home/airflow/.local/lib/python3.7/site-packages/airflow/example_dags/tutorial_taskflow_api.py took 0.054 seconds
[2024-02-19T12:47:30.684+0000] {processor.py:153} INFO - Started process (PID=5661) to work on /home/airflow/.local/lib/python3.7/site-packages/airflow/example_dags/tutorial_taskflow_api.py
[2024-02-19T12:47:30.684+0000] {processor.py:743} INFO - Processing file /home/airflow/.local/lib/python3.7/site-packages/airflow/example_dags/tutorial_taskflow_api.py for tasks to queue
[2024-02-19T12:47:30.685+0000] {logging_mixin.py:137} INFO - [2024-02-19T12:47:30.685+0000] {dagbag.py:538} INFO - Filling up the DagBag from /home/airflow/.local/lib/python3.7/site-packages/airflow/example_dags/tutorial_taskflow_api.py
[2024-02-19T12:47:30.696+0000] {processor.py:753} INFO - DAG(s) dict_keys(['tutorial_taskflow_api']) retrieved from /home/airflow/.local/lib/python3.7/site-packages/airflow/example_dags/tutorial_taskflow_api.py
[2024-02-19T12:47:30.711+0000] {logging_mixin.py:137} INFO - [2024-02-19T12:47:30.710+0000] {dag.py:2690} INFO - Sync 1 DAGs
[2024-02-19T12:47:30.725+0000] {logging_mixin.py:137} INFO - [2024-02-19T12:47:30.725+0000] {dag.py:3441} INFO - Setting next_dagrun for tutorial_taskflow_api to None, run_after=None
[2024-02-19T12:47:30.735+0000] {processor.py:175} INFO - Processing /home/airflow/.local/lib/python3.7/site-packages/airflow/example_dags/tutorial_taskflow_api.py took 0.054 seconds
[2024-02-19T12:48:01.149+0000] {processor.py:153} INFO - Started process (PID=5773) to work on /home/airflow/.local/lib/python3.7/site-packages/airflow/example_dags/tutorial_taskflow_api.py
[2024-02-19T12:48:01.149+0000] {processor.py:743} INFO - Processing file /home/airflow/.local/lib/python3.7/site-packages/airflow/example_dags/tutorial_taskflow_api.py for tasks to queue
[2024-02-19T12:48:01.150+0000] {logging_mixin.py:137} INFO - [2024-02-19T12:48:01.150+0000] {dagbag.py:538} INFO - Filling up the DagBag from /home/airflow/.local/lib/python3.7/site-packages/airflow/example_dags/tutorial_taskflow_api.py
[2024-02-19T12:48:01.162+0000] {processor.py:753} INFO - DAG(s) dict_keys(['tutorial_taskflow_api']) retrieved from /home/airflow/.local/lib/python3.7/site-packages/airflow/example_dags/tutorial_taskflow_api.py
[2024-02-19T12:48:01.177+0000] {logging_mixin.py:137} INFO - [2024-02-19T12:48:01.176+0000] {dag.py:2690} INFO - Sync 1 DAGs
[2024-02-19T12:48:01.191+0000] {logging_mixin.py:137} INFO - [2024-02-19T12:48:01.191+0000] {dag.py:3441} INFO - Setting next_dagrun for tutorial_taskflow_api to None, run_after=None
[2024-02-19T12:48:01.202+0000] {processor.py:175} INFO - Processing /home/airflow/.local/lib/python3.7/site-packages/airflow/example_dags/tutorial_taskflow_api.py took 0.055 seconds
[2024-02-19T12:48:31.860+0000] {processor.py:153} INFO - Started process (PID=5899) to work on /home/airflow/.local/lib/python3.7/site-packages/airflow/example_dags/tutorial_taskflow_api.py
[2024-02-19T12:48:31.860+0000] {processor.py:743} INFO - Processing file /home/airflow/.local/lib/python3.7/site-packages/airflow/example_dags/tutorial_taskflow_api.py for tasks to queue
[2024-02-19T12:48:31.860+0000] {logging_mixin.py:137} INFO - [2024-02-19T12:48:31.860+0000] {dagbag.py:538} INFO - Filling up the DagBag from /home/airflow/.local/lib/python3.7/site-packages/airflow/example_dags/tutorial_taskflow_api.py
[2024-02-19T12:48:31.872+0000] {processor.py:753} INFO - DAG(s) dict_keys(['tutorial_taskflow_api']) retrieved from /home/airflow/.local/lib/python3.7/site-packages/airflow/example_dags/tutorial_taskflow_api.py
[2024-02-19T12:48:31.887+0000] {logging_mixin.py:137} INFO - [2024-02-19T12:48:31.887+0000] {dag.py:2690} INFO - Sync 1 DAGs
[2024-02-19T12:48:31.900+0000] {logging_mixin.py:137} INFO - [2024-02-19T12:48:31.900+0000] {dag.py:3441} INFO - Setting next_dagrun for tutorial_taskflow_api to None, run_after=None
[2024-02-19T12:48:31.911+0000] {processor.py:175} INFO - Processing /home/airflow/.local/lib/python3.7/site-packages/airflow/example_dags/tutorial_taskflow_api.py took 0.053 seconds
[2024-02-19T12:49:02.463+0000] {processor.py:153} INFO - Started process (PID=6034) to work on /home/airflow/.local/lib/python3.7/site-packages/airflow/example_dags/tutorial_taskflow_api.py
[2024-02-19T12:49:02.464+0000] {processor.py:743} INFO - Processing file /home/airflow/.local/lib/python3.7/site-packages/airflow/example_dags/tutorial_taskflow_api.py for tasks to queue
[2024-02-19T12:49:02.464+0000] {logging_mixin.py:137} INFO - [2024-02-19T12:49:02.464+0000] {dagbag.py:538} INFO - Filling up the DagBag from /home/airflow/.local/lib/python3.7/site-packages/airflow/example_dags/tutorial_taskflow_api.py
[2024-02-19T12:49:02.478+0000] {processor.py:753} INFO - DAG(s) dict_keys(['tutorial_taskflow_api']) retrieved from /home/airflow/.local/lib/python3.7/site-packages/airflow/example_dags/tutorial_taskflow_api.py
[2024-02-19T12:49:02.493+0000] {logging_mixin.py:137} INFO - [2024-02-19T12:49:02.493+0000] {dag.py:2690} INFO - Sync 1 DAGs
[2024-02-19T12:49:02.509+0000] {logging_mixin.py:137} INFO - [2024-02-19T12:49:02.508+0000] {dag.py:3441} INFO - Setting next_dagrun for tutorial_taskflow_api to None, run_after=None
[2024-02-19T12:49:02.520+0000] {processor.py:175} INFO - Processing /home/airflow/.local/lib/python3.7/site-packages/airflow/example_dags/tutorial_taskflow_api.py took 0.059 seconds
[2024-02-19T12:49:33.024+0000] {processor.py:153} INFO - Started process (PID=6146) to work on /home/airflow/.local/lib/python3.7/site-packages/airflow/example_dags/tutorial_taskflow_api.py
[2024-02-19T12:49:33.025+0000] {processor.py:743} INFO - Processing file /home/airflow/.local/lib/python3.7/site-packages/airflow/example_dags/tutorial_taskflow_api.py for tasks to queue
[2024-02-19T12:49:33.025+0000] {logging_mixin.py:137} INFO - [2024-02-19T12:49:33.025+0000] {dagbag.py:538} INFO - Filling up the DagBag from /home/airflow/.local/lib/python3.7/site-packages/airflow/example_dags/tutorial_taskflow_api.py
[2024-02-19T12:49:33.037+0000] {processor.py:753} INFO - DAG(s) dict_keys(['tutorial_taskflow_api']) retrieved from /home/airflow/.local/lib/python3.7/site-packages/airflow/example_dags/tutorial_taskflow_api.py
[2024-02-19T12:49:33.060+0000] {logging_mixin.py:137} INFO - [2024-02-19T12:49:33.060+0000] {dag.py:2690} INFO - Sync 1 DAGs
[2024-02-19T12:49:33.082+0000] {logging_mixin.py:137} INFO - [2024-02-19T12:49:33.082+0000] {dag.py:3441} INFO - Setting next_dagrun for tutorial_taskflow_api to None, run_after=None
[2024-02-19T12:49:33.110+0000] {processor.py:175} INFO - Processing /home/airflow/.local/lib/python3.7/site-packages/airflow/example_dags/tutorial_taskflow_api.py took 0.088 seconds
[2024-02-19T12:50:03.672+0000] {processor.py:153} INFO - Started process (PID=6272) to work on /home/airflow/.local/lib/python3.7/site-packages/airflow/example_dags/tutorial_taskflow_api.py
[2024-02-19T12:50:03.673+0000] {processor.py:743} INFO - Processing file /home/airflow/.local/lib/python3.7/site-packages/airflow/example_dags/tutorial_taskflow_api.py for tasks to queue
[2024-02-19T12:50:03.673+0000] {logging_mixin.py:137} INFO - [2024-02-19T12:50:03.673+0000] {dagbag.py:538} INFO - Filling up the DagBag from /home/airflow/.local/lib/python3.7/site-packages/airflow/example_dags/tutorial_taskflow_api.py
[2024-02-19T12:50:03.686+0000] {processor.py:753} INFO - DAG(s) dict_keys(['tutorial_taskflow_api']) retrieved from /home/airflow/.local/lib/python3.7/site-packages/airflow/example_dags/tutorial_taskflow_api.py
[2024-02-19T12:50:03.700+0000] {logging_mixin.py:137} INFO - [2024-02-19T12:50:03.700+0000] {dag.py:2690} INFO - Sync 1 DAGs
[2024-02-19T12:50:03.714+0000] {logging_mixin.py:137} INFO - [2024-02-19T12:50:03.714+0000] {dag.py:3441} INFO - Setting next_dagrun for tutorial_taskflow_api to None, run_after=None
[2024-02-19T12:50:03.726+0000] {processor.py:175} INFO - Processing /home/airflow/.local/lib/python3.7/site-packages/airflow/example_dags/tutorial_taskflow_api.py took 0.056 seconds
[2024-02-19T12:50:34.176+0000] {processor.py:153} INFO - Started process (PID=6407) to work on /home/airflow/.local/lib/python3.7/site-packages/airflow/example_dags/tutorial_taskflow_api.py
[2024-02-19T12:50:34.176+0000] {processor.py:743} INFO - Processing file /home/airflow/.local/lib/python3.7/site-packages/airflow/example_dags/tutorial_taskflow_api.py for tasks to queue
[2024-02-19T12:50:34.176+0000] {logging_mixin.py:137} INFO - [2024-02-19T12:50:34.176+0000] {dagbag.py:538} INFO - Filling up the DagBag from /home/airflow/.local/lib/python3.7/site-packages/airflow/example_dags/tutorial_taskflow_api.py
[2024-02-19T12:50:34.188+0000] {processor.py:753} INFO - DAG(s) dict_keys(['tutorial_taskflow_api']) retrieved from /home/airflow/.local/lib/python3.7/site-packages/airflow/example_dags/tutorial_taskflow_api.py
[2024-02-19T12:50:34.202+0000] {logging_mixin.py:137} INFO - [2024-02-19T12:50:34.202+0000] {dag.py:2690} INFO - Sync 1 DAGs
[2024-02-19T12:50:34.216+0000] {logging_mixin.py:137} INFO - [2024-02-19T12:50:34.216+0000] {dag.py:3441} INFO - Setting next_dagrun for tutorial_taskflow_api to None, run_after=None
[2024-02-19T12:50:34.227+0000] {processor.py:175} INFO - Processing /home/airflow/.local/lib/python3.7/site-packages/airflow/example_dags/tutorial_taskflow_api.py took 0.053 seconds
[2024-02-19T12:51:04.634+0000] {processor.py:153} INFO - Started process (PID=6509) to work on /home/airflow/.local/lib/python3.7/site-packages/airflow/example_dags/tutorial_taskflow_api.py
[2024-02-19T12:51:04.634+0000] {processor.py:743} INFO - Processing file /home/airflow/.local/lib/python3.7/site-packages/airflow/example_dags/tutorial_taskflow_api.py for tasks to queue
[2024-02-19T12:51:04.635+0000] {logging_mixin.py:137} INFO - [2024-02-19T12:51:04.635+0000] {dagbag.py:538} INFO - Filling up the DagBag from /home/airflow/.local/lib/python3.7/site-packages/airflow/example_dags/tutorial_taskflow_api.py
[2024-02-19T12:51:04.649+0000] {processor.py:753} INFO - DAG(s) dict_keys(['tutorial_taskflow_api']) retrieved from /home/airflow/.local/lib/python3.7/site-packages/airflow/example_dags/tutorial_taskflow_api.py
[2024-02-19T12:51:04.665+0000] {logging_mixin.py:137} INFO - [2024-02-19T12:51:04.665+0000] {dag.py:2690} INFO - Sync 1 DAGs
[2024-02-19T12:51:04.684+0000] {logging_mixin.py:137} INFO - [2024-02-19T12:51:04.683+0000] {dag.py:3441} INFO - Setting next_dagrun for tutorial_taskflow_api to None, run_after=None
[2024-02-19T12:51:04.698+0000] {processor.py:175} INFO - Processing /home/airflow/.local/lib/python3.7/site-packages/airflow/example_dags/tutorial_taskflow_api.py took 0.066 seconds
[2024-02-19T12:51:35.505+0000] {processor.py:153} INFO - Started process (PID=6644) to work on /home/airflow/.local/lib/python3.7/site-packages/airflow/example_dags/tutorial_taskflow_api.py
[2024-02-19T12:51:35.506+0000] {processor.py:743} INFO - Processing file /home/airflow/.local/lib/python3.7/site-packages/airflow/example_dags/tutorial_taskflow_api.py for tasks to queue
[2024-02-19T12:51:35.506+0000] {logging_mixin.py:137} INFO - [2024-02-19T12:51:35.506+0000] {dagbag.py:538} INFO - Filling up the DagBag from /home/airflow/.local/lib/python3.7/site-packages/airflow/example_dags/tutorial_taskflow_api.py
[2024-02-19T12:51:35.520+0000] {processor.py:753} INFO - DAG(s) dict_keys(['tutorial_taskflow_api']) retrieved from /home/airflow/.local/lib/python3.7/site-packages/airflow/example_dags/tutorial_taskflow_api.py
[2024-02-19T12:51:35.537+0000] {logging_mixin.py:137} INFO - [2024-02-19T12:51:35.537+0000] {dag.py:2690} INFO - Sync 1 DAGs
[2024-02-19T12:51:35.553+0000] {logging_mixin.py:137} INFO - [2024-02-19T12:51:35.553+0000] {dag.py:3441} INFO - Setting next_dagrun for tutorial_taskflow_api to None, run_after=None
[2024-02-19T12:51:35.565+0000] {processor.py:175} INFO - Processing /home/airflow/.local/lib/python3.7/site-packages/airflow/example_dags/tutorial_taskflow_api.py took 0.063 seconds
[2024-02-19T12:52:06.330+0000] {processor.py:153} INFO - Started process (PID=6779) to work on /home/airflow/.local/lib/python3.7/site-packages/airflow/example_dags/tutorial_taskflow_api.py
[2024-02-19T12:52:06.330+0000] {processor.py:743} INFO - Processing file /home/airflow/.local/lib/python3.7/site-packages/airflow/example_dags/tutorial_taskflow_api.py for tasks to queue
[2024-02-19T12:52:06.331+0000] {logging_mixin.py:137} INFO - [2024-02-19T12:52:06.331+0000] {dagbag.py:538} INFO - Filling up the DagBag from /home/airflow/.local/lib/python3.7/site-packages/airflow/example_dags/tutorial_taskflow_api.py
[2024-02-19T12:52:06.350+0000] {processor.py:753} INFO - DAG(s) dict_keys(['tutorial_taskflow_api']) retrieved from /home/airflow/.local/lib/python3.7/site-packages/airflow/example_dags/tutorial_taskflow_api.py
[2024-02-19T12:52:06.372+0000] {logging_mixin.py:137} INFO - [2024-02-19T12:52:06.372+0000] {dag.py:2690} INFO - Sync 1 DAGs
[2024-02-19T12:52:06.395+0000] {logging_mixin.py:137} INFO - [2024-02-19T12:52:06.395+0000] {dag.py:3441} INFO - Setting next_dagrun for tutorial_taskflow_api to None, run_after=None
[2024-02-19T12:52:06.412+0000] {processor.py:175} INFO - Processing /home/airflow/.local/lib/python3.7/site-packages/airflow/example_dags/tutorial_taskflow_api.py took 0.085 seconds
[2024-02-19T12:52:36.585+0000] {processor.py:153} INFO - Started process (PID=6882) to work on /home/airflow/.local/lib/python3.7/site-packages/airflow/example_dags/tutorial_taskflow_api.py
[2024-02-19T12:52:36.586+0000] {processor.py:743} INFO - Processing file /home/airflow/.local/lib/python3.7/site-packages/airflow/example_dags/tutorial_taskflow_api.py for tasks to queue
[2024-02-19T12:52:36.587+0000] {logging_mixin.py:137} INFO - [2024-02-19T12:52:36.586+0000] {dagbag.py:538} INFO - Filling up the DagBag from /home/airflow/.local/lib/python3.7/site-packages/airflow/example_dags/tutorial_taskflow_api.py
[2024-02-19T12:52:36.600+0000] {processor.py:753} INFO - DAG(s) dict_keys(['tutorial_taskflow_api']) retrieved from /home/airflow/.local/lib/python3.7/site-packages/airflow/example_dags/tutorial_taskflow_api.py
[2024-02-19T12:52:36.616+0000] {logging_mixin.py:137} INFO - [2024-02-19T12:52:36.616+0000] {dag.py:2690} INFO - Sync 1 DAGs
[2024-02-19T12:52:36.632+0000] {logging_mixin.py:137} INFO - [2024-02-19T12:52:36.632+0000] {dag.py:3441} INFO - Setting next_dagrun for tutorial_taskflow_api to None, run_after=None
[2024-02-19T12:52:36.644+0000] {processor.py:175} INFO - Processing /home/airflow/.local/lib/python3.7/site-packages/airflow/example_dags/tutorial_taskflow_api.py took 0.061 seconds
[2024-02-19T12:53:07.454+0000] {processor.py:153} INFO - Started process (PID=7017) to work on /home/airflow/.local/lib/python3.7/site-packages/airflow/example_dags/tutorial_taskflow_api.py
[2024-02-19T12:53:07.455+0000] {processor.py:743} INFO - Processing file /home/airflow/.local/lib/python3.7/site-packages/airflow/example_dags/tutorial_taskflow_api.py for tasks to queue
[2024-02-19T12:53:07.455+0000] {logging_mixin.py:137} INFO - [2024-02-19T12:53:07.455+0000] {dagbag.py:538} INFO - Filling up the DagBag from /home/airflow/.local/lib/python3.7/site-packages/airflow/example_dags/tutorial_taskflow_api.py
[2024-02-19T12:53:07.471+0000] {processor.py:753} INFO - DAG(s) dict_keys(['tutorial_taskflow_api']) retrieved from /home/airflow/.local/lib/python3.7/site-packages/airflow/example_dags/tutorial_taskflow_api.py
[2024-02-19T12:53:07.490+0000] {logging_mixin.py:137} INFO - [2024-02-19T12:53:07.490+0000] {dag.py:2690} INFO - Sync 1 DAGs
[2024-02-19T12:53:07.510+0000] {logging_mixin.py:137} INFO - [2024-02-19T12:53:07.510+0000] {dag.py:3441} INFO - Setting next_dagrun for tutorial_taskflow_api to None, run_after=None
[2024-02-19T12:53:07.526+0000] {processor.py:175} INFO - Processing /home/airflow/.local/lib/python3.7/site-packages/airflow/example_dags/tutorial_taskflow_api.py took 0.074 seconds
[2024-02-19T12:53:38.193+0000] {processor.py:153} INFO - Started process (PID=7128) to work on /home/airflow/.local/lib/python3.7/site-packages/airflow/example_dags/tutorial_taskflow_api.py
[2024-02-19T12:53:38.193+0000] {processor.py:743} INFO - Processing file /home/airflow/.local/lib/python3.7/site-packages/airflow/example_dags/tutorial_taskflow_api.py for tasks to queue
[2024-02-19T12:53:38.194+0000] {logging_mixin.py:137} INFO - [2024-02-19T12:53:38.194+0000] {dagbag.py:538} INFO - Filling up the DagBag from /home/airflow/.local/lib/python3.7/site-packages/airflow/example_dags/tutorial_taskflow_api.py
[2024-02-19T12:53:38.210+0000] {processor.py:753} INFO - DAG(s) dict_keys(['tutorial_taskflow_api']) retrieved from /home/airflow/.local/lib/python3.7/site-packages/airflow/example_dags/tutorial_taskflow_api.py
[2024-02-19T12:53:38.230+0000] {logging_mixin.py:137} INFO - [2024-02-19T12:53:38.230+0000] {dag.py:2690} INFO - Sync 1 DAGs
[2024-02-19T12:53:38.250+0000] {logging_mixin.py:137} INFO - [2024-02-19T12:53:38.250+0000] {dag.py:3441} INFO - Setting next_dagrun for tutorial_taskflow_api to None, run_after=None
[2024-02-19T12:53:38.265+0000] {processor.py:175} INFO - Processing /home/airflow/.local/lib/python3.7/site-packages/airflow/example_dags/tutorial_taskflow_api.py took 0.075 seconds
[2024-02-19T12:54:08.345+0000] {processor.py:153} INFO - Started process (PID=7256) to work on /home/airflow/.local/lib/python3.7/site-packages/airflow/example_dags/tutorial_taskflow_api.py
[2024-02-19T12:54:08.346+0000] {processor.py:743} INFO - Processing file /home/airflow/.local/lib/python3.7/site-packages/airflow/example_dags/tutorial_taskflow_api.py for tasks to queue
[2024-02-19T12:54:08.346+0000] {logging_mixin.py:137} INFO - [2024-02-19T12:54:08.346+0000] {dagbag.py:538} INFO - Filling up the DagBag from /home/airflow/.local/lib/python3.7/site-packages/airflow/example_dags/tutorial_taskflow_api.py
[2024-02-19T12:54:08.361+0000] {processor.py:753} INFO - DAG(s) dict_keys(['tutorial_taskflow_api']) retrieved from /home/airflow/.local/lib/python3.7/site-packages/airflow/example_dags/tutorial_taskflow_api.py
[2024-02-19T12:54:08.379+0000] {logging_mixin.py:137} INFO - [2024-02-19T12:54:08.379+0000] {dag.py:2690} INFO - Sync 1 DAGs
[2024-02-19T12:54:08.397+0000] {logging_mixin.py:137} INFO - [2024-02-19T12:54:08.397+0000] {dag.py:3441} INFO - Setting next_dagrun for tutorial_taskflow_api to None, run_after=None
[2024-02-19T12:54:08.411+0000] {processor.py:175} INFO - Processing /home/airflow/.local/lib/python3.7/site-packages/airflow/example_dags/tutorial_taskflow_api.py took 0.068 seconds
[2024-02-19T12:54:39.260+0000] {processor.py:153} INFO - Started process (PID=7391) to work on /home/airflow/.local/lib/python3.7/site-packages/airflow/example_dags/tutorial_taskflow_api.py
[2024-02-19T12:54:39.261+0000] {processor.py:743} INFO - Processing file /home/airflow/.local/lib/python3.7/site-packages/airflow/example_dags/tutorial_taskflow_api.py for tasks to queue
[2024-02-19T12:54:39.261+0000] {logging_mixin.py:137} INFO - [2024-02-19T12:54:39.261+0000] {dagbag.py:538} INFO - Filling up the DagBag from /home/airflow/.local/lib/python3.7/site-packages/airflow/example_dags/tutorial_taskflow_api.py
[2024-02-19T12:54:39.281+0000] {processor.py:753} INFO - DAG(s) dict_keys(['tutorial_taskflow_api']) retrieved from /home/airflow/.local/lib/python3.7/site-packages/airflow/example_dags/tutorial_taskflow_api.py
[2024-02-19T12:54:39.303+0000] {logging_mixin.py:137} INFO - [2024-02-19T12:54:39.303+0000] {dag.py:2690} INFO - Sync 1 DAGs
[2024-02-19T12:54:39.327+0000] {logging_mixin.py:137} INFO - [2024-02-19T12:54:39.327+0000] {dag.py:3441} INFO - Setting next_dagrun for tutorial_taskflow_api to None, run_after=None
[2024-02-19T12:54:39.346+0000] {processor.py:175} INFO - Processing /home/airflow/.local/lib/python3.7/site-packages/airflow/example_dags/tutorial_taskflow_api.py took 0.089 seconds
[2024-02-19T12:55:10.202+0000] {processor.py:153} INFO - Started process (PID=7494) to work on /home/airflow/.local/lib/python3.7/site-packages/airflow/example_dags/tutorial_taskflow_api.py
[2024-02-19T12:55:10.203+0000] {processor.py:743} INFO - Processing file /home/airflow/.local/lib/python3.7/site-packages/airflow/example_dags/tutorial_taskflow_api.py for tasks to queue
[2024-02-19T12:55:10.203+0000] {logging_mixin.py:137} INFO - [2024-02-19T12:55:10.203+0000] {dagbag.py:538} INFO - Filling up the DagBag from /home/airflow/.local/lib/python3.7/site-packages/airflow/example_dags/tutorial_taskflow_api.py
[2024-02-19T12:55:10.217+0000] {processor.py:753} INFO - DAG(s) dict_keys(['tutorial_taskflow_api']) retrieved from /home/airflow/.local/lib/python3.7/site-packages/airflow/example_dags/tutorial_taskflow_api.py
[2024-02-19T12:55:10.234+0000] {logging_mixin.py:137} INFO - [2024-02-19T12:55:10.234+0000] {dag.py:2690} INFO - Sync 1 DAGs
[2024-02-19T12:55:10.252+0000] {logging_mixin.py:137} INFO - [2024-02-19T12:55:10.252+0000] {dag.py:3441} INFO - Setting next_dagrun for tutorial_taskflow_api to None, run_after=None
[2024-02-19T12:55:10.265+0000] {processor.py:175} INFO - Processing /home/airflow/.local/lib/python3.7/site-packages/airflow/example_dags/tutorial_taskflow_api.py took 0.064 seconds
[2024-02-19T12:55:40.912+0000] {processor.py:153} INFO - Started process (PID=7629) to work on /home/airflow/.local/lib/python3.7/site-packages/airflow/example_dags/tutorial_taskflow_api.py
[2024-02-19T12:55:40.913+0000] {processor.py:743} INFO - Processing file /home/airflow/.local/lib/python3.7/site-packages/airflow/example_dags/tutorial_taskflow_api.py for tasks to queue
[2024-02-19T12:55:40.913+0000] {logging_mixin.py:137} INFO - [2024-02-19T12:55:40.913+0000] {dagbag.py:538} INFO - Filling up the DagBag from /home/airflow/.local/lib/python3.7/site-packages/airflow/example_dags/tutorial_taskflow_api.py
[2024-02-19T12:55:40.929+0000] {processor.py:753} INFO - DAG(s) dict_keys(['tutorial_taskflow_api']) retrieved from /home/airflow/.local/lib/python3.7/site-packages/airflow/example_dags/tutorial_taskflow_api.py
[2024-02-19T12:55:40.945+0000] {logging_mixin.py:137} INFO - [2024-02-19T12:55:40.945+0000] {dag.py:2690} INFO - Sync 1 DAGs
[2024-02-19T12:55:40.961+0000] {logging_mixin.py:137} INFO - [2024-02-19T12:55:40.961+0000] {dag.py:3441} INFO - Setting next_dagrun for tutorial_taskflow_api to None, run_after=None
[2024-02-19T12:55:40.973+0000] {processor.py:175} INFO - Processing /home/airflow/.local/lib/python3.7/site-packages/airflow/example_dags/tutorial_taskflow_api.py took 0.063 seconds
[2024-02-19T12:56:11.724+0000] {processor.py:153} INFO - Started process (PID=7764) to work on /home/airflow/.local/lib/python3.7/site-packages/airflow/example_dags/tutorial_taskflow_api.py
[2024-02-19T12:56:11.724+0000] {processor.py:743} INFO - Processing file /home/airflow/.local/lib/python3.7/site-packages/airflow/example_dags/tutorial_taskflow_api.py for tasks to queue
[2024-02-19T12:56:11.725+0000] {logging_mixin.py:137} INFO - [2024-02-19T12:56:11.725+0000] {dagbag.py:538} INFO - Filling up the DagBag from /home/airflow/.local/lib/python3.7/site-packages/airflow/example_dags/tutorial_taskflow_api.py
[2024-02-19T12:56:11.743+0000] {processor.py:753} INFO - DAG(s) dict_keys(['tutorial_taskflow_api']) retrieved from /home/airflow/.local/lib/python3.7/site-packages/airflow/example_dags/tutorial_taskflow_api.py
[2024-02-19T12:56:11.764+0000] {logging_mixin.py:137} INFO - [2024-02-19T12:56:11.764+0000] {dag.py:2690} INFO - Sync 1 DAGs
[2024-02-19T12:56:11.788+0000] {logging_mixin.py:137} INFO - [2024-02-19T12:56:11.788+0000] {dag.py:3441} INFO - Setting next_dagrun for tutorial_taskflow_api to None, run_after=None
[2024-02-19T12:56:11.807+0000] {processor.py:175} INFO - Processing /home/airflow/.local/lib/python3.7/site-packages/airflow/example_dags/tutorial_taskflow_api.py took 0.086 seconds
[2024-02-19T12:56:42.576+0000] {processor.py:153} INFO - Started process (PID=7867) to work on /home/airflow/.local/lib/python3.7/site-packages/airflow/example_dags/tutorial_taskflow_api.py
[2024-02-19T12:56:42.577+0000] {processor.py:743} INFO - Processing file /home/airflow/.local/lib/python3.7/site-packages/airflow/example_dags/tutorial_taskflow_api.py for tasks to queue
[2024-02-19T12:56:42.577+0000] {logging_mixin.py:137} INFO - [2024-02-19T12:56:42.577+0000] {dagbag.py:538} INFO - Filling up the DagBag from /home/airflow/.local/lib/python3.7/site-packages/airflow/example_dags/tutorial_taskflow_api.py
[2024-02-19T12:56:42.591+0000] {processor.py:753} INFO - DAG(s) dict_keys(['tutorial_taskflow_api']) retrieved from /home/airflow/.local/lib/python3.7/site-packages/airflow/example_dags/tutorial_taskflow_api.py
[2024-02-19T12:56:42.607+0000] {logging_mixin.py:137} INFO - [2024-02-19T12:56:42.607+0000] {dag.py:2690} INFO - Sync 1 DAGs
[2024-02-19T12:56:42.625+0000] {logging_mixin.py:137} INFO - [2024-02-19T12:56:42.625+0000] {dag.py:3441} INFO - Setting next_dagrun for tutorial_taskflow_api to None, run_after=None
[2024-02-19T12:56:42.638+0000] {processor.py:175} INFO - Processing /home/airflow/.local/lib/python3.7/site-packages/airflow/example_dags/tutorial_taskflow_api.py took 0.064 seconds
[2024-02-19T12:57:13.447+0000] {processor.py:153} INFO - Started process (PID=8002) to work on /home/airflow/.local/lib/python3.7/site-packages/airflow/example_dags/tutorial_taskflow_api.py
[2024-02-19T12:57:13.448+0000] {processor.py:743} INFO - Processing file /home/airflow/.local/lib/python3.7/site-packages/airflow/example_dags/tutorial_taskflow_api.py for tasks to queue
[2024-02-19T12:57:13.449+0000] {logging_mixin.py:137} INFO - [2024-02-19T12:57:13.449+0000] {dagbag.py:538} INFO - Filling up the DagBag from /home/airflow/.local/lib/python3.7/site-packages/airflow/example_dags/tutorial_taskflow_api.py
[2024-02-19T12:57:13.466+0000] {processor.py:753} INFO - DAG(s) dict_keys(['tutorial_taskflow_api']) retrieved from /home/airflow/.local/lib/python3.7/site-packages/airflow/example_dags/tutorial_taskflow_api.py
[2024-02-19T12:57:13.487+0000] {logging_mixin.py:137} INFO - [2024-02-19T12:57:13.487+0000] {dag.py:2690} INFO - Sync 1 DAGs
[2024-02-19T12:57:13.509+0000] {logging_mixin.py:137} INFO - [2024-02-19T12:57:13.509+0000] {dag.py:3441} INFO - Setting next_dagrun for tutorial_taskflow_api to None, run_after=None
[2024-02-19T12:57:13.527+0000] {processor.py:175} INFO - Processing /home/airflow/.local/lib/python3.7/site-packages/airflow/example_dags/tutorial_taskflow_api.py took 0.083 seconds
[2024-02-19T12:57:44.253+0000] {processor.py:153} INFO - Started process (PID=8112) to work on /home/airflow/.local/lib/python3.7/site-packages/airflow/example_dags/tutorial_taskflow_api.py
[2024-02-19T12:57:44.253+0000] {processor.py:743} INFO - Processing file /home/airflow/.local/lib/python3.7/site-packages/airflow/example_dags/tutorial_taskflow_api.py for tasks to queue
[2024-02-19T12:57:44.253+0000] {logging_mixin.py:137} INFO - [2024-02-19T12:57:44.253+0000] {dagbag.py:538} INFO - Filling up the DagBag from /home/airflow/.local/lib/python3.7/site-packages/airflow/example_dags/tutorial_taskflow_api.py
[2024-02-19T12:57:44.267+0000] {processor.py:753} INFO - DAG(s) dict_keys(['tutorial_taskflow_api']) retrieved from /home/airflow/.local/lib/python3.7/site-packages/airflow/example_dags/tutorial_taskflow_api.py
[2024-02-19T12:57:44.284+0000] {logging_mixin.py:137} INFO - [2024-02-19T12:57:44.283+0000] {dag.py:2690} INFO - Sync 1 DAGs
[2024-02-19T12:57:44.300+0000] {logging_mixin.py:137} INFO - [2024-02-19T12:57:44.300+0000] {dag.py:3441} INFO - Setting next_dagrun for tutorial_taskflow_api to None, run_after=None
[2024-02-19T12:57:44.314+0000] {processor.py:175} INFO - Processing /home/airflow/.local/lib/python3.7/site-packages/airflow/example_dags/tutorial_taskflow_api.py took 0.063 seconds
[2024-02-19T12:58:14.425+0000] {processor.py:153} INFO - Started process (PID=8239) to work on /home/airflow/.local/lib/python3.7/site-packages/airflow/example_dags/tutorial_taskflow_api.py
[2024-02-19T12:58:14.425+0000] {processor.py:743} INFO - Processing file /home/airflow/.local/lib/python3.7/site-packages/airflow/example_dags/tutorial_taskflow_api.py for tasks to queue
[2024-02-19T12:58:14.426+0000] {logging_mixin.py:137} INFO - [2024-02-19T12:58:14.425+0000] {dagbag.py:538} INFO - Filling up the DagBag from /home/airflow/.local/lib/python3.7/site-packages/airflow/example_dags/tutorial_taskflow_api.py
[2024-02-19T12:58:14.439+0000] {processor.py:753} INFO - DAG(s) dict_keys(['tutorial_taskflow_api']) retrieved from /home/airflow/.local/lib/python3.7/site-packages/airflow/example_dags/tutorial_taskflow_api.py
[2024-02-19T12:58:14.454+0000] {logging_mixin.py:137} INFO - [2024-02-19T12:58:14.454+0000] {dag.py:2690} INFO - Sync 1 DAGs
[2024-02-19T12:58:14.471+0000] {logging_mixin.py:137} INFO - [2024-02-19T12:58:14.471+0000] {dag.py:3441} INFO - Setting next_dagrun for tutorial_taskflow_api to None, run_after=None
[2024-02-19T12:58:14.483+0000] {processor.py:175} INFO - Processing /home/airflow/.local/lib/python3.7/site-packages/airflow/example_dags/tutorial_taskflow_api.py took 0.060 seconds
