[2024-03-04T14:12:48.223+0000] {taskinstance.py:1083} INFO - Dependencies all met for <TaskInstance: gera_dados_turbina.group_check_temp.check_temp_branc_task manual__2024-03-04T14:12:44.174823+00:00 [queued]>
[2024-03-04T14:12:48.228+0000] {taskinstance.py:1083} INFO - Dependencies all met for <TaskInstance: gera_dados_turbina.group_check_temp.check_temp_branc_task manual__2024-03-04T14:12:44.174823+00:00 [queued]>
[2024-03-04T14:12:48.228+0000] {taskinstance.py:1279} INFO - 
--------------------------------------------------------------------------------
[2024-03-04T14:12:48.228+0000] {taskinstance.py:1280} INFO - Starting attempt 1 of 1
[2024-03-04T14:12:48.228+0000] {taskinstance.py:1281} INFO - 
--------------------------------------------------------------------------------
[2024-03-04T14:12:48.236+0000] {taskinstance.py:1300} INFO - Executing <Task(BranchPythonOperator): group_check_temp.check_temp_branc_task> on 2024-03-04 14:12:44.174823+00:00
[2024-03-04T14:12:48.240+0000] {standard_task_runner.py:55} INFO - Started process 178 to run task
[2024-03-04T14:12:48.242+0000] {standard_task_runner.py:82} INFO - Running: ['***', 'tasks', 'run', 'gera_dados_turbina', 'group_check_temp.check_temp_branc_task', 'manual__2024-03-04T14:12:44.174823+00:00', '--job-id', '3289', '--raw', '--subdir', 'DAGS_FOLDER/pipeline.py', '--cfg-path', '/tmp/tmp5qbt7ra8']
[2024-03-04T14:12:48.243+0000] {standard_task_runner.py:83} INFO - Job 3289: Subtask group_check_temp.check_temp_branc_task
[2024-03-04T14:12:48.276+0000] {task_command.py:388} INFO - Running <TaskInstance: gera_dados_turbina.group_check_temp.check_temp_branc_task manual__2024-03-04T14:12:44.174823+00:00 [running]> on host 3d8af2e52043
[2024-03-04T14:12:48.314+0000] {taskinstance.py:1509} INFO - Exporting the following env vars:
AIRFLOW_CTX_DAG_EMAIL=adrianolima095@gmail.com
AIRFLOW_CTX_DAG_OWNER=***
AIRFLOW_CTX_DAG_ID=gera_dados_turbina
AIRFLOW_CTX_TASK_ID=group_check_temp.check_temp_branc_task
AIRFLOW_CTX_EXECUTION_DATE=2024-03-04T14:12:44.174823+00:00
AIRFLOW_CTX_TRY_NUMBER=1
AIRFLOW_CTX_DAG_RUN_ID=manual__2024-03-04T14:12:44.174823+00:00
[2024-03-04T14:12:48.320+0000] {python.py:177} INFO - Done. Returned value was: None
[2024-03-04T14:12:48.320+0000] {python.py:211} INFO - Branch callable return None
[2024-03-04T14:12:48.320+0000] {skipmixin.py:155} INFO - Following branch None
[2024-03-04T14:12:48.320+0000] {skipmixin.py:211} INFO - Skipping tasks ['group_check_temp.send_email_alert_task', 'group_check_temp.send_email_normal_Task']
[2024-03-04T14:12:48.337+0000] {taskinstance.py:1323} INFO - Marking task as SUCCESS. dag_id=gera_dados_turbina, task_id=group_check_temp.check_temp_branc_task, execution_date=20240304T141244, start_date=20240304T141248, end_date=20240304T141248
[2024-03-04T14:12:48.373+0000] {local_task_job.py:208} INFO - Task exited with return code 0
[2024-03-04T14:12:48.384+0000] {taskinstance.py:2578} INFO - 0 downstream tasks scheduled from follow-on schedule check
