[2024-03-04T17:47:33.369+0000] {taskinstance.py:1083} INFO - Dependencies all met for <TaskInstance: gera_dados_turbina.get_data_task scheduled__2024-03-04T17:46:00+00:00 [queued]>
[2024-03-04T17:47:33.376+0000] {taskinstance.py:1083} INFO - Dependencies all met for <TaskInstance: gera_dados_turbina.get_data_task scheduled__2024-03-04T17:46:00+00:00 [queued]>
[2024-03-04T17:47:33.376+0000] {taskinstance.py:1279} INFO - 
--------------------------------------------------------------------------------
[2024-03-04T17:47:33.376+0000] {taskinstance.py:1280} INFO - Starting attempt 1 of 2
[2024-03-04T17:47:33.376+0000] {taskinstance.py:1281} INFO - 
--------------------------------------------------------------------------------
[2024-03-04T17:47:33.385+0000] {taskinstance.py:1300} INFO - Executing <Task(PythonOperator): get_data_task> on 2024-03-04 17:46:00+00:00
[2024-03-04T17:47:33.389+0000] {standard_task_runner.py:55} INFO - Started process 1071 to run task
[2024-03-04T17:47:33.391+0000] {standard_task_runner.py:82} INFO - Running: ['***', 'tasks', 'run', 'gera_dados_turbina', 'get_data_task', 'scheduled__2024-03-04T17:46:00+00:00', '--job-id', '3382', '--raw', '--subdir', 'DAGS_FOLDER/pipeline.py', '--cfg-path', '/tmp/tmp5qlr2jh4']
[2024-03-04T17:47:33.392+0000] {standard_task_runner.py:83} INFO - Job 3382: Subtask get_data_task
[2024-03-04T17:47:33.429+0000] {task_command.py:388} INFO - Running <TaskInstance: gera_dados_turbina.get_data_task scheduled__2024-03-04T17:46:00+00:00 [running]> on host 06e5b3fc014c
[2024-03-04T17:47:33.470+0000] {taskinstance.py:1509} INFO - Exporting the following env vars:
AIRFLOW_CTX_DAG_EMAIL=adrianolima095@gmail.com
AIRFLOW_CTX_DAG_OWNER=***
AIRFLOW_CTX_DAG_ID=gera_dados_turbina
AIRFLOW_CTX_TASK_ID=get_data_task
AIRFLOW_CTX_EXECUTION_DATE=2024-03-04T17:46:00+00:00
AIRFLOW_CTX_TRY_NUMBER=1
AIRFLOW_CTX_DAG_RUN_ID=scheduled__2024-03-04T17:46:00+00:00
[2024-03-04T17:47:33.506+0000] {python.py:177} INFO - Done. Returned value was: None
[2024-03-04T17:47:33.510+0000] {taskinstance.py:1323} INFO - Marking task as SUCCESS. dag_id=gera_dados_turbina, task_id=get_data_task, execution_date=20240304T174600, start_date=20240304T174733, end_date=20240304T174733
[2024-03-04T17:47:33.523+0000] {local_task_job.py:208} INFO - Task exited with return code 0
[2024-03-04T17:47:33.541+0000] {taskinstance.py:2578} INFO - 3 downstream tasks scheduled from follow-on schedule check
