[2024-02-20T13:59:14.634+0000] {taskinstance.py:1083} INFO - Dependencies all met for <TaskInstance: dagrundag2.tsk1 manual__2024-02-20T13:59:13.541917+00:00 [queued]>
[2024-02-20T13:59:14.640+0000] {taskinstance.py:1083} INFO - Dependencies all met for <TaskInstance: dagrundag2.tsk1 manual__2024-02-20T13:59:13.541917+00:00 [queued]>
[2024-02-20T13:59:14.641+0000] {taskinstance.py:1279} INFO - 
--------------------------------------------------------------------------------
[2024-02-20T13:59:14.641+0000] {taskinstance.py:1280} INFO - Starting attempt 1 of 1
[2024-02-20T13:59:14.641+0000] {taskinstance.py:1281} INFO - 
--------------------------------------------------------------------------------
[2024-02-20T13:59:14.649+0000] {taskinstance.py:1300} INFO - Executing <Task(BashOperator): tsk1> on 2024-02-20 13:59:13.541917+00:00
[2024-02-20T13:59:14.652+0000] {standard_task_runner.py:55} INFO - Started process 205 to run task
[2024-02-20T13:59:14.653+0000] {standard_task_runner.py:82} INFO - Running: ['***', 'tasks', 'run', 'dagrundag2', 'tsk1', 'manual__2024-02-20T13:59:13.541917+00:00', '--job-id', '121', '--raw', '--subdir', 'DAGS_FOLDER/dagrundag2.py', '--cfg-path', '/tmp/tmpe_bns8xs']
[2024-02-20T13:59:14.653+0000] {standard_task_runner.py:83} INFO - Job 121: Subtask tsk1
[2024-02-20T13:59:14.686+0000] {task_command.py:388} INFO - Running <TaskInstance: dagrundag2.tsk1 manual__2024-02-20T13:59:13.541917+00:00 [running]> on host feb6dad20195
[2024-02-20T13:59:14.724+0000] {taskinstance.py:1509} INFO - Exporting the following env vars:
AIRFLOW_CTX_DAG_OWNER=***
AIRFLOW_CTX_DAG_ID=dagrundag2
AIRFLOW_CTX_TASK_ID=tsk1
AIRFLOW_CTX_EXECUTION_DATE=2024-02-20T13:59:13.541917+00:00
AIRFLOW_CTX_TRY_NUMBER=1
AIRFLOW_CTX_DAG_RUN_ID=manual__2024-02-20T13:59:13.541917+00:00
[2024-02-20T13:59:14.725+0000] {subprocess.py:63} INFO - Tmp dir root location: 
 /tmp
[2024-02-20T13:59:14.725+0000] {subprocess.py:75} INFO - Running command: ['/bin/bash', '-c', 'sleep 5']
[2024-02-20T13:59:14.730+0000] {subprocess.py:86} INFO - Output:
[2024-02-20T13:59:19.732+0000] {subprocess.py:97} INFO - Command exited with return code 0
[2024-02-20T13:59:19.750+0000] {taskinstance.py:1323} INFO - Marking task as SUCCESS. dag_id=dagrundag2, task_id=tsk1, execution_date=20240220T135913, start_date=20240220T135914, end_date=20240220T135919
[2024-02-20T13:59:19.796+0000] {local_task_job.py:208} INFO - Task exited with return code 0
[2024-02-20T13:59:19.811+0000] {taskinstance.py:2578} INFO - 1 downstream tasks scheduled from follow-on schedule check
