[2024-03-04T17:49:04.261+0000] {taskinstance.py:1083} INFO - Dependencies all met for <TaskInstance: gera_dados_turbina.group_database.insert_data_task scheduled__2024-03-04T17:48:00+00:00 [queued]>
[2024-03-04T17:49:04.271+0000] {taskinstance.py:1083} INFO - Dependencies all met for <TaskInstance: gera_dados_turbina.group_database.insert_data_task scheduled__2024-03-04T17:48:00+00:00 [queued]>
[2024-03-04T17:49:04.272+0000] {taskinstance.py:1279} INFO - 
--------------------------------------------------------------------------------
[2024-03-04T17:49:04.272+0000] {taskinstance.py:1280} INFO - Starting attempt 1 of 2
[2024-03-04T17:49:04.272+0000] {taskinstance.py:1281} INFO - 
--------------------------------------------------------------------------------
[2024-03-04T17:49:04.290+0000] {taskinstance.py:1300} INFO - Executing <Task(PostgresOperator): group_database.insert_data_task> on 2024-03-04 17:48:00+00:00
[2024-03-04T17:49:04.295+0000] {standard_task_runner.py:55} INFO - Started process 232 to run task
[2024-03-04T17:49:04.299+0000] {standard_task_runner.py:82} INFO - Running: ['***', 'tasks', 'run', 'gera_dados_turbina', 'group_database.insert_data_task', 'scheduled__2024-03-04T17:48:00+00:00', '--job-id', '3406', '--raw', '--subdir', 'DAGS_FOLDER/pipeline.py', '--cfg-path', '/tmp/tmpmh74low5']
[2024-03-04T17:49:04.301+0000] {standard_task_runner.py:83} INFO - Job 3406: Subtask group_database.insert_data_task
[2024-03-04T17:49:04.405+0000] {task_command.py:388} INFO - Running <TaskInstance: gera_dados_turbina.group_database.insert_data_task scheduled__2024-03-04T17:48:00+00:00 [running]> on host f002d2097047
[2024-03-04T17:49:04.474+0000] {taskinstance.py:1509} INFO - Exporting the following env vars:
AIRFLOW_CTX_DAG_EMAIL=adrianolima095@gmail.com
AIRFLOW_CTX_DAG_OWNER=***
AIRFLOW_CTX_DAG_ID=gera_dados_turbina
AIRFLOW_CTX_TASK_ID=group_database.insert_data_task
AIRFLOW_CTX_EXECUTION_DATE=2024-03-04T17:48:00+00:00
AIRFLOW_CTX_TRY_NUMBER=1
AIRFLOW_CTX_DAG_RUN_ID=scheduled__2024-03-04T17:48:00+00:00
[2024-03-04T17:49:04.474+0000] {sql.py:254} INFO - Executing: INSERT INTO sensors (  idtemp 
                                                                  , powerfactor
                                                                  , hydraulicpressure
                                                                  , temperature
                                                                  , timestamp
                                                                  )
                                                          VALUES (  %s
                                                                  , %s
                                                                  , %s
                                                                  , %s
                                                                  , %s
                                                                  ); 
                                          
[2024-03-04T17:49:04.480+0000] {base.py:73} INFO - Using connection ID 'postgres' for task execution.
[2024-03-04T17:49:04.669+0000] {base.py:73} INFO - Using connection ID 'postgres' for task execution.
[2024-03-04T17:49:04.673+0000] {sql.py:375} INFO - Running statement: INSERT INTO sensors (  idtemp 
                                                                  , powerfactor
                                                                  , hydraulicpressure
                                                                  , temperature
                                                                  , timestamp
                                                                  )
                                                          VALUES (  %s
                                                                  , %s
                                                                  , %s
                                                                  , %s
                                                                  , %s
                                                                  ); 
                                          , parameters: ('{{ ti.xcom_pull(task_ids="get_data_task",key="idtemp") }}', '{{ ti.xcom_pull(task_ids="get_data_task",key="powerfactor") }}', '{{ ti.xcom_pull(task_ids="get_data_task",key="hydraulicpressure") }}', '{{ ti.xcom_pull(task_ids="get_data_task",key="temperature") }}', '{{ ti.xcom_pull(task_ids="get_data_task",key="timestamp") }}')
[2024-03-04T17:49:04.673+0000] {sql.py:384} INFO - Rows affected: 1
[2024-03-04T17:49:04.683+0000] {taskinstance.py:1323} INFO - Marking task as SUCCESS. dag_id=gera_dados_turbina, task_id=group_database.insert_data_task, execution_date=20240304T174800, start_date=20240304T174904, end_date=20240304T174904
[2024-03-04T17:49:04.711+0000] {local_task_job.py:208} INFO - Task exited with return code 0
[2024-03-04T17:49:04.727+0000] {taskinstance.py:2578} INFO - 0 downstream tasks scheduled from follow-on schedule check
