[2024-02-20T13:05:50.538+0000] {taskinstance.py:1083} INFO - Dependencies all met for <TaskInstance: dagcomplexa.tsk3 manual__2024-02-20T13:05:49.734724+00:00 [queued]>
[2024-02-20T13:05:50.543+0000] {taskinstance.py:1083} INFO - Dependencies all met for <TaskInstance: dagcomplexa.tsk3 manual__2024-02-20T13:05:49.734724+00:00 [queued]>
[2024-02-20T13:05:50.543+0000] {taskinstance.py:1279} INFO - 
--------------------------------------------------------------------------------
[2024-02-20T13:05:50.543+0000] {taskinstance.py:1280} INFO - Starting attempt 1 of 1
[2024-02-20T13:05:50.543+0000] {taskinstance.py:1281} INFO - 
--------------------------------------------------------------------------------
[2024-02-20T13:05:50.551+0000] {taskinstance.py:1300} INFO - Executing <Task(BashOperator): tsk3> on 2024-02-20 13:05:49.734724+00:00
[2024-02-20T13:05:50.554+0000] {standard_task_runner.py:55} INFO - Started process 169 to run task
[2024-02-20T13:05:50.556+0000] {standard_task_runner.py:82} INFO - Running: ['***', 'tasks', 'run', 'dagcomplexa', 'tsk3', 'manual__2024-02-20T13:05:49.734724+00:00', '--job-id', '97', '--raw', '--subdir', 'DAGS_FOLDER/dagcomplexa.py', '--cfg-path', '/tmp/tmpmds8wt1n']
[2024-02-20T13:05:50.556+0000] {standard_task_runner.py:83} INFO - Job 97: Subtask tsk3
[2024-02-20T13:05:50.588+0000] {task_command.py:388} INFO - Running <TaskInstance: dagcomplexa.tsk3 manual__2024-02-20T13:05:49.734724+00:00 [running]> on host 8aa4196d52c5
[2024-02-20T13:05:50.626+0000] {taskinstance.py:1509} INFO - Exporting the following env vars:
AIRFLOW_CTX_DAG_OWNER=***
AIRFLOW_CTX_DAG_ID=dagcomplexa
AIRFLOW_CTX_TASK_ID=tsk3
AIRFLOW_CTX_EXECUTION_DATE=2024-02-20T13:05:49.734724+00:00
AIRFLOW_CTX_TRY_NUMBER=1
AIRFLOW_CTX_DAG_RUN_ID=manual__2024-02-20T13:05:49.734724+00:00
[2024-02-20T13:05:50.626+0000] {subprocess.py:63} INFO - Tmp dir root location: 
 /tmp
[2024-02-20T13:05:50.627+0000] {subprocess.py:75} INFO - Running command: ['/bin/bash', '-c', 'sleep 5']
[2024-02-20T13:05:50.632+0000] {subprocess.py:86} INFO - Output:
[2024-02-20T13:05:55.634+0000] {subprocess.py:97} INFO - Command exited with return code 0
[2024-02-20T13:05:55.654+0000] {taskinstance.py:1323} INFO - Marking task as SUCCESS. dag_id=dagcomplexa, task_id=tsk3, execution_date=20240220T130549, start_date=20240220T130550, end_date=20240220T130555
[2024-02-20T13:05:55.689+0000] {local_task_job.py:208} INFO - Task exited with return code 0
[2024-02-20T13:05:55.705+0000] {taskinstance.py:2578} INFO - 1 downstream tasks scheduled from follow-on schedule check
