[2024-02-20T13:06:14.927+0000] {taskinstance.py:1083} INFO - Dependencies all met for <TaskInstance: dagcomplexa.tsk8 manual__2024-02-20T13:05:49.734724+00:00 [queued]>
[2024-02-20T13:06:14.932+0000] {taskinstance.py:1083} INFO - Dependencies all met for <TaskInstance: dagcomplexa.tsk8 manual__2024-02-20T13:05:49.734724+00:00 [queued]>
[2024-02-20T13:06:14.932+0000] {taskinstance.py:1279} INFO - 
--------------------------------------------------------------------------------
[2024-02-20T13:06:14.933+0000] {taskinstance.py:1280} INFO - Starting attempt 1 of 1
[2024-02-20T13:06:14.933+0000] {taskinstance.py:1281} INFO - 
--------------------------------------------------------------------------------
[2024-02-20T13:06:14.940+0000] {taskinstance.py:1300} INFO - Executing <Task(BashOperator): tsk8> on 2024-02-20 13:05:49.734724+00:00
[2024-02-20T13:06:14.943+0000] {standard_task_runner.py:55} INFO - Started process 252 to run task
[2024-02-20T13:06:14.944+0000] {standard_task_runner.py:82} INFO - Running: ['***', 'tasks', 'run', 'dagcomplexa', 'tsk8', 'manual__2024-02-20T13:05:49.734724+00:00', '--job-id', '104', '--raw', '--subdir', 'DAGS_FOLDER/dagcomplexa.py', '--cfg-path', '/tmp/tmpk9kjb36k']
[2024-02-20T13:06:14.945+0000] {standard_task_runner.py:83} INFO - Job 104: Subtask tsk8
[2024-02-20T13:06:14.975+0000] {task_command.py:388} INFO - Running <TaskInstance: dagcomplexa.tsk8 manual__2024-02-20T13:05:49.734724+00:00 [running]> on host 8aa4196d52c5
[2024-02-20T13:06:15.012+0000] {taskinstance.py:1509} INFO - Exporting the following env vars:
AIRFLOW_CTX_DAG_OWNER=***
AIRFLOW_CTX_DAG_ID=dagcomplexa
AIRFLOW_CTX_TASK_ID=tsk8
AIRFLOW_CTX_EXECUTION_DATE=2024-02-20T13:05:49.734724+00:00
AIRFLOW_CTX_TRY_NUMBER=1
AIRFLOW_CTX_DAG_RUN_ID=manual__2024-02-20T13:05:49.734724+00:00
[2024-02-20T13:06:15.013+0000] {subprocess.py:63} INFO - Tmp dir root location: 
 /tmp
[2024-02-20T13:06:15.013+0000] {subprocess.py:75} INFO - Running command: ['/bin/bash', '-c', 'sleep 5']
[2024-02-20T13:06:15.019+0000] {subprocess.py:86} INFO - Output:
[2024-02-20T13:06:20.021+0000] {subprocess.py:97} INFO - Command exited with return code 0
[2024-02-20T13:06:20.037+0000] {taskinstance.py:1323} INFO - Marking task as SUCCESS. dag_id=dagcomplexa, task_id=tsk8, execution_date=20240220T130549, start_date=20240220T130614, end_date=20240220T130620
[2024-02-20T13:06:20.084+0000] {local_task_job.py:208} INFO - Task exited with return code 0
[2024-02-20T13:06:20.097+0000] {taskinstance.py:2578} INFO - 0 downstream tasks scheduled from follow-on schedule check
