[2024-03-04T17:52:00.586+0000] {taskinstance.py:1083} INFO - Dependencies all met for <TaskInstance: gera_dados_turbina.task_generates_data scheduled__2024-03-04T17:51:00+00:00 [queued]>
[2024-03-04T17:52:00.592+0000] {taskinstance.py:1083} INFO - Dependencies all met for <TaskInstance: gera_dados_turbina.task_generates_data scheduled__2024-03-04T17:51:00+00:00 [queued]>
[2024-03-04T17:52:00.592+0000] {taskinstance.py:1279} INFO - 
--------------------------------------------------------------------------------
[2024-03-04T17:52:00.592+0000] {taskinstance.py:1280} INFO - Starting attempt 1 of 2
[2024-03-04T17:52:00.592+0000] {taskinstance.py:1281} INFO - 
--------------------------------------------------------------------------------
[2024-03-04T17:52:00.600+0000] {taskinstance.py:1300} INFO - Executing <Task(PythonOperator): task_generates_data> on 2024-03-04 17:51:00+00:00
[2024-03-04T17:52:00.605+0000] {standard_task_runner.py:55} INFO - Started process 787 to run task
[2024-03-04T17:52:00.606+0000] {standard_task_runner.py:82} INFO - Running: ['***', 'tasks', 'run', 'gera_dados_turbina', 'task_generates_data', 'scheduled__2024-03-04T17:51:00+00:00', '--job-id', '3424', '--raw', '--subdir', 'DAGS_FOLDER/pipeline.py', '--cfg-path', '/tmp/tmp8bdp9czf']
[2024-03-04T17:52:00.607+0000] {standard_task_runner.py:83} INFO - Job 3424: Subtask task_generates_data
[2024-03-04T17:52:00.645+0000] {task_command.py:388} INFO - Running <TaskInstance: gera_dados_turbina.task_generates_data scheduled__2024-03-04T17:51:00+00:00 [running]> on host f002d2097047
[2024-03-04T17:52:00.685+0000] {taskinstance.py:1509} INFO - Exporting the following env vars:
AIRFLOW_CTX_DAG_EMAIL=adrianolima095@gmail.com
AIRFLOW_CTX_DAG_OWNER=***
AIRFLOW_CTX_DAG_ID=gera_dados_turbina
AIRFLOW_CTX_TASK_ID=task_generates_data
AIRFLOW_CTX_EXECUTION_DATE=2024-03-04T17:51:00+00:00
AIRFLOW_CTX_TRY_NUMBER=1
AIRFLOW_CTX_DAG_RUN_ID=scheduled__2024-03-04T17:51:00+00:00
[2024-03-04T17:52:00.686+0000] {python.py:177} INFO - Done. Returned value was: None
[2024-03-04T17:52:00.691+0000] {taskinstance.py:1323} INFO - Marking task as SUCCESS. dag_id=gera_dados_turbina, task_id=task_generates_data, execution_date=20240304T175100, start_date=20240304T175200, end_date=20240304T175200
[2024-03-04T17:52:00.739+0000] {local_task_job.py:208} INFO - Task exited with return code 0
[2024-03-04T17:52:00.757+0000] {taskinstance.py:2578} INFO - 1 downstream tasks scheduled from follow-on schedule check
